ARM GAS  C:\Users\Petro\AppData\Local\Temp\ccnhjSth.s 			page 1


   1              		.cpu cortex-m0
   2              		.fpu softvfp
   3              		.eabi_attribute 20, 1
   4              		.eabi_attribute 21, 1
   5              		.eabi_attribute 23, 3
   6              		.eabi_attribute 24, 1
   7              		.eabi_attribute 25, 1
   8              		.eabi_attribute 26, 1
   9              		.eabi_attribute 30, 1
  10              		.eabi_attribute 34, 0
  11              		.eabi_attribute 18, 4
  12              		.code	16
  13              		.file	"main.c"
  14              		.text
  15              	.Ltext0:
  16              		.cfi_sections	.debug_frame
  17              		.section	.text.startHandler,"ax",%progbits
  18              		.align	2
  19              		.global	startHandler
  20              		.code	16
  21              		.thumb_func
  22              		.type	startHandler, %function
  23              	startHandler:
  24              	.LFB34:
  25              		.file 1 ".\\main.c"
   1:.\main.c      **** #include <project.h>
   2:.\main.c      **** #include <stdio.h>      //include for sprintf
   3:.\main.c      **** #define MAXSKIER 9     //max number skier
   4:.\main.c      **** 
   5:.\main.c      **** void led_indication(void);
   6:.\main.c      **** void display_indication(void);
   7:.\main.c      **** 
   8:.\main.c      **** typedef enum {false, true} bool;
   9:.\main.c      **** bool startPress = false,cancelPress = false;    //flags for press button
  10:.\main.c      **** uint32_t skier = 0;      //number sportsmen in distance
  11:.\main.c      **** char finish_time[13] = "00.00.00.000";   //hh.mm.ss.uuu\0
  12:.\main.c      **** 
  13:.\main.c      **** 
  14:.\main.c      **** CY_ISR(startHandler)        //interrupt for start button
  15:.\main.c      **** {
  26              		.loc 1 15 0
  27              		.cfi_startproc
  28 0000 10B5     		push	{r4, lr}
  29              		.cfi_def_cfa_offset 8
  30              		.cfi_offset 4, -8
  31              		.cfi_offset 14, -4
  16:.\main.c      ****     if(skier < MAXSKIER){
  32              		.loc 1 16 0
  33 0002 0B4B     		ldr	r3, .L3
  34 0004 1B68     		ldr	r3, [r3]
  35 0006 082B     		cmp	r3, #8
  36 0008 0CD8     		bhi	.L2
  17:.\main.c      ****         skier++;
  37              		.loc 1 17 0
  38 000a 094C     		ldr	r4, .L3
  39 000c 0133     		add	r3, r3, #1
  40 000e 2360     		str	r3, [r4]
ARM GAS  C:\Users\Petro\AppData\Local\Temp\ccnhjSth.s 			page 2


  18:.\main.c      ****         xbee_PutChar('s');      //simbol start
  41              		.loc 1 18 0
  42 0010 7320     		mov	r0, #115
  43 0012 FFF7FEFF 		bl	xbee_PutChar
  44              	.LVL0:
  19:.\main.c      ****         xbee_PutChar(skier+'0');  //number sportsmen   
  45              		.loc 1 19 0
  46 0016 2068     		ldr	r0, [r4]
  47 0018 3030     		add	r0, r0, #48
  48 001a C0B2     		uxtb	r0, r0
  49 001c FFF7FEFF 		bl	xbee_PutChar
  50              	.LVL1:
  20:.\main.c      ****         //test---
  21:.\main.c      ****         //wired_Write(1);
  22:.\main.c      ****         //CyDelay(1);
  23:.\main.c      ****         //wired_Write(0);
  24:.\main.c      ****         //test---
  25:.\main.c      ****         startPress = true;
  51              		.loc 1 25 0
  52 0020 0123     		mov	r3, #1
  53 0022 2371     		strb	r3, [r4, #4]
  54              	.L2:
  26:.\main.c      ****     }
  27:.\main.c      ****     CyDelay(10);
  55              		.loc 1 27 0
  56 0024 0A20     		mov	r0, #10
  57 0026 FFF7FEFF 		bl	CyDelay
  58              	.LVL2:
  28:.\main.c      ****     start_ClearInterrupt(); 
  59              		.loc 1 28 0
  60 002a FFF7FEFF 		bl	start_ClearInterrupt
  61              	.LVL3:
  29:.\main.c      **** }
  62              		.loc 1 29 0
  63              		@ sp needed
  64 002e 10BD     		pop	{r4, pc}
  65              	.L4:
  66              		.align	2
  67              	.L3:
  68 0030 00000000 		.word	.LANCHOR0
  69              		.cfi_endproc
  70              	.LFE34:
  71              		.size	startHandler, .-startHandler
  72              		.section	.text.dataHandler,"ax",%progbits
  73              		.align	2
  74              		.global	dataHandler
  75              		.code	16
  76              		.thumb_func
  77              		.type	dataHandler, %function
  78              	dataHandler:
  79              	.LFB35:
  30:.\main.c      **** 
  31:.\main.c      **** CY_ISR(dataHandler)     //incoming data
  32:.\main.c      **** {
  80              		.loc 1 32 0
  81              		.cfi_startproc
  82 0000 10B5     		push	{r4, lr}
ARM GAS  C:\Users\Petro\AppData\Local\Temp\ccnhjSth.s 			page 3


  83              		.cfi_def_cfa_offset 8
  84              		.cfi_offset 4, -8
  85              		.cfi_offset 14, -4
  33:.\main.c      ****     char c;
  34:.\main.c      ****     static int i = 0;
  35:.\main.c      ****     
  36:.\main.c      ****     c = xbee_GetChar();
  86              		.loc 1 36 0
  87 0002 FFF7FEFF 		bl	xbee_GetChar
  88              	.LVL4:
  89 0006 021C     		mov	r2, r0
  90              	.LVL5:
  37:.\main.c      ****     if((c>='0' && c<='9') || c==':') finish_time[i++] = c;        
  91              		.loc 1 37 0
  92 0008 031C     		mov	r3, r0
  93 000a 303B     		sub	r3, r3, #48
  94 000c DBB2     		uxtb	r3, r3
  95 000e 0A2B     		cmp	r3, #10
  96 0010 05D8     		bhi	.L6
  97              		.loc 1 37 0 is_stmt 0 discriminator 1
  98 0012 0649     		ldr	r1, .L8
  99 0014 8B68     		ldr	r3, [r1, #8]
 100 0016 5C1C     		add	r4, r3, #1
 101 0018 8C60     		str	r4, [r1, #8]
 102 001a 0549     		ldr	r1, .L8+4
 103 001c C854     		strb	r0, [r1, r3]
 104              	.L6:
  38:.\main.c      ****     if(c == '\n')i=0;
 105              		.loc 1 38 0 is_stmt 1
 106 001e 0A2A     		cmp	r2, #10
 107 0020 02D1     		bne	.L5
 108              		.loc 1 38 0 is_stmt 0 discriminator 1
 109 0022 0022     		mov	r2, #0
 110 0024 014B     		ldr	r3, .L8
 111 0026 9A60     		str	r2, [r3, #8]
 112              	.L5:
  39:.\main.c      **** }
 113              		.loc 1 39 0 is_stmt 1
 114              		@ sp needed
 115 0028 10BD     		pop	{r4, pc}
 116              	.L9:
 117 002a C046     		.align	2
 118              	.L8:
 119 002c 00000000 		.word	.LANCHOR0
 120 0030 00000000 		.word	.LANCHOR1
 121              		.cfi_endproc
 122              	.LFE35:
 123              		.size	dataHandler, .-dataHandler
 124              		.section	.text.cancelHandler,"ax",%progbits
 125              		.align	2
 126              		.global	cancelHandler
 127              		.code	16
 128              		.thumb_func
 129              		.type	cancelHandler, %function
 130              	cancelHandler:
 131              	.LFB36:
  40:.\main.c      **** 
ARM GAS  C:\Users\Petro\AppData\Local\Temp\ccnhjSth.s 			page 4


  41:.\main.c      **** CY_ISR(cancelHandler)       //interrupt for cancel button
  42:.\main.c      **** {
 132              		.loc 1 42 0
 133              		.cfi_startproc
 134 0000 10B5     		push	{r4, lr}
 135              		.cfi_def_cfa_offset 8
 136              		.cfi_offset 4, -8
 137              		.cfi_offset 14, -4
  43:.\main.c      ****     if(skier){
 138              		.loc 1 43 0
 139 0002 0C4B     		ldr	r3, .L12
 140 0004 1B68     		ldr	r3, [r3]
 141 0006 002B     		cmp	r3, #0
 142 0008 0DD0     		beq	.L11
  44:.\main.c      ****         xbee_PutString("c");      //simbol cancel
 143              		.loc 1 44 0
 144 000a 0B48     		ldr	r0, .L12+4
 145 000c FFF7FEFF 		bl	xbee_PutString
 146              	.LVL6:
  45:.\main.c      ****         xbee_PutChar(skier+'0');  //number sportsmen
 147              		.loc 1 45 0
 148 0010 084C     		ldr	r4, .L12
 149 0012 2068     		ldr	r0, [r4]
 150 0014 3030     		add	r0, r0, #48
 151 0016 C0B2     		uxtb	r0, r0
 152 0018 FFF7FEFF 		bl	xbee_PutChar
 153              	.LVL7:
  46:.\main.c      ****         skier--;
 154              		.loc 1 46 0
 155 001c 2368     		ldr	r3, [r4]
 156 001e 013B     		sub	r3, r3, #1
 157 0020 2360     		str	r3, [r4]
  47:.\main.c      ****         cancelPress = true;
 158              		.loc 1 47 0
 159 0022 0123     		mov	r3, #1
 160 0024 2373     		strb	r3, [r4, #12]
 161              	.L11:
  48:.\main.c      ****     }
  49:.\main.c      ****     CyDelay(10);
 162              		.loc 1 49 0
 163 0026 0A20     		mov	r0, #10
 164 0028 FFF7FEFF 		bl	CyDelay
 165              	.LVL8:
  50:.\main.c      ****     cancel_ClearInterrupt();
 166              		.loc 1 50 0
 167 002c FFF7FEFF 		bl	cancel_ClearInterrupt
 168              	.LVL9:
  51:.\main.c      **** }
 169              		.loc 1 51 0
 170              		@ sp needed
 171 0030 10BD     		pop	{r4, pc}
 172              	.L13:
 173 0032 C046     		.align	2
 174              	.L12:
 175 0034 00000000 		.word	.LANCHOR0
 176 0038 00000000 		.word	.LC4
 177              		.cfi_endproc
ARM GAS  C:\Users\Petro\AppData\Local\Temp\ccnhjSth.s 			page 5


 178              	.LFE36:
 179              		.size	cancelHandler, .-cancelHandler
 180              		.section	.text.isrHandler,"ax",%progbits
 181              		.align	2
 182              		.global	isrHandler
 183              		.code	16
 184              		.thumb_func
 185              		.type	isrHandler, %function
 186              	isrHandler:
 187              	.LFB37:
  52:.\main.c      **** 
  53:.\main.c      **** CY_ISR(isrHandler)      //interrupt for blink blue led
  54:.\main.c      **** {
 188              		.loc 1 54 0
 189              		.cfi_startproc
 190 0000 08B5     		push	{r3, lr}
 191              		.cfi_def_cfa_offset 8
 192              		.cfi_offset 3, -8
 193              		.cfi_offset 14, -4
  55:.\main.c      ****     led_blue_Write(0);
 194              		.loc 1 55 0
 195 0002 0020     		mov	r0, #0
 196 0004 FFF7FEFF 		bl	led_blue_Write
 197              	.LVL10:
  56:.\main.c      ****     CyDelay(5);
 198              		.loc 1 56 0
 199 0008 0520     		mov	r0, #5
 200 000a FFF7FEFF 		bl	CyDelay
 201              	.LVL11:
  57:.\main.c      ****     timer_ClearInterrupt(timer_INTR_MASK_CC_MATCH);
 202              		.loc 1 57 0
 203 000e 0220     		mov	r0, #2
 204 0010 FFF7FEFF 		bl	timer_ClearInterrupt
 205              	.LVL12:
  58:.\main.c      **** }
 206              		.loc 1 58 0
 207              		@ sp needed
 208 0014 08BD     		pop	{r3, pc}
 209              		.cfi_endproc
 210              	.LFE37:
 211              		.size	isrHandler, .-isrHandler
 212 0016 C046     		.section	.text.led_indication,"ax",%progbits
 213              		.align	2
 214              		.global	led_indication
 215              		.code	16
 216              		.thumb_func
 217              		.type	led_indication, %function
 218              	led_indication:
 219              	.LFB39:
  59:.\main.c      **** 
  60:.\main.c      **** 
  61:.\main.c      **** int main(void)
  62:.\main.c      **** {
  63:.\main.c      ****     CyGlobalIntEnable;    
  64:.\main.c      ****     xbee_Start();                       //start uart for xbee
  65:.\main.c      ****     display_Start();                    //start lcd display
  66:.\main.c      ****         
ARM GAS  C:\Users\Petro\AppData\Local\Temp\ccnhjSth.s 			page 6


  67:.\main.c      ****     isr_StartEx(isrHandler);            //interrupt for blink led
  68:.\main.c      ****     isr_inputData_StartEx(dataHandler); //interrupt for RX data input
  69:.\main.c      ****     int_start_StartEx(startHandler);    //interrupt start button
  70:.\main.c      ****     int_cancel_StartEx(cancelHandler);  //interrupt cancel button
  71:.\main.c      ****     
  72:.\main.c      ****     
  73:.\main.c      ****     while(1)
  74:.\main.c      ****     {  
  75:.\main.c      ****         led_indication();
  76:.\main.c      ****         display_indication();
  77:.\main.c      ****     }
  78:.\main.c      **** }
  79:.\main.c      **** 
  80:.\main.c      **** 
  81:.\main.c      **** void led_indication()
  82:.\main.c      **** {
 220              		.loc 1 82 0
 221              		.cfi_startproc
 222 0000 10B5     		push	{r4, lr}
 223              		.cfi_def_cfa_offset 8
 224              		.cfi_offset 4, -8
 225              		.cfi_offset 14, -4
  83:.\main.c      ****     int i;
  84:.\main.c      ****     
  85:.\main.c      ****     if(skier)timer_Start();   //start blinc led if number spotrsmen >0
 226              		.loc 1 85 0
 227 0002 1E4B     		ldr	r3, .L26
 228 0004 1B68     		ldr	r3, [r3]
 229 0006 002B     		cmp	r3, #0
 230 0008 02D0     		beq	.L16
 231              		.loc 1 85 0 is_stmt 0 discriminator 1
 232 000a FFF7FEFF 		bl	timer_Start
 233              	.LVL13:
 234 000e 01E0     		b	.L17
 235              	.L16:
  86:.\main.c      ****     else timer_Stop();
 236              		.loc 1 86 0 is_stmt 1
 237 0010 FFF7FEFF 		bl	timer_Stop
 238              	.LVL14:
 239              	.L17:
  87:.\main.c      ****     if(startPress)          //func blinc blue led
 240              		.loc 1 87 0
 241 0014 194B     		ldr	r3, .L26
 242 0016 1B79     		ldrb	r3, [r3, #4]
 243 0018 002B     		cmp	r3, #0
 244 001a 0ED1     		bne	.L24
 245 001c 10E0     		b	.L19
 246              	.LVL15:
 247              	.L20:
  88:.\main.c      ****         for(i=0;i<6;i++){
  89:.\main.c      ****             startPress = false;
 248              		.loc 1 89 0 discriminator 3
 249 001e 0022     		mov	r2, #0
 250 0020 164B     		ldr	r3, .L26
 251 0022 1A71     		strb	r2, [r3, #4]
  90:.\main.c      ****             led_blue_Write(~led_blue_Read());
 252              		.loc 1 90 0 discriminator 3
ARM GAS  C:\Users\Petro\AppData\Local\Temp\ccnhjSth.s 			page 7


 253 0024 FFF7FEFF 		bl	led_blue_Read
 254              	.LVL16:
 255 0028 C043     		mvn	r0, r0
 256 002a C0B2     		uxtb	r0, r0
 257 002c FFF7FEFF 		bl	led_blue_Write
 258              	.LVL17:
  91:.\main.c      ****             CyDelay(50);
 259              		.loc 1 91 0 discriminator 3
 260 0030 3220     		mov	r0, #50
 261 0032 FFF7FEFF 		bl	CyDelay
 262              	.LVL18:
  88:.\main.c      ****         for(i=0;i<6;i++){
 263              		.loc 1 88 0 discriminator 3
 264 0036 0134     		add	r4, r4, #1
 265              	.LVL19:
 266 0038 00E0     		b	.L18
 267              	.LVL20:
 268              	.L24:
 269 003a 0024     		mov	r4, #0
 270              	.L18:
 271              	.LVL21:
  88:.\main.c      ****         for(i=0;i<6;i++){
 272              		.loc 1 88 0 is_stmt 0 discriminator 1
 273 003c 052C     		cmp	r4, #5
 274 003e EEDD     		ble	.L20
 275              	.LVL22:
 276              	.L19:
  92:.\main.c      ****         }
  93:.\main.c      ****     if(cancelPress)
 277              		.loc 1 93 0 is_stmt 1
 278 0040 0E4B     		ldr	r3, .L26
 279 0042 1B7B     		ldrb	r3, [r3, #12]
 280 0044 002B     		cmp	r3, #0
 281 0046 11D1     		bne	.L25
 282 0048 13E0     		b	.L22
 283              	.LVL23:
 284              	.L23:
  94:.\main.c      ****         for(i=0;i<10;i++){       //func blinc cancel red led
  95:.\main.c      ****             cancelPress = false;
 285              		.loc 1 95 0 discriminator 3
 286 004a 0022     		mov	r2, #0
 287 004c 0B4B     		ldr	r3, .L26
 288 004e 1A73     		strb	r2, [r3, #12]
  96:.\main.c      ****             led_blue_Write(1);
 289              		.loc 1 96 0 discriminator 3
 290 0050 0120     		mov	r0, #1
 291 0052 FFF7FEFF 		bl	led_blue_Write
 292              	.LVL24:
  97:.\main.c      ****             led_red_Write(~led_red_Read());
 293              		.loc 1 97 0 discriminator 3
 294 0056 FFF7FEFF 		bl	led_red_Read
 295              	.LVL25:
 296 005a C043     		mvn	r0, r0
 297 005c C0B2     		uxtb	r0, r0
 298 005e FFF7FEFF 		bl	led_red_Write
 299              	.LVL26:
  98:.\main.c      ****             CyDelay(50);
ARM GAS  C:\Users\Petro\AppData\Local\Temp\ccnhjSth.s 			page 8


 300              		.loc 1 98 0 discriminator 3
 301 0062 3220     		mov	r0, #50
 302 0064 FFF7FEFF 		bl	CyDelay
 303              	.LVL27:
  94:.\main.c      ****             cancelPress = false;
 304              		.loc 1 94 0 discriminator 3
 305 0068 0134     		add	r4, r4, #1
 306              	.LVL28:
 307 006a 00E0     		b	.L21
 308              	.LVL29:
 309              	.L25:
 310 006c 0024     		mov	r4, #0
 311              	.L21:
 312              	.LVL30:
  94:.\main.c      ****             cancelPress = false;
 313              		.loc 1 94 0 is_stmt 0 discriminator 1
 314 006e 092C     		cmp	r4, #9
 315 0070 EBDD     		ble	.L23
 316              	.LVL31:
 317              	.L22:
  99:.\main.c      ****         }
 100:.\main.c      ****     led_blue_Write(1);   
 318              		.loc 1 100 0 is_stmt 1
 319 0072 0120     		mov	r0, #1
 320 0074 FFF7FEFF 		bl	led_blue_Write
 321              	.LVL32:
 101:.\main.c      **** }
 322              		.loc 1 101 0
 323              		@ sp needed
 324 0078 10BD     		pop	{r4, pc}
 325              	.L27:
 326 007a C046     		.align	2
 327              	.L26:
 328 007c 00000000 		.word	.LANCHOR0
 329              		.cfi_endproc
 330              	.LFE39:
 331              		.size	led_indication, .-led_indication
 332              		.section	.text.display_indication,"ax",%progbits
 333              		.align	2
 334              		.global	display_indication
 335              		.code	16
 336              		.thumb_func
 337              		.type	display_indication, %function
 338              	display_indication:
 339              	.LFB40:
 102:.\main.c      **** 
 103:.\main.c      **** void display_indication()
 104:.\main.c      **** {
 340              		.loc 1 104 0
 341              		.cfi_startproc
 342 0000 30B5     		push	{r4, r5, lr}
 343              		.cfi_def_cfa_offset 12
 344              		.cfi_offset 4, -12
 345              		.cfi_offset 5, -8
 346              		.cfi_offset 14, -4
 347 0002 85B0     		sub	sp, sp, #20
 348              		.cfi_def_cfa_offset 32
ARM GAS  C:\Users\Petro\AppData\Local\Temp\ccnhjSth.s 			page 9


 105:.\main.c      ****     char display_buff[16];      
 106:.\main.c      ****     sprintf(display_buff,"    time     num");
 349              		.loc 1 106 0
 350 0004 0F4B     		ldr	r3, .L29
 351 0006 6A46     		mov	r2, sp
 352 0008 23CB     		ldmia	r3!, {r0, r1, r5}
 353 000a 23C2     		stmia	r2!, {r0, r1, r5}
 354 000c 191C     		mov	r1, r3
 355 000e 1B68     		ldr	r3, [r3]
 356 0010 1360     		str	r3, [r2]
 357 0012 0B79     		ldrb	r3, [r1, #4]
 358 0014 1371     		strb	r3, [r2, #4]
 107:.\main.c      ****     display_Position(0, 0);
 359              		.loc 1 107 0
 360 0016 0020     		mov	r0, #0
 361 0018 0021     		mov	r1, #0
 362 001a FFF7FEFF 		bl	display_Position
 363              	.LVL33:
 108:.\main.c      ****     display_PrintString(display_buff);
 364              		.loc 1 108 0
 365 001e 6846     		mov	r0, sp
 366 0020 FFF7FEFF 		bl	display_PrintString
 367              	.LVL34:
 109:.\main.c      ****     sprintf(display_buff,"%s  %d ",finish_time, skier);
 368              		.loc 1 109 0
 369 0024 084B     		ldr	r3, .L29+4
 370 0026 1B68     		ldr	r3, [r3]
 371 0028 6846     		mov	r0, sp
 372 002a 0849     		ldr	r1, .L29+8
 373 002c 084A     		ldr	r2, .L29+12
 374 002e FFF7FEFF 		bl	sprintf
 375              	.LVL35:
 110:.\main.c      ****     display_Position(1,0);
 376              		.loc 1 110 0
 377 0032 0120     		mov	r0, #1
 378 0034 0021     		mov	r1, #0
 379 0036 FFF7FEFF 		bl	display_Position
 380              	.LVL36:
 111:.\main.c      ****     display_PrintString(display_buff);
 381              		.loc 1 111 0
 382 003a 6846     		mov	r0, sp
 383 003c FFF7FEFF 		bl	display_PrintString
 384              	.LVL37:
 112:.\main.c      **** }...
 385              		.loc 1 112 0
 386 0040 05B0     		add	sp, sp, #20
 387              		@ sp needed
 388 0042 30BD     		pop	{r4, r5, pc}
 389              	.L30:
 390              		.align	2
 391              	.L29:
 392 0044 04000000 		.word	.LC7
 393 0048 00000000 		.word	.LANCHOR0
 394 004c 18000000 		.word	.LC9
 395 0050 00000000 		.word	.LANCHOR1
 396              		.cfi_endproc
 397              	.LFE40:
ARM GAS  C:\Users\Petro\AppData\Local\Temp\ccnhjSth.s 			page 10


 398              		.size	display_indication, .-display_indication
 399              		.section	.text.main,"ax",%progbits
 400              		.align	2
 401              		.global	main
 402              		.code	16
 403              		.thumb_func
 404              		.type	main, %function
 405              	main:
 406              	.LFB38:
  62:.\main.c      **** {
 407              		.loc 1 62 0
 408              		.cfi_startproc
 409 0000 08B5     		push	{r3, lr}
 410              		.cfi_def_cfa_offset 8
 411              		.cfi_offset 3, -8
 412              		.cfi_offset 14, -4
  63:.\main.c      ****     CyGlobalIntEnable;    
 413              		.loc 1 63 0
 414              	@ 63 ".\main.c" 1
 415 0002 62B6     		CPSIE   i
 416              	@ 0 "" 2
  64:.\main.c      ****     xbee_Start();                       //start uart for xbee
 417              		.loc 1 64 0
 418              		.code	16
 419 0004 FFF7FEFF 		bl	xbee_Start
 420              	.LVL38:
  65:.\main.c      ****     display_Start();                    //start lcd display
 421              		.loc 1 65 0
 422 0008 FFF7FEFF 		bl	display_Start
 423              	.LVL39:
  67:.\main.c      ****     isr_StartEx(isrHandler);            //interrupt for blink led
 424              		.loc 1 67 0
 425 000c 0848     		ldr	r0, .L33
 426 000e FFF7FEFF 		bl	isr_StartEx
 427              	.LVL40:
  68:.\main.c      ****     isr_inputData_StartEx(dataHandler); //interrupt for RX data input
 428              		.loc 1 68 0
 429 0012 0848     		ldr	r0, .L33+4
 430 0014 FFF7FEFF 		bl	isr_inputData_StartEx
 431              	.LVL41:
  69:.\main.c      ****     int_start_StartEx(startHandler);    //interrupt start button
 432              		.loc 1 69 0
 433 0018 0748     		ldr	r0, .L33+8
 434 001a FFF7FEFF 		bl	int_start_StartEx
 435              	.LVL42:
  70:.\main.c      ****     int_cancel_StartEx(cancelHandler);  //interrupt cancel button
 436              		.loc 1 70 0
 437 001e 0748     		ldr	r0, .L33+12
 438 0020 FFF7FEFF 		bl	int_cancel_StartEx
 439              	.LVL43:
 440              	.L32:
  75:.\main.c      ****         led_indication();
 441              		.loc 1 75 0 discriminator 1
 442 0024 FFF7FEFF 		bl	led_indication
 443              	.LVL44:
  76:.\main.c      ****         display_indication();
 444              		.loc 1 76 0 discriminator 1
ARM GAS  C:\Users\Petro\AppData\Local\Temp\ccnhjSth.s 			page 11


 445 0028 FFF7FEFF 		bl	display_indication
 446              	.LVL45:
  77:.\main.c      ****     }
 447              		.loc 1 77 0 discriminator 1
 448 002c FAE7     		b	.L32
 449              	.L34:
 450 002e C046     		.align	2
 451              	.L33:
 452 0030 00000000 		.word	isrHandler
 453 0034 00000000 		.word	dataHandler
 454 0038 00000000 		.word	startHandler
 455 003c 00000000 		.word	cancelHandler
 456              		.cfi_endproc
 457              	.LFE38:
 458              		.size	main, .-main
 459              		.global	finish_time
 460              		.global	skier
 461              		.global	cancelPress
 462              		.global	startPress
 463              		.data
 464              		.align	2
 465              		.set	.LANCHOR1,. + 0
 466              		.type	finish_time, %object
 467              		.size	finish_time, 13
 468              	finish_time:
 469 0000 30302E30 		.ascii	"00.00.00.000\000"
 469      302E3030 
 469      2E303030 
 469      00
 470 000d 000000   		.section	.rodata.str1.4,"aMS",%progbits,1
 471              		.align	2
 472              	.LC4:
 473 0000 6300     		.ascii	"c\000"
 474 0002 0000     		.space	2
 475              	.LC7:
 476 0004 20202020 		.ascii	"    time     num\000"
 476      74696D65 
 476      20202020 
 476      206E756D 
 476      00
 477 0015 000000   		.space	3
 478              	.LC9:
 479 0018 25732020 		.ascii	"%s  %d \000"
 479      25642000 
 480              		.bss
 481              		.align	2
 482              		.set	.LANCHOR0,. + 0
 483              		.type	skier, %object
 484              		.size	skier, 4
 485              	skier:
 486 0000 00000000 		.space	4
 487              		.type	startPress, %object
 488              		.size	startPress, 1
 489              	startPress:
 490 0004 00       		.space	1
 491 0005 000000   		.space	3
 492              		.type	i.6156, %object
ARM GAS  C:\Users\Petro\AppData\Local\Temp\ccnhjSth.s 			page 12


 493              		.size	i.6156, 4
 494              	i.6156:
 495 0008 00000000 		.space	4
 496              		.type	cancelPress, %object
 497              		.size	cancelPress, 1
 498              	cancelPress:
 499 000c 00       		.space	1
 500 000d 000000   		.text
 501              	.Letext0:
 502              		.file 2 "c:\\program files (x86)\\cypress\\psoc creator\\3.3\\psoc creator\\import\\gnu\\arm\\4.9.
 503              		.file 3 "c:\\program files (x86)\\cypress\\psoc creator\\3.3\\psoc creator\\import\\gnu\\arm\\4.9.
 504              		.file 4 "Generated_Source\\PSoC4/cytypes.h"
 505              		.file 5 "Generated_Source\\PSoC4/xbee.h"
 506              		.file 6 "Generated_Source\\PSoC4/CyLib.h"
 507              		.file 7 "Generated_Source\\PSoC4/start.h"
 508              		.file 8 "Generated_Source\\PSoC4/cancel.h"
 509              		.file 9 "Generated_Source\\PSoC4/led_blue.h"
 510              		.file 10 "Generated_Source\\PSoC4/timer.h"
 511              		.file 11 "Generated_Source\\PSoC4/led_red.h"
 512              		.file 12 "Generated_Source\\PSoC4/display.h"
 513              		.file 13 "Generated_Source\\PSoC4/isr.h"
 514              		.file 14 "Generated_Source\\PSoC4/isr_inputData.h"
 515              		.file 15 "Generated_Source\\PSoC4/int_start.h"
 516              		.file 16 "c:\\program files (x86)\\cypress\\psoc creator\\3.3\\psoc creator\\import\\gnu\\arm\\4.9
 517              		.file 17 "Generated_Source\\PSoC4/int_cancel.h"
 518              		.section	.debug_info,"",%progbits
 519              	.Ldebug_info0:
 520 0000 AF050000 		.4byte	0x5af
 521 0004 0400     		.2byte	0x4
 522 0006 00000000 		.4byte	.Ldebug_abbrev0
 523 000a 04       		.byte	0x4
 524 000b 01       		.uleb128 0x1
 525 000c 89020000 		.4byte	.LASF53
 526 0010 01       		.byte	0x1
 527 0011 B4010000 		.4byte	.LASF54
 528 0015 79000000 		.4byte	.LASF55
 529 0019 00000000 		.4byte	.Ldebug_ranges0+0
 530 001d 00000000 		.4byte	0
 531 0021 00000000 		.4byte	.Ldebug_line0
 532 0025 02       		.uleb128 0x2
 533 0026 01       		.byte	0x1
 534 0027 06       		.byte	0x6
 535 0028 49030000 		.4byte	.LASF0
 536 002c 02       		.uleb128 0x2
 537 002d 01       		.byte	0x1
 538 002e 08       		.byte	0x8
 539 002f 40010000 		.4byte	.LASF1
 540 0033 02       		.uleb128 0x2
 541 0034 02       		.byte	0x2
 542 0035 05       		.byte	0x5
 543 0036 17030000 		.4byte	.LASF2
 544 003a 02       		.uleb128 0x2
 545 003b 02       		.byte	0x2
 546 003c 07       		.byte	0x7
 547 003d 66000000 		.4byte	.LASF3
 548 0041 02       		.uleb128 0x2
 549 0042 04       		.byte	0x4
ARM GAS  C:\Users\Petro\AppData\Local\Temp\ccnhjSth.s 			page 13


 550 0043 05       		.byte	0x5
 551 0044 3B030000 		.4byte	.LASF4
 552 0048 03       		.uleb128 0x3
 553 0049 5A010000 		.4byte	.LASF9
 554 004d 02       		.byte	0x2
 555 004e 41       		.byte	0x41
 556 004f 53000000 		.4byte	0x53
 557 0053 02       		.uleb128 0x2
 558 0054 04       		.byte	0x4
 559 0055 07       		.byte	0x7
 560 0056 71010000 		.4byte	.LASF5
 561 005a 02       		.uleb128 0x2
 562 005b 08       		.byte	0x8
 563 005c 05       		.byte	0x5
 564 005d 55020000 		.4byte	.LASF6
 565 0061 02       		.uleb128 0x2
 566 0062 08       		.byte	0x8
 567 0063 07       		.byte	0x7
 568 0064 FE010000 		.4byte	.LASF7
 569 0068 04       		.uleb128 0x4
 570 0069 04       		.byte	0x4
 571 006a 05       		.byte	0x5
 572 006b 696E7400 		.ascii	"int\000"
 573 006f 02       		.uleb128 0x2
 574 0070 04       		.byte	0x4
 575 0071 07       		.byte	0x7
 576 0072 D5010000 		.4byte	.LASF8
 577 0076 03       		.uleb128 0x3
 578 0077 32030000 		.4byte	.LASF10
 579 007b 03       		.byte	0x3
 580 007c 2D       		.byte	0x2d
 581 007d 48000000 		.4byte	0x48
 582 0081 05       		.uleb128 0x5
 583 0082 21030000 		.4byte	.LASF11
 584 0086 04       		.byte	0x4
 585 0087 3801     		.2byte	0x138
 586 0089 2C000000 		.4byte	0x2c
 587 008d 05       		.uleb128 0x5
 588 008e C9010000 		.4byte	.LASF12
 589 0092 04       		.byte	0x4
 590 0093 3A01     		.2byte	0x13a
 591 0095 53000000 		.4byte	0x53
 592 0099 02       		.uleb128 0x2
 593 009a 04       		.byte	0x4
 594 009b 04       		.byte	0x4
 595 009c 3A010000 		.4byte	.LASF13
 596 00a0 02       		.uleb128 0x2
 597 00a1 08       		.byte	0x8
 598 00a2 04       		.byte	0x4
 599 00a3 9F010000 		.4byte	.LASF14
 600 00a7 05       		.uleb128 0x5
 601 00a8 4F020000 		.4byte	.LASF15
 602 00ac 04       		.byte	0x4
 603 00ad 4901     		.2byte	0x149
 604 00af B3000000 		.4byte	0xb3
 605 00b3 02       		.uleb128 0x2
 606 00b4 01       		.byte	0x1
ARM GAS  C:\Users\Petro\AppData\Local\Temp\ccnhjSth.s 			page 14


 607 00b5 08       		.byte	0x8
 608 00b6 44030000 		.4byte	.LASF16
 609 00ba 05       		.uleb128 0x5
 610 00bb 15020000 		.4byte	.LASF17
 611 00bf 04       		.byte	0x4
 612 00c0 F401     		.2byte	0x1f4
 613 00c2 C6000000 		.4byte	0xc6
 614 00c6 06       		.uleb128 0x6
 615 00c7 04       		.byte	0x4
 616 00c8 CC000000 		.4byte	0xcc
 617 00cc 07       		.uleb128 0x7
 618 00cd 02       		.uleb128 0x2
 619 00ce 04       		.byte	0x4
 620 00cf 07       		.byte	0x7
 621 00d0 46020000 		.4byte	.LASF18
 622 00d4 06       		.uleb128 0x6
 623 00d5 04       		.byte	0x4
 624 00d6 B3000000 		.4byte	0xb3
 625 00da 06       		.uleb128 0x6
 626 00db 04       		.byte	0x4
 627 00dc E0000000 		.4byte	0xe0
 628 00e0 08       		.uleb128 0x8
 629 00e1 B3000000 		.4byte	0xb3
 630 00e5 09       		.uleb128 0x9
 631 00e6 01       		.byte	0x1
 632 00e7 01       		.byte	0x1
 633 00e8 08       		.byte	0x8
 634 00e9 FA000000 		.4byte	0xfa
 635 00ed 0A       		.uleb128 0xa
 636 00ee 6F020000 		.4byte	.LASF19
 637 00f2 00       		.sleb128 0
 638 00f3 0A       		.uleb128 0xa
 639 00f4 00000000 		.4byte	.LASF20
 640 00f8 01       		.sleb128 1
 641 00f9 00       		.byte	0
 642 00fa 03       		.uleb128 0x3
 643 00fb 05000000 		.4byte	.LASF21
 644 00ff 01       		.byte	0x1
 645 0100 08       		.byte	0x8
 646 0101 E5000000 		.4byte	0xe5
 647 0105 0B       		.uleb128 0xb
 648 0106 89030000 		.4byte	.LASF22
 649 010a 01       		.byte	0x1
 650 010b 0E       		.byte	0xe
 651 010c 00000000 		.4byte	.LFB34
 652 0110 34000000 		.4byte	.LFE34-.LFB34
 653 0114 01       		.uleb128 0x1
 654 0115 9C       		.byte	0x9c
 655 0116 54010000 		.4byte	0x154
 656 011a 0C       		.uleb128 0xc
 657 011b 16000000 		.4byte	.LVL0
 658 011f 69040000 		.4byte	0x469
 659 0123 2E010000 		.4byte	0x12e
 660 0127 0D       		.uleb128 0xd
 661 0128 01       		.uleb128 0x1
 662 0129 50       		.byte	0x50
 663 012a 02       		.uleb128 0x2
ARM GAS  C:\Users\Petro\AppData\Local\Temp\ccnhjSth.s 			page 15


 664 012b 08       		.byte	0x8
 665 012c 73       		.byte	0x73
 666 012d 00       		.byte	0
 667 012e 0E       		.uleb128 0xe
 668 012f 20000000 		.4byte	.LVL1
 669 0133 69040000 		.4byte	0x469
 670 0137 0C       		.uleb128 0xc
 671 0138 2A000000 		.4byte	.LVL2
 672 013c 7A040000 		.4byte	0x47a
 673 0140 4A010000 		.4byte	0x14a
 674 0144 0D       		.uleb128 0xd
 675 0145 01       		.uleb128 0x1
 676 0146 50       		.byte	0x50
 677 0147 01       		.uleb128 0x1
 678 0148 3A       		.byte	0x3a
 679 0149 00       		.byte	0
 680 014a 0E       		.uleb128 0xe
 681 014b 2E000000 		.4byte	.LVL3
 682 014f 8B040000 		.4byte	0x48b
 683 0153 00       		.byte	0
 684 0154 0B       		.uleb128 0xb
 685 0155 65010000 		.4byte	.LASF23
 686 0159 01       		.byte	0x1
 687 015a 1F       		.byte	0x1f
 688 015b 00000000 		.4byte	.LFB35
 689 015f 34000000 		.4byte	.LFE35-.LFB35
 690 0163 01       		.uleb128 0x1
 691 0164 9C       		.byte	0x9c
 692 0165 8D010000 		.4byte	0x18d
 693 0169 0F       		.uleb128 0xf
 694 016a 6300     		.ascii	"c\000"
 695 016c 01       		.byte	0x1
 696 016d 21       		.byte	0x21
 697 016e B3000000 		.4byte	0xb3
 698 0172 01       		.uleb128 0x1
 699 0173 50       		.byte	0x50
 700 0174 0F       		.uleb128 0xf
 701 0175 6900     		.ascii	"i\000"
 702 0177 01       		.byte	0x1
 703 0178 22       		.byte	0x22
 704 0179 68000000 		.4byte	0x68
 705 017d 05       		.uleb128 0x5
 706 017e 03       		.byte	0x3
 707 017f 08000000 		.4byte	i.6156
 708 0183 0E       		.uleb128 0xe
 709 0184 06000000 		.4byte	.LVL4
 710 0188 96040000 		.4byte	0x496
 711 018c 00       		.byte	0
 712 018d 0B       		.uleb128 0xb
 713 018e A6010000 		.4byte	.LASF24
 714 0192 01       		.byte	0x1
 715 0193 29       		.byte	0x29
 716 0194 00000000 		.4byte	.LFB36
 717 0198 3C000000 		.4byte	.LFE36-.LFB36
 718 019c 01       		.uleb128 0x1
 719 019d 9C       		.byte	0x9c
 720 019e DF010000 		.4byte	0x1df
ARM GAS  C:\Users\Petro\AppData\Local\Temp\ccnhjSth.s 			page 16


 721 01a2 0C       		.uleb128 0xc
 722 01a3 10000000 		.4byte	.LVL6
 723 01a7 A1040000 		.4byte	0x4a1
 724 01ab B9010000 		.4byte	0x1b9
 725 01af 0D       		.uleb128 0xd
 726 01b0 01       		.uleb128 0x1
 727 01b1 50       		.byte	0x50
 728 01b2 05       		.uleb128 0x5
 729 01b3 03       		.byte	0x3
 730 01b4 00000000 		.4byte	.LC4
 731 01b8 00       		.byte	0
 732 01b9 0E       		.uleb128 0xe
 733 01ba 1C000000 		.4byte	.LVL7
 734 01be 69040000 		.4byte	0x469
 735 01c2 0C       		.uleb128 0xc
 736 01c3 2C000000 		.4byte	.LVL8
 737 01c7 7A040000 		.4byte	0x47a
 738 01cb D5010000 		.4byte	0x1d5
 739 01cf 0D       		.uleb128 0xd
 740 01d0 01       		.uleb128 0x1
 741 01d1 50       		.byte	0x50
 742 01d2 01       		.uleb128 0x1
 743 01d3 3A       		.byte	0x3a
 744 01d4 00       		.byte	0
 745 01d5 0E       		.uleb128 0xe
 746 01d6 30000000 		.4byte	.LVL9
 747 01da BD040000 		.4byte	0x4bd
 748 01de 00       		.byte	0
 749 01df 0B       		.uleb128 0xb
 750 01e0 E2010000 		.4byte	.LASF25
 751 01e4 01       		.byte	0x1
 752 01e5 35       		.byte	0x35
 753 01e6 00000000 		.4byte	.LFB37
 754 01ea 16000000 		.4byte	.LFE37-.LFB37
 755 01ee 01       		.uleb128 0x1
 756 01ef 9C       		.byte	0x9c
 757 01f0 2A020000 		.4byte	0x22a
 758 01f4 0C       		.uleb128 0xc
 759 01f5 08000000 		.4byte	.LVL10
 760 01f9 C8040000 		.4byte	0x4c8
 761 01fd 07020000 		.4byte	0x207
 762 0201 0D       		.uleb128 0xd
 763 0202 01       		.uleb128 0x1
 764 0203 50       		.byte	0x50
 765 0204 01       		.uleb128 0x1
 766 0205 30       		.byte	0x30
 767 0206 00       		.byte	0
 768 0207 0C       		.uleb128 0xc
 769 0208 0E000000 		.4byte	.LVL11
 770 020c 7A040000 		.4byte	0x47a
 771 0210 1A020000 		.4byte	0x21a
 772 0214 0D       		.uleb128 0xd
 773 0215 01       		.uleb128 0x1
 774 0216 50       		.byte	0x50
 775 0217 01       		.uleb128 0x1
 776 0218 35       		.byte	0x35
 777 0219 00       		.byte	0
ARM GAS  C:\Users\Petro\AppData\Local\Temp\ccnhjSth.s 			page 17


 778 021a 10       		.uleb128 0x10
 779 021b 14000000 		.4byte	.LVL12
 780 021f D9040000 		.4byte	0x4d9
 781 0223 0D       		.uleb128 0xd
 782 0224 01       		.uleb128 0x1
 783 0225 50       		.byte	0x50
 784 0226 01       		.uleb128 0x1
 785 0227 32       		.byte	0x32
 786 0228 00       		.byte	0
 787 0229 00       		.byte	0
 788 022a 0B       		.uleb128 0xb
 789 022b 0F010000 		.4byte	.LASF26
 790 022f 01       		.byte	0x1
 791 0230 51       		.byte	0x51
 792 0231 00000000 		.4byte	.LFB39
 793 0235 80000000 		.4byte	.LFE39-.LFB39
 794 0239 01       		.uleb128 0x1
 795 023a 9C       		.byte	0x9c
 796 023b CD020000 		.4byte	0x2cd
 797 023f 11       		.uleb128 0x11
 798 0240 6900     		.ascii	"i\000"
 799 0242 01       		.byte	0x1
 800 0243 53       		.byte	0x53
 801 0244 68000000 		.4byte	0x68
 802 0248 00000000 		.4byte	.LLST0
 803 024c 0E       		.uleb128 0xe
 804 024d 0E000000 		.4byte	.LVL13
 805 0251 EB040000 		.4byte	0x4eb
 806 0255 0E       		.uleb128 0xe
 807 0256 14000000 		.4byte	.LVL14
 808 025a F3040000 		.4byte	0x4f3
 809 025e 0E       		.uleb128 0xe
 810 025f 28000000 		.4byte	.LVL16
 811 0263 FB040000 		.4byte	0x4fb
 812 0267 0E       		.uleb128 0xe
 813 0268 30000000 		.4byte	.LVL17
 814 026c C8040000 		.4byte	0x4c8
 815 0270 0C       		.uleb128 0xc
 816 0271 36000000 		.4byte	.LVL18
 817 0275 7A040000 		.4byte	0x47a
 818 0279 84020000 		.4byte	0x284
 819 027d 0D       		.uleb128 0xd
 820 027e 01       		.uleb128 0x1
 821 027f 50       		.byte	0x50
 822 0280 02       		.uleb128 0x2
 823 0281 08       		.byte	0x8
 824 0282 32       		.byte	0x32
 825 0283 00       		.byte	0
 826 0284 0C       		.uleb128 0xc
 827 0285 56000000 		.4byte	.LVL24
 828 0289 C8040000 		.4byte	0x4c8
 829 028d 97020000 		.4byte	0x297
 830 0291 0D       		.uleb128 0xd
 831 0292 01       		.uleb128 0x1
 832 0293 50       		.byte	0x50
 833 0294 01       		.uleb128 0x1
 834 0295 31       		.byte	0x31
ARM GAS  C:\Users\Petro\AppData\Local\Temp\ccnhjSth.s 			page 18


 835 0296 00       		.byte	0
 836 0297 0E       		.uleb128 0xe
 837 0298 5A000000 		.4byte	.LVL25
 838 029c 06050000 		.4byte	0x506
 839 02a0 0E       		.uleb128 0xe
 840 02a1 62000000 		.4byte	.LVL26
 841 02a5 11050000 		.4byte	0x511
 842 02a9 0C       		.uleb128 0xc
 843 02aa 68000000 		.4byte	.LVL27
 844 02ae 7A040000 		.4byte	0x47a
 845 02b2 BD020000 		.4byte	0x2bd
 846 02b6 0D       		.uleb128 0xd
 847 02b7 01       		.uleb128 0x1
 848 02b8 50       		.byte	0x50
 849 02b9 02       		.uleb128 0x2
 850 02ba 08       		.byte	0x8
 851 02bb 32       		.byte	0x32
 852 02bc 00       		.byte	0
 853 02bd 10       		.uleb128 0x10
 854 02be 78000000 		.4byte	.LVL32
 855 02c2 C8040000 		.4byte	0x4c8
 856 02c6 0D       		.uleb128 0xd
 857 02c7 01       		.uleb128 0x1
 858 02c8 50       		.byte	0x50
 859 02c9 01       		.uleb128 0x1
 860 02ca 31       		.byte	0x31
 861 02cb 00       		.byte	0
 862 02cc 00       		.byte	0
 863 02cd 0B       		.uleb128 0xb
 864 02ce ED000000 		.4byte	.LASF27
 865 02d2 01       		.byte	0x1
 866 02d3 67       		.byte	0x67
 867 02d4 00000000 		.4byte	.LFB40
 868 02d8 54000000 		.4byte	.LFE40-.LFB40
 869 02dc 01       		.uleb128 0x1
 870 02dd 9C       		.byte	0x9c
 871 02de 6B030000 		.4byte	0x36b
 872 02e2 12       		.uleb128 0x12
 873 02e3 59000000 		.4byte	.LASF28
 874 02e7 01       		.byte	0x1
 875 02e8 69       		.byte	0x69
 876 02e9 6B030000 		.4byte	0x36b
 877 02ed 02       		.uleb128 0x2
 878 02ee 91       		.byte	0x91
 879 02ef 60       		.sleb128 -32
 880 02f0 0C       		.uleb128 0xc
 881 02f1 1E000000 		.4byte	.LVL33
 882 02f5 22050000 		.4byte	0x522
 883 02f9 08030000 		.4byte	0x308
 884 02fd 0D       		.uleb128 0xd
 885 02fe 01       		.uleb128 0x1
 886 02ff 51       		.byte	0x51
 887 0300 01       		.uleb128 0x1
 888 0301 30       		.byte	0x30
 889 0302 0D       		.uleb128 0xd
 890 0303 01       		.uleb128 0x1
 891 0304 50       		.byte	0x50
ARM GAS  C:\Users\Petro\AppData\Local\Temp\ccnhjSth.s 			page 19


 892 0305 01       		.uleb128 0x1
 893 0306 30       		.byte	0x30
 894 0307 00       		.byte	0
 895 0308 0C       		.uleb128 0xc
 896 0309 24000000 		.4byte	.LVL34
 897 030d 38050000 		.4byte	0x538
 898 0311 1C030000 		.4byte	0x31c
 899 0315 0D       		.uleb128 0xd
 900 0316 01       		.uleb128 0x1
 901 0317 50       		.byte	0x50
 902 0318 02       		.uleb128 0x2
 903 0319 7D       		.byte	0x7d
 904 031a 00       		.sleb128 0
 905 031b 00       		.byte	0
 906 031c 0C       		.uleb128 0xc
 907 031d 32000000 		.4byte	.LVL35
 908 0321 49050000 		.4byte	0x549
 909 0325 42030000 		.4byte	0x342
 910 0329 0D       		.uleb128 0xd
 911 032a 01       		.uleb128 0x1
 912 032b 52       		.byte	0x52
 913 032c 05       		.uleb128 0x5
 914 032d 03       		.byte	0x3
 915 032e 00000000 		.4byte	.LANCHOR1
 916 0332 0D       		.uleb128 0xd
 917 0333 01       		.uleb128 0x1
 918 0334 51       		.byte	0x51
 919 0335 05       		.uleb128 0x5
 920 0336 03       		.byte	0x3
 921 0337 18000000 		.4byte	.LC9
 922 033b 0D       		.uleb128 0xd
 923 033c 01       		.uleb128 0x1
 924 033d 50       		.byte	0x50
 925 033e 02       		.uleb128 0x2
 926 033f 7D       		.byte	0x7d
 927 0340 00       		.sleb128 0
 928 0341 00       		.byte	0
 929 0342 0C       		.uleb128 0xc
 930 0343 3A000000 		.4byte	.LVL36
 931 0347 22050000 		.4byte	0x522
 932 034b 5A030000 		.4byte	0x35a
 933 034f 0D       		.uleb128 0xd
 934 0350 01       		.uleb128 0x1
 935 0351 51       		.byte	0x51
 936 0352 01       		.uleb128 0x1
 937 0353 30       		.byte	0x30
 938 0354 0D       		.uleb128 0xd
 939 0355 01       		.uleb128 0x1
 940 0356 50       		.byte	0x50
 941 0357 01       		.uleb128 0x1
 942 0358 31       		.byte	0x31
 943 0359 00       		.byte	0
 944 035a 10       		.uleb128 0x10
 945 035b 40000000 		.4byte	.LVL37
 946 035f 38050000 		.4byte	0x538
 947 0363 0D       		.uleb128 0xd
 948 0364 01       		.uleb128 0x1
ARM GAS  C:\Users\Petro\AppData\Local\Temp\ccnhjSth.s 			page 20


 949 0365 50       		.byte	0x50
 950 0366 02       		.uleb128 0x2
 951 0367 7D       		.byte	0x7d
 952 0368 00       		.sleb128 0
 953 0369 00       		.byte	0
 954 036a 00       		.byte	0
 955 036b 13       		.uleb128 0x13
 956 036c B3000000 		.4byte	0xb3
 957 0370 7B030000 		.4byte	0x37b
 958 0374 14       		.uleb128 0x14
 959 0375 CD000000 		.4byte	0xcd
 960 0379 0F       		.byte	0xf
 961 037a 00       		.byte	0
 962 037b 15       		.uleb128 0x15
 963 037c D0010000 		.4byte	.LASF56
 964 0380 01       		.byte	0x1
 965 0381 3D       		.byte	0x3d
 966 0382 68000000 		.4byte	0x68
 967 0386 00000000 		.4byte	.LFB38
 968 038a 40000000 		.4byte	.LFE38-.LFB38
 969 038e 01       		.uleb128 0x1
 970 038f 9C       		.byte	0x9c
 971 0390 15040000 		.4byte	0x415
 972 0394 0E       		.uleb128 0xe
 973 0395 08000000 		.4byte	.LVL38
 974 0399 64050000 		.4byte	0x564
 975 039d 0E       		.uleb128 0xe
 976 039e 0C000000 		.4byte	.LVL39
 977 03a2 6B050000 		.4byte	0x56b
 978 03a6 0C       		.uleb128 0xc
 979 03a7 12000000 		.4byte	.LVL40
 980 03ab 72050000 		.4byte	0x572
 981 03af BD030000 		.4byte	0x3bd
 982 03b3 0D       		.uleb128 0xd
 983 03b4 01       		.uleb128 0x1
 984 03b5 50       		.byte	0x50
 985 03b6 05       		.uleb128 0x5
 986 03b7 03       		.byte	0x3
 987 03b8 00000000 		.4byte	isrHandler
 988 03bc 00       		.byte	0
 989 03bd 0C       		.uleb128 0xc
 990 03be 18000000 		.4byte	.LVL41
 991 03c2 83050000 		.4byte	0x583
 992 03c6 D4030000 		.4byte	0x3d4
 993 03ca 0D       		.uleb128 0xd
 994 03cb 01       		.uleb128 0x1
 995 03cc 50       		.byte	0x50
 996 03cd 05       		.uleb128 0x5
 997 03ce 03       		.byte	0x3
 998 03cf 00000000 		.4byte	dataHandler
 999 03d3 00       		.byte	0
 1000 03d4 0C       		.uleb128 0xc
 1001 03d5 1E000000 		.4byte	.LVL42
 1002 03d9 94050000 		.4byte	0x594
 1003 03dd EB030000 		.4byte	0x3eb
 1004 03e1 0D       		.uleb128 0xd
 1005 03e2 01       		.uleb128 0x1
ARM GAS  C:\Users\Petro\AppData\Local\Temp\ccnhjSth.s 			page 21


 1006 03e3 50       		.byte	0x50
 1007 03e4 05       		.uleb128 0x5
 1008 03e5 03       		.byte	0x3
 1009 03e6 00000000 		.4byte	startHandler
 1010 03ea 00       		.byte	0
 1011 03eb 0C       		.uleb128 0xc
 1012 03ec 24000000 		.4byte	.LVL43
 1013 03f0 A5050000 		.4byte	0x5a5
 1014 03f4 02040000 		.4byte	0x402
 1015 03f8 0D       		.uleb128 0xd
 1016 03f9 01       		.uleb128 0x1
 1017 03fa 50       		.byte	0x50
 1018 03fb 05       		.uleb128 0x5
 1019 03fc 03       		.byte	0x3
 1020 03fd 00000000 		.4byte	cancelHandler
 1021 0401 00       		.byte	0
 1022 0402 0E       		.uleb128 0xe
 1023 0403 28000000 		.4byte	.LVL44
 1024 0407 2A020000 		.4byte	0x22a
 1025 040b 0E       		.uleb128 0xe
 1026 040c 2C000000 		.4byte	.LVL45
 1027 0410 CD020000 		.4byte	0x2cd
 1028 0414 00       		.byte	0
 1029 0415 16       		.uleb128 0x16
 1030 0416 48000000 		.4byte	.LASF29
 1031 041a 01       		.byte	0x1
 1032 041b 09       		.byte	0x9
 1033 041c FA000000 		.4byte	0xfa
 1034 0420 05       		.uleb128 0x5
 1035 0421 03       		.byte	0x3
 1036 0422 00000000 		.4byte	startPress
 1037 0426 16       		.uleb128 0x16
 1038 0427 4E010000 		.4byte	.LASF30
 1039 042b 01       		.byte	0x1
 1040 042c 09       		.byte	0x9
 1041 042d FA000000 		.4byte	0xfa
 1042 0431 05       		.uleb128 0x5
 1043 0432 03       		.byte	0x3
 1044 0433 00000000 		.4byte	cancelPress
 1045 0437 16       		.uleb128 0x16
 1046 0438 53000000 		.4byte	.LASF31
 1047 043c 01       		.byte	0x1
 1048 043d 0A       		.byte	0xa
 1049 043e 76000000 		.4byte	0x76
 1050 0442 05       		.uleb128 0x5
 1051 0443 03       		.byte	0x3
 1052 0444 00000000 		.4byte	skier
 1053 0448 13       		.uleb128 0x13
 1054 0449 B3000000 		.4byte	0xb3
 1055 044d 58040000 		.4byte	0x458
 1056 0451 14       		.uleb128 0x14
 1057 0452 CD000000 		.4byte	0xcd
 1058 0456 0C       		.byte	0xc
 1059 0457 00       		.byte	0
 1060 0458 16       		.uleb128 0x16
 1061 0459 BD010000 		.4byte	.LASF32
 1062 045d 01       		.byte	0x1
ARM GAS  C:\Users\Petro\AppData\Local\Temp\ccnhjSth.s 			page 22


 1063 045e 0B       		.byte	0xb
 1064 045f 48040000 		.4byte	0x448
 1065 0463 05       		.uleb128 0x5
 1066 0464 03       		.byte	0x3
 1067 0465 00000000 		.4byte	finish_time
 1068 0469 17       		.uleb128 0x17
 1069 046a 6A030000 		.4byte	.LASF33
 1070 046e 05       		.byte	0x5
 1071 046f 8A       		.byte	0x8a
 1072 0470 7A040000 		.4byte	0x47a
 1073 0474 18       		.uleb128 0x18
 1074 0475 81000000 		.4byte	0x81
 1075 0479 00       		.byte	0
 1076 047a 17       		.uleb128 0x17
 1077 047b 9E030000 		.4byte	.LASF34
 1078 047f 06       		.byte	0x6
 1079 0480 5A       		.byte	0x5a
 1080 0481 8B040000 		.4byte	0x48b
 1081 0485 18       		.uleb128 0x18
 1082 0486 8D000000 		.4byte	0x8d
 1083 048a 00       		.byte	0
 1084 048b 19       		.uleb128 0x19
 1085 048c 55030000 		.4byte	.LASF35
 1086 0490 07       		.byte	0x7
 1087 0491 39       		.byte	0x39
 1088 0492 81000000 		.4byte	0x81
 1089 0496 19       		.uleb128 0x19
 1090 0497 C9000000 		.4byte	.LASF36
 1091 049b 05       		.byte	0x5
 1092 049c 71       		.byte	0x71
 1093 049d 81000000 		.4byte	0x81
 1094 04a1 17       		.uleb128 0x17
 1095 04a2 83010000 		.4byte	.LASF37
 1096 04a6 05       		.byte	0x5
 1097 04a7 8B       		.byte	0x8b
 1098 04a8 B2040000 		.4byte	0x4b2
 1099 04ac 18       		.uleb128 0x18
 1100 04ad B2040000 		.4byte	0x4b2
 1101 04b1 00       		.byte	0
 1102 04b2 06       		.uleb128 0x6
 1103 04b3 04       		.byte	0x4
 1104 04b4 B8040000 		.4byte	0x4b8
 1105 04b8 08       		.uleb128 0x8
 1106 04b9 A7000000 		.4byte	0xa7
 1107 04bd 19       		.uleb128 0x19
 1108 04be 32000000 		.4byte	.LASF38
 1109 04c2 08       		.byte	0x8
 1110 04c3 39       		.byte	0x39
 1111 04c4 81000000 		.4byte	0x81
 1112 04c8 17       		.uleb128 0x17
 1113 04c9 00010000 		.4byte	.LASF39
 1114 04cd 09       		.byte	0x9
 1115 04ce 33       		.byte	0x33
 1116 04cf D9040000 		.4byte	0x4d9
 1117 04d3 18       		.uleb128 0x18
 1118 04d4 81000000 		.4byte	0x81
 1119 04d8 00       		.byte	0
ARM GAS  C:\Users\Petro\AppData\Local\Temp\ccnhjSth.s 			page 23


 1120 04d9 1A       		.uleb128 0x1a
 1121 04da 0A000000 		.4byte	.LASF40
 1122 04de 0A       		.byte	0xa
 1123 04df 4701     		.2byte	0x147
 1124 04e1 EB040000 		.4byte	0x4eb
 1125 04e5 18       		.uleb128 0x18
 1126 04e6 8D000000 		.4byte	0x8d
 1127 04ea 00       		.byte	0
 1128 04eb 1B       		.uleb128 0x1b
 1129 04ec 63020000 		.4byte	.LASF41
 1130 04f0 0A       		.byte	0xa
 1131 04f1 3201     		.2byte	0x132
 1132 04f3 1B       		.uleb128 0x1b
 1133 04f4 27030000 		.4byte	.LASF42
 1134 04f8 0A       		.byte	0xa
 1135 04f9 3301     		.2byte	0x133
 1136 04fb 19       		.uleb128 0x19
 1137 04fc 2C010000 		.4byte	.LASF43
 1138 0500 09       		.byte	0x9
 1139 0501 32       		.byte	0x32
 1140 0502 81000000 		.4byte	0x81
 1141 0506 19       		.uleb128 0x19
 1142 0507 92010000 		.4byte	.LASF44
 1143 050b 0B       		.byte	0xb
 1144 050c 32       		.byte	0x32
 1145 050d 81000000 		.4byte	0x81
 1146 0511 17       		.uleb128 0x17
 1147 0512 1E010000 		.4byte	.LASF45
 1148 0516 0B       		.byte	0xb
 1149 0517 33       		.byte	0x33
 1150 0518 22050000 		.4byte	0x522
 1151 051c 18       		.uleb128 0x18
 1152 051d 81000000 		.4byte	0x81
 1153 0521 00       		.byte	0
 1154 0522 17       		.uleb128 0x17
 1155 0523 ED010000 		.4byte	.LASF46
 1156 0527 0C       		.byte	0xc
 1157 0528 3D       		.byte	0x3d
 1158 0529 38050000 		.4byte	0x538
 1159 052d 18       		.uleb128 0x18
 1160 052e 81000000 		.4byte	0x81
 1161 0532 18       		.uleb128 0x18
 1162 0533 81000000 		.4byte	0x81
 1163 0537 00       		.byte	0
 1164 0538 17       		.uleb128 0x17
 1165 0539 75020000 		.4byte	.LASF47
 1166 053d 0C       		.byte	0xc
 1167 053e 3C       		.byte	0x3c
 1168 053f 49050000 		.4byte	0x549
 1169 0543 18       		.uleb128 0x18
 1170 0544 B2040000 		.4byte	0x4b2
 1171 0548 00       		.byte	0
 1172 0549 1C       		.uleb128 0x1c
 1173 054a 96030000 		.4byte	.LASF57
 1174 054e 10       		.byte	0x10
 1175 054f DE       		.byte	0xde
 1176 0550 68000000 		.4byte	0x68
ARM GAS  C:\Users\Petro\AppData\Local\Temp\ccnhjSth.s 			page 24


 1177 0554 64050000 		.4byte	0x564
 1178 0558 18       		.uleb128 0x18
 1179 0559 D4000000 		.4byte	0xd4
 1180 055d 18       		.uleb128 0x18
 1181 055e DA000000 		.4byte	0xda
 1182 0562 1D       		.uleb128 0x1d
 1183 0563 00       		.byte	0
 1184 0564 1E       		.uleb128 0x1e
 1185 0565 E2000000 		.4byte	.LASF48
 1186 0569 05       		.byte	0x5
 1187 056a 54       		.byte	0x54
 1188 056b 1E       		.uleb128 0x1e
 1189 056c 38020000 		.4byte	.LASF49
 1190 0570 0C       		.byte	0xc
 1191 0571 38       		.byte	0x38
 1192 0572 17       		.uleb128 0x17
 1193 0573 D6000000 		.4byte	.LASF50
 1194 0577 0D       		.byte	0xd
 1195 0578 18       		.byte	0x18
 1196 0579 83050000 		.4byte	0x583
 1197 057d 18       		.uleb128 0x18
 1198 057e BA000000 		.4byte	0xba
 1199 0582 00       		.byte	0
 1200 0583 17       		.uleb128 0x17
 1201 0584 22020000 		.4byte	.LASF51
 1202 0588 0E       		.byte	0xe
 1203 0589 18       		.byte	0x18
 1204 058a 94050000 		.4byte	0x594
 1205 058e 18       		.uleb128 0x18
 1206 058f BA000000 		.4byte	0xba
 1207 0593 00       		.byte	0
 1208 0594 17       		.uleb128 0x17
 1209 0595 77030000 		.4byte	.LASF52
 1210 0599 0F       		.byte	0xf
 1211 059a 18       		.byte	0x18
 1212 059b A5050000 		.4byte	0x5a5
 1213 059f 18       		.uleb128 0x18
 1214 05a0 BA000000 		.4byte	0xba
 1215 05a4 00       		.byte	0
 1216 05a5 1F       		.uleb128 0x1f
 1217 05a6 1F000000 		.4byte	.LASF58
 1218 05aa 11       		.byte	0x11
 1219 05ab 18       		.byte	0x18
 1220 05ac 18       		.uleb128 0x18
 1221 05ad BA000000 		.4byte	0xba
 1222 05b1 00       		.byte	0
 1223 05b2 00       		.byte	0
 1224              		.section	.debug_abbrev,"",%progbits
 1225              	.Ldebug_abbrev0:
 1226 0000 01       		.uleb128 0x1
 1227 0001 11       		.uleb128 0x11
 1228 0002 01       		.byte	0x1
 1229 0003 25       		.uleb128 0x25
 1230 0004 0E       		.uleb128 0xe
 1231 0005 13       		.uleb128 0x13
 1232 0006 0B       		.uleb128 0xb
 1233 0007 03       		.uleb128 0x3
ARM GAS  C:\Users\Petro\AppData\Local\Temp\ccnhjSth.s 			page 25


 1234 0008 0E       		.uleb128 0xe
 1235 0009 1B       		.uleb128 0x1b
 1236 000a 0E       		.uleb128 0xe
 1237 000b 55       		.uleb128 0x55
 1238 000c 17       		.uleb128 0x17
 1239 000d 11       		.uleb128 0x11
 1240 000e 01       		.uleb128 0x1
 1241 000f 10       		.uleb128 0x10
 1242 0010 17       		.uleb128 0x17
 1243 0011 00       		.byte	0
 1244 0012 00       		.byte	0
 1245 0013 02       		.uleb128 0x2
 1246 0014 24       		.uleb128 0x24
 1247 0015 00       		.byte	0
 1248 0016 0B       		.uleb128 0xb
 1249 0017 0B       		.uleb128 0xb
 1250 0018 3E       		.uleb128 0x3e
 1251 0019 0B       		.uleb128 0xb
 1252 001a 03       		.uleb128 0x3
 1253 001b 0E       		.uleb128 0xe
 1254 001c 00       		.byte	0
 1255 001d 00       		.byte	0
 1256 001e 03       		.uleb128 0x3
 1257 001f 16       		.uleb128 0x16
 1258 0020 00       		.byte	0
 1259 0021 03       		.uleb128 0x3
 1260 0022 0E       		.uleb128 0xe
 1261 0023 3A       		.uleb128 0x3a
 1262 0024 0B       		.uleb128 0xb
 1263 0025 3B       		.uleb128 0x3b
 1264 0026 0B       		.uleb128 0xb
 1265 0027 49       		.uleb128 0x49
 1266 0028 13       		.uleb128 0x13
 1267 0029 00       		.byte	0
 1268 002a 00       		.byte	0
 1269 002b 04       		.uleb128 0x4
 1270 002c 24       		.uleb128 0x24
 1271 002d 00       		.byte	0
 1272 002e 0B       		.uleb128 0xb
 1273 002f 0B       		.uleb128 0xb
 1274 0030 3E       		.uleb128 0x3e
 1275 0031 0B       		.uleb128 0xb
 1276 0032 03       		.uleb128 0x3
 1277 0033 08       		.uleb128 0x8
 1278 0034 00       		.byte	0
 1279 0035 00       		.byte	0
 1280 0036 05       		.uleb128 0x5
 1281 0037 16       		.uleb128 0x16
 1282 0038 00       		.byte	0
 1283 0039 03       		.uleb128 0x3
 1284 003a 0E       		.uleb128 0xe
 1285 003b 3A       		.uleb128 0x3a
 1286 003c 0B       		.uleb128 0xb
 1287 003d 3B       		.uleb128 0x3b
 1288 003e 05       		.uleb128 0x5
 1289 003f 49       		.uleb128 0x49
 1290 0040 13       		.uleb128 0x13
ARM GAS  C:\Users\Petro\AppData\Local\Temp\ccnhjSth.s 			page 26


 1291 0041 00       		.byte	0
 1292 0042 00       		.byte	0
 1293 0043 06       		.uleb128 0x6
 1294 0044 0F       		.uleb128 0xf
 1295 0045 00       		.byte	0
 1296 0046 0B       		.uleb128 0xb
 1297 0047 0B       		.uleb128 0xb
 1298 0048 49       		.uleb128 0x49
 1299 0049 13       		.uleb128 0x13
 1300 004a 00       		.byte	0
 1301 004b 00       		.byte	0
 1302 004c 07       		.uleb128 0x7
 1303 004d 15       		.uleb128 0x15
 1304 004e 00       		.byte	0
 1305 004f 27       		.uleb128 0x27
 1306 0050 19       		.uleb128 0x19
 1307 0051 00       		.byte	0
 1308 0052 00       		.byte	0
 1309 0053 08       		.uleb128 0x8
 1310 0054 26       		.uleb128 0x26
 1311 0055 00       		.byte	0
 1312 0056 49       		.uleb128 0x49
 1313 0057 13       		.uleb128 0x13
 1314 0058 00       		.byte	0
 1315 0059 00       		.byte	0
 1316 005a 09       		.uleb128 0x9
 1317 005b 04       		.uleb128 0x4
 1318 005c 01       		.byte	0x1
 1319 005d 0B       		.uleb128 0xb
 1320 005e 0B       		.uleb128 0xb
 1321 005f 3A       		.uleb128 0x3a
 1322 0060 0B       		.uleb128 0xb
 1323 0061 3B       		.uleb128 0x3b
 1324 0062 0B       		.uleb128 0xb
 1325 0063 01       		.uleb128 0x1
 1326 0064 13       		.uleb128 0x13
 1327 0065 00       		.byte	0
 1328 0066 00       		.byte	0
 1329 0067 0A       		.uleb128 0xa
 1330 0068 28       		.uleb128 0x28
 1331 0069 00       		.byte	0
 1332 006a 03       		.uleb128 0x3
 1333 006b 0E       		.uleb128 0xe
 1334 006c 1C       		.uleb128 0x1c
 1335 006d 0D       		.uleb128 0xd
 1336 006e 00       		.byte	0
 1337 006f 00       		.byte	0
 1338 0070 0B       		.uleb128 0xb
 1339 0071 2E       		.uleb128 0x2e
 1340 0072 01       		.byte	0x1
 1341 0073 3F       		.uleb128 0x3f
 1342 0074 19       		.uleb128 0x19
 1343 0075 03       		.uleb128 0x3
 1344 0076 0E       		.uleb128 0xe
 1345 0077 3A       		.uleb128 0x3a
 1346 0078 0B       		.uleb128 0xb
 1347 0079 3B       		.uleb128 0x3b
ARM GAS  C:\Users\Petro\AppData\Local\Temp\ccnhjSth.s 			page 27


 1348 007a 0B       		.uleb128 0xb
 1349 007b 27       		.uleb128 0x27
 1350 007c 19       		.uleb128 0x19
 1351 007d 11       		.uleb128 0x11
 1352 007e 01       		.uleb128 0x1
 1353 007f 12       		.uleb128 0x12
 1354 0080 06       		.uleb128 0x6
 1355 0081 40       		.uleb128 0x40
 1356 0082 18       		.uleb128 0x18
 1357 0083 9742     		.uleb128 0x2117
 1358 0085 19       		.uleb128 0x19
 1359 0086 01       		.uleb128 0x1
 1360 0087 13       		.uleb128 0x13
 1361 0088 00       		.byte	0
 1362 0089 00       		.byte	0
 1363 008a 0C       		.uleb128 0xc
 1364 008b 898201   		.uleb128 0x4109
 1365 008e 01       		.byte	0x1
 1366 008f 11       		.uleb128 0x11
 1367 0090 01       		.uleb128 0x1
 1368 0091 31       		.uleb128 0x31
 1369 0092 13       		.uleb128 0x13
 1370 0093 01       		.uleb128 0x1
 1371 0094 13       		.uleb128 0x13
 1372 0095 00       		.byte	0
 1373 0096 00       		.byte	0
 1374 0097 0D       		.uleb128 0xd
 1375 0098 8A8201   		.uleb128 0x410a
 1376 009b 00       		.byte	0
 1377 009c 02       		.uleb128 0x2
 1378 009d 18       		.uleb128 0x18
 1379 009e 9142     		.uleb128 0x2111
 1380 00a0 18       		.uleb128 0x18
 1381 00a1 00       		.byte	0
 1382 00a2 00       		.byte	0
 1383 00a3 0E       		.uleb128 0xe
 1384 00a4 898201   		.uleb128 0x4109
 1385 00a7 00       		.byte	0
 1386 00a8 11       		.uleb128 0x11
 1387 00a9 01       		.uleb128 0x1
 1388 00aa 31       		.uleb128 0x31
 1389 00ab 13       		.uleb128 0x13
 1390 00ac 00       		.byte	0
 1391 00ad 00       		.byte	0
 1392 00ae 0F       		.uleb128 0xf
 1393 00af 34       		.uleb128 0x34
 1394 00b0 00       		.byte	0
 1395 00b1 03       		.uleb128 0x3
 1396 00b2 08       		.uleb128 0x8
 1397 00b3 3A       		.uleb128 0x3a
 1398 00b4 0B       		.uleb128 0xb
 1399 00b5 3B       		.uleb128 0x3b
 1400 00b6 0B       		.uleb128 0xb
 1401 00b7 49       		.uleb128 0x49
 1402 00b8 13       		.uleb128 0x13
 1403 00b9 02       		.uleb128 0x2
 1404 00ba 18       		.uleb128 0x18
ARM GAS  C:\Users\Petro\AppData\Local\Temp\ccnhjSth.s 			page 28


 1405 00bb 00       		.byte	0
 1406 00bc 00       		.byte	0
 1407 00bd 10       		.uleb128 0x10
 1408 00be 898201   		.uleb128 0x4109
 1409 00c1 01       		.byte	0x1
 1410 00c2 11       		.uleb128 0x11
 1411 00c3 01       		.uleb128 0x1
 1412 00c4 31       		.uleb128 0x31
 1413 00c5 13       		.uleb128 0x13
 1414 00c6 00       		.byte	0
 1415 00c7 00       		.byte	0
 1416 00c8 11       		.uleb128 0x11
 1417 00c9 34       		.uleb128 0x34
 1418 00ca 00       		.byte	0
 1419 00cb 03       		.uleb128 0x3
 1420 00cc 08       		.uleb128 0x8
 1421 00cd 3A       		.uleb128 0x3a
 1422 00ce 0B       		.uleb128 0xb
 1423 00cf 3B       		.uleb128 0x3b
 1424 00d0 0B       		.uleb128 0xb
 1425 00d1 49       		.uleb128 0x49
 1426 00d2 13       		.uleb128 0x13
 1427 00d3 02       		.uleb128 0x2
 1428 00d4 17       		.uleb128 0x17
 1429 00d5 00       		.byte	0
 1430 00d6 00       		.byte	0
 1431 00d7 12       		.uleb128 0x12
 1432 00d8 34       		.uleb128 0x34
 1433 00d9 00       		.byte	0
 1434 00da 03       		.uleb128 0x3
 1435 00db 0E       		.uleb128 0xe
 1436 00dc 3A       		.uleb128 0x3a
 1437 00dd 0B       		.uleb128 0xb
 1438 00de 3B       		.uleb128 0x3b
 1439 00df 0B       		.uleb128 0xb
 1440 00e0 49       		.uleb128 0x49
 1441 00e1 13       		.uleb128 0x13
 1442 00e2 02       		.uleb128 0x2
 1443 00e3 18       		.uleb128 0x18
 1444 00e4 00       		.byte	0
 1445 00e5 00       		.byte	0
 1446 00e6 13       		.uleb128 0x13
 1447 00e7 01       		.uleb128 0x1
 1448 00e8 01       		.byte	0x1
 1449 00e9 49       		.uleb128 0x49
 1450 00ea 13       		.uleb128 0x13
 1451 00eb 01       		.uleb128 0x1
 1452 00ec 13       		.uleb128 0x13
 1453 00ed 00       		.byte	0
 1454 00ee 00       		.byte	0
 1455 00ef 14       		.uleb128 0x14
 1456 00f0 21       		.uleb128 0x21
 1457 00f1 00       		.byte	0
 1458 00f2 49       		.uleb128 0x49
 1459 00f3 13       		.uleb128 0x13
 1460 00f4 2F       		.uleb128 0x2f
 1461 00f5 0B       		.uleb128 0xb
ARM GAS  C:\Users\Petro\AppData\Local\Temp\ccnhjSth.s 			page 29


 1462 00f6 00       		.byte	0
 1463 00f7 00       		.byte	0
 1464 00f8 15       		.uleb128 0x15
 1465 00f9 2E       		.uleb128 0x2e
 1466 00fa 01       		.byte	0x1
 1467 00fb 3F       		.uleb128 0x3f
 1468 00fc 19       		.uleb128 0x19
 1469 00fd 03       		.uleb128 0x3
 1470 00fe 0E       		.uleb128 0xe
 1471 00ff 3A       		.uleb128 0x3a
 1472 0100 0B       		.uleb128 0xb
 1473 0101 3B       		.uleb128 0x3b
 1474 0102 0B       		.uleb128 0xb
 1475 0103 27       		.uleb128 0x27
 1476 0104 19       		.uleb128 0x19
 1477 0105 49       		.uleb128 0x49
 1478 0106 13       		.uleb128 0x13
 1479 0107 11       		.uleb128 0x11
 1480 0108 01       		.uleb128 0x1
 1481 0109 12       		.uleb128 0x12
 1482 010a 06       		.uleb128 0x6
 1483 010b 40       		.uleb128 0x40
 1484 010c 18       		.uleb128 0x18
 1485 010d 9742     		.uleb128 0x2117
 1486 010f 19       		.uleb128 0x19
 1487 0110 01       		.uleb128 0x1
 1488 0111 13       		.uleb128 0x13
 1489 0112 00       		.byte	0
 1490 0113 00       		.byte	0
 1491 0114 16       		.uleb128 0x16
 1492 0115 34       		.uleb128 0x34
 1493 0116 00       		.byte	0
 1494 0117 03       		.uleb128 0x3
 1495 0118 0E       		.uleb128 0xe
 1496 0119 3A       		.uleb128 0x3a
 1497 011a 0B       		.uleb128 0xb
 1498 011b 3B       		.uleb128 0x3b
 1499 011c 0B       		.uleb128 0xb
 1500 011d 49       		.uleb128 0x49
 1501 011e 13       		.uleb128 0x13
 1502 011f 3F       		.uleb128 0x3f
 1503 0120 19       		.uleb128 0x19
 1504 0121 02       		.uleb128 0x2
 1505 0122 18       		.uleb128 0x18
 1506 0123 00       		.byte	0
 1507 0124 00       		.byte	0
 1508 0125 17       		.uleb128 0x17
 1509 0126 2E       		.uleb128 0x2e
 1510 0127 01       		.byte	0x1
 1511 0128 3F       		.uleb128 0x3f
 1512 0129 19       		.uleb128 0x19
 1513 012a 03       		.uleb128 0x3
 1514 012b 0E       		.uleb128 0xe
 1515 012c 3A       		.uleb128 0x3a
 1516 012d 0B       		.uleb128 0xb
 1517 012e 3B       		.uleb128 0x3b
 1518 012f 0B       		.uleb128 0xb
ARM GAS  C:\Users\Petro\AppData\Local\Temp\ccnhjSth.s 			page 30


 1519 0130 27       		.uleb128 0x27
 1520 0131 19       		.uleb128 0x19
 1521 0132 3C       		.uleb128 0x3c
 1522 0133 19       		.uleb128 0x19
 1523 0134 01       		.uleb128 0x1
 1524 0135 13       		.uleb128 0x13
 1525 0136 00       		.byte	0
 1526 0137 00       		.byte	0
 1527 0138 18       		.uleb128 0x18
 1528 0139 05       		.uleb128 0x5
 1529 013a 00       		.byte	0
 1530 013b 49       		.uleb128 0x49
 1531 013c 13       		.uleb128 0x13
 1532 013d 00       		.byte	0
 1533 013e 00       		.byte	0
 1534 013f 19       		.uleb128 0x19
 1535 0140 2E       		.uleb128 0x2e
 1536 0141 00       		.byte	0
 1537 0142 3F       		.uleb128 0x3f
 1538 0143 19       		.uleb128 0x19
 1539 0144 03       		.uleb128 0x3
 1540 0145 0E       		.uleb128 0xe
 1541 0146 3A       		.uleb128 0x3a
 1542 0147 0B       		.uleb128 0xb
 1543 0148 3B       		.uleb128 0x3b
 1544 0149 0B       		.uleb128 0xb
 1545 014a 27       		.uleb128 0x27
 1546 014b 19       		.uleb128 0x19
 1547 014c 49       		.uleb128 0x49
 1548 014d 13       		.uleb128 0x13
 1549 014e 3C       		.uleb128 0x3c
 1550 014f 19       		.uleb128 0x19
 1551 0150 00       		.byte	0
 1552 0151 00       		.byte	0
 1553 0152 1A       		.uleb128 0x1a
 1554 0153 2E       		.uleb128 0x2e
 1555 0154 01       		.byte	0x1
 1556 0155 3F       		.uleb128 0x3f
 1557 0156 19       		.uleb128 0x19
 1558 0157 03       		.uleb128 0x3
 1559 0158 0E       		.uleb128 0xe
 1560 0159 3A       		.uleb128 0x3a
 1561 015a 0B       		.uleb128 0xb
 1562 015b 3B       		.uleb128 0x3b
 1563 015c 05       		.uleb128 0x5
 1564 015d 27       		.uleb128 0x27
 1565 015e 19       		.uleb128 0x19
 1566 015f 3C       		.uleb128 0x3c
 1567 0160 19       		.uleb128 0x19
 1568 0161 01       		.uleb128 0x1
 1569 0162 13       		.uleb128 0x13
 1570 0163 00       		.byte	0
 1571 0164 00       		.byte	0
 1572 0165 1B       		.uleb128 0x1b
 1573 0166 2E       		.uleb128 0x2e
 1574 0167 00       		.byte	0
 1575 0168 3F       		.uleb128 0x3f
ARM GAS  C:\Users\Petro\AppData\Local\Temp\ccnhjSth.s 			page 31


 1576 0169 19       		.uleb128 0x19
 1577 016a 03       		.uleb128 0x3
 1578 016b 0E       		.uleb128 0xe
 1579 016c 3A       		.uleb128 0x3a
 1580 016d 0B       		.uleb128 0xb
 1581 016e 3B       		.uleb128 0x3b
 1582 016f 05       		.uleb128 0x5
 1583 0170 27       		.uleb128 0x27
 1584 0171 19       		.uleb128 0x19
 1585 0172 3C       		.uleb128 0x3c
 1586 0173 19       		.uleb128 0x19
 1587 0174 00       		.byte	0
 1588 0175 00       		.byte	0
 1589 0176 1C       		.uleb128 0x1c
 1590 0177 2E       		.uleb128 0x2e
 1591 0178 01       		.byte	0x1
 1592 0179 3F       		.uleb128 0x3f
 1593 017a 19       		.uleb128 0x19
 1594 017b 03       		.uleb128 0x3
 1595 017c 0E       		.uleb128 0xe
 1596 017d 3A       		.uleb128 0x3a
 1597 017e 0B       		.uleb128 0xb
 1598 017f 3B       		.uleb128 0x3b
 1599 0180 0B       		.uleb128 0xb
 1600 0181 27       		.uleb128 0x27
 1601 0182 19       		.uleb128 0x19
 1602 0183 49       		.uleb128 0x49
 1603 0184 13       		.uleb128 0x13
 1604 0185 3C       		.uleb128 0x3c
 1605 0186 19       		.uleb128 0x19
 1606 0187 01       		.uleb128 0x1
 1607 0188 13       		.uleb128 0x13
 1608 0189 00       		.byte	0
 1609 018a 00       		.byte	0
 1610 018b 1D       		.uleb128 0x1d
 1611 018c 18       		.uleb128 0x18
 1612 018d 00       		.byte	0
 1613 018e 00       		.byte	0
 1614 018f 00       		.byte	0
 1615 0190 1E       		.uleb128 0x1e
 1616 0191 2E       		.uleb128 0x2e
 1617 0192 00       		.byte	0
 1618 0193 3F       		.uleb128 0x3f
 1619 0194 19       		.uleb128 0x19
 1620 0195 03       		.uleb128 0x3
 1621 0196 0E       		.uleb128 0xe
 1622 0197 3A       		.uleb128 0x3a
 1623 0198 0B       		.uleb128 0xb
 1624 0199 3B       		.uleb128 0x3b
 1625 019a 0B       		.uleb128 0xb
 1626 019b 27       		.uleb128 0x27
 1627 019c 19       		.uleb128 0x19
 1628 019d 3C       		.uleb128 0x3c
 1629 019e 19       		.uleb128 0x19
 1630 019f 00       		.byte	0
 1631 01a0 00       		.byte	0
 1632 01a1 1F       		.uleb128 0x1f
ARM GAS  C:\Users\Petro\AppData\Local\Temp\ccnhjSth.s 			page 32


 1633 01a2 2E       		.uleb128 0x2e
 1634 01a3 01       		.byte	0x1
 1635 01a4 3F       		.uleb128 0x3f
 1636 01a5 19       		.uleb128 0x19
 1637 01a6 03       		.uleb128 0x3
 1638 01a7 0E       		.uleb128 0xe
 1639 01a8 3A       		.uleb128 0x3a
 1640 01a9 0B       		.uleb128 0xb
 1641 01aa 3B       		.uleb128 0x3b
 1642 01ab 0B       		.uleb128 0xb
 1643 01ac 27       		.uleb128 0x27
 1644 01ad 19       		.uleb128 0x19
 1645 01ae 3C       		.uleb128 0x3c
 1646 01af 19       		.uleb128 0x19
 1647 01b0 00       		.byte	0
 1648 01b1 00       		.byte	0
 1649 01b2 00       		.byte	0
 1650              		.section	.debug_loc,"",%progbits
 1651              	.Ldebug_loc0:
 1652              	.LLST0:
 1653 0000 1E000000 		.4byte	.LVL15
 1654 0004 3A000000 		.4byte	.LVL20
 1655 0008 0100     		.2byte	0x1
 1656 000a 54       		.byte	0x54
 1657 000b 3C000000 		.4byte	.LVL21
 1658 000f 40000000 		.4byte	.LVL22
 1659 0013 0100     		.2byte	0x1
 1660 0015 54       		.byte	0x54
 1661 0016 4A000000 		.4byte	.LVL23
 1662 001a 6C000000 		.4byte	.LVL29
 1663 001e 0100     		.2byte	0x1
 1664 0020 54       		.byte	0x54
 1665 0021 6E000000 		.4byte	.LVL30
 1666 0025 72000000 		.4byte	.LVL31
 1667 0029 0100     		.2byte	0x1
 1668 002b 54       		.byte	0x54
 1669 002c 00000000 		.4byte	0
 1670 0030 00000000 		.4byte	0
 1671              		.section	.debug_aranges,"",%progbits
 1672 0000 4C000000 		.4byte	0x4c
 1673 0004 0200     		.2byte	0x2
 1674 0006 00000000 		.4byte	.Ldebug_info0
 1675 000a 04       		.byte	0x4
 1676 000b 00       		.byte	0
 1677 000c 0000     		.2byte	0
 1678 000e 0000     		.2byte	0
 1679 0010 00000000 		.4byte	.LFB34
 1680 0014 34000000 		.4byte	.LFE34-.LFB34
 1681 0018 00000000 		.4byte	.LFB35
 1682 001c 34000000 		.4byte	.LFE35-.LFB35
 1683 0020 00000000 		.4byte	.LFB36
 1684 0024 3C000000 		.4byte	.LFE36-.LFB36
 1685 0028 00000000 		.4byte	.LFB37
 1686 002c 16000000 		.4byte	.LFE37-.LFB37
 1687 0030 00000000 		.4byte	.LFB39
 1688 0034 80000000 		.4byte	.LFE39-.LFB39
 1689 0038 00000000 		.4byte	.LFB40
ARM GAS  C:\Users\Petro\AppData\Local\Temp\ccnhjSth.s 			page 33


 1690 003c 54000000 		.4byte	.LFE40-.LFB40
 1691 0040 00000000 		.4byte	.LFB38
 1692 0044 40000000 		.4byte	.LFE38-.LFB38
 1693 0048 00000000 		.4byte	0
 1694 004c 00000000 		.4byte	0
 1695              		.section	.debug_ranges,"",%progbits
 1696              	.Ldebug_ranges0:
 1697 0000 00000000 		.4byte	.LFB34
 1698 0004 34000000 		.4byte	.LFE34
 1699 0008 00000000 		.4byte	.LFB35
 1700 000c 34000000 		.4byte	.LFE35
 1701 0010 00000000 		.4byte	.LFB36
 1702 0014 3C000000 		.4byte	.LFE36
 1703 0018 00000000 		.4byte	.LFB37
 1704 001c 16000000 		.4byte	.LFE37
 1705 0020 00000000 		.4byte	.LFB39
 1706 0024 80000000 		.4byte	.LFE39
 1707 0028 00000000 		.4byte	.LFB40
 1708 002c 54000000 		.4byte	.LFE40
 1709 0030 00000000 		.4byte	.LFB38
 1710 0034 40000000 		.4byte	.LFE38
 1711 0038 00000000 		.4byte	0
 1712 003c 00000000 		.4byte	0
 1713              		.section	.debug_line,"",%progbits
 1714              	.Ldebug_line0:
 1715 0000 DC020000 		.section	.debug_str,"MS",%progbits,1
 1715      0200E001 
 1715      00000201 
 1715      FB0E0D00 
 1715      01010101 
 1716              	.LASF20:
 1717 0000 74727565 		.ascii	"true\000"
 1717      00
 1718              	.LASF21:
 1719 0005 626F6F6C 		.ascii	"bool\000"
 1719      00
 1720              	.LASF40:
 1721 000a 74696D65 		.ascii	"timer_ClearInterrupt\000"
 1721      725F436C 
 1721      65617249 
 1721      6E746572 
 1721      72757074 
 1722              	.LASF58:
 1723 001f 696E745F 		.ascii	"int_cancel_StartEx\000"
 1723      63616E63 
 1723      656C5F53 
 1723      74617274 
 1723      457800
 1724              	.LASF38:
 1725 0032 63616E63 		.ascii	"cancel_ClearInterrupt\000"
 1725      656C5F43 
 1725      6C656172 
 1725      496E7465 
 1725      72727570 
 1726              	.LASF29:
 1727 0048 73746172 		.ascii	"startPress\000"
 1727      74507265 
ARM GAS  C:\Users\Petro\AppData\Local\Temp\ccnhjSth.s 			page 34


 1727      737300
 1728              	.LASF31:
 1729 0053 736B6965 		.ascii	"skier\000"
 1729      7200
 1730              	.LASF28:
 1731 0059 64697370 		.ascii	"display_buff\000"
 1731      6C61795F 
 1731      62756666 
 1731      00
 1732              	.LASF3:
 1733 0066 73686F72 		.ascii	"short unsigned int\000"
 1733      7420756E 
 1733      7369676E 
 1733      65642069 
 1733      6E7400
 1734              	.LASF55:
 1735 0079 443A5C43 		.ascii	"D:\\Cypress\\system-start-finish\\fw\\start\\sandbo"
 1735      79707265 
 1735      73735C73 
 1735      79737465 
 1735      6D2D7374 
 1736 00a7 785C576F 		.ascii	"x\\Workspace_start_1\\Start01.cydsn\000"
 1736      726B7370 
 1736      6163655F 
 1736      73746172 
 1736      745F315C 
 1737              	.LASF36:
 1738 00c9 78626565 		.ascii	"xbee_GetChar\000"
 1738      5F476574 
 1738      43686172 
 1738      00
 1739              	.LASF50:
 1740 00d6 6973725F 		.ascii	"isr_StartEx\000"
 1740      53746172 
 1740      74457800 
 1741              	.LASF48:
 1742 00e2 78626565 		.ascii	"xbee_Start\000"
 1742      5F537461 
 1742      727400
 1743              	.LASF27:
 1744 00ed 64697370 		.ascii	"display_indication\000"
 1744      6C61795F 
 1744      696E6469 
 1744      63617469 
 1744      6F6E00
 1745              	.LASF39:
 1746 0100 6C65645F 		.ascii	"led_blue_Write\000"
 1746      626C7565 
 1746      5F577269 
 1746      746500
 1747              	.LASF26:
 1748 010f 6C65645F 		.ascii	"led_indication\000"
 1748      696E6469 
 1748      63617469 
 1748      6F6E00
 1749              	.LASF45:
 1750 011e 6C65645F 		.ascii	"led_red_Write\000"
ARM GAS  C:\Users\Petro\AppData\Local\Temp\ccnhjSth.s 			page 35


 1750      7265645F 
 1750      57726974 
 1750      6500
 1751              	.LASF43:
 1752 012c 6C65645F 		.ascii	"led_blue_Read\000"
 1752      626C7565 
 1752      5F526561 
 1752      6400
 1753              	.LASF13:
 1754 013a 666C6F61 		.ascii	"float\000"
 1754      7400
 1755              	.LASF1:
 1756 0140 756E7369 		.ascii	"unsigned char\000"
 1756      676E6564 
 1756      20636861 
 1756      7200
 1757              	.LASF30:
 1758 014e 63616E63 		.ascii	"cancelPress\000"
 1758      656C5072 
 1758      65737300 
 1759              	.LASF9:
 1760 015a 5F5F7569 		.ascii	"__uint32_t\000"
 1760      6E743332 
 1760      5F7400
 1761              	.LASF23:
 1762 0165 64617461 		.ascii	"dataHandler\000"
 1762      48616E64 
 1762      6C657200 
 1763              	.LASF5:
 1764 0171 6C6F6E67 		.ascii	"long unsigned int\000"
 1764      20756E73 
 1764      69676E65 
 1764      6420696E 
 1764      7400
 1765              	.LASF37:
 1766 0183 78626565 		.ascii	"xbee_PutString\000"
 1766      5F507574 
 1766      53747269 
 1766      6E6700
 1767              	.LASF44:
 1768 0192 6C65645F 		.ascii	"led_red_Read\000"
 1768      7265645F 
 1768      52656164 
 1768      00
 1769              	.LASF14:
 1770 019f 646F7562 		.ascii	"double\000"
 1770      6C6500
 1771              	.LASF24:
 1772 01a6 63616E63 		.ascii	"cancelHandler\000"
 1772      656C4861 
 1772      6E646C65 
 1772      7200
 1773              	.LASF54:
 1774 01b4 2E5C6D61 		.ascii	".\\main.c\000"
 1774      696E2E63 
 1774      00
 1775              	.LASF32:
ARM GAS  C:\Users\Petro\AppData\Local\Temp\ccnhjSth.s 			page 36


 1776 01bd 66696E69 		.ascii	"finish_time\000"
 1776      73685F74 
 1776      696D6500 
 1777              	.LASF12:
 1778 01c9 75696E74 		.ascii	"uint32\000"
 1778      333200
 1779              	.LASF56:
 1780 01d0 6D61696E 		.ascii	"main\000"
 1780      00
 1781              	.LASF8:
 1782 01d5 756E7369 		.ascii	"unsigned int\000"
 1782      676E6564 
 1782      20696E74 
 1782      00
 1783              	.LASF25:
 1784 01e2 69737248 		.ascii	"isrHandler\000"
 1784      616E646C 
 1784      657200
 1785              	.LASF46:
 1786 01ed 64697370 		.ascii	"display_Position\000"
 1786      6C61795F 
 1786      506F7369 
 1786      74696F6E 
 1786      00
 1787              	.LASF7:
 1788 01fe 6C6F6E67 		.ascii	"long long unsigned int\000"
 1788      206C6F6E 
 1788      6720756E 
 1788      7369676E 
 1788      65642069 
 1789              	.LASF17:
 1790 0215 63796973 		.ascii	"cyisraddress\000"
 1790      72616464 
 1790      72657373 
 1790      00
 1791              	.LASF51:
 1792 0222 6973725F 		.ascii	"isr_inputData_StartEx\000"
 1792      696E7075 
 1792      74446174 
 1792      615F5374 
 1792      61727445 
 1793              	.LASF49:
 1794 0238 64697370 		.ascii	"display_Start\000"
 1794      6C61795F 
 1794      53746172 
 1794      7400
 1795              	.LASF18:
 1796 0246 73697A65 		.ascii	"sizetype\000"
 1796      74797065 
 1796      00
 1797              	.LASF15:
 1798 024f 63686172 		.ascii	"char8\000"
 1798      3800
 1799              	.LASF6:
 1800 0255 6C6F6E67 		.ascii	"long long int\000"
 1800      206C6F6E 
 1800      6720696E 
ARM GAS  C:\Users\Petro\AppData\Local\Temp\ccnhjSth.s 			page 37


 1800      7400
 1801              	.LASF41:
 1802 0263 74696D65 		.ascii	"timer_Start\000"
 1802      725F5374 
 1802      61727400 
 1803              	.LASF19:
 1804 026f 66616C73 		.ascii	"false\000"
 1804      6500
 1805              	.LASF47:
 1806 0275 64697370 		.ascii	"display_PrintString\000"
 1806      6C61795F 
 1806      5072696E 
 1806      74537472 
 1806      696E6700 
 1807              	.LASF53:
 1808 0289 474E5520 		.ascii	"GNU C 4.9.3 20150303 (release) [ARM/embedded-4_9-br"
 1808      4320342E 
 1808      392E3320 
 1808      32303135 
 1808      30333033 
 1809 02bc 616E6368 		.ascii	"anch revision 221220] -mcpu=cortex-m0 -mthumb -g -O"
 1809      20726576 
 1809      6973696F 
 1809      6E203232 
 1809      31323230 
 1810 02ef 67202D66 		.ascii	"g -ffunction-sections -ffat-lto-objects\000"
 1810      66756E63 
 1810      74696F6E 
 1810      2D736563 
 1810      74696F6E 
 1811              	.LASF2:
 1812 0317 73686F72 		.ascii	"short int\000"
 1812      7420696E 
 1812      7400
 1813              	.LASF11:
 1814 0321 75696E74 		.ascii	"uint8\000"
 1814      3800
 1815              	.LASF42:
 1816 0327 74696D65 		.ascii	"timer_Stop\000"
 1816      725F5374 
 1816      6F7000
 1817              	.LASF10:
 1818 0332 75696E74 		.ascii	"uint32_t\000"
 1818      33325F74 
 1818      00
 1819              	.LASF4:
 1820 033b 6C6F6E67 		.ascii	"long int\000"
 1820      20696E74 
 1820      00
 1821              	.LASF16:
 1822 0344 63686172 		.ascii	"char\000"
 1822      00
 1823              	.LASF0:
 1824 0349 7369676E 		.ascii	"signed char\000"
 1824      65642063 
 1824      68617200 
 1825              	.LASF35:
ARM GAS  C:\Users\Petro\AppData\Local\Temp\ccnhjSth.s 			page 38


 1826 0355 73746172 		.ascii	"start_ClearInterrupt\000"
 1826      745F436C 
 1826      65617249 
 1826      6E746572 
 1826      72757074 
 1827              	.LASF33:
 1828 036a 78626565 		.ascii	"xbee_PutChar\000"
 1828      5F507574 
 1828      43686172 
 1828      00
 1829              	.LASF52:
 1830 0377 696E745F 		.ascii	"int_start_StartEx\000"
 1830      73746172 
 1830      745F5374 
 1830      61727445 
 1830      7800
 1831              	.LASF22:
 1832 0389 73746172 		.ascii	"startHandler\000"
 1832      7448616E 
 1832      646C6572 
 1832      00
 1833              	.LASF57:
 1834 0396 73707269 		.ascii	"sprintf\000"
 1834      6E746600 
 1835              	.LASF34:
 1836 039e 43794465 		.ascii	"CyDelay\000"
 1836      6C617900 
 1837              		.ident	"GCC: (GNU Tools for ARM Embedded Processors) 4.9.3 20150303 (release) [ARM/embedded-4_9-br
