ARM GAS  C:\Users\Petro\AppData\Local\Temp\ccKN27tN.s 			page 1


   1              		.cpu cortex-m0
   2              		.fpu softvfp
   3              		.eabi_attribute 20, 1
   4              		.eabi_attribute 21, 1
   5              		.eabi_attribute 23, 3
   6              		.eabi_attribute 24, 1
   7              		.eabi_attribute 25, 1
   8              		.eabi_attribute 26, 1
   9              		.eabi_attribute 30, 1
  10              		.eabi_attribute 34, 0
  11              		.eabi_attribute 18, 4
  12              		.code	16
  13              		.file	"main.c"
  14              		.text
  15              	.Ltext0:
  16              		.cfi_sections	.debug_frame
  17              		.section	.text.wireHandler,"ax",%progbits
  18              		.align	2
  19              		.global	wireHandler
  20              		.code	16
  21              		.thumb_func
  22              		.type	wireHandler, %function
  23              	wireHandler:
  24              	.LFB37:
  25              		.file 1 ".\\main.c"
   1:.\main.c      **** #include <project.h>
   2:.\main.c      **** //#include <stdlib.h>       //include for itoa()
   3:.\main.c      **** #include <stdio.h>          //include for sprintf()
   4:.\main.c      **** 
   5:.\main.c      **** struct time{
   6:.\main.c      ****     uint16_t hour;
   7:.\main.c      ****     uint16_t min;
   8:.\main.c      ****     uint16_t sec;
   9:.\main.c      ****     uint16_t msec;
  10:.\main.c      **** };        
  11:.\main.c      **** struct time wire = {0,0,0,0};
  12:.\main.c      **** struct time uart = {0,0,0,0};
  13:.\main.c      **** 
  14:.\main.c      **** CY_ISR(wireHandler)
  15:.\main.c      **** {
  26              		.loc 1 15 0
  27              		.cfi_startproc
  28 0000 08B5     		push	{r3, lr}
  29              		.cfi_def_cfa_offset 8
  30              		.cfi_offset 3, -8
  31              		.cfi_offset 14, -4
  16:.\main.c      ****     if (++wire.sec==59){
  32              		.loc 1 16 0
  33 0002 0F4A     		ldr	r2, .L3
  34 0004 9388     		ldrh	r3, [r2, #4]
  35 0006 0133     		add	r3, r3, #1
  36 0008 9BB2     		uxth	r3, r3
  37 000a 9380     		strh	r3, [r2, #4]
  38 000c 3B2B     		cmp	r3, #59
  39 000e 12D1     		bne	.L2
  17:.\main.c      ****         wire.sec = 0;   
  40              		.loc 1 17 0
ARM GAS  C:\Users\Petro\AppData\Local\Temp\ccKN27tN.s 			page 2


  41 0010 0023     		mov	r3, #0
  42 0012 9380     		strh	r3, [r2, #4]
  18:.\main.c      ****         if (++wire.min==59){
  43              		.loc 1 18 0
  44 0014 5388     		ldrh	r3, [r2, #2]
  45 0016 0133     		add	r3, r3, #1
  46 0018 9BB2     		uxth	r3, r3
  47 001a 5380     		strh	r3, [r2, #2]
  48 001c 3B2B     		cmp	r3, #59
  49 001e 0AD1     		bne	.L2
  19:.\main.c      ****             wire.min = 0;    
  50              		.loc 1 19 0
  51 0020 0023     		mov	r3, #0
  52 0022 5380     		strh	r3, [r2, #2]
  20:.\main.c      ****             if (++wire.hour==24) 
  53              		.loc 1 20 0
  54 0024 1388     		ldrh	r3, [r2]
  55 0026 0133     		add	r3, r3, #1
  56 0028 9BB2     		uxth	r3, r3
  57 002a 1380     		strh	r3, [r2]
  58 002c 182B     		cmp	r3, #24
  59 002e 02D1     		bne	.L2
  21:.\main.c      ****                 wire.hour = 0;   
  60              		.loc 1 21 0
  61 0030 0022     		mov	r2, #0
  62 0032 034B     		ldr	r3, .L3
  63 0034 1A80     		strh	r2, [r3]
  64              	.L2:
  22:.\main.c      ****         }  
  23:.\main.c      ****     }   
  24:.\main.c      ****     Timer_wire_ClearInterrupt(Timer_wire_INTR_MASK_CC_MATCH);
  65              		.loc 1 24 0
  66 0036 0220     		mov	r0, #2
  67 0038 FFF7FEFF 		bl	Timer_wire_ClearInterrupt
  68              	.LVL0:
  25:.\main.c      **** }
  69              		.loc 1 25 0
  70              		@ sp needed
  71 003c 08BD     		pop	{r3, pc}
  72              	.L4:
  73 003e C046     		.align	2
  74              	.L3:
  75 0040 00000000 		.word	.LANCHOR0
  76              		.cfi_endproc
  77              	.LFE37:
  78              		.size	wireHandler, .-wireHandler
  79              		.section	.text.uartHandler,"ax",%progbits
  80              		.align	2
  81              		.global	uartHandler
  82              		.code	16
  83              		.thumb_func
  84              		.type	uartHandler, %function
  85              	uartHandler:
  86              	.LFB38:
  26:.\main.c      **** CY_ISR(uartHandler)
  27:.\main.c      **** {
  87              		.loc 1 27 0
ARM GAS  C:\Users\Petro\AppData\Local\Temp\ccKN27tN.s 			page 3


  88              		.cfi_startproc
  89 0000 08B5     		push	{r3, lr}
  90              		.cfi_def_cfa_offset 8
  91              		.cfi_offset 3, -8
  92              		.cfi_offset 14, -4
  28:.\main.c      ****     if (++uart.sec==59){
  93              		.loc 1 28 0
  94 0002 0F4A     		ldr	r2, .L7
  95 0004 9389     		ldrh	r3, [r2, #12]
  96 0006 0133     		add	r3, r3, #1
  97 0008 9BB2     		uxth	r3, r3
  98 000a 9381     		strh	r3, [r2, #12]
  99 000c 3B2B     		cmp	r3, #59
 100 000e 12D1     		bne	.L6
  29:.\main.c      ****         uart.sec = 0;   
 101              		.loc 1 29 0
 102 0010 0023     		mov	r3, #0
 103 0012 9381     		strh	r3, [r2, #12]
  30:.\main.c      ****         if (++uart.min==59){
 104              		.loc 1 30 0
 105 0014 5389     		ldrh	r3, [r2, #10]
 106 0016 0133     		add	r3, r3, #1
 107 0018 9BB2     		uxth	r3, r3
 108 001a 5381     		strh	r3, [r2, #10]
 109 001c 3B2B     		cmp	r3, #59
 110 001e 0AD1     		bne	.L6
  31:.\main.c      ****             uart.min = 0;    
 111              		.loc 1 31 0
 112 0020 0023     		mov	r3, #0
 113 0022 5381     		strh	r3, [r2, #10]
  32:.\main.c      ****             if (++uart.hour==24) 
 114              		.loc 1 32 0
 115 0024 1389     		ldrh	r3, [r2, #8]
 116 0026 0133     		add	r3, r3, #1
 117 0028 9BB2     		uxth	r3, r3
 118 002a 1381     		strh	r3, [r2, #8]
 119 002c 182B     		cmp	r3, #24
 120 002e 02D1     		bne	.L6
  33:.\main.c      ****                 uart.hour = 0;   
 121              		.loc 1 33 0
 122 0030 0022     		mov	r2, #0
 123 0032 034B     		ldr	r3, .L7
 124 0034 1A81     		strh	r2, [r3, #8]
 125              	.L6:
  34:.\main.c      ****         }  
  35:.\main.c      ****     }   
  36:.\main.c      ****     Timer_uart_ClearInterrupt(Timer_uart_INTR_MASK_CC_MATCH);
 126              		.loc 1 36 0
 127 0036 0220     		mov	r0, #2
 128 0038 FFF7FEFF 		bl	Timer_uart_ClearInterrupt
 129              	.LVL1:
  37:.\main.c      **** }
 130              		.loc 1 37 0
 131              		@ sp needed
 132 003c 08BD     		pop	{r3, pc}
 133              	.L8:
 134 003e C046     		.align	2
ARM GAS  C:\Users\Petro\AppData\Local\Temp\ccKN27tN.s 			page 4


 135              	.L7:
 136 0040 00000000 		.word	.LANCHOR0
 137              		.cfi_endproc
 138              	.LFE38:
 139              		.size	uartHandler, .-uartHandler
 140              		.section	.text.stopHandler,"ax",%progbits
 141              		.align	2
 142              		.global	stopHandler
 143              		.code	16
 144              		.thumb_func
 145              		.type	stopHandler, %function
 146              	stopHandler:
 147              	.LFB39:
  38:.\main.c      **** CY_ISR(stopHandler)
  39:.\main.c      **** {
 148              		.loc 1 39 0
 149              		.cfi_startproc
 150 0000 08B5     		push	{r3, lr}
 151              		.cfi_def_cfa_offset 8
 152              		.cfi_offset 3, -8
 153              		.cfi_offset 14, -4
  40:.\main.c      ****     Timer_wire_Stop();
 154              		.loc 1 40 0
 155 0002 FFF7FEFF 		bl	Timer_wire_Stop
 156              	.LVL2:
  41:.\main.c      ****     Timer_uart_Stop();
 157              		.loc 1 41 0
 158 0006 FFF7FEFF 		bl	Timer_uart_Stop
 159              	.LVL3:
  42:.\main.c      ****     butt_stop_ClearInterrupt();
 160              		.loc 1 42 0
 161 000a FFF7FEFF 		bl	butt_stop_ClearInterrupt
 162              	.LVL4:
  43:.\main.c      **** }
 163              		.loc 1 43 0
 164              		@ sp needed
 165 000e 08BD     		pop	{r3, pc}
 166              		.cfi_endproc
 167              	.LFE39:
 168              		.size	stopHandler, .-stopHandler
 169              		.section	.text.wstartHandler,"ax",%progbits
 170              		.align	2
 171              		.global	wstartHandler
 172              		.code	16
 173              		.thumb_func
 174              		.type	wstartHandler, %function
 175              	wstartHandler:
 176              	.LFB40:
  44:.\main.c      **** CY_ISR(wstartHandler)
  45:.\main.c      **** {
 177              		.loc 1 45 0
 178              		.cfi_startproc
 179 0000 08B5     		push	{r3, lr}
 180              		.cfi_def_cfa_offset 8
 181              		.cfi_offset 3, -8
 182              		.cfi_offset 14, -4
  46:.\main.c      ****     Timer_wire_Start();
ARM GAS  C:\Users\Petro\AppData\Local\Temp\ccKN27tN.s 			page 5


 183              		.loc 1 46 0
 184 0002 FFF7FEFF 		bl	Timer_wire_Start
 185              	.LVL5:
  47:.\main.c      ****     pin_wire_ClearInterrupt();
 186              		.loc 1 47 0
 187 0006 FFF7FEFF 		bl	pin_wire_ClearInterrupt
 188              	.LVL6:
  48:.\main.c      **** }
 189              		.loc 1 48 0
 190              		@ sp needed
 191 000a 08BD     		pop	{r3, pc}
 192              		.cfi_endproc
 193              	.LFE40:
 194              		.size	wstartHandler, .-wstartHandler
 195              		.section	.text.ustartHandler,"ax",%progbits
 196              		.align	2
 197              		.global	ustartHandler
 198              		.code	16
 199              		.thumb_func
 200              		.type	ustartHandler, %function
 201              	ustartHandler:
 202              	.LFB41:
  49:.\main.c      **** CY_ISR(ustartHandler)
  50:.\main.c      **** {
 203              		.loc 1 50 0
 204              		.cfi_startproc
 205 0000 08B5     		push	{r3, lr}
 206              		.cfi_def_cfa_offset 8
 207              		.cfi_offset 3, -8
 208              		.cfi_offset 14, -4
  51:.\main.c      ****     if(UART_GetChar() == 's') 
 209              		.loc 1 51 0
 210 0002 FFF7FEFF 		bl	UART_GetChar
 211              	.LVL7:
 212 0006 7328     		cmp	r0, #115
 213 0008 01D1     		bne	.L12
  52:.\main.c      ****     Timer_uart_Start();
 214              		.loc 1 52 0
 215 000a FFF7FEFF 		bl	Timer_uart_Start
 216              	.LVL8:
 217              	.L12:
  53:.\main.c      ****     Pin_red_Write(~Pin_red_Read());
 218              		.loc 1 53 0
 219 000e FFF7FEFF 		bl	Pin_red_Read
 220              	.LVL9:
 221 0012 C043     		mvn	r0, r0
 222 0014 C0B2     		uxtb	r0, r0
 223 0016 FFF7FEFF 		bl	Pin_red_Write
 224              	.LVL10:
  54:.\main.c      **** }
 225              		.loc 1 54 0
 226              		@ sp needed
 227 001a 08BD     		pop	{r3, pc}
 228              		.cfi_endproc
 229              	.LFE41:
 230              		.size	ustartHandler, .-ustartHandler
 231              		.section	.text.main,"ax",%progbits
ARM GAS  C:\Users\Petro\AppData\Local\Temp\ccKN27tN.s 			page 6


 232              		.align	2
 233              		.global	main
 234              		.code	16
 235              		.thumb_func
 236              		.type	main, %function
 237              	main:
 238              	.LFB42:
  55:.\main.c      **** int main()
  56:.\main.c      **** {   
 239              		.loc 1 56 0
 240              		.cfi_startproc
 241 0000 10B5     		push	{r4, lr}
 242              		.cfi_def_cfa_offset 8
 243              		.cfi_offset 4, -8
 244              		.cfi_offset 14, -4
 245 0002 8AB0     		sub	sp, sp, #40
 246              		.cfi_def_cfa_offset 48
  57:.\main.c      ****     char out_buffer[32];
  58:.\main.c      ****     
  59:.\main.c      ****     CyGlobalIntEnable; /* Enable global interrupts. */
 247              		.loc 1 59 0
 248              	@ 59 ".\main.c" 1
 249 0004 62B6     		CPSIE   i
 250              	@ 0 "" 2
  60:.\main.c      ****     isr_wire_StartEx(wireHandler);
 251              		.loc 1 60 0
 252              		.code	16
 253 0006 1B48     		ldr	r0, .L15
 254 0008 FFF7FEFF 		bl	isr_wire_StartEx
 255              	.LVL11:
  61:.\main.c      ****     isr_uart_StartEx(uartHandler); 
 256              		.loc 1 61 0
 257 000c 1A48     		ldr	r0, .L15+4
 258 000e FFF7FEFF 		bl	isr_uart_StartEx
 259              	.LVL12:
  62:.\main.c      ****     isr_stop_StartEx(stopHandler);
 260              		.loc 1 62 0
 261 0012 1A48     		ldr	r0, .L15+8
 262 0014 FFF7FEFF 		bl	isr_stop_StartEx
 263              	.LVL13:
  63:.\main.c      ****     isr_wstart_StartEx(wstartHandler);
 264              		.loc 1 63 0
 265 0018 1948     		ldr	r0, .L15+12
 266 001a FFF7FEFF 		bl	isr_wstart_StartEx
 267              	.LVL14:
  64:.\main.c      ****     isr_ustart_StartEx(ustartHandler);
 268              		.loc 1 64 0
 269 001e 1948     		ldr	r0, .L15+16
 270 0020 FFF7FEFF 		bl	isr_ustart_StartEx
 271              	.LVL15:
  65:.\main.c      ****     UART_Start();
 272              		.loc 1 65 0
 273 0024 FFF7FEFF 		bl	UART_Start
 274              	.LVL16:
 275              	.L14:
  66:.\main.c      ****     //Timer_uart_Start();
  67:.\main.c      ****     //LCD_Start();   
ARM GAS  C:\Users\Petro\AppData\Local\Temp\ccKN27tN.s 			page 7


  68:.\main.c      ****     //LCD_Position(0,0);
  69:.\main.c      ****     //LCD_PrintString("Start-Finish ");
  70:.\main.c      ****     uint16_t counter;
  71:.\main.c      ****     for(;;)
  72:.\main.c      ****     {
  73:.\main.c      ****         //if(UART_UartGetChar() == 's') Timer_uart_Start();
  74:.\main.c      ****         counter = Timer_wire_ReadCounter();
 276              		.loc 1 74 0 discriminator 1
 277 0028 FFF7FEFF 		bl	Timer_wire_ReadCounter
 278              	.LVL17:
  75:.\main.c      ****         sprintf(out_buffer,"Wired: %i:%i:%i:%i\n\r",wire.hour,wire.min,wire.sec, counter);
 279              		.loc 1 75 0 discriminator 1
 280 002c 164C     		ldr	r4, .L15+20
 281 002e 2288     		ldrh	r2, [r4]
 282 0030 6388     		ldrh	r3, [r4, #2]
 283 0032 A188     		ldrh	r1, [r4, #4]
 284 0034 0091     		str	r1, [sp]
 285 0036 0004     		lsl	r0, r0, #16
 286              	.LVL18:
 287 0038 000C     		lsr	r0, r0, #16
 288 003a 0190     		str	r0, [sp, #4]
 289 003c 02A8     		add	r0, sp, #8
 290 003e 1349     		ldr	r1, .L15+24
 291 0040 FFF7FEFF 		bl	sprintf
 292              	.LVL19:
  76:.\main.c      ****         UART_PutString(out_buffer);
 293              		.loc 1 76 0 discriminator 1
 294 0044 02A8     		add	r0, sp, #8
 295 0046 FFF7FEFF 		bl	UART_PutString
 296              	.LVL20:
  77:.\main.c      ****         counter = Timer_uart_ReadCounter();
 297              		.loc 1 77 0 discriminator 1
 298 004a FFF7FEFF 		bl	Timer_uart_ReadCounter
 299              	.LVL21:
  78:.\main.c      ****         sprintf(out_buffer,"Xbee:  %i:%i:%i:%i\n\n\r",uart.hour,uart.min,uart.sec, counter);
 300              		.loc 1 78 0 discriminator 1
 301 004e 2289     		ldrh	r2, [r4, #8]
 302 0050 6389     		ldrh	r3, [r4, #10]
 303 0052 A189     		ldrh	r1, [r4, #12]
 304 0054 0091     		str	r1, [sp]
 305 0056 0004     		lsl	r0, r0, #16
 306              	.LVL22:
 307 0058 000C     		lsr	r0, r0, #16
 308 005a 0190     		str	r0, [sp, #4]
 309 005c 02A8     		add	r0, sp, #8
 310 005e 0C49     		ldr	r1, .L15+28
 311 0060 FFF7FEFF 		bl	sprintf
 312              	.LVL23:
  79:.\main.c      ****         UART_PutString(out_buffer);
 313              		.loc 1 79 0 discriminator 1
 314 0064 02A8     		add	r0, sp, #8
 315 0066 FFF7FEFF 		bl	UART_PutString
 316              	.LVL24:
  80:.\main.c      ****         CyDelay(100);
 317              		.loc 1 80 0 discriminator 1
 318 006a 6420     		mov	r0, #100
 319 006c FFF7FEFF 		bl	CyDelay
ARM GAS  C:\Users\Petro\AppData\Local\Temp\ccKN27tN.s 			page 8


 320              	.LVL25:
  81:.\main.c      ****     }
 321              		.loc 1 81 0 discriminator 1
 322 0070 DAE7     		b	.L14
 323              	.L16:
 324 0072 C046     		.align	2
 325              	.L15:
 326 0074 00000000 		.word	wireHandler
 327 0078 00000000 		.word	uartHandler
 328 007c 00000000 		.word	stopHandler
 329 0080 00000000 		.word	wstartHandler
 330 0084 00000000 		.word	ustartHandler
 331 0088 00000000 		.word	.LANCHOR0
 332 008c 00000000 		.word	.LC8
 333 0090 18000000 		.word	.LC10
 334              		.cfi_endproc
 335              	.LFE42:
 336              		.size	main, .-main
 337              		.global	uart
 338              		.global	wire
 339              		.section	.rodata.str1.4,"aMS",%progbits,1
 340              		.align	2
 341              	.LC8:
 342 0000 57697265 		.ascii	"Wired: %i:%i:%i:%i\012\015\000"
 342      643A2025 
 342      693A2569 
 342      3A25693A 
 342      25690A0D 
 343 0015 000000   		.space	3
 344              	.LC10:
 345 0018 58626565 		.ascii	"Xbee:  %i:%i:%i:%i\012\012\015\000"
 345      3A202025 
 345      693A2569 
 345      3A25693A 
 345      25690A0A 
 346 002e 0000     		.bss
 347              		.align	2
 348              		.set	.LANCHOR0,. + 0
 349              		.type	wire, %object
 350              		.size	wire, 8
 351              	wire:
 352 0000 00000000 		.space	8
 352      00000000 
 353              		.type	uart, %object
 354              		.size	uart, 8
 355              	uart:
 356 0008 00000000 		.space	8
 356      00000000 
 357              		.text
 358              	.Letext0:
 359              		.file 2 "c:\\program files (x86)\\cypress\\psoc creator\\3.3\\psoc creator\\import\\gnu\\arm\\4.9.
 360              		.file 3 "c:\\program files (x86)\\cypress\\psoc creator\\3.3\\psoc creator\\import\\gnu\\arm\\4.9.
 361              		.file 4 "Generated_Source\\PSoC4/cytypes.h"
 362              		.file 5 "Generated_Source\\PSoC4/Timer_wire.h"
 363              		.file 6 "Generated_Source\\PSoC4/Timer_uart.h"
 364              		.file 7 "Generated_Source\\PSoC4/butt_stop.h"
 365              		.file 8 "Generated_Source\\PSoC4/pin_wire.h"
ARM GAS  C:\Users\Petro\AppData\Local\Temp\ccKN27tN.s 			page 9


 366              		.file 9 "Generated_Source\\PSoC4/UART.h"
 367              		.file 10 "Generated_Source\\PSoC4/Pin_red.h"
 368              		.file 11 "Generated_Source\\PSoC4/isr_wire.h"
 369              		.file 12 "Generated_Source\\PSoC4/isr_uart.h"
 370              		.file 13 "Generated_Source\\PSoC4/isr_stop.h"
 371              		.file 14 "Generated_Source\\PSoC4/isr_wstart.h"
 372              		.file 15 "Generated_Source\\PSoC4/isr_ustart.h"
 373              		.file 16 "c:\\program files (x86)\\cypress\\psoc creator\\3.3\\psoc creator\\import\\gnu\\arm\\4.9
 374              		.file 17 "Generated_Source\\PSoC4/CyLib.h"
 375              		.section	.debug_info,"",%progbits
 376              	.Ldebug_info0:
 377 0000 9E040000 		.4byte	0x49e
 378 0004 0400     		.2byte	0x4
 379 0006 00000000 		.4byte	.Ldebug_abbrev0
 380 000a 04       		.byte	0x4
 381 000b 01       		.uleb128 0x1
 382 000c 74020000 		.4byte	.LASF51
 383 0010 01       		.byte	0x1
 384 0011 B2010000 		.4byte	.LASF52
 385 0015 00000000 		.4byte	.LASF53
 386 0019 00000000 		.4byte	.Ldebug_ranges0+0
 387 001d 00000000 		.4byte	0
 388 0021 00000000 		.4byte	.Ldebug_line0
 389 0025 02       		.uleb128 0x2
 390 0026 01       		.byte	0x1
 391 0027 06       		.byte	0x6
 392 0028 5A030000 		.4byte	.LASF0
 393 002c 02       		.uleb128 0x2
 394 002d 01       		.byte	0x1
 395 002e 08       		.byte	0x8
 396 002f 0A010000 		.4byte	.LASF1
 397 0033 02       		.uleb128 0x2
 398 0034 02       		.byte	0x2
 399 0035 05       		.byte	0x5
 400 0036 13030000 		.4byte	.LASF2
 401 003a 03       		.uleb128 0x3
 402 003b 8B010000 		.4byte	.LASF9
 403 003f 02       		.byte	0x2
 404 0040 2B       		.byte	0x2b
 405 0041 45000000 		.4byte	0x45
 406 0045 02       		.uleb128 0x2
 407 0046 02       		.byte	0x2
 408 0047 07       		.byte	0x7
 409 0048 97000000 		.4byte	.LASF3
 410 004c 02       		.uleb128 0x2
 411 004d 04       		.byte	0x4
 412 004e 05       		.byte	0x5
 413 004f 51030000 		.4byte	.LASF4
 414 0053 02       		.uleb128 0x2
 415 0054 04       		.byte	0x4
 416 0055 07       		.byte	0x7
 417 0056 37010000 		.4byte	.LASF5
 418 005a 02       		.uleb128 0x2
 419 005b 08       		.byte	0x8
 420 005c 05       		.byte	0x5
 421 005d 55020000 		.4byte	.LASF6
 422 0061 02       		.uleb128 0x2
ARM GAS  C:\Users\Petro\AppData\Local\Temp\ccKN27tN.s 			page 10


 423 0062 08       		.byte	0x8
 424 0063 07       		.byte	0x7
 425 0064 FE010000 		.4byte	.LASF7
 426 0068 04       		.uleb128 0x4
 427 0069 04       		.byte	0x4
 428 006a 05       		.byte	0x5
 429 006b 696E7400 		.ascii	"int\000"
 430 006f 02       		.uleb128 0x2
 431 0070 04       		.byte	0x4
 432 0071 07       		.byte	0x7
 433 0072 F1010000 		.4byte	.LASF8
 434 0076 03       		.uleb128 0x3
 435 0077 1D030000 		.4byte	.LASF10
 436 007b 03       		.byte	0x3
 437 007c 21       		.byte	0x21
 438 007d 3A000000 		.4byte	0x3a
 439 0081 05       		.uleb128 0x5
 440 0082 49010000 		.4byte	.LASF11
 441 0086 04       		.byte	0x4
 442 0087 3801     		.2byte	0x138
 443 0089 2C000000 		.4byte	0x2c
 444 008d 05       		.uleb128 0x5
 445 008e C0010000 		.4byte	.LASF12
 446 0092 04       		.byte	0x4
 447 0093 3A01     		.2byte	0x13a
 448 0095 53000000 		.4byte	0x53
 449 0099 02       		.uleb128 0x2
 450 009a 04       		.byte	0x4
 451 009b 04       		.byte	0x4
 452 009c F1000000 		.4byte	.LASF13
 453 00a0 02       		.uleb128 0x2
 454 00a1 08       		.byte	0x8
 455 00a2 04       		.byte	0x4
 456 00a3 96010000 		.4byte	.LASF14
 457 00a7 05       		.uleb128 0x5
 458 00a8 4F020000 		.4byte	.LASF15
 459 00ac 04       		.byte	0x4
 460 00ad 4901     		.2byte	0x149
 461 00af B3000000 		.4byte	0xb3
 462 00b3 02       		.uleb128 0x2
 463 00b4 01       		.byte	0x1
 464 00b5 08       		.byte	0x8
 465 00b6 6F020000 		.4byte	.LASF16
 466 00ba 05       		.uleb128 0x5
 467 00bb 34020000 		.4byte	.LASF17
 468 00bf 04       		.byte	0x4
 469 00c0 F401     		.2byte	0x1f4
 470 00c2 C6000000 		.4byte	0xc6
 471 00c6 06       		.uleb128 0x6
 472 00c7 04       		.byte	0x4
 473 00c8 CC000000 		.4byte	0xcc
 474 00cc 07       		.uleb128 0x7
 475 00cd 02       		.uleb128 0x2
 476 00ce 04       		.byte	0x4
 477 00cf 07       		.byte	0x7
 478 00d0 46020000 		.4byte	.LASF18
 479 00d4 06       		.uleb128 0x6
ARM GAS  C:\Users\Petro\AppData\Local\Temp\ccKN27tN.s 			page 11


 480 00d5 04       		.byte	0x4
 481 00d6 B3000000 		.4byte	0xb3
 482 00da 06       		.uleb128 0x6
 483 00db 04       		.byte	0x4
 484 00dc E0000000 		.4byte	0xe0
 485 00e0 08       		.uleb128 0x8
 486 00e1 B3000000 		.4byte	0xb3
 487 00e5 09       		.uleb128 0x9
 488 00e6 41020000 		.4byte	.LASF54
 489 00ea 08       		.byte	0x8
 490 00eb 01       		.byte	0x1
 491 00ec 05       		.byte	0x5
 492 00ed 22010000 		.4byte	0x122
 493 00f1 0A       		.uleb128 0xa
 494 00f2 2F020000 		.4byte	.LASF19
 495 00f6 01       		.byte	0x1
 496 00f7 06       		.byte	0x6
 497 00f8 76000000 		.4byte	0x76
 498 00fc 00       		.byte	0
 499 00fd 0B       		.uleb128 0xb
 500 00fe 6D696E00 		.ascii	"min\000"
 501 0102 01       		.byte	0x1
 502 0103 07       		.byte	0x7
 503 0104 76000000 		.4byte	0x76
 504 0108 02       		.byte	0x2
 505 0109 0B       		.uleb128 0xb
 506 010a 73656300 		.ascii	"sec\000"
 507 010e 01       		.byte	0x1
 508 010f 08       		.byte	0x8
 509 0110 76000000 		.4byte	0x76
 510 0114 04       		.byte	0x4
 511 0115 0A       		.uleb128 0xa
 512 0116 BB010000 		.4byte	.LASF20
 513 011a 01       		.byte	0x1
 514 011b 09       		.byte	0x9
 515 011c 76000000 		.4byte	0x76
 516 0120 06       		.byte	0x6
 517 0121 00       		.byte	0
 518 0122 0C       		.uleb128 0xc
 519 0123 26030000 		.4byte	.LASF21
 520 0127 01       		.byte	0x1
 521 0128 0E       		.byte	0xe
 522 0129 00000000 		.4byte	.LFB37
 523 012d 44000000 		.4byte	.LFE37-.LFB37
 524 0131 01       		.uleb128 0x1
 525 0132 9C       		.byte	0x9c
 526 0133 47010000 		.4byte	0x147
 527 0137 0D       		.uleb128 0xd
 528 0138 3C000000 		.4byte	.LVL0
 529 013c 68030000 		.4byte	0x368
 530 0140 0E       		.uleb128 0xe
 531 0141 01       		.uleb128 0x1
 532 0142 50       		.byte	0x50
 533 0143 01       		.uleb128 0x1
 534 0144 32       		.byte	0x32
 535 0145 00       		.byte	0
 536 0146 00       		.byte	0
ARM GAS  C:\Users\Petro\AppData\Local\Temp\ccKN27tN.s 			page 12


 537 0147 0C       		.uleb128 0xc
 538 0148 63020000 		.4byte	.LASF22
 539 014c 01       		.byte	0x1
 540 014d 1A       		.byte	0x1a
 541 014e 00000000 		.4byte	.LFB38
 542 0152 44000000 		.4byte	.LFE38-.LFB38
 543 0156 01       		.uleb128 0x1
 544 0157 9C       		.byte	0x9c
 545 0158 6C010000 		.4byte	0x16c
 546 015c 0D       		.uleb128 0xd
 547 015d 3C000000 		.4byte	.LVL1
 548 0161 7A030000 		.4byte	0x37a
 549 0165 0E       		.uleb128 0xe
 550 0166 01       		.uleb128 0x1
 551 0167 50       		.byte	0x50
 552 0168 01       		.uleb128 0x1
 553 0169 32       		.byte	0x32
 554 016a 00       		.byte	0
 555 016b 00       		.byte	0
 556 016c 0C       		.uleb128 0xc
 557 016d 18010000 		.4byte	.LASF23
 558 0171 01       		.byte	0x1
 559 0172 26       		.byte	0x26
 560 0173 00000000 		.4byte	.LFB39
 561 0177 10000000 		.4byte	.LFE39-.LFB39
 562 017b 01       		.uleb128 0x1
 563 017c 9C       		.byte	0x9c
 564 017d 9D010000 		.4byte	0x19d
 565 0181 0F       		.uleb128 0xf
 566 0182 06000000 		.4byte	.LVL2
 567 0186 8C030000 		.4byte	0x38c
 568 018a 0F       		.uleb128 0xf
 569 018b 0A000000 		.4byte	.LVL3
 570 018f 94030000 		.4byte	0x394
 571 0193 0F       		.uleb128 0xf
 572 0194 0E000000 		.4byte	.LVL4
 573 0198 9C030000 		.4byte	0x39c
 574 019c 00       		.byte	0
 575 019d 0C       		.uleb128 0xc
 576 019e 78000000 		.4byte	.LASF24
 577 01a2 01       		.byte	0x1
 578 01a3 2C       		.byte	0x2c
 579 01a4 00000000 		.4byte	.LFB40
 580 01a8 0C000000 		.4byte	.LFE40-.LFB40
 581 01ac 01       		.uleb128 0x1
 582 01ad 9C       		.byte	0x9c
 583 01ae C5010000 		.4byte	0x1c5
 584 01b2 0F       		.uleb128 0xf
 585 01b3 06000000 		.4byte	.LVL5
 586 01b7 A7030000 		.4byte	0x3a7
 587 01bb 0F       		.uleb128 0xf
 588 01bc 0A000000 		.4byte	.LVL6
 589 01c0 AF030000 		.4byte	0x3af
 590 01c4 00       		.byte	0
 591 01c5 0C       		.uleb128 0xc
 592 01c6 CC010000 		.4byte	.LASF25
 593 01ca 01       		.byte	0x1
ARM GAS  C:\Users\Petro\AppData\Local\Temp\ccKN27tN.s 			page 13


 594 01cb 31       		.byte	0x31
 595 01cc 00000000 		.4byte	.LFB41
 596 01d0 1C000000 		.4byte	.LFE41-.LFB41
 597 01d4 01       		.uleb128 0x1
 598 01d5 9C       		.byte	0x9c
 599 01d6 FF010000 		.4byte	0x1ff
 600 01da 0F       		.uleb128 0xf
 601 01db 06000000 		.4byte	.LVL7
 602 01df BA030000 		.4byte	0x3ba
 603 01e3 0F       		.uleb128 0xf
 604 01e4 0E000000 		.4byte	.LVL8
 605 01e8 C5030000 		.4byte	0x3c5
 606 01ec 0F       		.uleb128 0xf
 607 01ed 12000000 		.4byte	.LVL9
 608 01f1 CD030000 		.4byte	0x3cd
 609 01f5 0F       		.uleb128 0xf
 610 01f6 1A000000 		.4byte	.LVL10
 611 01fa D8030000 		.4byte	0x3d8
 612 01fe 00       		.byte	0
 613 01ff 10       		.uleb128 0x10
 614 0200 C7010000 		.4byte	.LASF26
 615 0204 01       		.byte	0x1
 616 0205 37       		.byte	0x37
 617 0206 68000000 		.4byte	0x68
 618 020a 00000000 		.4byte	.LFB42
 619 020e 94000000 		.4byte	.LFE42-.LFB42
 620 0212 01       		.uleb128 0x1
 621 0213 9C       		.byte	0x9c
 622 0214 36030000 		.4byte	0x336
 623 0218 11       		.uleb128 0x11
 624 0219 FF000000 		.4byte	.LASF27
 625 021d 01       		.byte	0x1
 626 021e 39       		.byte	0x39
 627 021f 36030000 		.4byte	0x336
 628 0223 02       		.uleb128 0x2
 629 0224 91       		.byte	0x91
 630 0225 58       		.sleb128 -40
 631 0226 12       		.uleb128 0x12
 632 0227 F7000000 		.4byte	.LASF28
 633 022b 01       		.byte	0x1
 634 022c 46       		.byte	0x46
 635 022d 76000000 		.4byte	0x76
 636 0231 00000000 		.4byte	.LLST0
 637 0235 13       		.uleb128 0x13
 638 0236 0C000000 		.4byte	.LVL11
 639 023a E9030000 		.4byte	0x3e9
 640 023e 4C020000 		.4byte	0x24c
 641 0242 0E       		.uleb128 0xe
 642 0243 01       		.uleb128 0x1
 643 0244 50       		.byte	0x50
 644 0245 05       		.uleb128 0x5
 645 0246 03       		.byte	0x3
 646 0247 00000000 		.4byte	wireHandler
 647 024b 00       		.byte	0
 648 024c 13       		.uleb128 0x13
 649 024d 12000000 		.4byte	.LVL12
 650 0251 FA030000 		.4byte	0x3fa
ARM GAS  C:\Users\Petro\AppData\Local\Temp\ccKN27tN.s 			page 14


 651 0255 63020000 		.4byte	0x263
 652 0259 0E       		.uleb128 0xe
 653 025a 01       		.uleb128 0x1
 654 025b 50       		.byte	0x50
 655 025c 05       		.uleb128 0x5
 656 025d 03       		.byte	0x3
 657 025e 00000000 		.4byte	uartHandler
 658 0262 00       		.byte	0
 659 0263 13       		.uleb128 0x13
 660 0264 18000000 		.4byte	.LVL13
 661 0268 0B040000 		.4byte	0x40b
 662 026c 7A020000 		.4byte	0x27a
 663 0270 0E       		.uleb128 0xe
 664 0271 01       		.uleb128 0x1
 665 0272 50       		.byte	0x50
 666 0273 05       		.uleb128 0x5
 667 0274 03       		.byte	0x3
 668 0275 00000000 		.4byte	stopHandler
 669 0279 00       		.byte	0
 670 027a 13       		.uleb128 0x13
 671 027b 1E000000 		.4byte	.LVL14
 672 027f 1C040000 		.4byte	0x41c
 673 0283 91020000 		.4byte	0x291
 674 0287 0E       		.uleb128 0xe
 675 0288 01       		.uleb128 0x1
 676 0289 50       		.byte	0x50
 677 028a 05       		.uleb128 0x5
 678 028b 03       		.byte	0x3
 679 028c 00000000 		.4byte	wstartHandler
 680 0290 00       		.byte	0
 681 0291 13       		.uleb128 0x13
 682 0292 24000000 		.4byte	.LVL15
 683 0296 2D040000 		.4byte	0x42d
 684 029a A8020000 		.4byte	0x2a8
 685 029e 0E       		.uleb128 0xe
 686 029f 01       		.uleb128 0x1
 687 02a0 50       		.byte	0x50
 688 02a1 05       		.uleb128 0x5
 689 02a2 03       		.byte	0x3
 690 02a3 00000000 		.4byte	ustartHandler
 691 02a7 00       		.byte	0
 692 02a8 0F       		.uleb128 0xf
 693 02a9 28000000 		.4byte	.LVL16
 694 02ad 3E040000 		.4byte	0x43e
 695 02b1 0F       		.uleb128 0xf
 696 02b2 2C000000 		.4byte	.LVL17
 697 02b6 45040000 		.4byte	0x445
 698 02ba 13       		.uleb128 0x13
 699 02bb 44000000 		.4byte	.LVL19
 700 02bf 51040000 		.4byte	0x451
 701 02c3 D7020000 		.4byte	0x2d7
 702 02c7 0E       		.uleb128 0xe
 703 02c8 01       		.uleb128 0x1
 704 02c9 51       		.byte	0x51
 705 02ca 05       		.uleb128 0x5
 706 02cb 03       		.byte	0x3
 707 02cc 00000000 		.4byte	.LC8
ARM GAS  C:\Users\Petro\AppData\Local\Temp\ccKN27tN.s 			page 15


 708 02d0 0E       		.uleb128 0xe
 709 02d1 01       		.uleb128 0x1
 710 02d2 50       		.byte	0x50
 711 02d3 02       		.uleb128 0x2
 712 02d4 91       		.byte	0x91
 713 02d5 58       		.sleb128 -40
 714 02d6 00       		.byte	0
 715 02d7 13       		.uleb128 0x13
 716 02d8 4A000000 		.4byte	.LVL20
 717 02dc 6C040000 		.4byte	0x46c
 718 02e0 EB020000 		.4byte	0x2eb
 719 02e4 0E       		.uleb128 0xe
 720 02e5 01       		.uleb128 0x1
 721 02e6 50       		.byte	0x50
 722 02e7 02       		.uleb128 0x2
 723 02e8 91       		.byte	0x91
 724 02e9 58       		.sleb128 -40
 725 02ea 00       		.byte	0
 726 02eb 0F       		.uleb128 0xf
 727 02ec 4E000000 		.4byte	.LVL21
 728 02f0 88040000 		.4byte	0x488
 729 02f4 13       		.uleb128 0x13
 730 02f5 64000000 		.4byte	.LVL23
 731 02f9 51040000 		.4byte	0x451
 732 02fd 11030000 		.4byte	0x311
 733 0301 0E       		.uleb128 0xe
 734 0302 01       		.uleb128 0x1
 735 0303 51       		.byte	0x51
 736 0304 05       		.uleb128 0x5
 737 0305 03       		.byte	0x3
 738 0306 18000000 		.4byte	.LC10
 739 030a 0E       		.uleb128 0xe
 740 030b 01       		.uleb128 0x1
 741 030c 50       		.byte	0x50
 742 030d 02       		.uleb128 0x2
 743 030e 91       		.byte	0x91
 744 030f 58       		.sleb128 -40
 745 0310 00       		.byte	0
 746 0311 13       		.uleb128 0x13
 747 0312 6A000000 		.4byte	.LVL24
 748 0316 6C040000 		.4byte	0x46c
 749 031a 25030000 		.4byte	0x325
 750 031e 0E       		.uleb128 0xe
 751 031f 01       		.uleb128 0x1
 752 0320 50       		.byte	0x50
 753 0321 02       		.uleb128 0x2
 754 0322 91       		.byte	0x91
 755 0323 58       		.sleb128 -40
 756 0324 00       		.byte	0
 757 0325 0D       		.uleb128 0xd
 758 0326 70000000 		.4byte	.LVL25
 759 032a 94040000 		.4byte	0x494
 760 032e 0E       		.uleb128 0xe
 761 032f 01       		.uleb128 0x1
 762 0330 50       		.byte	0x50
 763 0331 02       		.uleb128 0x2
 764 0332 08       		.byte	0x8
ARM GAS  C:\Users\Petro\AppData\Local\Temp\ccKN27tN.s 			page 16


 765 0333 64       		.byte	0x64
 766 0334 00       		.byte	0
 767 0335 00       		.byte	0
 768 0336 14       		.uleb128 0x14
 769 0337 B3000000 		.4byte	0xb3
 770 033b 46030000 		.4byte	0x346
 771 033f 15       		.uleb128 0x15
 772 0340 CD000000 		.4byte	0xcd
 773 0344 1F       		.byte	0x1f
 774 0345 00       		.byte	0
 775 0346 16       		.uleb128 0x16
 776 0347 9D010000 		.4byte	.LASF29
 777 034b 01       		.byte	0x1
 778 034c 0B       		.byte	0xb
 779 034d E5000000 		.4byte	0xe5
 780 0351 05       		.uleb128 0x5
 781 0352 03       		.byte	0x3
 782 0353 00000000 		.4byte	wire
 783 0357 16       		.uleb128 0x16
 784 0358 4C030000 		.4byte	.LASF30
 785 035c 01       		.byte	0x1
 786 035d 0C       		.byte	0xc
 787 035e E5000000 		.4byte	0xe5
 788 0362 05       		.uleb128 0x5
 789 0363 03       		.byte	0x3
 790 0364 00000000 		.4byte	uart
 791 0368 17       		.uleb128 0x17
 792 0369 32030000 		.4byte	.LASF31
 793 036d 05       		.byte	0x5
 794 036e 4701     		.2byte	0x147
 795 0370 7A030000 		.4byte	0x37a
 796 0374 18       		.uleb128 0x18
 797 0375 8D000000 		.4byte	0x8d
 798 0379 00       		.byte	0
 799 037a 17       		.uleb128 0x17
 800 037b 15020000 		.4byte	.LASF32
 801 037f 06       		.byte	0x6
 802 0380 4701     		.2byte	0x147
 803 0382 8C030000 		.4byte	0x38c
 804 0386 18       		.uleb128 0x18
 805 0387 8D000000 		.4byte	0x8d
 806 038b 00       		.byte	0
 807 038c 19       		.uleb128 0x19
 808 038d D0000000 		.4byte	.LASF33
 809 0391 05       		.byte	0x5
 810 0392 3301     		.2byte	0x133
 811 0394 19       		.uleb128 0x19
 812 0395 A2010000 		.4byte	.LASF34
 813 0399 06       		.byte	0x6
 814 039a 3301     		.2byte	0x133
 815 039c 1A       		.uleb128 0x1a
 816 039d 84030000 		.4byte	.LASF36
 817 03a1 07       		.byte	0x7
 818 03a2 39       		.byte	0x39
 819 03a3 81000000 		.4byte	0x81
 820 03a7 19       		.uleb128 0x19
 821 03a8 7A010000 		.4byte	.LASF35
ARM GAS  C:\Users\Petro\AppData\Local\Temp\ccKN27tN.s 			page 17


 822 03ac 05       		.byte	0x5
 823 03ad 3201     		.2byte	0x132
 824 03af 1A       		.uleb128 0x1a
 825 03b0 AA000000 		.4byte	.LASF37
 826 03b4 08       		.byte	0x8
 827 03b5 39       		.byte	0x39
 828 03b6 81000000 		.4byte	0x81
 829 03ba 1A       		.uleb128 0x1a
 830 03bb 77030000 		.4byte	.LASF38
 831 03bf 09       		.byte	0x9
 832 03c0 71       		.byte	0x71
 833 03c1 81000000 		.4byte	0x81
 834 03c5 19       		.uleb128 0x19
 835 03c6 66030000 		.4byte	.LASF39
 836 03ca 06       		.byte	0x6
 837 03cb 3201     		.2byte	0x132
 838 03cd 1A       		.uleb128 0x1a
 839 03ce 6D010000 		.4byte	.LASF40
 840 03d2 0A       		.byte	0xa
 841 03d3 32       		.byte	0x32
 842 03d4 81000000 		.4byte	0x81
 843 03d8 1B       		.uleb128 0x1b
 844 03d9 C2000000 		.4byte	.LASF41
 845 03dd 0A       		.byte	0xa
 846 03de 33       		.byte	0x33
 847 03df E9030000 		.4byte	0x3e9
 848 03e3 18       		.uleb128 0x18
 849 03e4 81000000 		.4byte	0x81
 850 03e8 00       		.byte	0
 851 03e9 1B       		.uleb128 0x1b
 852 03ea 02030000 		.4byte	.LASF42
 853 03ee 0B       		.byte	0xb
 854 03ef 18       		.byte	0x18
 855 03f0 FA030000 		.4byte	0x3fa
 856 03f4 18       		.uleb128 0x18
 857 03f5 BA000000 		.4byte	0xba
 858 03f9 00       		.byte	0
 859 03fa 1B       		.uleb128 0x1b
 860 03fb 86000000 		.4byte	.LASF43
 861 03ff 0C       		.byte	0xc
 862 0400 18       		.byte	0x18
 863 0401 0B040000 		.4byte	0x40b
 864 0405 18       		.uleb128 0x18
 865 0406 BA000000 		.4byte	0xba
 866 040a 00       		.byte	0
 867 040b 1B       		.uleb128 0x1b
 868 040c E0000000 		.4byte	.LASF44
 869 0410 0D       		.byte	0xd
 870 0411 18       		.byte	0x18
 871 0412 1C040000 		.4byte	0x41c
 872 0416 18       		.uleb128 0x18
 873 0417 BA000000 		.4byte	0xba
 874 041b 00       		.byte	0
 875 041c 1B       		.uleb128 0x1b
 876 041d 5A010000 		.4byte	.LASF45
 877 0421 0E       		.byte	0xe
 878 0422 18       		.byte	0x18
ARM GAS  C:\Users\Petro\AppData\Local\Temp\ccKN27tN.s 			page 18


 879 0423 2D040000 		.4byte	0x42d
 880 0427 18       		.uleb128 0x18
 881 0428 BA000000 		.4byte	0xba
 882 042c 00       		.byte	0
 883 042d 1B       		.uleb128 0x1b
 884 042e 24010000 		.4byte	.LASF46
 885 0432 0F       		.byte	0xf
 886 0433 18       		.byte	0x18
 887 0434 3E040000 		.4byte	0x43e
 888 0438 18       		.uleb128 0x18
 889 0439 BA000000 		.4byte	0xba
 890 043d 00       		.byte	0
 891 043e 1C       		.uleb128 0x1c
 892 043f 4F010000 		.4byte	.LASF47
 893 0443 09       		.byte	0x9
 894 0444 54       		.byte	0x54
 895 0445 1D       		.uleb128 0x1d
 896 0446 DA010000 		.4byte	.LASF48
 897 044a 05       		.byte	0x5
 898 044b 4B01     		.2byte	0x14b
 899 044d 8D000000 		.4byte	0x8d
 900 0451 1E       		.uleb128 0x1e
 901 0452 9D030000 		.4byte	.LASF55
 902 0456 10       		.byte	0x10
 903 0457 DE       		.byte	0xde
 904 0458 68000000 		.4byte	0x68
 905 045c 6C040000 		.4byte	0x46c
 906 0460 18       		.uleb128 0x18
 907 0461 D4000000 		.4byte	0xd4
 908 0465 18       		.uleb128 0x18
 909 0466 DA000000 		.4byte	0xda
 910 046a 1F       		.uleb128 0x1f
 911 046b 00       		.byte	0
 912 046c 1B       		.uleb128 0x1b
 913 046d AD030000 		.4byte	.LASF49
 914 0471 09       		.byte	0x9
 915 0472 8B       		.byte	0x8b
 916 0473 7D040000 		.4byte	0x47d
 917 0477 18       		.uleb128 0x18
 918 0478 7D040000 		.4byte	0x47d
 919 047c 00       		.byte	0
 920 047d 06       		.uleb128 0x6
 921 047e 04       		.byte	0x4
 922 047f 83040000 		.4byte	0x483
 923 0483 08       		.uleb128 0x8
 924 0484 A7000000 		.4byte	0xa7
 925 0488 1D       		.uleb128 0x1d
 926 0489 61000000 		.4byte	.LASF50
 927 048d 06       		.byte	0x6
 928 048e 4B01     		.2byte	0x14b
 929 0490 8D000000 		.4byte	0x8d
 930 0494 20       		.uleb128 0x20
 931 0495 A5030000 		.4byte	.LASF56
 932 0499 11       		.byte	0x11
 933 049a 5A       		.byte	0x5a
 934 049b 18       		.uleb128 0x18
 935 049c 8D000000 		.4byte	0x8d
ARM GAS  C:\Users\Petro\AppData\Local\Temp\ccKN27tN.s 			page 19


 936 04a0 00       		.byte	0
 937 04a1 00       		.byte	0
 938              		.section	.debug_abbrev,"",%progbits
 939              	.Ldebug_abbrev0:
 940 0000 01       		.uleb128 0x1
 941 0001 11       		.uleb128 0x11
 942 0002 01       		.byte	0x1
 943 0003 25       		.uleb128 0x25
 944 0004 0E       		.uleb128 0xe
 945 0005 13       		.uleb128 0x13
 946 0006 0B       		.uleb128 0xb
 947 0007 03       		.uleb128 0x3
 948 0008 0E       		.uleb128 0xe
 949 0009 1B       		.uleb128 0x1b
 950 000a 0E       		.uleb128 0xe
 951 000b 55       		.uleb128 0x55
 952 000c 17       		.uleb128 0x17
 953 000d 11       		.uleb128 0x11
 954 000e 01       		.uleb128 0x1
 955 000f 10       		.uleb128 0x10
 956 0010 17       		.uleb128 0x17
 957 0011 00       		.byte	0
 958 0012 00       		.byte	0
 959 0013 02       		.uleb128 0x2
 960 0014 24       		.uleb128 0x24
 961 0015 00       		.byte	0
 962 0016 0B       		.uleb128 0xb
 963 0017 0B       		.uleb128 0xb
 964 0018 3E       		.uleb128 0x3e
 965 0019 0B       		.uleb128 0xb
 966 001a 03       		.uleb128 0x3
 967 001b 0E       		.uleb128 0xe
 968 001c 00       		.byte	0
 969 001d 00       		.byte	0
 970 001e 03       		.uleb128 0x3
 971 001f 16       		.uleb128 0x16
 972 0020 00       		.byte	0
 973 0021 03       		.uleb128 0x3
 974 0022 0E       		.uleb128 0xe
 975 0023 3A       		.uleb128 0x3a
 976 0024 0B       		.uleb128 0xb
 977 0025 3B       		.uleb128 0x3b
 978 0026 0B       		.uleb128 0xb
 979 0027 49       		.uleb128 0x49
 980 0028 13       		.uleb128 0x13
 981 0029 00       		.byte	0
 982 002a 00       		.byte	0
 983 002b 04       		.uleb128 0x4
 984 002c 24       		.uleb128 0x24
 985 002d 00       		.byte	0
 986 002e 0B       		.uleb128 0xb
 987 002f 0B       		.uleb128 0xb
 988 0030 3E       		.uleb128 0x3e
 989 0031 0B       		.uleb128 0xb
 990 0032 03       		.uleb128 0x3
 991 0033 08       		.uleb128 0x8
 992 0034 00       		.byte	0
ARM GAS  C:\Users\Petro\AppData\Local\Temp\ccKN27tN.s 			page 20


 993 0035 00       		.byte	0
 994 0036 05       		.uleb128 0x5
 995 0037 16       		.uleb128 0x16
 996 0038 00       		.byte	0
 997 0039 03       		.uleb128 0x3
 998 003a 0E       		.uleb128 0xe
 999 003b 3A       		.uleb128 0x3a
 1000 003c 0B       		.uleb128 0xb
 1001 003d 3B       		.uleb128 0x3b
 1002 003e 05       		.uleb128 0x5
 1003 003f 49       		.uleb128 0x49
 1004 0040 13       		.uleb128 0x13
 1005 0041 00       		.byte	0
 1006 0042 00       		.byte	0
 1007 0043 06       		.uleb128 0x6
 1008 0044 0F       		.uleb128 0xf
 1009 0045 00       		.byte	0
 1010 0046 0B       		.uleb128 0xb
 1011 0047 0B       		.uleb128 0xb
 1012 0048 49       		.uleb128 0x49
 1013 0049 13       		.uleb128 0x13
 1014 004a 00       		.byte	0
 1015 004b 00       		.byte	0
 1016 004c 07       		.uleb128 0x7
 1017 004d 15       		.uleb128 0x15
 1018 004e 00       		.byte	0
 1019 004f 27       		.uleb128 0x27
 1020 0050 19       		.uleb128 0x19
 1021 0051 00       		.byte	0
 1022 0052 00       		.byte	0
 1023 0053 08       		.uleb128 0x8
 1024 0054 26       		.uleb128 0x26
 1025 0055 00       		.byte	0
 1026 0056 49       		.uleb128 0x49
 1027 0057 13       		.uleb128 0x13
 1028 0058 00       		.byte	0
 1029 0059 00       		.byte	0
 1030 005a 09       		.uleb128 0x9
 1031 005b 13       		.uleb128 0x13
 1032 005c 01       		.byte	0x1
 1033 005d 03       		.uleb128 0x3
 1034 005e 0E       		.uleb128 0xe
 1035 005f 0B       		.uleb128 0xb
 1036 0060 0B       		.uleb128 0xb
 1037 0061 3A       		.uleb128 0x3a
 1038 0062 0B       		.uleb128 0xb
 1039 0063 3B       		.uleb128 0x3b
 1040 0064 0B       		.uleb128 0xb
 1041 0065 01       		.uleb128 0x1
 1042 0066 13       		.uleb128 0x13
 1043 0067 00       		.byte	0
 1044 0068 00       		.byte	0
 1045 0069 0A       		.uleb128 0xa
 1046 006a 0D       		.uleb128 0xd
 1047 006b 00       		.byte	0
 1048 006c 03       		.uleb128 0x3
 1049 006d 0E       		.uleb128 0xe
ARM GAS  C:\Users\Petro\AppData\Local\Temp\ccKN27tN.s 			page 21


 1050 006e 3A       		.uleb128 0x3a
 1051 006f 0B       		.uleb128 0xb
 1052 0070 3B       		.uleb128 0x3b
 1053 0071 0B       		.uleb128 0xb
 1054 0072 49       		.uleb128 0x49
 1055 0073 13       		.uleb128 0x13
 1056 0074 38       		.uleb128 0x38
 1057 0075 0B       		.uleb128 0xb
 1058 0076 00       		.byte	0
 1059 0077 00       		.byte	0
 1060 0078 0B       		.uleb128 0xb
 1061 0079 0D       		.uleb128 0xd
 1062 007a 00       		.byte	0
 1063 007b 03       		.uleb128 0x3
 1064 007c 08       		.uleb128 0x8
 1065 007d 3A       		.uleb128 0x3a
 1066 007e 0B       		.uleb128 0xb
 1067 007f 3B       		.uleb128 0x3b
 1068 0080 0B       		.uleb128 0xb
 1069 0081 49       		.uleb128 0x49
 1070 0082 13       		.uleb128 0x13
 1071 0083 38       		.uleb128 0x38
 1072 0084 0B       		.uleb128 0xb
 1073 0085 00       		.byte	0
 1074 0086 00       		.byte	0
 1075 0087 0C       		.uleb128 0xc
 1076 0088 2E       		.uleb128 0x2e
 1077 0089 01       		.byte	0x1
 1078 008a 3F       		.uleb128 0x3f
 1079 008b 19       		.uleb128 0x19
 1080 008c 03       		.uleb128 0x3
 1081 008d 0E       		.uleb128 0xe
 1082 008e 3A       		.uleb128 0x3a
 1083 008f 0B       		.uleb128 0xb
 1084 0090 3B       		.uleb128 0x3b
 1085 0091 0B       		.uleb128 0xb
 1086 0092 27       		.uleb128 0x27
 1087 0093 19       		.uleb128 0x19
 1088 0094 11       		.uleb128 0x11
 1089 0095 01       		.uleb128 0x1
 1090 0096 12       		.uleb128 0x12
 1091 0097 06       		.uleb128 0x6
 1092 0098 40       		.uleb128 0x40
 1093 0099 18       		.uleb128 0x18
 1094 009a 9742     		.uleb128 0x2117
 1095 009c 19       		.uleb128 0x19
 1096 009d 01       		.uleb128 0x1
 1097 009e 13       		.uleb128 0x13
 1098 009f 00       		.byte	0
 1099 00a0 00       		.byte	0
 1100 00a1 0D       		.uleb128 0xd
 1101 00a2 898201   		.uleb128 0x4109
 1102 00a5 01       		.byte	0x1
 1103 00a6 11       		.uleb128 0x11
 1104 00a7 01       		.uleb128 0x1
 1105 00a8 31       		.uleb128 0x31
 1106 00a9 13       		.uleb128 0x13
ARM GAS  C:\Users\Petro\AppData\Local\Temp\ccKN27tN.s 			page 22


 1107 00aa 00       		.byte	0
 1108 00ab 00       		.byte	0
 1109 00ac 0E       		.uleb128 0xe
 1110 00ad 8A8201   		.uleb128 0x410a
 1111 00b0 00       		.byte	0
 1112 00b1 02       		.uleb128 0x2
 1113 00b2 18       		.uleb128 0x18
 1114 00b3 9142     		.uleb128 0x2111
 1115 00b5 18       		.uleb128 0x18
 1116 00b6 00       		.byte	0
 1117 00b7 00       		.byte	0
 1118 00b8 0F       		.uleb128 0xf
 1119 00b9 898201   		.uleb128 0x4109
 1120 00bc 00       		.byte	0
 1121 00bd 11       		.uleb128 0x11
 1122 00be 01       		.uleb128 0x1
 1123 00bf 31       		.uleb128 0x31
 1124 00c0 13       		.uleb128 0x13
 1125 00c1 00       		.byte	0
 1126 00c2 00       		.byte	0
 1127 00c3 10       		.uleb128 0x10
 1128 00c4 2E       		.uleb128 0x2e
 1129 00c5 01       		.byte	0x1
 1130 00c6 3F       		.uleb128 0x3f
 1131 00c7 19       		.uleb128 0x19
 1132 00c8 03       		.uleb128 0x3
 1133 00c9 0E       		.uleb128 0xe
 1134 00ca 3A       		.uleb128 0x3a
 1135 00cb 0B       		.uleb128 0xb
 1136 00cc 3B       		.uleb128 0x3b
 1137 00cd 0B       		.uleb128 0xb
 1138 00ce 49       		.uleb128 0x49
 1139 00cf 13       		.uleb128 0x13
 1140 00d0 11       		.uleb128 0x11
 1141 00d1 01       		.uleb128 0x1
 1142 00d2 12       		.uleb128 0x12
 1143 00d3 06       		.uleb128 0x6
 1144 00d4 40       		.uleb128 0x40
 1145 00d5 18       		.uleb128 0x18
 1146 00d6 9742     		.uleb128 0x2117
 1147 00d8 19       		.uleb128 0x19
 1148 00d9 01       		.uleb128 0x1
 1149 00da 13       		.uleb128 0x13
 1150 00db 00       		.byte	0
 1151 00dc 00       		.byte	0
 1152 00dd 11       		.uleb128 0x11
 1153 00de 34       		.uleb128 0x34
 1154 00df 00       		.byte	0
 1155 00e0 03       		.uleb128 0x3
 1156 00e1 0E       		.uleb128 0xe
 1157 00e2 3A       		.uleb128 0x3a
 1158 00e3 0B       		.uleb128 0xb
 1159 00e4 3B       		.uleb128 0x3b
 1160 00e5 0B       		.uleb128 0xb
 1161 00e6 49       		.uleb128 0x49
 1162 00e7 13       		.uleb128 0x13
 1163 00e8 02       		.uleb128 0x2
ARM GAS  C:\Users\Petro\AppData\Local\Temp\ccKN27tN.s 			page 23


 1164 00e9 18       		.uleb128 0x18
 1165 00ea 00       		.byte	0
 1166 00eb 00       		.byte	0
 1167 00ec 12       		.uleb128 0x12
 1168 00ed 34       		.uleb128 0x34
 1169 00ee 00       		.byte	0
 1170 00ef 03       		.uleb128 0x3
 1171 00f0 0E       		.uleb128 0xe
 1172 00f1 3A       		.uleb128 0x3a
 1173 00f2 0B       		.uleb128 0xb
 1174 00f3 3B       		.uleb128 0x3b
 1175 00f4 0B       		.uleb128 0xb
 1176 00f5 49       		.uleb128 0x49
 1177 00f6 13       		.uleb128 0x13
 1178 00f7 02       		.uleb128 0x2
 1179 00f8 17       		.uleb128 0x17
 1180 00f9 00       		.byte	0
 1181 00fa 00       		.byte	0
 1182 00fb 13       		.uleb128 0x13
 1183 00fc 898201   		.uleb128 0x4109
 1184 00ff 01       		.byte	0x1
 1185 0100 11       		.uleb128 0x11
 1186 0101 01       		.uleb128 0x1
 1187 0102 31       		.uleb128 0x31
 1188 0103 13       		.uleb128 0x13
 1189 0104 01       		.uleb128 0x1
 1190 0105 13       		.uleb128 0x13
 1191 0106 00       		.byte	0
 1192 0107 00       		.byte	0
 1193 0108 14       		.uleb128 0x14
 1194 0109 01       		.uleb128 0x1
 1195 010a 01       		.byte	0x1
 1196 010b 49       		.uleb128 0x49
 1197 010c 13       		.uleb128 0x13
 1198 010d 01       		.uleb128 0x1
 1199 010e 13       		.uleb128 0x13
 1200 010f 00       		.byte	0
 1201 0110 00       		.byte	0
 1202 0111 15       		.uleb128 0x15
 1203 0112 21       		.uleb128 0x21
 1204 0113 00       		.byte	0
 1205 0114 49       		.uleb128 0x49
 1206 0115 13       		.uleb128 0x13
 1207 0116 2F       		.uleb128 0x2f
 1208 0117 0B       		.uleb128 0xb
 1209 0118 00       		.byte	0
 1210 0119 00       		.byte	0
 1211 011a 16       		.uleb128 0x16
 1212 011b 34       		.uleb128 0x34
 1213 011c 00       		.byte	0
 1214 011d 03       		.uleb128 0x3
 1215 011e 0E       		.uleb128 0xe
 1216 011f 3A       		.uleb128 0x3a
 1217 0120 0B       		.uleb128 0xb
 1218 0121 3B       		.uleb128 0x3b
 1219 0122 0B       		.uleb128 0xb
 1220 0123 49       		.uleb128 0x49
ARM GAS  C:\Users\Petro\AppData\Local\Temp\ccKN27tN.s 			page 24


 1221 0124 13       		.uleb128 0x13
 1222 0125 3F       		.uleb128 0x3f
 1223 0126 19       		.uleb128 0x19
 1224 0127 02       		.uleb128 0x2
 1225 0128 18       		.uleb128 0x18
 1226 0129 00       		.byte	0
 1227 012a 00       		.byte	0
 1228 012b 17       		.uleb128 0x17
 1229 012c 2E       		.uleb128 0x2e
 1230 012d 01       		.byte	0x1
 1231 012e 3F       		.uleb128 0x3f
 1232 012f 19       		.uleb128 0x19
 1233 0130 03       		.uleb128 0x3
 1234 0131 0E       		.uleb128 0xe
 1235 0132 3A       		.uleb128 0x3a
 1236 0133 0B       		.uleb128 0xb
 1237 0134 3B       		.uleb128 0x3b
 1238 0135 05       		.uleb128 0x5
 1239 0136 27       		.uleb128 0x27
 1240 0137 19       		.uleb128 0x19
 1241 0138 3C       		.uleb128 0x3c
 1242 0139 19       		.uleb128 0x19
 1243 013a 01       		.uleb128 0x1
 1244 013b 13       		.uleb128 0x13
 1245 013c 00       		.byte	0
 1246 013d 00       		.byte	0
 1247 013e 18       		.uleb128 0x18
 1248 013f 05       		.uleb128 0x5
 1249 0140 00       		.byte	0
 1250 0141 49       		.uleb128 0x49
 1251 0142 13       		.uleb128 0x13
 1252 0143 00       		.byte	0
 1253 0144 00       		.byte	0
 1254 0145 19       		.uleb128 0x19
 1255 0146 2E       		.uleb128 0x2e
 1256 0147 00       		.byte	0
 1257 0148 3F       		.uleb128 0x3f
 1258 0149 19       		.uleb128 0x19
 1259 014a 03       		.uleb128 0x3
 1260 014b 0E       		.uleb128 0xe
 1261 014c 3A       		.uleb128 0x3a
 1262 014d 0B       		.uleb128 0xb
 1263 014e 3B       		.uleb128 0x3b
 1264 014f 05       		.uleb128 0x5
 1265 0150 27       		.uleb128 0x27
 1266 0151 19       		.uleb128 0x19
 1267 0152 3C       		.uleb128 0x3c
 1268 0153 19       		.uleb128 0x19
 1269 0154 00       		.byte	0
 1270 0155 00       		.byte	0
 1271 0156 1A       		.uleb128 0x1a
 1272 0157 2E       		.uleb128 0x2e
 1273 0158 00       		.byte	0
 1274 0159 3F       		.uleb128 0x3f
 1275 015a 19       		.uleb128 0x19
 1276 015b 03       		.uleb128 0x3
 1277 015c 0E       		.uleb128 0xe
ARM GAS  C:\Users\Petro\AppData\Local\Temp\ccKN27tN.s 			page 25


 1278 015d 3A       		.uleb128 0x3a
 1279 015e 0B       		.uleb128 0xb
 1280 015f 3B       		.uleb128 0x3b
 1281 0160 0B       		.uleb128 0xb
 1282 0161 27       		.uleb128 0x27
 1283 0162 19       		.uleb128 0x19
 1284 0163 49       		.uleb128 0x49
 1285 0164 13       		.uleb128 0x13
 1286 0165 3C       		.uleb128 0x3c
 1287 0166 19       		.uleb128 0x19
 1288 0167 00       		.byte	0
 1289 0168 00       		.byte	0
 1290 0169 1B       		.uleb128 0x1b
 1291 016a 2E       		.uleb128 0x2e
 1292 016b 01       		.byte	0x1
 1293 016c 3F       		.uleb128 0x3f
 1294 016d 19       		.uleb128 0x19
 1295 016e 03       		.uleb128 0x3
 1296 016f 0E       		.uleb128 0xe
 1297 0170 3A       		.uleb128 0x3a
 1298 0171 0B       		.uleb128 0xb
 1299 0172 3B       		.uleb128 0x3b
 1300 0173 0B       		.uleb128 0xb
 1301 0174 27       		.uleb128 0x27
 1302 0175 19       		.uleb128 0x19
 1303 0176 3C       		.uleb128 0x3c
 1304 0177 19       		.uleb128 0x19
 1305 0178 01       		.uleb128 0x1
 1306 0179 13       		.uleb128 0x13
 1307 017a 00       		.byte	0
 1308 017b 00       		.byte	0
 1309 017c 1C       		.uleb128 0x1c
 1310 017d 2E       		.uleb128 0x2e
 1311 017e 00       		.byte	0
 1312 017f 3F       		.uleb128 0x3f
 1313 0180 19       		.uleb128 0x19
 1314 0181 03       		.uleb128 0x3
 1315 0182 0E       		.uleb128 0xe
 1316 0183 3A       		.uleb128 0x3a
 1317 0184 0B       		.uleb128 0xb
 1318 0185 3B       		.uleb128 0x3b
 1319 0186 0B       		.uleb128 0xb
 1320 0187 27       		.uleb128 0x27
 1321 0188 19       		.uleb128 0x19
 1322 0189 3C       		.uleb128 0x3c
 1323 018a 19       		.uleb128 0x19
 1324 018b 00       		.byte	0
 1325 018c 00       		.byte	0
 1326 018d 1D       		.uleb128 0x1d
 1327 018e 2E       		.uleb128 0x2e
 1328 018f 00       		.byte	0
 1329 0190 3F       		.uleb128 0x3f
 1330 0191 19       		.uleb128 0x19
 1331 0192 03       		.uleb128 0x3
 1332 0193 0E       		.uleb128 0xe
 1333 0194 3A       		.uleb128 0x3a
 1334 0195 0B       		.uleb128 0xb
ARM GAS  C:\Users\Petro\AppData\Local\Temp\ccKN27tN.s 			page 26


 1335 0196 3B       		.uleb128 0x3b
 1336 0197 05       		.uleb128 0x5
 1337 0198 27       		.uleb128 0x27
 1338 0199 19       		.uleb128 0x19
 1339 019a 49       		.uleb128 0x49
 1340 019b 13       		.uleb128 0x13
 1341 019c 3C       		.uleb128 0x3c
 1342 019d 19       		.uleb128 0x19
 1343 019e 00       		.byte	0
 1344 019f 00       		.byte	0
 1345 01a0 1E       		.uleb128 0x1e
 1346 01a1 2E       		.uleb128 0x2e
 1347 01a2 01       		.byte	0x1
 1348 01a3 3F       		.uleb128 0x3f
 1349 01a4 19       		.uleb128 0x19
 1350 01a5 03       		.uleb128 0x3
 1351 01a6 0E       		.uleb128 0xe
 1352 01a7 3A       		.uleb128 0x3a
 1353 01a8 0B       		.uleb128 0xb
 1354 01a9 3B       		.uleb128 0x3b
 1355 01aa 0B       		.uleb128 0xb
 1356 01ab 27       		.uleb128 0x27
 1357 01ac 19       		.uleb128 0x19
 1358 01ad 49       		.uleb128 0x49
 1359 01ae 13       		.uleb128 0x13
 1360 01af 3C       		.uleb128 0x3c
 1361 01b0 19       		.uleb128 0x19
 1362 01b1 01       		.uleb128 0x1
 1363 01b2 13       		.uleb128 0x13
 1364 01b3 00       		.byte	0
 1365 01b4 00       		.byte	0
 1366 01b5 1F       		.uleb128 0x1f
 1367 01b6 18       		.uleb128 0x18
 1368 01b7 00       		.byte	0
 1369 01b8 00       		.byte	0
 1370 01b9 00       		.byte	0
 1371 01ba 20       		.uleb128 0x20
 1372 01bb 2E       		.uleb128 0x2e
 1373 01bc 01       		.byte	0x1
 1374 01bd 3F       		.uleb128 0x3f
 1375 01be 19       		.uleb128 0x19
 1376 01bf 03       		.uleb128 0x3
 1377 01c0 0E       		.uleb128 0xe
 1378 01c1 3A       		.uleb128 0x3a
 1379 01c2 0B       		.uleb128 0xb
 1380 01c3 3B       		.uleb128 0x3b
 1381 01c4 0B       		.uleb128 0xb
 1382 01c5 27       		.uleb128 0x27
 1383 01c6 19       		.uleb128 0x19
 1384 01c7 3C       		.uleb128 0x3c
 1385 01c8 19       		.uleb128 0x19
 1386 01c9 00       		.byte	0
 1387 01ca 00       		.byte	0
 1388 01cb 00       		.byte	0
 1389              		.section	.debug_loc,"",%progbits
 1390              	.Ldebug_loc0:
 1391              	.LLST0:
ARM GAS  C:\Users\Petro\AppData\Local\Temp\ccKN27tN.s 			page 27


 1392 0000 2C000000 		.4byte	.LVL17
 1393 0004 38000000 		.4byte	.LVL18
 1394 0008 0100     		.2byte	0x1
 1395 000a 50       		.byte	0x50
 1396 000b 4E000000 		.4byte	.LVL21
 1397 000f 58000000 		.4byte	.LVL22
 1398 0013 0100     		.2byte	0x1
 1399 0015 50       		.byte	0x50
 1400 0016 00000000 		.4byte	0
 1401 001a 00000000 		.4byte	0
 1402              		.section	.debug_aranges,"",%progbits
 1403 0000 44000000 		.4byte	0x44
 1404 0004 0200     		.2byte	0x2
 1405 0006 00000000 		.4byte	.Ldebug_info0
 1406 000a 04       		.byte	0x4
 1407 000b 00       		.byte	0
 1408 000c 0000     		.2byte	0
 1409 000e 0000     		.2byte	0
 1410 0010 00000000 		.4byte	.LFB37
 1411 0014 44000000 		.4byte	.LFE37-.LFB37
 1412 0018 00000000 		.4byte	.LFB38
 1413 001c 44000000 		.4byte	.LFE38-.LFB38
 1414 0020 00000000 		.4byte	.LFB39
 1415 0024 10000000 		.4byte	.LFE39-.LFB39
 1416 0028 00000000 		.4byte	.LFB40
 1417 002c 0C000000 		.4byte	.LFE40-.LFB40
 1418 0030 00000000 		.4byte	.LFB41
 1419 0034 1C000000 		.4byte	.LFE41-.LFB41
 1420 0038 00000000 		.4byte	.LFB42
 1421 003c 94000000 		.4byte	.LFE42-.LFB42
 1422 0040 00000000 		.4byte	0
 1423 0044 00000000 		.4byte	0
 1424              		.section	.debug_ranges,"",%progbits
 1425              	.Ldebug_ranges0:
 1426 0000 00000000 		.4byte	.LFB37
 1427 0004 44000000 		.4byte	.LFE37
 1428 0008 00000000 		.4byte	.LFB38
 1429 000c 44000000 		.4byte	.LFE38
 1430 0010 00000000 		.4byte	.LFB39
 1431 0014 10000000 		.4byte	.LFE39
 1432 0018 00000000 		.4byte	.LFB40
 1433 001c 0C000000 		.4byte	.LFE40
 1434 0020 00000000 		.4byte	.LFB41
 1435 0024 1C000000 		.4byte	.LFE41
 1436 0028 00000000 		.4byte	.LFB42
 1437 002c 94000000 		.4byte	.LFE42
 1438 0030 00000000 		.4byte	0
 1439 0034 00000000 		.4byte	0
 1440              		.section	.debug_line,"",%progbits
 1441              	.Ldebug_line0:
 1442 0000 9B020000 		.section	.debug_str,"MS",%progbits,1
 1442      0200EF01 
 1442      00000201 
 1442      FB0E0D00 
 1442      01010101 
 1443              	.LASF53:
 1444 0000 443A5C43 		.ascii	"D:\\Cypress(2)\\system-start-finish\\fw\\finish\\sa"
ARM GAS  C:\Users\Petro\AppData\Local\Temp\ccKN27tN.s 			page 28


 1444      79707265 
 1444      73732832 
 1444      295C7379 
 1444      7374656D 
 1445 002e 6E64626F 		.ascii	"ndbox\\Workspace_finish_1\\finish01.timer_uart.cyds"
 1445      785C576F 
 1445      726B7370 
 1445      6163655F 
 1445      66696E69 
 1446 005f 6E00     		.ascii	"n\000"
 1447              	.LASF50:
 1448 0061 54696D65 		.ascii	"Timer_uart_ReadCounter\000"
 1448      725F7561 
 1448      72745F52 
 1448      65616443 
 1448      6F756E74 
 1449              	.LASF24:
 1450 0078 77737461 		.ascii	"wstartHandler\000"
 1450      72744861 
 1450      6E646C65 
 1450      7200
 1451              	.LASF43:
 1452 0086 6973725F 		.ascii	"isr_uart_StartEx\000"
 1452      75617274 
 1452      5F537461 
 1452      72744578 
 1452      00
 1453              	.LASF3:
 1454 0097 73686F72 		.ascii	"short unsigned int\000"
 1454      7420756E 
 1454      7369676E 
 1454      65642069 
 1454      6E7400
 1455              	.LASF37:
 1456 00aa 70696E5F 		.ascii	"pin_wire_ClearInterrupt\000"
 1456      77697265 
 1456      5F436C65 
 1456      6172496E 
 1456      74657272 
 1457              	.LASF41:
 1458 00c2 50696E5F 		.ascii	"Pin_red_Write\000"
 1458      7265645F 
 1458      57726974 
 1458      6500
 1459              	.LASF33:
 1460 00d0 54696D65 		.ascii	"Timer_wire_Stop\000"
 1460      725F7769 
 1460      72655F53 
 1460      746F7000 
 1461              	.LASF44:
 1462 00e0 6973725F 		.ascii	"isr_stop_StartEx\000"
 1462      73746F70 
 1462      5F537461 
 1462      72744578 
 1462      00
 1463              	.LASF13:
 1464 00f1 666C6F61 		.ascii	"float\000"
ARM GAS  C:\Users\Petro\AppData\Local\Temp\ccKN27tN.s 			page 29


 1464      7400
 1465              	.LASF28:
 1466 00f7 636F756E 		.ascii	"counter\000"
 1466      74657200 
 1467              	.LASF27:
 1468 00ff 6F75745F 		.ascii	"out_buffer\000"
 1468      62756666 
 1468      657200
 1469              	.LASF1:
 1470 010a 756E7369 		.ascii	"unsigned char\000"
 1470      676E6564 
 1470      20636861 
 1470      7200
 1471              	.LASF23:
 1472 0118 73746F70 		.ascii	"stopHandler\000"
 1472      48616E64 
 1472      6C657200 
 1473              	.LASF46:
 1474 0124 6973725F 		.ascii	"isr_ustart_StartEx\000"
 1474      75737461 
 1474      72745F53 
 1474      74617274 
 1474      457800
 1475              	.LASF5:
 1476 0137 6C6F6E67 		.ascii	"long unsigned int\000"
 1476      20756E73 
 1476      69676E65 
 1476      6420696E 
 1476      7400
 1477              	.LASF11:
 1478 0149 75696E74 		.ascii	"uint8\000"
 1478      3800
 1479              	.LASF47:
 1480 014f 55415254 		.ascii	"UART_Start\000"
 1480      5F537461 
 1480      727400
 1481              	.LASF45:
 1482 015a 6973725F 		.ascii	"isr_wstart_StartEx\000"
 1482      77737461 
 1482      72745F53 
 1482      74617274 
 1482      457800
 1483              	.LASF40:
 1484 016d 50696E5F 		.ascii	"Pin_red_Read\000"
 1484      7265645F 
 1484      52656164 
 1484      00
 1485              	.LASF35:
 1486 017a 54696D65 		.ascii	"Timer_wire_Start\000"
 1486      725F7769 
 1486      72655F53 
 1486      74617274 
 1486      00
 1487              	.LASF9:
 1488 018b 5F5F7569 		.ascii	"__uint16_t\000"
 1488      6E743136 
 1488      5F7400
ARM GAS  C:\Users\Petro\AppData\Local\Temp\ccKN27tN.s 			page 30


 1489              	.LASF14:
 1490 0196 646F7562 		.ascii	"double\000"
 1490      6C6500
 1491              	.LASF29:
 1492 019d 77697265 		.ascii	"wire\000"
 1492      00
 1493              	.LASF34:
 1494 01a2 54696D65 		.ascii	"Timer_uart_Stop\000"
 1494      725F7561 
 1494      72745F53 
 1494      746F7000 
 1495              	.LASF52:
 1496 01b2 2E5C6D61 		.ascii	".\\main.c\000"
 1496      696E2E63 
 1496      00
 1497              	.LASF20:
 1498 01bb 6D736563 		.ascii	"msec\000"
 1498      00
 1499              	.LASF12:
 1500 01c0 75696E74 		.ascii	"uint32\000"
 1500      333200
 1501              	.LASF26:
 1502 01c7 6D61696E 		.ascii	"main\000"
 1502      00
 1503              	.LASF25:
 1504 01cc 75737461 		.ascii	"ustartHandler\000"
 1504      72744861 
 1504      6E646C65 
 1504      7200
 1505              	.LASF48:
 1506 01da 54696D65 		.ascii	"Timer_wire_ReadCounter\000"
 1506      725F7769 
 1506      72655F52 
 1506      65616443 
 1506      6F756E74 
 1507              	.LASF8:
 1508 01f1 756E7369 		.ascii	"unsigned int\000"
 1508      676E6564 
 1508      20696E74 
 1508      00
 1509              	.LASF7:
 1510 01fe 6C6F6E67 		.ascii	"long long unsigned int\000"
 1510      206C6F6E 
 1510      6720756E 
 1510      7369676E 
 1510      65642069 
 1511              	.LASF32:
 1512 0215 54696D65 		.ascii	"Timer_uart_ClearInterrupt\000"
 1512      725F7561 
 1512      72745F43 
 1512      6C656172 
 1512      496E7465 
 1513              	.LASF19:
 1514 022f 686F7572 		.ascii	"hour\000"
 1514      00
 1515              	.LASF17:
 1516 0234 63796973 		.ascii	"cyisraddress\000"
ARM GAS  C:\Users\Petro\AppData\Local\Temp\ccKN27tN.s 			page 31


 1516      72616464 
 1516      72657373 
 1516      00
 1517              	.LASF54:
 1518 0241 74696D65 		.ascii	"time\000"
 1518      00
 1519              	.LASF18:
 1520 0246 73697A65 		.ascii	"sizetype\000"
 1520      74797065 
 1520      00
 1521              	.LASF15:
 1522 024f 63686172 		.ascii	"char8\000"
 1522      3800
 1523              	.LASF6:
 1524 0255 6C6F6E67 		.ascii	"long long int\000"
 1524      206C6F6E 
 1524      6720696E 
 1524      7400
 1525              	.LASF22:
 1526 0263 75617274 		.ascii	"uartHandler\000"
 1526      48616E64 
 1526      6C657200 
 1527              	.LASF16:
 1528 026f 63686172 		.ascii	"char\000"
 1528      00
 1529              	.LASF51:
 1530 0274 474E5520 		.ascii	"GNU C 4.9.3 20150303 (release) [ARM/embedded-4_9-br"
 1530      4320342E 
 1530      392E3320 
 1530      32303135 
 1530      30333033 
 1531 02a7 616E6368 		.ascii	"anch revision 221220] -mcpu=cortex-m0 -mthumb -g -O"
 1531      20726576 
 1531      6973696F 
 1531      6E203232 
 1531      31323230 
 1532 02da 67202D66 		.ascii	"g -ffunction-sections -ffat-lto-objects\000"
 1532      66756E63 
 1532      74696F6E 
 1532      2D736563 
 1532      74696F6E 
 1533              	.LASF42:
 1534 0302 6973725F 		.ascii	"isr_wire_StartEx\000"
 1534      77697265 
 1534      5F537461 
 1534      72744578 
 1534      00
 1535              	.LASF2:
 1536 0313 73686F72 		.ascii	"short int\000"
 1536      7420696E 
 1536      7400
 1537              	.LASF10:
 1538 031d 75696E74 		.ascii	"uint16_t\000"
 1538      31365F74 
 1538      00
 1539              	.LASF21:
 1540 0326 77697265 		.ascii	"wireHandler\000"
ARM GAS  C:\Users\Petro\AppData\Local\Temp\ccKN27tN.s 			page 32


 1540      48616E64 
 1540      6C657200 
 1541              	.LASF31:
 1542 0332 54696D65 		.ascii	"Timer_wire_ClearInterrupt\000"
 1542      725F7769 
 1542      72655F43 
 1542      6C656172 
 1542      496E7465 
 1543              	.LASF30:
 1544 034c 75617274 		.ascii	"uart\000"
 1544      00
 1545              	.LASF4:
 1546 0351 6C6F6E67 		.ascii	"long int\000"
 1546      20696E74 
 1546      00
 1547              	.LASF0:
 1548 035a 7369676E 		.ascii	"signed char\000"
 1548      65642063 
 1548      68617200 
 1549              	.LASF39:
 1550 0366 54696D65 		.ascii	"Timer_uart_Start\000"
 1550      725F7561 
 1550      72745F53 
 1550      74617274 
 1550      00
 1551              	.LASF38:
 1552 0377 55415254 		.ascii	"UART_GetChar\000"
 1552      5F476574 
 1552      43686172 
 1552      00
 1553              	.LASF36:
 1554 0384 62757474 		.ascii	"butt_stop_ClearInterrupt\000"
 1554      5F73746F 
 1554      705F436C 
 1554      65617249 
 1554      6E746572 
 1555              	.LASF55:
 1556 039d 73707269 		.ascii	"sprintf\000"
 1556      6E746600 
 1557              	.LASF56:
 1558 03a5 43794465 		.ascii	"CyDelay\000"
 1558      6C617900 
 1559              	.LASF49:
 1560 03ad 55415254 		.ascii	"UART_PutString\000"
 1560      5F507574 
 1560      53747269 
 1560      6E6700
 1561              		.ident	"GCC: (GNU Tools for ARM Embedded Processors) 4.9.3 20150303 (release) [ARM/embedded-4_9-br
