ARM GAS  C:\Users\Petro\AppData\Local\Temp\ccnHfONp.s 			page 1


   1              		.cpu cortex-m0
   2              		.fpu softvfp
   3              		.eabi_attribute 20, 1
   4              		.eabi_attribute 21, 1
   5              		.eabi_attribute 23, 3
   6              		.eabi_attribute 24, 1
   7              		.eabi_attribute 25, 1
   8              		.eabi_attribute 26, 1
   9              		.eabi_attribute 30, 1
  10              		.eabi_attribute 34, 0
  11              		.eabi_attribute 18, 4
  12              		.code	16
  13              		.file	"SwSPI_Master_1.c"
  14              		.text
  15              	.Ltext0:
  16              		.cfi_sections	.debug_frame
  17              		.section	.text.SwSPI_Master_1_Init,"ax",%progbits
  18              		.align	2
  19              		.global	SwSPI_Master_1_Init
  20              		.code	16
  21              		.thumb_func
  22              		.type	SwSPI_Master_1_Init, %function
  23              	SwSPI_Master_1_Init:
  24              	.LFB2:
  25              		.file 1 "Generated_Source\\PSoC4\\SwSPI_Master_1.c"
   1:Generated_Source\PSoC4/SwSPI_Master_1.c **** /* ========================================
   2:Generated_Source\PSoC4/SwSPI_Master_1.c ****  *
   3:Generated_Source\PSoC4/SwSPI_Master_1.c ****  * File Name: SwSPI_Master_1.c
   4:Generated_Source\PSoC4/SwSPI_Master_1.c ****  * Version 1.20 
   5:Generated_Source\PSoC4/SwSPI_Master_1.c ****  * Copyright ANDREY TKACHOV, 2016
   6:Generated_Source\PSoC4/SwSPI_Master_1.c ****  
   7:Generated_Source\PSoC4/SwSPI_Master_1.c ****  * Description:
   8:Generated_Source\PSoC4/SwSPI_Master_1.c ****  *  This file provides source code for the Software SPI component's API.
   9:Generated_Source\PSoC4/SwSPI_Master_1.c **** 
  10:Generated_Source\PSoC4/SwSPI_Master_1.c ****  * All Rights Reserved
  11:Generated_Source\PSoC4/SwSPI_Master_1.c ****  * UNPUBLISHED, LICENSED SOFTWARE.
  12:Generated_Source\PSoC4/SwSPI_Master_1.c ****  *
  13:Generated_Source\PSoC4/SwSPI_Master_1.c ****  * CONFIDENTIAL AND PROPRIETARY INFORMATION
  14:Generated_Source\PSoC4/SwSPI_Master_1.c ****  * WHICH IS THE PROPERTY OF PERSONAL LICENSE.
  15:Generated_Source\PSoC4/SwSPI_Master_1.c ****  *
  16:Generated_Source\PSoC4/SwSPI_Master_1.c ****  * ========================================
  17:Generated_Source\PSoC4/SwSPI_Master_1.c **** */
  18:Generated_Source\PSoC4/SwSPI_Master_1.c **** 
  19:Generated_Source\PSoC4/SwSPI_Master_1.c **** #include "SwSPI_Master_1_PVT.h"
  20:Generated_Source\PSoC4/SwSPI_Master_1.c **** 
  21:Generated_Source\PSoC4/SwSPI_Master_1.c **** /*******************************************************************************
  22:Generated_Source\PSoC4/SwSPI_Master_1.c **** * Function Name: SwSPI_Master_1_Init
  23:Generated_Source\PSoC4/SwSPI_Master_1.c **** ********************************************************************************
  24:Generated_Source\PSoC4/SwSPI_Master_1.c **** *
  25:Generated_Source\PSoC4/SwSPI_Master_1.c **** * Summary:
  26:Generated_Source\PSoC4/SwSPI_Master_1.c **** *  Performs initialization required for the components normal work.
  27:Generated_Source\PSoC4/SwSPI_Master_1.c **** *  This function initializes the Software SPI hardware module as follows:
  28:Generated_Source\PSoC4/SwSPI_Master_1.c **** *        Sets initial state for CS, CLK, MOSI pin
  29:Generated_Source\PSoC4/SwSPI_Master_1.c **** *
  30:Generated_Source\PSoC4/SwSPI_Master_1.c **** * Parameters:
  31:Generated_Source\PSoC4/SwSPI_Master_1.c **** *  None.
  32:Generated_Source\PSoC4/SwSPI_Master_1.c **** *
ARM GAS  C:\Users\Petro\AppData\Local\Temp\ccnHfONp.s 			page 2


  33:Generated_Source\PSoC4/SwSPI_Master_1.c **** * Return:
  34:Generated_Source\PSoC4/SwSPI_Master_1.c **** *  None.
  35:Generated_Source\PSoC4/SwSPI_Master_1.c **** *
  36:Generated_Source\PSoC4/SwSPI_Master_1.c **** * Reentrant:
  37:Generated_Source\PSoC4/SwSPI_Master_1.c **** *  No.
  38:Generated_Source\PSoC4/SwSPI_Master_1.c **** *
  39:Generated_Source\PSoC4/SwSPI_Master_1.c **** *******************************************************************************/
  40:Generated_Source\PSoC4/SwSPI_Master_1.c **** 
  41:Generated_Source\PSoC4/SwSPI_Master_1.c **** void SwSPI_Master_1_Init(void) 
  42:Generated_Source\PSoC4/SwSPI_Master_1.c **** {
  26              		.loc 1 42 0
  27              		.cfi_startproc
  43:Generated_Source\PSoC4/SwSPI_Master_1.c ****    SwSPI_Master_1_CS_DR_REG |= SwSPI_Master_1_CS;
  28              		.loc 1 43 0
  29 0000 064B     		ldr	r3, .L2
  30 0002 1968     		ldr	r1, [r3]
  31 0004 2022     		mov	r2, #32
  32 0006 0A43     		orr	r2, r1
  33 0008 1A60     		str	r2, [r3]
  44:Generated_Source\PSoC4/SwSPI_Master_1.c ****    SwSPI_Master_1_SCK_DR_REG &= ((uint8)(~SwSPI_Master_1_CLK));
  34              		.loc 1 44 0
  35 000a 1A68     		ldr	r2, [r3]
  36 000c FB21     		mov	r1, #251
  37 000e 0A40     		and	r2, r1
  38 0010 1A60     		str	r2, [r3]
  45:Generated_Source\PSoC4/SwSPI_Master_1.c ****    SwSPI_Master_1_MOSI_DR_REG &= ((uint8)(~SwSPI_Master_1_MOSI));
  39              		.loc 1 45 0
  40 0012 1A68     		ldr	r2, [r3]
  41 0014 0C39     		sub	r1, r1, #12
  42 0016 0A40     		and	r2, r1
  43 0018 1A60     		str	r2, [r3]
  46:Generated_Source\PSoC4/SwSPI_Master_1.c **** }
  44              		.loc 1 46 0
  45              		@ sp needed
  46 001a 7047     		bx	lr
  47              	.L3:
  48              		.align	2
  49              	.L2:
  50 001c 00020440 		.word	1074004480
  51              		.cfi_endproc
  52              	.LFE2:
  53              		.size	SwSPI_Master_1_Init, .-SwSPI_Master_1_Init
  54              		.section	.text.SwSPI_Master_1_ChipSelect,"ax",%progbits
  55              		.align	2
  56              		.global	SwSPI_Master_1_ChipSelect
  57              		.code	16
  58              		.thumb_func
  59              		.type	SwSPI_Master_1_ChipSelect, %function
  60              	SwSPI_Master_1_ChipSelect:
  61              	.LFB3:
  47:Generated_Source\PSoC4/SwSPI_Master_1.c **** 
  48:Generated_Source\PSoC4/SwSPI_Master_1.c **** /*******************************************************************************
  49:Generated_Source\PSoC4/SwSPI_Master_1.c **** * Function Name: SwSPI_Master_1_ChipSelect
  50:Generated_Source\PSoC4/SwSPI_Master_1.c **** ********************************************************************************
  51:Generated_Source\PSoC4/SwSPI_Master_1.c **** *
  52:Generated_Source\PSoC4/SwSPI_Master_1.c **** * Summary:
  53:Generated_Source\PSoC4/SwSPI_Master_1.c **** *  Sets active state on CS pin.
ARM GAS  C:\Users\Petro\AppData\Local\Temp\ccnHfONp.s 			page 3


  54:Generated_Source\PSoC4/SwSPI_Master_1.c **** *  For this mode active state CS is low.
  55:Generated_Source\PSoC4/SwSPI_Master_1.c **** *
  56:Generated_Source\PSoC4/SwSPI_Master_1.c **** * Parameters:
  57:Generated_Source\PSoC4/SwSPI_Master_1.c **** *  None
  58:Generated_Source\PSoC4/SwSPI_Master_1.c **** *
  59:Generated_Source\PSoC4/SwSPI_Master_1.c **** * Return:
  60:Generated_Source\PSoC4/SwSPI_Master_1.c **** *  None
  61:Generated_Source\PSoC4/SwSPI_Master_1.c **** *
  62:Generated_Source\PSoC4/SwSPI_Master_1.c **** *******************************************************************************/
  63:Generated_Source\PSoC4/SwSPI_Master_1.c **** 
  64:Generated_Source\PSoC4/SwSPI_Master_1.c **** void SwSPI_Master_1_ChipSelect(void) 
  65:Generated_Source\PSoC4/SwSPI_Master_1.c **** {
  62              		.loc 1 65 0
  63              		.cfi_startproc
  66:Generated_Source\PSoC4/SwSPI_Master_1.c **** /*    SwSPI_Master_1_OUTPORT_DR_REG &= ((uint8)(~SwSPI_Master_1_CS));*/
  67:Generated_Source\PSoC4/SwSPI_Master_1.c **** }
  64              		.loc 1 67 0
  65              		@ sp needed
  66 0000 7047     		bx	lr
  67              		.cfi_endproc
  68              	.LFE3:
  69              		.size	SwSPI_Master_1_ChipSelect, .-SwSPI_Master_1_ChipSelect
  70 0002 C046     		.section	.text.SwSPI_Master_1_ChipDeselect,"ax",%progbits
  71              		.align	2
  72              		.global	SwSPI_Master_1_ChipDeselect
  73              		.code	16
  74              		.thumb_func
  75              		.type	SwSPI_Master_1_ChipDeselect, %function
  76              	SwSPI_Master_1_ChipDeselect:
  77              	.LFB4:
  68:Generated_Source\PSoC4/SwSPI_Master_1.c **** 
  69:Generated_Source\PSoC4/SwSPI_Master_1.c **** /*******************************************************************************
  70:Generated_Source\PSoC4/SwSPI_Master_1.c **** * Function Name: SwSPI_Master_1_ChipDeselect
  71:Generated_Source\PSoC4/SwSPI_Master_1.c **** ********************************************************************************
  72:Generated_Source\PSoC4/SwSPI_Master_1.c **** *
  73:Generated_Source\PSoC4/SwSPI_Master_1.c **** * Summary:
  74:Generated_Source\PSoC4/SwSPI_Master_1.c **** *  Sets disable state on CS pin.
  75:Generated_Source\PSoC4/SwSPI_Master_1.c **** *  For this mode disable state CS is high.
  76:Generated_Source\PSoC4/SwSPI_Master_1.c **** *
  77:Generated_Source\PSoC4/SwSPI_Master_1.c **** * Parameters:
  78:Generated_Source\PSoC4/SwSPI_Master_1.c **** *  None
  79:Generated_Source\PSoC4/SwSPI_Master_1.c **** *
  80:Generated_Source\PSoC4/SwSPI_Master_1.c **** * Return:
  81:Generated_Source\PSoC4/SwSPI_Master_1.c **** *  None
  82:Generated_Source\PSoC4/SwSPI_Master_1.c **** *
  83:Generated_Source\PSoC4/SwSPI_Master_1.c **** *******************************************************************************/
  84:Generated_Source\PSoC4/SwSPI_Master_1.c **** 
  85:Generated_Source\PSoC4/SwSPI_Master_1.c **** void SwSPI_Master_1_ChipDeselect(void) 
  86:Generated_Source\PSoC4/SwSPI_Master_1.c **** {
  78              		.loc 1 86 0
  79              		.cfi_startproc
  87:Generated_Source\PSoC4/SwSPI_Master_1.c **** /*    SwSPI_Master_1_OUTPORT_DR_REG |= SwSPI_Master_1_CS;*/
  88:Generated_Source\PSoC4/SwSPI_Master_1.c **** }
  80              		.loc 1 88 0
  81              		@ sp needed
  82 0000 7047     		bx	lr
  83              		.cfi_endproc
ARM GAS  C:\Users\Petro\AppData\Local\Temp\ccnHfONp.s 			page 4


  84              	.LFE4:
  85              		.size	SwSPI_Master_1_ChipDeselect, .-SwSPI_Master_1_ChipDeselect
  86 0002 C046     		.section	.text.SwSPI_Master_1_SendByte,"ax",%progbits
  87              		.align	2
  88              		.global	SwSPI_Master_1_SendByte
  89              		.code	16
  90              		.thumb_func
  91              		.type	SwSPI_Master_1_SendByte, %function
  92              	SwSPI_Master_1_SendByte:
  93              	.LFB5:
  89:Generated_Source\PSoC4/SwSPI_Master_1.c **** 
  90:Generated_Source\PSoC4/SwSPI_Master_1.c **** /*******************************************************************************
  91:Generated_Source\PSoC4/SwSPI_Master_1.c **** * Function Name: SwSPI_Master_1_SendByte
  92:Generated_Source\PSoC4/SwSPI_Master_1.c **** ********************************************************************************
  93:Generated_Source\PSoC4/SwSPI_Master_1.c **** *
  94:Generated_Source\PSoC4/SwSPI_Master_1.c **** * Summary:
  95:Generated_Source\PSoC4/SwSPI_Master_1.c **** *  Sends one byte via Software SPI.
  96:Generated_Source\PSoC4/SwSPI_Master_1.c **** *  One byte are transmitted after 8 periods CLK.
  97:Generated_Source\PSoC4/SwSPI_Master_1.c **** *
  98:Generated_Source\PSoC4/SwSPI_Master_1.c **** * Parameters:
  99:Generated_Source\PSoC4/SwSPI_Master_1.c **** *  Byte to be transmitted
 100:Generated_Source\PSoC4/SwSPI_Master_1.c **** *
 101:Generated_Source\PSoC4/SwSPI_Master_1.c **** * Note:
 102:Generated_Source\PSoC4/SwSPI_Master_1.c **** *  CS must be in active(low) state.
 103:Generated_Source\PSoC4/SwSPI_Master_1.c **** *
 104:Generated_Source\PSoC4/SwSPI_Master_1.c **** * Return:
 105:Generated_Source\PSoC4/SwSPI_Master_1.c **** *  None
 106:Generated_Source\PSoC4/SwSPI_Master_1.c **** *
 107:Generated_Source\PSoC4/SwSPI_Master_1.c **** *******************************************************************************/
 108:Generated_Source\PSoC4/SwSPI_Master_1.c **** 
 109:Generated_Source\PSoC4/SwSPI_Master_1.c **** void SwSPI_Master_1_SendByte(uint8 byte) 
 110:Generated_Source\PSoC4/SwSPI_Master_1.c **** {
  94              		.loc 1 110 0
  95              		.cfi_startproc
  96              	.LVL0:
  97 0000 70B5     		push	{r4, r5, r6, lr}
  98              		.cfi_def_cfa_offset 16
  99              		.cfi_offset 4, -16
 100              		.cfi_offset 5, -12
 101              		.cfi_offset 6, -8
 102              		.cfi_offset 14, -4
 103 0002 051C     		mov	r5, r0
 104              	.LVL1:
 111:Generated_Source\PSoC4/SwSPI_Master_1.c ****     uint8 countBites;
 112:Generated_Source\PSoC4/SwSPI_Master_1.c ****     for (countBites = BITES_ON_ONE_BYTE; countBites > 0; countBites--)
 105              		.loc 1 112 0
 106 0004 0824     		mov	r4, #8
 107 0006 20E0     		b	.L7
 108              	.LVL2:
 109              	.L10:
 113:Generated_Source\PSoC4/SwSPI_Master_1.c ****     {
 114:Generated_Source\PSoC4/SwSPI_Master_1.c ****     
 115:Generated_Source\PSoC4/SwSPI_Master_1.c ****         if (byte & MASK_HIGH_BIT)
 110              		.loc 1 115 0
 111 0008 6BB2     		sxtb	r3, r5
 112 000a 002B     		cmp	r3, #0
 113 000c 05DA     		bge	.L8
ARM GAS  C:\Users\Petro\AppData\Local\Temp\ccnHfONp.s 			page 5


 116:Generated_Source\PSoC4/SwSPI_Master_1.c ****         {
 117:Generated_Source\PSoC4/SwSPI_Master_1.c ****             SwSPI_Master_1_MOSI_DR_REG |= SwSPI_Master_1_MOSI;
 114              		.loc 1 117 0
 115 000e 134A     		ldr	r2, .L11
 116 0010 1168     		ldr	r1, [r2]
 117 0012 1023     		mov	r3, #16
 118 0014 0B43     		orr	r3, r1
 119 0016 1360     		str	r3, [r2]
 120 0018 04E0     		b	.L9
 121              	.L8:
 118:Generated_Source\PSoC4/SwSPI_Master_1.c ****         }
 119:Generated_Source\PSoC4/SwSPI_Master_1.c ****         else
 120:Generated_Source\PSoC4/SwSPI_Master_1.c ****         {
 121:Generated_Source\PSoC4/SwSPI_Master_1.c ****             SwSPI_Master_1_MOSI_DR_REG &= ((uint8)(~SwSPI_Master_1_MOSI));
 122              		.loc 1 121 0
 123 001a 104A     		ldr	r2, .L11
 124 001c 1368     		ldr	r3, [r2]
 125 001e EF21     		mov	r1, #239
 126 0020 0B40     		and	r3, r1
 127 0022 1360     		str	r3, [r2]
 128              	.L9:
 122:Generated_Source\PSoC4/SwSPI_Master_1.c ****         }  
 123:Generated_Source\PSoC4/SwSPI_Master_1.c ****         SwSPI_Master_1_SCK_DR_REG |= SwSPI_Master_1_CLK;
 129              		.loc 1 123 0 discriminator 2
 130 0024 0D4E     		ldr	r6, .L11
 131 0026 3268     		ldr	r2, [r6]
 132 0028 0423     		mov	r3, #4
 133 002a 1343     		orr	r3, r2
 134 002c 3360     		str	r3, [r6]
 124:Generated_Source\PSoC4/SwSPI_Master_1.c ****         
 125:Generated_Source\PSoC4/SwSPI_Master_1.c ****         CyDelayCycles(DELAY_HIGH_STATE);
 135              		.loc 1 125 0 discriminator 2
 136 002e 0A20     		mov	r0, #10
 137 0030 FFF7FEFF 		bl	CyDelayCycles
 138              	.LVL3:
 126:Generated_Source\PSoC4/SwSPI_Master_1.c ****         
 127:Generated_Source\PSoC4/SwSPI_Master_1.c ****         SwSPI_Master_1_SCK_DR_REG &= ((uint8)(~SwSPI_Master_1_CLK));
 139              		.loc 1 127 0 discriminator 2
 140 0034 3368     		ldr	r3, [r6]
 141 0036 FB22     		mov	r2, #251
 142 0038 1340     		and	r3, r2
 143 003a 3360     		str	r3, [r6]
 128:Generated_Source\PSoC4/SwSPI_Master_1.c ****         CyDelayCycles(DELAY_LOW_STATE);      
 144              		.loc 1 128 0 discriminator 2
 145 003c 0A20     		mov	r0, #10
 146 003e FFF7FEFF 		bl	CyDelayCycles
 147              	.LVL4:
 129:Generated_Source\PSoC4/SwSPI_Master_1.c ****         byte <<=  SHIFT_ONE_BIT;
 148              		.loc 1 129 0 discriminator 2
 149 0042 6D00     		lsl	r5, r5, #1
 150              	.LVL5:
 151 0044 EDB2     		uxtb	r5, r5
 152              	.LVL6:
 112:Generated_Source\PSoC4/SwSPI_Master_1.c ****     {
 153              		.loc 1 112 0 discriminator 2
 154 0046 013C     		sub	r4, r4, #1
 155              	.LVL7:
ARM GAS  C:\Users\Petro\AppData\Local\Temp\ccnHfONp.s 			page 6


 156 0048 E4B2     		uxtb	r4, r4
 157              	.LVL8:
 158              	.L7:
 112:Generated_Source\PSoC4/SwSPI_Master_1.c ****     {
 159              		.loc 1 112 0 is_stmt 0 discriminator 1
 160 004a 002C     		cmp	r4, #0
 161 004c DCD1     		bne	.L10
 130:Generated_Source\PSoC4/SwSPI_Master_1.c ****     }
 131:Generated_Source\PSoC4/SwSPI_Master_1.c ****     
 132:Generated_Source\PSoC4/SwSPI_Master_1.c ****     SwSPI_Master_1_MOSI_DR_REG &= ((uint8)(~SwSPI_Master_1_MOSI));    
 162              		.loc 1 132 0 is_stmt 1
 163 004e 034A     		ldr	r2, .L11
 164 0050 1368     		ldr	r3, [r2]
 165 0052 EF21     		mov	r1, #239
 166 0054 0B40     		and	r3, r1
 167 0056 1360     		str	r3, [r2]
 133:Generated_Source\PSoC4/SwSPI_Master_1.c **** }
 168              		.loc 1 133 0
 169              		@ sp needed
 170              	.LVL9:
 171              	.LVL10:
 172 0058 70BD     		pop	{r4, r5, r6, pc}
 173              	.L12:
 174 005a C046     		.align	2
 175              	.L11:
 176 005c 00020440 		.word	1074004480
 177              		.cfi_endproc
 178              	.LFE5:
 179              		.size	SwSPI_Master_1_SendByte, .-SwSPI_Master_1_SendByte
 180              		.section	.text.SwSPI_Master_1_SendBuff,"ax",%progbits
 181              		.align	2
 182              		.global	SwSPI_Master_1_SendBuff
 183              		.code	16
 184              		.thumb_func
 185              		.type	SwSPI_Master_1_SendBuff, %function
 186              	SwSPI_Master_1_SendBuff:
 187              	.LFB6:
 134:Generated_Source\PSoC4/SwSPI_Master_1.c **** 
 135:Generated_Source\PSoC4/SwSPI_Master_1.c **** /*******************************************************************************
 136:Generated_Source\PSoC4/SwSPI_Master_1.c **** * Function Name: SwSPI_Master_1_SendBuff
 137:Generated_Source\PSoC4/SwSPI_Master_1.c **** ********************************************************************************
 138:Generated_Source\PSoC4/SwSPI_Master_1.c **** *
 139:Generated_Source\PSoC4/SwSPI_Master_1.c **** * Summary:
 140:Generated_Source\PSoC4/SwSPI_Master_1.c **** *  Sends one byte via Software SPI.
 141:Generated_Source\PSoC4/SwSPI_Master_1.c **** *  One byte are transmitted after 8 periods CLK.
 142:Generated_Source\PSoC4/SwSPI_Master_1.c **** *
 143:Generated_Source\PSoC4/SwSPI_Master_1.c **** * Parameters:
 144:Generated_Source\PSoC4/SwSPI_Master_1.c **** *  buff: Pointer to buffer who will be transmitted via SPI.
 145:Generated_Source\PSoC4/SwSPI_Master_1.c **** *  cnt: Count bytes in buffer for transmit.
 146:Generated_Source\PSoC4/SwSPI_Master_1.c **** *
 147:Generated_Source\PSoC4/SwSPI_Master_1.c **** * Note:
 148:Generated_Source\PSoC4/SwSPI_Master_1.c **** *  CS must be in active(low) state.
 149:Generated_Source\PSoC4/SwSPI_Master_1.c **** *  Transmitt no more 65535 bytes. (2^16 - 1)
 150:Generated_Source\PSoC4/SwSPI_Master_1.c **** *
 151:Generated_Source\PSoC4/SwSPI_Master_1.c **** * Return:
 152:Generated_Source\PSoC4/SwSPI_Master_1.c **** *  None
 153:Generated_Source\PSoC4/SwSPI_Master_1.c **** *
ARM GAS  C:\Users\Petro\AppData\Local\Temp\ccnHfONp.s 			page 7


 154:Generated_Source\PSoC4/SwSPI_Master_1.c **** *******************************************************************************/
 155:Generated_Source\PSoC4/SwSPI_Master_1.c **** 
 156:Generated_Source\PSoC4/SwSPI_Master_1.c **** void SwSPI_Master_1_SendBuff(const uint8 buff[], uint16 cnt) 
 157:Generated_Source\PSoC4/SwSPI_Master_1.c **** {
 188              		.loc 1 157 0
 189              		.cfi_startproc
 190              	.LVL11:
 191 0000 70B5     		push	{r4, r5, r6, lr}
 192              		.cfi_def_cfa_offset 16
 193              		.cfi_offset 4, -16
 194              		.cfi_offset 5, -12
 195              		.cfi_offset 6, -8
 196              		.cfi_offset 14, -4
 197 0002 061C     		mov	r6, r0
 198 0004 0D1C     		mov	r5, r1
 199              	.LVL12:
 158:Generated_Source\PSoC4/SwSPI_Master_1.c ****     uint16_t tmpData;
 159:Generated_Source\PSoC4/SwSPI_Master_1.c ****     for (tmpData = 0; tmpData < cnt; tmpData ++)
 200              		.loc 1 159 0
 201 0006 0024     		mov	r4, #0
 202 0008 04E0     		b	.L14
 203              	.LVL13:
 204              	.L15:
 160:Generated_Source\PSoC4/SwSPI_Master_1.c ****     {
 161:Generated_Source\PSoC4/SwSPI_Master_1.c ****         SwSPI_Master_1_SendByte(buff[tmpData]);
 205              		.loc 1 161 0 discriminator 3
 206 000a 305D     		ldrb	r0, [r6, r4]
 207 000c FFF7FEFF 		bl	SwSPI_Master_1_SendByte
 208              	.LVL14:
 159:Generated_Source\PSoC4/SwSPI_Master_1.c ****     {
 209              		.loc 1 159 0 discriminator 3
 210 0010 0134     		add	r4, r4, #1
 211              	.LVL15:
 212 0012 A4B2     		uxth	r4, r4
 213              	.LVL16:
 214              	.L14:
 159:Generated_Source\PSoC4/SwSPI_Master_1.c ****     {
 215              		.loc 1 159 0 is_stmt 0 discriminator 1
 216 0014 AC42     		cmp	r4, r5
 217 0016 F8D3     		bcc	.L15
 162:Generated_Source\PSoC4/SwSPI_Master_1.c ****     }
 163:Generated_Source\PSoC4/SwSPI_Master_1.c **** }
 218              		.loc 1 163 0 is_stmt 1
 219              		@ sp needed
 220              	.LVL17:
 221              	.LVL18:
 222 0018 70BD     		pop	{r4, r5, r6, pc}
 223              		.cfi_endproc
 224              	.LFE6:
 225              		.size	SwSPI_Master_1_SendBuff, .-SwSPI_Master_1_SendBuff
 226 001a C046     		.section	.text.SwSPI_Master_1_RecvByte,"ax",%progbits
 227              		.align	2
 228              		.global	SwSPI_Master_1_RecvByte
 229              		.code	16
 230              		.thumb_func
 231              		.type	SwSPI_Master_1_RecvByte, %function
 232              	SwSPI_Master_1_RecvByte:
ARM GAS  C:\Users\Petro\AppData\Local\Temp\ccnHfONp.s 			page 8


 233              	.LFB7:
 164:Generated_Source\PSoC4/SwSPI_Master_1.c **** 
 165:Generated_Source\PSoC4/SwSPI_Master_1.c **** /*******************************************************************************
 166:Generated_Source\PSoC4/SwSPI_Master_1.c **** * Function Name: SwSPI_Master_1_RecvByte
 167:Generated_Source\PSoC4/SwSPI_Master_1.c **** ********************************************************************************
 168:Generated_Source\PSoC4/SwSPI_Master_1.c **** *
 169:Generated_Source\PSoC4/SwSPI_Master_1.c **** * Summary:
 170:Generated_Source\PSoC4/SwSPI_Master_1.c **** *  Recieve one byte via Software SPI.
 171:Generated_Source\PSoC4/SwSPI_Master_1.c **** *  One byte are recieved after 8 periods CLK.
 172:Generated_Source\PSoC4/SwSPI_Master_1.c **** *
 173:Generated_Source\PSoC4/SwSPI_Master_1.c **** * Parameters:
 174:Generated_Source\PSoC4/SwSPI_Master_1.c **** *  None.
 175:Generated_Source\PSoC4/SwSPI_Master_1.c **** *
 176:Generated_Source\PSoC4/SwSPI_Master_1.c **** * Note:
 177:Generated_Source\PSoC4/SwSPI_Master_1.c **** *  CS must be in active(low) state.
 178:Generated_Source\PSoC4/SwSPI_Master_1.c **** *
 179:Generated_Source\PSoC4/SwSPI_Master_1.c **** * Return:
 180:Generated_Source\PSoC4/SwSPI_Master_1.c **** *  Recieved byte.
 181:Generated_Source\PSoC4/SwSPI_Master_1.c **** *
 182:Generated_Source\PSoC4/SwSPI_Master_1.c **** *******************************************************************************/
 183:Generated_Source\PSoC4/SwSPI_Master_1.c **** 
 184:Generated_Source\PSoC4/SwSPI_Master_1.c **** uint8 SwSPI_Master_1_RecvByte(void) 
 185:Generated_Source\PSoC4/SwSPI_Master_1.c **** {
 234              		.loc 1 185 0
 235              		.cfi_startproc
 236 0000 38B5     		push	{r3, r4, r5, lr}
 237              		.cfi_def_cfa_offset 16
 238              		.cfi_offset 3, -16
 239              		.cfi_offset 4, -12
 240              		.cfi_offset 5, -8
 241              		.cfi_offset 14, -4
 242              	.LVL19:
 186:Generated_Source\PSoC4/SwSPI_Master_1.c ****     uint32_t countBites;
 187:Generated_Source\PSoC4/SwSPI_Master_1.c ****     uint32_t tmpBuff = 0;
 243              		.loc 1 187 0
 244 0002 0024     		mov	r4, #0
 188:Generated_Source\PSoC4/SwSPI_Master_1.c ****     uint8 tmpPin;
 189:Generated_Source\PSoC4/SwSPI_Master_1.c ****     for (countBites = BITES_ON_ONE_BYTE; countBites > 0; countBites--)
 245              		.loc 1 189 0
 246 0004 0825     		mov	r5, #8
 247 0006 1BE0     		b	.L17
 248              	.LVL20:
 249              	.L19:
 190:Generated_Source\PSoC4/SwSPI_Master_1.c ****     {
 191:Generated_Source\PSoC4/SwSPI_Master_1.c ****         SwSPI_Master_1_MOSI_DR_REG |= SwSPI_Master_1_MOSI;
 250              		.loc 1 191 0
 251 0008 124B     		ldr	r3, .L20
 252 000a 1968     		ldr	r1, [r3]
 253 000c 1022     		mov	r2, #16
 254 000e 0A43     		orr	r2, r1
 255 0010 1A60     		str	r2, [r3]
 192:Generated_Source\PSoC4/SwSPI_Master_1.c ****         SwSPI_Master_1_SCK_DR_REG |= SwSPI_Master_1_CLK;
 256              		.loc 1 192 0
 257 0012 1968     		ldr	r1, [r3]
 258 0014 0422     		mov	r2, #4
 259 0016 0A43     		orr	r2, r1
 260 0018 1A60     		str	r2, [r3]
ARM GAS  C:\Users\Petro\AppData\Local\Temp\ccnHfONp.s 			page 9


 193:Generated_Source\PSoC4/SwSPI_Master_1.c ****         tmpPin = (uint8)((SwSPI_Master_1_MISO_PS_REG & SwSPI_Master_1_MISO_MASK) >> SwSPI_Master_1_
 261              		.loc 1 193 0
 262 001a 0F4B     		ldr	r3, .L20+4
 263 001c 1B68     		ldr	r3, [r3]
 264              	.LVL21:
 194:Generated_Source\PSoC4/SwSPI_Master_1.c ****         if (tmpPin == 1u)
 265              		.loc 1 194 0
 266 001e 9B07     		lsl	r3, r3, #30
 267 0020 01D5     		bpl	.L18
 268              	.LVL22:
 195:Generated_Source\PSoC4/SwSPI_Master_1.c ****         {
 196:Generated_Source\PSoC4/SwSPI_Master_1.c ****             tmpBuff |= MASK_LOW_BIT;
 269              		.loc 1 196 0
 270 0022 0123     		mov	r3, #1
 271 0024 1C43     		orr	r4, r3
 272              	.LVL23:
 273              	.L18:
 197:Generated_Source\PSoC4/SwSPI_Master_1.c ****         }
 198:Generated_Source\PSoC4/SwSPI_Master_1.c ****         CyDelayCycles(DELAY_HIGH_STATE);
 274              		.loc 1 198 0 discriminator 2
 275 0026 0A20     		mov	r0, #10
 276 0028 FFF7FEFF 		bl	CyDelayCycles
 277              	.LVL24:
 199:Generated_Source\PSoC4/SwSPI_Master_1.c ****         
 200:Generated_Source\PSoC4/SwSPI_Master_1.c ****         SwSPI_Master_1_SCK_DR_REG &= ((uint8)(~SwSPI_Master_1_CLK));
 278              		.loc 1 200 0 discriminator 2
 279 002c 094A     		ldr	r2, .L20
 280 002e 1368     		ldr	r3, [r2]
 281 0030 FB21     		mov	r1, #251
 282 0032 0B40     		and	r3, r1
 283 0034 1360     		str	r3, [r2]
 201:Generated_Source\PSoC4/SwSPI_Master_1.c ****         
 202:Generated_Source\PSoC4/SwSPI_Master_1.c ****         CyDelayCycles(DELAY_LOW_STATE);
 284              		.loc 1 202 0 discriminator 2
 285 0036 0A20     		mov	r0, #10
 286 0038 FFF7FEFF 		bl	CyDelayCycles
 287              	.LVL25:
 203:Generated_Source\PSoC4/SwSPI_Master_1.c ****         
 204:Generated_Source\PSoC4/SwSPI_Master_1.c ****         tmpBuff <<= SHIFT_ONE_BIT;
 288              		.loc 1 204 0 discriminator 2
 289 003c 6400     		lsl	r4, r4, #1
 290              	.LVL26:
 189:Generated_Source\PSoC4/SwSPI_Master_1.c ****     {
 291              		.loc 1 189 0 discriminator 2
 292 003e 013D     		sub	r5, r5, #1
 293              	.LVL27:
 294              	.L17:
 189:Generated_Source\PSoC4/SwSPI_Master_1.c ****     {
 295              		.loc 1 189 0 is_stmt 0 discriminator 1
 296 0040 002D     		cmp	r5, #0
 297 0042 E1D1     		bne	.L19
 205:Generated_Source\PSoC4/SwSPI_Master_1.c ****     }
 206:Generated_Source\PSoC4/SwSPI_Master_1.c ****     tmpBuff >>= SHIFT_ONE_BIT;
 298              		.loc 1 206 0 is_stmt 1
 299 0044 6408     		lsr	r4, r4, #1
 300              	.LVL28:
 207:Generated_Source\PSoC4/SwSPI_Master_1.c ****     
ARM GAS  C:\Users\Petro\AppData\Local\Temp\ccnHfONp.s 			page 10


 208:Generated_Source\PSoC4/SwSPI_Master_1.c ****     SwSPI_Master_1_MOSI_DR_REG &= ((uint8)(~SwSPI_Master_1_MOSI));
 301              		.loc 1 208 0
 302 0046 034A     		ldr	r2, .L20
 303 0048 1368     		ldr	r3, [r2]
 304 004a EF21     		mov	r1, #239
 305 004c 0B40     		and	r3, r1
 306 004e 1360     		str	r3, [r2]
 209:Generated_Source\PSoC4/SwSPI_Master_1.c ****     
 210:Generated_Source\PSoC4/SwSPI_Master_1.c ****     return (uint8_t)tmpBuff;
 307              		.loc 1 210 0
 308 0050 E0B2     		uxtb	r0, r4
 211:Generated_Source\PSoC4/SwSPI_Master_1.c **** }
 309              		.loc 1 211 0
 310              		@ sp needed
 311              	.LVL29:
 312              	.LVL30:
 313 0052 38BD     		pop	{r3, r4, r5, pc}
 314              	.L21:
 315              		.align	2
 316              	.L20:
 317 0054 00020440 		.word	1074004480
 318 0058 04020440 		.word	1074004484
 319              		.cfi_endproc
 320              	.LFE7:
 321              		.size	SwSPI_Master_1_RecvByte, .-SwSPI_Master_1_RecvByte
 322              		.section	.text.SwSPI_Master_1_RecvBuff,"ax",%progbits
 323              		.align	2
 324              		.global	SwSPI_Master_1_RecvBuff
 325              		.code	16
 326              		.thumb_func
 327              		.type	SwSPI_Master_1_RecvBuff, %function
 328              	SwSPI_Master_1_RecvBuff:
 329              	.LFB8:
 212:Generated_Source\PSoC4/SwSPI_Master_1.c **** 
 213:Generated_Source\PSoC4/SwSPI_Master_1.c **** /*******************************************************************************
 214:Generated_Source\PSoC4/SwSPI_Master_1.c **** * Function Name: SwSPI_Master_1_RecvBuff
 215:Generated_Source\PSoC4/SwSPI_Master_1.c **** ********************************************************************************
 216:Generated_Source\PSoC4/SwSPI_Master_1.c **** *
 217:Generated_Source\PSoC4/SwSPI_Master_1.c **** * Summary:
 218:Generated_Source\PSoC4/SwSPI_Master_1.c **** *  Recieve few or more bytes via SPI.
 219:Generated_Source\PSoC4/SwSPI_Master_1.c **** *
 220:Generated_Source\PSoC4/SwSPI_Master_1.c **** * Parameters:
 221:Generated_Source\PSoC4/SwSPI_Master_1.c **** *  buff: Pointer to buffer who will be recieved via SPI.
 222:Generated_Source\PSoC4/SwSPI_Master_1.c **** *  cnt: Count bytes in buffer for recieve.
 223:Generated_Source\PSoC4/SwSPI_Master_1.c **** *
 224:Generated_Source\PSoC4/SwSPI_Master_1.c **** * Note:
 225:Generated_Source\PSoC4/SwSPI_Master_1.c **** *  CS must be in active(low) state.
 226:Generated_Source\PSoC4/SwSPI_Master_1.c **** *  Recieve no more 65535 bytes. (2^16 - 1)
 227:Generated_Source\PSoC4/SwSPI_Master_1.c **** *
 228:Generated_Source\PSoC4/SwSPI_Master_1.c **** * Return:
 229:Generated_Source\PSoC4/SwSPI_Master_1.c **** *  None
 230:Generated_Source\PSoC4/SwSPI_Master_1.c **** *
 231:Generated_Source\PSoC4/SwSPI_Master_1.c **** *******************************************************************************/
 232:Generated_Source\PSoC4/SwSPI_Master_1.c **** 
 233:Generated_Source\PSoC4/SwSPI_Master_1.c **** 
 234:Generated_Source\PSoC4/SwSPI_Master_1.c **** void SwSPI_Master_1_RecvBuff(uint8 *buff, uint16 cnt) 
 235:Generated_Source\PSoC4/SwSPI_Master_1.c **** {
ARM GAS  C:\Users\Petro\AppData\Local\Temp\ccnHfONp.s 			page 11


 330              		.loc 1 235 0
 331              		.cfi_startproc
 332              	.LVL31:
 333 0000 F8B5     		push	{r3, r4, r5, r6, r7, lr}
 334              		.cfi_def_cfa_offset 24
 335              		.cfi_offset 3, -24
 336              		.cfi_offset 4, -20
 337              		.cfi_offset 5, -16
 338              		.cfi_offset 6, -12
 339              		.cfi_offset 7, -8
 340              		.cfi_offset 14, -4
 341 0002 071C     		mov	r7, r0
 342 0004 0E1C     		mov	r6, r1
 343              	.LVL32:
 236:Generated_Source\PSoC4/SwSPI_Master_1.c ****     uint16_t tmpData;
 237:Generated_Source\PSoC4/SwSPI_Master_1.c ****     for (tmpData = 0; tmpData < cnt; tmpData ++)
 344              		.loc 1 237 0
 345 0006 0024     		mov	r4, #0
 346 0008 05E0     		b	.L23
 347              	.LVL33:
 348              	.L24:
 238:Generated_Source\PSoC4/SwSPI_Master_1.c ****     {
 239:Generated_Source\PSoC4/SwSPI_Master_1.c ****         buff[tmpData] = SwSPI_Master_1_RecvByte(); 
 349              		.loc 1 239 0 discriminator 3
 350 000a 3D19     		add	r5, r7, r4
 351 000c FFF7FEFF 		bl	SwSPI_Master_1_RecvByte
 352              	.LVL34:
 353 0010 2870     		strb	r0, [r5]
 237:Generated_Source\PSoC4/SwSPI_Master_1.c ****     {
 354              		.loc 1 237 0 discriminator 3
 355 0012 0134     		add	r4, r4, #1
 356              	.LVL35:
 357 0014 A4B2     		uxth	r4, r4
 358              	.LVL36:
 359              	.L23:
 237:Generated_Source\PSoC4/SwSPI_Master_1.c ****     {
 360              		.loc 1 237 0 is_stmt 0 discriminator 1
 361 0016 B442     		cmp	r4, r6
 362 0018 F7D3     		bcc	.L24
 240:Generated_Source\PSoC4/SwSPI_Master_1.c ****     }
 241:Generated_Source\PSoC4/SwSPI_Master_1.c **** }
 363              		.loc 1 241 0 is_stmt 1
 364              		@ sp needed
 365              	.LVL37:
 366              	.LVL38:
 367 001a F8BD     		pop	{r3, r4, r5, r6, r7, pc}
 368              		.cfi_endproc
 369              	.LFE8:
 370              		.size	SwSPI_Master_1_RecvBuff, .-SwSPI_Master_1_RecvBuff
 371              		.section	.text.SwSPI_Master_1_ReadAndWriteByte,"ax",%progbits
 372              		.align	2
 373              		.global	SwSPI_Master_1_ReadAndWriteByte
 374              		.code	16
 375              		.thumb_func
 376              		.type	SwSPI_Master_1_ReadAndWriteByte, %function
 377              	SwSPI_Master_1_ReadAndWriteByte:
 378              	.LFB9:
ARM GAS  C:\Users\Petro\AppData\Local\Temp\ccnHfONp.s 			page 12


 242:Generated_Source\PSoC4/SwSPI_Master_1.c **** 
 243:Generated_Source\PSoC4/SwSPI_Master_1.c **** /*******************************************************************************
 244:Generated_Source\PSoC4/SwSPI_Master_1.c **** * Function Name: SwSPI_Master_1_ReadAndWriteByte
 245:Generated_Source\PSoC4/SwSPI_Master_1.c **** ********************************************************************************
 246:Generated_Source\PSoC4/SwSPI_Master_1.c **** *
 247:Generated_Source\PSoC4/SwSPI_Master_1.c **** * Summary:
 248:Generated_Source\PSoC4/SwSPI_Master_1.c **** *  Recieve and Transmitt one bytes via SPI in 8 CLK Periods.
 249:Generated_Source\PSoC4/SwSPI_Master_1.c **** *  (One SPI Perios).
 250:Generated_Source\PSoC4/SwSPI_Master_1.c **** *
 251:Generated_Source\PSoC4/SwSPI_Master_1.c **** * Parameters:
 252:Generated_Source\PSoC4/SwSPI_Master_1.c **** *  byte: Byte who will be transmitted via SPI.
 253:Generated_Source\PSoC4/SwSPI_Master_1.c **** *
 254:Generated_Source\PSoC4/SwSPI_Master_1.c **** * Note:
 255:Generated_Source\PSoC4/SwSPI_Master_1.c **** *  CS must be in active(low) state.
 256:Generated_Source\PSoC4/SwSPI_Master_1.c **** *
 257:Generated_Source\PSoC4/SwSPI_Master_1.c **** * Return:
 258:Generated_Source\PSoC4/SwSPI_Master_1.c **** *  Byte who will be recieved via SPI.
 259:Generated_Source\PSoC4/SwSPI_Master_1.c **** *
 260:Generated_Source\PSoC4/SwSPI_Master_1.c **** *******************************************************************************/
 261:Generated_Source\PSoC4/SwSPI_Master_1.c **** 
 262:Generated_Source\PSoC4/SwSPI_Master_1.c **** 
 263:Generated_Source\PSoC4/SwSPI_Master_1.c **** uint8 SwSPI_Master_1_ReadAndWriteByte(uint8 byte)
 264:Generated_Source\PSoC4/SwSPI_Master_1.c **** {
 379              		.loc 1 264 0
 380              		.cfi_startproc
 381              	.LVL39:
 382 0000 70B5     		push	{r4, r5, r6, lr}
 383              		.cfi_def_cfa_offset 16
 384              		.cfi_offset 4, -16
 385              		.cfi_offset 5, -12
 386              		.cfi_offset 6, -8
 387              		.cfi_offset 14, -4
 388 0002 051C     		mov	r5, r0
 389              	.LVL40:
 265:Generated_Source\PSoC4/SwSPI_Master_1.c ****     uint8 countBites;
 266:Generated_Source\PSoC4/SwSPI_Master_1.c ****     uint32_t tmpBuff = 0;
 390              		.loc 1 266 0
 391 0004 0026     		mov	r6, #0
 267:Generated_Source\PSoC4/SwSPI_Master_1.c ****     uint8 tmpPin;
 268:Generated_Source\PSoC4/SwSPI_Master_1.c ****     for (countBites = BITES_ON_ONE_BYTE; countBites > 0; countBites--)
 392              		.loc 1 268 0
 393 0006 0824     		mov	r4, #8
 394 0008 28E0     		b	.L26
 395              	.LVL41:
 396              	.L30:
 269:Generated_Source\PSoC4/SwSPI_Master_1.c ****     {
 270:Generated_Source\PSoC4/SwSPI_Master_1.c ****     
 271:Generated_Source\PSoC4/SwSPI_Master_1.c ****         if (byte & MASK_HIGH_BIT)
 397              		.loc 1 271 0
 398 000a 6BB2     		sxtb	r3, r5
 399 000c 002B     		cmp	r3, #0
 400 000e 05DA     		bge	.L27
 272:Generated_Source\PSoC4/SwSPI_Master_1.c ****         {
 273:Generated_Source\PSoC4/SwSPI_Master_1.c ****             SwSPI_Master_1_MOSI_DR_REG |= SwSPI_Master_1_MOSI;
 401              		.loc 1 273 0
 402 0010 154A     		ldr	r2, .L31
 403 0012 1168     		ldr	r1, [r2]
ARM GAS  C:\Users\Petro\AppData\Local\Temp\ccnHfONp.s 			page 13


 404 0014 1023     		mov	r3, #16
 405 0016 0B43     		orr	r3, r1
 406 0018 1360     		str	r3, [r2]
 407 001a 04E0     		b	.L28
 408              	.L27:
 274:Generated_Source\PSoC4/SwSPI_Master_1.c ****         }
 275:Generated_Source\PSoC4/SwSPI_Master_1.c ****         else
 276:Generated_Source\PSoC4/SwSPI_Master_1.c ****         {
 277:Generated_Source\PSoC4/SwSPI_Master_1.c ****             SwSPI_Master_1_MOSI_DR_REG &= ((uint8)(~SwSPI_Master_1_MOSI));
 409              		.loc 1 277 0
 410 001c 124A     		ldr	r2, .L31
 411 001e 1368     		ldr	r3, [r2]
 412 0020 EF21     		mov	r1, #239
 413 0022 0B40     		and	r3, r1
 414 0024 1360     		str	r3, [r2]
 415              	.L28:
 278:Generated_Source\PSoC4/SwSPI_Master_1.c ****         }
 279:Generated_Source\PSoC4/SwSPI_Master_1.c ****         
 280:Generated_Source\PSoC4/SwSPI_Master_1.c ****         SwSPI_Master_1_SCK_DR_REG |= SwSPI_Master_1_CLK;
 416              		.loc 1 280 0
 417 0026 104A     		ldr	r2, .L31
 418 0028 1168     		ldr	r1, [r2]
 419 002a 0423     		mov	r3, #4
 420 002c 0B43     		orr	r3, r1
 421 002e 1360     		str	r3, [r2]
 281:Generated_Source\PSoC4/SwSPI_Master_1.c ****         
 282:Generated_Source\PSoC4/SwSPI_Master_1.c ****         tmpPin = (uint8)((SwSPI_Master_1_MISO_PS_REG & SwSPI_Master_1_MISO_MASK) >> SwSPI_Master_1_
 422              		.loc 1 282 0
 423 0030 0E4B     		ldr	r3, .L31+4
 424 0032 1B68     		ldr	r3, [r3]
 425              	.LVL42:
 283:Generated_Source\PSoC4/SwSPI_Master_1.c ****         if (tmpPin == 1u)
 426              		.loc 1 283 0
 427 0034 9B07     		lsl	r3, r3, #30
 428 0036 01D5     		bpl	.L29
 429              	.LVL43:
 284:Generated_Source\PSoC4/SwSPI_Master_1.c ****         {
 285:Generated_Source\PSoC4/SwSPI_Master_1.c ****             tmpBuff |= MASK_LOW_BIT;
 430              		.loc 1 285 0
 431 0038 0123     		mov	r3, #1
 432 003a 1E43     		orr	r6, r3
 433              	.LVL44:
 434              	.L29:
 286:Generated_Source\PSoC4/SwSPI_Master_1.c ****         }
 287:Generated_Source\PSoC4/SwSPI_Master_1.c ****         
 288:Generated_Source\PSoC4/SwSPI_Master_1.c ****         CyDelayCycles(DELAY_HIGH_STATE);
 435              		.loc 1 288 0 discriminator 2
 436 003c 0A20     		mov	r0, #10
 437 003e FFF7FEFF 		bl	CyDelayCycles
 438              	.LVL45:
 289:Generated_Source\PSoC4/SwSPI_Master_1.c ****         
 290:Generated_Source\PSoC4/SwSPI_Master_1.c ****          SwSPI_Master_1_SCK_DR_REG &= ((uint8)(~SwSPI_Master_1_CLK));
 439              		.loc 1 290 0 discriminator 2
 440 0042 094A     		ldr	r2, .L31
 441 0044 1368     		ldr	r3, [r2]
 442 0046 FB21     		mov	r1, #251
 443 0048 0B40     		and	r3, r1
ARM GAS  C:\Users\Petro\AppData\Local\Temp\ccnHfONp.s 			page 14


 444 004a 1360     		str	r3, [r2]
 291:Generated_Source\PSoC4/SwSPI_Master_1.c ****         byte <<=  SHIFT_ONE_BIT;
 445              		.loc 1 291 0 discriminator 2
 446 004c 6D00     		lsl	r5, r5, #1
 447              	.LVL46:
 448 004e EDB2     		uxtb	r5, r5
 449              	.LVL47:
 292:Generated_Source\PSoC4/SwSPI_Master_1.c ****         tmpBuff <<= SHIFT_ONE_BIT;
 450              		.loc 1 292 0 discriminator 2
 451 0050 7600     		lsl	r6, r6, #1
 452              	.LVL48:
 293:Generated_Source\PSoC4/SwSPI_Master_1.c ****         CyDelayCycles(DELAY_LOW_STATE);        
 453              		.loc 1 293 0 discriminator 2
 454 0052 0A20     		mov	r0, #10
 455 0054 FFF7FEFF 		bl	CyDelayCycles
 456              	.LVL49:
 268:Generated_Source\PSoC4/SwSPI_Master_1.c ****     {
 457              		.loc 1 268 0 discriminator 2
 458 0058 013C     		sub	r4, r4, #1
 459              	.LVL50:
 460 005a E4B2     		uxtb	r4, r4
 461              	.LVL51:
 462              	.L26:
 268:Generated_Source\PSoC4/SwSPI_Master_1.c ****     {
 463              		.loc 1 268 0 is_stmt 0 discriminator 1
 464 005c 002C     		cmp	r4, #0
 465 005e D4D1     		bne	.L30
 294:Generated_Source\PSoC4/SwSPI_Master_1.c ****     }    
 295:Generated_Source\PSoC4/SwSPI_Master_1.c ****     tmpBuff >>= SHIFT_ONE_BIT;
 466              		.loc 1 295 0 is_stmt 1
 467 0060 7608     		lsr	r6, r6, #1
 468              	.LVL52:
 296:Generated_Source\PSoC4/SwSPI_Master_1.c ****         
 297:Generated_Source\PSoC4/SwSPI_Master_1.c ****     return (uint8_t)tmpBuff;
 469              		.loc 1 297 0
 470 0062 F0B2     		uxtb	r0, r6
 298:Generated_Source\PSoC4/SwSPI_Master_1.c ****     
 299:Generated_Source\PSoC4/SwSPI_Master_1.c **** }    
 471              		.loc 1 299 0
 472              		@ sp needed
 473              	.LVL53:
 474              	.LVL54:
 475              	.LVL55:
 476 0064 70BD     		pop	{r4, r5, r6, pc}
 477              	.L32:
 478 0066 C046     		.align	2
 479              	.L31:
 480 0068 00020440 		.word	1074004480
 481 006c 04020440 		.word	1074004484
 482              		.cfi_endproc
 483              	.LFE9:
 484              		.size	SwSPI_Master_1_ReadAndWriteByte, .-SwSPI_Master_1_ReadAndWriteByte
 485              		.text
 486              	.Letext0:
 487              		.file 2 "c:\\program files (x86)\\cypress\\psoc creator\\4.0\\psoc creator\\import\\gnu\\arm\\4.9.
 488              		.file 3 "c:\\program files (x86)\\cypress\\psoc creator\\4.0\\psoc creator\\import\\gnu\\arm\\4.9.
 489              		.file 4 "Generated_Source\\PSoC4\\cytypes.h"
ARM GAS  C:\Users\Petro\AppData\Local\Temp\ccnHfONp.s 			page 15


 490              		.file 5 "Generated_Source\\PSoC4\\CyLib.h"
 491              		.section	.debug_info,"",%progbits
 492              	.Ldebug_info0:
 493 0000 20030000 		.4byte	0x320
 494 0004 0400     		.2byte	0x4
 495 0006 00000000 		.4byte	.Ldebug_abbrev0
 496 000a 04       		.byte	0x4
 497 000b 01       		.uleb128 0x1
 498 000c 06020000 		.4byte	.LASF37
 499 0010 01       		.byte	0x1
 500 0011 C9000000 		.4byte	.LASF38
 501 0015 51010000 		.4byte	.LASF39
 502 0019 00000000 		.4byte	.Ldebug_ranges0+0
 503 001d 00000000 		.4byte	0
 504 0021 00000000 		.4byte	.Ldebug_line0
 505 0025 02       		.uleb128 0x2
 506 0026 01       		.byte	0x1
 507 0027 06       		.byte	0x6
 508 0028 B9020000 		.4byte	.LASF0
 509 002c 03       		.uleb128 0x3
 510 002d 14000000 		.4byte	.LASF3
 511 0031 02       		.byte	0x2
 512 0032 1D       		.byte	0x1d
 513 0033 37000000 		.4byte	0x37
 514 0037 02       		.uleb128 0x2
 515 0038 01       		.byte	0x1
 516 0039 08       		.byte	0x8
 517 003a 94000000 		.4byte	.LASF1
 518 003e 02       		.uleb128 0x2
 519 003f 02       		.byte	0x2
 520 0040 05       		.byte	0x5
 521 0041 94020000 		.4byte	.LASF2
 522 0045 03       		.uleb128 0x3
 523 0046 0E010000 		.4byte	.LASF4
 524 004a 02       		.byte	0x2
 525 004b 2B       		.byte	0x2b
 526 004c 50000000 		.4byte	0x50
 527 0050 02       		.uleb128 0x2
 528 0051 02       		.byte	0x2
 529 0052 07       		.byte	0x7
 530 0053 3E000000 		.4byte	.LASF5
 531 0057 02       		.uleb128 0x2
 532 0058 04       		.byte	0x4
 533 0059 05       		.byte	0x5
 534 005a B0020000 		.4byte	.LASF6
 535 005e 03       		.uleb128 0x3
 536 005f 38010000 		.4byte	.LASF7
 537 0063 02       		.byte	0x2
 538 0064 41       		.byte	0x41
 539 0065 69000000 		.4byte	0x69
 540 0069 02       		.uleb128 0x2
 541 006a 04       		.byte	0x4
 542 006b 07       		.byte	0x7
 543 006c A2000000 		.4byte	.LASF8
 544 0070 02       		.uleb128 0x2
 545 0071 08       		.byte	0x8
 546 0072 05       		.byte	0x5
ARM GAS  C:\Users\Petro\AppData\Local\Temp\ccnHfONp.s 			page 16


 547 0073 F3010000 		.4byte	.LASF9
 548 0077 02       		.uleb128 0x2
 549 0078 08       		.byte	0x8
 550 0079 07       		.byte	0x7
 551 007a C0010000 		.4byte	.LASF10
 552 007e 04       		.uleb128 0x4
 553 007f 04       		.byte	0x4
 554 0080 05       		.byte	0x5
 555 0081 696E7400 		.ascii	"int\000"
 556 0085 02       		.uleb128 0x2
 557 0086 04       		.byte	0x4
 558 0087 07       		.byte	0x7
 559 0088 B3010000 		.4byte	.LASF11
 560 008c 03       		.uleb128 0x3
 561 008d D7010000 		.4byte	.LASF12
 562 0091 03       		.byte	0x3
 563 0092 15       		.byte	0x15
 564 0093 2C000000 		.4byte	0x2c
 565 0097 03       		.uleb128 0x3
 566 0098 9E020000 		.4byte	.LASF13
 567 009c 03       		.byte	0x3
 568 009d 21       		.byte	0x21
 569 009e 45000000 		.4byte	0x45
 570 00a2 03       		.uleb128 0x3
 571 00a3 A7020000 		.4byte	.LASF14
 572 00a7 03       		.byte	0x3
 573 00a8 2D       		.byte	0x2d
 574 00a9 5E000000 		.4byte	0x5e
 575 00ad 05       		.uleb128 0x5
 576 00ae B4000000 		.4byte	.LASF15
 577 00b2 04       		.byte	0x4
 578 00b3 B901     		.2byte	0x1b9
 579 00b5 37000000 		.4byte	0x37
 580 00b9 05       		.uleb128 0x5
 581 00ba 43010000 		.4byte	.LASF16
 582 00be 04       		.byte	0x4
 583 00bf BA01     		.2byte	0x1ba
 584 00c1 50000000 		.4byte	0x50
 585 00c5 05       		.uleb128 0x5
 586 00c6 4A010000 		.4byte	.LASF17
 587 00ca 04       		.byte	0x4
 588 00cb BB01     		.2byte	0x1bb
 589 00cd 69000000 		.4byte	0x69
 590 00d1 02       		.uleb128 0x2
 591 00d2 04       		.byte	0x4
 592 00d3 04       		.byte	0x4
 593 00d4 76000000 		.4byte	.LASF18
 594 00d8 02       		.uleb128 0x2
 595 00d9 08       		.byte	0x8
 596 00da 04       		.byte	0x4
 597 00db 19010000 		.4byte	.LASF19
 598 00df 02       		.uleb128 0x2
 599 00e0 01       		.byte	0x1
 600 00e1 08       		.byte	0x8
 601 00e2 01020000 		.4byte	.LASF20
 602 00e6 05       		.uleb128 0x5
 603 00e7 0E000000 		.4byte	.LASF21
ARM GAS  C:\Users\Petro\AppData\Local\Temp\ccnHfONp.s 			page 17


 604 00eb 04       		.byte	0x4
 605 00ec 6502     		.2byte	0x265
 606 00ee F2000000 		.4byte	0xf2
 607 00f2 06       		.uleb128 0x6
 608 00f3 C5000000 		.4byte	0xc5
 609 00f7 02       		.uleb128 0x2
 610 00f8 04       		.byte	0x4
 611 00f9 07       		.byte	0x7
 612 00fa DF010000 		.4byte	.LASF22
 613 00fe 07       		.uleb128 0x7
 614 00ff C5020000 		.4byte	.LASF23
 615 0103 01       		.byte	0x1
 616 0104 29       		.byte	0x29
 617 0105 00000000 		.4byte	.LFB2
 618 0109 20000000 		.4byte	.LFE2-.LFB2
 619 010d 01       		.uleb128 0x1
 620 010e 9C       		.byte	0x9c
 621 010f 07       		.uleb128 0x7
 622 0110 F5020000 		.4byte	.LASF24
 623 0114 01       		.byte	0x1
 624 0115 40       		.byte	0x40
 625 0116 00000000 		.4byte	.LFB3
 626 011a 02000000 		.4byte	.LFE3-.LFB3
 627 011e 01       		.uleb128 0x1
 628 011f 9C       		.byte	0x9c
 629 0120 07       		.uleb128 0x7
 630 0121 D9020000 		.4byte	.LASF25
 631 0125 01       		.byte	0x1
 632 0126 55       		.byte	0x55
 633 0127 00000000 		.4byte	.LFB4
 634 012b 02000000 		.4byte	.LFE4-.LFB4
 635 012f 01       		.uleb128 0x1
 636 0130 9C       		.byte	0x9c
 637 0131 08       		.uleb128 0x8
 638 0132 5E000000 		.4byte	.LASF26
 639 0136 01       		.byte	0x1
 640 0137 6D       		.byte	0x6d
 641 0138 00000000 		.4byte	.LFB5
 642 013c 60000000 		.4byte	.LFE5-.LFB5
 643 0140 01       		.uleb128 0x1
 644 0141 9C       		.byte	0x9c
 645 0142 87010000 		.4byte	0x187
 646 0146 09       		.uleb128 0x9
 647 0147 51000000 		.4byte	.LASF28
 648 014b 01       		.byte	0x1
 649 014c 6D       		.byte	0x6d
 650 014d AD000000 		.4byte	0xad
 651 0151 00000000 		.4byte	.LLST0
 652 0155 0A       		.uleb128 0xa
 653 0156 E8010000 		.4byte	.LASF30
 654 015a 01       		.byte	0x1
 655 015b 6F       		.byte	0x6f
 656 015c AD000000 		.4byte	0xad
 657 0160 29000000 		.4byte	.LLST1
 658 0164 0B       		.uleb128 0xb
 659 0165 34000000 		.4byte	.LVL3
 660 0169 16030000 		.4byte	0x316
ARM GAS  C:\Users\Petro\AppData\Local\Temp\ccnHfONp.s 			page 18


 661 016d 77010000 		.4byte	0x177
 662 0171 0C       		.uleb128 0xc
 663 0172 01       		.uleb128 0x1
 664 0173 50       		.byte	0x50
 665 0174 01       		.uleb128 0x1
 666 0175 3A       		.byte	0x3a
 667 0176 00       		.byte	0
 668 0177 0D       		.uleb128 0xd
 669 0178 42000000 		.4byte	.LVL4
 670 017c 16030000 		.4byte	0x316
 671 0180 0C       		.uleb128 0xc
 672 0181 01       		.uleb128 0x1
 673 0182 50       		.byte	0x50
 674 0183 01       		.uleb128 0x1
 675 0184 3A       		.byte	0x3a
 676 0185 00       		.byte	0
 677 0186 00       		.byte	0
 678 0187 08       		.uleb128 0x8
 679 0188 20010000 		.4byte	.LASF27
 680 018c 01       		.byte	0x1
 681 018d 9C       		.byte	0x9c
 682 018e 00000000 		.4byte	.LFB6
 683 0192 1A000000 		.4byte	.LFE6-.LFB6
 684 0196 01       		.uleb128 0x1
 685 0197 9C       		.byte	0x9c
 686 0198 D3010000 		.4byte	0x1d3
 687 019c 09       		.uleb128 0x9
 688 019d F1000000 		.4byte	.LASF29
 689 01a1 01       		.byte	0x1
 690 01a2 9C       		.byte	0x9c
 691 01a3 D3010000 		.4byte	0x1d3
 692 01a7 53000000 		.4byte	.LLST2
 693 01ab 0E       		.uleb128 0xe
 694 01ac 636E7400 		.ascii	"cnt\000"
 695 01b0 01       		.byte	0x1
 696 01b1 9C       		.byte	0x9c
 697 01b2 B9000000 		.4byte	0xb9
 698 01b6 7F000000 		.4byte	.LLST3
 699 01ba 0A       		.uleb128 0xa
 700 01bb 56000000 		.4byte	.LASF31
 701 01bf 01       		.byte	0x1
 702 01c0 9E       		.byte	0x9e
 703 01c1 97000000 		.4byte	0x97
 704 01c5 A0000000 		.4byte	.LLST4
 705 01c9 0F       		.uleb128 0xf
 706 01ca 10000000 		.4byte	.LVL14
 707 01ce 31010000 		.4byte	0x131
 708 01d2 00       		.byte	0
 709 01d3 10       		.uleb128 0x10
 710 01d4 04       		.byte	0x4
 711 01d5 D9010000 		.4byte	0x1d9
 712 01d9 11       		.uleb128 0x11
 713 01da AD000000 		.4byte	0xad
 714 01de 12       		.uleb128 0x12
 715 01df 7C000000 		.4byte	.LASF35
 716 01e3 01       		.byte	0x1
 717 01e4 B8       		.byte	0xb8
ARM GAS  C:\Users\Petro\AppData\Local\Temp\ccnHfONp.s 			page 19


 718 01e5 AD000000 		.4byte	0xad
 719 01e9 00000000 		.4byte	.LFB7
 720 01ed 5C000000 		.4byte	.LFE7-.LFB7
 721 01f1 01       		.uleb128 0x1
 722 01f2 9C       		.byte	0x9c
 723 01f3 47020000 		.4byte	0x247
 724 01f7 0A       		.uleb128 0xa
 725 01f8 E8010000 		.4byte	.LASF30
 726 01fc 01       		.byte	0x1
 727 01fd BA       		.byte	0xba
 728 01fe A2000000 		.4byte	0xa2
 729 0202 CA000000 		.4byte	.LLST5
 730 0206 0A       		.uleb128 0xa
 731 0207 BA000000 		.4byte	.LASF32
 732 020b 01       		.byte	0x1
 733 020c BB       		.byte	0xbb
 734 020d A2000000 		.4byte	0xa2
 735 0211 E9000000 		.4byte	.LLST6
 736 0215 0A       		.uleb128 0xa
 737 0216 C2000000 		.4byte	.LASF33
 738 021a 01       		.byte	0x1
 739 021b BC       		.byte	0xbc
 740 021c AD000000 		.4byte	0xad
 741 0220 08010000 		.4byte	.LLST7
 742 0224 0B       		.uleb128 0xb
 743 0225 2C000000 		.4byte	.LVL24
 744 0229 16030000 		.4byte	0x316
 745 022d 37020000 		.4byte	0x237
 746 0231 0C       		.uleb128 0xc
 747 0232 01       		.uleb128 0x1
 748 0233 50       		.byte	0x50
 749 0234 01       		.uleb128 0x1
 750 0235 3A       		.byte	0x3a
 751 0236 00       		.byte	0
 752 0237 0D       		.uleb128 0xd
 753 0238 3C000000 		.4byte	.LVL25
 754 023c 16030000 		.4byte	0x316
 755 0240 0C       		.uleb128 0xc
 756 0241 01       		.uleb128 0x1
 757 0242 50       		.byte	0x50
 758 0243 01       		.uleb128 0x1
 759 0244 3A       		.byte	0x3a
 760 0245 00       		.byte	0
 761 0246 00       		.byte	0
 762 0247 08       		.uleb128 0x8
 763 0248 F6000000 		.4byte	.LASF34
 764 024c 01       		.byte	0x1
 765 024d EA       		.byte	0xea
 766 024e 00000000 		.4byte	.LFB8
 767 0252 1C000000 		.4byte	.LFE8-.LFB8
 768 0256 01       		.uleb128 0x1
 769 0257 9C       		.byte	0x9c
 770 0258 93020000 		.4byte	0x293
 771 025c 09       		.uleb128 0x9
 772 025d F1000000 		.4byte	.LASF29
 773 0261 01       		.byte	0x1
 774 0262 EA       		.byte	0xea
ARM GAS  C:\Users\Petro\AppData\Local\Temp\ccnHfONp.s 			page 20


 775 0263 93020000 		.4byte	0x293
 776 0267 21010000 		.4byte	.LLST8
 777 026b 0E       		.uleb128 0xe
 778 026c 636E7400 		.ascii	"cnt\000"
 779 0270 01       		.byte	0x1
 780 0271 EA       		.byte	0xea
 781 0272 B9000000 		.4byte	0xb9
 782 0276 4D010000 		.4byte	.LLST9
 783 027a 0A       		.uleb128 0xa
 784 027b 56000000 		.4byte	.LASF31
 785 027f 01       		.byte	0x1
 786 0280 EC       		.byte	0xec
 787 0281 97000000 		.4byte	0x97
 788 0285 6E010000 		.4byte	.LLST10
 789 0289 0F       		.uleb128 0xf
 790 028a 10000000 		.4byte	.LVL34
 791 028e DE010000 		.4byte	0x1de
 792 0292 00       		.byte	0
 793 0293 10       		.uleb128 0x10
 794 0294 04       		.byte	0x4
 795 0295 AD000000 		.4byte	0xad
 796 0299 13       		.uleb128 0x13
 797 029a 1E000000 		.4byte	.LASF36
 798 029e 01       		.byte	0x1
 799 029f 0701     		.2byte	0x107
 800 02a1 AD000000 		.4byte	0xad
 801 02a5 00000000 		.4byte	.LFB9
 802 02a9 70000000 		.4byte	.LFE9-.LFB9
 803 02ad 01       		.uleb128 0x1
 804 02ae 9C       		.byte	0x9c
 805 02af 16030000 		.4byte	0x316
 806 02b3 14       		.uleb128 0x14
 807 02b4 51000000 		.4byte	.LASF28
 808 02b8 01       		.byte	0x1
 809 02b9 0701     		.2byte	0x107
 810 02bb AD000000 		.4byte	0xad
 811 02bf 98010000 		.4byte	.LLST11
 812 02c3 15       		.uleb128 0x15
 813 02c4 E8010000 		.4byte	.LASF30
 814 02c8 01       		.byte	0x1
 815 02c9 0901     		.2byte	0x109
 816 02cb AD000000 		.4byte	0xad
 817 02cf C1010000 		.4byte	.LLST12
 818 02d3 15       		.uleb128 0x15
 819 02d4 BA000000 		.4byte	.LASF32
 820 02d8 01       		.byte	0x1
 821 02d9 0A01     		.2byte	0x10a
 822 02db A2000000 		.4byte	0xa2
 823 02df EB010000 		.4byte	.LLST13
 824 02e3 15       		.uleb128 0x15
 825 02e4 C2000000 		.4byte	.LASF33
 826 02e8 01       		.byte	0x1
 827 02e9 0B01     		.2byte	0x10b
 828 02eb AD000000 		.4byte	0xad
 829 02ef 0A020000 		.4byte	.LLST14
 830 02f3 0B       		.uleb128 0xb
 831 02f4 42000000 		.4byte	.LVL45
ARM GAS  C:\Users\Petro\AppData\Local\Temp\ccnHfONp.s 			page 21


 832 02f8 16030000 		.4byte	0x316
 833 02fc 06030000 		.4byte	0x306
 834 0300 0C       		.uleb128 0xc
 835 0301 01       		.uleb128 0x1
 836 0302 50       		.byte	0x50
 837 0303 01       		.uleb128 0x1
 838 0304 3A       		.byte	0x3a
 839 0305 00       		.byte	0
 840 0306 0D       		.uleb128 0xd
 841 0307 58000000 		.4byte	.LVL49
 842 030b 16030000 		.4byte	0x316
 843 030f 0C       		.uleb128 0xc
 844 0310 01       		.uleb128 0x1
 845 0311 50       		.byte	0x50
 846 0312 01       		.uleb128 0x1
 847 0313 3A       		.byte	0x3a
 848 0314 00       		.byte	0
 849 0315 00       		.byte	0
 850 0316 16       		.uleb128 0x16
 851 0317 00000000 		.4byte	.LASF40
 852 031b 05       		.byte	0x5
 853 031c DC       		.byte	0xdc
 854 031d 17       		.uleb128 0x17
 855 031e C5000000 		.4byte	0xc5
 856 0322 00       		.byte	0
 857 0323 00       		.byte	0
 858              		.section	.debug_abbrev,"",%progbits
 859              	.Ldebug_abbrev0:
 860 0000 01       		.uleb128 0x1
 861 0001 11       		.uleb128 0x11
 862 0002 01       		.byte	0x1
 863 0003 25       		.uleb128 0x25
 864 0004 0E       		.uleb128 0xe
 865 0005 13       		.uleb128 0x13
 866 0006 0B       		.uleb128 0xb
 867 0007 03       		.uleb128 0x3
 868 0008 0E       		.uleb128 0xe
 869 0009 1B       		.uleb128 0x1b
 870 000a 0E       		.uleb128 0xe
 871 000b 55       		.uleb128 0x55
 872 000c 17       		.uleb128 0x17
 873 000d 11       		.uleb128 0x11
 874 000e 01       		.uleb128 0x1
 875 000f 10       		.uleb128 0x10
 876 0010 17       		.uleb128 0x17
 877 0011 00       		.byte	0
 878 0012 00       		.byte	0
 879 0013 02       		.uleb128 0x2
 880 0014 24       		.uleb128 0x24
 881 0015 00       		.byte	0
 882 0016 0B       		.uleb128 0xb
 883 0017 0B       		.uleb128 0xb
 884 0018 3E       		.uleb128 0x3e
 885 0019 0B       		.uleb128 0xb
 886 001a 03       		.uleb128 0x3
 887 001b 0E       		.uleb128 0xe
 888 001c 00       		.byte	0
ARM GAS  C:\Users\Petro\AppData\Local\Temp\ccnHfONp.s 			page 22


 889 001d 00       		.byte	0
 890 001e 03       		.uleb128 0x3
 891 001f 16       		.uleb128 0x16
 892 0020 00       		.byte	0
 893 0021 03       		.uleb128 0x3
 894 0022 0E       		.uleb128 0xe
 895 0023 3A       		.uleb128 0x3a
 896 0024 0B       		.uleb128 0xb
 897 0025 3B       		.uleb128 0x3b
 898 0026 0B       		.uleb128 0xb
 899 0027 49       		.uleb128 0x49
 900 0028 13       		.uleb128 0x13
 901 0029 00       		.byte	0
 902 002a 00       		.byte	0
 903 002b 04       		.uleb128 0x4
 904 002c 24       		.uleb128 0x24
 905 002d 00       		.byte	0
 906 002e 0B       		.uleb128 0xb
 907 002f 0B       		.uleb128 0xb
 908 0030 3E       		.uleb128 0x3e
 909 0031 0B       		.uleb128 0xb
 910 0032 03       		.uleb128 0x3
 911 0033 08       		.uleb128 0x8
 912 0034 00       		.byte	0
 913 0035 00       		.byte	0
 914 0036 05       		.uleb128 0x5
 915 0037 16       		.uleb128 0x16
 916 0038 00       		.byte	0
 917 0039 03       		.uleb128 0x3
 918 003a 0E       		.uleb128 0xe
 919 003b 3A       		.uleb128 0x3a
 920 003c 0B       		.uleb128 0xb
 921 003d 3B       		.uleb128 0x3b
 922 003e 05       		.uleb128 0x5
 923 003f 49       		.uleb128 0x49
 924 0040 13       		.uleb128 0x13
 925 0041 00       		.byte	0
 926 0042 00       		.byte	0
 927 0043 06       		.uleb128 0x6
 928 0044 35       		.uleb128 0x35
 929 0045 00       		.byte	0
 930 0046 49       		.uleb128 0x49
 931 0047 13       		.uleb128 0x13
 932 0048 00       		.byte	0
 933 0049 00       		.byte	0
 934 004a 07       		.uleb128 0x7
 935 004b 2E       		.uleb128 0x2e
 936 004c 00       		.byte	0
 937 004d 3F       		.uleb128 0x3f
 938 004e 19       		.uleb128 0x19
 939 004f 03       		.uleb128 0x3
 940 0050 0E       		.uleb128 0xe
 941 0051 3A       		.uleb128 0x3a
 942 0052 0B       		.uleb128 0xb
 943 0053 3B       		.uleb128 0x3b
 944 0054 0B       		.uleb128 0xb
 945 0055 27       		.uleb128 0x27
ARM GAS  C:\Users\Petro\AppData\Local\Temp\ccnHfONp.s 			page 23


 946 0056 19       		.uleb128 0x19
 947 0057 11       		.uleb128 0x11
 948 0058 01       		.uleb128 0x1
 949 0059 12       		.uleb128 0x12
 950 005a 06       		.uleb128 0x6
 951 005b 40       		.uleb128 0x40
 952 005c 18       		.uleb128 0x18
 953 005d 9742     		.uleb128 0x2117
 954 005f 19       		.uleb128 0x19
 955 0060 00       		.byte	0
 956 0061 00       		.byte	0
 957 0062 08       		.uleb128 0x8
 958 0063 2E       		.uleb128 0x2e
 959 0064 01       		.byte	0x1
 960 0065 3F       		.uleb128 0x3f
 961 0066 19       		.uleb128 0x19
 962 0067 03       		.uleb128 0x3
 963 0068 0E       		.uleb128 0xe
 964 0069 3A       		.uleb128 0x3a
 965 006a 0B       		.uleb128 0xb
 966 006b 3B       		.uleb128 0x3b
 967 006c 0B       		.uleb128 0xb
 968 006d 27       		.uleb128 0x27
 969 006e 19       		.uleb128 0x19
 970 006f 11       		.uleb128 0x11
 971 0070 01       		.uleb128 0x1
 972 0071 12       		.uleb128 0x12
 973 0072 06       		.uleb128 0x6
 974 0073 40       		.uleb128 0x40
 975 0074 18       		.uleb128 0x18
 976 0075 9742     		.uleb128 0x2117
 977 0077 19       		.uleb128 0x19
 978 0078 01       		.uleb128 0x1
 979 0079 13       		.uleb128 0x13
 980 007a 00       		.byte	0
 981 007b 00       		.byte	0
 982 007c 09       		.uleb128 0x9
 983 007d 05       		.uleb128 0x5
 984 007e 00       		.byte	0
 985 007f 03       		.uleb128 0x3
 986 0080 0E       		.uleb128 0xe
 987 0081 3A       		.uleb128 0x3a
 988 0082 0B       		.uleb128 0xb
 989 0083 3B       		.uleb128 0x3b
 990 0084 0B       		.uleb128 0xb
 991 0085 49       		.uleb128 0x49
 992 0086 13       		.uleb128 0x13
 993 0087 02       		.uleb128 0x2
 994 0088 17       		.uleb128 0x17
 995 0089 00       		.byte	0
 996 008a 00       		.byte	0
 997 008b 0A       		.uleb128 0xa
 998 008c 34       		.uleb128 0x34
 999 008d 00       		.byte	0
 1000 008e 03       		.uleb128 0x3
 1001 008f 0E       		.uleb128 0xe
 1002 0090 3A       		.uleb128 0x3a
ARM GAS  C:\Users\Petro\AppData\Local\Temp\ccnHfONp.s 			page 24


 1003 0091 0B       		.uleb128 0xb
 1004 0092 3B       		.uleb128 0x3b
 1005 0093 0B       		.uleb128 0xb
 1006 0094 49       		.uleb128 0x49
 1007 0095 13       		.uleb128 0x13
 1008 0096 02       		.uleb128 0x2
 1009 0097 17       		.uleb128 0x17
 1010 0098 00       		.byte	0
 1011 0099 00       		.byte	0
 1012 009a 0B       		.uleb128 0xb
 1013 009b 898201   		.uleb128 0x4109
 1014 009e 01       		.byte	0x1
 1015 009f 11       		.uleb128 0x11
 1016 00a0 01       		.uleb128 0x1
 1017 00a1 31       		.uleb128 0x31
 1018 00a2 13       		.uleb128 0x13
 1019 00a3 01       		.uleb128 0x1
 1020 00a4 13       		.uleb128 0x13
 1021 00a5 00       		.byte	0
 1022 00a6 00       		.byte	0
 1023 00a7 0C       		.uleb128 0xc
 1024 00a8 8A8201   		.uleb128 0x410a
 1025 00ab 00       		.byte	0
 1026 00ac 02       		.uleb128 0x2
 1027 00ad 18       		.uleb128 0x18
 1028 00ae 9142     		.uleb128 0x2111
 1029 00b0 18       		.uleb128 0x18
 1030 00b1 00       		.byte	0
 1031 00b2 00       		.byte	0
 1032 00b3 0D       		.uleb128 0xd
 1033 00b4 898201   		.uleb128 0x4109
 1034 00b7 01       		.byte	0x1
 1035 00b8 11       		.uleb128 0x11
 1036 00b9 01       		.uleb128 0x1
 1037 00ba 31       		.uleb128 0x31
 1038 00bb 13       		.uleb128 0x13
 1039 00bc 00       		.byte	0
 1040 00bd 00       		.byte	0
 1041 00be 0E       		.uleb128 0xe
 1042 00bf 05       		.uleb128 0x5
 1043 00c0 00       		.byte	0
 1044 00c1 03       		.uleb128 0x3
 1045 00c2 08       		.uleb128 0x8
 1046 00c3 3A       		.uleb128 0x3a
 1047 00c4 0B       		.uleb128 0xb
 1048 00c5 3B       		.uleb128 0x3b
 1049 00c6 0B       		.uleb128 0xb
 1050 00c7 49       		.uleb128 0x49
 1051 00c8 13       		.uleb128 0x13
 1052 00c9 02       		.uleb128 0x2
 1053 00ca 17       		.uleb128 0x17
 1054 00cb 00       		.byte	0
 1055 00cc 00       		.byte	0
 1056 00cd 0F       		.uleb128 0xf
 1057 00ce 898201   		.uleb128 0x4109
 1058 00d1 00       		.byte	0
 1059 00d2 11       		.uleb128 0x11
ARM GAS  C:\Users\Petro\AppData\Local\Temp\ccnHfONp.s 			page 25


 1060 00d3 01       		.uleb128 0x1
 1061 00d4 31       		.uleb128 0x31
 1062 00d5 13       		.uleb128 0x13
 1063 00d6 00       		.byte	0
 1064 00d7 00       		.byte	0
 1065 00d8 10       		.uleb128 0x10
 1066 00d9 0F       		.uleb128 0xf
 1067 00da 00       		.byte	0
 1068 00db 0B       		.uleb128 0xb
 1069 00dc 0B       		.uleb128 0xb
 1070 00dd 49       		.uleb128 0x49
 1071 00de 13       		.uleb128 0x13
 1072 00df 00       		.byte	0
 1073 00e0 00       		.byte	0
 1074 00e1 11       		.uleb128 0x11
 1075 00e2 26       		.uleb128 0x26
 1076 00e3 00       		.byte	0
 1077 00e4 49       		.uleb128 0x49
 1078 00e5 13       		.uleb128 0x13
 1079 00e6 00       		.byte	0
 1080 00e7 00       		.byte	0
 1081 00e8 12       		.uleb128 0x12
 1082 00e9 2E       		.uleb128 0x2e
 1083 00ea 01       		.byte	0x1
 1084 00eb 3F       		.uleb128 0x3f
 1085 00ec 19       		.uleb128 0x19
 1086 00ed 03       		.uleb128 0x3
 1087 00ee 0E       		.uleb128 0xe
 1088 00ef 3A       		.uleb128 0x3a
 1089 00f0 0B       		.uleb128 0xb
 1090 00f1 3B       		.uleb128 0x3b
 1091 00f2 0B       		.uleb128 0xb
 1092 00f3 27       		.uleb128 0x27
 1093 00f4 19       		.uleb128 0x19
 1094 00f5 49       		.uleb128 0x49
 1095 00f6 13       		.uleb128 0x13
 1096 00f7 11       		.uleb128 0x11
 1097 00f8 01       		.uleb128 0x1
 1098 00f9 12       		.uleb128 0x12
 1099 00fa 06       		.uleb128 0x6
 1100 00fb 40       		.uleb128 0x40
 1101 00fc 18       		.uleb128 0x18
 1102 00fd 9742     		.uleb128 0x2117
 1103 00ff 19       		.uleb128 0x19
 1104 0100 01       		.uleb128 0x1
 1105 0101 13       		.uleb128 0x13
 1106 0102 00       		.byte	0
 1107 0103 00       		.byte	0
 1108 0104 13       		.uleb128 0x13
 1109 0105 2E       		.uleb128 0x2e
 1110 0106 01       		.byte	0x1
 1111 0107 3F       		.uleb128 0x3f
 1112 0108 19       		.uleb128 0x19
 1113 0109 03       		.uleb128 0x3
 1114 010a 0E       		.uleb128 0xe
 1115 010b 3A       		.uleb128 0x3a
 1116 010c 0B       		.uleb128 0xb
ARM GAS  C:\Users\Petro\AppData\Local\Temp\ccnHfONp.s 			page 26


 1117 010d 3B       		.uleb128 0x3b
 1118 010e 05       		.uleb128 0x5
 1119 010f 27       		.uleb128 0x27
 1120 0110 19       		.uleb128 0x19
 1121 0111 49       		.uleb128 0x49
 1122 0112 13       		.uleb128 0x13
 1123 0113 11       		.uleb128 0x11
 1124 0114 01       		.uleb128 0x1
 1125 0115 12       		.uleb128 0x12
 1126 0116 06       		.uleb128 0x6
 1127 0117 40       		.uleb128 0x40
 1128 0118 18       		.uleb128 0x18
 1129 0119 9742     		.uleb128 0x2117
 1130 011b 19       		.uleb128 0x19
 1131 011c 01       		.uleb128 0x1
 1132 011d 13       		.uleb128 0x13
 1133 011e 00       		.byte	0
 1134 011f 00       		.byte	0
 1135 0120 14       		.uleb128 0x14
 1136 0121 05       		.uleb128 0x5
 1137 0122 00       		.byte	0
 1138 0123 03       		.uleb128 0x3
 1139 0124 0E       		.uleb128 0xe
 1140 0125 3A       		.uleb128 0x3a
 1141 0126 0B       		.uleb128 0xb
 1142 0127 3B       		.uleb128 0x3b
 1143 0128 05       		.uleb128 0x5
 1144 0129 49       		.uleb128 0x49
 1145 012a 13       		.uleb128 0x13
 1146 012b 02       		.uleb128 0x2
 1147 012c 17       		.uleb128 0x17
 1148 012d 00       		.byte	0
 1149 012e 00       		.byte	0
 1150 012f 15       		.uleb128 0x15
 1151 0130 34       		.uleb128 0x34
 1152 0131 00       		.byte	0
 1153 0132 03       		.uleb128 0x3
 1154 0133 0E       		.uleb128 0xe
 1155 0134 3A       		.uleb128 0x3a
 1156 0135 0B       		.uleb128 0xb
 1157 0136 3B       		.uleb128 0x3b
 1158 0137 05       		.uleb128 0x5
 1159 0138 49       		.uleb128 0x49
 1160 0139 13       		.uleb128 0x13
 1161 013a 02       		.uleb128 0x2
 1162 013b 17       		.uleb128 0x17
 1163 013c 00       		.byte	0
 1164 013d 00       		.byte	0
 1165 013e 16       		.uleb128 0x16
 1166 013f 2E       		.uleb128 0x2e
 1167 0140 01       		.byte	0x1
 1168 0141 3F       		.uleb128 0x3f
 1169 0142 19       		.uleb128 0x19
 1170 0143 03       		.uleb128 0x3
 1171 0144 0E       		.uleb128 0xe
 1172 0145 3A       		.uleb128 0x3a
 1173 0146 0B       		.uleb128 0xb
ARM GAS  C:\Users\Petro\AppData\Local\Temp\ccnHfONp.s 			page 27


 1174 0147 3B       		.uleb128 0x3b
 1175 0148 0B       		.uleb128 0xb
 1176 0149 27       		.uleb128 0x27
 1177 014a 19       		.uleb128 0x19
 1178 014b 3C       		.uleb128 0x3c
 1179 014c 19       		.uleb128 0x19
 1180 014d 00       		.byte	0
 1181 014e 00       		.byte	0
 1182 014f 17       		.uleb128 0x17
 1183 0150 05       		.uleb128 0x5
 1184 0151 00       		.byte	0
 1185 0152 49       		.uleb128 0x49
 1186 0153 13       		.uleb128 0x13
 1187 0154 00       		.byte	0
 1188 0155 00       		.byte	0
 1189 0156 00       		.byte	0
 1190              		.section	.debug_loc,"",%progbits
 1191              	.Ldebug_loc0:
 1192              	.LLST0:
 1193 0000 00000000 		.4byte	.LVL0
 1194 0004 08000000 		.4byte	.LVL2
 1195 0008 0100     		.2byte	0x1
 1196 000a 50       		.byte	0x50
 1197 000b 08000000 		.4byte	.LVL2
 1198 000f 44000000 		.4byte	.LVL5
 1199 0013 0100     		.2byte	0x1
 1200 0015 55       		.byte	0x55
 1201 0016 46000000 		.4byte	.LVL6
 1202 001a 58000000 		.4byte	.LVL10
 1203 001e 0100     		.2byte	0x1
 1204 0020 55       		.byte	0x55
 1205 0021 00000000 		.4byte	0
 1206 0025 00000000 		.4byte	0
 1207              	.LLST1:
 1208 0029 04000000 		.4byte	.LVL1
 1209 002d 08000000 		.4byte	.LVL2
 1210 0031 0200     		.2byte	0x2
 1211 0033 38       		.byte	0x38
 1212 0034 9F       		.byte	0x9f
 1213 0035 08000000 		.4byte	.LVL2
 1214 0039 48000000 		.4byte	.LVL7
 1215 003d 0100     		.2byte	0x1
 1216 003f 54       		.byte	0x54
 1217 0040 4A000000 		.4byte	.LVL8
 1218 0044 58000000 		.4byte	.LVL9
 1219 0048 0100     		.2byte	0x1
 1220 004a 54       		.byte	0x54
 1221 004b 00000000 		.4byte	0
 1222 004f 00000000 		.4byte	0
 1223              	.LLST2:
 1224 0053 00000000 		.4byte	.LVL11
 1225 0057 0A000000 		.4byte	.LVL13
 1226 005b 0100     		.2byte	0x1
 1227 005d 50       		.byte	0x50
 1228 005e 0A000000 		.4byte	.LVL13
 1229 0062 18000000 		.4byte	.LVL18
 1230 0066 0100     		.2byte	0x1
ARM GAS  C:\Users\Petro\AppData\Local\Temp\ccnHfONp.s 			page 28


 1231 0068 56       		.byte	0x56
 1232 0069 18000000 		.4byte	.LVL18
 1233 006d 1A000000 		.4byte	.LFE6
 1234 0071 0400     		.2byte	0x4
 1235 0073 F3       		.byte	0xf3
 1236 0074 01       		.uleb128 0x1
 1237 0075 50       		.byte	0x50
 1238 0076 9F       		.byte	0x9f
 1239 0077 00000000 		.4byte	0
 1240 007b 00000000 		.4byte	0
 1241              	.LLST3:
 1242 007f 00000000 		.4byte	.LVL11
 1243 0083 0A000000 		.4byte	.LVL13
 1244 0087 0100     		.2byte	0x1
 1245 0089 51       		.byte	0x51
 1246 008a 0A000000 		.4byte	.LVL13
 1247 008e 1A000000 		.4byte	.LFE6
 1248 0092 0400     		.2byte	0x4
 1249 0094 F3       		.byte	0xf3
 1250 0095 01       		.uleb128 0x1
 1251 0096 51       		.byte	0x51
 1252 0097 9F       		.byte	0x9f
 1253 0098 00000000 		.4byte	0
 1254 009c 00000000 		.4byte	0
 1255              	.LLST4:
 1256 00a0 06000000 		.4byte	.LVL12
 1257 00a4 0A000000 		.4byte	.LVL13
 1258 00a8 0200     		.2byte	0x2
 1259 00aa 30       		.byte	0x30
 1260 00ab 9F       		.byte	0x9f
 1261 00ac 0A000000 		.4byte	.LVL13
 1262 00b0 12000000 		.4byte	.LVL15
 1263 00b4 0100     		.2byte	0x1
 1264 00b6 54       		.byte	0x54
 1265 00b7 14000000 		.4byte	.LVL16
 1266 00bb 18000000 		.4byte	.LVL17
 1267 00bf 0100     		.2byte	0x1
 1268 00c1 54       		.byte	0x54
 1269 00c2 00000000 		.4byte	0
 1270 00c6 00000000 		.4byte	0
 1271              	.LLST5:
 1272 00ca 02000000 		.4byte	.LVL19
 1273 00ce 08000000 		.4byte	.LVL20
 1274 00d2 0200     		.2byte	0x2
 1275 00d4 38       		.byte	0x38
 1276 00d5 9F       		.byte	0x9f
 1277 00d6 08000000 		.4byte	.LVL20
 1278 00da 52000000 		.4byte	.LVL30
 1279 00de 0100     		.2byte	0x1
 1280 00e0 55       		.byte	0x55
 1281 00e1 00000000 		.4byte	0
 1282 00e5 00000000 		.4byte	0
 1283              	.LLST6:
 1284 00e9 02000000 		.4byte	.LVL19
 1285 00ed 08000000 		.4byte	.LVL20
 1286 00f1 0200     		.2byte	0x2
 1287 00f3 30       		.byte	0x30
ARM GAS  C:\Users\Petro\AppData\Local\Temp\ccnHfONp.s 			page 29


 1288 00f4 9F       		.byte	0x9f
 1289 00f5 08000000 		.4byte	.LVL20
 1290 00f9 52000000 		.4byte	.LVL29
 1291 00fd 0100     		.2byte	0x1
 1292 00ff 54       		.byte	0x54
 1293 0100 00000000 		.4byte	0
 1294 0104 00000000 		.4byte	0
 1295              	.LLST7:
 1296 0108 1E000000 		.4byte	.LVL21
 1297 010c 22000000 		.4byte	.LVL22
 1298 0110 0700     		.2byte	0x7
 1299 0112 73       		.byte	0x73
 1300 0113 00       		.sleb128 0
 1301 0114 4E       		.byte	0x4e
 1302 0115 24       		.byte	0x24
 1303 0116 4F       		.byte	0x4f
 1304 0117 25       		.byte	0x25
 1305 0118 9F       		.byte	0x9f
 1306 0119 00000000 		.4byte	0
 1307 011d 00000000 		.4byte	0
 1308              	.LLST8:
 1309 0121 00000000 		.4byte	.LVL31
 1310 0125 0A000000 		.4byte	.LVL33
 1311 0129 0100     		.2byte	0x1
 1312 012b 50       		.byte	0x50
 1313 012c 0A000000 		.4byte	.LVL33
 1314 0130 1A000000 		.4byte	.LVL38
 1315 0134 0100     		.2byte	0x1
 1316 0136 57       		.byte	0x57
 1317 0137 1A000000 		.4byte	.LVL38
 1318 013b 1C000000 		.4byte	.LFE8
 1319 013f 0400     		.2byte	0x4
 1320 0141 F3       		.byte	0xf3
 1321 0142 01       		.uleb128 0x1
 1322 0143 50       		.byte	0x50
 1323 0144 9F       		.byte	0x9f
 1324 0145 00000000 		.4byte	0
 1325 0149 00000000 		.4byte	0
 1326              	.LLST9:
 1327 014d 00000000 		.4byte	.LVL31
 1328 0151 0A000000 		.4byte	.LVL33
 1329 0155 0100     		.2byte	0x1
 1330 0157 51       		.byte	0x51
 1331 0158 0A000000 		.4byte	.LVL33
 1332 015c 1C000000 		.4byte	.LFE8
 1333 0160 0400     		.2byte	0x4
 1334 0162 F3       		.byte	0xf3
 1335 0163 01       		.uleb128 0x1
 1336 0164 51       		.byte	0x51
 1337 0165 9F       		.byte	0x9f
 1338 0166 00000000 		.4byte	0
 1339 016a 00000000 		.4byte	0
 1340              	.LLST10:
 1341 016e 06000000 		.4byte	.LVL32
 1342 0172 0A000000 		.4byte	.LVL33
 1343 0176 0200     		.2byte	0x2
 1344 0178 30       		.byte	0x30
ARM GAS  C:\Users\Petro\AppData\Local\Temp\ccnHfONp.s 			page 30


 1345 0179 9F       		.byte	0x9f
 1346 017a 0A000000 		.4byte	.LVL33
 1347 017e 14000000 		.4byte	.LVL35
 1348 0182 0100     		.2byte	0x1
 1349 0184 54       		.byte	0x54
 1350 0185 16000000 		.4byte	.LVL36
 1351 0189 1A000000 		.4byte	.LVL37
 1352 018d 0100     		.2byte	0x1
 1353 018f 54       		.byte	0x54
 1354 0190 00000000 		.4byte	0
 1355 0194 00000000 		.4byte	0
 1356              	.LLST11:
 1357 0198 00000000 		.4byte	.LVL39
 1358 019c 0A000000 		.4byte	.LVL41
 1359 01a0 0100     		.2byte	0x1
 1360 01a2 50       		.byte	0x50
 1361 01a3 0A000000 		.4byte	.LVL41
 1362 01a7 4E000000 		.4byte	.LVL46
 1363 01ab 0100     		.2byte	0x1
 1364 01ad 55       		.byte	0x55
 1365 01ae 50000000 		.4byte	.LVL47
 1366 01b2 64000000 		.4byte	.LVL54
 1367 01b6 0100     		.2byte	0x1
 1368 01b8 55       		.byte	0x55
 1369 01b9 00000000 		.4byte	0
 1370 01bd 00000000 		.4byte	0
 1371              	.LLST12:
 1372 01c1 04000000 		.4byte	.LVL40
 1373 01c5 0A000000 		.4byte	.LVL41
 1374 01c9 0200     		.2byte	0x2
 1375 01cb 38       		.byte	0x38
 1376 01cc 9F       		.byte	0x9f
 1377 01cd 0A000000 		.4byte	.LVL41
 1378 01d1 5A000000 		.4byte	.LVL50
 1379 01d5 0100     		.2byte	0x1
 1380 01d7 54       		.byte	0x54
 1381 01d8 5C000000 		.4byte	.LVL51
 1382 01dc 64000000 		.4byte	.LVL53
 1383 01e0 0100     		.2byte	0x1
 1384 01e2 54       		.byte	0x54
 1385 01e3 00000000 		.4byte	0
 1386 01e7 00000000 		.4byte	0
 1387              	.LLST13:
 1388 01eb 04000000 		.4byte	.LVL40
 1389 01ef 0A000000 		.4byte	.LVL41
 1390 01f3 0200     		.2byte	0x2
 1391 01f5 30       		.byte	0x30
 1392 01f6 9F       		.byte	0x9f
 1393 01f7 0A000000 		.4byte	.LVL41
 1394 01fb 64000000 		.4byte	.LVL55
 1395 01ff 0100     		.2byte	0x1
 1396 0201 56       		.byte	0x56
 1397 0202 00000000 		.4byte	0
 1398 0206 00000000 		.4byte	0
 1399              	.LLST14:
 1400 020a 34000000 		.4byte	.LVL42
 1401 020e 38000000 		.4byte	.LVL43
ARM GAS  C:\Users\Petro\AppData\Local\Temp\ccnHfONp.s 			page 31


 1402 0212 0700     		.2byte	0x7
 1403 0214 73       		.byte	0x73
 1404 0215 00       		.sleb128 0
 1405 0216 4E       		.byte	0x4e
 1406 0217 24       		.byte	0x24
 1407 0218 4F       		.byte	0x4f
 1408 0219 25       		.byte	0x25
 1409 021a 9F       		.byte	0x9f
 1410 021b 00000000 		.4byte	0
 1411 021f 00000000 		.4byte	0
 1412              		.section	.debug_aranges,"",%progbits
 1413 0000 54000000 		.4byte	0x54
 1414 0004 0200     		.2byte	0x2
 1415 0006 00000000 		.4byte	.Ldebug_info0
 1416 000a 04       		.byte	0x4
 1417 000b 00       		.byte	0
 1418 000c 0000     		.2byte	0
 1419 000e 0000     		.2byte	0
 1420 0010 00000000 		.4byte	.LFB2
 1421 0014 20000000 		.4byte	.LFE2-.LFB2
 1422 0018 00000000 		.4byte	.LFB3
 1423 001c 02000000 		.4byte	.LFE3-.LFB3
 1424 0020 00000000 		.4byte	.LFB4
 1425 0024 02000000 		.4byte	.LFE4-.LFB4
 1426 0028 00000000 		.4byte	.LFB5
 1427 002c 60000000 		.4byte	.LFE5-.LFB5
 1428 0030 00000000 		.4byte	.LFB6
 1429 0034 1A000000 		.4byte	.LFE6-.LFB6
 1430 0038 00000000 		.4byte	.LFB7
 1431 003c 5C000000 		.4byte	.LFE7-.LFB7
 1432 0040 00000000 		.4byte	.LFB8
 1433 0044 1C000000 		.4byte	.LFE8-.LFB8
 1434 0048 00000000 		.4byte	.LFB9
 1435 004c 70000000 		.4byte	.LFE9-.LFB9
 1436 0050 00000000 		.4byte	0
 1437 0054 00000000 		.4byte	0
 1438              		.section	.debug_ranges,"",%progbits
 1439              	.Ldebug_ranges0:
 1440 0000 00000000 		.4byte	.LFB2
 1441 0004 20000000 		.4byte	.LFE2
 1442 0008 00000000 		.4byte	.LFB3
 1443 000c 02000000 		.4byte	.LFE3
 1444 0010 00000000 		.4byte	.LFB4
 1445 0014 02000000 		.4byte	.LFE4
 1446 0018 00000000 		.4byte	.LFB5
 1447 001c 60000000 		.4byte	.LFE5
 1448 0020 00000000 		.4byte	.LFB6
 1449 0024 1A000000 		.4byte	.LFE6
 1450 0028 00000000 		.4byte	.LFB7
 1451 002c 5C000000 		.4byte	.LFE7
 1452 0030 00000000 		.4byte	.LFB8
 1453 0034 1C000000 		.4byte	.LFE8
 1454 0038 00000000 		.4byte	.LFB9
 1455 003c 70000000 		.4byte	.LFE9
 1456 0040 00000000 		.4byte	0
 1457 0044 00000000 		.4byte	0
 1458              		.section	.debug_line,"",%progbits
ARM GAS  C:\Users\Petro\AppData\Local\Temp\ccnHfONp.s 			page 32


 1459              	.Ldebug_line0:
 1460 0000 92020000 		.section	.debug_str,"MS",%progbits,1
 1460      02004E01 
 1460      00000201 
 1460      FB0E0D00 
 1460      01010101 
 1461              	.LASF40:
 1462 0000 43794465 		.ascii	"CyDelayCycles\000"
 1462      6C617943 
 1462      79636C65 
 1462      7300
 1463              	.LASF21:
 1464 000e 72656733 		.ascii	"reg32\000"
 1464      3200
 1465              	.LASF3:
 1466 0014 5F5F7569 		.ascii	"__uint8_t\000"
 1466      6E74385F 
 1466      7400
 1467              	.LASF36:
 1468 001e 53775350 		.ascii	"SwSPI_Master_1_ReadAndWriteByte\000"
 1468      495F4D61 
 1468      73746572 
 1468      5F315F52 
 1468      65616441 
 1469              	.LASF5:
 1470 003e 73686F72 		.ascii	"short unsigned int\000"
 1470      7420756E 
 1470      7369676E 
 1470      65642069 
 1470      6E7400
 1471              	.LASF28:
 1472 0051 62797465 		.ascii	"byte\000"
 1472      00
 1473              	.LASF31:
 1474 0056 746D7044 		.ascii	"tmpData\000"
 1474      61746100 
 1475              	.LASF26:
 1476 005e 53775350 		.ascii	"SwSPI_Master_1_SendByte\000"
 1476      495F4D61 
 1476      73746572 
 1476      5F315F53 
 1476      656E6442 
 1477              	.LASF18:
 1478 0076 666C6F61 		.ascii	"float\000"
 1478      7400
 1479              	.LASF35:
 1480 007c 53775350 		.ascii	"SwSPI_Master_1_RecvByte\000"
 1480      495F4D61 
 1480      73746572 
 1480      5F315F52 
 1480      65637642 
 1481              	.LASF1:
 1482 0094 756E7369 		.ascii	"unsigned char\000"
 1482      676E6564 
 1482      20636861 
 1482      7200
 1483              	.LASF8:
ARM GAS  C:\Users\Petro\AppData\Local\Temp\ccnHfONp.s 			page 33


 1484 00a2 6C6F6E67 		.ascii	"long unsigned int\000"
 1484      20756E73 
 1484      69676E65 
 1484      6420696E 
 1484      7400
 1485              	.LASF15:
 1486 00b4 75696E74 		.ascii	"uint8\000"
 1486      3800
 1487              	.LASF32:
 1488 00ba 746D7042 		.ascii	"tmpBuff\000"
 1488      75666600 
 1489              	.LASF33:
 1490 00c2 746D7050 		.ascii	"tmpPin\000"
 1490      696E00
 1491              	.LASF38:
 1492 00c9 47656E65 		.ascii	"Generated_Source\\PSoC4\\SwSPI_Master_1.c\000"
 1492      72617465 
 1492      645F536F 
 1492      75726365 
 1492      5C50536F 
 1493              	.LASF29:
 1494 00f1 62756666 		.ascii	"buff\000"
 1494      00
 1495              	.LASF34:
 1496 00f6 53775350 		.ascii	"SwSPI_Master_1_RecvBuff\000"
 1496      495F4D61 
 1496      73746572 
 1496      5F315F52 
 1496      65637642 
 1497              	.LASF4:
 1498 010e 5F5F7569 		.ascii	"__uint16_t\000"
 1498      6E743136 
 1498      5F7400
 1499              	.LASF19:
 1500 0119 646F7562 		.ascii	"double\000"
 1500      6C6500
 1501              	.LASF27:
 1502 0120 53775350 		.ascii	"SwSPI_Master_1_SendBuff\000"
 1502      495F4D61 
 1502      73746572 
 1502      5F315F53 
 1502      656E6442 
 1503              	.LASF7:
 1504 0138 5F5F7569 		.ascii	"__uint32_t\000"
 1504      6E743332 
 1504      5F7400
 1505              	.LASF16:
 1506 0143 75696E74 		.ascii	"uint16\000"
 1506      313600
 1507              	.LASF17:
 1508 014a 75696E74 		.ascii	"uint32\000"
 1508      333200
 1509              	.LASF39:
 1510 0151 443A5C43 		.ascii	"D:\\Cypress\\system-start-finish\\vesion 2\\fw\\fin"
 1510      79707265 
 1510      73735C73 
 1510      79737465 
ARM GAS  C:\Users\Petro\AppData\Local\Temp\ccnHfONp.s 			page 34


 1510      6D2D7374 
 1511 017f 6973685C 		.ascii	"ish\\sandbox\\v8_new_dispay\\fin_v0.cydsn\\SPI_TB.c"
 1511      73616E64 
 1511      626F785C 
 1511      76385F6E 
 1511      65775F64 
 1512 01ae 7964736E 		.ascii	"ydsn\000"
 1512      00
 1513              	.LASF11:
 1514 01b3 756E7369 		.ascii	"unsigned int\000"
 1514      676E6564 
 1514      20696E74 
 1514      00
 1515              	.LASF10:
 1516 01c0 6C6F6E67 		.ascii	"long long unsigned int\000"
 1516      206C6F6E 
 1516      6720756E 
 1516      7369676E 
 1516      65642069 
 1517              	.LASF12:
 1518 01d7 75696E74 		.ascii	"uint8_t\000"
 1518      385F7400 
 1519              	.LASF22:
 1520 01df 73697A65 		.ascii	"sizetype\000"
 1520      74797065 
 1520      00
 1521              	.LASF30:
 1522 01e8 636F756E 		.ascii	"countBites\000"
 1522      74426974 
 1522      657300
 1523              	.LASF9:
 1524 01f3 6C6F6E67 		.ascii	"long long int\000"
 1524      206C6F6E 
 1524      6720696E 
 1524      7400
 1525              	.LASF20:
 1526 0201 63686172 		.ascii	"char\000"
 1526      00
 1527              	.LASF37:
 1528 0206 474E5520 		.ascii	"GNU C 4.9.3 20150303 (release) [ARM/embedded-4_9-br"
 1528      4320342E 
 1528      392E3320 
 1528      32303135 
 1528      30333033 
 1529 0239 616E6368 		.ascii	"anch revision 221220] -mcpu=cortex-m0 -mthumb -g -O"
 1529      20726576 
 1529      6973696F 
 1529      6E203232 
 1529      31323230 
 1530 026c 67202D66 		.ascii	"g -ffunction-sections -ffat-lto-objects\000"
 1530      66756E63 
 1530      74696F6E 
 1530      2D736563 
 1530      74696F6E 
 1531              	.LASF2:
 1532 0294 73686F72 		.ascii	"short int\000"
 1532      7420696E 
ARM GAS  C:\Users\Petro\AppData\Local\Temp\ccnHfONp.s 			page 35


 1532      7400
 1533              	.LASF13:
 1534 029e 75696E74 		.ascii	"uint16_t\000"
 1534      31365F74 
 1534      00
 1535              	.LASF14:
 1536 02a7 75696E74 		.ascii	"uint32_t\000"
 1536      33325F74 
 1536      00
 1537              	.LASF6:
 1538 02b0 6C6F6E67 		.ascii	"long int\000"
 1538      20696E74 
 1538      00
 1539              	.LASF0:
 1540 02b9 7369676E 		.ascii	"signed char\000"
 1540      65642063 
 1540      68617200 
 1541              	.LASF23:
 1542 02c5 53775350 		.ascii	"SwSPI_Master_1_Init\000"
 1542      495F4D61 
 1542      73746572 
 1542      5F315F49 
 1542      6E697400 
 1543              	.LASF25:
 1544 02d9 53775350 		.ascii	"SwSPI_Master_1_ChipDeselect\000"
 1544      495F4D61 
 1544      73746572 
 1544      5F315F43 
 1544      68697044 
 1545              	.LASF24:
 1546 02f5 53775350 		.ascii	"SwSPI_Master_1_ChipSelect\000"
 1546      495F4D61 
 1546      73746572 
 1546      5F315F43 
 1546      68697053 
 1547              		.ident	"GCC: (GNU Tools for ARM Embedded Processors) 4.9.3 20150303 (release) [ARM/embedded-4_9-br
