ARM GAS  C:\Users\Petro\AppData\Local\Temp\ccTTsDqB.s 			page 1


   1              		.cpu cortex-m0
   2              		.fpu softvfp
   3              		.eabi_attribute 20, 1
   4              		.eabi_attribute 21, 1
   5              		.eabi_attribute 23, 3
   6              		.eabi_attribute 24, 1
   7              		.eabi_attribute 25, 1
   8              		.eabi_attribute 26, 1
   9              		.eabi_attribute 30, 6
  10              		.eabi_attribute 34, 0
  11              		.eabi_attribute 18, 4
  12              		.code	16
  13              		.file	"gate.c"
  14              		.text
  15              	.Ltext0:
  16              		.cfi_sections	.debug_frame
  17              		.comm	PROTO_STATE,1,1
  18              		.comm	LenD1,1,1
  19              		.comm	LenD2,1,1
  20              		.comm	LenD3,1,1
  21              		.comm	LenSeq,1,1
  22              		.comm	LenChS,1,1
  23              		.comm	LenC,1,1
  24              		.comm	inData,24,8
  25              		.comm	outData,24,8
  26              		.bss
  27              		.align	2
  28              	networkStatus:
  29 0000 00000000 		.space	4
  30              		.align	2
  31              	numAttemps:
  32 0004 00000000 		.space	4
  33              		.align	2
  34              	noConnect:
  35 0008 00000000 		.space	4
  36              	gateOpen:
  37 000c 00       		.space	1
  38 000d 000000   		.section	.text.GATE_INTERRUPT,"ax",%progbits
  39              		.align	2
  40              		.global	GATE_INTERRUPT
  41              		.code	16
  42              		.thumb_func
  43              		.type	GATE_INTERRUPT, %function
  44              	GATE_INTERRUPT:
  45              	.LFB28:
  46              		.file 1 ".\\lib_Gate\\gate.c"
   1:.\lib_Gate/gate.c **** /* ========================================
   2:.\lib_Gate/gate.c ****  *
   3:.\lib_Gate/gate.c ****  * Copyright YOUR COMPANY, THE YEAR
   4:.\lib_Gate/gate.c ****  * All Rights Reserved
   5:.\lib_Gate/gate.c ****  * UNPUBLISHED, LICENSED SOFTWARE.
   6:.\lib_Gate/gate.c ****  *
   7:.\lib_Gate/gate.c ****  * CONFIDENTIAL AND PROPRIETARY INFORMATION
   8:.\lib_Gate/gate.c ****  * WHICH IS THE PROPERTY OF your company.
   9:.\lib_Gate/gate.c ****  *
  10:.\lib_Gate/gate.c ****  * ========================================
  11:.\lib_Gate/gate.c **** */
ARM GAS  C:\Users\Petro\AppData\Local\Temp\ccTTsDqB.s 			page 2


  12:.\lib_Gate/gate.c **** #include "gate.h"
  13:.\lib_Gate/gate.c **** 
  14:.\lib_Gate/gate.c **** static uint8_t gateOpen;
  15:.\lib_Gate/gate.c **** 
  16:.\lib_Gate/gate.c **** CY_ISR(GATE_INTERRUPT)
  17:.\lib_Gate/gate.c **** {
  47              		.loc 1 17 0
  48              		.cfi_startproc
  49 0000 B0B5     		push	{r4, r5, r7, lr}
  50              		.cfi_def_cfa_offset 16
  51              		.cfi_offset 4, -16
  52              		.cfi_offset 5, -12
  53              		.cfi_offset 7, -8
  54              		.cfi_offset 14, -4
  55 0002 00AF     		add	r7, sp, #0
  56              		.cfi_def_cfa_register 7
  18:.\lib_Gate/gate.c ****     if(FinWriteInDB() == NO_ERROR && FinReady() == READY)
  57              		.loc 1 18 0
  58 0004 FFF7FEFF 		bl	FinWriteInDB
  59 0008 031E     		sub	r3, r0, #0
  60 000a 012B     		cmp	r3, #1
  61 000c 15D1     		bne	.L2
  62              		.loc 1 18 0 is_stmt 0 discriminator 1
  63 000e FFF7FEFF 		bl	FinReady
  64 0012 031E     		sub	r3, r0, #0
  65 0014 012B     		cmp	r3, #1
  66 0016 10D1     		bne	.L2
  19:.\lib_Gate/gate.c ****     {
  20:.\lib_Gate/gate.c ****         gateOpen = GATE_OPEN;
  67              		.loc 1 20 0 is_stmt 1
  68 0018 0A4B     		ldr	r3, .L3
  69 001a 0122     		mov	r2, #1
  70 001c 1A70     		strb	r2, [r3]
  21:.\lib_Gate/gate.c ****         /*write skier result in buffer database*/
  22:.\lib_Gate/gate.c ****         SendSkierStart(RTCGetUnixTime(),RTCgetRecentMs());
  71              		.loc 1 22 0
  72 001e FFF7FEFF 		bl	RTCGetUnixTime
  73 0022 041C     		mov	r4, r0
  74 0024 0D1C     		mov	r5, r1
  75 0026 FFF7FEFF 		bl	RTCgetRecentMs
  76 002a 031C     		mov	r3, r0
  77 002c 201C     		mov	r0, r4
  78 002e 291C     		mov	r1, r5
  79 0030 1A1C     		mov	r2, r3
  80 0032 FFF7FEFF 		bl	SendSkierStart
  23:.\lib_Gate/gate.c **** 
  24:.\lib_Gate/gate.c ****         GATE_INT_Disable();
  81              		.loc 1 24 0
  82 0036 FFF7FEFF 		bl	GATE_INT_Disable
  83              	.L2:
  25:.\lib_Gate/gate.c ****     }
  26:.\lib_Gate/gate.c ****     GatePin_ClearInterrupt();
  84              		.loc 1 26 0
  85 003a FFF7FEFF 		bl	GatePin_ClearInterrupt
  27:.\lib_Gate/gate.c **** }
  86              		.loc 1 27 0
  87 003e BD46     		mov	sp, r7
ARM GAS  C:\Users\Petro\AppData\Local\Temp\ccTTsDqB.s 			page 3


  88              		@ sp needed
  89 0040 B0BD     		pop	{r4, r5, r7, pc}
  90              	.L4:
  91 0042 C046     		.align	2
  92              	.L3:
  93 0044 0C000000 		.word	gateOpen
  94              		.cfi_endproc
  95              	.LFE28:
  96              		.size	GATE_INTERRUPT, .-GATE_INTERRUPT
  97              		.section	.text.GateInit,"ax",%progbits
  98              		.align	2
  99              		.global	GateInit
 100              		.code	16
 101              		.thumb_func
 102              		.type	GateInit, %function
 103              	GateInit:
 104              	.LFB29:
  28:.\lib_Gate/gate.c **** 
  29:.\lib_Gate/gate.c **** void GateInit(void)
  30:.\lib_Gate/gate.c **** {
 105              		.loc 1 30 0
 106              		.cfi_startproc
 107 0000 80B5     		push	{r7, lr}
 108              		.cfi_def_cfa_offset 8
 109              		.cfi_offset 7, -8
 110              		.cfi_offset 14, -4
 111 0002 00AF     		add	r7, sp, #0
 112              		.cfi_def_cfa_register 7
  31:.\lib_Gate/gate.c ****     GATE_INT_StartEx(GATE_INTERRUPT);
 113              		.loc 1 31 0
 114 0004 044B     		ldr	r3, .L6
 115 0006 181C     		mov	r0, r3
 116 0008 FFF7FEFF 		bl	GATE_INT_StartEx
  32:.\lib_Gate/gate.c ****     gateOpen = GATE_CLOSE;
 117              		.loc 1 32 0
 118 000c 034B     		ldr	r3, .L6+4
 119 000e 0022     		mov	r2, #0
 120 0010 1A70     		strb	r2, [r3]
  33:.\lib_Gate/gate.c **** }
 121              		.loc 1 33 0
 122 0012 BD46     		mov	sp, r7
 123              		@ sp needed
 124 0014 80BD     		pop	{r7, pc}
 125              	.L7:
 126 0016 C046     		.align	2
 127              	.L6:
 128 0018 00000000 		.word	GATE_INTERRUPT
 129 001c 0C000000 		.word	gateOpen
 130              		.cfi_endproc
 131              	.LFE29:
 132              		.size	GateInit, .-GateInit
 133              		.section	.text.GateIsOpen,"ax",%progbits
 134              		.align	2
 135              		.global	GateIsOpen
 136              		.code	16
 137              		.thumb_func
 138              		.type	GateIsOpen, %function
ARM GAS  C:\Users\Petro\AppData\Local\Temp\ccTTsDqB.s 			page 4


 139              	GateIsOpen:
 140              	.LFB30:
  34:.\lib_Gate/gate.c **** 
  35:.\lib_Gate/gate.c **** 
  36:.\lib_Gate/gate.c **** /*******************************************************************************
  37:.\lib_Gate/gate.c **** * Function Name: GateOpen
  38:.\lib_Gate/gate.c **** ********************************************************************************
  39:.\lib_Gate/gate.c **** *
  40:.\lib_Gate/gate.c **** * * verification or gate closed
  41:.\lib_Gate/gate.c **** *
  42:.\lib_Gate/gate.c **** * Return:
  43:.\lib_Gate/gate.c **** *  GATE_CLOSE or GATE_OPEN
  44:.\lib_Gate/gate.c **** *******************************************************************************/
  45:.\lib_Gate/gate.c **** uint32_t GateIsOpen(void)
  46:.\lib_Gate/gate.c **** {   
 141              		.loc 1 46 0
 142              		.cfi_startproc
 143 0000 80B5     		push	{r7, lr}
 144              		.cfi_def_cfa_offset 8
 145              		.cfi_offset 7, -8
 146              		.cfi_offset 14, -4
 147 0002 00AF     		add	r7, sp, #0
 148              		.cfi_def_cfa_register 7
  47:.\lib_Gate/gate.c ****     return gateOpen;
 149              		.loc 1 47 0
 150 0004 024B     		ldr	r3, .L10
 151 0006 1B78     		ldrb	r3, [r3]
  48:.\lib_Gate/gate.c **** }
 152              		.loc 1 48 0
 153 0008 181C     		mov	r0, r3
 154 000a BD46     		mov	sp, r7
 155              		@ sp needed
 156 000c 80BD     		pop	{r7, pc}
 157              	.L11:
 158 000e C046     		.align	2
 159              	.L10:
 160 0010 0C000000 		.word	gateOpen
 161              		.cfi_endproc
 162              	.LFE30:
 163              		.size	GateIsOpen, .-GateIsOpen
 164              		.section	.text.GateClose,"ax",%progbits
 165              		.align	2
 166              		.global	GateClose
 167              		.code	16
 168              		.thumb_func
 169              		.type	GateClose, %function
 170              	GateClose:
 171              	.LFB31:
  49:.\lib_Gate/gate.c **** 
  50:.\lib_Gate/gate.c **** void GateClose(void)
  51:.\lib_Gate/gate.c **** {
 172              		.loc 1 51 0
 173              		.cfi_startproc
 174 0000 80B5     		push	{r7, lr}
 175              		.cfi_def_cfa_offset 8
 176              		.cfi_offset 7, -8
 177              		.cfi_offset 14, -4
ARM GAS  C:\Users\Petro\AppData\Local\Temp\ccTTsDqB.s 			page 5


 178 0002 00AF     		add	r7, sp, #0
 179              		.cfi_def_cfa_register 7
  52:.\lib_Gate/gate.c ****     gateOpen = GATE_CLOSE;
 180              		.loc 1 52 0
 181 0004 024B     		ldr	r3, .L13
 182 0006 0022     		mov	r2, #0
 183 0008 1A70     		strb	r2, [r3]
  53:.\lib_Gate/gate.c **** }
 184              		.loc 1 53 0
 185 000a BD46     		mov	sp, r7
 186              		@ sp needed
 187 000c 80BD     		pop	{r7, pc}
 188              	.L14:
 189 000e C046     		.align	2
 190              	.L13:
 191 0010 0C000000 		.word	gateOpen
 192              		.cfi_endproc
 193              	.LFE31:
 194              		.size	GateClose, .-GateClose
 195              		.section	.text.AllowNextSkier,"ax",%progbits
 196              		.align	2
 197              		.global	AllowNextSkier
 198              		.code	16
 199              		.thumb_func
 200              		.type	AllowNextSkier, %function
 201              	AllowNextSkier:
 202              	.LFB32:
  54:.\lib_Gate/gate.c **** 
  55:.\lib_Gate/gate.c **** void AllowNextSkier(void)
  56:.\lib_Gate/gate.c **** {
 203              		.loc 1 56 0
 204              		.cfi_startproc
 205 0000 80B5     		push	{r7, lr}
 206              		.cfi_def_cfa_offset 8
 207              		.cfi_offset 7, -8
 208              		.cfi_offset 14, -4
 209 0002 00AF     		add	r7, sp, #0
 210              		.cfi_def_cfa_register 7
  57:.\lib_Gate/gate.c ****     GATE_INT_Enable();
 211              		.loc 1 57 0
 212 0004 FFF7FEFF 		bl	GATE_INT_Enable
  58:.\lib_Gate/gate.c **** }
 213              		.loc 1 58 0
 214 0008 BD46     		mov	sp, r7
 215              		@ sp needed
 216 000a 80BD     		pop	{r7, pc}
 217              		.cfi_endproc
 218              	.LFE32:
 219              		.size	AllowNextSkier, .-AllowNextSkier
 220              		.text
 221              	.Letext0:
 222              		.file 2 "c:\\program files (x86)\\cypress\\psoc creator\\3.3\\psoc creator\\import\\gnu\\arm\\4.9.
 223              		.file 3 "c:\\program files (x86)\\cypress\\psoc creator\\3.3\\psoc creator\\import\\gnu\\arm\\4.9.
 224              		.file 4 "./lib_network\\network.h"
 225              		.file 5 "./lib_Network\\svt.h"
 226              		.section	.debug_info,"",%progbits
 227              	.Ldebug_info0:
ARM GAS  C:\Users\Petro\AppData\Local\Temp\ccTTsDqB.s 			page 6


 228 0000 CA020000 		.4byte	0x2ca
 229 0004 0400     		.2byte	0x4
 230 0006 00000000 		.4byte	.Ldebug_abbrev0
 231 000a 04       		.byte	0x4
 232 000b 01       		.uleb128 0x1
 233 000c 00000000 		.4byte	.LASF51
 234 0010 01       		.byte	0x1
 235 0011 19020000 		.4byte	.LASF52
 236 0015 16010000 		.4byte	.LASF53
 237 0019 00000000 		.4byte	.Ldebug_ranges0+0
 238 001d 00000000 		.4byte	0
 239 0021 00000000 		.4byte	.Ldebug_line0
 240 0025 02       		.uleb128 0x2
 241 0026 01       		.byte	0x1
 242 0027 06       		.byte	0x6
 243 0028 62020000 		.4byte	.LASF0
 244 002c 03       		.uleb128 0x3
 245 002d 8E000000 		.4byte	.LASF3
 246 0031 02       		.byte	0x2
 247 0032 1D       		.byte	0x1d
 248 0033 37000000 		.4byte	0x37
 249 0037 02       		.uleb128 0x2
 250 0038 01       		.byte	0x1
 251 0039 08       		.byte	0x8
 252 003a 76010000 		.4byte	.LASF1
 253 003e 02       		.uleb128 0x2
 254 003f 02       		.byte	0x2
 255 0040 05       		.byte	0x5
 256 0041 BD020000 		.4byte	.LASF2
 257 0045 03       		.uleb128 0x3
 258 0046 C2010000 		.4byte	.LASF4
 259 004a 02       		.byte	0x2
 260 004b 2B       		.byte	0x2b
 261 004c 50000000 		.4byte	0x50
 262 0050 02       		.uleb128 0x2
 263 0051 02       		.byte	0x2
 264 0052 07       		.byte	0x7
 265 0053 A3010000 		.4byte	.LASF5
 266 0057 02       		.uleb128 0x2
 267 0058 04       		.byte	0x4
 268 0059 05       		.byte	0x5
 269 005a CB000000 		.4byte	.LASF6
 270 005e 03       		.uleb128 0x3
 271 005f FB010000 		.4byte	.LASF7
 272 0063 02       		.byte	0x2
 273 0064 41       		.byte	0x41
 274 0065 69000000 		.4byte	0x69
 275 0069 02       		.uleb128 0x2
 276 006a 04       		.byte	0x4
 277 006b 07       		.byte	0x7
 278 006c CD010000 		.4byte	.LASF8
 279 0070 02       		.uleb128 0x2
 280 0071 08       		.byte	0x8
 281 0072 05       		.byte	0x5
 282 0073 87020000 		.4byte	.LASF9
 283 0077 03       		.uleb128 0x3
 284 0078 C7020000 		.4byte	.LASF10
ARM GAS  C:\Users\Petro\AppData\Local\Temp\ccTTsDqB.s 			page 7


 285 007c 02       		.byte	0x2
 286 007d 5B       		.byte	0x5b
 287 007e 82000000 		.4byte	0x82
 288 0082 02       		.uleb128 0x2
 289 0083 08       		.byte	0x8
 290 0084 07       		.byte	0x7
 291 0085 43020000 		.4byte	.LASF11
 292 0089 04       		.uleb128 0x4
 293 008a 04       		.byte	0x4
 294 008b 05       		.byte	0x5
 295 008c 696E7400 		.ascii	"int\000"
 296 0090 02       		.uleb128 0x2
 297 0091 04       		.byte	0x4
 298 0092 07       		.byte	0x7
 299 0093 2B020000 		.4byte	.LASF12
 300 0097 03       		.uleb128 0x3
 301 0098 5A020000 		.4byte	.LASF13
 302 009c 03       		.byte	0x3
 303 009d 15       		.byte	0x15
 304 009e 2C000000 		.4byte	0x2c
 305 00a2 03       		.uleb128 0x3
 306 00a3 D2020000 		.4byte	.LASF14
 307 00a7 03       		.byte	0x3
 308 00a8 21       		.byte	0x21
 309 00a9 45000000 		.4byte	0x45
 310 00ad 03       		.uleb128 0x3
 311 00ae E5020000 		.4byte	.LASF15
 312 00b2 03       		.byte	0x3
 313 00b3 2D       		.byte	0x2d
 314 00b4 5E000000 		.4byte	0x5e
 315 00b8 03       		.uleb128 0x3
 316 00b9 EA000000 		.4byte	.LASF16
 317 00bd 03       		.byte	0x3
 318 00be 39       		.byte	0x39
 319 00bf 77000000 		.4byte	0x77
 320 00c3 02       		.uleb128 0x2
 321 00c4 04       		.byte	0x4
 322 00c5 04       		.byte	0x4
 323 00c6 0A010000 		.4byte	.LASF17
 324 00ca 02       		.uleb128 0x2
 325 00cb 08       		.byte	0x8
 326 00cc 04       		.byte	0x4
 327 00cd E3000000 		.4byte	.LASF18
 328 00d1 02       		.uleb128 0x2
 329 00d2 01       		.byte	0x1
 330 00d3 08       		.byte	0x8
 331 00d4 9D020000 		.4byte	.LASF19
 332 00d8 02       		.uleb128 0x2
 333 00d9 04       		.byte	0x4
 334 00da 07       		.byte	0x7
 335 00db 77020000 		.4byte	.LASF20
 336 00df 05       		.uleb128 0x5
 337 00e0 18       		.byte	0x18
 338 00e1 04       		.byte	0x4
 339 00e2 36       		.byte	0x36
 340 00e3 3C010000 		.4byte	0x13c
 341 00e7 06       		.uleb128 0x6
ARM GAS  C:\Users\Petro\AppData\Local\Temp\ccTTsDqB.s 			page 8


 342 00e8 98000000 		.4byte	.LASF21
 343 00ec 04       		.byte	0x4
 344 00ed 38       		.byte	0x38
 345 00ee 97000000 		.4byte	0x97
 346 00f2 00       		.byte	0
 347 00f3 06       		.uleb128 0x6
 348 00f4 9D010000 		.4byte	.LASF22
 349 00f8 04       		.byte	0x4
 350 00f9 39       		.byte	0x39
 351 00fa 97000000 		.4byte	0x97
 352 00fe 01       		.byte	0x1
 353 00ff 06       		.uleb128 0x6
 354 0100 12020000 		.4byte	.LASF23
 355 0104 04       		.byte	0x4
 356 0105 3A       		.byte	0x3a
 357 0106 97000000 		.4byte	0x97
 358 010a 02       		.byte	0x2
 359 010b 06       		.uleb128 0x6
 360 010c B1020000 		.4byte	.LASF24
 361 0110 04       		.byte	0x4
 362 0111 3B       		.byte	0x3b
 363 0112 97000000 		.4byte	0x97
 364 0116 03       		.byte	0x3
 365 0117 06       		.uleb128 0x6
 366 0118 95020000 		.4byte	.LASF25
 367 011c 04       		.byte	0x4
 368 011d 3C       		.byte	0x3c
 369 011e B8000000 		.4byte	0xb8
 370 0122 08       		.byte	0x8
 371 0123 06       		.uleb128 0x6
 372 0124 DB020000 		.4byte	.LASF26
 373 0128 04       		.byte	0x4
 374 0129 3D       		.byte	0x3d
 375 012a A2000000 		.4byte	0xa2
 376 012e 10       		.byte	0x10
 377 012f 06       		.uleb128 0x6
 378 0130 F9000000 		.4byte	.LASF27
 379 0134 04       		.byte	0x4
 380 0135 3E       		.byte	0x3e
 381 0136 97000000 		.4byte	0x97
 382 013a 12       		.byte	0x12
 383 013b 00       		.byte	0
 384 013c 03       		.uleb128 0x3
 385 013d 38020000 		.4byte	.LASF28
 386 0141 04       		.byte	0x4
 387 0142 3F       		.byte	0x3f
 388 0143 DF000000 		.4byte	0xdf
 389 0147 05       		.uleb128 0x5
 390 0148 18       		.byte	0x18
 391 0149 04       		.byte	0x4
 392 014a 41       		.byte	0x41
 393 014b 8C010000 		.4byte	0x18c
 394 014f 06       		.uleb128 0x6
 395 0150 98000000 		.4byte	.LASF21
 396 0154 04       		.byte	0x4
 397 0155 43       		.byte	0x43
 398 0156 97000000 		.4byte	0x97
ARM GAS  C:\Users\Petro\AppData\Local\Temp\ccTTsDqB.s 			page 9


 399 015a 00       		.byte	0
 400 015b 06       		.uleb128 0x6
 401 015c DF010000 		.4byte	.LASF29
 402 0160 04       		.byte	0x4
 403 0161 44       		.byte	0x44
 404 0162 B8000000 		.4byte	0xb8
 405 0166 08       		.byte	0x8
 406 0167 06       		.uleb128 0x6
 407 0168 02030000 		.4byte	.LASF30
 408 016c 04       		.byte	0x4
 409 016d 45       		.byte	0x45
 410 016e A2000000 		.4byte	0xa2
 411 0172 10       		.byte	0x10
 412 0173 06       		.uleb128 0x6
 413 0174 A1000000 		.4byte	.LASF31
 414 0178 04       		.byte	0x4
 415 0179 46       		.byte	0x46
 416 017a 97000000 		.4byte	0x97
 417 017e 12       		.byte	0x12
 418 017f 06       		.uleb128 0x6
 419 0180 06020000 		.4byte	.LASF32
 420 0184 04       		.byte	0x4
 421 0185 47       		.byte	0x47
 422 0186 97000000 		.4byte	0x97
 423 018a 13       		.byte	0x13
 424 018b 00       		.byte	0
 425 018c 03       		.uleb128 0x3
 426 018d 0E030000 		.4byte	.LASF33
 427 0191 04       		.byte	0x4
 428 0192 48       		.byte	0x48
 429 0193 47010000 		.4byte	0x147
 430 0197 07       		.uleb128 0x7
 431 0198 84010000 		.4byte	.LASF34
 432 019c 01       		.byte	0x1
 433 019d 10       		.byte	0x10
 434 019e 00000000 		.4byte	.LFB28
 435 01a2 48000000 		.4byte	.LFE28-.LFB28
 436 01a6 01       		.uleb128 0x1
 437 01a7 9C       		.byte	0x9c
 438 01a8 07       		.uleb128 0x7
 439 01a9 F9020000 		.4byte	.LASF35
 440 01ad 01       		.byte	0x1
 441 01ae 1D       		.byte	0x1d
 442 01af 00000000 		.4byte	.LFB29
 443 01b3 20000000 		.4byte	.LFE29-.LFB29
 444 01b7 01       		.uleb128 0x1
 445 01b8 9C       		.byte	0x9c
 446 01b9 08       		.uleb128 0x8
 447 01ba B9000000 		.4byte	.LASF54
 448 01be 01       		.byte	0x1
 449 01bf 2D       		.byte	0x2d
 450 01c0 AD000000 		.4byte	0xad
 451 01c4 00000000 		.4byte	.LFB30
 452 01c8 14000000 		.4byte	.LFE30-.LFB30
 453 01cc 01       		.uleb128 0x1
 454 01cd 9C       		.byte	0x9c
 455 01ce 09       		.uleb128 0x9
ARM GAS  C:\Users\Petro\AppData\Local\Temp\ccTTsDqB.s 			page 10


 456 01cf 93010000 		.4byte	.LASF36
 457 01d3 01       		.byte	0x1
 458 01d4 32       		.byte	0x32
 459 01d5 00000000 		.4byte	.LFB31
 460 01d9 14000000 		.4byte	.LFE31-.LFB31
 461 01dd 01       		.uleb128 0x1
 462 01de 9C       		.byte	0x9c
 463 01df 07       		.uleb128 0x7
 464 01e0 AA000000 		.4byte	.LASF37
 465 01e4 01       		.byte	0x1
 466 01e5 37       		.byte	0x37
 467 01e6 00000000 		.4byte	.LFB32
 468 01ea 0C000000 		.4byte	.LFE32-.LFB32
 469 01ee 01       		.uleb128 0x1
 470 01ef 9C       		.byte	0x9c
 471 01f0 0A       		.uleb128 0xa
 472 01f1 ED010000 		.4byte	.LASF38
 473 01f5 04       		.byte	0x4
 474 01f6 4D       		.byte	0x4d
 475 01f7 AD000000 		.4byte	0xad
 476 01fb 05       		.uleb128 0x5
 477 01fc 03       		.byte	0x3
 478 01fd 00000000 		.4byte	networkStatus
 479 0201 0A       		.uleb128 0xa
 480 0202 EE020000 		.4byte	.LASF39
 481 0206 04       		.byte	0x4
 482 0207 4F       		.byte	0x4f
 483 0208 89000000 		.4byte	0x89
 484 020c 05       		.uleb128 0x5
 485 020d 03       		.byte	0x3
 486 020e 04000000 		.4byte	numAttemps
 487 0212 0A       		.uleb128 0xa
 488 0213 A2020000 		.4byte	.LASF40
 489 0217 04       		.byte	0x4
 490 0218 50       		.byte	0x50
 491 0219 89000000 		.4byte	0x89
 492 021d 05       		.uleb128 0x5
 493 021e 03       		.byte	0x3
 494 021f 08000000 		.4byte	noConnect
 495 0223 0A       		.uleb128 0xa
 496 0224 6E020000 		.4byte	.LASF41
 497 0228 01       		.byte	0x1
 498 0229 0E       		.byte	0xe
 499 022a 97000000 		.4byte	0x97
 500 022e 05       		.uleb128 0x5
 501 022f 03       		.byte	0x3
 502 0230 0C000000 		.4byte	gateOpen
 503 0234 0B       		.uleb128 0xb
 504 0235 B6010000 		.4byte	.LASF42
 505 0239 05       		.byte	0x5
 506 023a 4C       		.byte	0x4c
 507 023b 97000000 		.4byte	0x97
 508 023f 05       		.uleb128 0x5
 509 0240 03       		.byte	0x3
 510 0241 00000000 		.4byte	PROTO_STATE
 511 0245 0B       		.uleb128 0xb
 512 0246 04010000 		.4byte	.LASF43
ARM GAS  C:\Users\Petro\AppData\Local\Temp\ccTTsDqB.s 			page 11


 513 024a 05       		.byte	0x5
 514 024b 4C       		.byte	0x4c
 515 024c 97000000 		.4byte	0x97
 516 0250 05       		.uleb128 0x5
 517 0251 03       		.byte	0x3
 518 0252 00000000 		.4byte	LenD1
 519 0256 0B       		.uleb128 0xb
 520 0257 F3000000 		.4byte	.LASF44
 521 025b 05       		.byte	0x5
 522 025c 4C       		.byte	0x4c
 523 025d 97000000 		.4byte	0x97
 524 0261 05       		.uleb128 0x5
 525 0262 03       		.byte	0x3
 526 0263 00000000 		.4byte	LenD2
 527 0267 0B       		.uleb128 0xb
 528 0268 10010000 		.4byte	.LASF45
 529 026c 05       		.byte	0x5
 530 026d 4C       		.byte	0x4c
 531 026e 97000000 		.4byte	0x97
 532 0272 05       		.uleb128 0x5
 533 0273 03       		.byte	0x3
 534 0274 00000000 		.4byte	LenD3
 535 0278 0B       		.uleb128 0xb
 536 0279 C4000000 		.4byte	.LASF46
 537 027d 05       		.byte	0x5
 538 027e 4C       		.byte	0x4c
 539 027f 97000000 		.4byte	0x97
 540 0283 05       		.uleb128 0x5
 541 0284 03       		.byte	0x3
 542 0285 00000000 		.4byte	LenSeq
 543 0289 0B       		.uleb128 0xb
 544 028a 80020000 		.4byte	.LASF47
 545 028e 05       		.byte	0x5
 546 028f 4C       		.byte	0x4c
 547 0290 97000000 		.4byte	0x97
 548 0294 05       		.uleb128 0x5
 549 0295 03       		.byte	0x3
 550 0296 00000000 		.4byte	LenChS
 551 029a 0B       		.uleb128 0xb
 552 029b AC020000 		.4byte	.LASF48
 553 029f 05       		.byte	0x5
 554 02a0 4C       		.byte	0x4c
 555 02a1 97000000 		.4byte	0x97
 556 02a5 05       		.uleb128 0x5
 557 02a6 03       		.byte	0x3
 558 02a7 00000000 		.4byte	LenC
 559 02ab 0B       		.uleb128 0xb
 560 02ac D4000000 		.4byte	.LASF49
 561 02b0 04       		.byte	0x4
 562 02b1 4A       		.byte	0x4a
 563 02b2 3C010000 		.4byte	0x13c
 564 02b6 05       		.uleb128 0x5
 565 02b7 03       		.byte	0x3
 566 02b8 00000000 		.4byte	inData
 567 02bc 0B       		.uleb128 0xb
 568 02bd DB000000 		.4byte	.LASF50
 569 02c1 04       		.byte	0x4
ARM GAS  C:\Users\Petro\AppData\Local\Temp\ccTTsDqB.s 			page 12


 570 02c2 4B       		.byte	0x4b
 571 02c3 8C010000 		.4byte	0x18c
 572 02c7 05       		.uleb128 0x5
 573 02c8 03       		.byte	0x3
 574 02c9 00000000 		.4byte	outData
 575 02cd 00       		.byte	0
 576              		.section	.debug_abbrev,"",%progbits
 577              	.Ldebug_abbrev0:
 578 0000 01       		.uleb128 0x1
 579 0001 11       		.uleb128 0x11
 580 0002 01       		.byte	0x1
 581 0003 25       		.uleb128 0x25
 582 0004 0E       		.uleb128 0xe
 583 0005 13       		.uleb128 0x13
 584 0006 0B       		.uleb128 0xb
 585 0007 03       		.uleb128 0x3
 586 0008 0E       		.uleb128 0xe
 587 0009 1B       		.uleb128 0x1b
 588 000a 0E       		.uleb128 0xe
 589 000b 55       		.uleb128 0x55
 590 000c 17       		.uleb128 0x17
 591 000d 11       		.uleb128 0x11
 592 000e 01       		.uleb128 0x1
 593 000f 10       		.uleb128 0x10
 594 0010 17       		.uleb128 0x17
 595 0011 00       		.byte	0
 596 0012 00       		.byte	0
 597 0013 02       		.uleb128 0x2
 598 0014 24       		.uleb128 0x24
 599 0015 00       		.byte	0
 600 0016 0B       		.uleb128 0xb
 601 0017 0B       		.uleb128 0xb
 602 0018 3E       		.uleb128 0x3e
 603 0019 0B       		.uleb128 0xb
 604 001a 03       		.uleb128 0x3
 605 001b 0E       		.uleb128 0xe
 606 001c 00       		.byte	0
 607 001d 00       		.byte	0
 608 001e 03       		.uleb128 0x3
 609 001f 16       		.uleb128 0x16
 610 0020 00       		.byte	0
 611 0021 03       		.uleb128 0x3
 612 0022 0E       		.uleb128 0xe
 613 0023 3A       		.uleb128 0x3a
 614 0024 0B       		.uleb128 0xb
 615 0025 3B       		.uleb128 0x3b
 616 0026 0B       		.uleb128 0xb
 617 0027 49       		.uleb128 0x49
 618 0028 13       		.uleb128 0x13
 619 0029 00       		.byte	0
 620 002a 00       		.byte	0
 621 002b 04       		.uleb128 0x4
 622 002c 24       		.uleb128 0x24
 623 002d 00       		.byte	0
 624 002e 0B       		.uleb128 0xb
 625 002f 0B       		.uleb128 0xb
 626 0030 3E       		.uleb128 0x3e
ARM GAS  C:\Users\Petro\AppData\Local\Temp\ccTTsDqB.s 			page 13


 627 0031 0B       		.uleb128 0xb
 628 0032 03       		.uleb128 0x3
 629 0033 08       		.uleb128 0x8
 630 0034 00       		.byte	0
 631 0035 00       		.byte	0
 632 0036 05       		.uleb128 0x5
 633 0037 13       		.uleb128 0x13
 634 0038 01       		.byte	0x1
 635 0039 0B       		.uleb128 0xb
 636 003a 0B       		.uleb128 0xb
 637 003b 3A       		.uleb128 0x3a
 638 003c 0B       		.uleb128 0xb
 639 003d 3B       		.uleb128 0x3b
 640 003e 0B       		.uleb128 0xb
 641 003f 01       		.uleb128 0x1
 642 0040 13       		.uleb128 0x13
 643 0041 00       		.byte	0
 644 0042 00       		.byte	0
 645 0043 06       		.uleb128 0x6
 646 0044 0D       		.uleb128 0xd
 647 0045 00       		.byte	0
 648 0046 03       		.uleb128 0x3
 649 0047 0E       		.uleb128 0xe
 650 0048 3A       		.uleb128 0x3a
 651 0049 0B       		.uleb128 0xb
 652 004a 3B       		.uleb128 0x3b
 653 004b 0B       		.uleb128 0xb
 654 004c 49       		.uleb128 0x49
 655 004d 13       		.uleb128 0x13
 656 004e 38       		.uleb128 0x38
 657 004f 0B       		.uleb128 0xb
 658 0050 00       		.byte	0
 659 0051 00       		.byte	0
 660 0052 07       		.uleb128 0x7
 661 0053 2E       		.uleb128 0x2e
 662 0054 00       		.byte	0
 663 0055 3F       		.uleb128 0x3f
 664 0056 19       		.uleb128 0x19
 665 0057 03       		.uleb128 0x3
 666 0058 0E       		.uleb128 0xe
 667 0059 3A       		.uleb128 0x3a
 668 005a 0B       		.uleb128 0xb
 669 005b 3B       		.uleb128 0x3b
 670 005c 0B       		.uleb128 0xb
 671 005d 27       		.uleb128 0x27
 672 005e 19       		.uleb128 0x19
 673 005f 11       		.uleb128 0x11
 674 0060 01       		.uleb128 0x1
 675 0061 12       		.uleb128 0x12
 676 0062 06       		.uleb128 0x6
 677 0063 40       		.uleb128 0x40
 678 0064 18       		.uleb128 0x18
 679 0065 9642     		.uleb128 0x2116
 680 0067 19       		.uleb128 0x19
 681 0068 00       		.byte	0
 682 0069 00       		.byte	0
 683 006a 08       		.uleb128 0x8
ARM GAS  C:\Users\Petro\AppData\Local\Temp\ccTTsDqB.s 			page 14


 684 006b 2E       		.uleb128 0x2e
 685 006c 00       		.byte	0
 686 006d 3F       		.uleb128 0x3f
 687 006e 19       		.uleb128 0x19
 688 006f 03       		.uleb128 0x3
 689 0070 0E       		.uleb128 0xe
 690 0071 3A       		.uleb128 0x3a
 691 0072 0B       		.uleb128 0xb
 692 0073 3B       		.uleb128 0x3b
 693 0074 0B       		.uleb128 0xb
 694 0075 27       		.uleb128 0x27
 695 0076 19       		.uleb128 0x19
 696 0077 49       		.uleb128 0x49
 697 0078 13       		.uleb128 0x13
 698 0079 11       		.uleb128 0x11
 699 007a 01       		.uleb128 0x1
 700 007b 12       		.uleb128 0x12
 701 007c 06       		.uleb128 0x6
 702 007d 40       		.uleb128 0x40
 703 007e 18       		.uleb128 0x18
 704 007f 9742     		.uleb128 0x2117
 705 0081 19       		.uleb128 0x19
 706 0082 00       		.byte	0
 707 0083 00       		.byte	0
 708 0084 09       		.uleb128 0x9
 709 0085 2E       		.uleb128 0x2e
 710 0086 00       		.byte	0
 711 0087 3F       		.uleb128 0x3f
 712 0088 19       		.uleb128 0x19
 713 0089 03       		.uleb128 0x3
 714 008a 0E       		.uleb128 0xe
 715 008b 3A       		.uleb128 0x3a
 716 008c 0B       		.uleb128 0xb
 717 008d 3B       		.uleb128 0x3b
 718 008e 0B       		.uleb128 0xb
 719 008f 27       		.uleb128 0x27
 720 0090 19       		.uleb128 0x19
 721 0091 11       		.uleb128 0x11
 722 0092 01       		.uleb128 0x1
 723 0093 12       		.uleb128 0x12
 724 0094 06       		.uleb128 0x6
 725 0095 40       		.uleb128 0x40
 726 0096 18       		.uleb128 0x18
 727 0097 9742     		.uleb128 0x2117
 728 0099 19       		.uleb128 0x19
 729 009a 00       		.byte	0
 730 009b 00       		.byte	0
 731 009c 0A       		.uleb128 0xa
 732 009d 34       		.uleb128 0x34
 733 009e 00       		.byte	0
 734 009f 03       		.uleb128 0x3
 735 00a0 0E       		.uleb128 0xe
 736 00a1 3A       		.uleb128 0x3a
 737 00a2 0B       		.uleb128 0xb
 738 00a3 3B       		.uleb128 0x3b
 739 00a4 0B       		.uleb128 0xb
 740 00a5 49       		.uleb128 0x49
ARM GAS  C:\Users\Petro\AppData\Local\Temp\ccTTsDqB.s 			page 15


 741 00a6 13       		.uleb128 0x13
 742 00a7 02       		.uleb128 0x2
 743 00a8 18       		.uleb128 0x18
 744 00a9 00       		.byte	0
 745 00aa 00       		.byte	0
 746 00ab 0B       		.uleb128 0xb
 747 00ac 34       		.uleb128 0x34
 748 00ad 00       		.byte	0
 749 00ae 03       		.uleb128 0x3
 750 00af 0E       		.uleb128 0xe
 751 00b0 3A       		.uleb128 0x3a
 752 00b1 0B       		.uleb128 0xb
 753 00b2 3B       		.uleb128 0x3b
 754 00b3 0B       		.uleb128 0xb
 755 00b4 49       		.uleb128 0x49
 756 00b5 13       		.uleb128 0x13
 757 00b6 3F       		.uleb128 0x3f
 758 00b7 19       		.uleb128 0x19
 759 00b8 02       		.uleb128 0x2
 760 00b9 18       		.uleb128 0x18
 761 00ba 00       		.byte	0
 762 00bb 00       		.byte	0
 763 00bc 00       		.byte	0
 764              		.section	.debug_aranges,"",%progbits
 765 0000 3C000000 		.4byte	0x3c
 766 0004 0200     		.2byte	0x2
 767 0006 00000000 		.4byte	.Ldebug_info0
 768 000a 04       		.byte	0x4
 769 000b 00       		.byte	0
 770 000c 0000     		.2byte	0
 771 000e 0000     		.2byte	0
 772 0010 00000000 		.4byte	.LFB28
 773 0014 48000000 		.4byte	.LFE28-.LFB28
 774 0018 00000000 		.4byte	.LFB29
 775 001c 20000000 		.4byte	.LFE29-.LFB29
 776 0020 00000000 		.4byte	.LFB30
 777 0024 14000000 		.4byte	.LFE30-.LFB30
 778 0028 00000000 		.4byte	.LFB31
 779 002c 14000000 		.4byte	.LFE31-.LFB31
 780 0030 00000000 		.4byte	.LFB32
 781 0034 0C000000 		.4byte	.LFE32-.LFB32
 782 0038 00000000 		.4byte	0
 783 003c 00000000 		.4byte	0
 784              		.section	.debug_ranges,"",%progbits
 785              	.Ldebug_ranges0:
 786 0000 00000000 		.4byte	.LFB28
 787 0004 48000000 		.4byte	.LFE28
 788 0008 00000000 		.4byte	.LFB29
 789 000c 20000000 		.4byte	.LFE29
 790 0010 00000000 		.4byte	.LFB30
 791 0014 14000000 		.4byte	.LFE30
 792 0018 00000000 		.4byte	.LFB31
 793 001c 14000000 		.4byte	.LFE31
 794 0020 00000000 		.4byte	.LFB32
 795 0024 0C000000 		.4byte	.LFE32
 796 0028 00000000 		.4byte	0
 797 002c 00000000 		.4byte	0
ARM GAS  C:\Users\Petro\AppData\Local\Temp\ccTTsDqB.s 			page 16


 798              		.section	.debug_line,"",%progbits
 799              	.Ldebug_line0:
 800 0000 AB010000 		.section	.debug_str,"MS",%progbits,1
 800      02004401 
 800      00000201 
 800      FB0E0D00 
 800      01010101 
 801              	.LASF51:
 802 0000 474E5520 		.ascii	"GNU C 4.9.3 20150303 (release) [ARM/embedded-4_9-br"
 802      4320342E 
 802      392E3320 
 802      32303135 
 802      30333033 
 803 0033 616E6368 		.ascii	"anch revision 221220] -mcpu=cortex-m0 -mthumb -g -O"
 803      20726576 
 803      6973696F 
 803      6E203232 
 803      31323230 
 804 0066 30202D66 		.ascii	"0 -ffunction-sections -ffat-lto-objects\000"
 804      66756E63 
 804      74696F6E 
 804      2D736563 
 804      74696F6E 
 805              	.LASF3:
 806 008e 5F5F7569 		.ascii	"__uint8_t\000"
 806      6E74385F 
 806      7400
 807              	.LASF21:
 808 0098 49447061 		.ascii	"IDpacket\000"
 808      636B6574 
 808      00
 809              	.LASF31:
 810 00a1 6E657753 		.ascii	"newSkier\000"
 810      6B696572 
 810      00
 811              	.LASF37:
 812 00aa 416C6C6F 		.ascii	"AllowNextSkier\000"
 812      774E6578 
 812      74536B69 
 812      657200
 813              	.LASF54:
 814 00b9 47617465 		.ascii	"GateIsOpen\000"
 814      49734F70 
 814      656E00
 815              	.LASF46:
 816 00c4 4C656E53 		.ascii	"LenSeq\000"
 816      657100
 817              	.LASF6:
 818 00cb 6C6F6E67 		.ascii	"long int\000"
 818      20696E74 
 818      00
 819              	.LASF49:
 820 00d4 696E4461 		.ascii	"inData\000"
 820      746100
 821              	.LASF50:
 822 00db 6F757444 		.ascii	"outData\000"
 822      61746100 
ARM GAS  C:\Users\Petro\AppData\Local\Temp\ccTTsDqB.s 			page 17


 823              	.LASF18:
 824 00e3 646F7562 		.ascii	"double\000"
 824      6C6500
 825              	.LASF16:
 826 00ea 75696E74 		.ascii	"uint64_t\000"
 826      36345F74 
 826      00
 827              	.LASF44:
 828 00f3 4C656E44 		.ascii	"LenD2\000"
 828      3200
 829              	.LASF27:
 830 00f9 72656164 		.ascii	"readStatus\000"
 830      53746174 
 830      757300
 831              	.LASF43:
 832 0104 4C656E44 		.ascii	"LenD1\000"
 832      3100
 833              	.LASF17:
 834 010a 666C6F61 		.ascii	"float\000"
 834      7400
 835              	.LASF45:
 836 0110 4C656E44 		.ascii	"LenD3\000"
 836      3300
 837              	.LASF53:
 838 0116 443A5C43 		.ascii	"D:\\Cypress\\system-start-finish\\vesion 2\\fw\\sta"
 838      79707265 
 838      73735C73 
 838      79737465 
 838      6D2D7374 
 839 0144 72745C73 		.ascii	"rt\\sandbox\\v3\\Start(state machine)\\start_v0.cyd"
 839      616E6462 
 839      6F785C76 
 839      335C5374 
 839      61727428 
 840 0173 736E00   		.ascii	"sn\000"
 841              	.LASF1:
 842 0176 756E7369 		.ascii	"unsigned char\000"
 842      676E6564 
 842      20636861 
 842      7200
 843              	.LASF34:
 844 0184 47415445 		.ascii	"GATE_INTERRUPT\000"
 844      5F494E54 
 844      45525255 
 844      505400
 845              	.LASF36:
 846 0193 47617465 		.ascii	"GateClose\000"
 846      436C6F73 
 846      6500
 847              	.LASF22:
 848 019d 72656164 		.ascii	"ready\000"
 848      7900
 849              	.LASF5:
 850 01a3 73686F72 		.ascii	"short unsigned int\000"
 850      7420756E 
 850      7369676E 
 850      65642069 
ARM GAS  C:\Users\Petro\AppData\Local\Temp\ccTTsDqB.s 			page 18


 850      6E7400
 851              	.LASF42:
 852 01b6 50524F54 		.ascii	"PROTO_STATE\000"
 852      4F5F5354 
 852      41544500 
 853              	.LASF4:
 854 01c2 5F5F7569 		.ascii	"__uint16_t\000"
 854      6E743136 
 854      5F7400
 855              	.LASF8:
 856 01cd 6C6F6E67 		.ascii	"long unsigned int\000"
 856      20756E73 
 856      69676E65 
 856      6420696E 
 856      7400
 857              	.LASF29:
 858 01df 756E6978 		.ascii	"unixStartTime\000"
 858      53746172 
 858      7454696D 
 858      6500
 859              	.LASF38:
 860 01ed 6E657477 		.ascii	"networkStatus\000"
 860      6F726B53 
 860      74617475 
 860      7300
 861              	.LASF7:
 862 01fb 5F5F7569 		.ascii	"__uint32_t\000"
 862      6E743332 
 862      5F7400
 863              	.LASF32:
 864 0206 77726974 		.ascii	"writeStatus\000"
 864      65537461 
 864      74757300 
 865              	.LASF23:
 866 0212 7265626F 		.ascii	"reboot\000"
 866      6F7400
 867              	.LASF52:
 868 0219 2E5C6C69 		.ascii	".\\lib_Gate\\gate.c\000"
 868      625F4761 
 868      74655C67 
 868      6174652E 
 868      6300
 869              	.LASF12:
 870 022b 756E7369 		.ascii	"unsigned int\000"
 870      676E6564 
 870      20696E74 
 870      00
 871              	.LASF28:
 872 0238 46696E69 		.ascii	"FinishData\000"
 872      73684461 
 872      746100
 873              	.LASF11:
 874 0243 6C6F6E67 		.ascii	"long long unsigned int\000"
 874      206C6F6E 
 874      6720756E 
 874      7369676E 
 874      65642069 
ARM GAS  C:\Users\Petro\AppData\Local\Temp\ccTTsDqB.s 			page 19


 875              	.LASF13:
 876 025a 75696E74 		.ascii	"uint8_t\000"
 876      385F7400 
 877              	.LASF0:
 878 0262 7369676E 		.ascii	"signed char\000"
 878      65642063 
 878      68617200 
 879              	.LASF41:
 880 026e 67617465 		.ascii	"gateOpen\000"
 880      4F70656E 
 880      00
 881              	.LASF20:
 882 0277 73697A65 		.ascii	"sizetype\000"
 882      74797065 
 882      00
 883              	.LASF47:
 884 0280 4C656E43 		.ascii	"LenChS\000"
 884      685300
 885              	.LASF9:
 886 0287 6C6F6E67 		.ascii	"long long int\000"
 886      206C6F6E 
 886      6720696E 
 886      7400
 887              	.LASF25:
 888 0295 746D7054 		.ascii	"tmpTime\000"
 888      696D6500 
 889              	.LASF19:
 890 029d 63686172 		.ascii	"char\000"
 890      00
 891              	.LASF40:
 892 02a2 6E6F436F 		.ascii	"noConnect\000"
 892      6E6E6563 
 892      7400
 893              	.LASF48:
 894 02ac 4C656E43 		.ascii	"LenC\000"
 894      00
 895              	.LASF24:
 896 02b1 636F756E 		.ascii	"countSkiers\000"
 896      74536B69 
 896      65727300 
 897              	.LASF2:
 898 02bd 73686F72 		.ascii	"short int\000"
 898      7420696E 
 898      7400
 899              	.LASF10:
 900 02c7 5F5F7569 		.ascii	"__uint64_t\000"
 900      6E743634 
 900      5F7400
 901              	.LASF14:
 902 02d2 75696E74 		.ascii	"uint16_t\000"
 902      31365F74 
 902      00
 903              	.LASF26:
 904 02db 746D704D 		.ascii	"tmpMsTime\000"
 904      7354696D 
 904      6500
 905              	.LASF15:
ARM GAS  C:\Users\Petro\AppData\Local\Temp\ccTTsDqB.s 			page 20


 906 02e5 75696E74 		.ascii	"uint32_t\000"
 906      33325F74 
 906      00
 907              	.LASF39:
 908 02ee 6E756D41 		.ascii	"numAttemps\000"
 908      7474656D 
 908      707300
 909              	.LASF35:
 910 02f9 47617465 		.ascii	"GateInit\000"
 910      496E6974 
 910      00
 911              	.LASF30:
 912 0302 73746172 		.ascii	"startMsTime\000"
 912      744D7354 
 912      696D6500 
 913              	.LASF33:
 914 030e 53746172 		.ascii	"StartData\000"
 914      74446174 
 914      6100
 915              		.ident	"GCC: (GNU Tools for ARM Embedded Processors) 4.9.3 20150303 (release) [ARM/embedded-4_9-br
