ARM GAS  C:\Users\Petro\AppData\Local\Temp\ccIP3VIB.s 			page 1


   1              		.cpu cortex-m0
   2              		.fpu softvfp
   3              		.eabi_attribute 20, 1
   4              		.eabi_attribute 21, 1
   5              		.eabi_attribute 23, 3
   6              		.eabi_attribute 24, 1
   7              		.eabi_attribute 25, 1
   8              		.eabi_attribute 26, 1
   9              		.eabi_attribute 30, 6
  10              		.eabi_attribute 34, 0
  11              		.eabi_attribute 18, 4
  12              		.code	16
  13              		.file	"main.c"
  14              		.text
  15              	.Ltext0:
  16              		.cfi_sections	.debug_frame
  17              		.comm	PROTO_STATE,1,1
  18              		.comm	LenD1,1,1
  19              		.comm	LenD2,1,1
  20              		.comm	LenD3,1,1
  21              		.comm	LenSeq,1,1
  22              		.comm	LenChS,1,1
  23              		.comm	LenC,1,1
  24              		.comm	inData,24,8
  25              		.comm	outData,24,8
  26              		.section	.text.main,"ax",%progbits
  27              		.align	2
  28              		.global	main
  29              		.code	16
  30              		.thumb_func
  31              		.type	main, %function
  32              	main:
  33              	.LFB37:
  34              		.file 1 ".\\main.c"
   1:.\main.c      **** /* ========================================
   2:.\main.c      ****  *
   3:.\main.c      ****  * Copyright YOUR COMPANY, THE YEAR
   4:.\main.c      ****  * All Rights Reserved
   5:.\main.c      ****  * UNPUBLISHED, LICENSED SOFTWARE.
   6:.\main.c      ****  *
   7:.\main.c      ****  * CONFIDENTIAL AND PROPRIETARY INFORMATION
   8:.\main.c      ****  * WHICH IS THE PROPERTY OF your company.
   9:.\main.c      ****  *
  10:.\main.c      ****  * ========================================
  11:.\main.c      **** */
  12:.\main.c      **** #include <project.h>
  13:.\main.c      **** #include "lib_Network\network.h"
  14:.\main.c      **** 
  15:.\main.c      **** int main()
  16:.\main.c      **** {
  35              		.loc 1 16 0
  36              		.cfi_startproc
  37 0000 80B5     		push	{r7, lr}
  38              		.cfi_def_cfa_offset 8
  39              		.cfi_offset 7, -8
  40              		.cfi_offset 14, -4
  41 0002 00AF     		add	r7, sp, #0
ARM GAS  C:\Users\Petro\AppData\Local\Temp\ccIP3VIB.s 			page 2


  42              		.cfi_def_cfa_register 7
  17:.\main.c      ****     CyGlobalIntEnable; /* Enable global interrupts. */
  43              		.loc 1 17 0
  44              	@ 17 ".\main.c" 1
  45 0004 62B6     		CPSIE   i
  46              	@ 0 "" 2
  18:.\main.c      **** 
  19:.\main.c      ****     InitNetwork();
  47              		.loc 1 19 0
  48              		.code	16
  49 0006 FFF7FEFF 		bl	InitNetwork
  50              	.L2:
  20:.\main.c      ****     for(;;)
  21:.\main.c      ****     {
  22:.\main.c      ****         AppDelay(1500);
  51              		.loc 1 22 0 discriminator 1
  52 000a 024B     		ldr	r3, .L3
  53 000c 181C     		mov	r0, r3
  54 000e FFF7FEFF 		bl	AppDelay
  23:.\main.c      ****         
  24:.\main.c      ****     }
  55              		.loc 1 24 0 discriminator 1
  56 0012 FAE7     		b	.L2
  57              	.L4:
  58              		.align	2
  59              	.L3:
  60 0014 DC050000 		.word	1500
  61              		.cfi_endproc
  62              	.LFE37:
  63              		.size	main, .-main
  64              		.text
  65              	.Letext0:
  66              		.file 2 "c:\\program files (x86)\\cypress\\psoc creator\\3.3\\psoc creator\\import\\gnu\\arm\\4.9.
  67              		.file 3 "c:\\program files (x86)\\cypress\\psoc creator\\3.3\\psoc creator\\import\\gnu\\arm\\4.9.
  68              		.file 4 ".\\lib_Network\\network.h"
  69              		.file 5 "./lib_Network\\svt.h"
  70              		.section	.debug_info,"",%progbits
  71              	.Ldebug_info0:
  72 0000 2C020000 		.4byte	0x22c
  73 0004 0400     		.2byte	0x4
  74 0006 00000000 		.4byte	.Ldebug_abbrev0
  75 000a 04       		.byte	0x4
  76 000b 01       		.uleb128 0x1
  77 000c 2A010000 		.4byte	.LASF41
  78 0010 01       		.byte	0x1
  79 0011 F3000000 		.4byte	.LASF42
  80 0015 00000000 		.4byte	.LASF43
  81 0019 00000000 		.4byte	.Ldebug_ranges0+0
  82 001d 00000000 		.4byte	0
  83 0021 00000000 		.4byte	.Ldebug_line0
  84 0025 02       		.uleb128 0x2
  85 0026 01       		.byte	0x1
  86 0027 06       		.byte	0x6
  87 0028 B2000000 		.4byte	.LASF0
  88 002c 03       		.uleb128 0x3
  89 002d 56000000 		.4byte	.LASF3
  90 0031 02       		.byte	0x2
ARM GAS  C:\Users\Petro\AppData\Local\Temp\ccIP3VIB.s 			page 3


  91 0032 1D       		.byte	0x1d
  92 0033 37000000 		.4byte	0x37
  93 0037 02       		.uleb128 0x2
  94 0038 01       		.byte	0x1
  95 0039 08       		.byte	0x8
  96 003a BE000000 		.4byte	.LASF1
  97 003e 02       		.uleb128 0x2
  98 003f 02       		.byte	0x2
  99 0040 05       		.byte	0x5
 100 0041 42020000 		.4byte	.LASF2
 101 0045 03       		.uleb128 0x3
 102 0046 08010000 		.4byte	.LASF4
 103 004a 02       		.byte	0x2
 104 004b 2B       		.byte	0x2b
 105 004c 50000000 		.4byte	0x50
 106 0050 02       		.uleb128 0x2
 107 0051 02       		.byte	0x2
 108 0052 07       		.byte	0x7
 109 0053 E0000000 		.4byte	.LASF5
 110 0057 02       		.uleb128 0x2
 111 0058 04       		.byte	0x4
 112 0059 05       		.byte	0x5
 113 005a 6A020000 		.4byte	.LASF6
 114 005e 02       		.uleb128 0x2
 115 005f 04       		.byte	0x4
 116 0060 07       		.byte	0x7
 117 0061 13010000 		.4byte	.LASF7
 118 0065 02       		.uleb128 0x2
 119 0066 08       		.byte	0x8
 120 0067 05       		.byte	0x5
 121 0068 16020000 		.4byte	.LASF8
 122 006c 03       		.uleb128 0x3
 123 006d 4C020000 		.4byte	.LASF9
 124 0071 02       		.byte	0x2
 125 0072 5B       		.byte	0x5b
 126 0073 77000000 		.4byte	0x77
 127 0077 02       		.uleb128 0x2
 128 0078 08       		.byte	0x8
 129 0079 07       		.byte	0x7
 130 007a D7010000 		.4byte	.LASF10
 131 007e 04       		.uleb128 0x4
 132 007f 04       		.byte	0x4
 133 0080 05       		.byte	0x5
 134 0081 696E7400 		.ascii	"int\000"
 135 0085 02       		.uleb128 0x2
 136 0086 04       		.byte	0x4
 137 0087 07       		.byte	0x7
 138 0088 BF010000 		.4byte	.LASF11
 139 008c 03       		.uleb128 0x3
 140 008d EE010000 		.4byte	.LASF12
 141 0091 03       		.byte	0x3
 142 0092 15       		.byte	0x15
 143 0093 2C000000 		.4byte	0x2c
 144 0097 03       		.uleb128 0x3
 145 0098 57020000 		.4byte	.LASF13
 146 009c 03       		.byte	0x3
 147 009d 21       		.byte	0x21
ARM GAS  C:\Users\Petro\AppData\Local\Temp\ccIP3VIB.s 			page 4


 148 009e 45000000 		.4byte	0x45
 149 00a2 03       		.uleb128 0x3
 150 00a3 86000000 		.4byte	.LASF14
 151 00a7 03       		.byte	0x3
 152 00a8 39       		.byte	0x39
 153 00a9 6C000000 		.4byte	0x6c
 154 00ad 02       		.uleb128 0x2
 155 00ae 04       		.byte	0x4
 156 00af 04       		.byte	0x4
 157 00b0 A6000000 		.4byte	.LASF15
 158 00b4 02       		.uleb128 0x2
 159 00b5 08       		.byte	0x8
 160 00b6 04       		.byte	0x4
 161 00b7 7F000000 		.4byte	.LASF16
 162 00bb 02       		.uleb128 0x2
 163 00bc 01       		.byte	0x1
 164 00bd 08       		.byte	0x8
 165 00be 2C020000 		.4byte	.LASF17
 166 00c2 02       		.uleb128 0x2
 167 00c3 04       		.byte	0x4
 168 00c4 07       		.byte	0x7
 169 00c5 0D020000 		.4byte	.LASF18
 170 00c9 05       		.uleb128 0x5
 171 00ca 18       		.byte	0x18
 172 00cb 04       		.byte	0x4
 173 00cc 2C       		.byte	0x2c
 174 00cd 26010000 		.4byte	0x126
 175 00d1 06       		.uleb128 0x6
 176 00d2 60000000 		.4byte	.LASF19
 177 00d6 04       		.byte	0x4
 178 00d7 2E       		.byte	0x2e
 179 00d8 8C000000 		.4byte	0x8c
 180 00dc 00       		.byte	0
 181 00dd 06       		.uleb128 0x6
 182 00de DA000000 		.4byte	.LASF20
 183 00e2 04       		.byte	0x4
 184 00e3 2F       		.byte	0x2f
 185 00e4 8C000000 		.4byte	0x8c
 186 00e8 01       		.byte	0x1
 187 00e9 06       		.uleb128 0x6
 188 00ea B8010000 		.4byte	.LASF21
 189 00ee 04       		.byte	0x4
 190 00ef 30       		.byte	0x30
 191 00f0 8C000000 		.4byte	0x8c
 192 00f4 02       		.byte	0x2
 193 00f5 06       		.uleb128 0x6
 194 00f6 31020000 		.4byte	.LASF22
 195 00fa 04       		.byte	0x4
 196 00fb 31       		.byte	0x31
 197 00fc 8C000000 		.4byte	0x8c
 198 0100 03       		.byte	0x3
 199 0101 06       		.uleb128 0x6
 200 0102 24020000 		.4byte	.LASF23
 201 0106 04       		.byte	0x4
 202 0107 32       		.byte	0x32
 203 0108 A2000000 		.4byte	0xa2
 204 010c 08       		.byte	0x8
ARM GAS  C:\Users\Petro\AppData\Local\Temp\ccIP3VIB.s 			page 5


 205 010d 06       		.uleb128 0x6
 206 010e 60020000 		.4byte	.LASF24
 207 0112 04       		.byte	0x4
 208 0113 33       		.byte	0x33
 209 0114 97000000 		.4byte	0x97
 210 0118 10       		.byte	0x10
 211 0119 06       		.uleb128 0x6
 212 011a 95000000 		.4byte	.LASF25
 213 011e 04       		.byte	0x4
 214 011f 34       		.byte	0x34
 215 0120 8C000000 		.4byte	0x8c
 216 0124 12       		.byte	0x12
 217 0125 00       		.byte	0
 218 0126 03       		.uleb128 0x3
 219 0127 CC010000 		.4byte	.LASF26
 220 012b 04       		.byte	0x4
 221 012c 35       		.byte	0x35
 222 012d C9000000 		.4byte	0xc9
 223 0131 05       		.uleb128 0x5
 224 0132 18       		.byte	0x18
 225 0133 04       		.byte	0x4
 226 0134 37       		.byte	0x37
 227 0135 76010000 		.4byte	0x176
 228 0139 06       		.uleb128 0x6
 229 013a 60000000 		.4byte	.LASF19
 230 013e 04       		.byte	0x4
 231 013f 39       		.byte	0x39
 232 0140 8C000000 		.4byte	0x8c
 233 0144 00       		.byte	0
 234 0145 06       		.uleb128 0x6
 235 0146 CC000000 		.4byte	.LASF27
 236 014a 04       		.byte	0x4
 237 014b 3A       		.byte	0x3a
 238 014c A2000000 		.4byte	0xa2
 239 0150 08       		.byte	0x8
 240 0151 06       		.uleb128 0x6
 241 0152 7A020000 		.4byte	.LASF28
 242 0156 04       		.byte	0x4
 243 0157 3B       		.byte	0x3b
 244 0158 97000000 		.4byte	0x97
 245 015c 10       		.byte	0x10
 246 015d 06       		.uleb128 0x6
 247 015e 02020000 		.4byte	.LASF29
 248 0162 04       		.byte	0x4
 249 0163 3C       		.byte	0x3c
 250 0164 8C000000 		.4byte	0x8c
 251 0168 12       		.byte	0x12
 252 0169 06       		.uleb128 0x6
 253 016a F6010000 		.4byte	.LASF30
 254 016e 04       		.byte	0x4
 255 016f 3D       		.byte	0x3d
 256 0170 8C000000 		.4byte	0x8c
 257 0174 13       		.byte	0x13
 258 0175 00       		.byte	0
 259 0176 03       		.uleb128 0x3
 260 0177 86020000 		.4byte	.LASF31
 261 017b 04       		.byte	0x4
ARM GAS  C:\Users\Petro\AppData\Local\Temp\ccIP3VIB.s 			page 6


 262 017c 3E       		.byte	0x3e
 263 017d 31010000 		.4byte	0x131
 264 0181 07       		.uleb128 0x7
 265 0182 25010000 		.4byte	.LASF44
 266 0186 01       		.byte	0x1
 267 0187 0F       		.byte	0xf
 268 0188 7E000000 		.4byte	0x7e
 269 018c 00000000 		.4byte	.LFB37
 270 0190 18000000 		.4byte	.LFE37-.LFB37
 271 0194 01       		.uleb128 0x1
 272 0195 9C       		.byte	0x9c
 273 0196 08       		.uleb128 0x8
 274 0197 FC000000 		.4byte	.LASF32
 275 019b 05       		.byte	0x5
 276 019c 49       		.byte	0x49
 277 019d 8C000000 		.4byte	0x8c
 278 01a1 05       		.uleb128 0x5
 279 01a2 03       		.byte	0x3
 280 01a3 00000000 		.4byte	PROTO_STATE
 281 01a7 08       		.uleb128 0x8
 282 01a8 A0000000 		.4byte	.LASF33
 283 01ac 05       		.byte	0x5
 284 01ad 49       		.byte	0x49
 285 01ae 8C000000 		.4byte	0x8c
 286 01b2 05       		.uleb128 0x5
 287 01b3 03       		.byte	0x3
 288 01b4 00000000 		.4byte	LenD1
 289 01b8 08       		.uleb128 0x8
 290 01b9 8F000000 		.4byte	.LASF34
 291 01bd 05       		.byte	0x5
 292 01be 49       		.byte	0x49
 293 01bf 8C000000 		.4byte	0x8c
 294 01c3 05       		.uleb128 0x5
 295 01c4 03       		.byte	0x3
 296 01c5 00000000 		.4byte	LenD2
 297 01c9 08       		.uleb128 0x8
 298 01ca AC000000 		.4byte	.LASF35
 299 01ce 05       		.byte	0x5
 300 01cf 49       		.byte	0x49
 301 01d0 8C000000 		.4byte	0x8c
 302 01d4 05       		.uleb128 0x5
 303 01d5 03       		.byte	0x3
 304 01d6 00000000 		.4byte	LenD3
 305 01da 08       		.uleb128 0x8
 306 01db 69000000 		.4byte	.LASF36
 307 01df 05       		.byte	0x5
 308 01e0 49       		.byte	0x49
 309 01e1 8C000000 		.4byte	0x8c
 310 01e5 05       		.uleb128 0x5
 311 01e6 03       		.byte	0x3
 312 01e7 00000000 		.4byte	LenSeq
 313 01eb 08       		.uleb128 0x8
 314 01ec 73020000 		.4byte	.LASF37
 315 01f0 05       		.byte	0x5
 316 01f1 49       		.byte	0x49
 317 01f2 8C000000 		.4byte	0x8c
 318 01f6 05       		.uleb128 0x5
ARM GAS  C:\Users\Petro\AppData\Local\Temp\ccIP3VIB.s 			page 7


 319 01f7 03       		.byte	0x3
 320 01f8 00000000 		.4byte	LenChS
 321 01fc 08       		.uleb128 0x8
 322 01fd 3D020000 		.4byte	.LASF38
 323 0201 05       		.byte	0x5
 324 0202 49       		.byte	0x49
 325 0203 8C000000 		.4byte	0x8c
 326 0207 05       		.uleb128 0x5
 327 0208 03       		.byte	0x3
 328 0209 00000000 		.4byte	LenC
 329 020d 08       		.uleb128 0x8
 330 020e 70000000 		.4byte	.LASF39
 331 0212 04       		.byte	0x4
 332 0213 40       		.byte	0x40
 333 0214 26010000 		.4byte	0x126
 334 0218 05       		.uleb128 0x5
 335 0219 03       		.byte	0x3
 336 021a 00000000 		.4byte	inData
 337 021e 08       		.uleb128 0x8
 338 021f 77000000 		.4byte	.LASF40
 339 0223 04       		.byte	0x4
 340 0224 41       		.byte	0x41
 341 0225 76010000 		.4byte	0x176
 342 0229 05       		.uleb128 0x5
 343 022a 03       		.byte	0x3
 344 022b 00000000 		.4byte	outData
 345 022f 00       		.byte	0
 346              		.section	.debug_abbrev,"",%progbits
 347              	.Ldebug_abbrev0:
 348 0000 01       		.uleb128 0x1
 349 0001 11       		.uleb128 0x11
 350 0002 01       		.byte	0x1
 351 0003 25       		.uleb128 0x25
 352 0004 0E       		.uleb128 0xe
 353 0005 13       		.uleb128 0x13
 354 0006 0B       		.uleb128 0xb
 355 0007 03       		.uleb128 0x3
 356 0008 0E       		.uleb128 0xe
 357 0009 1B       		.uleb128 0x1b
 358 000a 0E       		.uleb128 0xe
 359 000b 55       		.uleb128 0x55
 360 000c 17       		.uleb128 0x17
 361 000d 11       		.uleb128 0x11
 362 000e 01       		.uleb128 0x1
 363 000f 10       		.uleb128 0x10
 364 0010 17       		.uleb128 0x17
 365 0011 00       		.byte	0
 366 0012 00       		.byte	0
 367 0013 02       		.uleb128 0x2
 368 0014 24       		.uleb128 0x24
 369 0015 00       		.byte	0
 370 0016 0B       		.uleb128 0xb
 371 0017 0B       		.uleb128 0xb
 372 0018 3E       		.uleb128 0x3e
 373 0019 0B       		.uleb128 0xb
 374 001a 03       		.uleb128 0x3
 375 001b 0E       		.uleb128 0xe
ARM GAS  C:\Users\Petro\AppData\Local\Temp\ccIP3VIB.s 			page 8


 376 001c 00       		.byte	0
 377 001d 00       		.byte	0
 378 001e 03       		.uleb128 0x3
 379 001f 16       		.uleb128 0x16
 380 0020 00       		.byte	0
 381 0021 03       		.uleb128 0x3
 382 0022 0E       		.uleb128 0xe
 383 0023 3A       		.uleb128 0x3a
 384 0024 0B       		.uleb128 0xb
 385 0025 3B       		.uleb128 0x3b
 386 0026 0B       		.uleb128 0xb
 387 0027 49       		.uleb128 0x49
 388 0028 13       		.uleb128 0x13
 389 0029 00       		.byte	0
 390 002a 00       		.byte	0
 391 002b 04       		.uleb128 0x4
 392 002c 24       		.uleb128 0x24
 393 002d 00       		.byte	0
 394 002e 0B       		.uleb128 0xb
 395 002f 0B       		.uleb128 0xb
 396 0030 3E       		.uleb128 0x3e
 397 0031 0B       		.uleb128 0xb
 398 0032 03       		.uleb128 0x3
 399 0033 08       		.uleb128 0x8
 400 0034 00       		.byte	0
 401 0035 00       		.byte	0
 402 0036 05       		.uleb128 0x5
 403 0037 13       		.uleb128 0x13
 404 0038 01       		.byte	0x1
 405 0039 0B       		.uleb128 0xb
 406 003a 0B       		.uleb128 0xb
 407 003b 3A       		.uleb128 0x3a
 408 003c 0B       		.uleb128 0xb
 409 003d 3B       		.uleb128 0x3b
 410 003e 0B       		.uleb128 0xb
 411 003f 01       		.uleb128 0x1
 412 0040 13       		.uleb128 0x13
 413 0041 00       		.byte	0
 414 0042 00       		.byte	0
 415 0043 06       		.uleb128 0x6
 416 0044 0D       		.uleb128 0xd
 417 0045 00       		.byte	0
 418 0046 03       		.uleb128 0x3
 419 0047 0E       		.uleb128 0xe
 420 0048 3A       		.uleb128 0x3a
 421 0049 0B       		.uleb128 0xb
 422 004a 3B       		.uleb128 0x3b
 423 004b 0B       		.uleb128 0xb
 424 004c 49       		.uleb128 0x49
 425 004d 13       		.uleb128 0x13
 426 004e 38       		.uleb128 0x38
 427 004f 0B       		.uleb128 0xb
 428 0050 00       		.byte	0
 429 0051 00       		.byte	0
 430 0052 07       		.uleb128 0x7
 431 0053 2E       		.uleb128 0x2e
 432 0054 00       		.byte	0
ARM GAS  C:\Users\Petro\AppData\Local\Temp\ccIP3VIB.s 			page 9


 433 0055 3F       		.uleb128 0x3f
 434 0056 19       		.uleb128 0x19
 435 0057 03       		.uleb128 0x3
 436 0058 0E       		.uleb128 0xe
 437 0059 3A       		.uleb128 0x3a
 438 005a 0B       		.uleb128 0xb
 439 005b 3B       		.uleb128 0x3b
 440 005c 0B       		.uleb128 0xb
 441 005d 49       		.uleb128 0x49
 442 005e 13       		.uleb128 0x13
 443 005f 11       		.uleb128 0x11
 444 0060 01       		.uleb128 0x1
 445 0061 12       		.uleb128 0x12
 446 0062 06       		.uleb128 0x6
 447 0063 40       		.uleb128 0x40
 448 0064 18       		.uleb128 0x18
 449 0065 9642     		.uleb128 0x2116
 450 0067 19       		.uleb128 0x19
 451 0068 00       		.byte	0
 452 0069 00       		.byte	0
 453 006a 08       		.uleb128 0x8
 454 006b 34       		.uleb128 0x34
 455 006c 00       		.byte	0
 456 006d 03       		.uleb128 0x3
 457 006e 0E       		.uleb128 0xe
 458 006f 3A       		.uleb128 0x3a
 459 0070 0B       		.uleb128 0xb
 460 0071 3B       		.uleb128 0x3b
 461 0072 0B       		.uleb128 0xb
 462 0073 49       		.uleb128 0x49
 463 0074 13       		.uleb128 0x13
 464 0075 3F       		.uleb128 0x3f
 465 0076 19       		.uleb128 0x19
 466 0077 02       		.uleb128 0x2
 467 0078 18       		.uleb128 0x18
 468 0079 00       		.byte	0
 469 007a 00       		.byte	0
 470 007b 00       		.byte	0
 471              		.section	.debug_aranges,"",%progbits
 472 0000 1C000000 		.4byte	0x1c
 473 0004 0200     		.2byte	0x2
 474 0006 00000000 		.4byte	.Ldebug_info0
 475 000a 04       		.byte	0x4
 476 000b 00       		.byte	0
 477 000c 0000     		.2byte	0
 478 000e 0000     		.2byte	0
 479 0010 00000000 		.4byte	.LFB37
 480 0014 18000000 		.4byte	.LFE37-.LFB37
 481 0018 00000000 		.4byte	0
 482 001c 00000000 		.4byte	0
 483              		.section	.debug_ranges,"",%progbits
 484              	.Ldebug_ranges0:
 485 0000 00000000 		.4byte	.LFB37
 486 0004 18000000 		.4byte	.LFE37
 487 0008 00000000 		.4byte	0
 488 000c 00000000 		.4byte	0
 489              		.section	.debug_line,"",%progbits
ARM GAS  C:\Users\Petro\AppData\Local\Temp\ccIP3VIB.s 			page 10


 490              	.Ldebug_line0:
 491 0000 5C010000 		.section	.debug_str,"MS",%progbits,1
 491      02003B01 
 491      00000201 
 491      FB0E0D00 
 491      01010101 
 492              	.LASF43:
 493 0000 443A5C43 		.ascii	"D:\\Cypress\\system-start-finish\\vesion 2\\fw\\sta"
 493      79707265 
 493      73735C73 
 493      79737465 
 493      6D2D7374 
 494 002e 72745C73 		.ascii	"rt\\sandbox\\V2\\Network\\netSlave_v0.cydsn\000"
 494      616E6462 
 494      6F785C56 
 494      325C4E65 
 494      74776F72 
 495              	.LASF3:
 496 0056 5F5F7569 		.ascii	"__uint8_t\000"
 496      6E74385F 
 496      7400
 497              	.LASF19:
 498 0060 49447061 		.ascii	"IDpacket\000"
 498      636B6574 
 498      00
 499              	.LASF36:
 500 0069 4C656E53 		.ascii	"LenSeq\000"
 500      657100
 501              	.LASF39:
 502 0070 696E4461 		.ascii	"inData\000"
 502      746100
 503              	.LASF40:
 504 0077 6F757444 		.ascii	"outData\000"
 504      61746100 
 505              	.LASF16:
 506 007f 646F7562 		.ascii	"double\000"
 506      6C6500
 507              	.LASF14:
 508 0086 75696E74 		.ascii	"uint64_t\000"
 508      36345F74 
 508      00
 509              	.LASF34:
 510 008f 4C656E44 		.ascii	"LenD2\000"
 510      3200
 511              	.LASF25:
 512 0095 72656164 		.ascii	"readStatus\000"
 512      53746174 
 512      757300
 513              	.LASF33:
 514 00a0 4C656E44 		.ascii	"LenD1\000"
 514      3100
 515              	.LASF15:
 516 00a6 666C6F61 		.ascii	"float\000"
 516      7400
 517              	.LASF35:
 518 00ac 4C656E44 		.ascii	"LenD3\000"
 518      3300
ARM GAS  C:\Users\Petro\AppData\Local\Temp\ccIP3VIB.s 			page 11


 519              	.LASF0:
 520 00b2 7369676E 		.ascii	"signed char\000"
 520      65642063 
 520      68617200 
 521              	.LASF1:
 522 00be 756E7369 		.ascii	"unsigned char\000"
 522      676E6564 
 522      20636861 
 522      7200
 523              	.LASF27:
 524 00cc 756E6978 		.ascii	"unixStartTime\000"
 524      53746172 
 524      7454696D 
 524      6500
 525              	.LASF20:
 526 00da 72656164 		.ascii	"ready\000"
 526      7900
 527              	.LASF5:
 528 00e0 73686F72 		.ascii	"short unsigned int\000"
 528      7420756E 
 528      7369676E 
 528      65642069 
 528      6E7400
 529              	.LASF42:
 530 00f3 2E5C6D61 		.ascii	".\\main.c\000"
 530      696E2E63 
 530      00
 531              	.LASF32:
 532 00fc 50524F54 		.ascii	"PROTO_STATE\000"
 532      4F5F5354 
 532      41544500 
 533              	.LASF4:
 534 0108 5F5F7569 		.ascii	"__uint16_t\000"
 534      6E743136 
 534      5F7400
 535              	.LASF7:
 536 0113 6C6F6E67 		.ascii	"long unsigned int\000"
 536      20756E73 
 536      69676E65 
 536      6420696E 
 536      7400
 537              	.LASF44:
 538 0125 6D61696E 		.ascii	"main\000"
 538      00
 539              	.LASF41:
 540 012a 474E5520 		.ascii	"GNU C 4.9.3 20150303 (release) [ARM/embedded-4_9-br"
 540      4320342E 
 540      392E3320 
 540      32303135 
 540      30333033 
 541 015d 616E6368 		.ascii	"anch revision 221220] -mcpu=cortex-m0 -mthumb -g -O"
 541      20726576 
 541      6973696F 
 541      6E203232 
 541      31323230 
 542 0190 30202D66 		.ascii	"0 -ffunction-sections -ffat-lto-objects\000"
 542      66756E63 
ARM GAS  C:\Users\Petro\AppData\Local\Temp\ccIP3VIB.s 			page 12


 542      74696F6E 
 542      2D736563 
 542      74696F6E 
 543              	.LASF21:
 544 01b8 7265626F 		.ascii	"reboot\000"
 544      6F7400
 545              	.LASF11:
 546 01bf 756E7369 		.ascii	"unsigned int\000"
 546      676E6564 
 546      20696E74 
 546      00
 547              	.LASF26:
 548 01cc 46696E69 		.ascii	"FinishData\000"
 548      73684461 
 548      746100
 549              	.LASF10:
 550 01d7 6C6F6E67 		.ascii	"long long unsigned int\000"
 550      206C6F6E 
 550      6720756E 
 550      7369676E 
 550      65642069 
 551              	.LASF12:
 552 01ee 75696E74 		.ascii	"uint8_t\000"
 552      385F7400 
 553              	.LASF30:
 554 01f6 77726974 		.ascii	"writeStatus\000"
 554      65537461 
 554      74757300 
 555              	.LASF29:
 556 0202 67617465 		.ascii	"gateStatus\000"
 556      53746174 
 556      757300
 557              	.LASF18:
 558 020d 73697A65 		.ascii	"sizetype\000"
 558      74797065 
 558      00
 559              	.LASF8:
 560 0216 6C6F6E67 		.ascii	"long long int\000"
 560      206C6F6E 
 560      6720696E 
 560      7400
 561              	.LASF23:
 562 0224 746D7054 		.ascii	"tmpTime\000"
 562      696D6500 
 563              	.LASF17:
 564 022c 63686172 		.ascii	"char\000"
 564      00
 565              	.LASF22:
 566 0231 636F756E 		.ascii	"countSkiers\000"
 566      74536B69 
 566      65727300 
 567              	.LASF38:
 568 023d 4C656E43 		.ascii	"LenC\000"
 568      00
 569              	.LASF2:
 570 0242 73686F72 		.ascii	"short int\000"
 570      7420696E 
ARM GAS  C:\Users\Petro\AppData\Local\Temp\ccIP3VIB.s 			page 13


 570      7400
 571              	.LASF9:
 572 024c 5F5F7569 		.ascii	"__uint64_t\000"
 572      6E743634 
 572      5F7400
 573              	.LASF13:
 574 0257 75696E74 		.ascii	"uint16_t\000"
 574      31365F74 
 574      00
 575              	.LASF24:
 576 0260 746D704D 		.ascii	"tmpMsTime\000"
 576      7354696D 
 576      6500
 577              	.LASF6:
 578 026a 6C6F6E67 		.ascii	"long int\000"
 578      20696E74 
 578      00
 579              	.LASF37:
 580 0273 4C656E43 		.ascii	"LenChS\000"
 580      685300
 581              	.LASF28:
 582 027a 73746172 		.ascii	"startMsTime\000"
 582      744D7354 
 582      696D6500 
 583              	.LASF31:
 584 0286 53746172 		.ascii	"StartData\000"
 584      74446174 
 584      6100
 585              		.ident	"GCC: (GNU Tools for ARM Embedded Processors) 4.9.3 20150303 (release) [ARM/embedded-4_9-br
