ARM GAS  C:\Users\Petro\AppData\Local\Temp\ccyp2cHQ.s 			page 1


   1              		.cpu cortex-m0
   2              		.fpu softvfp
   3              		.eabi_attribute 20, 1
   4              		.eabi_attribute 21, 1
   5              		.eabi_attribute 23, 3
   6              		.eabi_attribute 24, 1
   7              		.eabi_attribute 25, 1
   8              		.eabi_attribute 26, 1
   9              		.eabi_attribute 30, 1
  10              		.eabi_attribute 34, 0
  11              		.eabi_attribute 18, 4
  12              		.code	16
  13              		.file	"main.c"
  14              		.text
  15              	.Ltext0:
  16              		.cfi_sections	.debug_frame
  17              		.section	.text.main,"ax",%progbits
  18              		.align	2
  19              		.global	main
  20              		.code	16
  21              		.thumb_func
  22              		.type	main, %function
  23              	main:
  24              	.LFB37:
  25              		.file 1 ".\\main.c"
   1:.\main.c      **** /* ========================================
   2:.\main.c      ****  *
   3:.\main.c      ****  * Copyright YOUR COMPANY, THE YEAR
   4:.\main.c      ****  * All Rights Reserved
   5:.\main.c      ****  * UNPUBLISHED, LICENSED SOFTWARE.
   6:.\main.c      ****  *
   7:.\main.c      ****  * CONFIDENTIAL AND PROPRIETARY INFORMATION
   8:.\main.c      ****  * WHICH IS THE PROPERTY OF your company.
   9:.\main.c      ****  *
  10:.\main.c      ****  * ========================================
  11:.\main.c      **** */
  12:.\main.c      **** #include <project.h>
  13:.\main.c      **** 
  14:.\main.c      **** int main()
  15:.\main.c      **** {
  26              		.loc 1 15 0
  27              		.cfi_startproc
  16:.\main.c      ****     CyGlobalIntEnable; /* Enable global interrupts. */
  28              		.loc 1 16 0
  29              	@ 16 ".\main.c" 1
  30 0000 62B6     		CPSIE   i
  31              	@ 0 "" 2
  32              		.code	16
  33              	.L2:
  17:.\main.c      **** 
  18:.\main.c      ****     /* Place your initialization/startup code here (e.g. MyInst_Start()) */
  19:.\main.c      **** 
  20:.\main.c      ****     for(;;)
  21:.\main.c      ****     {
  22:.\main.c      ****         /* Place your application code here. */
  23:.\main.c      ****     }
  34              		.loc 1 23 0 discriminator 1
ARM GAS  C:\Users\Petro\AppData\Local\Temp\ccyp2cHQ.s 			page 2


  35 0002 FEE7     		b	.L2
  36              		.cfi_endproc
  37              	.LFE37:
  38              		.size	main, .-main
  39              		.text
  40              	.Letext0:
  41              		.section	.debug_info,"",%progbits
  42              	.Ldebug_info0:
  43 0000 99000000 		.4byte	0x99
  44 0004 0400     		.2byte	0x4
  45 0006 00000000 		.4byte	.Ldebug_abbrev0
  46 000a 04       		.byte	0x4
  47 000b 01       		.uleb128 0x1
  48 000c F0000000 		.4byte	.LASF13
  49 0010 01       		.byte	0x1
  50 0011 7E010000 		.4byte	.LASF14
  51 0015 0E000000 		.4byte	.LASF15
  52 0019 00000000 		.4byte	.Ldebug_ranges0+0
  53 001d 00000000 		.4byte	0
  54 0021 00000000 		.4byte	.Ldebug_line0
  55 0025 02       		.uleb128 0x2
  56 0026 01       		.byte	0x1
  57 0027 06       		.byte	0x6
  58 0028 E4000000 		.4byte	.LASF0
  59 002c 02       		.uleb128 0x2
  60 002d 01       		.byte	0x1
  61 002e 08       		.byte	0x8
  62 002f A4000000 		.4byte	.LASF1
  63 0033 02       		.uleb128 0x2
  64 0034 02       		.byte	0x2
  65 0035 05       		.byte	0x5
  66 0036 C0000000 		.4byte	.LASF2
  67 003a 02       		.uleb128 0x2
  68 003b 02       		.byte	0x2
  69 003c 07       		.byte	0x7
  70 003d D1000000 		.4byte	.LASF3
  71 0041 02       		.uleb128 0x2
  72 0042 04       		.byte	0x4
  73 0043 05       		.byte	0x5
  74 0044 B7000000 		.4byte	.LASF4
  75 0048 02       		.uleb128 0x2
  76 0049 04       		.byte	0x4
  77 004a 07       		.byte	0x7
  78 004b 75000000 		.4byte	.LASF5
  79 004f 02       		.uleb128 0x2
  80 0050 08       		.byte	0x8
  81 0051 05       		.byte	0x5
  82 0052 00000000 		.4byte	.LASF6
  83 0056 02       		.uleb128 0x2
  84 0057 08       		.byte	0x8
  85 0058 07       		.byte	0x7
  86 0059 87000000 		.4byte	.LASF7
  87 005d 03       		.uleb128 0x3
  88 005e 04       		.byte	0x4
  89 005f 05       		.byte	0x5
  90 0060 696E7400 		.ascii	"int\000"
  91 0064 02       		.uleb128 0x2
ARM GAS  C:\Users\Petro\AppData\Local\Temp\ccyp2cHQ.s 			page 3


  92 0065 04       		.byte	0x4
  93 0066 07       		.byte	0x7
  94 0067 87010000 		.4byte	.LASF8
  95 006b 02       		.uleb128 0x2
  96 006c 04       		.byte	0x4
  97 006d 04       		.byte	0x4
  98 006e 9E000000 		.4byte	.LASF9
  99 0072 02       		.uleb128 0x2
 100 0073 08       		.byte	0x8
 101 0074 04       		.byte	0x4
 102 0075 CA000000 		.4byte	.LASF10
 103 0079 02       		.uleb128 0x2
 104 007a 01       		.byte	0x1
 105 007b 08       		.byte	0x8
 106 007c B2000000 		.4byte	.LASF11
 107 0080 02       		.uleb128 0x2
 108 0081 04       		.byte	0x4
 109 0082 07       		.byte	0x7
 110 0083 94010000 		.4byte	.LASF12
 111 0087 04       		.uleb128 0x4
 112 0088 70000000 		.4byte	.LASF16
 113 008c 01       		.byte	0x1
 114 008d 0E       		.byte	0xe
 115 008e 5D000000 		.4byte	0x5d
 116 0092 00000000 		.4byte	.LFB37
 117 0096 04000000 		.4byte	.LFE37-.LFB37
 118 009a 01       		.uleb128 0x1
 119 009b 9C       		.byte	0x9c
 120 009c 00       		.byte	0
 121              		.section	.debug_abbrev,"",%progbits
 122              	.Ldebug_abbrev0:
 123 0000 01       		.uleb128 0x1
 124 0001 11       		.uleb128 0x11
 125 0002 01       		.byte	0x1
 126 0003 25       		.uleb128 0x25
 127 0004 0E       		.uleb128 0xe
 128 0005 13       		.uleb128 0x13
 129 0006 0B       		.uleb128 0xb
 130 0007 03       		.uleb128 0x3
 131 0008 0E       		.uleb128 0xe
 132 0009 1B       		.uleb128 0x1b
 133 000a 0E       		.uleb128 0xe
 134 000b 55       		.uleb128 0x55
 135 000c 17       		.uleb128 0x17
 136 000d 11       		.uleb128 0x11
 137 000e 01       		.uleb128 0x1
 138 000f 10       		.uleb128 0x10
 139 0010 17       		.uleb128 0x17
 140 0011 00       		.byte	0
 141 0012 00       		.byte	0
 142 0013 02       		.uleb128 0x2
 143 0014 24       		.uleb128 0x24
 144 0015 00       		.byte	0
 145 0016 0B       		.uleb128 0xb
 146 0017 0B       		.uleb128 0xb
 147 0018 3E       		.uleb128 0x3e
 148 0019 0B       		.uleb128 0xb
ARM GAS  C:\Users\Petro\AppData\Local\Temp\ccyp2cHQ.s 			page 4


 149 001a 03       		.uleb128 0x3
 150 001b 0E       		.uleb128 0xe
 151 001c 00       		.byte	0
 152 001d 00       		.byte	0
 153 001e 03       		.uleb128 0x3
 154 001f 24       		.uleb128 0x24
 155 0020 00       		.byte	0
 156 0021 0B       		.uleb128 0xb
 157 0022 0B       		.uleb128 0xb
 158 0023 3E       		.uleb128 0x3e
 159 0024 0B       		.uleb128 0xb
 160 0025 03       		.uleb128 0x3
 161 0026 08       		.uleb128 0x8
 162 0027 00       		.byte	0
 163 0028 00       		.byte	0
 164 0029 04       		.uleb128 0x4
 165 002a 2E       		.uleb128 0x2e
 166 002b 00       		.byte	0
 167 002c 3F       		.uleb128 0x3f
 168 002d 19       		.uleb128 0x19
 169 002e 03       		.uleb128 0x3
 170 002f 0E       		.uleb128 0xe
 171 0030 3A       		.uleb128 0x3a
 172 0031 0B       		.uleb128 0xb
 173 0032 3B       		.uleb128 0x3b
 174 0033 0B       		.uleb128 0xb
 175 0034 49       		.uleb128 0x49
 176 0035 13       		.uleb128 0x13
 177 0036 11       		.uleb128 0x11
 178 0037 01       		.uleb128 0x1
 179 0038 12       		.uleb128 0x12
 180 0039 06       		.uleb128 0x6
 181 003a 40       		.uleb128 0x40
 182 003b 18       		.uleb128 0x18
 183 003c 9742     		.uleb128 0x2117
 184 003e 19       		.uleb128 0x19
 185 003f 00       		.byte	0
 186 0040 00       		.byte	0
 187 0041 00       		.byte	0
 188              		.section	.debug_aranges,"",%progbits
 189 0000 1C000000 		.4byte	0x1c
 190 0004 0200     		.2byte	0x2
 191 0006 00000000 		.4byte	.Ldebug_info0
 192 000a 04       		.byte	0x4
 193 000b 00       		.byte	0
 194 000c 0000     		.2byte	0
 195 000e 0000     		.2byte	0
 196 0010 00000000 		.4byte	.LFB37
 197 0014 04000000 		.4byte	.LFE37-.LFB37
 198 0018 00000000 		.4byte	0
 199 001c 00000000 		.4byte	0
 200              		.section	.debug_ranges,"",%progbits
 201              	.Ldebug_ranges0:
 202 0000 00000000 		.4byte	.LFB37
 203 0004 04000000 		.4byte	.LFE37
 204 0008 00000000 		.4byte	0
 205 000c 00000000 		.4byte	0
ARM GAS  C:\Users\Petro\AppData\Local\Temp\ccyp2cHQ.s 			page 5


 206              		.section	.debug_line,"",%progbits
 207              	.Ldebug_line0:
 208 0000 3A000000 		.section	.debug_str,"MS",%progbits,1
 208      02001F00 
 208      00000201 
 208      FB0E0D00 
 208      01010101 
 209              	.LASF6:
 210 0000 6C6F6E67 		.ascii	"long long int\000"
 210      206C6F6E 
 210      6720696E 
 210      7400
 211              	.LASF15:
 212 000e 443A5C43 		.ascii	"D:\\Cypress\\system-start-finish\\vesion 2\\fw\\fin"
 212      79707265 
 212      73735C73 
 212      79737465 
 212      6D2D7374 
 213 003c 6973685C 		.ascii	"ish\\sandbox\\v4\\Finish(state machine)\\Design01.c"
 213      73616E64 
 213      626F785C 
 213      76345C46 
 213      696E6973 
 214 006b 7964736E 		.ascii	"ydsn\000"
 214      00
 215              	.LASF16:
 216 0070 6D61696E 		.ascii	"main\000"
 216      00
 217              	.LASF5:
 218 0075 6C6F6E67 		.ascii	"long unsigned int\000"
 218      20756E73 
 218      69676E65 
 218      6420696E 
 218      7400
 219              	.LASF7:
 220 0087 6C6F6E67 		.ascii	"long long unsigned int\000"
 220      206C6F6E 
 220      6720756E 
 220      7369676E 
 220      65642069 
 221              	.LASF9:
 222 009e 666C6F61 		.ascii	"float\000"
 222      7400
 223              	.LASF1:
 224 00a4 756E7369 		.ascii	"unsigned char\000"
 224      676E6564 
 224      20636861 
 224      7200
 225              	.LASF11:
 226 00b2 63686172 		.ascii	"char\000"
 226      00
 227              	.LASF4:
 228 00b7 6C6F6E67 		.ascii	"long int\000"
 228      20696E74 
 228      00
 229              	.LASF2:
 230 00c0 73686F72 		.ascii	"short int\000"
ARM GAS  C:\Users\Petro\AppData\Local\Temp\ccyp2cHQ.s 			page 6


 230      7420696E 
 230      7400
 231              	.LASF10:
 232 00ca 646F7562 		.ascii	"double\000"
 232      6C6500
 233              	.LASF3:
 234 00d1 73686F72 		.ascii	"short unsigned int\000"
 234      7420756E 
 234      7369676E 
 234      65642069 
 234      6E7400
 235              	.LASF0:
 236 00e4 7369676E 		.ascii	"signed char\000"
 236      65642063 
 236      68617200 
 237              	.LASF13:
 238 00f0 474E5520 		.ascii	"GNU C 4.9.3 20150303 (release) [ARM/embedded-4_9-br"
 238      4320342E 
 238      392E3320 
 238      32303135 
 238      30333033 
 239 0123 616E6368 		.ascii	"anch revision 221220] -mcpu=cortex-m0 -mthumb -g -O"
 239      20726576 
 239      6973696F 
 239      6E203232 
 239      31323230 
 240 0156 67202D66 		.ascii	"g -ffunction-sections -ffat-lto-objects\000"
 240      66756E63 
 240      74696F6E 
 240      2D736563 
 240      74696F6E 
 241              	.LASF14:
 242 017e 2E5C6D61 		.ascii	".\\main.c\000"
 242      696E2E63 
 242      00
 243              	.LASF8:
 244 0187 756E7369 		.ascii	"unsigned int\000"
 244      676E6564 
 244      20696E74 
 244      00
 245              	.LASF12:
 246 0194 73697A65 		.ascii	"sizetype\000"
 246      74797065 
 246      00
 247              		.ident	"GCC: (GNU Tools for ARM Embedded Processors) 4.9.3 20150303 (release) [ARM/embedded-4_9-br
