ARM GAS  C:\Users\Petro\AppData\Local\Temp\ccmVysi5.s 			page 1


   1              		.cpu cortex-m0
   2              		.fpu softvfp
   3              		.eabi_attribute 20, 1
   4              		.eabi_attribute 21, 1
   5              		.eabi_attribute 23, 3
   6              		.eabi_attribute 24, 1
   7              		.eabi_attribute 25, 1
   8              		.eabi_attribute 26, 1
   9              		.eabi_attribute 30, 1
  10              		.eabi_attribute 34, 0
  11              		.eabi_attribute 18, 4
  12              		.code	16
  13              		.file	"main.c"
  14              		.text
  15              	.Ltext0:
  16              		.cfi_sections	.debug_frame
  17              		.section	.text.finish_Handler,"ax",%progbits
  18              		.align	2
  19              		.global	finish_Handler
  20              		.code	16
  21              		.thumb_func
  22              		.type	finish_Handler, %function
  23              	finish_Handler:
  24              	.LFB38:
  25              		.file 1 ".\\main.c"
   1:.\main.c      **** /* ========================================
   2:.\main.c      ****  *
   3:.\main.c      ****  * Copyright YOUR COMPANY, THE YEAR
   4:.\main.c      ****  * All Rights Reserved
   5:.\main.c      ****  * UNPUBLISHED, LICENSED SOFTWARE.
   6:.\main.c      ****  *
   7:.\main.c      ****  * CONFIDENTIAL AND PROPRIETARY INFORMATION
   8:.\main.c      ****  * WHICH IS THE PROPERTY OF your company.
   9:.\main.c      ****  *
  10:.\main.c      ****  * ========================================
  11:.\main.c      **** */
  12:.\main.c      **** #include <project.h>
  13:.\main.c      **** //#include <stdlib.h>       //include for itoa()
  14:.\main.c      **** #include <stdio.h>
  15:.\main.c      **** 
  16:.\main.c      **** struct time{
  17:.\main.c      ****     uint16_t hour;
  18:.\main.c      ****     uint16_t min;
  19:.\main.c      ****     uint16_t sec;
  20:.\main.c      ****     uint16_t msec;
  21:.\main.c      **** };        
  22:.\main.c      **** struct time segment = {0,0,0,0};
  23:.\main.c      **** 
  24:.\main.c      **** CY_ISR(wire_Handler)
  25:.\main.c      **** {
  26:.\main.c      ****     //uint16_t counter = Timer_ReadCapture();
  27:.\main.c      ****     
  28:.\main.c      ****     LCD_Position(1,0);
  29:.\main.c      ****     if (++segment.sec==59){
  30:.\main.c      ****         segment.sec = 0;   
  31:.\main.c      ****         if (++segment.min==59){
  32:.\main.c      ****             segment.min = 0;    
ARM GAS  C:\Users\Petro\AppData\Local\Temp\ccmVysi5.s 			page 2


  33:.\main.c      ****             if (++segment.hour==59) 
  34:.\main.c      ****                 segment.hour = 0;   
  35:.\main.c      ****         }  
  36:.\main.c      ****     }
  37:.\main.c      ****     
  38:.\main.c      ****     Timer_ClearInterrupt(Timer_INTR_MASK_CC_MATCH);
  39:.\main.c      **** }
  40:.\main.c      **** CY_ISR(finish_Handler)
  41:.\main.c      **** {
  26              		.loc 1 41 0
  27              		.cfi_startproc
  42:.\main.c      ****     //LCD_Position(1,9);
  43:.\main.c      ****     //LCD_PutChar(':');
  44:.\main.c      ****     //LCD_PrintNumber(Timer_ReadCompare);
  45:.\main.c      **** }
  28              		.loc 1 45 0
  29              		@ sp needed
  30 0000 7047     		bx	lr
  31              		.cfi_endproc
  32              	.LFE38:
  33              		.size	finish_Handler, .-finish_Handler
  34 0002 C046     		.section	.text.wire_Handler,"ax",%progbits
  35              		.align	2
  36              		.global	wire_Handler
  37              		.code	16
  38              		.thumb_func
  39              		.type	wire_Handler, %function
  40              	wire_Handler:
  41              	.LFB37:
  25:.\main.c      ****     //uint16_t counter = Timer_ReadCapture();
  42              		.loc 1 25 0
  43              		.cfi_startproc
  44 0000 08B5     		push	{r3, lr}
  45              		.cfi_def_cfa_offset 8
  46              		.cfi_offset 3, -8
  47              		.cfi_offset 14, -4
  28:.\main.c      ****     if (++segment.sec==59){
  48              		.loc 1 28 0
  49 0002 0120     		mov	r0, #1
  50 0004 0021     		mov	r1, #0
  51 0006 FFF7FEFF 		bl	LCD_Position
  52              	.LVL0:
  29:.\main.c      ****         segment.sec = 0;   
  53              		.loc 1 29 0
  54 000a 0F4A     		ldr	r2, .L4
  55 000c 9388     		ldrh	r3, [r2, #4]
  56 000e 0133     		add	r3, r3, #1
  57 0010 9BB2     		uxth	r3, r3
  58 0012 9380     		strh	r3, [r2, #4]
  59 0014 3B2B     		cmp	r3, #59
  60 0016 12D1     		bne	.L3
  30:.\main.c      ****         if (++segment.min==59){
  61              		.loc 1 30 0
  62 0018 0023     		mov	r3, #0
  63 001a 9380     		strh	r3, [r2, #4]
  31:.\main.c      ****             segment.min = 0;    
  64              		.loc 1 31 0
ARM GAS  C:\Users\Petro\AppData\Local\Temp\ccmVysi5.s 			page 3


  65 001c 5388     		ldrh	r3, [r2, #2]
  66 001e 0133     		add	r3, r3, #1
  67 0020 9BB2     		uxth	r3, r3
  68 0022 5380     		strh	r3, [r2, #2]
  69 0024 3B2B     		cmp	r3, #59
  70 0026 0AD1     		bne	.L3
  32:.\main.c      ****             if (++segment.hour==59) 
  71              		.loc 1 32 0
  72 0028 0023     		mov	r3, #0
  73 002a 5380     		strh	r3, [r2, #2]
  33:.\main.c      ****                 segment.hour = 0;   
  74              		.loc 1 33 0
  75 002c 1388     		ldrh	r3, [r2]
  76 002e 0133     		add	r3, r3, #1
  77 0030 9BB2     		uxth	r3, r3
  78 0032 1380     		strh	r3, [r2]
  79 0034 3B2B     		cmp	r3, #59
  80 0036 02D1     		bne	.L3
  34:.\main.c      ****         }  
  81              		.loc 1 34 0
  82 0038 0022     		mov	r2, #0
  83 003a 034B     		ldr	r3, .L4
  84 003c 1A80     		strh	r2, [r3]
  85              	.L3:
  38:.\main.c      **** }
  86              		.loc 1 38 0
  87 003e 0220     		mov	r0, #2
  88 0040 FFF7FEFF 		bl	Timer_ClearInterrupt
  89              	.LVL1:
  39:.\main.c      **** CY_ISR(finish_Handler)
  90              		.loc 1 39 0
  91              		@ sp needed
  92 0044 08BD     		pop	{r3, pc}
  93              	.L5:
  94 0046 C046     		.align	2
  95              	.L4:
  96 0048 00000000 		.word	.LANCHOR0
  97              		.cfi_endproc
  98              	.LFE37:
  99              		.size	wire_Handler, .-wire_Handler
 100              		.section	.text.main,"ax",%progbits
 101              		.align	2
 102              		.global	main
 103              		.code	16
 104              		.thumb_func
 105              		.type	main, %function
 106              	main:
 107              	.LFB39:
  46:.\main.c      **** 
  47:.\main.c      **** int main()
  48:.\main.c      **** {
 108              		.loc 1 48 0
 109              		.cfi_startproc
 110 0000 00B5     		push	{lr}
 111              		.cfi_def_cfa_offset 4
 112              		.cfi_offset 14, -4
 113 0002 8BB0     		sub	sp, sp, #44
ARM GAS  C:\Users\Petro\AppData\Local\Temp\ccmVysi5.s 			page 4


 114              		.cfi_def_cfa_offset 48
  49:.\main.c      ****     
  50:.\main.c      ****     char lcd_buffer[32];
  51:.\main.c      ****     
  52:.\main.c      ****     CyGlobalIntEnable; /* Enable global interrupts. */
 115              		.loc 1 52 0
 116              	@ 52 ".\main.c" 1
 117 0004 62B6     		CPSIE   i
 118              	@ 0 "" 2
  53:.\main.c      ****     wire_int_StartEx(wire_Handler);
 119              		.loc 1 53 0
 120              		.code	16
 121 0006 1648     		ldr	r0, .L8
 122 0008 FFF7FEFF 		bl	wire_int_StartEx
 123              	.LVL2:
  54:.\main.c      ****     finish_int_StartEx(finish_Handler);
 124              		.loc 1 54 0
 125 000c 1548     		ldr	r0, .L8+4
 126 000e FFF7FEFF 		bl	finish_int_StartEx
 127              	.LVL3:
  55:.\main.c      ****     Timer_Start();
 128              		.loc 1 55 0
 129 0012 FFF7FEFF 		bl	Timer_Start
 130              	.LVL4:
  56:.\main.c      ****     UART_Start();
 131              		.loc 1 56 0
 132 0016 FFF7FEFF 		bl	UART_Start
 133              	.LVL5:
  57:.\main.c      ****     LCD_Start();
 134              		.loc 1 57 0
 135 001a FFF7FEFF 		bl	LCD_Start
 136              	.LVL6:
  58:.\main.c      ****     
  59:.\main.c      ****     LCD_Position(0,0);
 137              		.loc 1 59 0
 138 001e 0020     		mov	r0, #0
 139 0020 0021     		mov	r1, #0
 140 0022 FFF7FEFF 		bl	LCD_Position
 141              	.LVL7:
  60:.\main.c      ****     LCD_PrintString("Start-Finish ");
 142              		.loc 1 60 0
 143 0026 1048     		ldr	r0, .L8+8
 144 0028 FFF7FEFF 		bl	LCD_PrintString
 145              	.LVL8:
 146              	.L7:
 147              	.LBB2:
  61:.\main.c      ****     
  62:.\main.c      ****     for(;;)
  63:.\main.c      ****     {
  64:.\main.c      ****         uint16_t counter = Timer_ReadCounter();
 148              		.loc 1 64 0 discriminator 1
 149 002c FFF7FEFF 		bl	Timer_ReadCounter
 150              	.LVL9:
  65:.\main.c      ****         sprintf(lcd_buffer,"%i:%i:%i :%i",segment.hour,segment.min,segment.sec, counter);
 151              		.loc 1 65 0 discriminator 1
 152 0030 0E49     		ldr	r1, .L8+12
 153 0032 0A88     		ldrh	r2, [r1]
ARM GAS  C:\Users\Petro\AppData\Local\Temp\ccmVysi5.s 			page 5


 154 0034 4B88     		ldrh	r3, [r1, #2]
 155 0036 8988     		ldrh	r1, [r1, #4]
 156 0038 0091     		str	r1, [sp]
 157 003a 0004     		lsl	r0, r0, #16
 158              	.LVL10:
 159 003c 000C     		lsr	r0, r0, #16
 160 003e 0190     		str	r0, [sp, #4]
 161 0040 02A8     		add	r0, sp, #8
 162 0042 0B49     		ldr	r1, .L8+16
 163 0044 FFF7FEFF 		bl	sprintf
 164              	.LVL11:
  66:.\main.c      ****         LCD_Position(1,0);
 165              		.loc 1 66 0 discriminator 1
 166 0048 0120     		mov	r0, #1
 167 004a 0021     		mov	r1, #0
 168 004c FFF7FEFF 		bl	LCD_Position
 169              	.LVL12:
  67:.\main.c      ****         LCD_PrintString(lcd_buffer);
 170              		.loc 1 67 0 discriminator 1
 171 0050 02A8     		add	r0, sp, #8
 172 0052 FFF7FEFF 		bl	LCD_PrintString
 173              	.LVL13:
  68:.\main.c      ****         CyDelay(100);
 174              		.loc 1 68 0 discriminator 1
 175 0056 6420     		mov	r0, #100
 176 0058 FFF7FEFF 		bl	CyDelay
 177              	.LVL14:
 178              	.LBE2:
  69:.\main.c      ****     }
 179              		.loc 1 69 0 discriminator 1
 180 005c E6E7     		b	.L7
 181              	.L9:
 182 005e C046     		.align	2
 183              	.L8:
 184 0060 00000000 		.word	wire_Handler
 185 0064 00000000 		.word	finish_Handler
 186 0068 00000000 		.word	.LC3
 187 006c 00000000 		.word	.LANCHOR0
 188 0070 10000000 		.word	.LC6
 189              		.cfi_endproc
 190              	.LFE39:
 191              		.size	main, .-main
 192              		.global	segment
 193              		.section	.rodata.str1.4,"aMS",%progbits,1
 194              		.align	2
 195              	.LC3:
 196 0000 53746172 		.ascii	"Start-Finish \000"
 196      742D4669 
 196      6E697368 
 196      2000
 197 000e 0000     		.space	2
 198              	.LC6:
 199 0010 25693A25 		.ascii	"%i:%i:%i :%i\000"
 199      693A2569 
 199      203A2569 
 199      00
 200 001d 000000   		.bss
ARM GAS  C:\Users\Petro\AppData\Local\Temp\ccmVysi5.s 			page 6


 201              		.align	2
 202              		.set	.LANCHOR0,. + 0
 203              		.type	segment, %object
 204              		.size	segment, 8
 205              	segment:
 206 0000 00000000 		.space	8
 206      00000000 
 207              		.text
 208              	.Letext0:
 209              		.file 2 "c:\\program files (x86)\\cypress\\psoc creator\\3.3\\psoc creator\\import\\gnu\\arm\\4.9.
 210              		.file 3 "c:\\program files (x86)\\cypress\\psoc creator\\3.3\\psoc creator\\import\\gnu\\arm\\4.9.
 211              		.file 4 "Generated_Source\\PSoC4/cytypes.h"
 212              		.file 5 "Generated_Source\\PSoC4/LCD.h"
 213              		.file 6 "Generated_Source\\PSoC4/Timer.h"
 214              		.file 7 "Generated_Source\\PSoC4/CyLib.h"
 215              		.file 8 "Generated_Source\\PSoC4/wire_int.h"
 216              		.file 9 "Generated_Source\\PSoC4/finish_int.h"
 217              		.file 10 "Generated_Source\\PSoC4/UART.h"
 218              		.file 11 "c:\\program files (x86)\\cypress\\psoc creator\\3.3\\psoc creator\\import\\gnu\\arm\\4.9
 219              		.section	.debug_info,"",%progbits
 220              	.Ldebug_info0:
 221 0000 5D030000 		.4byte	0x35d
 222 0004 0400     		.2byte	0x4
 223 0006 00000000 		.4byte	.Ldebug_abbrev0
 224 000a 04       		.byte	0x4
 225 000b 01       		.uleb128 0x1
 226 000c D4010000 		.4byte	.LASF34
 227 0010 01       		.byte	0x1
 228 0011 AB000000 		.4byte	.LASF35
 229 0015 EE000000 		.4byte	.LASF36
 230 0019 00000000 		.4byte	.Ldebug_ranges0+0
 231 001d 00000000 		.4byte	0
 232 0021 00000000 		.4byte	.Ldebug_line0
 233 0025 02       		.uleb128 0x2
 234 0026 01       		.byte	0x1
 235 0027 06       		.byte	0x6
 236 0028 8F020000 		.4byte	.LASF0
 237 002c 02       		.uleb128 0x2
 238 002d 01       		.byte	0x1
 239 002e 08       		.byte	0x8
 240 002f 55000000 		.4byte	.LASF1
 241 0033 02       		.uleb128 0x2
 242 0034 02       		.byte	0x2
 243 0035 05       		.byte	0x5
 244 0036 73020000 		.4byte	.LASF2
 245 003a 03       		.uleb128 0x3
 246 003b BC000000 		.4byte	.LASF9
 247 003f 02       		.byte	0x2
 248 0040 2B       		.byte	0x2b
 249 0041 45000000 		.4byte	0x45
 250 0045 02       		.uleb128 0x2
 251 0046 02       		.byte	0x2
 252 0047 07       		.byte	0x7
 253 0048 78000000 		.4byte	.LASF3
 254 004c 02       		.uleb128 0x2
 255 004d 04       		.byte	0x4
 256 004e 05       		.byte	0x5
ARM GAS  C:\Users\Petro\AppData\Local\Temp\ccmVysi5.s 			page 7


 257 004f 86020000 		.4byte	.LASF4
 258 0053 02       		.uleb128 0x2
 259 0054 04       		.byte	0x4
 260 0055 07       		.byte	0x7
 261 0056 C7000000 		.4byte	.LASF5
 262 005a 02       		.uleb128 0x2
 263 005b 08       		.byte	0x8
 264 005c 05       		.byte	0x5
 265 005d C1010000 		.4byte	.LASF6
 266 0061 02       		.uleb128 0x2
 267 0062 08       		.byte	0x8
 268 0063 07       		.byte	0x7
 269 0064 70010000 		.4byte	.LASF7
 270 0068 04       		.uleb128 0x4
 271 0069 04       		.byte	0x4
 272 006a 05       		.byte	0x5
 273 006b 696E7400 		.ascii	"int\000"
 274 006f 02       		.uleb128 0x2
 275 0070 04       		.byte	0x4
 276 0071 07       		.byte	0x7
 277 0072 63010000 		.4byte	.LASF8
 278 0076 03       		.uleb128 0x3
 279 0077 7D020000 		.4byte	.LASF10
 280 007b 03       		.byte	0x3
 281 007c 21       		.byte	0x21
 282 007d 3A000000 		.4byte	0x3a
 283 0081 05       		.uleb128 0x5
 284 0082 4F000000 		.4byte	.LASF11
 285 0086 04       		.byte	0x4
 286 0087 3801     		.2byte	0x138
 287 0089 2C000000 		.4byte	0x2c
 288 008d 05       		.uleb128 0x5
 289 008e 50010000 		.4byte	.LASF12
 290 0092 04       		.byte	0x4
 291 0093 3A01     		.2byte	0x13a
 292 0095 53000000 		.4byte	0x53
 293 0099 02       		.uleb128 0x2
 294 009a 04       		.byte	0x4
 295 009b 04       		.byte	0x4
 296 009c 41000000 		.4byte	.LASF13
 297 00a0 02       		.uleb128 0x2
 298 00a1 08       		.byte	0x8
 299 00a2 04       		.byte	0x4
 300 00a3 3A000000 		.4byte	.LASF14
 301 00a7 05       		.uleb128 0x5
 302 00a8 63000000 		.4byte	.LASF15
 303 00ac 04       		.byte	0x4
 304 00ad 4901     		.2byte	0x149
 305 00af B3000000 		.4byte	0xb3
 306 00b3 02       		.uleb128 0x2
 307 00b4 01       		.byte	0x1
 308 00b5 08       		.byte	0x8
 309 00b6 CF010000 		.4byte	.LASF16
 310 00ba 05       		.uleb128 0x5
 311 00bb 99010000 		.4byte	.LASF17
 312 00bf 04       		.byte	0x4
 313 00c0 F401     		.2byte	0x1f4
ARM GAS  C:\Users\Petro\AppData\Local\Temp\ccmVysi5.s 			page 8


 314 00c2 C6000000 		.4byte	0xc6
 315 00c6 06       		.uleb128 0x6
 316 00c7 04       		.byte	0x4
 317 00c8 CC000000 		.4byte	0xcc
 318 00cc 07       		.uleb128 0x7
 319 00cd 02       		.uleb128 0x2
 320 00ce 04       		.byte	0x4
 321 00cf 07       		.byte	0x7
 322 00d0 B8010000 		.4byte	.LASF18
 323 00d4 06       		.uleb128 0x6
 324 00d5 04       		.byte	0x4
 325 00d6 B3000000 		.4byte	0xb3
 326 00da 06       		.uleb128 0x6
 327 00db 04       		.byte	0x4
 328 00dc E0000000 		.4byte	0xe0
 329 00e0 08       		.uleb128 0x8
 330 00e1 B3000000 		.4byte	0xb3
 331 00e5 09       		.uleb128 0x9
 332 00e6 B3010000 		.4byte	.LASF37
 333 00ea 08       		.byte	0x8
 334 00eb 01       		.byte	0x1
 335 00ec 10       		.byte	0x10
 336 00ed 22010000 		.4byte	0x122
 337 00f1 0A       		.uleb128 0xa
 338 00f2 94010000 		.4byte	.LASF19
 339 00f6 01       		.byte	0x1
 340 00f7 11       		.byte	0x11
 341 00f8 76000000 		.4byte	0x76
 342 00fc 00       		.byte	0
 343 00fd 0B       		.uleb128 0xb
 344 00fe 6D696E00 		.ascii	"min\000"
 345 0102 01       		.byte	0x1
 346 0103 12       		.byte	0x12
 347 0104 76000000 		.4byte	0x76
 348 0108 02       		.byte	0x2
 349 0109 0B       		.uleb128 0xb
 350 010a 73656300 		.ascii	"sec\000"
 351 010e 01       		.byte	0x1
 352 010f 13       		.byte	0x13
 353 0110 76000000 		.4byte	0x76
 354 0114 04       		.byte	0x4
 355 0115 0A       		.uleb128 0xa
 356 0116 4B010000 		.4byte	.LASF20
 357 011a 01       		.byte	0x1
 358 011b 14       		.byte	0x14
 359 011c 76000000 		.4byte	0x76
 360 0120 06       		.byte	0x6
 361 0121 00       		.byte	0
 362 0122 0C       		.uleb128 0xc
 363 0123 69000000 		.4byte	.LASF38
 364 0127 01       		.byte	0x1
 365 0128 28       		.byte	0x28
 366 0129 00000000 		.4byte	.LFB38
 367 012d 02000000 		.4byte	.LFE38-.LFB38
 368 0131 01       		.uleb128 0x1
 369 0132 9C       		.byte	0x9c
 370 0133 0D       		.uleb128 0xd
ARM GAS  C:\Users\Petro\AppData\Local\Temp\ccmVysi5.s 			page 9


 371 0134 A6010000 		.4byte	.LASF21
 372 0138 01       		.byte	0x1
 373 0139 18       		.byte	0x18
 374 013a 00000000 		.4byte	.LFB37
 375 013e 4C000000 		.4byte	.LFE37-.LFB37
 376 0142 01       		.uleb128 0x1
 377 0143 9C       		.byte	0x9c
 378 0144 70010000 		.4byte	0x170
 379 0148 0E       		.uleb128 0xe
 380 0149 0A000000 		.4byte	.LVL0
 381 014d AC020000 		.4byte	0x2ac
 382 0151 60010000 		.4byte	0x160
 383 0155 0F       		.uleb128 0xf
 384 0156 01       		.uleb128 0x1
 385 0157 51       		.byte	0x51
 386 0158 01       		.uleb128 0x1
 387 0159 30       		.byte	0x30
 388 015a 0F       		.uleb128 0xf
 389 015b 01       		.uleb128 0x1
 390 015c 50       		.byte	0x50
 391 015d 01       		.uleb128 0x1
 392 015e 31       		.byte	0x31
 393 015f 00       		.byte	0
 394 0160 10       		.uleb128 0x10
 395 0161 44000000 		.4byte	.LVL1
 396 0165 C2020000 		.4byte	0x2c2
 397 0169 0F       		.uleb128 0xf
 398 016a 01       		.uleb128 0x1
 399 016b 50       		.byte	0x50
 400 016c 01       		.uleb128 0x1
 401 016d 32       		.byte	0x32
 402 016e 00       		.byte	0
 403 016f 00       		.byte	0
 404 0170 11       		.uleb128 0x11
 405 0171 D9000000 		.4byte	.LASF22
 406 0175 01       		.byte	0x1
 407 0176 2F       		.byte	0x2f
 408 0177 68000000 		.4byte	0x68
 409 017b 00000000 		.4byte	.LFB39
 410 017f 74000000 		.4byte	.LFE39-.LFB39
 411 0183 01       		.uleb128 0x1
 412 0184 9C       		.byte	0x9c
 413 0185 8B020000 		.4byte	0x28b
 414 0189 12       		.uleb128 0x12
 415 018a 2F000000 		.4byte	.LASF23
 416 018e 01       		.byte	0x1
 417 018f 32       		.byte	0x32
 418 0190 8B020000 		.4byte	0x28b
 419 0194 02       		.uleb128 0x2
 420 0195 91       		.byte	0x91
 421 0196 58       		.sleb128 -40
 422 0197 13       		.uleb128 0x13
 423 0198 2C000000 		.4byte	.LBB2
 424 019c 30000000 		.4byte	.LBE2-.LBB2
 425 01a0 16020000 		.4byte	0x216
 426 01a4 14       		.uleb128 0x14
 427 01a5 47000000 		.4byte	.LASF24
ARM GAS  C:\Users\Petro\AppData\Local\Temp\ccmVysi5.s 			page 10


 428 01a9 01       		.byte	0x1
 429 01aa 40       		.byte	0x40
 430 01ab 76000000 		.4byte	0x76
 431 01af 00000000 		.4byte	.LLST0
 432 01b3 15       		.uleb128 0x15
 433 01b4 30000000 		.4byte	.LVL9
 434 01b8 D4020000 		.4byte	0x2d4
 435 01bc 0E       		.uleb128 0xe
 436 01bd 48000000 		.4byte	.LVL11
 437 01c1 E0020000 		.4byte	0x2e0
 438 01c5 D9010000 		.4byte	0x1d9
 439 01c9 0F       		.uleb128 0xf
 440 01ca 01       		.uleb128 0x1
 441 01cb 51       		.byte	0x51
 442 01cc 05       		.uleb128 0x5
 443 01cd 03       		.byte	0x3
 444 01ce 10000000 		.4byte	.LC6
 445 01d2 0F       		.uleb128 0xf
 446 01d3 01       		.uleb128 0x1
 447 01d4 50       		.byte	0x50
 448 01d5 02       		.uleb128 0x2
 449 01d6 91       		.byte	0x91
 450 01d7 58       		.sleb128 -40
 451 01d8 00       		.byte	0
 452 01d9 0E       		.uleb128 0xe
 453 01da 50000000 		.4byte	.LVL12
 454 01de AC020000 		.4byte	0x2ac
 455 01e2 F1010000 		.4byte	0x1f1
 456 01e6 0F       		.uleb128 0xf
 457 01e7 01       		.uleb128 0x1
 458 01e8 51       		.byte	0x51
 459 01e9 01       		.uleb128 0x1
 460 01ea 30       		.byte	0x30
 461 01eb 0F       		.uleb128 0xf
 462 01ec 01       		.uleb128 0x1
 463 01ed 50       		.byte	0x50
 464 01ee 01       		.uleb128 0x1
 465 01ef 31       		.byte	0x31
 466 01f0 00       		.byte	0
 467 01f1 0E       		.uleb128 0xe
 468 01f2 56000000 		.4byte	.LVL13
 469 01f6 FB020000 		.4byte	0x2fb
 470 01fa 05020000 		.4byte	0x205
 471 01fe 0F       		.uleb128 0xf
 472 01ff 01       		.uleb128 0x1
 473 0200 50       		.byte	0x50
 474 0201 02       		.uleb128 0x2
 475 0202 91       		.byte	0x91
 476 0203 58       		.sleb128 -40
 477 0204 00       		.byte	0
 478 0205 10       		.uleb128 0x10
 479 0206 5C000000 		.4byte	.LVL14
 480 020a 17030000 		.4byte	0x317
 481 020e 0F       		.uleb128 0xf
 482 020f 01       		.uleb128 0x1
 483 0210 50       		.byte	0x50
 484 0211 02       		.uleb128 0x2
ARM GAS  C:\Users\Petro\AppData\Local\Temp\ccmVysi5.s 			page 11


 485 0212 08       		.byte	0x8
 486 0213 64       		.byte	0x64
 487 0214 00       		.byte	0
 488 0215 00       		.byte	0
 489 0216 0E       		.uleb128 0xe
 490 0217 0C000000 		.4byte	.LVL2
 491 021b 28030000 		.4byte	0x328
 492 021f 2D020000 		.4byte	0x22d
 493 0223 0F       		.uleb128 0xf
 494 0224 01       		.uleb128 0x1
 495 0225 50       		.byte	0x50
 496 0226 05       		.uleb128 0x5
 497 0227 03       		.byte	0x3
 498 0228 00000000 		.4byte	wire_Handler
 499 022c 00       		.byte	0
 500 022d 0E       		.uleb128 0xe
 501 022e 12000000 		.4byte	.LVL3
 502 0232 39030000 		.4byte	0x339
 503 0236 44020000 		.4byte	0x244
 504 023a 0F       		.uleb128 0xf
 505 023b 01       		.uleb128 0x1
 506 023c 50       		.byte	0x50
 507 023d 05       		.uleb128 0x5
 508 023e 03       		.byte	0x3
 509 023f 00000000 		.4byte	finish_Handler
 510 0243 00       		.byte	0
 511 0244 15       		.uleb128 0x15
 512 0245 16000000 		.4byte	.LVL4
 513 0249 4A030000 		.4byte	0x34a
 514 024d 15       		.uleb128 0x15
 515 024e 1A000000 		.4byte	.LVL5
 516 0252 52030000 		.4byte	0x352
 517 0256 15       		.uleb128 0x15
 518 0257 1E000000 		.4byte	.LVL6
 519 025b 59030000 		.4byte	0x359
 520 025f 0E       		.uleb128 0xe
 521 0260 26000000 		.4byte	.LVL7
 522 0264 AC020000 		.4byte	0x2ac
 523 0268 77020000 		.4byte	0x277
 524 026c 0F       		.uleb128 0xf
 525 026d 01       		.uleb128 0x1
 526 026e 51       		.byte	0x51
 527 026f 01       		.uleb128 0x1
 528 0270 30       		.byte	0x30
 529 0271 0F       		.uleb128 0xf
 530 0272 01       		.uleb128 0x1
 531 0273 50       		.byte	0x50
 532 0274 01       		.uleb128 0x1
 533 0275 30       		.byte	0x30
 534 0276 00       		.byte	0
 535 0277 10       		.uleb128 0x10
 536 0278 2C000000 		.4byte	.LVL8
 537 027c FB020000 		.4byte	0x2fb
 538 0280 0F       		.uleb128 0xf
 539 0281 01       		.uleb128 0x1
 540 0282 50       		.byte	0x50
 541 0283 05       		.uleb128 0x5
ARM GAS  C:\Users\Petro\AppData\Local\Temp\ccmVysi5.s 			page 12


 542 0284 03       		.byte	0x3
 543 0285 00000000 		.4byte	.LC3
 544 0289 00       		.byte	0
 545 028a 00       		.byte	0
 546 028b 16       		.uleb128 0x16
 547 028c B3000000 		.4byte	0xb3
 548 0290 9B020000 		.4byte	0x29b
 549 0294 17       		.uleb128 0x17
 550 0295 CD000000 		.4byte	0xcd
 551 0299 1F       		.byte	0x1f
 552 029a 00       		.byte	0
 553 029b 18       		.uleb128 0x18
 554 029c B4000000 		.4byte	.LASF39
 555 02a0 01       		.byte	0x1
 556 02a1 16       		.byte	0x16
 557 02a2 E5000000 		.4byte	0xe5
 558 02a6 05       		.uleb128 0x5
 559 02a7 03       		.byte	0x3
 560 02a8 00000000 		.4byte	segment
 561 02ac 19       		.uleb128 0x19
 562 02ad 87010000 		.4byte	.LASF25
 563 02b1 05       		.byte	0x5
 564 02b2 3D       		.byte	0x3d
 565 02b3 C2020000 		.4byte	0x2c2
 566 02b7 1A       		.uleb128 0x1a
 567 02b8 81000000 		.4byte	0x81
 568 02bc 1A       		.uleb128 0x1a
 569 02bd 81000000 		.4byte	0x81
 570 02c1 00       		.byte	0
 571 02c2 1B       		.uleb128 0x1b
 572 02c3 96000000 		.4byte	.LASF26
 573 02c7 06       		.byte	0x6
 574 02c8 4701     		.2byte	0x147
 575 02ca D4020000 		.4byte	0x2d4
 576 02ce 1A       		.uleb128 0x1a
 577 02cf 8D000000 		.4byte	0x8d
 578 02d3 00       		.byte	0
 579 02d4 1C       		.uleb128 0x1c
 580 02d5 1D000000 		.4byte	.LASF40
 581 02d9 06       		.byte	0x6
 582 02da 4B01     		.2byte	0x14b
 583 02dc 8D000000 		.4byte	0x8d
 584 02e0 1D       		.uleb128 0x1d
 585 02e1 9B020000 		.4byte	.LASF41
 586 02e5 0B       		.byte	0xb
 587 02e6 DE       		.byte	0xde
 588 02e7 68000000 		.4byte	0x68
 589 02eb FB020000 		.4byte	0x2fb
 590 02ef 1A       		.uleb128 0x1a
 591 02f0 D4000000 		.4byte	0xd4
 592 02f4 1A       		.uleb128 0x1a
 593 02f5 DA000000 		.4byte	0xda
 594 02f9 1E       		.uleb128 0x1e
 595 02fa 00       		.byte	0
 596 02fb 19       		.uleb128 0x19
 597 02fc DE000000 		.4byte	.LASF27
 598 0300 05       		.byte	0x5
ARM GAS  C:\Users\Petro\AppData\Local\Temp\ccmVysi5.s 			page 13


 599 0301 3C       		.byte	0x3c
 600 0302 0C030000 		.4byte	0x30c
 601 0306 1A       		.uleb128 0x1a
 602 0307 0C030000 		.4byte	0x30c
 603 030b 00       		.byte	0
 604 030c 06       		.uleb128 0x6
 605 030d 04       		.byte	0x4
 606 030e 12030000 		.4byte	0x312
 607 0312 08       		.uleb128 0x8
 608 0313 A7000000 		.4byte	0xa7
 609 0317 19       		.uleb128 0x19
 610 0318 A3020000 		.4byte	.LASF28
 611 031c 07       		.byte	0x7
 612 031d 5A       		.byte	0x5a
 613 031e 28030000 		.4byte	0x328
 614 0322 1A       		.uleb128 0x1a
 615 0323 8D000000 		.4byte	0x8d
 616 0327 00       		.byte	0
 617 0328 19       		.uleb128 0x19
 618 0329 62020000 		.4byte	.LASF29
 619 032d 08       		.byte	0x8
 620 032e 18       		.byte	0x18
 621 032f 39030000 		.4byte	0x339
 622 0333 1A       		.uleb128 0x1a
 623 0334 BA000000 		.4byte	0xba
 624 0338 00       		.byte	0
 625 0339 19       		.uleb128 0x19
 626 033a 00000000 		.4byte	.LASF30
 627 033e 09       		.byte	0x9
 628 033f 18       		.byte	0x18
 629 0340 4A030000 		.4byte	0x34a
 630 0344 1A       		.uleb128 0x1a
 631 0345 BA000000 		.4byte	0xba
 632 0349 00       		.byte	0
 633 034a 1F       		.uleb128 0x1f
 634 034b 57010000 		.4byte	.LASF31
 635 034f 06       		.byte	0x6
 636 0350 3201     		.2byte	0x132
 637 0352 20       		.uleb128 0x20
 638 0353 8B000000 		.4byte	.LASF32
 639 0357 0A       		.byte	0xa
 640 0358 68       		.byte	0x68
 641 0359 20       		.uleb128 0x20
 642 035a 13000000 		.4byte	.LASF33
 643 035e 05       		.byte	0x5
 644 035f 38       		.byte	0x38
 645 0360 00       		.byte	0
 646              		.section	.debug_abbrev,"",%progbits
 647              	.Ldebug_abbrev0:
 648 0000 01       		.uleb128 0x1
 649 0001 11       		.uleb128 0x11
 650 0002 01       		.byte	0x1
 651 0003 25       		.uleb128 0x25
 652 0004 0E       		.uleb128 0xe
 653 0005 13       		.uleb128 0x13
 654 0006 0B       		.uleb128 0xb
 655 0007 03       		.uleb128 0x3
ARM GAS  C:\Users\Petro\AppData\Local\Temp\ccmVysi5.s 			page 14


 656 0008 0E       		.uleb128 0xe
 657 0009 1B       		.uleb128 0x1b
 658 000a 0E       		.uleb128 0xe
 659 000b 55       		.uleb128 0x55
 660 000c 17       		.uleb128 0x17
 661 000d 11       		.uleb128 0x11
 662 000e 01       		.uleb128 0x1
 663 000f 10       		.uleb128 0x10
 664 0010 17       		.uleb128 0x17
 665 0011 00       		.byte	0
 666 0012 00       		.byte	0
 667 0013 02       		.uleb128 0x2
 668 0014 24       		.uleb128 0x24
 669 0015 00       		.byte	0
 670 0016 0B       		.uleb128 0xb
 671 0017 0B       		.uleb128 0xb
 672 0018 3E       		.uleb128 0x3e
 673 0019 0B       		.uleb128 0xb
 674 001a 03       		.uleb128 0x3
 675 001b 0E       		.uleb128 0xe
 676 001c 00       		.byte	0
 677 001d 00       		.byte	0
 678 001e 03       		.uleb128 0x3
 679 001f 16       		.uleb128 0x16
 680 0020 00       		.byte	0
 681 0021 03       		.uleb128 0x3
 682 0022 0E       		.uleb128 0xe
 683 0023 3A       		.uleb128 0x3a
 684 0024 0B       		.uleb128 0xb
 685 0025 3B       		.uleb128 0x3b
 686 0026 0B       		.uleb128 0xb
 687 0027 49       		.uleb128 0x49
 688 0028 13       		.uleb128 0x13
 689 0029 00       		.byte	0
 690 002a 00       		.byte	0
 691 002b 04       		.uleb128 0x4
 692 002c 24       		.uleb128 0x24
 693 002d 00       		.byte	0
 694 002e 0B       		.uleb128 0xb
 695 002f 0B       		.uleb128 0xb
 696 0030 3E       		.uleb128 0x3e
 697 0031 0B       		.uleb128 0xb
 698 0032 03       		.uleb128 0x3
 699 0033 08       		.uleb128 0x8
 700 0034 00       		.byte	0
 701 0035 00       		.byte	0
 702 0036 05       		.uleb128 0x5
 703 0037 16       		.uleb128 0x16
 704 0038 00       		.byte	0
 705 0039 03       		.uleb128 0x3
 706 003a 0E       		.uleb128 0xe
 707 003b 3A       		.uleb128 0x3a
 708 003c 0B       		.uleb128 0xb
 709 003d 3B       		.uleb128 0x3b
 710 003e 05       		.uleb128 0x5
 711 003f 49       		.uleb128 0x49
 712 0040 13       		.uleb128 0x13
ARM GAS  C:\Users\Petro\AppData\Local\Temp\ccmVysi5.s 			page 15


 713 0041 00       		.byte	0
 714 0042 00       		.byte	0
 715 0043 06       		.uleb128 0x6
 716 0044 0F       		.uleb128 0xf
 717 0045 00       		.byte	0
 718 0046 0B       		.uleb128 0xb
 719 0047 0B       		.uleb128 0xb
 720 0048 49       		.uleb128 0x49
 721 0049 13       		.uleb128 0x13
 722 004a 00       		.byte	0
 723 004b 00       		.byte	0
 724 004c 07       		.uleb128 0x7
 725 004d 15       		.uleb128 0x15
 726 004e 00       		.byte	0
 727 004f 27       		.uleb128 0x27
 728 0050 19       		.uleb128 0x19
 729 0051 00       		.byte	0
 730 0052 00       		.byte	0
 731 0053 08       		.uleb128 0x8
 732 0054 26       		.uleb128 0x26
 733 0055 00       		.byte	0
 734 0056 49       		.uleb128 0x49
 735 0057 13       		.uleb128 0x13
 736 0058 00       		.byte	0
 737 0059 00       		.byte	0
 738 005a 09       		.uleb128 0x9
 739 005b 13       		.uleb128 0x13
 740 005c 01       		.byte	0x1
 741 005d 03       		.uleb128 0x3
 742 005e 0E       		.uleb128 0xe
 743 005f 0B       		.uleb128 0xb
 744 0060 0B       		.uleb128 0xb
 745 0061 3A       		.uleb128 0x3a
 746 0062 0B       		.uleb128 0xb
 747 0063 3B       		.uleb128 0x3b
 748 0064 0B       		.uleb128 0xb
 749 0065 01       		.uleb128 0x1
 750 0066 13       		.uleb128 0x13
 751 0067 00       		.byte	0
 752 0068 00       		.byte	0
 753 0069 0A       		.uleb128 0xa
 754 006a 0D       		.uleb128 0xd
 755 006b 00       		.byte	0
 756 006c 03       		.uleb128 0x3
 757 006d 0E       		.uleb128 0xe
 758 006e 3A       		.uleb128 0x3a
 759 006f 0B       		.uleb128 0xb
 760 0070 3B       		.uleb128 0x3b
 761 0071 0B       		.uleb128 0xb
 762 0072 49       		.uleb128 0x49
 763 0073 13       		.uleb128 0x13
 764 0074 38       		.uleb128 0x38
 765 0075 0B       		.uleb128 0xb
 766 0076 00       		.byte	0
 767 0077 00       		.byte	0
 768 0078 0B       		.uleb128 0xb
 769 0079 0D       		.uleb128 0xd
ARM GAS  C:\Users\Petro\AppData\Local\Temp\ccmVysi5.s 			page 16


 770 007a 00       		.byte	0
 771 007b 03       		.uleb128 0x3
 772 007c 08       		.uleb128 0x8
 773 007d 3A       		.uleb128 0x3a
 774 007e 0B       		.uleb128 0xb
 775 007f 3B       		.uleb128 0x3b
 776 0080 0B       		.uleb128 0xb
 777 0081 49       		.uleb128 0x49
 778 0082 13       		.uleb128 0x13
 779 0083 38       		.uleb128 0x38
 780 0084 0B       		.uleb128 0xb
 781 0085 00       		.byte	0
 782 0086 00       		.byte	0
 783 0087 0C       		.uleb128 0xc
 784 0088 2E       		.uleb128 0x2e
 785 0089 00       		.byte	0
 786 008a 3F       		.uleb128 0x3f
 787 008b 19       		.uleb128 0x19
 788 008c 03       		.uleb128 0x3
 789 008d 0E       		.uleb128 0xe
 790 008e 3A       		.uleb128 0x3a
 791 008f 0B       		.uleb128 0xb
 792 0090 3B       		.uleb128 0x3b
 793 0091 0B       		.uleb128 0xb
 794 0092 27       		.uleb128 0x27
 795 0093 19       		.uleb128 0x19
 796 0094 11       		.uleb128 0x11
 797 0095 01       		.uleb128 0x1
 798 0096 12       		.uleb128 0x12
 799 0097 06       		.uleb128 0x6
 800 0098 40       		.uleb128 0x40
 801 0099 18       		.uleb128 0x18
 802 009a 9742     		.uleb128 0x2117
 803 009c 19       		.uleb128 0x19
 804 009d 00       		.byte	0
 805 009e 00       		.byte	0
 806 009f 0D       		.uleb128 0xd
 807 00a0 2E       		.uleb128 0x2e
 808 00a1 01       		.byte	0x1
 809 00a2 3F       		.uleb128 0x3f
 810 00a3 19       		.uleb128 0x19
 811 00a4 03       		.uleb128 0x3
 812 00a5 0E       		.uleb128 0xe
 813 00a6 3A       		.uleb128 0x3a
 814 00a7 0B       		.uleb128 0xb
 815 00a8 3B       		.uleb128 0x3b
 816 00a9 0B       		.uleb128 0xb
 817 00aa 27       		.uleb128 0x27
 818 00ab 19       		.uleb128 0x19
 819 00ac 11       		.uleb128 0x11
 820 00ad 01       		.uleb128 0x1
 821 00ae 12       		.uleb128 0x12
 822 00af 06       		.uleb128 0x6
 823 00b0 40       		.uleb128 0x40
 824 00b1 18       		.uleb128 0x18
 825 00b2 9742     		.uleb128 0x2117
 826 00b4 19       		.uleb128 0x19
ARM GAS  C:\Users\Petro\AppData\Local\Temp\ccmVysi5.s 			page 17


 827 00b5 01       		.uleb128 0x1
 828 00b6 13       		.uleb128 0x13
 829 00b7 00       		.byte	0
 830 00b8 00       		.byte	0
 831 00b9 0E       		.uleb128 0xe
 832 00ba 898201   		.uleb128 0x4109
 833 00bd 01       		.byte	0x1
 834 00be 11       		.uleb128 0x11
 835 00bf 01       		.uleb128 0x1
 836 00c0 31       		.uleb128 0x31
 837 00c1 13       		.uleb128 0x13
 838 00c2 01       		.uleb128 0x1
 839 00c3 13       		.uleb128 0x13
 840 00c4 00       		.byte	0
 841 00c5 00       		.byte	0
 842 00c6 0F       		.uleb128 0xf
 843 00c7 8A8201   		.uleb128 0x410a
 844 00ca 00       		.byte	0
 845 00cb 02       		.uleb128 0x2
 846 00cc 18       		.uleb128 0x18
 847 00cd 9142     		.uleb128 0x2111
 848 00cf 18       		.uleb128 0x18
 849 00d0 00       		.byte	0
 850 00d1 00       		.byte	0
 851 00d2 10       		.uleb128 0x10
 852 00d3 898201   		.uleb128 0x4109
 853 00d6 01       		.byte	0x1
 854 00d7 11       		.uleb128 0x11
 855 00d8 01       		.uleb128 0x1
 856 00d9 31       		.uleb128 0x31
 857 00da 13       		.uleb128 0x13
 858 00db 00       		.byte	0
 859 00dc 00       		.byte	0
 860 00dd 11       		.uleb128 0x11
 861 00de 2E       		.uleb128 0x2e
 862 00df 01       		.byte	0x1
 863 00e0 3F       		.uleb128 0x3f
 864 00e1 19       		.uleb128 0x19
 865 00e2 03       		.uleb128 0x3
 866 00e3 0E       		.uleb128 0xe
 867 00e4 3A       		.uleb128 0x3a
 868 00e5 0B       		.uleb128 0xb
 869 00e6 3B       		.uleb128 0x3b
 870 00e7 0B       		.uleb128 0xb
 871 00e8 49       		.uleb128 0x49
 872 00e9 13       		.uleb128 0x13
 873 00ea 11       		.uleb128 0x11
 874 00eb 01       		.uleb128 0x1
 875 00ec 12       		.uleb128 0x12
 876 00ed 06       		.uleb128 0x6
 877 00ee 40       		.uleb128 0x40
 878 00ef 18       		.uleb128 0x18
 879 00f0 9742     		.uleb128 0x2117
 880 00f2 19       		.uleb128 0x19
 881 00f3 01       		.uleb128 0x1
 882 00f4 13       		.uleb128 0x13
 883 00f5 00       		.byte	0
ARM GAS  C:\Users\Petro\AppData\Local\Temp\ccmVysi5.s 			page 18


 884 00f6 00       		.byte	0
 885 00f7 12       		.uleb128 0x12
 886 00f8 34       		.uleb128 0x34
 887 00f9 00       		.byte	0
 888 00fa 03       		.uleb128 0x3
 889 00fb 0E       		.uleb128 0xe
 890 00fc 3A       		.uleb128 0x3a
 891 00fd 0B       		.uleb128 0xb
 892 00fe 3B       		.uleb128 0x3b
 893 00ff 0B       		.uleb128 0xb
 894 0100 49       		.uleb128 0x49
 895 0101 13       		.uleb128 0x13
 896 0102 02       		.uleb128 0x2
 897 0103 18       		.uleb128 0x18
 898 0104 00       		.byte	0
 899 0105 00       		.byte	0
 900 0106 13       		.uleb128 0x13
 901 0107 0B       		.uleb128 0xb
 902 0108 01       		.byte	0x1
 903 0109 11       		.uleb128 0x11
 904 010a 01       		.uleb128 0x1
 905 010b 12       		.uleb128 0x12
 906 010c 06       		.uleb128 0x6
 907 010d 01       		.uleb128 0x1
 908 010e 13       		.uleb128 0x13
 909 010f 00       		.byte	0
 910 0110 00       		.byte	0
 911 0111 14       		.uleb128 0x14
 912 0112 34       		.uleb128 0x34
 913 0113 00       		.byte	0
 914 0114 03       		.uleb128 0x3
 915 0115 0E       		.uleb128 0xe
 916 0116 3A       		.uleb128 0x3a
 917 0117 0B       		.uleb128 0xb
 918 0118 3B       		.uleb128 0x3b
 919 0119 0B       		.uleb128 0xb
 920 011a 49       		.uleb128 0x49
 921 011b 13       		.uleb128 0x13
 922 011c 02       		.uleb128 0x2
 923 011d 17       		.uleb128 0x17
 924 011e 00       		.byte	0
 925 011f 00       		.byte	0
 926 0120 15       		.uleb128 0x15
 927 0121 898201   		.uleb128 0x4109
 928 0124 00       		.byte	0
 929 0125 11       		.uleb128 0x11
 930 0126 01       		.uleb128 0x1
 931 0127 31       		.uleb128 0x31
 932 0128 13       		.uleb128 0x13
 933 0129 00       		.byte	0
 934 012a 00       		.byte	0
 935 012b 16       		.uleb128 0x16
 936 012c 01       		.uleb128 0x1
 937 012d 01       		.byte	0x1
 938 012e 49       		.uleb128 0x49
 939 012f 13       		.uleb128 0x13
 940 0130 01       		.uleb128 0x1
ARM GAS  C:\Users\Petro\AppData\Local\Temp\ccmVysi5.s 			page 19


 941 0131 13       		.uleb128 0x13
 942 0132 00       		.byte	0
 943 0133 00       		.byte	0
 944 0134 17       		.uleb128 0x17
 945 0135 21       		.uleb128 0x21
 946 0136 00       		.byte	0
 947 0137 49       		.uleb128 0x49
 948 0138 13       		.uleb128 0x13
 949 0139 2F       		.uleb128 0x2f
 950 013a 0B       		.uleb128 0xb
 951 013b 00       		.byte	0
 952 013c 00       		.byte	0
 953 013d 18       		.uleb128 0x18
 954 013e 34       		.uleb128 0x34
 955 013f 00       		.byte	0
 956 0140 03       		.uleb128 0x3
 957 0141 0E       		.uleb128 0xe
 958 0142 3A       		.uleb128 0x3a
 959 0143 0B       		.uleb128 0xb
 960 0144 3B       		.uleb128 0x3b
 961 0145 0B       		.uleb128 0xb
 962 0146 49       		.uleb128 0x49
 963 0147 13       		.uleb128 0x13
 964 0148 3F       		.uleb128 0x3f
 965 0149 19       		.uleb128 0x19
 966 014a 02       		.uleb128 0x2
 967 014b 18       		.uleb128 0x18
 968 014c 00       		.byte	0
 969 014d 00       		.byte	0
 970 014e 19       		.uleb128 0x19
 971 014f 2E       		.uleb128 0x2e
 972 0150 01       		.byte	0x1
 973 0151 3F       		.uleb128 0x3f
 974 0152 19       		.uleb128 0x19
 975 0153 03       		.uleb128 0x3
 976 0154 0E       		.uleb128 0xe
 977 0155 3A       		.uleb128 0x3a
 978 0156 0B       		.uleb128 0xb
 979 0157 3B       		.uleb128 0x3b
 980 0158 0B       		.uleb128 0xb
 981 0159 27       		.uleb128 0x27
 982 015a 19       		.uleb128 0x19
 983 015b 3C       		.uleb128 0x3c
 984 015c 19       		.uleb128 0x19
 985 015d 01       		.uleb128 0x1
 986 015e 13       		.uleb128 0x13
 987 015f 00       		.byte	0
 988 0160 00       		.byte	0
 989 0161 1A       		.uleb128 0x1a
 990 0162 05       		.uleb128 0x5
 991 0163 00       		.byte	0
 992 0164 49       		.uleb128 0x49
 993 0165 13       		.uleb128 0x13
 994 0166 00       		.byte	0
 995 0167 00       		.byte	0
 996 0168 1B       		.uleb128 0x1b
 997 0169 2E       		.uleb128 0x2e
ARM GAS  C:\Users\Petro\AppData\Local\Temp\ccmVysi5.s 			page 20


 998 016a 01       		.byte	0x1
 999 016b 3F       		.uleb128 0x3f
 1000 016c 19       		.uleb128 0x19
 1001 016d 03       		.uleb128 0x3
 1002 016e 0E       		.uleb128 0xe
 1003 016f 3A       		.uleb128 0x3a
 1004 0170 0B       		.uleb128 0xb
 1005 0171 3B       		.uleb128 0x3b
 1006 0172 05       		.uleb128 0x5
 1007 0173 27       		.uleb128 0x27
 1008 0174 19       		.uleb128 0x19
 1009 0175 3C       		.uleb128 0x3c
 1010 0176 19       		.uleb128 0x19
 1011 0177 01       		.uleb128 0x1
 1012 0178 13       		.uleb128 0x13
 1013 0179 00       		.byte	0
 1014 017a 00       		.byte	0
 1015 017b 1C       		.uleb128 0x1c
 1016 017c 2E       		.uleb128 0x2e
 1017 017d 00       		.byte	0
 1018 017e 3F       		.uleb128 0x3f
 1019 017f 19       		.uleb128 0x19
 1020 0180 03       		.uleb128 0x3
 1021 0181 0E       		.uleb128 0xe
 1022 0182 3A       		.uleb128 0x3a
 1023 0183 0B       		.uleb128 0xb
 1024 0184 3B       		.uleb128 0x3b
 1025 0185 05       		.uleb128 0x5
 1026 0186 27       		.uleb128 0x27
 1027 0187 19       		.uleb128 0x19
 1028 0188 49       		.uleb128 0x49
 1029 0189 13       		.uleb128 0x13
 1030 018a 3C       		.uleb128 0x3c
 1031 018b 19       		.uleb128 0x19
 1032 018c 00       		.byte	0
 1033 018d 00       		.byte	0
 1034 018e 1D       		.uleb128 0x1d
 1035 018f 2E       		.uleb128 0x2e
 1036 0190 01       		.byte	0x1
 1037 0191 3F       		.uleb128 0x3f
 1038 0192 19       		.uleb128 0x19
 1039 0193 03       		.uleb128 0x3
 1040 0194 0E       		.uleb128 0xe
 1041 0195 3A       		.uleb128 0x3a
 1042 0196 0B       		.uleb128 0xb
 1043 0197 3B       		.uleb128 0x3b
 1044 0198 0B       		.uleb128 0xb
 1045 0199 27       		.uleb128 0x27
 1046 019a 19       		.uleb128 0x19
 1047 019b 49       		.uleb128 0x49
 1048 019c 13       		.uleb128 0x13
 1049 019d 3C       		.uleb128 0x3c
 1050 019e 19       		.uleb128 0x19
 1051 019f 01       		.uleb128 0x1
 1052 01a0 13       		.uleb128 0x13
 1053 01a1 00       		.byte	0
 1054 01a2 00       		.byte	0
ARM GAS  C:\Users\Petro\AppData\Local\Temp\ccmVysi5.s 			page 21


 1055 01a3 1E       		.uleb128 0x1e
 1056 01a4 18       		.uleb128 0x18
 1057 01a5 00       		.byte	0
 1058 01a6 00       		.byte	0
 1059 01a7 00       		.byte	0
 1060 01a8 1F       		.uleb128 0x1f
 1061 01a9 2E       		.uleb128 0x2e
 1062 01aa 00       		.byte	0
 1063 01ab 3F       		.uleb128 0x3f
 1064 01ac 19       		.uleb128 0x19
 1065 01ad 03       		.uleb128 0x3
 1066 01ae 0E       		.uleb128 0xe
 1067 01af 3A       		.uleb128 0x3a
 1068 01b0 0B       		.uleb128 0xb
 1069 01b1 3B       		.uleb128 0x3b
 1070 01b2 05       		.uleb128 0x5
 1071 01b3 27       		.uleb128 0x27
 1072 01b4 19       		.uleb128 0x19
 1073 01b5 3C       		.uleb128 0x3c
 1074 01b6 19       		.uleb128 0x19
 1075 01b7 00       		.byte	0
 1076 01b8 00       		.byte	0
 1077 01b9 20       		.uleb128 0x20
 1078 01ba 2E       		.uleb128 0x2e
 1079 01bb 00       		.byte	0
 1080 01bc 3F       		.uleb128 0x3f
 1081 01bd 19       		.uleb128 0x19
 1082 01be 03       		.uleb128 0x3
 1083 01bf 0E       		.uleb128 0xe
 1084 01c0 3A       		.uleb128 0x3a
 1085 01c1 0B       		.uleb128 0xb
 1086 01c2 3B       		.uleb128 0x3b
 1087 01c3 0B       		.uleb128 0xb
 1088 01c4 27       		.uleb128 0x27
 1089 01c5 19       		.uleb128 0x19
 1090 01c6 3C       		.uleb128 0x3c
 1091 01c7 19       		.uleb128 0x19
 1092 01c8 00       		.byte	0
 1093 01c9 00       		.byte	0
 1094 01ca 00       		.byte	0
 1095              		.section	.debug_loc,"",%progbits
 1096              	.Ldebug_loc0:
 1097              	.LLST0:
 1098 0000 30000000 		.4byte	.LVL9
 1099 0004 3C000000 		.4byte	.LVL10
 1100 0008 0100     		.2byte	0x1
 1101 000a 50       		.byte	0x50
 1102 000b 00000000 		.4byte	0
 1103 000f 00000000 		.4byte	0
 1104              		.section	.debug_aranges,"",%progbits
 1105 0000 2C000000 		.4byte	0x2c
 1106 0004 0200     		.2byte	0x2
 1107 0006 00000000 		.4byte	.Ldebug_info0
 1108 000a 04       		.byte	0x4
 1109 000b 00       		.byte	0
 1110 000c 0000     		.2byte	0
 1111 000e 0000     		.2byte	0
ARM GAS  C:\Users\Petro\AppData\Local\Temp\ccmVysi5.s 			page 22


 1112 0010 00000000 		.4byte	.LFB38
 1113 0014 02000000 		.4byte	.LFE38-.LFB38
 1114 0018 00000000 		.4byte	.LFB37
 1115 001c 4C000000 		.4byte	.LFE37-.LFB37
 1116 0020 00000000 		.4byte	.LFB39
 1117 0024 74000000 		.4byte	.LFE39-.LFB39
 1118 0028 00000000 		.4byte	0
 1119 002c 00000000 		.4byte	0
 1120              		.section	.debug_ranges,"",%progbits
 1121              	.Ldebug_ranges0:
 1122 0000 00000000 		.4byte	.LFB38
 1123 0004 02000000 		.4byte	.LFE38
 1124 0008 00000000 		.4byte	.LFB37
 1125 000c 4C000000 		.4byte	.LFE37
 1126 0010 00000000 		.4byte	.LFB39
 1127 0014 74000000 		.4byte	.LFE39
 1128 0018 00000000 		.4byte	0
 1129 001c 00000000 		.4byte	0
 1130              		.section	.debug_line,"",%progbits
 1131              	.Ldebug_line0:
 1132 0000 F0010000 		.section	.debug_str,"MS",%progbits,1
 1132      02008D01 
 1132      00000201 
 1132      FB0E0D00 
 1132      01010101 
 1133              	.LASF30:
 1134 0000 66696E69 		.ascii	"finish_int_StartEx\000"
 1134      73685F69 
 1134      6E745F53 
 1134      74617274 
 1134      457800
 1135              	.LASF33:
 1136 0013 4C43445F 		.ascii	"LCD_Start\000"
 1136      53746172 
 1136      7400
 1137              	.LASF40:
 1138 001d 54696D65 		.ascii	"Timer_ReadCounter\000"
 1138      725F5265 
 1138      6164436F 
 1138      756E7465 
 1138      7200
 1139              	.LASF23:
 1140 002f 6C63645F 		.ascii	"lcd_buffer\000"
 1140      62756666 
 1140      657200
 1141              	.LASF14:
 1142 003a 646F7562 		.ascii	"double\000"
 1142      6C6500
 1143              	.LASF13:
 1144 0041 666C6F61 		.ascii	"float\000"
 1144      7400
 1145              	.LASF24:
 1146 0047 636F756E 		.ascii	"counter\000"
 1146      74657200 
 1147              	.LASF11:
 1148 004f 75696E74 		.ascii	"uint8\000"
 1148      3800
ARM GAS  C:\Users\Petro\AppData\Local\Temp\ccmVysi5.s 			page 23


 1149              	.LASF1:
 1150 0055 756E7369 		.ascii	"unsigned char\000"
 1150      676E6564 
 1150      20636861 
 1150      7200
 1151              	.LASF15:
 1152 0063 63686172 		.ascii	"char8\000"
 1152      3800
 1153              	.LASF38:
 1154 0069 66696E69 		.ascii	"finish_Handler\000"
 1154      73685F48 
 1154      616E646C 
 1154      657200
 1155              	.LASF3:
 1156 0078 73686F72 		.ascii	"short unsigned int\000"
 1156      7420756E 
 1156      7369676E 
 1156      65642069 
 1156      6E7400
 1157              	.LASF32:
 1158 008b 55415254 		.ascii	"UART_Start\000"
 1158      5F537461 
 1158      727400
 1159              	.LASF26:
 1160 0096 54696D65 		.ascii	"Timer_ClearInterrupt\000"
 1160      725F436C 
 1160      65617249 
 1160      6E746572 
 1160      72757074 
 1161              	.LASF35:
 1162 00ab 2E5C6D61 		.ascii	".\\main.c\000"
 1162      696E2E63 
 1162      00
 1163              	.LASF39:
 1164 00b4 7365676D 		.ascii	"segment\000"
 1164      656E7400 
 1165              	.LASF9:
 1166 00bc 5F5F7569 		.ascii	"__uint16_t\000"
 1166      6E743136 
 1166      5F7400
 1167              	.LASF5:
 1168 00c7 6C6F6E67 		.ascii	"long unsigned int\000"
 1168      20756E73 
 1168      69676E65 
 1168      6420696E 
 1168      7400
 1169              	.LASF22:
 1170 00d9 6D61696E 		.ascii	"main\000"
 1170      00
 1171              	.LASF27:
 1172 00de 4C43445F 		.ascii	"LCD_PrintString\000"
 1172      5072696E 
 1172      74537472 
 1172      696E6700 
 1173              	.LASF36:
 1174 00ee 443A5C43 		.ascii	"D:\\Cypress\\system-start-finish\\software\\finish\\"
 1174      79707265 
ARM GAS  C:\Users\Petro\AppData\Local\Temp\ccmVysi5.s 			page 24


 1174      73735C73 
 1174      79737465 
 1174      6D2D7374 
 1175 011d 73616E64 		.ascii	"sandbox\\Workspace01\\finish01.timer_uart.cydsn\000"
 1175      626F785C 
 1175      576F726B 
 1175      73706163 
 1175      6530315C 
 1176              	.LASF20:
 1177 014b 6D736563 		.ascii	"msec\000"
 1177      00
 1178              	.LASF12:
 1179 0150 75696E74 		.ascii	"uint32\000"
 1179      333200
 1180              	.LASF31:
 1181 0157 54696D65 		.ascii	"Timer_Start\000"
 1181      725F5374 
 1181      61727400 
 1182              	.LASF8:
 1183 0163 756E7369 		.ascii	"unsigned int\000"
 1183      676E6564 
 1183      20696E74 
 1183      00
 1184              	.LASF7:
 1185 0170 6C6F6E67 		.ascii	"long long unsigned int\000"
 1185      206C6F6E 
 1185      6720756E 
 1185      7369676E 
 1185      65642069 
 1186              	.LASF25:
 1187 0187 4C43445F 		.ascii	"LCD_Position\000"
 1187      506F7369 
 1187      74696F6E 
 1187      00
 1188              	.LASF19:
 1189 0194 686F7572 		.ascii	"hour\000"
 1189      00
 1190              	.LASF17:
 1191 0199 63796973 		.ascii	"cyisraddress\000"
 1191      72616464 
 1191      72657373 
 1191      00
 1192              	.LASF21:
 1193 01a6 77697265 		.ascii	"wire_Handler\000"
 1193      5F48616E 
 1193      646C6572 
 1193      00
 1194              	.LASF37:
 1195 01b3 74696D65 		.ascii	"time\000"
 1195      00
 1196              	.LASF18:
 1197 01b8 73697A65 		.ascii	"sizetype\000"
 1197      74797065 
 1197      00
 1198              	.LASF6:
 1199 01c1 6C6F6E67 		.ascii	"long long int\000"
 1199      206C6F6E 
ARM GAS  C:\Users\Petro\AppData\Local\Temp\ccmVysi5.s 			page 25


 1199      6720696E 
 1199      7400
 1200              	.LASF16:
 1201 01cf 63686172 		.ascii	"char\000"
 1201      00
 1202              	.LASF34:
 1203 01d4 474E5520 		.ascii	"GNU C 4.9.3 20150303 (release) [ARM/embedded-4_9-br"
 1203      4320342E 
 1203      392E3320 
 1203      32303135 
 1203      30333033 
 1204 0207 616E6368 		.ascii	"anch revision 221220] -mcpu=cortex-m0 -mthumb -g -O"
 1204      20726576 
 1204      6973696F 
 1204      6E203232 
 1204      31323230 
 1205 023a 67202D66 		.ascii	"g -ffunction-sections -ffat-lto-objects\000"
 1205      66756E63 
 1205      74696F6E 
 1205      2D736563 
 1205      74696F6E 
 1206              	.LASF29:
 1207 0262 77697265 		.ascii	"wire_int_StartEx\000"
 1207      5F696E74 
 1207      5F537461 
 1207      72744578 
 1207      00
 1208              	.LASF2:
 1209 0273 73686F72 		.ascii	"short int\000"
 1209      7420696E 
 1209      7400
 1210              	.LASF10:
 1211 027d 75696E74 		.ascii	"uint16_t\000"
 1211      31365F74 
 1211      00
 1212              	.LASF4:
 1213 0286 6C6F6E67 		.ascii	"long int\000"
 1213      20696E74 
 1213      00
 1214              	.LASF0:
 1215 028f 7369676E 		.ascii	"signed char\000"
 1215      65642063 
 1215      68617200 
 1216              	.LASF41:
 1217 029b 73707269 		.ascii	"sprintf\000"
 1217      6E746600 
 1218              	.LASF28:
 1219 02a3 43794465 		.ascii	"CyDelay\000"
 1219      6C617900 
 1220              		.ident	"GCC: (GNU Tools for ARM Embedded Processors) 4.9.3 20150303 (release) [ARM/embedded-4_9-br
