ARM GAS  C:\Users\Petro\AppData\Local\Temp\ccwutRWB.s 			page 1


   1              		.cpu cortex-m0
   2              		.fpu softvfp
   3              		.eabi_attribute 20, 1
   4              		.eabi_attribute 21, 1
   5              		.eabi_attribute 23, 3
   6              		.eabi_attribute 24, 1
   7              		.eabi_attribute 25, 1
   8              		.eabi_attribute 26, 1
   9              		.eabi_attribute 30, 1
  10              		.eabi_attribute 34, 0
  11              		.eabi_attribute 18, 4
  12              		.code	16
  13              		.file	"main.c"
  14              		.text
  15              	.Ltext0:
  16              		.cfi_sections	.debug_frame
  17              		.section	.text.butto_Handler,"ax",%progbits
  18              		.align	2
  19              		.global	butto_Handler
  20              		.code	16
  21              		.thumb_func
  22              		.type	butto_Handler, %function
  23              	butto_Handler:
  24              	.LFB34:
  25              		.file 1 ".\\main.c"
   1:.\main.c      **** /* ========================================
   2:.\main.c      ****  *
   3:.\main.c      ****  * Copyright YOUR COMPANY, THE YEAR
   4:.\main.c      ****  * All Rights Reserved
   5:.\main.c      ****  * UNPUBLISHED, LICENSED SOFTWARE.
   6:.\main.c      ****  *
   7:.\main.c      ****  * CONFIDENTIAL AND PROPRIETARY INFORMATION
   8:.\main.c      ****  * WHICH IS THE PROPERTY OF your company.
   9:.\main.c      ****  *
  10:.\main.c      ****  * ========================================
  11:.\main.c      **** */
  12:.\main.c      **** #include <project.h>
  13:.\main.c      **** 
  14:.\main.c      **** CY_ISR(butto_Handler)
  15:.\main.c      **** {
  26              		.loc 1 15 0
  27              		.cfi_startproc
  28 0000 08B5     		push	{r3, lr}
  29              		.cfi_def_cfa_offset 8
  30              		.cfi_offset 3, -8
  31              		.cfi_offset 14, -4
  16:.\main.c      ****     Pin_blue_Write(~Pin_blue_Read());
  32              		.loc 1 16 0
  33 0002 FFF7FEFF 		bl	Pin_blue_Read
  34              	.LVL0:
  35 0006 C043     		mvn	r0, r0
  36 0008 C0B2     		uxtb	r0, r0
  37 000a FFF7FEFF 		bl	Pin_blue_Write
  38              	.LVL1:
  17:.\main.c      ****     Pin_wire_Write(1);
  39              		.loc 1 17 0
  40 000e 0120     		mov	r0, #1
ARM GAS  C:\Users\Petro\AppData\Local\Temp\ccwutRWB.s 			page 2


  41 0010 FFF7FEFF 		bl	Pin_wire_Write
  42              	.LVL2:
  18:.\main.c      ****     
  19:.\main.c      ****     button_ClearInterrupt();
  43              		.loc 1 19 0
  44 0014 FFF7FEFF 		bl	button_ClearInterrupt
  45              	.LVL3:
  20:.\main.c      **** }
  46              		.loc 1 20 0
  47              		@ sp needed
  48 0018 08BD     		pop	{r3, pc}
  49              		.cfi_endproc
  50              	.LFE34:
  51              		.size	butto_Handler, .-butto_Handler
  52 001a C046     		.section	.text.main,"ax",%progbits
  53              		.align	2
  54              		.global	main
  55              		.code	16
  56              		.thumb_func
  57              		.type	main, %function
  58              	main:
  59              	.LFB35:
  21:.\main.c      **** 
  22:.\main.c      **** int main()
  23:.\main.c      **** {
  60              		.loc 1 23 0
  61              		.cfi_startproc
  62 0000 08B5     		push	{r3, lr}
  63              		.cfi_def_cfa_offset 8
  64              		.cfi_offset 3, -8
  65              		.cfi_offset 14, -4
  24:.\main.c      ****     CyGlobalIntEnable; /* Enable global interrupts. */ 
  66              		.loc 1 24 0
  67              	@ 24 ".\main.c" 1
  68 0002 62B6     		CPSIE   i
  69              	@ 0 "" 2
  25:.\main.c      ****     butt_int_StartEx(butto_Handler);
  70              		.loc 1 25 0
  71              		.code	16
  72 0004 0648     		ldr	r0, .L5
  73 0006 FFF7FEFF 		bl	butt_int_StartEx
  74              	.LVL4:
  75              	.L3:
  26:.\main.c      **** 
  27:.\main.c      ****     for(;;)
  28:.\main.c      ****     {
  29:.\main.c      ****         if(Pin_wire_Read())
  76              		.loc 1 29 0
  77 000a FFF7FEFF 		bl	Pin_wire_Read
  78              	.LVL5:
  79 000e 0028     		cmp	r0, #0
  80 0010 FBD0     		beq	.L3
  30:.\main.c      ****         {
  31:.\main.c      ****             CyDelay(1);
  81              		.loc 1 31 0
  82 0012 0120     		mov	r0, #1
  83 0014 FFF7FEFF 		bl	CyDelay
ARM GAS  C:\Users\Petro\AppData\Local\Temp\ccwutRWB.s 			page 3


  84              	.LVL6:
  32:.\main.c      ****             Pin_wire_Write(0);
  85              		.loc 1 32 0
  86 0018 0020     		mov	r0, #0
  87 001a FFF7FEFF 		bl	Pin_wire_Write
  88              	.LVL7:
  89 001e F4E7     		b	.L3
  90              	.L6:
  91              		.align	2
  92              	.L5:
  93 0020 00000000 		.word	butto_Handler
  94              		.cfi_endproc
  95              	.LFE35:
  96              		.size	main, .-main
  97              		.text
  98              	.Letext0:
  99              		.file 2 "Generated_Source\\PSoC4/cytypes.h"
 100              		.file 3 "Generated_Source\\PSoC4/Pin_blue.h"
 101              		.file 4 "Generated_Source\\PSoC4/Pin_wire.h"
 102              		.file 5 "Generated_Source\\PSoC4/button.h"
 103              		.file 6 "Generated_Source\\PSoC4/butt_int.h"
 104              		.file 7 "Generated_Source\\PSoC4/CyLib.h"
 105              		.section	.debug_info,"",%progbits
 106              	.Ldebug_info0:
 107 0000 B0010000 		.4byte	0x1b0
 108 0004 0400     		.2byte	0x4
 109 0006 00000000 		.4byte	.Ldebug_abbrev0
 110 000a 04       		.byte	0x4
 111 000b 01       		.uleb128 0x1
 112 000c 6A010000 		.4byte	.LASF24
 113 0010 01       		.byte	0x1
 114 0011 F8010000 		.4byte	.LASF25
 115 0015 B4000000 		.4byte	.LASF26
 116 0019 00000000 		.4byte	.Ldebug_ranges0+0
 117 001d 00000000 		.4byte	0
 118 0021 00000000 		.4byte	.Ldebug_line0
 119 0025 02       		.uleb128 0x2
 120 0026 01       		.byte	0x1
 121 0027 06       		.byte	0x6
 122 0028 5E010000 		.4byte	.LASF0
 123 002c 02       		.uleb128 0x2
 124 002d 01       		.byte	0x1
 125 002e 08       		.byte	0x8
 126 002f 92000000 		.4byte	.LASF1
 127 0033 02       		.uleb128 0x2
 128 0034 02       		.byte	0x2
 129 0035 05       		.byte	0x5
 130 0036 24010000 		.4byte	.LASF2
 131 003a 02       		.uleb128 0x2
 132 003b 02       		.byte	0x2
 133 003c 07       		.byte	0x7
 134 003d 4B010000 		.4byte	.LASF3
 135 0041 02       		.uleb128 0x2
 136 0042 04       		.byte	0x4
 137 0043 05       		.byte	0x5
 138 0044 0E010000 		.4byte	.LASF4
 139 0048 02       		.uleb128 0x2
ARM GAS  C:\Users\Petro\AppData\Local\Temp\ccwutRWB.s 			page 4


 140 0049 04       		.byte	0x4
 141 004a 07       		.byte	0x7
 142 004b 4D000000 		.4byte	.LASF5
 143 004f 02       		.uleb128 0x2
 144 0050 08       		.byte	0x8
 145 0051 05       		.byte	0x5
 146 0052 00000000 		.4byte	.LASF6
 147 0056 02       		.uleb128 0x2
 148 0057 08       		.byte	0x8
 149 0058 07       		.byte	0x7
 150 0059 5F000000 		.4byte	.LASF7
 151 005d 03       		.uleb128 0x3
 152 005e 04       		.byte	0x4
 153 005f 05       		.byte	0x5
 154 0060 696E7400 		.ascii	"int\000"
 155 0064 02       		.uleb128 0x2
 156 0065 04       		.byte	0x4
 157 0066 07       		.byte	0x7
 158 0067 15000000 		.4byte	.LASF8
 159 006b 04       		.uleb128 0x4
 160 006c 47000000 		.4byte	.LASF9
 161 0070 02       		.byte	0x2
 162 0071 3801     		.2byte	0x138
 163 0073 2C000000 		.4byte	0x2c
 164 0077 04       		.uleb128 0x4
 165 0078 0E000000 		.4byte	.LASF10
 166 007c 02       		.byte	0x2
 167 007d 3A01     		.2byte	0x13a
 168 007f 48000000 		.4byte	0x48
 169 0083 02       		.uleb128 0x2
 170 0084 04       		.byte	0x4
 171 0085 04       		.byte	0x4
 172 0086 76000000 		.4byte	.LASF11
 173 008a 02       		.uleb128 0x2
 174 008b 08       		.byte	0x8
 175 008c 04       		.byte	0x4
 176 008d 44010000 		.4byte	.LASF12
 177 0091 02       		.uleb128 0x2
 178 0092 01       		.byte	0x1
 179 0093 08       		.byte	0x8
 180 0094 8D000000 		.4byte	.LASF13
 181 0098 04       		.uleb128 0x4
 182 0099 17010000 		.4byte	.LASF14
 183 009d 02       		.byte	0x2
 184 009e F401     		.2byte	0x1f4
 185 00a0 A4000000 		.4byte	0xa4
 186 00a4 05       		.uleb128 0x5
 187 00a5 04       		.byte	0x4
 188 00a6 AA000000 		.4byte	0xaa
 189 00aa 06       		.uleb128 0x6
 190 00ab 02       		.uleb128 0x2
 191 00ac 04       		.byte	0x4
 192 00ad 07       		.byte	0x7
 193 00ae 0F020000 		.4byte	.LASF15
 194 00b2 07       		.uleb128 0x7
 195 00b3 01020000 		.4byte	.LASF16
 196 00b7 01       		.byte	0x1
ARM GAS  C:\Users\Petro\AppData\Local\Temp\ccwutRWB.s 			page 5


 197 00b8 0E       		.byte	0xe
 198 00b9 00000000 		.4byte	.LFB34
 199 00bd 1A000000 		.4byte	.LFE34-.LFB34
 200 00c1 01       		.uleb128 0x1
 201 00c2 9C       		.byte	0x9c
 202 00c3 F6000000 		.4byte	0xf6
 203 00c7 08       		.uleb128 0x8
 204 00c8 06000000 		.4byte	.LVL0
 205 00cc 52010000 		.4byte	0x152
 206 00d0 08       		.uleb128 0x8
 207 00d1 0E000000 		.4byte	.LVL1
 208 00d5 5D010000 		.4byte	0x15d
 209 00d9 09       		.uleb128 0x9
 210 00da 14000000 		.4byte	.LVL2
 211 00de 6E010000 		.4byte	0x16e
 212 00e2 EC000000 		.4byte	0xec
 213 00e6 0A       		.uleb128 0xa
 214 00e7 01       		.uleb128 0x1
 215 00e8 50       		.byte	0x50
 216 00e9 01       		.uleb128 0x1
 217 00ea 31       		.byte	0x31
 218 00eb 00       		.byte	0
 219 00ec 08       		.uleb128 0x8
 220 00ed 18000000 		.4byte	.LVL3
 221 00f1 7F010000 		.4byte	0x17f
 222 00f5 00       		.byte	0
 223 00f6 0B       		.uleb128 0xb
 224 00f7 AF000000 		.4byte	.LASF17
 225 00fb 01       		.byte	0x1
 226 00fc 16       		.byte	0x16
 227 00fd 5D000000 		.4byte	0x5d
 228 0101 00000000 		.4byte	.LFB35
 229 0105 24000000 		.4byte	.LFE35-.LFB35
 230 0109 01       		.uleb128 0x1
 231 010a 9C       		.byte	0x9c
 232 010b 52010000 		.4byte	0x152
 233 010f 09       		.uleb128 0x9
 234 0110 0A000000 		.4byte	.LVL4
 235 0114 8A010000 		.4byte	0x18a
 236 0118 26010000 		.4byte	0x126
 237 011c 0A       		.uleb128 0xa
 238 011d 01       		.uleb128 0x1
 239 011e 50       		.byte	0x50
 240 011f 05       		.uleb128 0x5
 241 0120 03       		.byte	0x3
 242 0121 00000000 		.4byte	butto_Handler
 243 0125 00       		.byte	0
 244 0126 08       		.uleb128 0x8
 245 0127 0E000000 		.4byte	.LVL5
 246 012b 9B010000 		.4byte	0x19b
 247 012f 09       		.uleb128 0x9
 248 0130 18000000 		.4byte	.LVL6
 249 0134 A6010000 		.4byte	0x1a6
 250 0138 42010000 		.4byte	0x142
 251 013c 0A       		.uleb128 0xa
 252 013d 01       		.uleb128 0x1
 253 013e 50       		.byte	0x50
ARM GAS  C:\Users\Petro\AppData\Local\Temp\ccwutRWB.s 			page 6


 254 013f 01       		.uleb128 0x1
 255 0140 31       		.byte	0x31
 256 0141 00       		.byte	0
 257 0142 0C       		.uleb128 0xc
 258 0143 1E000000 		.4byte	.LVL7
 259 0147 6E010000 		.4byte	0x16e
 260 014b 0A       		.uleb128 0xa
 261 014c 01       		.uleb128 0x1
 262 014d 50       		.byte	0x50
 263 014e 01       		.uleb128 0x1
 264 014f 30       		.byte	0x30
 265 0150 00       		.byte	0
 266 0151 00       		.byte	0
 267 0152 0D       		.uleb128 0xd
 268 0153 22000000 		.4byte	.LASF20
 269 0157 03       		.byte	0x3
 270 0158 32       		.byte	0x32
 271 0159 6B000000 		.4byte	0x6b
 272 015d 0E       		.uleb128 0xe
 273 015e 38000000 		.4byte	.LASF18
 274 0162 03       		.byte	0x3
 275 0163 33       		.byte	0x33
 276 0164 6E010000 		.4byte	0x16e
 277 0168 0F       		.uleb128 0xf
 278 0169 6B000000 		.4byte	0x6b
 279 016d 00       		.byte	0
 280 016e 0E       		.uleb128 0xe
 281 016f A0000000 		.4byte	.LASF19
 282 0173 04       		.byte	0x4
 283 0174 33       		.byte	0x33
 284 0175 7F010000 		.4byte	0x17f
 285 0179 0F       		.uleb128 0xf
 286 017a 6B000000 		.4byte	0x6b
 287 017e 00       		.byte	0
 288 017f 0D       		.uleb128 0xd
 289 0180 2E010000 		.4byte	.LASF21
 290 0184 05       		.byte	0x5
 291 0185 39       		.byte	0x39
 292 0186 6B000000 		.4byte	0x6b
 293 018a 0E       		.uleb128 0xe
 294 018b 7C000000 		.4byte	.LASF22
 295 018f 06       		.byte	0x6
 296 0190 18       		.byte	0x18
 297 0191 9B010000 		.4byte	0x19b
 298 0195 0F       		.uleb128 0xf
 299 0196 98000000 		.4byte	0x98
 300 019a 00       		.byte	0
 301 019b 0D       		.uleb128 0xd
 302 019c 18020000 		.4byte	.LASF23
 303 01a0 04       		.byte	0x4
 304 01a1 32       		.byte	0x32
 305 01a2 6B000000 		.4byte	0x6b
 306 01a6 10       		.uleb128 0x10
 307 01a7 30000000 		.4byte	.LASF27
 308 01ab 07       		.byte	0x7
 309 01ac 5A       		.byte	0x5a
 310 01ad 0F       		.uleb128 0xf
ARM GAS  C:\Users\Petro\AppData\Local\Temp\ccwutRWB.s 			page 7


 311 01ae 77000000 		.4byte	0x77
 312 01b2 00       		.byte	0
 313 01b3 00       		.byte	0
 314              		.section	.debug_abbrev,"",%progbits
 315              	.Ldebug_abbrev0:
 316 0000 01       		.uleb128 0x1
 317 0001 11       		.uleb128 0x11
 318 0002 01       		.byte	0x1
 319 0003 25       		.uleb128 0x25
 320 0004 0E       		.uleb128 0xe
 321 0005 13       		.uleb128 0x13
 322 0006 0B       		.uleb128 0xb
 323 0007 03       		.uleb128 0x3
 324 0008 0E       		.uleb128 0xe
 325 0009 1B       		.uleb128 0x1b
 326 000a 0E       		.uleb128 0xe
 327 000b 55       		.uleb128 0x55
 328 000c 17       		.uleb128 0x17
 329 000d 11       		.uleb128 0x11
 330 000e 01       		.uleb128 0x1
 331 000f 10       		.uleb128 0x10
 332 0010 17       		.uleb128 0x17
 333 0011 00       		.byte	0
 334 0012 00       		.byte	0
 335 0013 02       		.uleb128 0x2
 336 0014 24       		.uleb128 0x24
 337 0015 00       		.byte	0
 338 0016 0B       		.uleb128 0xb
 339 0017 0B       		.uleb128 0xb
 340 0018 3E       		.uleb128 0x3e
 341 0019 0B       		.uleb128 0xb
 342 001a 03       		.uleb128 0x3
 343 001b 0E       		.uleb128 0xe
 344 001c 00       		.byte	0
 345 001d 00       		.byte	0
 346 001e 03       		.uleb128 0x3
 347 001f 24       		.uleb128 0x24
 348 0020 00       		.byte	0
 349 0021 0B       		.uleb128 0xb
 350 0022 0B       		.uleb128 0xb
 351 0023 3E       		.uleb128 0x3e
 352 0024 0B       		.uleb128 0xb
 353 0025 03       		.uleb128 0x3
 354 0026 08       		.uleb128 0x8
 355 0027 00       		.byte	0
 356 0028 00       		.byte	0
 357 0029 04       		.uleb128 0x4
 358 002a 16       		.uleb128 0x16
 359 002b 00       		.byte	0
 360 002c 03       		.uleb128 0x3
 361 002d 0E       		.uleb128 0xe
 362 002e 3A       		.uleb128 0x3a
 363 002f 0B       		.uleb128 0xb
 364 0030 3B       		.uleb128 0x3b
 365 0031 05       		.uleb128 0x5
 366 0032 49       		.uleb128 0x49
 367 0033 13       		.uleb128 0x13
ARM GAS  C:\Users\Petro\AppData\Local\Temp\ccwutRWB.s 			page 8


 368 0034 00       		.byte	0
 369 0035 00       		.byte	0
 370 0036 05       		.uleb128 0x5
 371 0037 0F       		.uleb128 0xf
 372 0038 00       		.byte	0
 373 0039 0B       		.uleb128 0xb
 374 003a 0B       		.uleb128 0xb
 375 003b 49       		.uleb128 0x49
 376 003c 13       		.uleb128 0x13
 377 003d 00       		.byte	0
 378 003e 00       		.byte	0
 379 003f 06       		.uleb128 0x6
 380 0040 15       		.uleb128 0x15
 381 0041 00       		.byte	0
 382 0042 27       		.uleb128 0x27
 383 0043 19       		.uleb128 0x19
 384 0044 00       		.byte	0
 385 0045 00       		.byte	0
 386 0046 07       		.uleb128 0x7
 387 0047 2E       		.uleb128 0x2e
 388 0048 01       		.byte	0x1
 389 0049 3F       		.uleb128 0x3f
 390 004a 19       		.uleb128 0x19
 391 004b 03       		.uleb128 0x3
 392 004c 0E       		.uleb128 0xe
 393 004d 3A       		.uleb128 0x3a
 394 004e 0B       		.uleb128 0xb
 395 004f 3B       		.uleb128 0x3b
 396 0050 0B       		.uleb128 0xb
 397 0051 27       		.uleb128 0x27
 398 0052 19       		.uleb128 0x19
 399 0053 11       		.uleb128 0x11
 400 0054 01       		.uleb128 0x1
 401 0055 12       		.uleb128 0x12
 402 0056 06       		.uleb128 0x6
 403 0057 40       		.uleb128 0x40
 404 0058 18       		.uleb128 0x18
 405 0059 9742     		.uleb128 0x2117
 406 005b 19       		.uleb128 0x19
 407 005c 01       		.uleb128 0x1
 408 005d 13       		.uleb128 0x13
 409 005e 00       		.byte	0
 410 005f 00       		.byte	0
 411 0060 08       		.uleb128 0x8
 412 0061 898201   		.uleb128 0x4109
 413 0064 00       		.byte	0
 414 0065 11       		.uleb128 0x11
 415 0066 01       		.uleb128 0x1
 416 0067 31       		.uleb128 0x31
 417 0068 13       		.uleb128 0x13
 418 0069 00       		.byte	0
 419 006a 00       		.byte	0
 420 006b 09       		.uleb128 0x9
 421 006c 898201   		.uleb128 0x4109
 422 006f 01       		.byte	0x1
 423 0070 11       		.uleb128 0x11
 424 0071 01       		.uleb128 0x1
ARM GAS  C:\Users\Petro\AppData\Local\Temp\ccwutRWB.s 			page 9


 425 0072 31       		.uleb128 0x31
 426 0073 13       		.uleb128 0x13
 427 0074 01       		.uleb128 0x1
 428 0075 13       		.uleb128 0x13
 429 0076 00       		.byte	0
 430 0077 00       		.byte	0
 431 0078 0A       		.uleb128 0xa
 432 0079 8A8201   		.uleb128 0x410a
 433 007c 00       		.byte	0
 434 007d 02       		.uleb128 0x2
 435 007e 18       		.uleb128 0x18
 436 007f 9142     		.uleb128 0x2111
 437 0081 18       		.uleb128 0x18
 438 0082 00       		.byte	0
 439 0083 00       		.byte	0
 440 0084 0B       		.uleb128 0xb
 441 0085 2E       		.uleb128 0x2e
 442 0086 01       		.byte	0x1
 443 0087 3F       		.uleb128 0x3f
 444 0088 19       		.uleb128 0x19
 445 0089 03       		.uleb128 0x3
 446 008a 0E       		.uleb128 0xe
 447 008b 3A       		.uleb128 0x3a
 448 008c 0B       		.uleb128 0xb
 449 008d 3B       		.uleb128 0x3b
 450 008e 0B       		.uleb128 0xb
 451 008f 49       		.uleb128 0x49
 452 0090 13       		.uleb128 0x13
 453 0091 11       		.uleb128 0x11
 454 0092 01       		.uleb128 0x1
 455 0093 12       		.uleb128 0x12
 456 0094 06       		.uleb128 0x6
 457 0095 40       		.uleb128 0x40
 458 0096 18       		.uleb128 0x18
 459 0097 9742     		.uleb128 0x2117
 460 0099 19       		.uleb128 0x19
 461 009a 01       		.uleb128 0x1
 462 009b 13       		.uleb128 0x13
 463 009c 00       		.byte	0
 464 009d 00       		.byte	0
 465 009e 0C       		.uleb128 0xc
 466 009f 898201   		.uleb128 0x4109
 467 00a2 01       		.byte	0x1
 468 00a3 11       		.uleb128 0x11
 469 00a4 01       		.uleb128 0x1
 470 00a5 31       		.uleb128 0x31
 471 00a6 13       		.uleb128 0x13
 472 00a7 00       		.byte	0
 473 00a8 00       		.byte	0
 474 00a9 0D       		.uleb128 0xd
 475 00aa 2E       		.uleb128 0x2e
 476 00ab 00       		.byte	0
 477 00ac 3F       		.uleb128 0x3f
 478 00ad 19       		.uleb128 0x19
 479 00ae 03       		.uleb128 0x3
 480 00af 0E       		.uleb128 0xe
 481 00b0 3A       		.uleb128 0x3a
ARM GAS  C:\Users\Petro\AppData\Local\Temp\ccwutRWB.s 			page 10


 482 00b1 0B       		.uleb128 0xb
 483 00b2 3B       		.uleb128 0x3b
 484 00b3 0B       		.uleb128 0xb
 485 00b4 27       		.uleb128 0x27
 486 00b5 19       		.uleb128 0x19
 487 00b6 49       		.uleb128 0x49
 488 00b7 13       		.uleb128 0x13
 489 00b8 3C       		.uleb128 0x3c
 490 00b9 19       		.uleb128 0x19
 491 00ba 00       		.byte	0
 492 00bb 00       		.byte	0
 493 00bc 0E       		.uleb128 0xe
 494 00bd 2E       		.uleb128 0x2e
 495 00be 01       		.byte	0x1
 496 00bf 3F       		.uleb128 0x3f
 497 00c0 19       		.uleb128 0x19
 498 00c1 03       		.uleb128 0x3
 499 00c2 0E       		.uleb128 0xe
 500 00c3 3A       		.uleb128 0x3a
 501 00c4 0B       		.uleb128 0xb
 502 00c5 3B       		.uleb128 0x3b
 503 00c6 0B       		.uleb128 0xb
 504 00c7 27       		.uleb128 0x27
 505 00c8 19       		.uleb128 0x19
 506 00c9 3C       		.uleb128 0x3c
 507 00ca 19       		.uleb128 0x19
 508 00cb 01       		.uleb128 0x1
 509 00cc 13       		.uleb128 0x13
 510 00cd 00       		.byte	0
 511 00ce 00       		.byte	0
 512 00cf 0F       		.uleb128 0xf
 513 00d0 05       		.uleb128 0x5
 514 00d1 00       		.byte	0
 515 00d2 49       		.uleb128 0x49
 516 00d3 13       		.uleb128 0x13
 517 00d4 00       		.byte	0
 518 00d5 00       		.byte	0
 519 00d6 10       		.uleb128 0x10
 520 00d7 2E       		.uleb128 0x2e
 521 00d8 01       		.byte	0x1
 522 00d9 3F       		.uleb128 0x3f
 523 00da 19       		.uleb128 0x19
 524 00db 03       		.uleb128 0x3
 525 00dc 0E       		.uleb128 0xe
 526 00dd 3A       		.uleb128 0x3a
 527 00de 0B       		.uleb128 0xb
 528 00df 3B       		.uleb128 0x3b
 529 00e0 0B       		.uleb128 0xb
 530 00e1 27       		.uleb128 0x27
 531 00e2 19       		.uleb128 0x19
 532 00e3 3C       		.uleb128 0x3c
 533 00e4 19       		.uleb128 0x19
 534 00e5 00       		.byte	0
 535 00e6 00       		.byte	0
 536 00e7 00       		.byte	0
 537              		.section	.debug_aranges,"",%progbits
 538 0000 24000000 		.4byte	0x24
ARM GAS  C:\Users\Petro\AppData\Local\Temp\ccwutRWB.s 			page 11


 539 0004 0200     		.2byte	0x2
 540 0006 00000000 		.4byte	.Ldebug_info0
 541 000a 04       		.byte	0x4
 542 000b 00       		.byte	0
 543 000c 0000     		.2byte	0
 544 000e 0000     		.2byte	0
 545 0010 00000000 		.4byte	.LFB34
 546 0014 1A000000 		.4byte	.LFE34-.LFB34
 547 0018 00000000 		.4byte	.LFB35
 548 001c 24000000 		.4byte	.LFE35-.LFB35
 549 0020 00000000 		.4byte	0
 550 0024 00000000 		.4byte	0
 551              		.section	.debug_ranges,"",%progbits
 552              	.Ldebug_ranges0:
 553 0000 00000000 		.4byte	.LFB34
 554 0004 1A000000 		.4byte	.LFE34
 555 0008 00000000 		.4byte	.LFB35
 556 000c 24000000 		.4byte	.LFE35
 557 0010 00000000 		.4byte	0
 558 0014 00000000 		.4byte	0
 559              		.section	.debug_line,"",%progbits
 560              	.Ldebug_line0:
 561 0000 B1000000 		.section	.debug_str,"MS",%progbits,1
 561      02008400 
 561      00000201 
 561      FB0E0D00 
 561      01010101 
 562              	.LASF6:
 563 0000 6C6F6E67 		.ascii	"long long int\000"
 563      206C6F6E 
 563      6720696E 
 563      7400
 564              	.LASF10:
 565 000e 75696E74 		.ascii	"uint32\000"
 565      333200
 566              	.LASF8:
 567 0015 756E7369 		.ascii	"unsigned int\000"
 567      676E6564 
 567      20696E74 
 567      00
 568              	.LASF20:
 569 0022 50696E5F 		.ascii	"Pin_blue_Read\000"
 569      626C7565 
 569      5F526561 
 569      6400
 570              	.LASF27:
 571 0030 43794465 		.ascii	"CyDelay\000"
 571      6C617900 
 572              	.LASF18:
 573 0038 50696E5F 		.ascii	"Pin_blue_Write\000"
 573      626C7565 
 573      5F577269 
 573      746500
 574              	.LASF9:
 575 0047 75696E74 		.ascii	"uint8\000"
 575      3800
 576              	.LASF5:
ARM GAS  C:\Users\Petro\AppData\Local\Temp\ccwutRWB.s 			page 12


 577 004d 6C6F6E67 		.ascii	"long unsigned int\000"
 577      20756E73 
 577      69676E65 
 577      6420696E 
 577      7400
 578              	.LASF7:
 579 005f 6C6F6E67 		.ascii	"long long unsigned int\000"
 579      206C6F6E 
 579      6720756E 
 579      7369676E 
 579      65642069 
 580              	.LASF11:
 581 0076 666C6F61 		.ascii	"float\000"
 581      7400
 582              	.LASF22:
 583 007c 62757474 		.ascii	"butt_int_StartEx\000"
 583      5F696E74 
 583      5F537461 
 583      72744578 
 583      00
 584              	.LASF13:
 585 008d 63686172 		.ascii	"char\000"
 585      00
 586              	.LASF1:
 587 0092 756E7369 		.ascii	"unsigned char\000"
 587      676E6564 
 587      20636861 
 587      7200
 588              	.LASF19:
 589 00a0 50696E5F 		.ascii	"Pin_wire_Write\000"
 589      77697265 
 589      5F577269 
 589      746500
 590              	.LASF17:
 591 00af 6D61696E 		.ascii	"main\000"
 591      00
 592              	.LASF26:
 593 00b4 443A5C43 		.ascii	"D:\\Cypress\\system-start-finish\\software\\start\\"
 593      79707265 
 593      73735C73 
 593      79737465 
 593      6D2D7374 
 594 00e2 73616E64 		.ascii	"sandbox\\Workspace01\\start01.wire_uart.cydsn\000"
 594      626F785C 
 594      576F726B 
 594      73706163 
 594      6530315C 
 595              	.LASF4:
 596 010e 6C6F6E67 		.ascii	"long int\000"
 596      20696E74 
 596      00
 597              	.LASF14:
 598 0117 63796973 		.ascii	"cyisraddress\000"
 598      72616464 
 598      72657373 
 598      00
 599              	.LASF2:
ARM GAS  C:\Users\Petro\AppData\Local\Temp\ccwutRWB.s 			page 13


 600 0124 73686F72 		.ascii	"short int\000"
 600      7420696E 
 600      7400
 601              	.LASF21:
 602 012e 62757474 		.ascii	"button_ClearInterrupt\000"
 602      6F6E5F43 
 602      6C656172 
 602      496E7465 
 602      72727570 
 603              	.LASF12:
 604 0144 646F7562 		.ascii	"double\000"
 604      6C6500
 605              	.LASF3:
 606 014b 73686F72 		.ascii	"short unsigned int\000"
 606      7420756E 
 606      7369676E 
 606      65642069 
 606      6E7400
 607              	.LASF0:
 608 015e 7369676E 		.ascii	"signed char\000"
 608      65642063 
 608      68617200 
 609              	.LASF24:
 610 016a 474E5520 		.ascii	"GNU C 4.9.3 20150303 (release) [ARM/embedded-4_9-br"
 610      4320342E 
 610      392E3320 
 610      32303135 
 610      30333033 
 611 019d 616E6368 		.ascii	"anch revision 221220] -mcpu=cortex-m0 -mthumb -g -O"
 611      20726576 
 611      6973696F 
 611      6E203232 
 611      31323230 
 612 01d0 67202D66 		.ascii	"g -ffunction-sections -ffat-lto-objects\000"
 612      66756E63 
 612      74696F6E 
 612      2D736563 
 612      74696F6E 
 613              	.LASF25:
 614 01f8 2E5C6D61 		.ascii	".\\main.c\000"
 614      696E2E63 
 614      00
 615              	.LASF16:
 616 0201 62757474 		.ascii	"butto_Handler\000"
 616      6F5F4861 
 616      6E646C65 
 616      7200
 617              	.LASF15:
 618 020f 73697A65 		.ascii	"sizetype\000"
 618      74797065 
 618      00
 619              	.LASF23:
 620 0218 50696E5F 		.ascii	"Pin_wire_Read\000"
 620      77697265 
 620      5F526561 
 620      6400
 621              		.ident	"GCC: (GNU Tools for ARM Embedded Processors) 4.9.3 20150303 (release) [ARM/embedded-4_9-br
ARM GAS  C:\Users\Petro\AppData\Local\Temp\ccwutRWB.s 			page 14


