--------------- Clean Started: 11/18/2016 14:20:07 Project: fin_v0, Configuration: ARM GCC 4.9-2015-q1-update Debug ---------------
Deleting file ".\CortexM0\ARM_GCC_493\Debug\RTC_WDT.o"
Deleting file ".\CortexM0\ARM_GCC_493\Debug\DS1307.o"
Deleting file ".\CortexM0\ARM_GCC_493\Debug\display.o"
Deleting file ".\CortexM0\ARM_GCC_493\Debug\ff.o"
Deleting file ".\CortexM0\ARM_GCC_493\Debug\rtc_fat.o"
Deleting file ".\CortexM0\ARM_GCC_493\Debug\sdcard.o"
Deleting file ".\CortexM0\ARM_GCC_493\Debug\gate.o"
Deleting file ".\CortexM0\ARM_GCC_493\Debug\LED.o"
Deleting file ".\CortexM0\ARM_GCC_493\Debug\crc32.o"
Deleting file ".\CortexM0\ARM_GCC_493\Debug\network.o"
Deleting file ".\CortexM0\ARM_GCC_493\Debug\svt.o"
Deleting file ".\CortexM0\ARM_GCC_493\Debug\ntp.o"
Deleting file ".\CortexM0\ARM_GCC_493\Debug\myDelay.o"
Deleting file ".\CortexM0\ARM_GCC_493\Debug\database.o"
Deleting file ".\CortexM0\ARM_GCC_493\Debug\logResult.o"
Deleting file ".\CortexM0\ARM_GCC_493\Debug\bluetooth.o"
Deleting file ".\CortexM0\ARM_GCC_493\Debug\main.o"
Deleting file ".\CortexM0\ARM_GCC_493\Debug\debug.o"
Deleting file ".\CortexM0\ARM_GCC_493\Debug\cyfitter_cfg.o"
Deleting file ".\CortexM0\ARM_GCC_493\Debug\cymetadata.o"
Deleting file ".\CortexM0\ARM_GCC_493\Debug\Cm0Start.o"
Deleting file ".\CortexM0\ARM_GCC_493\Debug\CyBootAsmGnu.o"
Deleting file ".\CortexM0\ARM_GCC_493\Debug\CyFlash.o"
Deleting file ".\CortexM0\ARM_GCC_493\Debug\CyLib.o"
Deleting file ".\CortexM0\ARM_GCC_493\Debug\cyPm.o"
Deleting file ".\CortexM0\ARM_GCC_493\Debug\cyutils.o"
Deleting file ".\CortexM0\ARM_GCC_493\Debug\CyLFClk.o"
Deleting file ".\CortexM0\ARM_GCC_493\Debug\RTC.o"
Deleting file ".\CortexM0\ARM_GCC_493\Debug\I2C.o"
Deleting file ".\CortexM0\ARM_GCC_493\Debug\I2C_I2C_INT.o"
Deleting file ".\CortexM0\ARM_GCC_493\Debug\I2C_I2C.o"
Deleting file ".\CortexM0\ARM_GCC_493\Debug\I2C_I2C_BOOT.o"
Deleting file ".\CortexM0\ARM_GCC_493\Debug\I2C_PM.o"
Deleting file ".\CortexM0\ARM_GCC_493\Debug\I2C_BOOT.o"
Deleting file ".\CortexM0\ARM_GCC_493\Debug\I2C_I2C_MASTER.o"
Deleting file ".\CortexM0\ARM_GCC_493\Debug\I2C_SCBCLK.o"
Deleting file ".\CortexM0\ARM_GCC_493\Debug\I2C_sda.o"
Deleting file ".\CortexM0\ARM_GCC_493\Debug\I2C_sda_PM.o"
Deleting file ".\CortexM0\ARM_GCC_493\Debug\I2C_scl.o"
Deleting file ".\CortexM0\ARM_GCC_493\Debug\I2C_scl_PM.o"
Deleting file ".\CortexM0\ARM_GCC_493\Debug\I2C_SCB_IRQ.o"
Deleting file ".\CortexM0\ARM_GCC_493\Debug\LCD.o"
Deleting file ".\CortexM0\ARM_GCC_493\Debug\LCD_PM.o"
Deleting file ".\CortexM0\ARM_GCC_493\Debug\LCD_CustChars.o"
Deleting file ".\CortexM0\ARM_GCC_493\Debug\LCD_LCDPort.o"
Deleting file ".\CortexM0\ARM_GCC_493\Debug\LCD_LCDPort_PM.o"
Deleting file ".\CortexM0\ARM_GCC_493\Debug\GatePin.o"
Deleting file ".\CortexM0\ARM_GCC_493\Debug\GatePin_PM.o"
Deleting file ".\CortexM0\ARM_GCC_493\Debug\Timer_LED.o"
Deleting file ".\CortexM0\ARM_GCC_493\Debug\Timer_LED_PM.o"
Deleting file ".\CortexM0\ARM_GCC_493\Debug\Int_Timer_Led.o"
Deleting file ".\CortexM0\ARM_GCC_493\Debug\timer_clock.o"
Deleting file ".\CortexM0\ARM_GCC_493\Debug\LED_PIN.o"
Deleting file ".\CortexM0\ARM_GCC_493\Debug\LED_PIN_PM.o"
Deleting file ".\CortexM0\ARM_GCC_493\Debug\UART_XB.o"
Deleting file ".\CortexM0\ARM_GCC_493\Debug\UART_XB_SPI_UART.o"
Deleting file ".\CortexM0\ARM_GCC_493\Debug\UART_XB_SPI_UART_INT.o"
Deleting file ".\CortexM0\ARM_GCC_493\Debug\UART_XB_PM.o"
Deleting file ".\CortexM0\ARM_GCC_493\Debug\UART_XB_UART.o"
Deleting file ".\CortexM0\ARM_GCC_493\Debug\UART_XB_BOOT.o"
Deleting file ".\CortexM0\ARM_GCC_493\Debug\UART_XB_UART_BOOT.o"
Deleting file ".\CortexM0\ARM_GCC_493\Debug\UART_XB_SCBCLK.o"
Deleting file ".\CortexM0\ARM_GCC_493\Debug\UART_XB_tx.o"
Deleting file ".\CortexM0\ARM_GCC_493\Debug\UART_XB_tx_PM.o"
Deleting file ".\CortexM0\ARM_GCC_493\Debug\UART_XB_rx.o"
Deleting file ".\CortexM0\ARM_GCC_493\Debug\UART_XB_rx_PM.o"
Deleting file ".\CortexM0\ARM_GCC_493\Debug\SwSPI_Master.o"
Deleting file ".\CortexM0\ARM_GCC_493\Debug\SwSPI_Master_SPIInPort.o"
Deleting file ".\CortexM0\ARM_GCC_493\Debug\SwSPI_Master_SPIInPort_PM.o"
Deleting file ".\CortexM0\ARM_GCC_493\Debug\SwSPI_Master_SPIOutPort.o"
Deleting file ".\CortexM0\ARM_GCC_493\Debug\SwSPI_Master_SPIOutPort_PM.o"
Deleting file ".\CortexM0\ARM_GCC_493\Debug\UART_XB_SCB_IRQ.o"
Deleting file ".\CortexM0\ARM_GCC_493\Debug\GATE_INT.o"
Deleting file ".\CortexM0\ARM_GCC_493\Debug\AppDelay.o"
Deleting file ".\CortexM0\ARM_GCC_493\Debug\AppDelay_PM.o"
Deleting file ".\CortexM0\ARM_GCC_493\Debug\SW_UART_DEBUG_AsmGnu.o"
Deleting file ".\CortexM0\ARM_GCC_493\Debug\SW_UART_DEBUG.o"
Deleting file ".\CortexM0\ARM_GCC_493\Debug\SDinsert.o"
Deleting file ".\CortexM0\ARM_GCC_493\Debug\SDinsert_PM.o"
Deleting file ".\CortexM0\ARM_GCC_493\Debug\debug_PM.o"
Deleting file ".\CortexM0\ARM_GCC_493\Debug\Clock_1.o"
Deleting file ".\CortexM0\ARM_GCC_493\Debug\debugntp.o"
Deleting file ".\CortexM0\ARM_GCC_493\Debug\debugntp_PM.o"
Deleting file ".\CortexM0\ARM_GCC_493\Debug\ble.o"
Deleting file ".\CortexM0\ARM_GCC_493\Debug\ble_gatt.o"
Deleting file ".\CortexM0\ARM_GCC_493\Debug\ble_eventHandler.o"
Deleting file ".\CortexM0\ARM_GCC_493\Debug\ble_HAL_INT.o"
Deleting file ".\CortexM0\ARM_GCC_493\Debug\ble_HAL_PVT.o"
Deleting file ".\CortexM0\ARM_GCC_493\Debug\ble_custom.o"
Deleting file ".\CortexM0\ARM_GCC_493\Debug\ble_bless_isr.o"
Deleting file ".\CortexM0\ARM_GCC_493\Debug\pwm.o"
Deleting file ".\CortexM0\ARM_GCC_493\Debug\pwm_PM.o"
Deleting file ".\CortexM0\ARM_GCC_493\Debug\blue.o"
Deleting file ".\CortexM0\ARM_GCC_493\Debug\fin_v0.hex"
Deleting file ".\CortexM0\ARM_GCC_493\Debug\fin_v0.elf"
Deleting file ".\CortexM0\ARM_GCC_493\Debug\fin_v0.map"
Deleting file ".\fin_v0.cycdx"
Deleting file ".\fin_v0.svd"
Deleting file ".\fin_v0.rpt"
Deleting file ".\fin_v0_timing.html"
Deleting file ".\CortexM0\ARM_GCC_493\Debug\.deps\SOURCE_C__ARM_GCC_GENERIC.P"
Deleting file ".\CortexM0\ARM_GCC_493\Debug\.deps\SOURCE_ASM__ARM_GCC_GENERIC.P"
--------------- Clean Succeeded: 11/18/2016 14:20:07 ---------------
