ARM GAS  C:\Users\Petro\AppData\Local\Temp\cc4lS4Tm.s 			page 1


   1              		.cpu cortex-m0
   2              		.fpu softvfp
   3              		.eabi_attribute 20, 1
   4              		.eabi_attribute 21, 1
   5              		.eabi_attribute 23, 3
   6              		.eabi_attribute 24, 1
   7              		.eabi_attribute 25, 1
   8              		.eabi_attribute 26, 1
   9              		.eabi_attribute 30, 6
  10              		.eabi_attribute 34, 0
  11              		.eabi_attribute 18, 4
  12              		.code	16
  13              		.file	"main.c"
  14              		.text
  15              	.Ltext0:
  16              		.cfi_sections	.debug_frame
  17              		.comm	currentState,1,1
  18              		.bss
  19              		.align	2
  20              	result:
  21 0000 00000000 		.space	4
  22              		.section	.text.main,"ax",%progbits
  23              		.align	2
  24              		.global	main
  25              		.code	16
  26              		.thumb_func
  27              		.type	main, %function
  28              	main:
  29              	.LFB63:
  30              		.file 1 "main.c"
   1:main.c        **** 
   2:main.c        **** #include "appGlobal.h"
   3:main.c        **** 
   4:main.c        **** 
   5:main.c        **** int main()
   6:main.c        **** {      
  31              		.loc 1 6 0
  32              		.cfi_startproc
  33 0000 80B5     		push	{r7, lr}
  34              		.cfi_def_cfa_offset 8
  35              		.cfi_offset 7, -8
  36              		.cfi_offset 14, -4
  37 0002 00AF     		add	r7, sp, #0
  38              		.cfi_def_cfa_register 7
   7:main.c        ****     while(SystemInit() == ERROR);
  39              		.loc 1 7 0
  40 0004 C046     		mov	r8, r8
  41              	.L2:
  42              		.loc 1 7 0 is_stmt 0 discriminator 1
  43 0006 FFF7FEFF 		bl	SystemInit
  44 000a 031E     		sub	r3, r0, #0
  45 000c FBD0     		beq	.L2
   8:main.c        ****     SystemInit();
  46              		.loc 1 8 0 is_stmt 1
  47 000e FFF7FEFF 		bl	SystemInit
   9:main.c        ****     currentState = TIME_SYNC;
  48              		.loc 1 9 0
ARM GAS  C:\Users\Petro\AppData\Local\Temp\cc4lS4Tm.s 			page 2


  49 0012 294B     		ldr	r3, .L15
  50 0014 0022     		mov	r2, #0
  51 0016 1A70     		strb	r2, [r3]
  10:main.c        ****     BLE_start();
  52              		.loc 1 10 0
  53 0018 FFF7FEFF 		bl	BLE_start
  54              	.L14:
  11:main.c        ****     
  12:main.c        ****     for(;;)
  13:main.c        ****     {
  14:main.c        ****         switch (currentState)
  55              		.loc 1 14 0
  56 001c 264B     		ldr	r3, .L15
  57 001e 1B78     		ldrb	r3, [r3]
  58 0020 012B     		cmp	r3, #1
  59 0022 16D0     		beq	.L4
  60 0024 02DC     		bgt	.L5
  61 0026 002B     		cmp	r3, #0
  62 0028 05D0     		beq	.L6
  63 002a 3FE0     		b	.L3
  64              	.L5:
  65 002c 022B     		cmp	r3, #2
  66 002e 26D0     		beq	.L7
  67 0030 032B     		cmp	r3, #3
  68 0032 35D0     		beq	.L8
  69 0034 3AE0     		b	.L3
  70              	.L6:
  15:main.c        ****         {
  16:main.c        ****             case TIME_SYNC:
  17:main.c        ****             {
  18:main.c        ****                 result = TimeSynchronize();
  71              		.loc 1 18 0
  72 0036 FFF7FEFF 		bl	TimeSynchronize
  73 003a 021C     		mov	r2, r0
  74 003c 1F4B     		ldr	r3, .L15+4
  75 003e 1A60     		str	r2, [r3]
  19:main.c        ****                 if(result == TIME_SYNC_OK)
  76              		.loc 1 19 0
  77 0040 1E4B     		ldr	r3, .L15+4
  78 0042 1B68     		ldr	r3, [r3]
  79 0044 002B     		cmp	r3, #0
  80 0046 03D1     		bne	.L9
  20:main.c        ****                 {
  21:main.c        ****                     currentState = READY;
  81              		.loc 1 21 0
  82 0048 1B4B     		ldr	r3, .L15
  83 004a 0122     		mov	r2, #1
  84 004c 1A70     		strb	r2, [r3]
  22:main.c        ****                 }
  23:main.c        ****                 break;
  85              		.loc 1 23 0
  86 004e 2DE0     		b	.L3
  87              	.L9:
  88 0050 2CE0     		b	.L3
  89              	.L4:
  24:main.c        ****             }
  25:main.c        ****             case READY:
ARM GAS  C:\Users\Petro\AppData\Local\Temp\cc4lS4Tm.s 			page 3


  26:main.c        ****             {
  27:main.c        ****                 result = CheckReady();
  90              		.loc 1 27 0
  91 0052 FFF7FEFF 		bl	CheckReady
  92 0056 021C     		mov	r2, r0
  93 0058 184B     		ldr	r3, .L15+4
  94 005a 1A60     		str	r2, [r3]
  28:main.c        ****                 if(result == NO_ERROR)
  95              		.loc 1 28 0
  96 005c 174B     		ldr	r3, .L15+4
  97 005e 1B68     		ldr	r3, [r3]
  98 0060 012B     		cmp	r3, #1
  99 0062 03D1     		bne	.L10
  29:main.c        ****                 {
  30:main.c        ****                     currentState = CHECK_GATE;
 100              		.loc 1 30 0
 101 0064 144B     		ldr	r3, .L15
 102 0066 0222     		mov	r2, #2
 103 0068 1A70     		strb	r2, [r3]
 104 006a 07E0     		b	.L11
 105              	.L10:
  31:main.c        ****                 }
  32:main.c        ****                 else if(result == REBOOT)  
 106              		.loc 1 32 0
 107 006c 134B     		ldr	r3, .L15+4
 108 006e 1B68     		ldr	r3, [r3]
 109 0070 FF2B     		cmp	r3, #255
 110 0072 03D1     		bne	.L11
  33:main.c        ****                 {
  34:main.c        ****                     currentState = TIME_SYNC;
 111              		.loc 1 34 0
 112 0074 104B     		ldr	r3, .L15
 113 0076 0022     		mov	r2, #0
 114 0078 1A70     		strb	r2, [r3]
  35:main.c        ****                 }
  36:main.c        ****                 break;
 115              		.loc 1 36 0
 116 007a 17E0     		b	.L3
 117              	.L11:
 118 007c 16E0     		b	.L3
 119              	.L7:
  37:main.c        ****             }
  38:main.c        ****             case CHECK_GATE:
  39:main.c        ****             {
  40:main.c        ****                 result = CheckGate();
 120              		.loc 1 40 0
 121 007e FFF7FEFF 		bl	CheckGate
 122 0082 021C     		mov	r2, r0
 123 0084 0D4B     		ldr	r3, .L15+4
 124 0086 1A60     		str	r2, [r3]
  41:main.c        ****                 if(result == GATE_OPEN)
 125              		.loc 1 41 0
 126 0088 0C4B     		ldr	r3, .L15+4
 127 008a 1B68     		ldr	r3, [r3]
 128 008c 012B     		cmp	r3, #1
 129 008e 03D1     		bne	.L12
  42:main.c        ****                 {
ARM GAS  C:\Users\Petro\AppData\Local\Temp\cc4lS4Tm.s 			page 4


  43:main.c        ****                     currentState = SAVE_RESULT;
 130              		.loc 1 43 0
 131 0090 094B     		ldr	r3, .L15
 132 0092 0322     		mov	r2, #3
 133 0094 1A70     		strb	r2, [r3]
  44:main.c        ****                 }
  45:main.c        ****                 else
  46:main.c        ****                 {
  47:main.c        ****                     currentState = READY;
  48:main.c        ****                 }
  49:main.c        ****                 break;
 134              		.loc 1 49 0
 135 0096 09E0     		b	.L3
 136              	.L12:
  47:main.c        ****                 }
 137              		.loc 1 47 0
 138 0098 074B     		ldr	r3, .L15
 139 009a 0122     		mov	r2, #1
 140 009c 1A70     		strb	r2, [r3]
 141              		.loc 1 49 0
 142 009e 05E0     		b	.L3
 143              	.L8:
  50:main.c        ****             }
  51:main.c        ****             case SAVE_RESULT:
  52:main.c        ****             {
  53:main.c        ****                 SaveResult();
 144              		.loc 1 53 0
 145 00a0 FFF7FEFF 		bl	SaveResult
  54:main.c        ****                 currentState = READY;
 146              		.loc 1 54 0
 147 00a4 044B     		ldr	r3, .L15
 148 00a6 0122     		mov	r2, #1
 149 00a8 1A70     		strb	r2, [r3]
  55:main.c        ****                 break;
 150              		.loc 1 55 0
 151 00aa C046     		mov	r8, r8
 152              	.L3:
  56:main.c        ****             }            
  57:main.c        ****         }
  58:main.c        ****         MyDelay(TIMEOUT_DELAY);
 153              		.loc 1 58 0
 154 00ac FA23     		mov	r3, #250
 155 00ae 5B00     		lsl	r3, r3, #1
 156 00b0 181C     		mov	r0, r3
 157 00b2 FFF7FEFF 		bl	MyDelay
  59:main.c        ****     }
 158              		.loc 1 59 0
 159 00b6 B1E7     		b	.L14
 160              	.L16:
 161              		.align	2
 162              	.L15:
 163 00b8 00000000 		.word	currentState
 164 00bc 00000000 		.word	result
 165              		.cfi_endproc
 166              	.LFE63:
 167              		.size	main, .-main
 168              		.section	.rodata
ARM GAS  C:\Users\Petro\AppData\Local\Temp\cc4lS4Tm.s 			page 5


 169              		.align	2
 170              	.LC2:
 171 0000 53797374 		.ascii	"System init...\000"
 171      656D2069 
 171      6E69742E 
 171      2E2E00
 172 000f 00       		.align	2
 173              	.LC4:
 174 0010 506C6561 		.ascii	"Please insert SD\000"
 174      73652069 
 174      6E736572 
 174      74205344 
 174      00
 175 0021 000000   		.align	2
 176              	.LC6:
 177 0024 4572726F 		.ascii	"Error sync time\000"
 177      72207379 
 177      6E632074 
 177      696D6500 
 178              		.section	.text.SystemInit,"ax",%progbits
 179              		.align	2
 180              		.global	SystemInit
 181              		.code	16
 182              		.thumb_func
 183              		.type	SystemInit, %function
 184              	SystemInit:
 185              	.LFB64:
  60:main.c        **** }
  61:main.c        **** 
  62:main.c        **** 
  63:main.c        **** uint32_t SystemInit(void)
  64:main.c        **** {
 186              		.loc 1 64 0
 187              		.cfi_startproc
 188 0000 90B5     		push	{r4, r7, lr}
 189              		.cfi_def_cfa_offset 12
 190              		.cfi_offset 4, -12
 191              		.cfi_offset 7, -8
 192              		.cfi_offset 14, -4
 193 0002 85B0     		sub	sp, sp, #20
 194              		.cfi_def_cfa_offset 32
 195 0004 00AF     		add	r7, sp, #0
 196              		.cfi_def_cfa_register 7
  65:main.c        ****     uint32_t result;
  66:main.c        ****     uint64_t unixTime;
  67:main.c        ****         
  68:main.c        ****     SetRebootFlag();
 197              		.loc 1 68 0
 198 0006 FFF7FEFF 		bl	SetRebootFlag
  69:main.c        ****     LedInit();   
 199              		.loc 1 69 0
 200 000a FFF7FEFF 		bl	LedInit
  70:main.c        ****     DisplayStart();   
 201              		.loc 1 70 0
 202 000e FFF7FEFF 		bl	DisplayStart
  71:main.c        ****     RTC_WDT_Init(); 
 203              		.loc 1 71 0
ARM GAS  C:\Users\Petro\AppData\Local\Temp\cc4lS4Tm.s 			page 6


 204 0012 FFF7FEFF 		bl	RTC_WDT_Init
  72:main.c        ****     InitNetwork();
 205              		.loc 1 72 0
 206 0016 FFF7FEFF 		bl	InitNetwork
  73:main.c        ****     GateInit();
 207              		.loc 1 73 0
 208 001a FFF7FEFF 		bl	GateInit
  74:main.c        ****     InitBuff();
 209              		.loc 1 74 0
 210 001e FFF7FEFF 		bl	InitBuff
  75:main.c        **** 
  76:main.c        ****     /* Enable global interrupts */
  77:main.c        ****     CyGlobalIntEnable;
 211              		.loc 1 77 0
 212              	@ 77 "main.c" 1
 213 0022 62B6     		CPSIE   i
 214              	@ 0 "" 2
  78:main.c        ****    
  79:main.c        ****     /*sync real time*/
  80:main.c        ****     unixTime = DS1307_GetUnixTime();
 215              		.loc 1 80 0
 216              		.code	16
 217 0024 FFF7FEFF 		bl	DS1307_GetUnixTime
 218 0028 031C     		mov	r3, r0
 219 002a 0C1C     		mov	r4, r1
 220 002c 3B60     		str	r3, [r7]
 221 002e 7C60     		str	r4, [r7, #4]
  81:main.c        ****     
  82:main.c        ****     if(unixTime > 0)
 222              		.loc 1 82 0
 223 0030 3B68     		ldr	r3, [r7]
 224 0032 7A68     		ldr	r2, [r7, #4]
 225 0034 1343     		orr	r3, r2
 226 0036 1DD0     		beq	.L18
  83:main.c        ****     {      
  84:main.c        ****         RTC_SetUnixTime(unixTime);
 227              		.loc 1 84 0
 228 0038 3B68     		ldr	r3, [r7]
 229 003a 7C68     		ldr	r4, [r7, #4]
 230 003c 181C     		mov	r0, r3
 231 003e 211C     		mov	r1, r4
 232 0040 FFF7FEFF 		bl	RTC_SetUnixTime
  85:main.c        ****         result = DataBaseStart();
 233              		.loc 1 85 0
 234 0044 FFF7FEFF 		bl	DataBaseStart
 235 0048 031C     		mov	r3, r0
 236 004a FB60     		str	r3, [r7, #12]
  86:main.c        ****         
  87:main.c        ****         if(result == DB_NO_ERROR)
 237              		.loc 1 87 0
 238 004c FB68     		ldr	r3, [r7, #12]
 239 004e 012B     		cmp	r3, #1
 240 0050 06D1     		bne	.L20
  88:main.c        ****         {
  89:main.c        ****             Display("System init...");
 241              		.loc 1 89 0
 242 0052 0F4B     		ldr	r3, .L24
ARM GAS  C:\Users\Petro\AppData\Local\Temp\cc4lS4Tm.s 			page 7


 243 0054 181C     		mov	r0, r3
 244 0056 FFF7FEFF 		bl	Display
  90:main.c        ****             result = NO_ERROR;
 245              		.loc 1 90 0
 246 005a 0123     		mov	r3, #1
 247 005c FB60     		str	r3, [r7, #12]
 248 005e 12E0     		b	.L22
 249              	.L20:
  91:main.c        ****         }
  92:main.c        ****         else
  93:main.c        ****         {
  94:main.c        ****             Display("Please insert SD");
 250              		.loc 1 94 0
 251 0060 0C4B     		ldr	r3, .L24+4
 252 0062 181C     		mov	r0, r3
 253 0064 FFF7FEFF 		bl	Display
  95:main.c        ****             result = ERROR;
 254              		.loc 1 95 0
 255 0068 0023     		mov	r3, #0
 256 006a FB60     		str	r3, [r7, #12]
  96:main.c        ****             SendFinStatus(FIN_NO_READY);
 257              		.loc 1 96 0
 258 006c 0020     		mov	r0, #0
 259 006e FFF7FEFF 		bl	SendFinStatus
 260 0072 08E0     		b	.L22
 261              	.L18:
  97:main.c        ****         }
  98:main.c        ****     }
  99:main.c        ****     else
 100:main.c        ****     {
 101:main.c        ****         Display("Error sync time");
 262              		.loc 1 101 0
 263 0074 084B     		ldr	r3, .L24+8
 264 0076 181C     		mov	r0, r3
 265 0078 FFF7FEFF 		bl	Display
 102:main.c        ****         result = ERROR;
 266              		.loc 1 102 0
 267 007c 0023     		mov	r3, #0
 268 007e FB60     		str	r3, [r7, #12]
 103:main.c        ****         SendFinStatus(FIN_NO_READY);
 269              		.loc 1 103 0
 270 0080 0020     		mov	r0, #0
 271 0082 FFF7FEFF 		bl	SendFinStatus
 272              	.L22:
 104:main.c        ****     }
 105:main.c        ****     
 106:main.c        ****     return result;    
 273              		.loc 1 106 0
 274 0086 FB68     		ldr	r3, [r7, #12]
 107:main.c        **** }
 275              		.loc 1 107 0
 276 0088 181C     		mov	r0, r3
 277 008a BD46     		mov	sp, r7
 278 008c 05B0     		add	sp, sp, #20
 279              		@ sp needed
 280 008e 90BD     		pop	{r4, r7, pc}
 281              	.L25:
ARM GAS  C:\Users\Petro\AppData\Local\Temp\cc4lS4Tm.s 			page 8


 282              		.align	2
 283              	.L24:
 284 0090 00000000 		.word	.LC2
 285 0094 10000000 		.word	.LC4
 286 0098 24000000 		.word	.LC6
 287              		.cfi_endproc
 288              	.LFE64:
 289              		.size	SystemInit, .-SystemInit
 290              		.section	.rodata
 291              		.align	2
 292              	.LC8:
 293 0034 4E657477 		.ascii	"Network conn...\000"
 293      6F726B20 
 293      636F6E6E 
 293      2E2E2E00 
 294              		.align	2
 295              	.LC10:
 296 0044 53796E63 		.ascii	"Sync time...\000"
 296      2074696D 
 296      652E2E2E 
 296      00
 297 0051 000000   		.align	2
 298              	.LC12:
 299 0054 53796E63 		.ascii	"Sync ok\000"
 299      206F6B00 
 300              		.align	2
 301              	.LC14:
 302 005c 53796E63 		.ascii	"Sync time error\000"
 302      2074696D 
 302      65206572 
 302      726F7200 
 303              		.section	.text.TimeSynchronize,"ax",%progbits
 304              		.align	2
 305              		.global	TimeSynchronize
 306              		.code	16
 307              		.thumb_func
 308              		.type	TimeSynchronize, %function
 309              	TimeSynchronize:
 310              	.LFB65:
 108:main.c        **** 
 109:main.c        **** uint32_t TimeSynchronize(void)
 110:main.c        **** {
 311              		.loc 1 110 0
 312              		.cfi_startproc
 313 0000 80B5     		push	{r7, lr}
 314              		.cfi_def_cfa_offset 8
 315              		.cfi_offset 7, -8
 316              		.cfi_offset 14, -4
 317 0002 82B0     		sub	sp, sp, #8
 318              		.cfi_def_cfa_offset 16
 319 0004 00AF     		add	r7, sp, #0
 320              		.cfi_def_cfa_register 7
 111:main.c        ****     uint32_t result;
 112:main.c        ****     
 113:main.c        ****     LedBlink(FREQ_INIT_BLINK);
 321              		.loc 1 113 0
 322 0006 0A20     		mov	r0, #10
ARM GAS  C:\Users\Petro\AppData\Local\Temp\cc4lS4Tm.s 			page 9


 323 0008 FFF7FEFF 		bl	LedBlink
 114:main.c        ****     
 115:main.c        ****     /* network connect */
 116:main.c        ****     if(NetworkStatus() == NETWORK_DISCONNECT)
 324              		.loc 1 116 0
 325 000c FFF7FEFF 		bl	NetworkStatus
 326 0010 031E     		sub	r3, r0, #0
 327 0012 09D1     		bne	.L27
 117:main.c        ****     {
 118:main.c        ****         Display("Network conn...");
 328              		.loc 1 118 0
 329 0014 1B4B     		ldr	r3, .L31
 330 0016 181C     		mov	r0, r3
 331 0018 FFF7FEFF 		bl	Display
 119:main.c        ****         MyDelay(TIMEOUT_DELAY);
 332              		.loc 1 119 0
 333 001c FA23     		mov	r3, #250
 334 001e 5B00     		lsl	r3, r3, #1
 335 0020 181C     		mov	r0, r3
 336 0022 FFF7FEFF 		bl	MyDelay
 337 0026 28E0     		b	.L28
 338              	.L27:
 120:main.c        ****     }
 121:main.c        ****     else
 122:main.c        ****     {  
 123:main.c        ****         /* time sync */
 124:main.c        ****         Display("Sync time...");
 339              		.loc 1 124 0
 340 0028 174B     		ldr	r3, .L31+4
 341 002a 181C     		mov	r0, r3
 342 002c FFF7FEFF 		bl	Display
 125:main.c        ****         if(NTPsync() == TIME_SYNC_OK)
 343              		.loc 1 125 0
 344 0030 FFF7FEFF 		bl	NTPsync
 345 0034 031E     		sub	r3, r0, #0
 346 0036 10D1     		bne	.L29
 126:main.c        ****         {
 127:main.c        ****             Display("Sync ok");
 347              		.loc 1 127 0
 348 0038 144B     		ldr	r3, .L31+8
 349 003a 181C     		mov	r0, r3
 350 003c FFF7FEFF 		bl	Display
 128:main.c        ****             ClearRebootFlag();
 351              		.loc 1 128 0
 352 0040 FFF7FEFF 		bl	ClearRebootFlag
 129:main.c        ****             BLE_sendSystemStatus(STATUS_OK);
 353              		.loc 1 129 0
 354 0044 0020     		mov	r0, #0
 355 0046 FFF7FEFF 		bl	BLE_sendSystemStatus
 130:main.c        ****             MyDelay(4 * TIMEOUT_USER_READ_INFO);
 356              		.loc 1 130 0
 357 004a FA23     		mov	r3, #250
 358 004c DB00     		lsl	r3, r3, #3
 359 004e 181C     		mov	r0, r3
 360 0050 FFF7FEFF 		bl	MyDelay
 131:main.c        ****             
 132:main.c        ****             result = TIME_SYNC_OK;
ARM GAS  C:\Users\Petro\AppData\Local\Temp\cc4lS4Tm.s 			page 10


 361              		.loc 1 132 0
 362 0054 0023     		mov	r3, #0
 363 0056 7B60     		str	r3, [r7, #4]
 364 0058 0FE0     		b	.L28
 365              	.L29:
 133:main.c        ****         }
 134:main.c        ****         else
 135:main.c        ****         {
 136:main.c        ****             Display("Sync time error");
 366              		.loc 1 136 0
 367 005a 0D4B     		ldr	r3, .L31+12
 368 005c 181C     		mov	r0, r3
 369 005e FFF7FEFF 		bl	Display
 137:main.c        ****             SetRebootFlag();
 370              		.loc 1 137 0
 371 0062 FFF7FEFF 		bl	SetRebootFlag
 138:main.c        ****             BLE_sendSystemStatus(STATUS_ERROR);
 372              		.loc 1 138 0
 373 0066 0120     		mov	r0, #1
 374 0068 FFF7FEFF 		bl	BLE_sendSystemStatus
 139:main.c        ****             MyDelay(4 * TIMEOUT_USER_READ_INFO);
 375              		.loc 1 139 0
 376 006c FA23     		mov	r3, #250
 377 006e DB00     		lsl	r3, r3, #3
 378 0070 181C     		mov	r0, r3
 379 0072 FFF7FEFF 		bl	MyDelay
 140:main.c        ****             
 141:main.c        ****             result = TIME_SYNC_ERR;
 380              		.loc 1 141 0
 381 0076 0123     		mov	r3, #1
 382 0078 7B60     		str	r3, [r7, #4]
 383              	.L28:
 142:main.c        ****         }
 143:main.c        ****     }
 144:main.c        ****     
 145:main.c        ****     return result;
 384              		.loc 1 145 0
 385 007a 7B68     		ldr	r3, [r7, #4]
 146:main.c        **** }
 386              		.loc 1 146 0
 387 007c 181C     		mov	r0, r3
 388 007e BD46     		mov	sp, r7
 389 0080 02B0     		add	sp, sp, #8
 390              		@ sp needed
 391 0082 80BD     		pop	{r7, pc}
 392              	.L32:
 393              		.align	2
 394              	.L31:
 395 0084 34000000 		.word	.LC8
 396 0088 44000000 		.word	.LC10
 397 008c 54000000 		.word	.LC12
 398 0090 5C000000 		.word	.LC14
 399              		.cfi_endproc
 400              	.LFE65:
 401              		.size	TimeSynchronize, .-TimeSynchronize
 402              		.section	.rodata
 403              		.align	2
ARM GAS  C:\Users\Petro\AppData\Local\Temp\cc4lS4Tm.s 			page 11


 404              	.LC16:
 405 006c 4572726F 		.ascii	"Error SD Card!\000"
 405      72205344 
 405      20436172 
 405      642100
 406 007b 00       		.align	2
 407              	.LC18:
 408 007c 4D617820 		.ascii	"Max skier on way\000"
 408      736B6965 
 408      72206F6E 
 408      20776179 
 408      00
 409 008d 000000   		.align	2
 410              	.LC20:
 411 0090 46696E69 		.ascii	"Finish Ready\000"
 411      73682052 
 411      65616479 
 411      00
 412              		.section	.text.CheckReady,"ax",%progbits
 413              		.align	2
 414              		.global	CheckReady
 415              		.code	16
 416              		.thumb_func
 417              		.type	CheckReady, %function
 418              	CheckReady:
 419              	.LFB66:
 147:main.c        **** 
 148:main.c        **** 
 149:main.c        **** uint32_t CheckReady(void)
 150:main.c        **** {
 420              		.loc 1 150 0
 421              		.cfi_startproc
 422 0000 80B5     		push	{r7, lr}
 423              		.cfi_def_cfa_offset 8
 424              		.cfi_offset 7, -8
 425              		.cfi_offset 14, -4
 426 0002 82B0     		sub	sp, sp, #8
 427              		.cfi_def_cfa_offset 16
 428 0004 00AF     		add	r7, sp, #0
 429              		.cfi_def_cfa_register 7
 151:main.c        ****     uint32_t result;   
 152:main.c        ****  
 153:main.c        ****     /*sise FIFO*/
 154:main.c        ****     if ((FifoGetSize() >= MAX_SKIERS_ON_BUF/*main_db_buffer) */)&& (FifoGetSize() <= MAX_FIFO_SIZE)
 430              		.loc 1 154 0
 431 0006 FFF7FEFF 		bl	FifoGetSize
 432 000a 031E     		sub	r3, r0, #0
 433 000c 072B     		cmp	r3, #7
 434 000e 15D9     		bls	.L34
 435              		.loc 1 154 0 is_stmt 0 discriminator 1
 436 0010 FFF7FEFF 		bl	FifoGetSize
 437 0014 031E     		sub	r3, r0, #0
 438 0016 0C2B     		cmp	r3, #12
 439 0018 10D8     		bhi	.L34
 155:main.c        ****     {
 156:main.c        ****         /*skier finish successful*/
 157:main.c        ****         Display("Error SD Card!");
ARM GAS  C:\Users\Petro\AppData\Local\Temp\cc4lS4Tm.s 			page 12


 440              		.loc 1 157 0 is_stmt 1
 441 001a 2D4B     		ldr	r3, .L43
 442 001c 181C     		mov	r0, r3
 443 001e FFF7FEFF 		bl	Display
 158:main.c        ****         SendFinStatus(FIN_NO_READY); 
 444              		.loc 1 158 0
 445 0022 0020     		mov	r0, #0
 446 0024 FFF7FEFF 		bl	SendFinStatus
 159:main.c        ****         
 160:main.c        ****         if (SkierOnWay() != 0)
 447              		.loc 1 160 0
 448 0028 FFF7FEFF 		bl	SkierOnWay
 449 002c 031E     		sub	r3, r0, #0
 450 002e 02D0     		beq	.L35
 161:main.c        ****         {
 162:main.c        ****             /*if skiers on way*/
 163:main.c        ****             result = NO_ERROR;
 451              		.loc 1 163 0
 452 0030 0123     		mov	r3, #1
 453 0032 7B60     		str	r3, [r7, #4]
 160:main.c        ****         {
 454              		.loc 1 160 0
 455 0034 3FE0     		b	.L37
 456              	.L35:
 164:main.c        ****         }
 165:main.c        ****         else
 166:main.c        ****         {
 167:main.c        ****             /*if not skiers on way*/
 168:main.c        ****             result = ERROR;
 457              		.loc 1 168 0
 458 0036 0023     		mov	r3, #0
 459 0038 7B60     		str	r3, [r7, #4]
 160:main.c        ****         {
 460              		.loc 1 160 0
 461 003a 3CE0     		b	.L37
 462              	.L34:
 169:main.c        ****         }        
 170:main.c        ****     }
 171:main.c        ****     else if(FifoGetSize() > MAX_FIFO_SIZE)
 463              		.loc 1 171 0
 464 003c FFF7FEFF 		bl	FifoGetSize
 465 0040 031E     		sub	r3, r0, #0
 466 0042 0C2B     		cmp	r3, #12
 467 0044 09D9     		bls	.L38
 172:main.c        ****     {
 173:main.c        ****         /*skier finish no successful*/
 174:main.c        ****         Display("Error SD Card!");
 468              		.loc 1 174 0
 469 0046 224B     		ldr	r3, .L43
 470 0048 181C     		mov	r0, r3
 471 004a FFF7FEFF 		bl	Display
 175:main.c        ****         SendFinStatus(FIN_NO_READY); 
 472              		.loc 1 175 0
 473 004e 0020     		mov	r0, #0
 474 0050 FFF7FEFF 		bl	SendFinStatus
 176:main.c        ****         
 177:main.c        ****         result = ERROR;                
ARM GAS  C:\Users\Petro\AppData\Local\Temp\cc4lS4Tm.s 			page 13


 475              		.loc 1 177 0
 476 0054 0023     		mov	r3, #0
 477 0056 7B60     		str	r3, [r7, #4]
 478 0058 2DE0     		b	.L37
 479              	.L38:
 178:main.c        ****     }
 179:main.c        ****     else if(SkierOnWay() >= MAX_SKIERS_ON_WAY/*MAX_COUNT, TRACK_OVERFLOW*/)
 480              		.loc 1 179 0
 481 005a FFF7FEFF 		bl	SkierOnWay
 482 005e 031E     		sub	r3, r0, #0
 483 0060 032B     		cmp	r3, #3
 484 0062 0ED9     		bls	.L39
 180:main.c        ****     {
 181:main.c        ****         /*max skier on way*/
 182:main.c        ****      
 183:main.c        ****         Display("Max skier on way");
 485              		.loc 1 183 0
 486 0064 1B4B     		ldr	r3, .L43+4
 487 0066 181C     		mov	r0, r3
 488 0068 FFF7FEFF 		bl	Display
 184:main.c        ****         SendFinStatus(FIN_NO_READY);
 489              		.loc 1 184 0
 490 006c 0020     		mov	r0, #0
 491 006e FFF7FEFF 		bl	SendFinStatus
 185:main.c        ****         MyDelay(TIMEOUT_USER_READ_INFO);
 492              		.loc 1 185 0
 493 0072 FA23     		mov	r3, #250
 494 0074 5B00     		lsl	r3, r3, #1
 495 0076 181C     		mov	r0, r3
 496 0078 FFF7FEFF 		bl	MyDelay
 186:main.c        ****         
 187:main.c        ****         result = NO_ERROR;      
 497              		.loc 1 187 0
 498 007c 0123     		mov	r3, #1
 499 007e 7B60     		str	r3, [r7, #4]
 500 0080 19E0     		b	.L37
 501              	.L39:
 188:main.c        ****     }
 189:main.c        ****     else if(SkierOnWay() == 0)
 502              		.loc 1 189 0
 503 0082 FFF7FEFF 		bl	SkierOnWay
 504 0086 031E     		sub	r3, r0, #0
 505 0088 0CD1     		bne	.L40
 190:main.c        ****     {
 191:main.c        ****         Display("Finish Ready");
 506              		.loc 1 191 0
 507 008a 134B     		ldr	r3, .L43+8
 508 008c 181C     		mov	r0, r3
 509 008e FFF7FEFF 		bl	Display
 192:main.c        ****         SendFinStatus(FIN_READY);
 510              		.loc 1 192 0
 511 0092 0120     		mov	r0, #1
 512 0094 FFF7FEFF 		bl	SendFinStatus
 193:main.c        ****         SetLedState(LED_DISABLE);        
 513              		.loc 1 193 0
 514 0098 0020     		mov	r0, #0
 515 009a FFF7FEFF 		bl	SetLedState
ARM GAS  C:\Users\Petro\AppData\Local\Temp\cc4lS4Tm.s 			page 14


 194:main.c        ****         
 195:main.c        ****         result = ERROR;      
 516              		.loc 1 195 0
 517 009e 0023     		mov	r3, #0
 518 00a0 7B60     		str	r3, [r7, #4]
 519 00a2 08E0     		b	.L37
 520              	.L40:
 196:main.c        ****     }
 197:main.c        ****     else
 198:main.c        ****     {
 199:main.c        ****         /*finish ready*/
 200:main.c        ****         SendFinStatus(FIN_READY);
 521              		.loc 1 200 0
 522 00a4 0120     		mov	r0, #1
 523 00a6 FFF7FEFF 		bl	SendFinStatus
 201:main.c        ****         Display("Finish Ready");
 524              		.loc 1 201 0
 525 00aa 0B4B     		ldr	r3, .L43+8
 526 00ac 181C     		mov	r0, r3
 527 00ae FFF7FEFF 		bl	Display
 202:main.c        ****         
 203:main.c        ****         result = NO_ERROR;
 528              		.loc 1 203 0
 529 00b2 0123     		mov	r3, #1
 530 00b4 7B60     		str	r3, [r7, #4]
 531              	.L37:
 204:main.c        ****     }
 205:main.c        ****     
 206:main.c        ****     //if(ReadRebootStartFlag() == REBOOT/*IS*/)
 207:main.c        ****     if(IsRebootStartFlag() == REBOOT)
 532              		.loc 1 207 0
 533 00b6 FFF7FEFF 		bl	IsRebootStartFlag
 534 00ba 031E     		sub	r3, r0, #0
 535 00bc FF2B     		cmp	r3, #255
 536 00be 01D1     		bne	.L41
 208:main.c        ****     {
 209:main.c        ****         result = REBOOT;
 537              		.loc 1 209 0
 538 00c0 FF23     		mov	r3, #255
 539 00c2 7B60     		str	r3, [r7, #4]
 540              	.L41:
 210:main.c        ****     }
 211:main.c        ****        
 212:main.c        ****     return result;
 541              		.loc 1 212 0
 542 00c4 7B68     		ldr	r3, [r7, #4]
 213:main.c        **** }
 543              		.loc 1 213 0
 544 00c6 181C     		mov	r0, r3
 545 00c8 BD46     		mov	sp, r7
 546 00ca 02B0     		add	sp, sp, #8
 547              		@ sp needed
 548 00cc 80BD     		pop	{r7, pc}
 549              	.L44:
 550 00ce C046     		.align	2
 551              	.L43:
 552 00d0 6C000000 		.word	.LC16
ARM GAS  C:\Users\Petro\AppData\Local\Temp\cc4lS4Tm.s 			page 15


 553 00d4 7C000000 		.word	.LC18
 554 00d8 90000000 		.word	.LC20
 555              		.cfi_endproc
 556              	.LFE66:
 557              		.size	CheckReady, .-CheckReady
 558              		.section	.rodata
 559 009d 000000   		.align	2
 560              	.LC22:
 561 00a0 536B6965 		.ascii	"Skier Finished\000"
 561      72204669 
 561      6E697368 
 561      656400
 562              		.section	.text.CheckGate,"ax",%progbits
 563              		.align	2
 564              		.global	CheckGate
 565              		.code	16
 566              		.thumb_func
 567              		.type	CheckGate, %function
 568              	CheckGate:
 569              	.LFB67:
 214:main.c        **** 
 215:main.c        **** uint32_t CheckGate(void)
 216:main.c        **** {
 570              		.loc 1 216 0
 571              		.cfi_startproc
 572 0000 80B5     		push	{r7, lr}
 573              		.cfi_def_cfa_offset 8
 574              		.cfi_offset 7, -8
 575              		.cfi_offset 14, -4
 576 0002 82B0     		sub	sp, sp, #8
 577              		.cfi_def_cfa_offset 16
 578 0004 00AF     		add	r7, sp, #0
 579              		.cfi_def_cfa_register 7
 217:main.c        ****     uint32_t result;
 218:main.c        ****     
 219:main.c        ****     SetLedState(LED_ENABLE);
 580              		.loc 1 219 0
 581 0006 0120     		mov	r0, #1
 582 0008 FFF7FEFF 		bl	SetLedState
 220:main.c        ****     result = GateIsOpen();/*IsGateOpen(), CheckGateStatus()*/
 583              		.loc 1 220 0
 584 000c FFF7FEFF 		bl	GateIsOpen
 585 0010 031C     		mov	r3, r0
 586 0012 7B60     		str	r3, [r7, #4]
 221:main.c        ****     
 222:main.c        ****     if(result == GATE_OPEN)
 587              		.loc 1 222 0
 588 0014 7B68     		ldr	r3, [r7, #4]
 589 0016 012B     		cmp	r3, #1
 590 0018 09D1     		bne	.L46
 223:main.c        ****     {
 224:main.c        ****         Display("Skier Finished");
 591              		.loc 1 224 0
 592 001a 084B     		ldr	r3, .L49
 593 001c 181C     		mov	r0, r3
 594 001e FFF7FEFF 		bl	Display
 225:main.c        ****         MyDelay(TIMEOUT_USER_READ_INFO);
ARM GAS  C:\Users\Petro\AppData\Local\Temp\cc4lS4Tm.s 			page 16


 595              		.loc 1 225 0
 596 0022 FA23     		mov	r3, #250
 597 0024 5B00     		lsl	r3, r3, #1
 598 0026 181C     		mov	r0, r3
 599 0028 FFF7FEFF 		bl	MyDelay
 600 002c 01E0     		b	.L47
 601              	.L46:
 226:main.c        ****     }
 227:main.c        ****     else
 228:main.c        ****     {
 229:main.c        ****         AllowNextSkier();
 602              		.loc 1 229 0
 603 002e FFF7FEFF 		bl	AllowNextSkier
 604              	.L47:
 230:main.c        ****     }
 231:main.c        ****     
 232:main.c        ****     return result;  
 605              		.loc 1 232 0
 606 0032 7B68     		ldr	r3, [r7, #4]
 233:main.c        **** }
 607              		.loc 1 233 0
 608 0034 181C     		mov	r0, r3
 609 0036 BD46     		mov	sp, r7
 610 0038 02B0     		add	sp, sp, #8
 611              		@ sp needed
 612 003a 80BD     		pop	{r7, pc}
 613              	.L50:
 614              		.align	2
 615              	.L49:
 616 003c A0000000 		.word	.LC22
 617              		.cfi_endproc
 618              	.LFE67:
 619              		.size	CheckGate, .-CheckGate
 620              		.section	.rodata
 621 00af 00       		.align	2
 622              	.LC24:
 623 00b0 53617665 		.ascii	"Save data\000"
 623      20646174 
 623      6100
 624 00ba 0000     		.section	.text.SaveResult,"ax",%progbits
 625              		.align	2
 626              		.global	SaveResult
 627              		.code	16
 628              		.thumb_func
 629              		.type	SaveResult, %function
 630              	SaveResult:
 631              	.LFB68:
 234:main.c        **** 
 235:main.c        **** void SaveResult(void)
 236:main.c        **** {
 632              		.loc 1 236 0
 633              		.cfi_startproc
 634 0000 90B5     		push	{r4, r7, lr}
 635              		.cfi_def_cfa_offset 12
 636              		.cfi_offset 4, -12
 637              		.cfi_offset 7, -8
 638              		.cfi_offset 14, -4
ARM GAS  C:\Users\Petro\AppData\Local\Temp\cc4lS4Tm.s 			page 17


 639 0002 85B0     		sub	sp, sp, #20
 640              		.cfi_def_cfa_offset 32
 641 0004 00AF     		add	r7, sp, #0
 642              		.cfi_def_cfa_register 7
 237:main.c        ****     uint64_t finUnixTime;
 238:main.c        ****     uint32_t finRecentMs;
 239:main.c        ****     
 240:main.c        ****     SendFinStatus(FIN_READY);
 643              		.loc 1 240 0
 644 0006 0120     		mov	r0, #1
 645 0008 FFF7FEFF 		bl	SendFinStatus
 241:main.c        ****     LedBlink(FREQ_INIT_BLINK);
 646              		.loc 1 241 0
 647 000c 0A20     		mov	r0, #10
 648 000e FFF7FEFF 		bl	LedBlink
 242:main.c        ****     Display("Save data");
 649              		.loc 1 242 0
 650 0012 164B     		ldr	r3, .L52
 651 0014 181C     		mov	r0, r3
 652 0016 FFF7FEFF 		bl	Display
 243:main.c        ****     MyDelay(TIMEOUT_USER_READ_INFO);
 653              		.loc 1 243 0
 654 001a FA23     		mov	r3, #250
 655 001c 5B00     		lsl	r3, r3, #1
 656 001e 181C     		mov	r0, r3
 657 0020 FFF7FEFF 		bl	MyDelay
 244:main.c        ****     
 245:main.c        ****     /*write time in fifo*/
 246:main.c        ****     GetFinTime(&finUnixTime, &finRecentMs);
 658              		.loc 1 246 0
 659 0024 0823     		mov	r3, #8
 660 0026 FA18     		add	r2, r7, r3
 661 0028 3B1D     		add	r3, r7, #4
 662 002a 101C     		mov	r0, r2
 663 002c 191C     		mov	r1, r3
 664 002e FFF7FEFF 		bl	GetFinTime
 247:main.c        ****     WriteFinishTime(finUnixTime,finRecentMs);
 665              		.loc 1 247 0
 666 0032 BB68     		ldr	r3, [r7, #8]
 667 0034 FC68     		ldr	r4, [r7, #12]
 668 0036 7A68     		ldr	r2, [r7, #4]
 669 0038 92B2     		uxth	r2, r2
 670 003a 181C     		mov	r0, r3
 671 003c 211C     		mov	r1, r4
 672 003e FFF7FEFF 		bl	WriteFinishTime
 248:main.c        ****     
 249:main.c        ****     FifoPushLastFinished();
 673              		.loc 1 249 0
 674 0042 FFF7FEFF 		bl	FifoPushLastFinished
 250:main.c        ****     
 251:main.c        ****     /*print time result last skier finished*/
 252:main.c        ****     DisplayLastSkierTime(LastSecTimeOnWay(),LastMillsTimeOnWay());/*LastTimeOnWaySecs(), LastTimeOn
 675              		.loc 1 252 0
 676 0046 FFF7FEFF 		bl	LastSecTimeOnWay
 677 004a 041C     		mov	r4, r0
 678 004c FFF7FEFF 		bl	LastMillsTimeOnWay
 679 0050 031C     		mov	r3, r0
ARM GAS  C:\Users\Petro\AppData\Local\Temp\cc4lS4Tm.s 			page 18


 680 0052 9BB2     		uxth	r3, r3
 681 0054 201C     		mov	r0, r4
 682 0056 191C     		mov	r1, r3
 683 0058 FFF7FEFF 		bl	DisplayLastSkierTime
 253:main.c        ****     MyDelay(2*TIMEOUT_USER_READ_INFO);  
 684              		.loc 1 253 0
 685 005c FA23     		mov	r3, #250
 686 005e 9B00     		lsl	r3, r3, #2
 687 0060 181C     		mov	r0, r3
 688 0062 FFF7FEFF 		bl	MyDelay
 254:main.c        **** }
 689              		.loc 1 254 0
 690 0066 BD46     		mov	sp, r7
 691 0068 05B0     		add	sp, sp, #20
 692              		@ sp needed
 693 006a 90BD     		pop	{r4, r7, pc}
 694              	.L53:
 695              		.align	2
 696              	.L52:
 697 006c B0000000 		.word	.LC24
 698              		.cfi_endproc
 699              	.LFE68:
 700              		.size	SaveResult, .-SaveResult
 701              		.text
 702              	.Letext0:
 703              		.file 2 "c:\\program files (x86)\\cypress\\psoc creator\\4.0\\psoc creator\\import\\gnu\\arm\\4.9.
 704              		.file 3 "c:\\program files (x86)\\cypress\\psoc creator\\4.0\\psoc creator\\import\\gnu\\arm\\4.9.
 705              		.file 4 "Generated_Source\\PSoC4/ble_Stack.h"
 706              		.file 5 "lib_BLE\\bluetooth.h"
 707              		.file 6 "appGlobal.h"
 708              		.section	.debug_info,"",%progbits
 709              	.Ldebug_info0:
 710 0000 8D030000 		.4byte	0x38d
 711 0004 0400     		.2byte	0x4
 712 0006 00000000 		.4byte	.Ldebug_abbrev0
 713 000a 04       		.byte	0x4
 714 000b 01       		.uleb128 0x1
 715 000c 49050000 		.4byte	.LASF89
 716 0010 01       		.byte	0x1
 717 0011 5D060000 		.4byte	.LASF90
 718 0015 EB060000 		.4byte	.LASF91
 719 0019 00000000 		.4byte	.Ldebug_ranges0+0
 720 001d 00000000 		.4byte	0
 721 0021 00000000 		.4byte	.Ldebug_line0
 722 0025 02       		.uleb128 0x2
 723 0026 01       		.byte	0x1
 724 0027 06       		.byte	0x6
 725 0028 EE030000 		.4byte	.LASF0
 726 002c 02       		.uleb128 0x2
 727 002d 01       		.byte	0x1
 728 002e 08       		.byte	0x8
 729 002f 78030000 		.4byte	.LASF1
 730 0033 02       		.uleb128 0x2
 731 0034 02       		.byte	0x2
 732 0035 05       		.byte	0x5
 733 0036 33000000 		.4byte	.LASF2
 734 003a 02       		.uleb128 0x2
ARM GAS  C:\Users\Petro\AppData\Local\Temp\cc4lS4Tm.s 			page 19


 735 003b 02       		.byte	0x2
 736 003c 07       		.byte	0x7
 737 003d F1040000 		.4byte	.LASF3
 738 0041 02       		.uleb128 0x2
 739 0042 04       		.byte	0x4
 740 0043 05       		.byte	0x5
 741 0044 65020000 		.4byte	.LASF4
 742 0048 03       		.uleb128 0x3
 743 0049 7A000000 		.4byte	.LASF7
 744 004d 02       		.byte	0x2
 745 004e 41       		.byte	0x41
 746 004f 53000000 		.4byte	0x53
 747 0053 02       		.uleb128 0x2
 748 0054 04       		.byte	0x4
 749 0055 07       		.byte	0x7
 750 0056 7F040000 		.4byte	.LASF5
 751 005a 02       		.uleb128 0x2
 752 005b 08       		.byte	0x8
 753 005c 05       		.byte	0x5
 754 005d 36020000 		.4byte	.LASF6
 755 0061 03       		.uleb128 0x3
 756 0062 EA050000 		.4byte	.LASF8
 757 0066 02       		.byte	0x2
 758 0067 5B       		.byte	0x5b
 759 0068 6C000000 		.4byte	0x6c
 760 006c 02       		.uleb128 0x2
 761 006d 08       		.byte	0x8
 762 006e 07       		.byte	0x7
 763 006f 44020000 		.4byte	.LASF9
 764 0073 04       		.uleb128 0x4
 765 0074 04       		.byte	0x4
 766 0075 05       		.byte	0x5
 767 0076 696E7400 		.ascii	"int\000"
 768 007a 02       		.uleb128 0x2
 769 007b 04       		.byte	0x4
 770 007c 07       		.byte	0x7
 771 007d 57040000 		.4byte	.LASF10
 772 0081 03       		.uleb128 0x3
 773 0082 B5010000 		.4byte	.LASF11
 774 0086 03       		.byte	0x3
 775 0087 2D       		.byte	0x2d
 776 0088 48000000 		.4byte	0x48
 777 008c 03       		.uleb128 0x3
 778 008d 2A000000 		.4byte	.LASF12
 779 0091 03       		.byte	0x3
 780 0092 39       		.byte	0x39
 781 0093 61000000 		.4byte	0x61
 782 0097 02       		.uleb128 0x2
 783 0098 04       		.byte	0x4
 784 0099 04       		.byte	0x4
 785 009a FD010000 		.4byte	.LASF13
 786 009e 02       		.uleb128 0x2
 787 009f 08       		.byte	0x8
 788 00a0 04       		.byte	0x4
 789 00a1 87060000 		.4byte	.LASF14
 790 00a5 02       		.uleb128 0x2
 791 00a6 01       		.byte	0x1
ARM GAS  C:\Users\Petro\AppData\Local\Temp\cc4lS4Tm.s 			page 20


 792 00a7 08       		.byte	0x8
 793 00a8 3A050000 		.4byte	.LASF15
 794 00ac 02       		.uleb128 0x2
 795 00ad 04       		.byte	0x4
 796 00ae 07       		.byte	0x7
 797 00af 57000000 		.4byte	.LASF16
 798 00b3 05       		.uleb128 0x5
 799 00b4 01       		.byte	0x1
 800 00b5 04       		.byte	0x4
 801 00b6 A4       		.byte	0xa4
 802 00b7 38020000 		.4byte	0x238
 803 00bb 06       		.uleb128 0x6
 804 00bc 9E010000 		.4byte	.LASF17
 805 00c0 00       		.sleb128 0
 806 00c1 06       		.uleb128 0x6
 807 00c2 ED000000 		.4byte	.LASF18
 808 00c6 01       		.sleb128 1
 809 00c7 06       		.uleb128 0x6
 810 00c8 73080000 		.4byte	.LASF19
 811 00cc 02       		.sleb128 2
 812 00cd 06       		.uleb128 0x6
 813 00ce 5A070000 		.4byte	.LASF20
 814 00d2 03       		.sleb128 3
 815 00d3 06       		.uleb128 0x6
 816 00d4 60000000 		.4byte	.LASF21
 817 00d8 04       		.sleb128 4
 818 00d9 06       		.uleb128 0x6
 819 00da F7020000 		.4byte	.LASF22
 820 00de 05       		.sleb128 5
 821 00df 06       		.uleb128 0x6
 822 00e0 B8070000 		.4byte	.LASF23
 823 00e4 20       		.sleb128 32
 824 00e5 06       		.uleb128 0x6
 825 00e6 91040000 		.4byte	.LASF24
 826 00ea 21       		.sleb128 33
 827 00eb 06       		.uleb128 0x6
 828 00ec C7060000 		.4byte	.LASF25
 829 00f0 22       		.sleb128 34
 830 00f1 06       		.uleb128 0x6
 831 00f2 13030000 		.4byte	.LASF26
 832 00f6 23       		.sleb128 35
 833 00f7 06       		.uleb128 0x6
 834 00f8 3B040000 		.4byte	.LASF27
 835 00fc 24       		.sleb128 36
 836 00fd 06       		.uleb128 0x6
 837 00fe 3D000000 		.4byte	.LASF28
 838 0102 25       		.sleb128 37
 839 0103 06       		.uleb128 0x6
 840 0104 AE020000 		.4byte	.LASF29
 841 0108 26       		.sleb128 38
 842 0109 06       		.uleb128 0x6
 843 010a 8F020000 		.4byte	.LASF30
 844 010e 27       		.sleb128 39
 845 010f 06       		.uleb128 0x6
 846 0110 F9080000 		.4byte	.LASF31
 847 0114 28       		.sleb128 40
 848 0115 06       		.uleb128 0x6
ARM GAS  C:\Users\Petro\AppData\Local\Temp\cc4lS4Tm.s 			page 21


 849 0116 C9040000 		.4byte	.LASF32
 850 011a 29       		.sleb128 41
 851 011b 06       		.uleb128 0x6
 852 011c 11050000 		.4byte	.LASF33
 853 0120 2A       		.sleb128 42
 854 0121 06       		.uleb128 0x6
 855 0122 3E060000 		.4byte	.LASF34
 856 0126 2B       		.sleb128 43
 857 0127 06       		.uleb128 0x6
 858 0128 3A010000 		.4byte	.LASF35
 859 012c 2C       		.sleb128 44
 860 012d 06       		.uleb128 0x6
 861 012e 10000000 		.4byte	.LASF36
 862 0132 C000     		.sleb128 64
 863 0134 06       		.uleb128 0x6
 864 0135 64040000 		.4byte	.LASF37
 865 0139 C100     		.sleb128 65
 866 013b 06       		.uleb128 0x6
 867 013c 3F090000 		.4byte	.LASF38
 868 0140 C200     		.sleb128 66
 869 0142 06       		.uleb128 0x6
 870 0143 00010000 		.4byte	.LASF39
 871 0147 C300     		.sleb128 67
 872 0149 06       		.uleb128 0x6
 873 014a 21080000 		.4byte	.LASF40
 874 014e C400     		.sleb128 68
 875 0150 06       		.uleb128 0x6
 876 0151 DC070000 		.4byte	.LASF41
 877 0155 C500     		.sleb128 69
 878 0157 06       		.uleb128 0x6
 879 0158 AE000000 		.4byte	.LASF42
 880 015c C600     		.sleb128 70
 881 015e 06       		.uleb128 0x6
 882 015f D0030000 		.4byte	.LASF43
 883 0163 C700     		.sleb128 71
 884 0165 06       		.uleb128 0x6
 885 0166 14040000 		.4byte	.LASF44
 886 016a C800     		.sleb128 72
 887 016c 06       		.uleb128 0x6
 888 016d 03020000 		.4byte	.LASF45
 889 0171 C900     		.sleb128 73
 890 0173 06       		.uleb128 0x6
 891 0174 F5050000 		.4byte	.LASF46
 892 0178 CA00     		.sleb128 74
 893 017a 06       		.uleb128 0x6
 894 017b 5E010000 		.4byte	.LASF47
 895 017f CB00     		.sleb128 75
 896 0181 06       		.uleb128 0x6
 897 0182 FA030000 		.4byte	.LASF48
 898 0186 CC00     		.sleb128 76
 899 0188 06       		.uleb128 0x6
 900 0189 1C020000 		.4byte	.LASF49
 901 018d CD00     		.sleb128 77
 902 018f 06       		.uleb128 0x6
 903 0190 03080000 		.4byte	.LASF50
 904 0194 CE00     		.sleb128 78
 905 0196 06       		.uleb128 0x6
ARM GAS  C:\Users\Petro\AppData\Local\Temp\cc4lS4Tm.s 			page 22


 906 0197 86030000 		.4byte	.LASF51
 907 019b CF00     		.sleb128 79
 908 019d 06       		.uleb128 0x6
 909 019e D0080000 		.4byte	.LASF52
 910 01a2 D000     		.sleb128 80
 911 01a4 06       		.uleb128 0x6
 912 01a5 1F060000 		.4byte	.LASF53
 913 01a9 D100     		.sleb128 81
 914 01ab 06       		.uleb128 0x6
 915 01ac D6020000 		.4byte	.LASF54
 916 01b0 D200     		.sleb128 82
 917 01b2 06       		.uleb128 0x6
 918 01b3 6E020000 		.4byte	.LASF55
 919 01b7 D300     		.sleb128 83
 920 01b9 06       		.uleb128 0x6
 921 01ba 7D010000 		.4byte	.LASF56
 922 01be D400     		.sleb128 84
 923 01c0 06       		.uleb128 0x6
 924 01c1 1B090000 		.4byte	.LASF57
 925 01c5 D500     		.sleb128 85
 926 01c7 06       		.uleb128 0x6
 927 01c8 AE080000 		.4byte	.LASF58
 928 01cc D600     		.sleb128 86
 929 01ce 06       		.uleb128 0x6
 930 01cf 85080000 		.4byte	.LASF59
 931 01d3 D700     		.sleb128 87
 932 01d5 06       		.uleb128 0x6
 933 01d6 52030000 		.4byte	.LASF60
 934 01da F000     		.sleb128 112
 935 01dc 06       		.uleb128 0x6
 936 01dd 92070000 		.4byte	.LASF61
 937 01e1 F100     		.sleb128 113
 938 01e3 06       		.uleb128 0x6
 939 01e4 1E010000 		.4byte	.LASF62
 940 01e8 F200     		.sleb128 114
 941 01ea 06       		.uleb128 0x6
 942 01eb BE010000 		.4byte	.LASF63
 943 01ef F300     		.sleb128 115
 944 01f1 06       		.uleb128 0x6
 945 01f2 90000000 		.4byte	.LASF64
 946 01f6 F400     		.sleb128 116
 947 01f8 06       		.uleb128 0x6
 948 01f9 A8040000 		.4byte	.LASF65
 949 01fd F500     		.sleb128 117
 950 01ff 06       		.uleb128 0x6
 951 0200 DC010000 		.4byte	.LASF66
 952 0204 F600     		.sleb128 118
 953 0206 06       		.uleb128 0x6
 954 0207 73070000 		.4byte	.LASF67
 955 020b F700     		.sleb128 119
 956 020d 06       		.uleb128 0x6
 957 020e 64060000 		.4byte	.LASF68
 958 0212 F800     		.sleb128 120
 959 0214 06       		.uleb128 0x6
 960 0215 8E060000 		.4byte	.LASF69
 961 0219 F900     		.sleb128 121
 962 021b 06       		.uleb128 0x6
ARM GAS  C:\Users\Petro\AppData\Local\Temp\cc4lS4Tm.s 			page 23


 963 021c 4F080000 		.4byte	.LASF70
 964 0220 FA00     		.sleb128 122
 965 0222 06       		.uleb128 0x6
 966 0223 CF000000 		.4byte	.LASF71
 967 0227 FA01     		.sleb128 250
 968 0229 06       		.uleb128 0x6
 969 022a A5030000 		.4byte	.LASF72
 970 022e FB01     		.sleb128 251
 971 0230 06       		.uleb128 0x6
 972 0231 44030000 		.4byte	.LASF73
 973 0235 FF01     		.sleb128 255
 974 0237 00       		.byte	0
 975 0238 05       		.uleb128 0x5
 976 0239 01       		.byte	0x1
 977 023a 05       		.byte	0x5
 978 023b 15       		.byte	0x15
 979 023c 4D020000 		.4byte	0x24d
 980 0240 06       		.uleb128 0x6
 981 0241 5B020000 		.4byte	.LASF74
 982 0245 00       		.sleb128 0
 983 0246 06       		.uleb128 0x6
 984 0247 04050000 		.4byte	.LASF75
 985 024b 01       		.sleb128 1
 986 024c 00       		.byte	0
 987 024d 05       		.uleb128 0x5
 988 024e 01       		.byte	0x1
 989 024f 06       		.byte	0x6
 990 0250 1A       		.byte	0x1a
 991 0251 6E020000 		.4byte	0x26e
 992 0255 06       		.uleb128 0x6
 993 0256 3F050000 		.4byte	.LASF76
 994 025a 00       		.sleb128 0
 995 025b 06       		.uleb128 0x6
 996 025c E4050000 		.4byte	.LASF77
 997 0260 01       		.sleb128 1
 998 0261 06       		.uleb128 0x6
 999 0262 85000000 		.4byte	.LASF78
 1000 0266 02       		.sleb128 2
 1001 0267 06       		.uleb128 0x6
 1002 0268 C4030000 		.4byte	.LASF79
 1003 026c 03       		.sleb128 3
 1004 026d 00       		.byte	0
 1005 026e 03       		.uleb128 0x3
 1006 026f BD060000 		.4byte	.LASF80
 1007 0273 06       		.byte	0x6
 1008 0274 1A       		.byte	0x1a
 1009 0275 4D020000 		.4byte	0x24d
 1010 0279 07       		.uleb128 0x7
 1011 027a 75000000 		.4byte	.LASF92
 1012 027e 01       		.byte	0x1
 1013 027f 05       		.byte	0x5
 1014 0280 73000000 		.4byte	0x73
 1015 0284 00000000 		.4byte	.LFB63
 1016 0288 C0000000 		.4byte	.LFE63-.LFB63
 1017 028c 01       		.uleb128 0x1
 1018 028d 9C       		.byte	0x9c
 1019 028e 08       		.uleb128 0x8
ARM GAS  C:\Users\Petro\AppData\Local\Temp\cc4lS4Tm.s 			page 24


 1020 028f E6040000 		.4byte	.LASF83
 1021 0293 01       		.byte	0x1
 1022 0294 3F       		.byte	0x3f
 1023 0295 81000000 		.4byte	0x81
 1024 0299 00000000 		.4byte	.LFB64
 1025 029d 9C000000 		.4byte	.LFE64-.LFB64
 1026 02a1 01       		.uleb128 0x1
 1027 02a2 9C       		.byte	0x9c
 1028 02a3 C4020000 		.4byte	0x2c4
 1029 02a7 09       		.uleb128 0x9
 1030 02a8 00000000 		.4byte	.LASF81
 1031 02ac 01       		.byte	0x1
 1032 02ad 41       		.byte	0x41
 1033 02ae 81000000 		.4byte	0x81
 1034 02b2 02       		.uleb128 0x2
 1035 02b3 91       		.byte	0x91
 1036 02b4 6C       		.sleb128 -20
 1037 02b5 09       		.uleb128 0x9
 1038 02b6 07000000 		.4byte	.LASF82
 1039 02ba 01       		.byte	0x1
 1040 02bb 42       		.byte	0x42
 1041 02bc 8C000000 		.4byte	0x8c
 1042 02c0 02       		.uleb128 0x2
 1043 02c1 91       		.byte	0x91
 1044 02c2 60       		.sleb128 -32
 1045 02c3 00       		.byte	0
 1046 02c4 08       		.uleb128 0x8
 1047 02c5 3F080000 		.4byte	.LASF84
 1048 02c9 01       		.byte	0x1
 1049 02ca 6D       		.byte	0x6d
 1050 02cb 81000000 		.4byte	0x81
 1051 02cf 00000000 		.4byte	.LFB65
 1052 02d3 94000000 		.4byte	.LFE65-.LFB65
 1053 02d7 01       		.uleb128 0x1
 1054 02d8 9C       		.byte	0x9c
 1055 02d9 EC020000 		.4byte	0x2ec
 1056 02dd 09       		.uleb128 0x9
 1057 02de 00000000 		.4byte	.LASF81
 1058 02e2 01       		.byte	0x1
 1059 02e3 6F       		.byte	0x6f
 1060 02e4 81000000 		.4byte	0x81
 1061 02e8 02       		.uleb128 0x2
 1062 02e9 91       		.byte	0x91
 1063 02ea 74       		.sleb128 -12
 1064 02eb 00       		.byte	0
 1065 02ec 08       		.uleb128 0x8
 1066 02ed 39030000 		.4byte	.LASF85
 1067 02f1 01       		.byte	0x1
 1068 02f2 95       		.byte	0x95
 1069 02f3 81000000 		.4byte	0x81
 1070 02f7 00000000 		.4byte	.LFB66
 1071 02fb DC000000 		.4byte	.LFE66-.LFB66
 1072 02ff 01       		.uleb128 0x1
 1073 0300 9C       		.byte	0x9c
 1074 0301 14030000 		.4byte	0x314
 1075 0305 09       		.uleb128 0x9
 1076 0306 00000000 		.4byte	.LASF81
ARM GAS  C:\Users\Petro\AppData\Local\Temp\cc4lS4Tm.s 			page 25


 1077 030a 01       		.byte	0x1
 1078 030b 97       		.byte	0x97
 1079 030c 81000000 		.4byte	0x81
 1080 0310 02       		.uleb128 0x2
 1081 0311 91       		.byte	0x91
 1082 0312 74       		.sleb128 -12
 1083 0313 00       		.byte	0
 1084 0314 08       		.uleb128 0x8
 1085 0315 EF080000 		.4byte	.LASF86
 1086 0319 01       		.byte	0x1
 1087 031a D7       		.byte	0xd7
 1088 031b 81000000 		.4byte	0x81
 1089 031f 00000000 		.4byte	.LFB67
 1090 0323 40000000 		.4byte	.LFE67-.LFB67
 1091 0327 01       		.uleb128 0x1
 1092 0328 9C       		.byte	0x9c
 1093 0329 3C030000 		.4byte	0x33c
 1094 032d 09       		.uleb128 0x9
 1095 032e 00000000 		.4byte	.LASF81
 1096 0332 01       		.byte	0x1
 1097 0333 D9       		.byte	0xd9
 1098 0334 81000000 		.4byte	0x81
 1099 0338 02       		.uleb128 0x2
 1100 0339 91       		.byte	0x91
 1101 033a 74       		.sleb128 -12
 1102 033b 00       		.byte	0
 1103 033c 0A       		.uleb128 0xa
 1104 033d 4F070000 		.4byte	.LASF93
 1105 0341 01       		.byte	0x1
 1106 0342 EB       		.byte	0xeb
 1107 0343 00000000 		.4byte	.LFB68
 1108 0347 70000000 		.4byte	.LFE68-.LFB68
 1109 034b 01       		.uleb128 0x1
 1110 034c 9C       		.byte	0x9c
 1111 034d 6E030000 		.4byte	0x36e
 1112 0351 09       		.uleb128 0x9
 1113 0352 B1060000 		.4byte	.LASF87
 1114 0356 01       		.byte	0x1
 1115 0357 ED       		.byte	0xed
 1116 0358 8C000000 		.4byte	0x8c
 1117 035c 02       		.uleb128 0x2
 1118 035d 91       		.byte	0x91
 1119 035e 68       		.sleb128 -24
 1120 035f 09       		.uleb128 0x9
 1121 0360 13060000 		.4byte	.LASF88
 1122 0364 01       		.byte	0x1
 1123 0365 EE       		.byte	0xee
 1124 0366 81000000 		.4byte	0x81
 1125 036a 02       		.uleb128 0x2
 1126 036b 91       		.byte	0x91
 1127 036c 64       		.sleb128 -28
 1128 036d 00       		.byte	0
 1129 036e 09       		.uleb128 0x9
 1130 036f 00000000 		.4byte	.LASF81
 1131 0373 06       		.byte	0x6
 1132 0374 1D       		.byte	0x1d
 1133 0375 81000000 		.4byte	0x81
ARM GAS  C:\Users\Petro\AppData\Local\Temp\cc4lS4Tm.s 			page 26


 1134 0379 05       		.uleb128 0x5
 1135 037a 03       		.byte	0x3
 1136 037b 00000000 		.4byte	result
 1137 037f 0B       		.uleb128 0xb
 1138 0380 D7050000 		.4byte	.LASF94
 1139 0384 06       		.byte	0x6
 1140 0385 1B       		.byte	0x1b
 1141 0386 6E020000 		.4byte	0x26e
 1142 038a 05       		.uleb128 0x5
 1143 038b 03       		.byte	0x3
 1144 038c 00000000 		.4byte	currentState
 1145 0390 00       		.byte	0
 1146              		.section	.debug_abbrev,"",%progbits
 1147              	.Ldebug_abbrev0:
 1148 0000 01       		.uleb128 0x1
 1149 0001 11       		.uleb128 0x11
 1150 0002 01       		.byte	0x1
 1151 0003 25       		.uleb128 0x25
 1152 0004 0E       		.uleb128 0xe
 1153 0005 13       		.uleb128 0x13
 1154 0006 0B       		.uleb128 0xb
 1155 0007 03       		.uleb128 0x3
 1156 0008 0E       		.uleb128 0xe
 1157 0009 1B       		.uleb128 0x1b
 1158 000a 0E       		.uleb128 0xe
 1159 000b 55       		.uleb128 0x55
 1160 000c 17       		.uleb128 0x17
 1161 000d 11       		.uleb128 0x11
 1162 000e 01       		.uleb128 0x1
 1163 000f 10       		.uleb128 0x10
 1164 0010 17       		.uleb128 0x17
 1165 0011 00       		.byte	0
 1166 0012 00       		.byte	0
 1167 0013 02       		.uleb128 0x2
 1168 0014 24       		.uleb128 0x24
 1169 0015 00       		.byte	0
 1170 0016 0B       		.uleb128 0xb
 1171 0017 0B       		.uleb128 0xb
 1172 0018 3E       		.uleb128 0x3e
 1173 0019 0B       		.uleb128 0xb
 1174 001a 03       		.uleb128 0x3
 1175 001b 0E       		.uleb128 0xe
 1176 001c 00       		.byte	0
 1177 001d 00       		.byte	0
 1178 001e 03       		.uleb128 0x3
 1179 001f 16       		.uleb128 0x16
 1180 0020 00       		.byte	0
 1181 0021 03       		.uleb128 0x3
 1182 0022 0E       		.uleb128 0xe
 1183 0023 3A       		.uleb128 0x3a
 1184 0024 0B       		.uleb128 0xb
 1185 0025 3B       		.uleb128 0x3b
 1186 0026 0B       		.uleb128 0xb
 1187 0027 49       		.uleb128 0x49
 1188 0028 13       		.uleb128 0x13
 1189 0029 00       		.byte	0
 1190 002a 00       		.byte	0
ARM GAS  C:\Users\Petro\AppData\Local\Temp\cc4lS4Tm.s 			page 27


 1191 002b 04       		.uleb128 0x4
 1192 002c 24       		.uleb128 0x24
 1193 002d 00       		.byte	0
 1194 002e 0B       		.uleb128 0xb
 1195 002f 0B       		.uleb128 0xb
 1196 0030 3E       		.uleb128 0x3e
 1197 0031 0B       		.uleb128 0xb
 1198 0032 03       		.uleb128 0x3
 1199 0033 08       		.uleb128 0x8
 1200 0034 00       		.byte	0
 1201 0035 00       		.byte	0
 1202 0036 05       		.uleb128 0x5
 1203 0037 04       		.uleb128 0x4
 1204 0038 01       		.byte	0x1
 1205 0039 0B       		.uleb128 0xb
 1206 003a 0B       		.uleb128 0xb
 1207 003b 3A       		.uleb128 0x3a
 1208 003c 0B       		.uleb128 0xb
 1209 003d 3B       		.uleb128 0x3b
 1210 003e 0B       		.uleb128 0xb
 1211 003f 01       		.uleb128 0x1
 1212 0040 13       		.uleb128 0x13
 1213 0041 00       		.byte	0
 1214 0042 00       		.byte	0
 1215 0043 06       		.uleb128 0x6
 1216 0044 28       		.uleb128 0x28
 1217 0045 00       		.byte	0
 1218 0046 03       		.uleb128 0x3
 1219 0047 0E       		.uleb128 0xe
 1220 0048 1C       		.uleb128 0x1c
 1221 0049 0D       		.uleb128 0xd
 1222 004a 00       		.byte	0
 1223 004b 00       		.byte	0
 1224 004c 07       		.uleb128 0x7
 1225 004d 2E       		.uleb128 0x2e
 1226 004e 00       		.byte	0
 1227 004f 3F       		.uleb128 0x3f
 1228 0050 19       		.uleb128 0x19
 1229 0051 03       		.uleb128 0x3
 1230 0052 0E       		.uleb128 0xe
 1231 0053 3A       		.uleb128 0x3a
 1232 0054 0B       		.uleb128 0xb
 1233 0055 3B       		.uleb128 0x3b
 1234 0056 0B       		.uleb128 0xb
 1235 0057 49       		.uleb128 0x49
 1236 0058 13       		.uleb128 0x13
 1237 0059 11       		.uleb128 0x11
 1238 005a 01       		.uleb128 0x1
 1239 005b 12       		.uleb128 0x12
 1240 005c 06       		.uleb128 0x6
 1241 005d 40       		.uleb128 0x40
 1242 005e 18       		.uleb128 0x18
 1243 005f 9642     		.uleb128 0x2116
 1244 0061 19       		.uleb128 0x19
 1245 0062 00       		.byte	0
 1246 0063 00       		.byte	0
 1247 0064 08       		.uleb128 0x8
ARM GAS  C:\Users\Petro\AppData\Local\Temp\cc4lS4Tm.s 			page 28


 1248 0065 2E       		.uleb128 0x2e
 1249 0066 01       		.byte	0x1
 1250 0067 3F       		.uleb128 0x3f
 1251 0068 19       		.uleb128 0x19
 1252 0069 03       		.uleb128 0x3
 1253 006a 0E       		.uleb128 0xe
 1254 006b 3A       		.uleb128 0x3a
 1255 006c 0B       		.uleb128 0xb
 1256 006d 3B       		.uleb128 0x3b
 1257 006e 0B       		.uleb128 0xb
 1258 006f 27       		.uleb128 0x27
 1259 0070 19       		.uleb128 0x19
 1260 0071 49       		.uleb128 0x49
 1261 0072 13       		.uleb128 0x13
 1262 0073 11       		.uleb128 0x11
 1263 0074 01       		.uleb128 0x1
 1264 0075 12       		.uleb128 0x12
 1265 0076 06       		.uleb128 0x6
 1266 0077 40       		.uleb128 0x40
 1267 0078 18       		.uleb128 0x18
 1268 0079 9642     		.uleb128 0x2116
 1269 007b 19       		.uleb128 0x19
 1270 007c 01       		.uleb128 0x1
 1271 007d 13       		.uleb128 0x13
 1272 007e 00       		.byte	0
 1273 007f 00       		.byte	0
 1274 0080 09       		.uleb128 0x9
 1275 0081 34       		.uleb128 0x34
 1276 0082 00       		.byte	0
 1277 0083 03       		.uleb128 0x3
 1278 0084 0E       		.uleb128 0xe
 1279 0085 3A       		.uleb128 0x3a
 1280 0086 0B       		.uleb128 0xb
 1281 0087 3B       		.uleb128 0x3b
 1282 0088 0B       		.uleb128 0xb
 1283 0089 49       		.uleb128 0x49
 1284 008a 13       		.uleb128 0x13
 1285 008b 02       		.uleb128 0x2
 1286 008c 18       		.uleb128 0x18
 1287 008d 00       		.byte	0
 1288 008e 00       		.byte	0
 1289 008f 0A       		.uleb128 0xa
 1290 0090 2E       		.uleb128 0x2e
 1291 0091 01       		.byte	0x1
 1292 0092 3F       		.uleb128 0x3f
 1293 0093 19       		.uleb128 0x19
 1294 0094 03       		.uleb128 0x3
 1295 0095 0E       		.uleb128 0xe
 1296 0096 3A       		.uleb128 0x3a
 1297 0097 0B       		.uleb128 0xb
 1298 0098 3B       		.uleb128 0x3b
 1299 0099 0B       		.uleb128 0xb
 1300 009a 27       		.uleb128 0x27
 1301 009b 19       		.uleb128 0x19
 1302 009c 11       		.uleb128 0x11
 1303 009d 01       		.uleb128 0x1
 1304 009e 12       		.uleb128 0x12
ARM GAS  C:\Users\Petro\AppData\Local\Temp\cc4lS4Tm.s 			page 29


 1305 009f 06       		.uleb128 0x6
 1306 00a0 40       		.uleb128 0x40
 1307 00a1 18       		.uleb128 0x18
 1308 00a2 9642     		.uleb128 0x2116
 1309 00a4 19       		.uleb128 0x19
 1310 00a5 01       		.uleb128 0x1
 1311 00a6 13       		.uleb128 0x13
 1312 00a7 00       		.byte	0
 1313 00a8 00       		.byte	0
 1314 00a9 0B       		.uleb128 0xb
 1315 00aa 34       		.uleb128 0x34
 1316 00ab 00       		.byte	0
 1317 00ac 03       		.uleb128 0x3
 1318 00ad 0E       		.uleb128 0xe
 1319 00ae 3A       		.uleb128 0x3a
 1320 00af 0B       		.uleb128 0xb
 1321 00b0 3B       		.uleb128 0x3b
 1322 00b1 0B       		.uleb128 0xb
 1323 00b2 49       		.uleb128 0x49
 1324 00b3 13       		.uleb128 0x13
 1325 00b4 3F       		.uleb128 0x3f
 1326 00b5 19       		.uleb128 0x19
 1327 00b6 02       		.uleb128 0x2
 1328 00b7 18       		.uleb128 0x18
 1329 00b8 00       		.byte	0
 1330 00b9 00       		.byte	0
 1331 00ba 00       		.byte	0
 1332              		.section	.debug_aranges,"",%progbits
 1333 0000 44000000 		.4byte	0x44
 1334 0004 0200     		.2byte	0x2
 1335 0006 00000000 		.4byte	.Ldebug_info0
 1336 000a 04       		.byte	0x4
 1337 000b 00       		.byte	0
 1338 000c 0000     		.2byte	0
 1339 000e 0000     		.2byte	0
 1340 0010 00000000 		.4byte	.LFB63
 1341 0014 C0000000 		.4byte	.LFE63-.LFB63
 1342 0018 00000000 		.4byte	.LFB64
 1343 001c 9C000000 		.4byte	.LFE64-.LFB64
 1344 0020 00000000 		.4byte	.LFB65
 1345 0024 94000000 		.4byte	.LFE65-.LFB65
 1346 0028 00000000 		.4byte	.LFB66
 1347 002c DC000000 		.4byte	.LFE66-.LFB66
 1348 0030 00000000 		.4byte	.LFB67
 1349 0034 40000000 		.4byte	.LFE67-.LFB67
 1350 0038 00000000 		.4byte	.LFB68
 1351 003c 70000000 		.4byte	.LFE68-.LFB68
 1352 0040 00000000 		.4byte	0
 1353 0044 00000000 		.4byte	0
 1354              		.section	.debug_ranges,"",%progbits
 1355              	.Ldebug_ranges0:
 1356 0000 00000000 		.4byte	.LFB63
 1357 0004 C0000000 		.4byte	.LFE63
 1358 0008 00000000 		.4byte	.LFB64
 1359 000c 9C000000 		.4byte	.LFE64
 1360 0010 00000000 		.4byte	.LFB65
 1361 0014 94000000 		.4byte	.LFE65
ARM GAS  C:\Users\Petro\AppData\Local\Temp\cc4lS4Tm.s 			page 30


 1362 0018 00000000 		.4byte	.LFB66
 1363 001c DC000000 		.4byte	.LFE66
 1364 0020 00000000 		.4byte	.LFB67
 1365 0024 40000000 		.4byte	.LFE67
 1366 0028 00000000 		.4byte	.LFB68
 1367 002c 70000000 		.4byte	.LFE68
 1368 0030 00000000 		.4byte	0
 1369 0034 00000000 		.4byte	0
 1370              		.section	.debug_line,"",%progbits
 1371              	.Ldebug_line0:
 1372 0000 47020000 		.section	.debug_str,"MS",%progbits,1
 1372      02006101 
 1372      00000201 
 1372      FB0E0D00 
 1372      01010101 
 1373              	.LASF81:
 1374 0000 72657375 		.ascii	"result\000"
 1374      6C7400
 1375              	.LASF82:
 1376 0007 756E6978 		.ascii	"unixTime\000"
 1376      54696D65 
 1376      00
 1377              	.LASF36:
 1378 0010 4359424C 		.ascii	"CYBLE_EVT_GATTC_ERROR_RSP\000"
 1378      455F4556 
 1378      545F4741 
 1378      5454435F 
 1378      4552524F 
 1379              	.LASF12:
 1380 002a 75696E74 		.ascii	"uint64_t\000"
 1380      36345F74 
 1380      00
 1381              	.LASF2:
 1382 0033 73686F72 		.ascii	"short int\000"
 1382      7420696E 
 1382      7400
 1383              	.LASF28:
 1384 003d 4359424C 		.ascii	"CYBLE_EVT_GAP_AUTH_FAILED\000"
 1384      455F4556 
 1384      545F4741 
 1384      505F4155 
 1384      54485F46 
 1385              	.LASF16:
 1386 0057 73697A65 		.ascii	"sizetype\000"
 1386      74797065 
 1386      00
 1387              	.LASF21:
 1388 0060 4359424C 		.ascii	"CYBLE_EVT_HCI_STATUS\000"
 1388      455F4556 
 1388      545F4843 
 1388      495F5354 
 1388      41545553 
 1389              	.LASF92:
 1390 0075 6D61696E 		.ascii	"main\000"
 1390      00
 1391              	.LASF7:
 1392 007a 5F5F7569 		.ascii	"__uint32_t\000"
ARM GAS  C:\Users\Petro\AppData\Local\Temp\cc4lS4Tm.s 			page 31


 1392      6E743332 
 1392      5F7400
 1393              	.LASF78:
 1394 0085 43484543 		.ascii	"CHECK_GATE\000"
 1394      4B5F4741 
 1394      544500
 1395              	.LASF64:
 1396 0090 4359424C 		.ascii	"CYBLE_EVT_L2CAP_CBFC_CONN_CNF\000"
 1396      455F4556 
 1396      545F4C32 
 1396      4341505F 
 1396      43424643 
 1397              	.LASF42:
 1398 00ae 4359424C 		.ascii	"CYBLE_EVT_GATTC_READ_BY_TYPE_RSP\000"
 1398      455F4556 
 1398      545F4741 
 1398      5454435F 
 1398      52454144 
 1399              	.LASF71:
 1400 00cf 4359424C 		.ascii	"CYBLE_EVT_PENDING_FLASH_WRITE\000"
 1400      455F4556 
 1400      545F5045 
 1400      4E44494E 
 1400      475F464C 
 1401              	.LASF18:
 1402 00ed 4359424C 		.ascii	"CYBLE_EVT_STACK_ON\000"
 1402      455F4556 
 1402      545F5354 
 1402      41434B5F 
 1402      4F4E00
 1403              	.LASF39:
 1404 0100 4359424C 		.ascii	"CYBLE_EVT_GATTS_XCNHG_MTU_REQ\000"
 1404      455F4556 
 1404      545F4741 
 1404      5454535F 
 1404      58434E48 
 1405              	.LASF62:
 1406 011e 4359424C 		.ascii	"CYBLE_EVT_L2CAP_COMMAND_REJ\000"
 1406      455F4556 
 1406      545F4C32 
 1406      4341505F 
 1406      434F4D4D 
 1407              	.LASF35:
 1408 013a 4359424C 		.ascii	"CYBLE_EVT_GAP_KEYINFO_EXCHNGE_CMPLT\000"
 1408      455F4556 
 1408      545F4741 
 1408      505F4B45 
 1408      59494E46 
 1409              	.LASF47:
 1410 015e 4359424C 		.ascii	"CYBLE_EVT_GATTC_READ_MULTI_RSP\000"
 1410      455F4556 
 1410      545F4741 
 1410      5454435F 
 1410      52454144 
 1411              	.LASF56:
 1412 017d 4359424C 		.ascii	"CYBLE_EVT_GATTS_HANDLE_VALUE_CNF\000"
 1412      455F4556 
ARM GAS  C:\Users\Petro\AppData\Local\Temp\cc4lS4Tm.s 			page 32


 1412      545F4741 
 1412      5454535F 
 1412      48414E44 
 1413              	.LASF17:
 1414 019e 4359424C 		.ascii	"CYBLE_EVT_HOST_INVALID\000"
 1414      455F4556 
 1414      545F484F 
 1414      53545F49 
 1414      4E56414C 
 1415              	.LASF11:
 1416 01b5 75696E74 		.ascii	"uint32_t\000"
 1416      33325F74 
 1416      00
 1417              	.LASF63:
 1418 01be 4359424C 		.ascii	"CYBLE_EVT_L2CAP_CBFC_CONN_IND\000"
 1418      455F4556 
 1418      545F4C32 
 1418      4341505F 
 1418      43424643 
 1419              	.LASF66:
 1420 01dc 4359424C 		.ascii	"CYBLE_EVT_L2CAP_CBFC_DISCONN_CNF\000"
 1420      455F4556 
 1420      545F4C32 
 1420      4341505F 
 1420      43424643 
 1421              	.LASF13:
 1422 01fd 666C6F61 		.ascii	"float\000"
 1422      7400
 1423              	.LASF45:
 1424 0203 4359424C 		.ascii	"CYBLE_EVT_GATTC_READ_RSP\000"
 1424      455F4556 
 1424      545F4741 
 1424      5454435F 
 1424      52454144 
 1425              	.LASF49:
 1426 021c 4359424C 		.ascii	"CYBLE_EVT_GATTC_WRITE_RSP\000"
 1426      455F4556 
 1426      545F4741 
 1426      5454435F 
 1426      57524954 
 1427              	.LASF6:
 1428 0236 6C6F6E67 		.ascii	"long long int\000"
 1428      206C6F6E 
 1428      6720696E 
 1428      7400
 1429              	.LASF9:
 1430 0244 6C6F6E67 		.ascii	"long long unsigned int\000"
 1430      206C6F6E 
 1430      6720756E 
 1430      7369676E 
 1430      65642069 
 1431              	.LASF74:
 1432 025b 53544154 		.ascii	"STATUS_OK\000"
 1432      55535F4F 
 1432      4B00
 1433              	.LASF4:
 1434 0265 6C6F6E67 		.ascii	"long int\000"
ARM GAS  C:\Users\Petro\AppData\Local\Temp\cc4lS4Tm.s 			page 33


 1434      20696E74 
 1434      00
 1435              	.LASF55:
 1436 026e 4359424C 		.ascii	"CYBLE_EVT_GATTC_HANDLE_VALUE_IND\000"
 1436      455F4556 
 1436      545F4741 
 1436      5454435F 
 1436      48414E44 
 1437              	.LASF30:
 1438 028f 4359424C 		.ascii	"CYBLE_EVT_GAP_DEVICE_CONNECTED\000"
 1438      455F4556 
 1438      545F4741 
 1438      505F4445 
 1438      56494345 
 1439              	.LASF29:
 1440 02ae 4359424C 		.ascii	"CYBLE_EVT_GAPP_ADVERTISEMENT_START_STOP\000"
 1440      455F4556 
 1440      545F4741 
 1440      50505F41 
 1440      44564552 
 1441              	.LASF54:
 1442 02d6 4359424C 		.ascii	"CYBLE_EVT_GATTC_HANDLE_VALUE_NTF\000"
 1442      455F4556 
 1442      545F4741 
 1442      5454435F 
 1442      48414E44 
 1443              	.LASF22:
 1444 02f7 4359424C 		.ascii	"CYBLE_EVT_STACK_BUSY_STATUS\000"
 1444      455F4556 
 1444      545F5354 
 1444      41434B5F 
 1444      42555359 
 1445              	.LASF26:
 1446 0313 4359424C 		.ascii	"CYBLE_EVT_GAP_PASSKEY_DISPLAY_REQUEST\000"
 1446      455F4556 
 1446      545F4741 
 1446      505F5041 
 1446      53534B45 
 1447              	.LASF85:
 1448 0339 43686563 		.ascii	"CheckReady\000"
 1448      6B526561 
 1448      647900
 1449              	.LASF73:
 1450 0344 4359424C 		.ascii	"CYBLE_EVT_MAX\000"
 1450      455F4556 
 1450      545F4D41 
 1450      5800
 1451              	.LASF60:
 1452 0352 4359424C 		.ascii	"CYBLE_EVT_L2CAP_CONN_PARAM_UPDATE_REQ\000"
 1452      455F4556 
 1452      545F4C32 
 1452      4341505F 
 1452      434F4E4E 
 1453              	.LASF1:
 1454 0378 756E7369 		.ascii	"unsigned char\000"
 1454      676E6564 
 1454      20636861 
ARM GAS  C:\Users\Petro\AppData\Local\Temp\cc4lS4Tm.s 			page 34


 1454      7200
 1455              	.LASF51:
 1456 0386 4359424C 		.ascii	"CYBLE_EVT_GATTS_PREP_WRITE_REQ\000"
 1456      455F4556 
 1456      545F4741 
 1456      5454535F 
 1456      50524550 
 1457              	.LASF72:
 1458 03a5 4359424C 		.ascii	"CYBLE_EVT_LE_PING_AUTH_TIMEOUT\000"
 1458      455F4556 
 1458      545F4C45 
 1458      5F50494E 
 1458      475F4155 
 1459              	.LASF79:
 1460 03c4 53415645 		.ascii	"SAVE_RESULT\000"
 1460      5F524553 
 1460      554C5400 
 1461              	.LASF43:
 1462 03d0 4359424C 		.ascii	"CYBLE_EVT_GATTC_FIND_INFO_RSP\000"
 1462      455F4556 
 1462      545F4741 
 1462      5454435F 
 1462      46494E44 
 1463              	.LASF0:
 1464 03ee 7369676E 		.ascii	"signed char\000"
 1464      65642063 
 1464      68617200 
 1465              	.LASF48:
 1466 03fa 4359424C 		.ascii	"CYBLE_EVT_GATTS_WRITE_REQ\000"
 1466      455F4556 
 1466      545F4741 
 1466      5454535F 
 1466      57524954 
 1467              	.LASF44:
 1468 0414 4359424C 		.ascii	"CYBLE_EVT_GATTC_FIND_BY_TYPE_VALUE_RSP\000"
 1468      455F4556 
 1468      545F4741 
 1468      5454435F 
 1468      46494E44 
 1469              	.LASF27:
 1470 043b 4359424C 		.ascii	"CYBLE_EVT_GAP_AUTH_COMPLETE\000"
 1470      455F4556 
 1470      545F4741 
 1470      505F4155 
 1470      54485F43 
 1471              	.LASF10:
 1472 0457 756E7369 		.ascii	"unsigned int\000"
 1472      676E6564 
 1472      20696E74 
 1472      00
 1473              	.LASF37:
 1474 0464 4359424C 		.ascii	"CYBLE_EVT_GATT_CONNECT_IND\000"
 1474      455F4556 
 1474      545F4741 
 1474      54545F43 
 1474      4F4E4E45 
 1475              	.LASF5:
ARM GAS  C:\Users\Petro\AppData\Local\Temp\cc4lS4Tm.s 			page 35


 1476 047f 6C6F6E67 		.ascii	"long unsigned int\000"
 1476      20756E73 
 1476      69676E65 
 1476      6420696E 
 1476      7400
 1477              	.LASF24:
 1478 0491 4359424C 		.ascii	"CYBLE_EVT_GAP_AUTH_REQ\000"
 1478      455F4556 
 1478      545F4741 
 1478      505F4155 
 1478      54485F52 
 1479              	.LASF65:
 1480 04a8 4359424C 		.ascii	"CYBLE_EVT_L2CAP_CBFC_DISCONN_IND\000"
 1480      455F4556 
 1480      545F4C32 
 1480      4341505F 
 1480      43424643 
 1481              	.LASF32:
 1482 04c9 4359424C 		.ascii	"CYBLE_EVT_GAP_ENCRYPT_CHANGE\000"
 1482      455F4556 
 1482      545F4741 
 1482      505F454E 
 1482      43525950 
 1483              	.LASF83:
 1484 04e6 53797374 		.ascii	"SystemInit\000"
 1484      656D496E 
 1484      697400
 1485              	.LASF3:
 1486 04f1 73686F72 		.ascii	"short unsigned int\000"
 1486      7420756E 
 1486      7369676E 
 1486      65642069 
 1486      6E7400
 1487              	.LASF75:
 1488 0504 53544154 		.ascii	"STATUS_ERROR\000"
 1488      55535F45 
 1488      52524F52 
 1488      00
 1489              	.LASF33:
 1490 0511 4359424C 		.ascii	"CYBLE_EVT_GAP_CONNECTION_UPDATE_COMPLETE\000"
 1490      455F4556 
 1490      545F4741 
 1490      505F434F 
 1490      4E4E4543 
 1491              	.LASF15:
 1492 053a 63686172 		.ascii	"char\000"
 1492      00
 1493              	.LASF76:
 1494 053f 54494D45 		.ascii	"TIME_SYNC\000"
 1494      5F53594E 
 1494      4300
 1495              	.LASF89:
 1496 0549 474E5520 		.ascii	"GNU C 4.9.3 20150303 (release) [ARM/embedded-4_9-br"
 1496      4320342E 
 1496      392E3320 
 1496      32303135 
 1496      30333033 
ARM GAS  C:\Users\Petro\AppData\Local\Temp\cc4lS4Tm.s 			page 36


 1497 057c 616E6368 		.ascii	"anch revision 221220] -mcpu=cortex-m0 -mthumb -g -O"
 1497      20726576 
 1497      6973696F 
 1497      6E203232 
 1497      31323230 
 1498 05af 30202D66 		.ascii	"0 -ffunction-sections -ffat-lto-objects\000"
 1498      66756E63 
 1498      74696F6E 
 1498      2D736563 
 1498      74696F6E 
 1499              	.LASF94:
 1500 05d7 63757272 		.ascii	"currentState\000"
 1500      656E7453 
 1500      74617465 
 1500      00
 1501              	.LASF77:
 1502 05e4 52454144 		.ascii	"READY\000"
 1502      5900
 1503              	.LASF8:
 1504 05ea 5F5F7569 		.ascii	"__uint64_t\000"
 1504      6E743634 
 1504      5F7400
 1505              	.LASF46:
 1506 05f5 4359424C 		.ascii	"CYBLE_EVT_GATTC_READ_BLOB_RSP\000"
 1506      455F4556 
 1506      545F4741 
 1506      5454435F 
 1506      52454144 
 1507              	.LASF88:
 1508 0613 66696E52 		.ascii	"finRecentMs\000"
 1508      6563656E 
 1508      744D7300 
 1509              	.LASF53:
 1510 061f 4359424C 		.ascii	"CYBLE_EVT_GATTC_EXEC_WRITE_RSP\000"
 1510      455F4556 
 1510      545F4741 
 1510      5454435F 
 1510      45584543 
 1511              	.LASF34:
 1512 063e 4359424C 		.ascii	"CYBLE_EVT_GAPC_SCAN_START_STOP\000"
 1512      455F4556 
 1512      545F4741 
 1512      50435F53 
 1512      43414E5F 
 1513              	.LASF90:
 1514 065d 6D61696E 		.ascii	"main.c\000"
 1514      2E6300
 1515              	.LASF68:
 1516 0664 4359424C 		.ascii	"CYBLE_EVT_L2CAP_CBFC_RX_CREDIT_IND\000"
 1516      455F4556 
 1516      545F4C32 
 1516      4341505F 
 1516      43424643 
 1517              	.LASF14:
 1518 0687 646F7562 		.ascii	"double\000"
 1518      6C6500
 1519              	.LASF69:
ARM GAS  C:\Users\Petro\AppData\Local\Temp\cc4lS4Tm.s 			page 37


 1520 068e 4359424C 		.ascii	"CYBLE_EVT_L2CAP_CBFC_TX_CREDIT_IND\000"
 1520      455F4556 
 1520      545F4C32 
 1520      4341505F 
 1520      43424643 
 1521              	.LASF87:
 1522 06b1 66696E55 		.ascii	"finUnixTime\000"
 1522      6E697854 
 1522      696D6500 
 1523              	.LASF80:
 1524 06bd 53746174 		.ascii	"StateType\000"
 1524      65547970 
 1524      6500
 1525              	.LASF25:
 1526 06c7 4359424C 		.ascii	"CYBLE_EVT_GAP_PASSKEY_ENTRY_REQUEST\000"
 1526      455F4556 
 1526      545F4741 
 1526      505F5041 
 1526      53534B45 
 1527              	.LASF91:
 1528 06eb 443A5C43 		.ascii	"D:\\Cypress\\system-start-finish\\vesion 2\\fw\\fin"
 1528      79707265 
 1528      73735C73 
 1528      79737465 
 1528      6D2D7374 
 1529 0719 6973685C 		.ascii	"ish\\sandbox\\v6_ble\\Finish(state machine)\\fin_v0"
 1529      73616E64 
 1529      626F785C 
 1529      76365F62 
 1529      6C655C46 
 1530 0748 2E637964 		.ascii	".cydsn\000"
 1530      736E00
 1531              	.LASF93:
 1532 074f 53617665 		.ascii	"SaveResult\000"
 1532      52657375 
 1532      6C7400
 1533              	.LASF20:
 1534 075a 4359424C 		.ascii	"CYBLE_EVT_HARDWARE_ERROR\000"
 1534      455F4556 
 1534      545F4841 
 1534      52445741 
 1534      52455F45 
 1535              	.LASF67:
 1536 0773 4359424C 		.ascii	"CYBLE_EVT_L2CAP_CBFC_DATA_READ\000"
 1536      455F4556 
 1536      545F4C32 
 1536      4341505F 
 1536      43424643 
 1537              	.LASF61:
 1538 0792 4359424C 		.ascii	"CYBLE_EVT_L2CAP_CONN_PARAM_UPDATE_RSP\000"
 1538      455F4556 
 1538      545F4C32 
 1538      4341505F 
 1538      434F4E4E 
 1539              	.LASF23:
 1540 07b8 4359424C 		.ascii	"CYBLE_EVT_GAPC_SCAN_PROGRESS_RESULT\000"
 1540      455F4556 
ARM GAS  C:\Users\Petro\AppData\Local\Temp\cc4lS4Tm.s 			page 38


 1540      545F4741 
 1540      50435F53 
 1540      43414E5F 
 1541              	.LASF41:
 1542 07dc 4359424C 		.ascii	"CYBLE_EVT_GATTC_READ_BY_GROUP_TYPE_RSP\000"
 1542      455F4556 
 1542      545F4741 
 1542      5454435F 
 1542      52454144 
 1543              	.LASF50:
 1544 0803 4359424C 		.ascii	"CYBLE_EVT_GATTS_WRITE_CMD_REQ\000"
 1544      455F4556 
 1544      545F4741 
 1544      5454535F 
 1544      57524954 
 1545              	.LASF40:
 1546 0821 4359424C 		.ascii	"CYBLE_EVT_GATTC_XCHNG_MTU_RSP\000"
 1546      455F4556 
 1546      545F4741 
 1546      5454435F 
 1546      5843484E 
 1547              	.LASF84:
 1548 083f 54696D65 		.ascii	"TimeSynchronize\000"
 1548      53796E63 
 1548      68726F6E 
 1548      697A6500 
 1549              	.LASF70:
 1550 084f 4359424C 		.ascii	"CYBLE_EVT_L2CAP_CBFC_DATA_WRITE_IND\000"
 1550      455F4556 
 1550      545F4C32 
 1550      4341505F 
 1550      43424643 
 1551              	.LASF19:
 1552 0873 4359424C 		.ascii	"CYBLE_EVT_TIMEOUT\000"
 1552      455F4556 
 1552      545F5449 
 1552      4D454F55 
 1552      5400
 1553              	.LASF59:
 1554 0885 4359424C 		.ascii	"CYBLE_EVT_GATTS_READ_CHAR_VAL_ACCESS_REQ\000"
 1554      455F4556 
 1554      545F4741 
 1554      5454535F 
 1554      52454144 
 1555              	.LASF58:
 1556 08ae 4359424C 		.ascii	"CYBLE_EVT_GATTC_STOP_CMD_COMPLETE\000"
 1556      455F4556 
 1556      545F4741 
 1556      5454435F 
 1556      53544F50 
 1557              	.LASF52:
 1558 08d0 4359424C 		.ascii	"CYBLE_EVT_GATTS_EXEC_WRITE_REQ\000"
 1558      455F4556 
 1558      545F4741 
 1558      5454535F 
 1558      45584543 
 1559              	.LASF86:
ARM GAS  C:\Users\Petro\AppData\Local\Temp\cc4lS4Tm.s 			page 39


 1560 08ef 43686563 		.ascii	"CheckGate\000"
 1560      6B476174 
 1560      6500
 1561              	.LASF31:
 1562 08f9 4359424C 		.ascii	"CYBLE_EVT_GAP_DEVICE_DISCONNECTED\000"
 1562      455F4556 
 1562      545F4741 
 1562      505F4445 
 1562      56494345 
 1563              	.LASF57:
 1564 091b 4359424C 		.ascii	"CYBLE_EVT_GATTS_DATA_SIGNED_CMD_REQ\000"
 1564      455F4556 
 1564      545F4741 
 1564      5454535F 
 1564      44415441 
 1565              	.LASF38:
 1566 093f 4359424C 		.ascii	"CYBLE_EVT_GATT_DISCONNECT_IND\000"
 1566      455F4556 
 1566      545F4741 
 1566      54545F44 
 1566      4953434F 
 1567              		.ident	"GCC: (GNU Tools for ARM Embedded Processors) 4.9.3 20150303 (release) [ARM/embedded-4_9-br
