--------------- Build Started: 07/28/2016 16:03:45 Project: Design01, Configuration: ARM GCC 4.9-2015-q1-update Debug ---------------
The code generation step is up to date.
arm-none-eabi-gcc.exe -mcpu=cortex-m0 -mthumb -Wno-main -I. -IGenerated_Source\PSoC4 -Wa,-alh=.\CortexM0\ARM_GCC_493\Debug/main.lst -g -D DEBUG -Wall -ffunction-sections -O0 -ffat-lto-objects -c .\main.c -o .\CortexM0\ARM_GCC_493\Debug\main.o
.\main.c: In function 'main':
.\main.c:20:14: warning: variable 'unixTime' set but not used [-Wunused-but-set-variable]
     uint64_t unixTime;
              ^
In file included from .\main.c:13:0:
.\main.c: At top level:
.\DS1307.h:146:15: warning: 'DS1307_daysBeforeMonthTbl1' defined but not used [-Wunused-variable]
 static uint16 DS1307_daysBeforeMonthTbl1[DS1307_MONTHS_PER_YEAR] = {
               ^
In file included from .\main.c:13:0:
.\DS1307.h:160:14: warning: 'DS1307_daysInMonthTbl' defined but not used [-Wunused-variable]
 static uint8 DS1307_daysInMonthTbl[DS1307_MONTHS_PER_YEAR] = {DS1307_DAYS_IN_JANUARY,
              ^
.\DS1307.h:173:13: warning: 'DS1307_ReadTimeToStruct' declared 'static' but never defined [-Wunused-function]
 static void DS1307_ReadTimeToStruct(void);
             ^
.\DS1307.h:174:13: warning: 'DS1307_WriteTimeFromStruct' declared 'static' but never defined [-Wunused-function]
 static void DS1307_WriteTimeFromStruct(void);
             ^
.\DS1307.h:175:17: warning: 'DS1307_ConstructTime' declared 'static' but never defined [-Wunused-function]
 static uint32_t DS1307_ConstructTime(uint32 timeFormat, uint32 stateAmPm, uint32 hour, uint32 min, uint32 sec);
                 ^
.\DS1307.h:176:15: warning: 'DS1307_ConstructDate' declared 'static' but never defined [-Wunused-function]
 static uint32 DS1307_ConstructDate(uint32 month, uint32 day, uint32 year);
               ^
.\DS1307.h:177:15: warning: 'DS1307_DateTimeToUnix' declared 'static' but never defined [-Wunused-function]
 static uint64 DS1307_DateTimeToUnix(uint32 inputDate, uint32 inputTime);
               ^
arm-none-eabi-ar.exe -rs .\CortexM0\ARM_GCC_493\Debug\Design01.a .\CortexM0\ARM_GCC_493\Debug\cyfitter_cfg.o .\CortexM0\ARM_GCC_493\Debug\CyBootAsmGnu.o .\CortexM0\ARM_GCC_493\Debug\CyFlash.o .\CortexM0\ARM_GCC_493\Debug\CyLib.o .\CortexM0\ARM_GCC_493\Debug\cyPm.o .\CortexM0\ARM_GCC_493\Debug\cyutils.o .\CortexM0\ARM_GCC_493\Debug\CyLFClk.o .\CortexM0\ARM_GCC_493\Debug\I2C.o .\CortexM0\ARM_GCC_493\Debug\I2C_I2C_INT.o .\CortexM0\ARM_GCC_493\Debug\I2C_I2C.o .\CortexM0\ARM_GCC_493\Debug\I2C_I2C_BOOT.o .\CortexM0\ARM_GCC_493\Debug\I2C_I2C_MASTER.o .\CortexM0\ARM_GCC_493\Debug\I2C_PM.o .\CortexM0\ARM_GCC_493\Debug\I2C_BOOT.o .\CortexM0\ARM_GCC_493\Debug\I2C_SCBCLK.o .\CortexM0\ARM_GCC_493\Debug\I2C_sda.o .\CortexM0\ARM_GCC_493\Debug\I2C_sda_PM.o .\CortexM0\ARM_GCC_493\Debug\I2C_scl.o .\CortexM0\ARM_GCC_493\Debug\I2C_scl_PM.o .\CortexM0\ARM_GCC_493\Debug\I2C_SCB_IRQ.o
arm-none-eabi-ar.exe: creating .\CortexM0\ARM_GCC_493\Debug\Design01.a
arm-none-eabi-gcc.exe -Wl,--start-group -o .\CortexM0\ARM_GCC_493\Debug\Design01.elf .\CortexM0\ARM_GCC_493\Debug\main.o .\CortexM0\ARM_GCC_493\Debug\DS1307.o .\CortexM0\ARM_GCC_493\Debug\cymetadata.o .\CortexM0\ARM_GCC_493\Debug\Cm0Start.o .\CortexM0\ARM_GCC_493\Debug\Design01.a "C:\Program Files (x86)\Cypress\PSoC Creator\3.3\PSoC Creator\psoc\content\cycomponentlibrary\CyComponentLibrary.cylib\CortexM0\ARM_GCC_493\Debug\CyComponentLibrary.a" -mcpu=cortex-m0 -mthumb -g -ffunction-sections -O0 -ffat-lto-objects -L Generated_Source\PSoC4 -Wl,-Map,.\CortexM0\ARM_GCC_493\Debug/Design01.map -T Generated_Source\PSoC4\cm0gcc.ld -specs=nano.specs -Wl,--gc-sections -Wl,--end-group
cyelftool.exe -C "D:\Cypress\system-start-finish\vesion 2\fw\finish\sandbox\v2\RTC\Design01.cydsn\CortexM0\ARM_GCC_493\Debug\Design01.elf" --flash_row_size 128 --flash_size 131072
cyelftool.exe -S "D:\Cypress\system-start-finish\vesion 2\fw\finish\sandbox\v2\RTC\Design01.cydsn\CortexM0\ARM_GCC_493\Debug\Design01.elf"
Flash used: 10496 of 131072 bytes (8,0%).
SRAM used: 2564 of 16384 bytes (15,6%). Stack: 2048 bytes. Heap: 128 bytes.
--------------- Build Succeeded: 07/28/2016 16:03:46 ---------------
