ARM GAS  C:\Users\Petro\AppData\Local\Temp\ccikAIsM.s 			page 1


   1              		.cpu cortex-m0
   2              		.fpu softvfp
   3              		.eabi_attribute 20, 1
   4              		.eabi_attribute 21, 1
   5              		.eabi_attribute 23, 3
   6              		.eabi_attribute 24, 1
   7              		.eabi_attribute 25, 1
   8              		.eabi_attribute 26, 1
   9              		.eabi_attribute 30, 6
  10              		.eabi_attribute 34, 0
  11              		.eabi_attribute 18, 4
  12              		.code	16
  13              		.file	"display.c"
  14              		.text
  15              	.Ltext0:
  16              		.cfi_sections	.debug_frame
  17              		.section	.rodata
  18              		.align	2
  19              		.type	default_format, %object
  20              		.size	default_format, 9
  21              	default_format:
  22 0000 25483A25 		.ascii	"%H:%M:%S\000"
  22      4D3A2553 
  22      00
  23              		.section	.text.DisplayConfig,"ax",%progbits
  24              		.align	2
  25              		.global	DisplayConfig
  26              		.code	16
  27              		.thumb_func
  28              		.type	DisplayConfig, %function
  29              	DisplayConfig:
  30              	.LFB63:
  31              		.file 1 ".\\lib_Display\\display.c"
   1:.\lib_Display/display.c **** #include "lib_Display\display.h"
   2:.\lib_Display/display.c **** 
   3:.\lib_Display/display.c **** /*******************************************************************************
   4:.\lib_Display/display.c **** * Function name: DisplayConfig
   5:.\lib_Display/display.c **** ********************************************************************************
   6:.\lib_Display/display.c **** *
   7:.\lib_Display/display.c **** * initialization display
   8:.\lib_Display/display.c **** *
   9:.\lib_Display/display.c **** *******************************************************************************/	
  10:.\lib_Display/display.c **** void DisplayConfig(void)
  11:.\lib_Display/display.c **** {
  32              		.loc 1 11 0
  33              		.cfi_startproc
  34 0000 80B5     		push	{r7, lr}
  35              		.cfi_def_cfa_offset 8
  36              		.cfi_offset 7, -8
  37              		.cfi_offset 14, -4
  38 0002 00AF     		add	r7, sp, #0
  39              		.cfi_def_cfa_register 7
  12:.\lib_Display/display.c ****     LCD_Start();
  40              		.loc 1 12 0
  41 0004 FFF7FEFF 		bl	LCD_Start
  13:.\lib_Display/display.c **** }
  42              		.loc 1 13 0
ARM GAS  C:\Users\Petro\AppData\Local\Temp\ccikAIsM.s 			page 2


  43 0008 BD46     		mov	sp, r7
  44              		@ sp needed
  45 000a 80BD     		pop	{r7, pc}
  46              		.cfi_endproc
  47              	.LFE63:
  48              		.size	DisplayConfig, .-DisplayConfig
  49              		.section	.rodata
  50 0009 000000   		.align	2
  51              	.LC0:
  52 000c 20202020 		.ascii	"          \000"
  52      20202020 
  52      202000
  53              		.section	.text.DisplayPrintf,"ax",%progbits
  54              		.align	2
  55              		.global	DisplayPrintf
  56              		.code	16
  57              		.thumb_func
  58              		.type	DisplayPrintf, %function
  59              	DisplayPrintf:
  60              	.LFB64:
  14:.\lib_Display/display.c **** 	
  15:.\lib_Display/display.c **** 
  16:.\lib_Display/display.c **** /*******************************************************************************
  17:.\lib_Display/display.c **** * Function Name: DisplayPrintf
  18:.\lib_Display/display.c **** ********************************************************************************
  19:.\lib_Display/display.c **** *
  20:.\lib_Display/display.c **** * Summary:
  21:.\lib_Display/display.c **** *  Writes a zero terminated string to the LCD.
  22:.\lib_Display/display.c **** *
  23:.\lib_Display/display.c **** * Parameters:
  24:.\lib_Display/display.c **** *  string: Pointer to head of char8 array to be written to the LCD module
  25:.\lib_Display/display.c **** *
  26:.\lib_Display/display.c **** *******************************************************************************/
  27:.\lib_Display/display.c **** void DisplayPrintf(char *message)
  28:.\lib_Display/display.c **** {
  61              		.loc 1 28 0
  62              		.cfi_startproc
  63 0000 80B5     		push	{r7, lr}
  64              		.cfi_def_cfa_offset 8
  65              		.cfi_offset 7, -8
  66              		.cfi_offset 14, -4
  67 0002 82B0     		sub	sp, sp, #8
  68              		.cfi_def_cfa_offset 16
  69 0004 00AF     		add	r7, sp, #0
  70              		.cfi_def_cfa_register 7
  71 0006 7860     		str	r0, [r7, #4]
  29:.\lib_Display/display.c ****     
  30:.\lib_Display/display.c ****     LCD_Position(0,0);
  72              		.loc 1 30 0
  73 0008 0020     		mov	r0, #0
  74 000a 0021     		mov	r1, #0
  75 000c FFF7FEFF 		bl	LCD_Position
  31:.\lib_Display/display.c ****     LCD_PrintString(message);
  76              		.loc 1 31 0
  77 0010 7B68     		ldr	r3, [r7, #4]
  78 0012 181C     		mov	r0, r3
  79 0014 FFF7FEFF 		bl	LCD_PrintString
ARM GAS  C:\Users\Petro\AppData\Local\Temp\ccikAIsM.s 			page 3


  32:.\lib_Display/display.c ****     LCD_PrintString("          ");
  80              		.loc 1 32 0
  81 0018 034B     		ldr	r3, .L3
  82 001a 181C     		mov	r0, r3
  83 001c FFF7FEFF 		bl	LCD_PrintString
  33:.\lib_Display/display.c **** }
  84              		.loc 1 33 0
  85 0020 BD46     		mov	sp, r7
  86 0022 02B0     		add	sp, sp, #8
  87              		@ sp needed
  88 0024 80BD     		pop	{r7, pc}
  89              	.L4:
  90 0026 C046     		.align	2
  91              	.L3:
  92 0028 0C000000 		.word	.LC0
  93              		.cfi_endproc
  94              	.LFE64:
  95              		.size	DisplayPrintf, .-DisplayPrintf
  96              		.section	.rodata
  97 0017 00       		.align	2
  98              	.LC3:
  99 0018 25733A25 		.ascii	"%s:%d\000"
  99      6400
 100 001e 0000     		.align	2
 101              	.LC5:
 102 0020 25643A25 		.ascii	"%d:%d\000"
 102      6400
 103 0026 0000     		.align	2
 104              	.LC7:
 105 0028 20202020 		.ascii	"               \000"
 105      20202020 
 105      20202020 
 105      20202000 
 106              		.section	.text.DisplayPrintTime,"ax",%progbits
 107              		.align	2
 108              		.global	DisplayPrintTime
 109              		.code	16
 110              		.thumb_func
 111              		.type	DisplayPrintTime, %function
 112              	DisplayPrintTime:
 113              	.LFB65:
  34:.\lib_Display/display.c **** 
  35:.\lib_Display/display.c **** void DisplayPrintTime(uint64_t time, uint16_t mills)
  36:.\lib_Display/display.c **** {
 114              		.loc 1 36 0
 115              		.cfi_startproc
 116 0000 B0B5     		push	{r4, r5, r7, lr}
 117              		.cfi_def_cfa_offset 16
 118              		.cfi_offset 4, -16
 119              		.cfi_offset 5, -12
 120              		.cfi_offset 7, -8
 121              		.cfi_offset 14, -4
 122 0002 9EB0     		sub	sp, sp, #120
 123              		.cfi_def_cfa_offset 136
 124 0004 00AF     		add	r7, sp, #0
 125              		.cfi_def_cfa_register 7
 126 0006 B860     		str	r0, [r7, #8]
ARM GAS  C:\Users\Petro\AppData\Local\Temp\ccikAIsM.s 			page 4


 127 0008 F960     		str	r1, [r7, #12]
 128 000a BB1D     		add	r3, r7, #6
 129 000c 1A80     		strh	r2, [r3]
  37:.\lib_Display/display.c ****     char Restime[30], buff[30];
  38:.\lib_Display/display.c ****     struct tm lt;
  39:.\lib_Display/display.c ****         
  40:.\lib_Display/display.c ****     (void) localtime_r(&time, &lt); 
 130              		.loc 1 40 0
 131 000e 0823     		mov	r3, #8
 132 0010 FA18     		add	r2, r7, r3
 133 0012 1423     		mov	r3, #20
 134 0014 FB18     		add	r3, r7, r3
 135 0016 101C     		mov	r0, r2
 136 0018 191C     		mov	r1, r3
 137 001a FFF7FEFF 		bl	localtime_r
  41:.\lib_Display/display.c ****     strftime(Restime, sizeof(Restime), default_format, &lt); 
 138              		.loc 1 41 0
 139 001e 5823     		mov	r3, #88
 140 0020 F918     		add	r1, r7, r3
 141 0022 194A     		ldr	r2, .L6
 142 0024 1423     		mov	r3, #20
 143 0026 FB18     		add	r3, r7, r3
 144 0028 081C     		mov	r0, r1
 145 002a 1E21     		mov	r1, #30
 146 002c FFF7FEFF 		bl	strftime
  42:.\lib_Display/display.c ****     sprintf(buff, "%s:%d", Restime, mills); 
 147              		.loc 1 42 0
 148 0030 BB1D     		add	r3, r7, #6
 149 0032 1B88     		ldrh	r3, [r3]
 150 0034 3822     		mov	r2, #56
 151 0036 B818     		add	r0, r7, r2
 152 0038 1449     		ldr	r1, .L6+4
 153 003a 5822     		mov	r2, #88
 154 003c BA18     		add	r2, r7, r2
 155 003e FFF7FEFF 		bl	sprintf
  43:.\lib_Display/display.c ****     sprintf(buff, "%d:%d", LastSecTimeOnWay(), LastMillsTimeOnWay());
 156              		.loc 1 43 0
 157 0042 FFF7FEFF 		bl	LastSecTimeOnWay
 158 0046 051C     		mov	r5, r0
 159 0048 FFF7FEFF 		bl	LastMillsTimeOnWay
 160 004c 041C     		mov	r4, r0
 161 004e 3823     		mov	r3, #56
 162 0050 FA18     		add	r2, r7, r3
 163 0052 0F4B     		ldr	r3, .L6+8
 164 0054 101C     		mov	r0, r2
 165 0056 191C     		mov	r1, r3
 166 0058 2A1C     		mov	r2, r5
 167 005a 231C     		mov	r3, r4
 168 005c FFF7FEFF 		bl	sprintf
  44:.\lib_Display/display.c ****     //sprintf(outInfo,"%i:%i:%i:%i",hour,min, sec, ms);
  45:.\lib_Display/display.c ****     LCD_Position(1,0);
 169              		.loc 1 45 0
 170 0060 0120     		mov	r0, #1
 171 0062 0021     		mov	r1, #0
 172 0064 FFF7FEFF 		bl	LCD_Position
  46:.\lib_Display/display.c ****     LCD_PrintString("               ");    
 173              		.loc 1 46 0
ARM GAS  C:\Users\Petro\AppData\Local\Temp\ccikAIsM.s 			page 5


 174 0068 0A4B     		ldr	r3, .L6+12
 175 006a 181C     		mov	r0, r3
 176 006c FFF7FEFF 		bl	LCD_PrintString
  47:.\lib_Display/display.c ****     LCD_Position(1,0);
 177              		.loc 1 47 0
 178 0070 0120     		mov	r0, #1
 179 0072 0021     		mov	r1, #0
 180 0074 FFF7FEFF 		bl	LCD_Position
  48:.\lib_Display/display.c ****     LCD_PrintString(buff);
 181              		.loc 1 48 0
 182 0078 3823     		mov	r3, #56
 183 007a FB18     		add	r3, r7, r3
 184 007c 181C     		mov	r0, r3
 185 007e FFF7FEFF 		bl	LCD_PrintString
  49:.\lib_Display/display.c ****     
  50:.\lib_Display/display.c **** }
 186              		.loc 1 50 0
 187 0082 BD46     		mov	sp, r7
 188 0084 1EB0     		add	sp, sp, #120
 189              		@ sp needed
 190 0086 B0BD     		pop	{r4, r5, r7, pc}
 191              	.L7:
 192              		.align	2
 193              	.L6:
 194 0088 00000000 		.word	default_format
 195 008c 18000000 		.word	.LC3
 196 0090 20000000 		.word	.LC5
 197 0094 28000000 		.word	.LC7
 198              		.cfi_endproc
 199              	.LFE65:
 200              		.size	DisplayPrintTime, .-DisplayPrintTime
 201              		.text
 202              	.Letext0:
 203              		.file 2 "c:\\program files (x86)\\cypress\\psoc creator\\3.3\\psoc creator\\import\\gnu\\arm\\4.9.
 204              		.file 3 "c:\\program files (x86)\\cypress\\psoc creator\\3.3\\psoc creator\\import\\gnu\\arm\\4.9.
 205              		.file 4 "c:\\program files (x86)\\cypress\\psoc creator\\3.3\\psoc creator\\import\\gnu\\arm\\4.9.
 206              		.file 5 "./lib_Display\\display.h"
 207              		.section	.debug_info,"",%progbits
 208              	.Ldebug_info0:
 209 0000 16020000 		.4byte	0x216
 210 0004 0400     		.2byte	0x4
 211 0006 00000000 		.4byte	.Ldebug_abbrev0
 212 000a 04       		.byte	0x4
 213 000b 01       		.uleb128 0x1
 214 000c E8000000 		.4byte	.LASF34
 215 0010 01       		.byte	0x1
 216 0011 15020000 		.4byte	.LASF35
 217 0015 16000000 		.4byte	.LASF36
 218 0019 00000000 		.4byte	.Ldebug_ranges0+0
 219 001d 00000000 		.4byte	0
 220 0021 00000000 		.4byte	.Ldebug_line0
 221 0025 02       		.uleb128 0x2
 222 0026 01       		.byte	0x1
 223 0027 06       		.byte	0x6
 224 0028 71020000 		.4byte	.LASF0
 225 002c 02       		.uleb128 0x2
 226 002d 01       		.byte	0x1
ARM GAS  C:\Users\Petro\AppData\Local\Temp\ccikAIsM.s 			page 6


 227 002e 08       		.byte	0x8
 228 002f 8D000000 		.4byte	.LASF1
 229 0033 02       		.uleb128 0x2
 230 0034 02       		.byte	0x2
 231 0035 05       		.byte	0x5
 232 0036 34020000 		.4byte	.LASF2
 233 003a 03       		.uleb128 0x3
 234 003b D6000000 		.4byte	.LASF7
 235 003f 02       		.byte	0x2
 236 0040 2B       		.byte	0x2b
 237 0041 45000000 		.4byte	0x45
 238 0045 02       		.uleb128 0x2
 239 0046 02       		.byte	0x2
 240 0047 07       		.byte	0x7
 241 0048 AD000000 		.4byte	.LASF3
 242 004c 02       		.uleb128 0x2
 243 004d 04       		.byte	0x4
 244 004e 05       		.byte	0x5
 245 004f 68020000 		.4byte	.LASF4
 246 0053 02       		.uleb128 0x2
 247 0054 04       		.byte	0x4
 248 0055 07       		.byte	0x7
 249 0056 9B000000 		.4byte	.LASF5
 250 005a 02       		.uleb128 0x2
 251 005b 08       		.byte	0x8
 252 005c 05       		.byte	0x5
 253 005d EB010000 		.4byte	.LASF6
 254 0061 03       		.uleb128 0x3
 255 0062 3E020000 		.4byte	.LASF8
 256 0066 02       		.byte	0x2
 257 0067 5B       		.byte	0x5b
 258 0068 6C000000 		.4byte	0x6c
 259 006c 02       		.uleb128 0x2
 260 006d 08       		.byte	0x8
 261 006e 07       		.byte	0x7
 262 006f A5010000 		.4byte	.LASF9
 263 0073 04       		.uleb128 0x4
 264 0074 04       		.byte	0x4
 265 0075 05       		.byte	0x5
 266 0076 696E7400 		.ascii	"int\000"
 267 007a 02       		.uleb128 0x2
 268 007b 04       		.byte	0x4
 269 007c 07       		.byte	0x7
 270 007d 98010000 		.4byte	.LASF10
 271 0081 03       		.uleb128 0x3
 272 0082 49020000 		.4byte	.LASF11
 273 0086 03       		.byte	0x3
 274 0087 21       		.byte	0x21
 275 0088 3A000000 		.4byte	0x3a
 276 008c 03       		.uleb128 0x3
 277 008d 76000000 		.4byte	.LASF12
 278 0091 03       		.byte	0x3
 279 0092 39       		.byte	0x39
 280 0093 61000000 		.4byte	0x61
 281 0097 02       		.uleb128 0x2
 282 0098 04       		.byte	0x4
 283 0099 04       		.byte	0x4
ARM GAS  C:\Users\Petro\AppData\Local\Temp\ccikAIsM.s 			page 7


 284 009a 87000000 		.4byte	.LASF13
 285 009e 02       		.uleb128 0x2
 286 009f 08       		.byte	0x8
 287 00a0 04       		.byte	0x4
 288 00a1 E1000000 		.4byte	.LASF14
 289 00a5 02       		.uleb128 0x2
 290 00a6 01       		.byte	0x1
 291 00a7 08       		.byte	0x8
 292 00a8 01020000 		.4byte	.LASF15
 293 00ac 02       		.uleb128 0x2
 294 00ad 04       		.byte	0x4
 295 00ae 07       		.byte	0x7
 296 00af E2010000 		.4byte	.LASF16
 297 00b3 05       		.uleb128 0x5
 298 00b4 04       		.byte	0x4
 299 00b5 A5000000 		.4byte	0xa5
 300 00b9 06       		.uleb128 0x6
 301 00ba 746D00   		.ascii	"tm\000"
 302 00bd 24       		.byte	0x24
 303 00be 04       		.byte	0x4
 304 00bf 1F       		.byte	0x1f
 305 00c0 31010000 		.4byte	0x131
 306 00c4 07       		.uleb128 0x7
 307 00c5 BC010000 		.4byte	.LASF17
 308 00c9 04       		.byte	0x4
 309 00ca 21       		.byte	0x21
 310 00cb 73000000 		.4byte	0x73
 311 00cf 00       		.byte	0
 312 00d0 07       		.uleb128 0x7
 313 00d1 C3010000 		.4byte	.LASF18
 314 00d5 04       		.byte	0x4
 315 00d6 22       		.byte	0x22
 316 00d7 73000000 		.4byte	0x73
 317 00db 04       		.byte	0x4
 318 00dc 07       		.uleb128 0x7
 319 00dd 7F000000 		.4byte	.LASF19
 320 00e1 04       		.byte	0x4
 321 00e2 23       		.byte	0x23
 322 00e3 73000000 		.4byte	0x73
 323 00e7 08       		.byte	0x8
 324 00e8 07       		.uleb128 0x7
 325 00e9 8B020000 		.4byte	.LASF20
 326 00ed 04       		.byte	0x4
 327 00ee 24       		.byte	0x24
 328 00ef 73000000 		.4byte	0x73
 329 00f3 0C       		.byte	0xc
 330 00f4 07       		.uleb128 0x7
 331 00f5 2D020000 		.4byte	.LASF21
 332 00f9 04       		.byte	0x4
 333 00fa 25       		.byte	0x25
 334 00fb 73000000 		.4byte	0x73
 335 00ff 10       		.byte	0x10
 336 0100 07       		.uleb128 0x7
 337 0101 52020000 		.4byte	.LASF22
 338 0105 04       		.byte	0x4
 339 0106 26       		.byte	0x26
 340 0107 73000000 		.4byte	0x73
ARM GAS  C:\Users\Petro\AppData\Local\Temp\ccikAIsM.s 			page 8


 341 010b 14       		.byte	0x14
 342 010c 07       		.uleb128 0x7
 343 010d 0E000000 		.4byte	.LASF23
 344 0111 04       		.byte	0x4
 345 0112 27       		.byte	0x27
 346 0113 73000000 		.4byte	0x73
 347 0117 18       		.byte	0x18
 348 0118 07       		.uleb128 0x7
 349 0119 90010000 		.4byte	.LASF24
 350 011d 04       		.byte	0x4
 351 011e 28       		.byte	0x28
 352 011f 73000000 		.4byte	0x73
 353 0123 1C       		.byte	0x1c
 354 0124 07       		.uleb128 0x7
 355 0125 87010000 		.4byte	.LASF25
 356 0129 04       		.byte	0x4
 357 012a 29       		.byte	0x29
 358 012b 73000000 		.4byte	0x73
 359 012f 20       		.byte	0x20
 360 0130 00       		.byte	0
 361 0131 08       		.uleb128 0x8
 362 0132 7D020000 		.4byte	.LASF37
 363 0136 01       		.byte	0x1
 364 0137 0A       		.byte	0xa
 365 0138 00000000 		.4byte	.LFB63
 366 013c 0C000000 		.4byte	.LFE63-.LFB63
 367 0140 01       		.uleb128 0x1
 368 0141 9C       		.byte	0x9c
 369 0142 09       		.uleb128 0x9
 370 0143 5A020000 		.4byte	.LASF26
 371 0147 01       		.byte	0x1
 372 0148 1B       		.byte	0x1b
 373 0149 00000000 		.4byte	.LFB64
 374 014d 2C000000 		.4byte	.LFE64-.LFB64
 375 0151 01       		.uleb128 0x1
 376 0152 9C       		.byte	0x9c
 377 0153 66010000 		.4byte	0x166
 378 0157 0A       		.uleb128 0xa
 379 0158 00000000 		.4byte	.LASF28
 380 015c 01       		.byte	0x1
 381 015d 1B       		.byte	0x1b
 382 015e B3000000 		.4byte	0xb3
 383 0162 02       		.uleb128 0x2
 384 0163 91       		.byte	0x91
 385 0164 74       		.sleb128 -12
 386 0165 00       		.byte	0
 387 0166 09       		.uleb128 0x9
 388 0167 76010000 		.4byte	.LASF27
 389 016b 01       		.byte	0x1
 390 016c 23       		.byte	0x23
 391 016d 00000000 		.4byte	.LFB65
 392 0171 98000000 		.4byte	.LFE65-.LFB65
 393 0175 01       		.uleb128 0x1
 394 0176 9C       		.byte	0x9c
 395 0177 E3010000 		.4byte	0x1e3
 396 017b 0A       		.uleb128 0xa
 397 017c DD010000 		.4byte	.LASF29
ARM GAS  C:\Users\Petro\AppData\Local\Temp\ccikAIsM.s 			page 9


 398 0180 01       		.byte	0x1
 399 0181 23       		.byte	0x23
 400 0182 8C000000 		.4byte	0x8c
 401 0186 03       		.uleb128 0x3
 402 0187 91       		.byte	0x91
 403 0188 807F     		.sleb128 -128
 404 018a 0A       		.uleb128 0xa
 405 018b 08000000 		.4byte	.LASF30
 406 018f 01       		.byte	0x1
 407 0190 23       		.byte	0x23
 408 0191 81000000 		.4byte	0x81
 409 0195 03       		.uleb128 0x3
 410 0196 91       		.byte	0x91
 411 0197 FE7E     		.sleb128 -130
 412 0199 0B       		.uleb128 0xb
 413 019a F9010000 		.4byte	.LASF31
 414 019e 01       		.byte	0x1
 415 019f 25       		.byte	0x25
 416 01a0 E3010000 		.4byte	0x1e3
 417 01a4 02       		.uleb128 0x2
 418 01a5 91       		.byte	0x91
 419 01a6 50       		.sleb128 -48
 420 01a7 0B       		.uleb128 0xb
 421 01a8 D1000000 		.4byte	.LASF32
 422 01ac 01       		.byte	0x1
 423 01ad 25       		.byte	0x25
 424 01ae E3010000 		.4byte	0x1e3
 425 01b2 03       		.uleb128 0x3
 426 01b3 91       		.byte	0x91
 427 01b4 B07F     		.sleb128 -80
 428 01b6 0C       		.uleb128 0xc
 429 01b7 6C7400   		.ascii	"lt\000"
 430 01ba 01       		.byte	0x1
 431 01bb 26       		.byte	0x26
 432 01bc B9000000 		.4byte	0xb9
 433 01c0 03       		.uleb128 0x3
 434 01c1 91       		.byte	0x91
 435 01c2 8C7F     		.sleb128 -116
 436 01c4 0D       		.uleb128 0xd
 437 01c5 C0000000 		.4byte	.LASF38
 438 01c9 01       		.byte	0x1
 439 01ca 2B       		.byte	0x2b
 440 01cb 73000000 		.4byte	0x73
 441 01cf D5010000 		.4byte	0x1d5
 442 01d3 0E       		.uleb128 0xe
 443 01d4 00       		.byte	0
 444 01d5 0F       		.uleb128 0xf
 445 01d6 CA010000 		.4byte	.LASF39
 446 01da 01       		.byte	0x1
 447 01db 2B       		.byte	0x2b
 448 01dc 73000000 		.4byte	0x73
 449 01e0 0E       		.uleb128 0xe
 450 01e1 00       		.byte	0
 451 01e2 00       		.byte	0
 452 01e3 10       		.uleb128 0x10
 453 01e4 A5000000 		.4byte	0xa5
 454 01e8 F3010000 		.4byte	0x1f3
ARM GAS  C:\Users\Petro\AppData\Local\Temp\ccikAIsM.s 			page 10


 455 01ec 11       		.uleb128 0x11
 456 01ed AC000000 		.4byte	0xac
 457 01f1 1D       		.byte	0x1d
 458 01f2 00       		.byte	0
 459 01f3 10       		.uleb128 0x10
 460 01f4 A5000000 		.4byte	0xa5
 461 01f8 03020000 		.4byte	0x203
 462 01fc 11       		.uleb128 0x11
 463 01fd AC000000 		.4byte	0xac
 464 0201 08       		.byte	0x8
 465 0202 00       		.byte	0
 466 0203 0B       		.uleb128 0xb
 467 0204 06020000 		.4byte	.LASF33
 468 0208 05       		.byte	0x5
 469 0209 0A       		.byte	0xa
 470 020a 14020000 		.4byte	0x214
 471 020e 05       		.uleb128 0x5
 472 020f 03       		.byte	0x3
 473 0210 00000000 		.4byte	default_format
 474 0214 12       		.uleb128 0x12
 475 0215 F3010000 		.4byte	0x1f3
 476 0219 00       		.byte	0
 477              		.section	.debug_abbrev,"",%progbits
 478              	.Ldebug_abbrev0:
 479 0000 01       		.uleb128 0x1
 480 0001 11       		.uleb128 0x11
 481 0002 01       		.byte	0x1
 482 0003 25       		.uleb128 0x25
 483 0004 0E       		.uleb128 0xe
 484 0005 13       		.uleb128 0x13
 485 0006 0B       		.uleb128 0xb
 486 0007 03       		.uleb128 0x3
 487 0008 0E       		.uleb128 0xe
 488 0009 1B       		.uleb128 0x1b
 489 000a 0E       		.uleb128 0xe
 490 000b 55       		.uleb128 0x55
 491 000c 17       		.uleb128 0x17
 492 000d 11       		.uleb128 0x11
 493 000e 01       		.uleb128 0x1
 494 000f 10       		.uleb128 0x10
 495 0010 17       		.uleb128 0x17
 496 0011 00       		.byte	0
 497 0012 00       		.byte	0
 498 0013 02       		.uleb128 0x2
 499 0014 24       		.uleb128 0x24
 500 0015 00       		.byte	0
 501 0016 0B       		.uleb128 0xb
 502 0017 0B       		.uleb128 0xb
 503 0018 3E       		.uleb128 0x3e
 504 0019 0B       		.uleb128 0xb
 505 001a 03       		.uleb128 0x3
 506 001b 0E       		.uleb128 0xe
 507 001c 00       		.byte	0
 508 001d 00       		.byte	0
 509 001e 03       		.uleb128 0x3
 510 001f 16       		.uleb128 0x16
 511 0020 00       		.byte	0
ARM GAS  C:\Users\Petro\AppData\Local\Temp\ccikAIsM.s 			page 11


 512 0021 03       		.uleb128 0x3
 513 0022 0E       		.uleb128 0xe
 514 0023 3A       		.uleb128 0x3a
 515 0024 0B       		.uleb128 0xb
 516 0025 3B       		.uleb128 0x3b
 517 0026 0B       		.uleb128 0xb
 518 0027 49       		.uleb128 0x49
 519 0028 13       		.uleb128 0x13
 520 0029 00       		.byte	0
 521 002a 00       		.byte	0
 522 002b 04       		.uleb128 0x4
 523 002c 24       		.uleb128 0x24
 524 002d 00       		.byte	0
 525 002e 0B       		.uleb128 0xb
 526 002f 0B       		.uleb128 0xb
 527 0030 3E       		.uleb128 0x3e
 528 0031 0B       		.uleb128 0xb
 529 0032 03       		.uleb128 0x3
 530 0033 08       		.uleb128 0x8
 531 0034 00       		.byte	0
 532 0035 00       		.byte	0
 533 0036 05       		.uleb128 0x5
 534 0037 0F       		.uleb128 0xf
 535 0038 00       		.byte	0
 536 0039 0B       		.uleb128 0xb
 537 003a 0B       		.uleb128 0xb
 538 003b 49       		.uleb128 0x49
 539 003c 13       		.uleb128 0x13
 540 003d 00       		.byte	0
 541 003e 00       		.byte	0
 542 003f 06       		.uleb128 0x6
 543 0040 13       		.uleb128 0x13
 544 0041 01       		.byte	0x1
 545 0042 03       		.uleb128 0x3
 546 0043 08       		.uleb128 0x8
 547 0044 0B       		.uleb128 0xb
 548 0045 0B       		.uleb128 0xb
 549 0046 3A       		.uleb128 0x3a
 550 0047 0B       		.uleb128 0xb
 551 0048 3B       		.uleb128 0x3b
 552 0049 0B       		.uleb128 0xb
 553 004a 01       		.uleb128 0x1
 554 004b 13       		.uleb128 0x13
 555 004c 00       		.byte	0
 556 004d 00       		.byte	0
 557 004e 07       		.uleb128 0x7
 558 004f 0D       		.uleb128 0xd
 559 0050 00       		.byte	0
 560 0051 03       		.uleb128 0x3
 561 0052 0E       		.uleb128 0xe
 562 0053 3A       		.uleb128 0x3a
 563 0054 0B       		.uleb128 0xb
 564 0055 3B       		.uleb128 0x3b
 565 0056 0B       		.uleb128 0xb
 566 0057 49       		.uleb128 0x49
 567 0058 13       		.uleb128 0x13
 568 0059 38       		.uleb128 0x38
ARM GAS  C:\Users\Petro\AppData\Local\Temp\ccikAIsM.s 			page 12


 569 005a 0B       		.uleb128 0xb
 570 005b 00       		.byte	0
 571 005c 00       		.byte	0
 572 005d 08       		.uleb128 0x8
 573 005e 2E       		.uleb128 0x2e
 574 005f 00       		.byte	0
 575 0060 3F       		.uleb128 0x3f
 576 0061 19       		.uleb128 0x19
 577 0062 03       		.uleb128 0x3
 578 0063 0E       		.uleb128 0xe
 579 0064 3A       		.uleb128 0x3a
 580 0065 0B       		.uleb128 0xb
 581 0066 3B       		.uleb128 0x3b
 582 0067 0B       		.uleb128 0xb
 583 0068 27       		.uleb128 0x27
 584 0069 19       		.uleb128 0x19
 585 006a 11       		.uleb128 0x11
 586 006b 01       		.uleb128 0x1
 587 006c 12       		.uleb128 0x12
 588 006d 06       		.uleb128 0x6
 589 006e 40       		.uleb128 0x40
 590 006f 18       		.uleb128 0x18
 591 0070 9642     		.uleb128 0x2116
 592 0072 19       		.uleb128 0x19
 593 0073 00       		.byte	0
 594 0074 00       		.byte	0
 595 0075 09       		.uleb128 0x9
 596 0076 2E       		.uleb128 0x2e
 597 0077 01       		.byte	0x1
 598 0078 3F       		.uleb128 0x3f
 599 0079 19       		.uleb128 0x19
 600 007a 03       		.uleb128 0x3
 601 007b 0E       		.uleb128 0xe
 602 007c 3A       		.uleb128 0x3a
 603 007d 0B       		.uleb128 0xb
 604 007e 3B       		.uleb128 0x3b
 605 007f 0B       		.uleb128 0xb
 606 0080 27       		.uleb128 0x27
 607 0081 19       		.uleb128 0x19
 608 0082 11       		.uleb128 0x11
 609 0083 01       		.uleb128 0x1
 610 0084 12       		.uleb128 0x12
 611 0085 06       		.uleb128 0x6
 612 0086 40       		.uleb128 0x40
 613 0087 18       		.uleb128 0x18
 614 0088 9642     		.uleb128 0x2116
 615 008a 19       		.uleb128 0x19
 616 008b 01       		.uleb128 0x1
 617 008c 13       		.uleb128 0x13
 618 008d 00       		.byte	0
 619 008e 00       		.byte	0
 620 008f 0A       		.uleb128 0xa
 621 0090 05       		.uleb128 0x5
 622 0091 00       		.byte	0
 623 0092 03       		.uleb128 0x3
 624 0093 0E       		.uleb128 0xe
 625 0094 3A       		.uleb128 0x3a
ARM GAS  C:\Users\Petro\AppData\Local\Temp\ccikAIsM.s 			page 13


 626 0095 0B       		.uleb128 0xb
 627 0096 3B       		.uleb128 0x3b
 628 0097 0B       		.uleb128 0xb
 629 0098 49       		.uleb128 0x49
 630 0099 13       		.uleb128 0x13
 631 009a 02       		.uleb128 0x2
 632 009b 18       		.uleb128 0x18
 633 009c 00       		.byte	0
 634 009d 00       		.byte	0
 635 009e 0B       		.uleb128 0xb
 636 009f 34       		.uleb128 0x34
 637 00a0 00       		.byte	0
 638 00a1 03       		.uleb128 0x3
 639 00a2 0E       		.uleb128 0xe
 640 00a3 3A       		.uleb128 0x3a
 641 00a4 0B       		.uleb128 0xb
 642 00a5 3B       		.uleb128 0x3b
 643 00a6 0B       		.uleb128 0xb
 644 00a7 49       		.uleb128 0x49
 645 00a8 13       		.uleb128 0x13
 646 00a9 02       		.uleb128 0x2
 647 00aa 18       		.uleb128 0x18
 648 00ab 00       		.byte	0
 649 00ac 00       		.byte	0
 650 00ad 0C       		.uleb128 0xc
 651 00ae 34       		.uleb128 0x34
 652 00af 00       		.byte	0
 653 00b0 03       		.uleb128 0x3
 654 00b1 08       		.uleb128 0x8
 655 00b2 3A       		.uleb128 0x3a
 656 00b3 0B       		.uleb128 0xb
 657 00b4 3B       		.uleb128 0x3b
 658 00b5 0B       		.uleb128 0xb
 659 00b6 49       		.uleb128 0x49
 660 00b7 13       		.uleb128 0x13
 661 00b8 02       		.uleb128 0x2
 662 00b9 18       		.uleb128 0x18
 663 00ba 00       		.byte	0
 664 00bb 00       		.byte	0
 665 00bc 0D       		.uleb128 0xd
 666 00bd 2E       		.uleb128 0x2e
 667 00be 01       		.byte	0x1
 668 00bf 3F       		.uleb128 0x3f
 669 00c0 19       		.uleb128 0x19
 670 00c1 03       		.uleb128 0x3
 671 00c2 0E       		.uleb128 0xe
 672 00c3 3A       		.uleb128 0x3a
 673 00c4 0B       		.uleb128 0xb
 674 00c5 3B       		.uleb128 0x3b
 675 00c6 0B       		.uleb128 0xb
 676 00c7 49       		.uleb128 0x49
 677 00c8 13       		.uleb128 0x13
 678 00c9 3C       		.uleb128 0x3c
 679 00ca 19       		.uleb128 0x19
 680 00cb 01       		.uleb128 0x1
 681 00cc 13       		.uleb128 0x13
 682 00cd 00       		.byte	0
ARM GAS  C:\Users\Petro\AppData\Local\Temp\ccikAIsM.s 			page 14


 683 00ce 00       		.byte	0
 684 00cf 0E       		.uleb128 0xe
 685 00d0 18       		.uleb128 0x18
 686 00d1 00       		.byte	0
 687 00d2 00       		.byte	0
 688 00d3 00       		.byte	0
 689 00d4 0F       		.uleb128 0xf
 690 00d5 2E       		.uleb128 0x2e
 691 00d6 01       		.byte	0x1
 692 00d7 3F       		.uleb128 0x3f
 693 00d8 19       		.uleb128 0x19
 694 00d9 03       		.uleb128 0x3
 695 00da 0E       		.uleb128 0xe
 696 00db 3A       		.uleb128 0x3a
 697 00dc 0B       		.uleb128 0xb
 698 00dd 3B       		.uleb128 0x3b
 699 00de 0B       		.uleb128 0xb
 700 00df 49       		.uleb128 0x49
 701 00e0 13       		.uleb128 0x13
 702 00e1 3C       		.uleb128 0x3c
 703 00e2 19       		.uleb128 0x19
 704 00e3 00       		.byte	0
 705 00e4 00       		.byte	0
 706 00e5 10       		.uleb128 0x10
 707 00e6 01       		.uleb128 0x1
 708 00e7 01       		.byte	0x1
 709 00e8 49       		.uleb128 0x49
 710 00e9 13       		.uleb128 0x13
 711 00ea 01       		.uleb128 0x1
 712 00eb 13       		.uleb128 0x13
 713 00ec 00       		.byte	0
 714 00ed 00       		.byte	0
 715 00ee 11       		.uleb128 0x11
 716 00ef 21       		.uleb128 0x21
 717 00f0 00       		.byte	0
 718 00f1 49       		.uleb128 0x49
 719 00f2 13       		.uleb128 0x13
 720 00f3 2F       		.uleb128 0x2f
 721 00f4 0B       		.uleb128 0xb
 722 00f5 00       		.byte	0
 723 00f6 00       		.byte	0
 724 00f7 12       		.uleb128 0x12
 725 00f8 26       		.uleb128 0x26
 726 00f9 00       		.byte	0
 727 00fa 49       		.uleb128 0x49
 728 00fb 13       		.uleb128 0x13
 729 00fc 00       		.byte	0
 730 00fd 00       		.byte	0
 731 00fe 00       		.byte	0
 732              		.section	.debug_aranges,"",%progbits
 733 0000 2C000000 		.4byte	0x2c
 734 0004 0200     		.2byte	0x2
 735 0006 00000000 		.4byte	.Ldebug_info0
 736 000a 04       		.byte	0x4
 737 000b 00       		.byte	0
 738 000c 0000     		.2byte	0
 739 000e 0000     		.2byte	0
ARM GAS  C:\Users\Petro\AppData\Local\Temp\ccikAIsM.s 			page 15


 740 0010 00000000 		.4byte	.LFB63
 741 0014 0C000000 		.4byte	.LFE63-.LFB63
 742 0018 00000000 		.4byte	.LFB64
 743 001c 2C000000 		.4byte	.LFE64-.LFB64
 744 0020 00000000 		.4byte	.LFB65
 745 0024 98000000 		.4byte	.LFE65-.LFB65
 746 0028 00000000 		.4byte	0
 747 002c 00000000 		.4byte	0
 748              		.section	.debug_ranges,"",%progbits
 749              	.Ldebug_ranges0:
 750 0000 00000000 		.4byte	.LFB63
 751 0004 0C000000 		.4byte	.LFE63
 752 0008 00000000 		.4byte	.LFB64
 753 000c 2C000000 		.4byte	.LFE64
 754 0010 00000000 		.4byte	.LFB65
 755 0014 98000000 		.4byte	.LFE65
 756 0018 00000000 		.4byte	0
 757 001c 00000000 		.4byte	0
 758              		.section	.debug_line,"",%progbits
 759              	.Ldebug_line0:
 760 0000 7F010000 		.section	.debug_str,"MS",%progbits,1
 760      02003D01 
 760      00000201 
 760      FB0E0D00 
 760      01010101 
 761              	.LASF28:
 762 0000 6D657373 		.ascii	"message\000"
 762      61676500 
 763              	.LASF30:
 764 0008 6D696C6C 		.ascii	"mills\000"
 764      7300
 765              	.LASF23:
 766 000e 746D5F77 		.ascii	"tm_wday\000"
 766      64617900 
 767              	.LASF36:
 768 0016 443A5C43 		.ascii	"D:\\Cypress\\system-start-finish\\vesion 2\\fw\\sta"
 768      79707265 
 768      73735C73 
 768      79737465 
 768      6D2D7374 
 769 0044 72745C73 		.ascii	"rt\\sandbox\\v3\\Start(state machine)\\start_v0.cyd"
 769      616E6462 
 769      6F785C76 
 769      335C5374 
 769      61727428 
 770 0073 736E00   		.ascii	"sn\000"
 771              	.LASF12:
 772 0076 75696E74 		.ascii	"uint64_t\000"
 772      36345F74 
 772      00
 773              	.LASF19:
 774 007f 746D5F68 		.ascii	"tm_hour\000"
 774      6F757200 
 775              	.LASF13:
 776 0087 666C6F61 		.ascii	"float\000"
 776      7400
 777              	.LASF1:
ARM GAS  C:\Users\Petro\AppData\Local\Temp\ccikAIsM.s 			page 16


 778 008d 756E7369 		.ascii	"unsigned char\000"
 778      676E6564 
 778      20636861 
 778      7200
 779              	.LASF5:
 780 009b 6C6F6E67 		.ascii	"long unsigned int\000"
 780      20756E73 
 780      69676E65 
 780      6420696E 
 780      7400
 781              	.LASF3:
 782 00ad 73686F72 		.ascii	"short unsigned int\000"
 782      7420756E 
 782      7369676E 
 782      65642069 
 782      6E7400
 783              	.LASF38:
 784 00c0 4C617374 		.ascii	"LastSecTimeOnWay\000"
 784      53656354 
 784      696D654F 
 784      6E576179 
 784      00
 785              	.LASF32:
 786 00d1 62756666 		.ascii	"buff\000"
 786      00
 787              	.LASF7:
 788 00d6 5F5F7569 		.ascii	"__uint16_t\000"
 788      6E743136 
 788      5F7400
 789              	.LASF14:
 790 00e1 646F7562 		.ascii	"double\000"
 790      6C6500
 791              	.LASF34:
 792 00e8 474E5520 		.ascii	"GNU C 4.9.3 20150303 (release) [ARM/embedded-4_9-br"
 792      4320342E 
 792      392E3320 
 792      32303135 
 792      30333033 
 793 011b 616E6368 		.ascii	"anch revision 221220] -mcpu=cortex-m0 -mthumb -g -O"
 793      20726576 
 793      6973696F 
 793      6E203232 
 793      31323230 
 794 014e 30202D66 		.ascii	"0 -ffunction-sections -ffat-lto-objects\000"
 794      66756E63 
 794      74696F6E 
 794      2D736563 
 794      74696F6E 
 795              	.LASF27:
 796 0176 44697370 		.ascii	"DisplayPrintTime\000"
 796      6C617950 
 796      72696E74 
 796      54696D65 
 796      00
 797              	.LASF25:
 798 0187 746D5F69 		.ascii	"tm_isdst\000"
 798      73647374 
ARM GAS  C:\Users\Petro\AppData\Local\Temp\ccikAIsM.s 			page 17


 798      00
 799              	.LASF24:
 800 0190 746D5F79 		.ascii	"tm_yday\000"
 800      64617900 
 801              	.LASF10:
 802 0198 756E7369 		.ascii	"unsigned int\000"
 802      676E6564 
 802      20696E74 
 802      00
 803              	.LASF9:
 804 01a5 6C6F6E67 		.ascii	"long long unsigned int\000"
 804      206C6F6E 
 804      6720756E 
 804      7369676E 
 804      65642069 
 805              	.LASF17:
 806 01bc 746D5F73 		.ascii	"tm_sec\000"
 806      656300
 807              	.LASF18:
 808 01c3 746D5F6D 		.ascii	"tm_min\000"
 808      696E00
 809              	.LASF39:
 810 01ca 4C617374 		.ascii	"LastMillsTimeOnWay\000"
 810      4D696C6C 
 810      7354696D 
 810      654F6E57 
 810      617900
 811              	.LASF29:
 812 01dd 74696D65 		.ascii	"time\000"
 812      00
 813              	.LASF16:
 814 01e2 73697A65 		.ascii	"sizetype\000"
 814      74797065 
 814      00
 815              	.LASF6:
 816 01eb 6C6F6E67 		.ascii	"long long int\000"
 816      206C6F6E 
 816      6720696E 
 816      7400
 817              	.LASF31:
 818 01f9 52657374 		.ascii	"Restime\000"
 818      696D6500 
 819              	.LASF15:
 820 0201 63686172 		.ascii	"char\000"
 820      00
 821              	.LASF33:
 822 0206 64656661 		.ascii	"default_format\000"
 822      756C745F 
 822      666F726D 
 822      617400
 823              	.LASF35:
 824 0215 2E5C6C69 		.ascii	".\\lib_Display\\display.c\000"
 824      625F4469 
 824      73706C61 
 824      795C6469 
 824      73706C61 
 825              	.LASF21:
ARM GAS  C:\Users\Petro\AppData\Local\Temp\ccikAIsM.s 			page 18


 826 022d 746D5F6D 		.ascii	"tm_mon\000"
 826      6F6E00
 827              	.LASF2:
 828 0234 73686F72 		.ascii	"short int\000"
 828      7420696E 
 828      7400
 829              	.LASF8:
 830 023e 5F5F7569 		.ascii	"__uint64_t\000"
 830      6E743634 
 830      5F7400
 831              	.LASF11:
 832 0249 75696E74 		.ascii	"uint16_t\000"
 832      31365F74 
 832      00
 833              	.LASF22:
 834 0252 746D5F79 		.ascii	"tm_year\000"
 834      65617200 
 835              	.LASF26:
 836 025a 44697370 		.ascii	"DisplayPrintf\000"
 836      6C617950 
 836      72696E74 
 836      6600
 837              	.LASF4:
 838 0268 6C6F6E67 		.ascii	"long int\000"
 838      20696E74 
 838      00
 839              	.LASF0:
 840 0271 7369676E 		.ascii	"signed char\000"
 840      65642063 
 840      68617200 
 841              	.LASF37:
 842 027d 44697370 		.ascii	"DisplayConfig\000"
 842      6C617943 
 842      6F6E6669 
 842      6700
 843              	.LASF20:
 844 028b 746D5F6D 		.ascii	"tm_mday\000"
 844      64617900 
 845              		.ident	"GCC: (GNU Tools for ARM Embedded Processors) 4.9.3 20150303 (release) [ARM/embedded-4_9-br
