ARM GAS  C:\Users\Petro\AppData\Local\Temp\cc1noEVA.s 			page 1


   1              		.cpu cortex-m0
   2              		.fpu softvfp
   3              		.eabi_attribute 20, 1
   4              		.eabi_attribute 21, 1
   5              		.eabi_attribute 23, 3
   6              		.eabi_attribute 24, 1
   7              		.eabi_attribute 25, 1
   8              		.eabi_attribute 26, 1
   9              		.eabi_attribute 30, 6
  10              		.eabi_attribute 34, 0
  11              		.eabi_attribute 18, 4
  12              		.code	16
  13              		.file	"main.c"
  14              		.text
  15              	.Ltext0:
  16              		.cfi_sections	.debug_frame
  17              		.bss
  18              		.align	2
  19              	buff:
  20 0000 00000000 		.space	100
  20      00000000 
  20      00000000 
  20      00000000 
  20      00000000 
  21              		.comm	PROTO_STATE,1,1
  22              		.comm	LenD1,1,1
  23              		.comm	LenD2,1,1
  24              		.comm	LenD3,1,1
  25              		.comm	LenSeq,1,1
  26              		.comm	LenChS,1,1
  27              		.comm	LenC,1,1
  28              		.comm	NtpLenD1,1,1
  29              		.comm	NtpLenMsD1,1,1
  30              		.comm	NtpLenId,1,1
  31              		.comm	NtpLenChS,1,1
  32              		.comm	inData,24,8
  33              		.comm	outData,24,8
  34              		.comm	previousData,100,4
  35              		.align	2
  36              	networkStatus:
  37 0064 00000000 		.space	4
  38              		.align	2
  39              	noConnect:
  40 0068 00000000 		.space	4
  41              		.align	2
  42              	finNoReady:
  43 006c 00000000 		.space	4
  44              		.align	3
  45              	savedUnixTime:
  46 0070 00000000 		.space	8
  46      00000000 
  47              		.align	2
  48              	savedRecentMs:
  49 0078 00000000 		.space	4
  50              		.align	2
  51              	gateOpen:
  52 007c 00000000 		.space	4
ARM GAS  C:\Users\Petro\AppData\Local\Temp\cc1noEVA.s 			page 2


  53              		.align	1
  54              	writeFlag:
  55 0080 0000     		.space	2
  56              		.comm	currentState,1,1
  57 0082 0000     		.align	2
  58              	result:
  59 0084 00000000 		.space	4
  60              		.section	.text.main,"ax",%progbits
  61              		.align	2
  62              		.global	main
  63              		.code	16
  64              		.thumb_func
  65              		.type	main, %function
  66              	main:
  67              	.LFB63:
  68              		.file 1 ".\\main.c"
   1:.\main.c      **** #include "appGlobal.h"
   2:.\main.c      **** 
   3:.\main.c      **** int main()
   4:.\main.c      **** {
  69              		.loc 1 4 0
  70              		.cfi_startproc
  71 0000 80B5     		push	{r7, lr}
  72              		.cfi_def_cfa_offset 8
  73              		.cfi_offset 7, -8
  74              		.cfi_offset 14, -4
  75 0002 00AF     		add	r7, sp, #0
  76              		.cfi_def_cfa_register 7
   5:.\main.c      ****     CyGlobalIntEnable; /* Enable global interrupts. */
  77              		.loc 1 5 0
  78              	@ 5 ".\main.c" 1
  79 0004 62B6     		CPSIE   i
  80              	@ 0 "" 2
   6:.\main.c      ****     
   7:.\main.c      ****     currentState = SYSTEM_INIT;
  81              		.loc 1 7 0
  82              		.code	16
  83 0006 2F4B     		ldr	r3, .L16
  84 0008 0022     		mov	r2, #0
  85 000a 1A70     		strb	r2, [r3]
  86              	.L15:
   8:.\main.c      **** 
   9:.\main.c      ****     for(;;)
  10:.\main.c      ****     {
  11:.\main.c      ****         switch (currentState)
  87              		.loc 1 11 0
  88 000c 2D4B     		ldr	r3, .L16
  89 000e 1B78     		ldrb	r3, [r3]
  90 0010 042B     		cmp	r3, #4
  91 0012 50D8     		bhi	.L2
  92 0014 9A00     		lsl	r2, r3, #2
  93 0016 2C4B     		ldr	r3, .L16+4
  94 0018 D318     		add	r3, r2, r3
  95 001a 1B68     		ldr	r3, [r3]
  96 001c 9F46     		mov	pc, r3
  97              		.section	.rodata
  98              		.align	2
ARM GAS  C:\Users\Petro\AppData\Local\Temp\cc1noEVA.s 			page 3


  99              	.L4:
 100 0000 1E000000 		.word	.L3
 101 0004 3A000000 		.word	.L5
 102 0008 56000000 		.word	.L6
 103 000c 82000000 		.word	.L7
 104 0010 A4000000 		.word	.L8
 105              		.section	.text.main
 106              	.L3:
  12:.\main.c      ****         {
  13:.\main.c      ****             case SYSTEM_INIT:
  14:.\main.c      ****             {
  15:.\main.c      ****                 result = SystemInit();
 107              		.loc 1 15 0
 108 001e FFF7FEFF 		bl	SystemInit
 109 0022 021C     		mov	r2, r0
 110 0024 294B     		ldr	r3, .L16+8
 111 0026 1A60     		str	r2, [r3]
  16:.\main.c      ****                 if(result == NO_ERROR)
 112              		.loc 1 16 0
 113 0028 284B     		ldr	r3, .L16+8
 114 002a 1B68     		ldr	r3, [r3]
 115 002c 012B     		cmp	r3, #1
 116 002e 03D1     		bne	.L9
  17:.\main.c      ****                 {
  18:.\main.c      ****                     currentState = TIME_SYNC;
 117              		.loc 1 18 0
 118 0030 244B     		ldr	r3, .L16
 119 0032 0122     		mov	r2, #1
 120 0034 1A70     		strb	r2, [r3]
  19:.\main.c      ****                 }
  20:.\main.c      ****                 break;
 121              		.loc 1 20 0
 122 0036 3EE0     		b	.L2
 123              	.L9:
 124 0038 3DE0     		b	.L2
 125              	.L5:
  21:.\main.c      ****             }
  22:.\main.c      ****             case TIME_SYNC:
  23:.\main.c      ****             {
  24:.\main.c      ****                 result = TimeSynchronize();
 126              		.loc 1 24 0
 127 003a FFF7FEFF 		bl	TimeSynchronize
 128 003e 021C     		mov	r2, r0
 129 0040 224B     		ldr	r3, .L16+8
 130 0042 1A60     		str	r2, [r3]
  25:.\main.c      ****                 if(result == TIME_SYNC_OK)
 131              		.loc 1 25 0
 132 0044 214B     		ldr	r3, .L16+8
 133 0046 1B68     		ldr	r3, [r3]
 134 0048 002B     		cmp	r3, #0
 135 004a 03D1     		bne	.L10
  26:.\main.c      ****                 {
  27:.\main.c      ****                     currentState = GET_FIN_STATUS;
 136              		.loc 1 27 0
 137 004c 1D4B     		ldr	r3, .L16
 138 004e 0222     		mov	r2, #2
 139 0050 1A70     		strb	r2, [r3]
ARM GAS  C:\Users\Petro\AppData\Local\Temp\cc1noEVA.s 			page 4


  28:.\main.c      ****                 }
  29:.\main.c      ****                 break;
 140              		.loc 1 29 0
 141 0052 30E0     		b	.L2
 142              	.L10:
 143 0054 2FE0     		b	.L2
 144              	.L6:
  30:.\main.c      ****             }
  31:.\main.c      ****             case GET_FIN_STATUS:
  32:.\main.c      ****             {
  33:.\main.c      ****                 result = GetFinishStatus();
 145              		.loc 1 33 0
 146 0056 FFF7FEFF 		bl	GetFinishStatus
 147 005a 021C     		mov	r2, r0
 148 005c 1B4B     		ldr	r3, .L16+8
 149 005e 1A60     		str	r2, [r3]
  34:.\main.c      **** 
  35:.\main.c      ****                 if(result == NO_ERROR)
 150              		.loc 1 35 0
 151 0060 1A4B     		ldr	r3, .L16+8
 152 0062 1B68     		ldr	r3, [r3]
 153 0064 012B     		cmp	r3, #1
 154 0066 03D1     		bne	.L11
  36:.\main.c      ****                 {
  37:.\main.c      ****                     currentState = CHECK_GATE;                   
 155              		.loc 1 37 0
 156 0068 164B     		ldr	r3, .L16
 157 006a 0322     		mov	r2, #3
 158 006c 1A70     		strb	r2, [r3]
 159 006e 07E0     		b	.L12
 160              	.L11:
  38:.\main.c      ****                 }else if(result == REBOOT)  
 161              		.loc 1 38 0
 162 0070 164B     		ldr	r3, .L16+8
 163 0072 1B68     		ldr	r3, [r3]
 164 0074 FF2B     		cmp	r3, #255
 165 0076 03D1     		bne	.L12
  39:.\main.c      ****                 {
  40:.\main.c      ****                     currentState = TIME_SYNC;
 166              		.loc 1 40 0
 167 0078 124B     		ldr	r3, .L16
 168 007a 0122     		mov	r2, #1
 169 007c 1A70     		strb	r2, [r3]
  41:.\main.c      ****                 }
  42:.\main.c      ****                 break;
 170              		.loc 1 42 0
 171 007e 1AE0     		b	.L2
 172              	.L12:
 173 0080 19E0     		b	.L2
 174              	.L7:
  43:.\main.c      ****             }
  44:.\main.c      ****             case CHECK_GATE:
  45:.\main.c      ****             {
  46:.\main.c      ****                 result = CheckGate();
 175              		.loc 1 46 0
 176 0082 FFF7FEFF 		bl	CheckGate
 177 0086 021C     		mov	r2, r0
ARM GAS  C:\Users\Petro\AppData\Local\Temp\cc1noEVA.s 			page 5


 178 0088 104B     		ldr	r3, .L16+8
 179 008a 1A60     		str	r2, [r3]
  47:.\main.c      ****                 if(result == GATE_OPEN)
 180              		.loc 1 47 0
 181 008c 0F4B     		ldr	r3, .L16+8
 182 008e 1B68     		ldr	r3, [r3]
 183 0090 012B     		cmp	r3, #1
 184 0092 03D1     		bne	.L13
  48:.\main.c      ****                 {
  49:.\main.c      ****                     currentState = SAVE_RESULT;
 185              		.loc 1 49 0
 186 0094 0B4B     		ldr	r3, .L16
 187 0096 0422     		mov	r2, #4
 188 0098 1A70     		strb	r2, [r3]
  50:.\main.c      ****                 }else
  51:.\main.c      ****                 {
  52:.\main.c      ****                     currentState = GET_FIN_STATUS;
  53:.\main.c      ****                 }
  54:.\main.c      ****                 break;
 189              		.loc 1 54 0
 190 009a 0CE0     		b	.L2
 191              	.L13:
  52:.\main.c      ****                 }
 192              		.loc 1 52 0
 193 009c 094B     		ldr	r3, .L16
 194 009e 0222     		mov	r2, #2
 195 00a0 1A70     		strb	r2, [r3]
 196              		.loc 1 54 0
 197 00a2 08E0     		b	.L2
 198              	.L8:
  55:.\main.c      ****             }
  56:.\main.c      ****             case SAVE_RESULT:
  57:.\main.c      ****             {
  58:.\main.c      ****                 result = SaveResult();
 199              		.loc 1 58 0
 200 00a4 FFF7FEFF 		bl	SaveResult
 201 00a8 021C     		mov	r2, r0
 202 00aa 084B     		ldr	r3, .L16+8
 203 00ac 1A60     		str	r2, [r3]
  59:.\main.c      ****                 currentState = GET_FIN_STATUS;
 204              		.loc 1 59 0
 205 00ae 054B     		ldr	r3, .L16
 206 00b0 0222     		mov	r2, #2
 207 00b2 1A70     		strb	r2, [r3]
  60:.\main.c      ****     
  61:.\main.c      ****                 break;
 208              		.loc 1 61 0
 209 00b4 C046     		mov	r8, r8
 210              	.L2:
  62:.\main.c      ****             }           
  63:.\main.c      ****         }
  64:.\main.c      ****         MyDelay(TIMEOUT_STATE);
 211              		.loc 1 64 0
 212 00b6 FA23     		mov	r3, #250
 213 00b8 5B00     		lsl	r3, r3, #1
 214 00ba 181C     		mov	r0, r3
 215 00bc FFF7FEFF 		bl	MyDelay
ARM GAS  C:\Users\Petro\AppData\Local\Temp\cc1noEVA.s 			page 6


  65:.\main.c      ****     }
 216              		.loc 1 65 0
 217 00c0 A4E7     		b	.L15
 218              	.L17:
 219 00c2 C046     		.align	2
 220              	.L16:
 221 00c4 00000000 		.word	currentState
 222 00c8 00000000 		.word	.L4
 223 00cc 84000000 		.word	result
 224              		.cfi_endproc
 225              	.LFE63:
 226              		.size	main, .-main
 227              		.section	.rodata
 228              		.align	2
 229              	.LC3:
 230 0014 53797374 		.ascii	"System init...\000"
 230      656D2069 
 230      6E69742E 
 230      2E2E00
 231              		.section	.text.SystemInit,"ax",%progbits
 232              		.align	2
 233              		.global	SystemInit
 234              		.code	16
 235              		.thumb_func
 236              		.type	SystemInit, %function
 237              	SystemInit:
 238              	.LFB64:
  66:.\main.c      **** }
  67:.\main.c      **** 
  68:.\main.c      **** uint32_t SystemInit(void)
  69:.\main.c      **** {   
 239              		.loc 1 69 0
 240              		.cfi_startproc
 241 0000 80B5     		push	{r7, lr}
 242              		.cfi_def_cfa_offset 8
 243              		.cfi_offset 7, -8
 244              		.cfi_offset 14, -4
 245 0002 00AF     		add	r7, sp, #0
 246              		.cfi_def_cfa_register 7
  70:.\main.c      ****     WriteRebootFlag(REBOOT);
 247              		.loc 1 70 0
 248 0004 FF20     		mov	r0, #255
 249 0006 FFF7FEFF 		bl	WriteRebootFlag
  71:.\main.c      ****     LedInit();
 250              		.loc 1 71 0
 251 000a FFF7FEFF 		bl	LedInit
  72:.\main.c      ****     LedBlink(FREQ_INIT_BLINK);
 252              		.loc 1 72 0
 253 000e 0A20     		mov	r0, #10
 254 0010 FFF7FEFF 		bl	LedBlink
  73:.\main.c      ****     
  74:.\main.c      ****     DisplayConfig();
 255              		.loc 1 74 0
 256 0014 FFF7FEFF 		bl	DisplayConfig
  75:.\main.c      ****     DisplayPrintf("System init...");
 257              		.loc 1 75 0
 258 0018 064B     		ldr	r3, .L20
ARM GAS  C:\Users\Petro\AppData\Local\Temp\cc1noEVA.s 			page 7


 259 001a 181C     		mov	r0, r3
 260 001c FFF7FEFF 		bl	DisplayPrintf
  76:.\main.c      ****     
  77:.\main.c      ****     RTC_WDT_Init(); 
 261              		.loc 1 77 0
 262 0020 FFF7FEFF 		bl	RTC_WDT_Init
  78:.\main.c      ****     InitNetwork();
 263              		.loc 1 78 0
 264 0024 FFF7FEFF 		bl	InitNetwork
  79:.\main.c      ****     GateInit();
 265              		.loc 1 79 0
 266 0028 FFF7FEFF 		bl	GateInit
  80:.\main.c      **** 
  81:.\main.c      ****     return NO_ERROR;  
 267              		.loc 1 81 0
 268 002c 0123     		mov	r3, #1
  82:.\main.c      **** }
 269              		.loc 1 82 0
 270 002e 181C     		mov	r0, r3
 271 0030 BD46     		mov	sp, r7
 272              		@ sp needed
 273 0032 80BD     		pop	{r7, pc}
 274              	.L21:
 275              		.align	2
 276              	.L20:
 277 0034 14000000 		.word	.LC3
 278              		.cfi_endproc
 279              	.LFE64:
 280              		.size	SystemInit, .-SystemInit
 281              		.section	.rodata
 282 0023 00       		.align	2
 283              	.LC5:
 284 0024 4E657477 		.ascii	"Network conn...\000"
 284      6F726B20 
 284      636F6E6E 
 284      2E2E2E00 
 285              		.align	2
 286              	.LC7:
 287 0034 53796E63 		.ascii	"Sync time...\000"
 287      2074696D 
 287      652E2E2E 
 287      00
 288 0041 000000   		.align	2
 289              	.LC9:
 290 0044 53796E63 		.ascii	"Sync ok\000"
 290      206F6B00 
 291              		.align	2
 292              	.LC11:
 293 004c 53796E63 		.ascii	"Sync time error\000"
 293      2074696D 
 293      65206572 
 293      726F7200 
 294              		.section	.text.TimeSynchronize,"ax",%progbits
 295              		.align	2
 296              		.global	TimeSynchronize
 297              		.code	16
 298              		.thumb_func
ARM GAS  C:\Users\Petro\AppData\Local\Temp\cc1noEVA.s 			page 8


 299              		.type	TimeSynchronize, %function
 300              	TimeSynchronize:
 301              	.LFB65:
  83:.\main.c      **** 
  84:.\main.c      **** uint32_t TimeSynchronize(void)
  85:.\main.c      **** {
 302              		.loc 1 85 0
 303              		.cfi_startproc
 304 0000 80B5     		push	{r7, lr}
 305              		.cfi_def_cfa_offset 8
 306              		.cfi_offset 7, -8
 307              		.cfi_offset 14, -4
 308 0002 82B0     		sub	sp, sp, #8
 309              		.cfi_def_cfa_offset 16
 310 0004 00AF     		add	r7, sp, #0
 311              		.cfi_def_cfa_register 7
  86:.\main.c      ****     uint32_t result;
  87:.\main.c      ****     
  88:.\main.c      ****     LedBlink(FREQ_INIT_BLINK);
 312              		.loc 1 88 0
 313 0006 0A20     		mov	r0, #10
 314 0008 FFF7FEFF 		bl	LedBlink
  89:.\main.c      ****     /*network connect*/
  90:.\main.c      ****     if(NetworkStatus() == NETWORK_DISCONN)
 315              		.loc 1 90 0
 316 000c FFF7FEFF 		bl	NetworkStatus
 317 0010 031E     		sub	r3, r0, #0
 318 0012 09D1     		bne	.L23
  91:.\main.c      ****     {
  92:.\main.c      ****         DisplayPrintf("Network conn...");
 319              		.loc 1 92 0
 320 0014 194B     		ldr	r3, .L27
 321 0016 181C     		mov	r0, r3
 322 0018 FFF7FEFF 		bl	DisplayPrintf
  93:.\main.c      ****         MyDelay(TIMEOUT_STATE);
 323              		.loc 1 93 0
 324 001c FA23     		mov	r3, #250
 325 001e 5B00     		lsl	r3, r3, #1
 326 0020 181C     		mov	r0, r3
 327 0022 FFF7FEFF 		bl	MyDelay
 328 0026 23E0     		b	.L24
 329              	.L23:
  94:.\main.c      ****     }else
  95:.\main.c      ****     {
  96:.\main.c      ****         /*time sync*/
  97:.\main.c      ****         DisplayPrintf("Sync time...");
 330              		.loc 1 97 0
 331 0028 154B     		ldr	r3, .L27+4
 332 002a 181C     		mov	r0, r3
 333 002c FFF7FEFF 		bl	DisplayPrintf
  98:.\main.c      ****         if(NTPsync() == TIME_SYNC_OK)
 334              		.loc 1 98 0
 335 0030 FFF7FEFF 		bl	NTPsync
 336 0034 031E     		sub	r3, r0, #0
 337 0036 0DD1     		bne	.L25
  99:.\main.c      ****         {
 100:.\main.c      ****             DisplayPrintf("Sync ok");
ARM GAS  C:\Users\Petro\AppData\Local\Temp\cc1noEVA.s 			page 9


 338              		.loc 1 100 0
 339 0038 124B     		ldr	r3, .L27+8
 340 003a 181C     		mov	r0, r3
 341 003c FFF7FEFF 		bl	DisplayPrintf
 101:.\main.c      ****             ReadRebootFinishFlag();
 342              		.loc 1 101 0
 343 0040 FFF7FEFF 		bl	ReadRebootFinishFlag
 102:.\main.c      ****             MyDelay(4*TIMEOUT_USER_READ_INFO);
 344              		.loc 1 102 0
 345 0044 FA23     		mov	r3, #250
 346 0046 DB00     		lsl	r3, r3, #3
 347 0048 181C     		mov	r0, r3
 348 004a FFF7FEFF 		bl	MyDelay
 103:.\main.c      ****             result = TIME_SYNC_OK;
 349              		.loc 1 103 0
 350 004e 0023     		mov	r3, #0
 351 0050 7B60     		str	r3, [r7, #4]
 352 0052 0DE0     		b	.L24
 353              	.L25:
 104:.\main.c      ****         }else
 105:.\main.c      ****         {
 106:.\main.c      ****             DisplayPrintf("Sync time error");
 354              		.loc 1 106 0
 355 0054 0C4B     		ldr	r3, .L27+12
 356 0056 181C     		mov	r0, r3
 357 0058 FFF7FEFF 		bl	DisplayPrintf
 107:.\main.c      ****             WriteRebootFlag(REBOOT);
 358              		.loc 1 107 0
 359 005c FF20     		mov	r0, #255
 360 005e FFF7FEFF 		bl	WriteRebootFlag
 108:.\main.c      ****             MyDelay(4*TIMEOUT_USER_READ_INFO);
 361              		.loc 1 108 0
 362 0062 FA23     		mov	r3, #250
 363 0064 DB00     		lsl	r3, r3, #3
 364 0066 181C     		mov	r0, r3
 365 0068 FFF7FEFF 		bl	MyDelay
 109:.\main.c      ****       
 110:.\main.c      ****             result = TIME_SYNC_ERR;
 366              		.loc 1 110 0
 367 006c 0123     		mov	r3, #1
 368 006e 7B60     		str	r3, [r7, #4]
 369              	.L24:
 111:.\main.c      ****         }
 112:.\main.c      ****     }
 113:.\main.c      ****     
 114:.\main.c      ****     return result;
 370              		.loc 1 114 0
 371 0070 7B68     		ldr	r3, [r7, #4]
 115:.\main.c      **** }
 372              		.loc 1 115 0
 373 0072 181C     		mov	r0, r3
 374 0074 BD46     		mov	sp, r7
 375 0076 02B0     		add	sp, sp, #8
 376              		@ sp needed
 377 0078 80BD     		pop	{r7, pc}
 378              	.L28:
 379 007a C046     		.align	2
ARM GAS  C:\Users\Petro\AppData\Local\Temp\cc1noEVA.s 			page 10


 380              	.L27:
 381 007c 24000000 		.word	.LC5
 382 0080 34000000 		.word	.LC7
 383 0084 44000000 		.word	.LC9
 384 0088 4C000000 		.word	.LC11
 385              		.cfi_endproc
 386              	.LFE65:
 387              		.size	TimeSynchronize, .-TimeSynchronize
 388              		.section	.rodata
 389              		.align	2
 390              	.LC13:
 391 005c 46696E20 		.ascii	"Fin no ready\000"
 391      6E6F2072 
 391      65616479 
 391      00
 392              		.section	.text.GetFinishStatus,"ax",%progbits
 393              		.align	2
 394              		.global	GetFinishStatus
 395              		.code	16
 396              		.thumb_func
 397              		.type	GetFinishStatus, %function
 398              	GetFinishStatus:
 399              	.LFB66:
 116:.\main.c      **** 
 117:.\main.c      **** uint32_t GetFinishStatus(void)
 118:.\main.c      **** {
 400              		.loc 1 118 0
 401              		.cfi_startproc
 402 0000 80B5     		push	{r7, lr}
 403              		.cfi_def_cfa_offset 8
 404              		.cfi_offset 7, -8
 405              		.cfi_offset 14, -4
 406 0002 82B0     		sub	sp, sp, #8
 407              		.cfi_def_cfa_offset 16
 408 0004 00AF     		add	r7, sp, #0
 409              		.cfi_def_cfa_register 7
 119:.\main.c      ****     uint32_t result;
 120:.\main.c      ****     
 121:.\main.c      ****     if (NetworkStatus() == NETWORK_DISCONN || FinWriteInDB() == NO_WRITE || FinReady() == NO_READY)
 410              		.loc 1 121 0
 411 0006 FFF7FEFF 		bl	NetworkStatus
 412 000a 031E     		sub	r3, r0, #0
 413 000c 07D0     		beq	.L30
 414              		.loc 1 121 0 is_stmt 0 discriminator 1
 415 000e FFF7FEFF 		bl	FinWriteInDB
 416 0012 031E     		sub	r3, r0, #0
 417 0014 03D0     		beq	.L30
 418              		.loc 1 121 0 discriminator 2
 419 0016 FFF7FEFF 		bl	FinReady
 420 001a 031E     		sub	r3, r0, #0
 421 001c 10D1     		bne	.L31
 422              	.L30:
 122:.\main.c      ****     {
 123:.\main.c      ****         LedBlink(FREQ_ERR_BLINK);
 423              		.loc 1 123 0 is_stmt 1
 424 001e 0320     		mov	r0, #3
 425 0020 FFF7FEFF 		bl	LedBlink
ARM GAS  C:\Users\Petro\AppData\Local\Temp\cc1noEVA.s 			page 11


 124:.\main.c      ****         result = ERROR;
 426              		.loc 1 124 0
 427 0024 0023     		mov	r3, #0
 428 0026 7B60     		str	r3, [r7, #4]
 125:.\main.c      ****         DisplayPrintf("Fin no ready");
 429              		.loc 1 125 0
 430 0028 0C4B     		ldr	r3, .L35
 431 002a 181C     		mov	r0, r3
 432 002c FFF7FEFF 		bl	DisplayPrintf
 126:.\main.c      ****         DisAllowNextSkier();
 433              		.loc 1 126 0
 434 0030 FFF7FEFF 		bl	DisAllowNextSkier
 127:.\main.c      ****         MyDelay(TIMEOUT_USER_READ_INFO);
 435              		.loc 1 127 0
 436 0034 FA23     		mov	r3, #250
 437 0036 5B00     		lsl	r3, r3, #1
 438 0038 181C     		mov	r0, r3
 439 003a FFF7FEFF 		bl	MyDelay
 440 003e 01E0     		b	.L32
 441              	.L31:
 128:.\main.c      ****     }
 129:.\main.c      ****     else
 130:.\main.c      ****     {
 131:.\main.c      ****         result = NO_ERROR;
 442              		.loc 1 131 0
 443 0040 0123     		mov	r3, #1
 444 0042 7B60     		str	r3, [r7, #4]
 445              	.L32:
 132:.\main.c      ****     }
 133:.\main.c      ****     
 134:.\main.c      ****     if(ReadRebootFinishFlag() == REBOOT)
 446              		.loc 1 134 0
 447 0044 FFF7FEFF 		bl	ReadRebootFinishFlag
 448 0048 031E     		sub	r3, r0, #0
 449 004a FF2B     		cmp	r3, #255
 450 004c 01D1     		bne	.L33
 135:.\main.c      ****     {
 136:.\main.c      ****         result = REBOOT;    
 451              		.loc 1 136 0
 452 004e FF23     		mov	r3, #255
 453 0050 7B60     		str	r3, [r7, #4]
 454              	.L33:
 137:.\main.c      ****     }
 138:.\main.c      **** 
 139:.\main.c      ****           
 140:.\main.c      ****     return result;
 455              		.loc 1 140 0
 456 0052 7B68     		ldr	r3, [r7, #4]
 141:.\main.c      ****     
 142:.\main.c      **** }
 457              		.loc 1 142 0
 458 0054 181C     		mov	r0, r3
 459 0056 BD46     		mov	sp, r7
 460 0058 02B0     		add	sp, sp, #8
 461              		@ sp needed
 462 005a 80BD     		pop	{r7, pc}
 463              	.L36:
ARM GAS  C:\Users\Petro\AppData\Local\Temp\cc1noEVA.s 			page 12


 464              		.align	2
 465              	.L35:
 466 005c 5C000000 		.word	.LC13
 467              		.cfi_endproc
 468              	.LFE66:
 469              		.size	GetFinishStatus, .-GetFinishStatus
 470              		.section	.rodata
 471 0069 000000   		.align	2
 472              	.LC15:
 473 006c 536B6965 		.ascii	"Skier Started\000"
 473      72205374 
 473      61727465 
 473      6400
 474 007a 0000     		.align	2
 475              	.LC17:
 476 007c 53746172 		.ascii	"Start ready\000"
 476      74207265 
 476      61647900 
 477              		.section	.text.CheckGate,"ax",%progbits
 478              		.align	2
 479              		.global	CheckGate
 480              		.code	16
 481              		.thumb_func
 482              		.type	CheckGate, %function
 483              	CheckGate:
 484              	.LFB67:
 143:.\main.c      **** 
 144:.\main.c      **** uint32_t CheckGate(void)
 145:.\main.c      **** {
 485              		.loc 1 145 0
 486              		.cfi_startproc
 487 0000 80B5     		push	{r7, lr}
 488              		.cfi_def_cfa_offset 8
 489              		.cfi_offset 7, -8
 490              		.cfi_offset 14, -4
 491 0002 82B0     		sub	sp, sp, #8
 492              		.cfi_def_cfa_offset 16
 493 0004 00AF     		add	r7, sp, #0
 494              		.cfi_def_cfa_register 7
 146:.\main.c      ****     uint32_t result;
 147:.\main.c      ****     
 148:.\main.c      ****     result = GateIsOpen();
 495              		.loc 1 148 0
 496 0006 FFF7FEFF 		bl	GateIsOpen
 497 000a 031C     		mov	r3, r0
 498 000c 7B60     		str	r3, [r7, #4]
 149:.\main.c      ****     
 150:.\main.c      ****     if(result == GATE_OPEN)
 499              		.loc 1 150 0
 500 000e 7B68     		ldr	r3, [r7, #4]
 501 0010 012B     		cmp	r3, #1
 502 0012 0CD1     		bne	.L38
 151:.\main.c      ****     {
 152:.\main.c      ****         DisplayPrintf("Skier Started");
 503              		.loc 1 152 0
 504 0014 0D4B     		ldr	r3, .L41
 505 0016 181C     		mov	r0, r3
ARM GAS  C:\Users\Petro\AppData\Local\Temp\cc1noEVA.s 			page 13


 506 0018 FFF7FEFF 		bl	DisplayPrintf
 153:.\main.c      ****         LedBlink(FREQ_INIT_BLINK);
 507              		.loc 1 153 0
 508 001c 0A20     		mov	r0, #10
 509 001e FFF7FEFF 		bl	LedBlink
 154:.\main.c      ****         MyDelay(TIMEOUT_USER_READ_INFO);
 510              		.loc 1 154 0
 511 0022 FA23     		mov	r3, #250
 512 0024 5B00     		lsl	r3, r3, #1
 513 0026 181C     		mov	r0, r3
 514 0028 FFF7FEFF 		bl	MyDelay
 515 002c 08E0     		b	.L39
 516              	.L38:
 155:.\main.c      **** 
 156:.\main.c      ****     }else
 157:.\main.c      ****     {
 158:.\main.c      ****         DisplayPrintf("Start ready");
 517              		.loc 1 158 0
 518 002e 084B     		ldr	r3, .L41+4
 519 0030 181C     		mov	r0, r3
 520 0032 FFF7FEFF 		bl	DisplayPrintf
 159:.\main.c      ****         SetLedState(LED_ENABLE);
 521              		.loc 1 159 0
 522 0036 0120     		mov	r0, #1
 523 0038 FFF7FEFF 		bl	SetLedState
 160:.\main.c      ****         AllowNextSkier();
 524              		.loc 1 160 0
 525 003c FFF7FEFF 		bl	AllowNextSkier
 526              	.L39:
 161:.\main.c      **** 
 162:.\main.c      ****     }
 163:.\main.c      ****     return result;
 527              		.loc 1 163 0
 528 0040 7B68     		ldr	r3, [r7, #4]
 164:.\main.c      ****     
 165:.\main.c      **** }
 529              		.loc 1 165 0
 530 0042 181C     		mov	r0, r3
 531 0044 BD46     		mov	sp, r7
 532 0046 02B0     		add	sp, sp, #8
 533              		@ sp needed
 534 0048 80BD     		pop	{r7, pc}
 535              	.L42:
 536 004a C046     		.align	2
 537              	.L41:
 538 004c 6C000000 		.word	.LC15
 539 0050 7C000000 		.word	.LC17
 540              		.cfi_endproc
 541              	.LFE67:
 542              		.size	CheckGate, .-CheckGate
 543              		.section	.rodata
 544              		.align	2
 545              	.LC19:
 546 0088 53617665 		.ascii	"Save result\000"
 546      20726573 
 546      756C7400 
 547              		.align	2
ARM GAS  C:\Users\Petro\AppData\Local\Temp\cc1noEVA.s 			page 14


 548              	.LC21:
 549 0094 57616974 		.ascii	"Wait next skier\000"
 549      206E6578 
 549      7420736B 
 549      69657200 
 550              		.section	.text.SaveResult,"ax",%progbits
 551              		.align	2
 552              		.global	SaveResult
 553              		.code	16
 554              		.thumb_func
 555              		.type	SaveResult, %function
 556              	SaveResult:
 557              	.LFB68:
 166:.\main.c      **** 
 167:.\main.c      **** uint32_t SaveResult(void)
 168:.\main.c      **** {
 558              		.loc 1 168 0
 559              		.cfi_startproc
 560 0000 90B5     		push	{r4, r7, lr}
 561              		.cfi_def_cfa_offset 12
 562              		.cfi_offset 4, -12
 563              		.cfi_offset 7, -8
 564              		.cfi_offset 14, -4
 565 0002 87B0     		sub	sp, sp, #28
 566              		.cfi_def_cfa_offset 40
 567 0004 00AF     		add	r7, sp, #0
 568              		.cfi_def_cfa_register 7
 169:.\main.c      ****     uint32_t result;
 170:.\main.c      ****     uint64_t startUnixTime;
 171:.\main.c      ****     uint32_t startRecentMs;
 172:.\main.c      ****     
 173:.\main.c      ****     LedBlink(FREQ_INIT_BLINK);
 569              		.loc 1 173 0
 570 0006 0A20     		mov	r0, #10
 571 0008 FFF7FEFF 		bl	LedBlink
 174:.\main.c      ****     DisplayPrintf("Save result");
 572              		.loc 1 174 0
 573 000c 134B     		ldr	r3, .L45
 574 000e 181C     		mov	r0, r3
 575 0010 FFF7FEFF 		bl	DisplayPrintf
 175:.\main.c      ****     MyDelay(TIMEOUT_USER_READ_INFO);
 576              		.loc 1 175 0
 577 0014 FA23     		mov	r3, #250
 578 0016 5B00     		lsl	r3, r3, #1
 579 0018 181C     		mov	r0, r3
 580 001a FFF7FEFF 		bl	MyDelay
 176:.\main.c      ****     
 177:.\main.c      ****     GetStartTime(&startUnixTime, &startRecentMs);
 581              		.loc 1 177 0
 582 001e 0823     		mov	r3, #8
 583 0020 FA18     		add	r2, r7, r3
 584 0022 3B1D     		add	r3, r7, #4
 585 0024 101C     		mov	r0, r2
 586 0026 191C     		mov	r1, r3
 587 0028 FFF7FEFF 		bl	GetStartTime
 178:.\main.c      ****     SendSkierStart(startUnixTime, startRecentMs);
 588              		.loc 1 178 0
ARM GAS  C:\Users\Petro\AppData\Local\Temp\cc1noEVA.s 			page 15


 589 002c BB68     		ldr	r3, [r7, #8]
 590 002e FC68     		ldr	r4, [r7, #12]
 591 0030 7A68     		ldr	r2, [r7, #4]
 592 0032 181C     		mov	r0, r3
 593 0034 211C     		mov	r1, r4
 594 0036 FFF7FEFF 		bl	SendSkierStart
 179:.\main.c      ****     
 180:.\main.c      ****     DisplayPrintf("Wait next skier");
 595              		.loc 1 180 0
 596 003a 094B     		ldr	r3, .L45+4
 597 003c 181C     		mov	r0, r3
 598 003e FFF7FEFF 		bl	DisplayPrintf
 181:.\main.c      ****     MyDelay(TIMEOUT_NEXT_SKIER);
 599              		.loc 1 181 0
 600 0042 FA23     		mov	r3, #250
 601 0044 DB00     		lsl	r3, r3, #3
 602 0046 181C     		mov	r0, r3
 603 0048 FFF7FEFF 		bl	MyDelay
 182:.\main.c      ****     
 183:.\main.c      ****     result = NO_ERROR;
 604              		.loc 1 183 0
 605 004c 0123     		mov	r3, #1
 606 004e 7B61     		str	r3, [r7, #20]
 184:.\main.c      ****     
 185:.\main.c      ****     return result;
 607              		.loc 1 185 0
 608 0050 7B69     		ldr	r3, [r7, #20]
 186:.\main.c      ****     
 187:.\main.c      **** }
 609              		.loc 1 187 0
 610 0052 181C     		mov	r0, r3
 611 0054 BD46     		mov	sp, r7
 612 0056 07B0     		add	sp, sp, #28
 613              		@ sp needed
 614 0058 90BD     		pop	{r4, r7, pc}
 615              	.L46:
 616 005a C046     		.align	2
 617              	.L45:
 618 005c 88000000 		.word	.LC19
 619 0060 94000000 		.word	.LC21
 620              		.cfi_endproc
 621              	.LFE68:
 622              		.size	SaveResult, .-SaveResult
 623              		.text
 624              	.Letext0:
 625              		.file 2 "c:\\program files (x86)\\cypress\\psoc creator\\3.3\\psoc creator\\import\\gnu\\arm\\4.9.
 626              		.file 3 "c:\\program files (x86)\\cypress\\psoc creator\\3.3\\psoc creator\\import\\gnu\\arm\\4.9.
 627              		.file 4 ".\\lib_Network\\network.h"
 628              		.file 5 ".\\appGlobal.h"
 629              		.file 6 ".\\lib_Display\\display.h"
 630              		.file 7 ".\\lib_Gate\\gate.h"
 631              		.file 8 ".\\lib_MyDelay\\myDelay.h"
 632              		.file 9 "./lib_Network\\svt.h"
 633              		.file 10 "./lib_Network\\ntp.h"
 634              		.section	.debug_info,"",%progbits
 635              	.Ldebug_info0:
 636 0000 60040000 		.4byte	0x460
ARM GAS  C:\Users\Petro\AppData\Local\Temp\cc1noEVA.s 			page 16


 637 0004 0400     		.2byte	0x4
 638 0006 00000000 		.4byte	.Ldebug_abbrev0
 639 000a 04       		.byte	0x4
 640 000b 01       		.uleb128 0x1
 641 000c 02020000 		.4byte	.LASF70
 642 0010 01       		.byte	0x1
 643 0011 F3010000 		.4byte	.LASF71
 644 0015 D0020000 		.4byte	.LASF72
 645 0019 00000000 		.4byte	.Ldebug_ranges0+0
 646 001d 00000000 		.4byte	0
 647 0021 00000000 		.4byte	.Ldebug_line0
 648 0025 02       		.uleb128 0x2
 649 0026 01       		.byte	0x1
 650 0027 06       		.byte	0x6
 651 0028 5D010000 		.4byte	.LASF0
 652 002c 03       		.uleb128 0x3
 653 002d 0F010000 		.4byte	.LASF3
 654 0031 02       		.byte	0x2
 655 0032 1D       		.byte	0x1d
 656 0033 37000000 		.4byte	0x37
 657 0037 02       		.uleb128 0x2
 658 0038 01       		.byte	0x1
 659 0039 08       		.byte	0x8
 660 003a 2A010000 		.4byte	.LASF1
 661 003e 02       		.uleb128 0x2
 662 003f 02       		.byte	0x2
 663 0040 05       		.byte	0x5
 664 0041 97000000 		.4byte	.LASF2
 665 0045 03       		.uleb128 0x3
 666 0046 8C000000 		.4byte	.LASF4
 667 004a 02       		.byte	0x2
 668 004b 2B       		.byte	0x2b
 669 004c 50000000 		.4byte	0x50
 670 0050 02       		.uleb128 0x2
 671 0051 02       		.byte	0x2
 672 0052 07       		.byte	0x7
 673 0053 30030000 		.4byte	.LASF5
 674 0057 02       		.uleb128 0x2
 675 0058 04       		.byte	0x4
 676 0059 05       		.byte	0x5
 677 005a F2000000 		.4byte	.LASF6
 678 005e 03       		.uleb128 0x3
 679 005f 71000000 		.4byte	.LASF7
 680 0063 02       		.byte	0x2
 681 0064 41       		.byte	0x41
 682 0065 69000000 		.4byte	0x69
 683 0069 02       		.uleb128 0x2
 684 006a 04       		.byte	0x4
 685 006b 07       		.byte	0x7
 686 006c 51030000 		.4byte	.LASF8
 687 0070 02       		.uleb128 0x2
 688 0071 08       		.byte	0x8
 689 0072 05       		.byte	0x5
 690 0073 D9000000 		.4byte	.LASF9
 691 0077 03       		.uleb128 0x3
 692 0078 C5020000 		.4byte	.LASF10
 693 007c 02       		.byte	0x2
ARM GAS  C:\Users\Petro\AppData\Local\Temp\cc1noEVA.s 			page 17


 694 007d 5B       		.byte	0x5b
 695 007e 82000000 		.4byte	0x82
 696 0082 02       		.uleb128 0x2
 697 0083 08       		.byte	0x8
 698 0084 07       		.byte	0x7
 699 0085 69010000 		.4byte	.LASF11
 700 0089 04       		.uleb128 0x4
 701 008a 04       		.byte	0x4
 702 008b 05       		.byte	0x5
 703 008c 696E7400 		.ascii	"int\000"
 704 0090 02       		.uleb128 0x2
 705 0091 04       		.byte	0x4
 706 0092 07       		.byte	0x7
 707 0093 89010000 		.4byte	.LASF12
 708 0097 03       		.uleb128 0x3
 709 0098 AC000000 		.4byte	.LASF13
 710 009c 03       		.byte	0x3
 711 009d 15       		.byte	0x15
 712 009e 2C000000 		.4byte	0x2c
 713 00a2 03       		.uleb128 0x3
 714 00a3 E0010000 		.4byte	.LASF14
 715 00a7 03       		.byte	0x3
 716 00a8 21       		.byte	0x21
 717 00a9 45000000 		.4byte	0x45
 718 00ad 03       		.uleb128 0x3
 719 00ae 80010000 		.4byte	.LASF15
 720 00b2 03       		.byte	0x3
 721 00b3 2D       		.byte	0x2d
 722 00b4 5E000000 		.4byte	0x5e
 723 00b8 03       		.uleb128 0x3
 724 00b9 34000000 		.4byte	.LASF16
 725 00bd 03       		.byte	0x3
 726 00be 39       		.byte	0x39
 727 00bf 77000000 		.4byte	0x77
 728 00c3 02       		.uleb128 0x2
 729 00c4 04       		.byte	0x4
 730 00c5 04       		.byte	0x4
 731 00c6 C7000000 		.4byte	.LASF17
 732 00ca 02       		.uleb128 0x2
 733 00cb 08       		.byte	0x8
 734 00cc 04       		.byte	0x4
 735 00cd 63030000 		.4byte	.LASF18
 736 00d1 02       		.uleb128 0x2
 737 00d2 01       		.byte	0x1
 738 00d3 08       		.byte	0x8
 739 00d4 DB010000 		.4byte	.LASF19
 740 00d8 02       		.uleb128 0x2
 741 00d9 04       		.byte	0x4
 742 00da 07       		.byte	0x7
 743 00db 4E000000 		.4byte	.LASF20
 744 00df 05       		.uleb128 0x5
 745 00e0 18       		.byte	0x18
 746 00e1 04       		.byte	0x4
 747 00e2 49       		.byte	0x49
 748 00e3 3C010000 		.4byte	0x13c
 749 00e7 06       		.uleb128 0x6
 750 00e8 BF010000 		.4byte	.LASF21
ARM GAS  C:\Users\Petro\AppData\Local\Temp\cc1noEVA.s 			page 18


 751 00ec 04       		.byte	0x4
 752 00ed 4B       		.byte	0x4b
 753 00ee 97000000 		.4byte	0x97
 754 00f2 00       		.byte	0
 755 00f3 06       		.uleb128 0x6
 756 00f4 FC010000 		.4byte	.LASF22
 757 00f8 04       		.byte	0x4
 758 00f9 4C       		.byte	0x4c
 759 00fa 97000000 		.4byte	0x97
 760 00fe 01       		.byte	0x1
 761 00ff 06       		.uleb128 0x6
 762 0100 47000000 		.4byte	.LASF23
 763 0104 04       		.byte	0x4
 764 0105 4D       		.byte	0x4d
 765 0106 97000000 		.4byte	0x97
 766 010a 02       		.byte	0x2
 767 010b 06       		.uleb128 0x6
 768 010c E1030000 		.4byte	.LASF24
 769 0110 04       		.byte	0x4
 770 0111 4E       		.byte	0x4e
 771 0112 97000000 		.4byte	0x97
 772 0116 03       		.byte	0x3
 773 0117 06       		.uleb128 0x6
 774 0118 D3010000 		.4byte	.LASF25
 775 011c 04       		.byte	0x4
 776 011d 4F       		.byte	0x4f
 777 011e B8000000 		.4byte	0xb8
 778 0122 08       		.byte	0x8
 779 0123 06       		.uleb128 0x6
 780 0124 20010000 		.4byte	.LASF26
 781 0128 04       		.byte	0x4
 782 0129 50       		.byte	0x50
 783 012a A2000000 		.4byte	0xa2
 784 012e 10       		.byte	0x10
 785 012f 06       		.uleb128 0x6
 786 0130 C8010000 		.4byte	.LASF27
 787 0134 04       		.byte	0x4
 788 0135 51       		.byte	0x51
 789 0136 97000000 		.4byte	0x97
 790 013a 12       		.byte	0x12
 791 013b 00       		.byte	0
 792 013c 03       		.uleb128 0x3
 793 013d E7000000 		.4byte	.LASF28
 794 0141 04       		.byte	0x4
 795 0142 52       		.byte	0x52
 796 0143 DF000000 		.4byte	0xdf
 797 0147 05       		.uleb128 0x5
 798 0148 18       		.byte	0x18
 799 0149 04       		.byte	0x4
 800 014a 54       		.byte	0x54
 801 014b 98010000 		.4byte	0x198
 802 014f 06       		.uleb128 0x6
 803 0150 BF010000 		.4byte	.LASF21
 804 0154 04       		.byte	0x4
 805 0155 56       		.byte	0x56
 806 0156 97000000 		.4byte	0x97
 807 015a 00       		.byte	0
ARM GAS  C:\Users\Petro\AppData\Local\Temp\cc1noEVA.s 			page 19


 808 015b 06       		.uleb128 0x6
 809 015c 26000000 		.4byte	.LASF29
 810 0160 04       		.byte	0x4
 811 0161 57       		.byte	0x57
 812 0162 B8000000 		.4byte	0xb8
 813 0166 08       		.byte	0x8
 814 0167 06       		.uleb128 0x6
 815 0168 60000000 		.4byte	.LASF30
 816 016c 04       		.byte	0x4
 817 016d 58       		.byte	0x58
 818 016e A2000000 		.4byte	0xa2
 819 0172 10       		.byte	0x10
 820 0173 06       		.uleb128 0x6
 821 0174 1D000000 		.4byte	.LASF31
 822 0178 04       		.byte	0x4
 823 0179 59       		.byte	0x59
 824 017a 97000000 		.4byte	0x97
 825 017e 12       		.byte	0x12
 826 017f 06       		.uleb128 0x6
 827 0180 03010000 		.4byte	.LASF32
 828 0184 04       		.byte	0x4
 829 0185 5A       		.byte	0x5a
 830 0186 97000000 		.4byte	0x97
 831 018a 13       		.byte	0x13
 832 018b 06       		.uleb128 0x6
 833 018c 47000000 		.4byte	.LASF23
 834 0190 04       		.byte	0x4
 835 0191 5B       		.byte	0x5b
 836 0192 97000000 		.4byte	0x97
 837 0196 14       		.byte	0x14
 838 0197 00       		.byte	0
 839 0198 03       		.uleb128 0x3
 840 0199 BD000000 		.4byte	.LASF33
 841 019d 04       		.byte	0x4
 842 019e 5C       		.byte	0x5c
 843 019f 47010000 		.4byte	0x147
 844 01a3 07       		.uleb128 0x7
 845 01a4 01       		.byte	0x1
 846 01a5 05       		.byte	0x5
 847 01a6 12       		.byte	0x12
 848 01a7 CA010000 		.4byte	0x1ca
 849 01ab 08       		.uleb128 0x8
 850 01ac 9D020000 		.4byte	.LASF34
 851 01b0 00       		.sleb128 0
 852 01b1 08       		.uleb128 0x8
 853 01b2 E9010000 		.4byte	.LASF35
 854 01b6 01       		.sleb128 1
 855 01b7 08       		.uleb128 0x8
 856 01b8 00000000 		.4byte	.LASF36
 857 01bc 02       		.sleb128 2
 858 01bd 08       		.uleb128 0x8
 859 01be 81000000 		.4byte	.LASF37
 860 01c2 03       		.sleb128 3
 861 01c3 08       		.uleb128 0x8
 862 01c4 51010000 		.4byte	.LASF38
 863 01c8 04       		.sleb128 4
 864 01c9 00       		.byte	0
ARM GAS  C:\Users\Petro\AppData\Local\Temp\cc1noEVA.s 			page 20


 865 01ca 03       		.uleb128 0x3
 866 01cb 82030000 		.4byte	.LASF39
 867 01cf 05       		.byte	0x5
 868 01d0 12       		.byte	0x12
 869 01d1 A3010000 		.4byte	0x1a3
 870 01d5 09       		.uleb128 0x9
 871 01d6 6C000000 		.4byte	.LASF73
 872 01da 01       		.byte	0x1
 873 01db 03       		.byte	0x3
 874 01dc 89000000 		.4byte	0x89
 875 01e0 00000000 		.4byte	.LFB63
 876 01e4 D0000000 		.4byte	.LFE63-.LFB63
 877 01e8 01       		.uleb128 0x1
 878 01e9 9C       		.byte	0x9c
 879 01ea 0A       		.uleb128 0xa
 880 01eb B4010000 		.4byte	.LASF74
 881 01ef 01       		.byte	0x1
 882 01f0 44       		.byte	0x44
 883 01f1 AD000000 		.4byte	0xad
 884 01f5 00000000 		.4byte	.LFB64
 885 01f9 38000000 		.4byte	.LFE64-.LFB64
 886 01fd 01       		.uleb128 0x1
 887 01fe 9C       		.byte	0x9c
 888 01ff 0B       		.uleb128 0xb
 889 0200 B8030000 		.4byte	.LASF40
 890 0204 01       		.byte	0x1
 891 0205 54       		.byte	0x54
 892 0206 AD000000 		.4byte	0xad
 893 020a 00000000 		.4byte	.LFB65
 894 020e 8C000000 		.4byte	.LFE65-.LFB65
 895 0212 01       		.uleb128 0x1
 896 0213 9C       		.byte	0x9c
 897 0214 27020000 		.4byte	0x227
 898 0218 0C       		.uleb128 0xc
 899 0219 0F000000 		.4byte	.LASF42
 900 021d 01       		.byte	0x1
 901 021e 56       		.byte	0x56
 902 021f AD000000 		.4byte	0xad
 903 0223 02       		.uleb128 0x2
 904 0224 91       		.byte	0x91
 905 0225 74       		.sleb128 -12
 906 0226 00       		.byte	0
 907 0227 0B       		.uleb128 0xb
 908 0228 8C030000 		.4byte	.LASF41
 909 022c 01       		.byte	0x1
 910 022d 75       		.byte	0x75
 911 022e AD000000 		.4byte	0xad
 912 0232 00000000 		.4byte	.LFB66
 913 0236 60000000 		.4byte	.LFE66-.LFB66
 914 023a 01       		.uleb128 0x1
 915 023b 9C       		.byte	0x9c
 916 023c 4F020000 		.4byte	0x24f
 917 0240 0C       		.uleb128 0xc
 918 0241 0F000000 		.4byte	.LASF42
 919 0245 01       		.byte	0x1
 920 0246 77       		.byte	0x77
 921 0247 AD000000 		.4byte	0xad
ARM GAS  C:\Users\Petro\AppData\Local\Temp\cc1noEVA.s 			page 21


 922 024b 02       		.uleb128 0x2
 923 024c 91       		.byte	0x91
 924 024d 74       		.sleb128 -12
 925 024e 00       		.byte	0
 926 024f 0B       		.uleb128 0xb
 927 0250 D7030000 		.4byte	.LASF43
 928 0254 01       		.byte	0x1
 929 0255 90       		.byte	0x90
 930 0256 AD000000 		.4byte	0xad
 931 025a 00000000 		.4byte	.LFB67
 932 025e 54000000 		.4byte	.LFE67-.LFB67
 933 0262 01       		.uleb128 0x1
 934 0263 9C       		.byte	0x9c
 935 0264 77020000 		.4byte	0x277
 936 0268 0C       		.uleb128 0xc
 937 0269 0F000000 		.4byte	.LASF42
 938 026d 01       		.byte	0x1
 939 026e 92       		.byte	0x92
 940 026f AD000000 		.4byte	0xad
 941 0273 02       		.uleb128 0x2
 942 0274 91       		.byte	0x91
 943 0275 74       		.sleb128 -12
 944 0276 00       		.byte	0
 945 0277 0B       		.uleb128 0xb
 946 0278 A2030000 		.4byte	.LASF44
 947 027c 01       		.byte	0x1
 948 027d A7       		.byte	0xa7
 949 027e AD000000 		.4byte	0xad
 950 0282 00000000 		.4byte	.LFB68
 951 0286 64000000 		.4byte	.LFE68-.LFB68
 952 028a 01       		.uleb128 0x1
 953 028b 9C       		.byte	0x9c
 954 028c BB020000 		.4byte	0x2bb
 955 0290 0C       		.uleb128 0xc
 956 0291 0F000000 		.4byte	.LASF42
 957 0295 01       		.byte	0x1
 958 0296 A9       		.byte	0xa9
 959 0297 AD000000 		.4byte	0xad
 960 029b 02       		.uleb128 0x2
 961 029c 91       		.byte	0x91
 962 029d 6C       		.sleb128 -20
 963 029e 0C       		.uleb128 0xc
 964 029f 43030000 		.4byte	.LASF45
 965 02a3 01       		.byte	0x1
 966 02a4 AA       		.byte	0xaa
 967 02a5 B8000000 		.4byte	0xb8
 968 02a9 02       		.uleb128 0x2
 969 02aa 91       		.byte	0x91
 970 02ab 60       		.sleb128 -32
 971 02ac 0C       		.uleb128 0xc
 972 02ad B7020000 		.4byte	.LASF46
 973 02b1 01       		.byte	0x1
 974 02b2 AB       		.byte	0xab
 975 02b3 AD000000 		.4byte	0xad
 976 02b7 02       		.uleb128 0x2
 977 02b8 91       		.byte	0x91
 978 02b9 5C       		.sleb128 -36
ARM GAS  C:\Users\Petro\AppData\Local\Temp\cc1noEVA.s 			page 22


 979 02ba 00       		.byte	0
 980 02bb 0D       		.uleb128 0xd
 981 02bc D1000000 		.4byte	0xd1
 982 02c0 CB020000 		.4byte	0x2cb
 983 02c4 0E       		.uleb128 0xe
 984 02c5 D8000000 		.4byte	0xd8
 985 02c9 63       		.byte	0x63
 986 02ca 00       		.byte	0
 987 02cb 0C       		.uleb128 0xc
 988 02cc 7C000000 		.4byte	.LASF47
 989 02d0 06       		.byte	0x6
 990 02d1 10       		.byte	0x10
 991 02d2 BB020000 		.4byte	0x2bb
 992 02d6 05       		.uleb128 0x5
 993 02d7 03       		.byte	0x3
 994 02d8 00000000 		.4byte	buff
 995 02dc 0C       		.uleb128 0xc
 996 02dd 6A030000 		.4byte	.LASF48
 997 02e1 04       		.byte	0x4
 998 02e2 63       		.byte	0x63
 999 02e3 AD000000 		.4byte	0xad
 1000 02e7 05       		.uleb128 0x5
 1001 02e8 03       		.byte	0x3
 1002 02e9 64000000 		.4byte	networkStatus
 1003 02ed 0C       		.uleb128 0xc
 1004 02ee 3D000000 		.4byte	.LASF49
 1005 02f2 04       		.byte	0x4
 1006 02f3 64       		.byte	0x64
 1007 02f4 89000000 		.4byte	0x89
 1008 02f8 05       		.uleb128 0x5
 1009 02f9 03       		.byte	0x3
 1010 02fa 68000000 		.4byte	noConnect
 1011 02fe 0C       		.uleb128 0xc
 1012 02ff A1000000 		.4byte	.LASF50
 1013 0303 04       		.byte	0x4
 1014 0304 65       		.byte	0x65
 1015 0305 89000000 		.4byte	0x89
 1016 0309 05       		.uleb128 0x5
 1017 030a 03       		.byte	0x3
 1018 030b 6C000000 		.4byte	finNoReady
 1019 030f 0C       		.uleb128 0xc
 1020 0310 A9020000 		.4byte	.LASF51
 1021 0314 07       		.byte	0x7
 1022 0315 14       		.byte	0x14
 1023 0316 B8000000 		.4byte	0xb8
 1024 031a 05       		.uleb128 0x5
 1025 031b 03       		.byte	0x3
 1026 031c 70000000 		.4byte	savedUnixTime
 1027 0320 0C       		.uleb128 0xc
 1028 0321 9D010000 		.4byte	.LASF52
 1029 0325 07       		.byte	0x7
 1030 0326 15       		.byte	0x15
 1031 0327 AD000000 		.4byte	0xad
 1032 032b 05       		.uleb128 0x5
 1033 032c 03       		.byte	0x3
 1034 032d 78000000 		.4byte	savedRecentMs
 1035 0331 0C       		.uleb128 0xc
ARM GAS  C:\Users\Petro\AppData\Local\Temp\cc1noEVA.s 			page 23


 1036 0332 B4000000 		.4byte	.LASF53
 1037 0336 07       		.byte	0x7
 1038 0337 16       		.byte	0x16
 1039 0338 AD000000 		.4byte	0xad
 1040 033c 05       		.uleb128 0x5
 1041 033d 03       		.byte	0x3
 1042 033e 7C000000 		.4byte	gateOpen
 1043 0342 0C       		.uleb128 0xc
 1044 0343 C8030000 		.4byte	.LASF54
 1045 0347 08       		.byte	0x8
 1046 0348 0D       		.byte	0xd
 1047 0349 A2000000 		.4byte	0xa2
 1048 034d 05       		.uleb128 0x5
 1049 034e 03       		.byte	0x3
 1050 034f 80000000 		.4byte	writeFlag
 1051 0353 0C       		.uleb128 0xc
 1052 0354 0F000000 		.4byte	.LASF42
 1053 0358 05       		.byte	0x5
 1054 0359 15       		.byte	0x15
 1055 035a AD000000 		.4byte	0xad
 1056 035e 05       		.uleb128 0x5
 1057 035f 03       		.byte	0x3
 1058 0360 84000000 		.4byte	result
 1059 0364 0F       		.uleb128 0xf
 1060 0365 CD000000 		.4byte	.LASF55
 1061 0369 09       		.byte	0x9
 1062 036a 4C       		.byte	0x4c
 1063 036b 97000000 		.4byte	0x97
 1064 036f 05       		.uleb128 0x5
 1065 0370 03       		.byte	0x3
 1066 0371 00000000 		.4byte	PROTO_STATE
 1067 0375 0F       		.uleb128 0xf
 1068 0376 38010000 		.4byte	.LASF56
 1069 037a 09       		.byte	0x9
 1070 037b 4C       		.byte	0x4c
 1071 037c 97000000 		.4byte	0x97
 1072 0380 05       		.uleb128 0x5
 1073 0381 03       		.byte	0x3
 1074 0382 00000000 		.4byte	LenD1
 1075 0386 0F       		.uleb128 0xf
 1076 0387 9C030000 		.4byte	.LASF57
 1077 038b 09       		.byte	0x9
 1078 038c 4C       		.byte	0x4c
 1079 038d 97000000 		.4byte	0x97
 1080 0391 05       		.uleb128 0x5
 1081 0392 03       		.byte	0x3
 1082 0393 00000000 		.4byte	LenD2
 1083 0397 0F       		.uleb128 0xf
 1084 0398 4B010000 		.4byte	.LASF58
 1085 039c 09       		.byte	0x9
 1086 039d 4C       		.byte	0x4c
 1087 039e 97000000 		.4byte	0x97
 1088 03a2 05       		.uleb128 0x5
 1089 03a3 03       		.byte	0x3
 1090 03a4 00000000 		.4byte	LenD3
 1091 03a8 0F       		.uleb128 0xf
 1092 03a9 16000000 		.4byte	.LASF59
ARM GAS  C:\Users\Petro\AppData\Local\Temp\cc1noEVA.s 			page 24


 1093 03ad 09       		.byte	0x9
 1094 03ae 4C       		.byte	0x4c
 1095 03af 97000000 		.4byte	0x97
 1096 03b3 05       		.uleb128 0x5
 1097 03b4 03       		.byte	0x3
 1098 03b5 00000000 		.4byte	LenSeq
 1099 03b9 0F       		.uleb128 0xf
 1100 03ba 96010000 		.4byte	.LASF60
 1101 03be 09       		.byte	0x9
 1102 03bf 4C       		.byte	0x4c
 1103 03c0 97000000 		.4byte	0x97
 1104 03c4 05       		.uleb128 0x5
 1105 03c5 03       		.byte	0x3
 1106 03c6 00000000 		.4byte	LenChS
 1107 03ca 0F       		.uleb128 0xf
 1108 03cb D2030000 		.4byte	.LASF61
 1109 03cf 09       		.byte	0x9
 1110 03d0 4C       		.byte	0x4c
 1111 03d1 97000000 		.4byte	0x97
 1112 03d5 05       		.uleb128 0x5
 1113 03d6 03       		.byte	0x3
 1114 03d7 00000000 		.4byte	LenC
 1115 03db 0F       		.uleb128 0xf
 1116 03dc AB010000 		.4byte	.LASF62
 1117 03e0 0A       		.byte	0xa
 1118 03e1 36       		.byte	0x36
 1119 03e2 97000000 		.4byte	0x97
 1120 03e6 05       		.uleb128 0x5
 1121 03e7 03       		.byte	0x3
 1122 03e8 00000000 		.4byte	NtpLenD1
 1123 03ec 0F       		.uleb128 0xf
 1124 03ed AD030000 		.4byte	.LASF63
 1125 03f1 0A       		.byte	0xa
 1126 03f2 36       		.byte	0x36
 1127 03f3 97000000 		.4byte	0x97
 1128 03f7 05       		.uleb128 0x5
 1129 03f8 03       		.byte	0x3
 1130 03f9 00000000 		.4byte	NtpLenMsD1
 1131 03fd 0F       		.uleb128 0xf
 1132 03fe 57000000 		.4byte	.LASF64
 1133 0402 0A       		.byte	0xa
 1134 0403 36       		.byte	0x36
 1135 0404 97000000 		.4byte	0x97
 1136 0408 05       		.uleb128 0x5
 1137 0409 03       		.byte	0x3
 1138 040a 00000000 		.4byte	NtpLenId
 1139 040e 0F       		.uleb128 0xf
 1140 040f 78030000 		.4byte	.LASF65
 1141 0413 0A       		.byte	0xa
 1142 0414 36       		.byte	0x36
 1143 0415 97000000 		.4byte	0x97
 1144 0419 05       		.uleb128 0x5
 1145 041a 03       		.byte	0x3
 1146 041b 00000000 		.4byte	NtpLenChS
 1147 041f 0F       		.uleb128 0xf
 1148 0420 19010000 		.4byte	.LASF66
 1149 0424 04       		.byte	0x4
ARM GAS  C:\Users\Petro\AppData\Local\Temp\cc1noEVA.s 			page 25


 1150 0425 5E       		.byte	0x5e
 1151 0426 3C010000 		.4byte	0x13c
 1152 042a 05       		.uleb128 0x5
 1153 042b 03       		.byte	0x3
 1154 042c 00000000 		.4byte	inData
 1155 0430 0F       		.uleb128 0xf
 1156 0431 FB000000 		.4byte	.LASF67
 1157 0435 04       		.byte	0x4
 1158 0436 5F       		.byte	0x5f
 1159 0437 98010000 		.4byte	0x198
 1160 043b 05       		.uleb128 0x5
 1161 043c 03       		.byte	0x3
 1162 043d 00000000 		.4byte	outData
 1163 0441 0F       		.uleb128 0xf
 1164 0442 3E010000 		.4byte	.LASF68
 1165 0446 04       		.byte	0x4
 1166 0447 61       		.byte	0x61
 1167 0448 BB020000 		.4byte	0x2bb
 1168 044c 05       		.uleb128 0x5
 1169 044d 03       		.byte	0x3
 1170 044e 00000000 		.4byte	previousData
 1171 0452 0F       		.uleb128 0xf
 1172 0453 90020000 		.4byte	.LASF69
 1173 0457 05       		.byte	0x5
 1174 0458 13       		.byte	0x13
 1175 0459 CA010000 		.4byte	0x1ca
 1176 045d 05       		.uleb128 0x5
 1177 045e 03       		.byte	0x3
 1178 045f 00000000 		.4byte	currentState
 1179 0463 00       		.byte	0
 1180              		.section	.debug_abbrev,"",%progbits
 1181              	.Ldebug_abbrev0:
 1182 0000 01       		.uleb128 0x1
 1183 0001 11       		.uleb128 0x11
 1184 0002 01       		.byte	0x1
 1185 0003 25       		.uleb128 0x25
 1186 0004 0E       		.uleb128 0xe
 1187 0005 13       		.uleb128 0x13
 1188 0006 0B       		.uleb128 0xb
 1189 0007 03       		.uleb128 0x3
 1190 0008 0E       		.uleb128 0xe
 1191 0009 1B       		.uleb128 0x1b
 1192 000a 0E       		.uleb128 0xe
 1193 000b 55       		.uleb128 0x55
 1194 000c 17       		.uleb128 0x17
 1195 000d 11       		.uleb128 0x11
 1196 000e 01       		.uleb128 0x1
 1197 000f 10       		.uleb128 0x10
 1198 0010 17       		.uleb128 0x17
 1199 0011 00       		.byte	0
 1200 0012 00       		.byte	0
 1201 0013 02       		.uleb128 0x2
 1202 0014 24       		.uleb128 0x24
 1203 0015 00       		.byte	0
 1204 0016 0B       		.uleb128 0xb
 1205 0017 0B       		.uleb128 0xb
 1206 0018 3E       		.uleb128 0x3e
ARM GAS  C:\Users\Petro\AppData\Local\Temp\cc1noEVA.s 			page 26


 1207 0019 0B       		.uleb128 0xb
 1208 001a 03       		.uleb128 0x3
 1209 001b 0E       		.uleb128 0xe
 1210 001c 00       		.byte	0
 1211 001d 00       		.byte	0
 1212 001e 03       		.uleb128 0x3
 1213 001f 16       		.uleb128 0x16
 1214 0020 00       		.byte	0
 1215 0021 03       		.uleb128 0x3
 1216 0022 0E       		.uleb128 0xe
 1217 0023 3A       		.uleb128 0x3a
 1218 0024 0B       		.uleb128 0xb
 1219 0025 3B       		.uleb128 0x3b
 1220 0026 0B       		.uleb128 0xb
 1221 0027 49       		.uleb128 0x49
 1222 0028 13       		.uleb128 0x13
 1223 0029 00       		.byte	0
 1224 002a 00       		.byte	0
 1225 002b 04       		.uleb128 0x4
 1226 002c 24       		.uleb128 0x24
 1227 002d 00       		.byte	0
 1228 002e 0B       		.uleb128 0xb
 1229 002f 0B       		.uleb128 0xb
 1230 0030 3E       		.uleb128 0x3e
 1231 0031 0B       		.uleb128 0xb
 1232 0032 03       		.uleb128 0x3
 1233 0033 08       		.uleb128 0x8
 1234 0034 00       		.byte	0
 1235 0035 00       		.byte	0
 1236 0036 05       		.uleb128 0x5
 1237 0037 13       		.uleb128 0x13
 1238 0038 01       		.byte	0x1
 1239 0039 0B       		.uleb128 0xb
 1240 003a 0B       		.uleb128 0xb
 1241 003b 3A       		.uleb128 0x3a
 1242 003c 0B       		.uleb128 0xb
 1243 003d 3B       		.uleb128 0x3b
 1244 003e 0B       		.uleb128 0xb
 1245 003f 01       		.uleb128 0x1
 1246 0040 13       		.uleb128 0x13
 1247 0041 00       		.byte	0
 1248 0042 00       		.byte	0
 1249 0043 06       		.uleb128 0x6
 1250 0044 0D       		.uleb128 0xd
 1251 0045 00       		.byte	0
 1252 0046 03       		.uleb128 0x3
 1253 0047 0E       		.uleb128 0xe
 1254 0048 3A       		.uleb128 0x3a
 1255 0049 0B       		.uleb128 0xb
 1256 004a 3B       		.uleb128 0x3b
 1257 004b 0B       		.uleb128 0xb
 1258 004c 49       		.uleb128 0x49
 1259 004d 13       		.uleb128 0x13
 1260 004e 38       		.uleb128 0x38
 1261 004f 0B       		.uleb128 0xb
 1262 0050 00       		.byte	0
 1263 0051 00       		.byte	0
ARM GAS  C:\Users\Petro\AppData\Local\Temp\cc1noEVA.s 			page 27


 1264 0052 07       		.uleb128 0x7
 1265 0053 04       		.uleb128 0x4
 1266 0054 01       		.byte	0x1
 1267 0055 0B       		.uleb128 0xb
 1268 0056 0B       		.uleb128 0xb
 1269 0057 3A       		.uleb128 0x3a
 1270 0058 0B       		.uleb128 0xb
 1271 0059 3B       		.uleb128 0x3b
 1272 005a 0B       		.uleb128 0xb
 1273 005b 01       		.uleb128 0x1
 1274 005c 13       		.uleb128 0x13
 1275 005d 00       		.byte	0
 1276 005e 00       		.byte	0
 1277 005f 08       		.uleb128 0x8
 1278 0060 28       		.uleb128 0x28
 1279 0061 00       		.byte	0
 1280 0062 03       		.uleb128 0x3
 1281 0063 0E       		.uleb128 0xe
 1282 0064 1C       		.uleb128 0x1c
 1283 0065 0D       		.uleb128 0xd
 1284 0066 00       		.byte	0
 1285 0067 00       		.byte	0
 1286 0068 09       		.uleb128 0x9
 1287 0069 2E       		.uleb128 0x2e
 1288 006a 00       		.byte	0
 1289 006b 3F       		.uleb128 0x3f
 1290 006c 19       		.uleb128 0x19
 1291 006d 03       		.uleb128 0x3
 1292 006e 0E       		.uleb128 0xe
 1293 006f 3A       		.uleb128 0x3a
 1294 0070 0B       		.uleb128 0xb
 1295 0071 3B       		.uleb128 0x3b
 1296 0072 0B       		.uleb128 0xb
 1297 0073 49       		.uleb128 0x49
 1298 0074 13       		.uleb128 0x13
 1299 0075 11       		.uleb128 0x11
 1300 0076 01       		.uleb128 0x1
 1301 0077 12       		.uleb128 0x12
 1302 0078 06       		.uleb128 0x6
 1303 0079 40       		.uleb128 0x40
 1304 007a 18       		.uleb128 0x18
 1305 007b 9642     		.uleb128 0x2116
 1306 007d 19       		.uleb128 0x19
 1307 007e 00       		.byte	0
 1308 007f 00       		.byte	0
 1309 0080 0A       		.uleb128 0xa
 1310 0081 2E       		.uleb128 0x2e
 1311 0082 00       		.byte	0
 1312 0083 3F       		.uleb128 0x3f
 1313 0084 19       		.uleb128 0x19
 1314 0085 03       		.uleb128 0x3
 1315 0086 0E       		.uleb128 0xe
 1316 0087 3A       		.uleb128 0x3a
 1317 0088 0B       		.uleb128 0xb
 1318 0089 3B       		.uleb128 0x3b
 1319 008a 0B       		.uleb128 0xb
 1320 008b 27       		.uleb128 0x27
ARM GAS  C:\Users\Petro\AppData\Local\Temp\cc1noEVA.s 			page 28


 1321 008c 19       		.uleb128 0x19
 1322 008d 49       		.uleb128 0x49
 1323 008e 13       		.uleb128 0x13
 1324 008f 11       		.uleb128 0x11
 1325 0090 01       		.uleb128 0x1
 1326 0091 12       		.uleb128 0x12
 1327 0092 06       		.uleb128 0x6
 1328 0093 40       		.uleb128 0x40
 1329 0094 18       		.uleb128 0x18
 1330 0095 9642     		.uleb128 0x2116
 1331 0097 19       		.uleb128 0x19
 1332 0098 00       		.byte	0
 1333 0099 00       		.byte	0
 1334 009a 0B       		.uleb128 0xb
 1335 009b 2E       		.uleb128 0x2e
 1336 009c 01       		.byte	0x1
 1337 009d 3F       		.uleb128 0x3f
 1338 009e 19       		.uleb128 0x19
 1339 009f 03       		.uleb128 0x3
 1340 00a0 0E       		.uleb128 0xe
 1341 00a1 3A       		.uleb128 0x3a
 1342 00a2 0B       		.uleb128 0xb
 1343 00a3 3B       		.uleb128 0x3b
 1344 00a4 0B       		.uleb128 0xb
 1345 00a5 27       		.uleb128 0x27
 1346 00a6 19       		.uleb128 0x19
 1347 00a7 49       		.uleb128 0x49
 1348 00a8 13       		.uleb128 0x13
 1349 00a9 11       		.uleb128 0x11
 1350 00aa 01       		.uleb128 0x1
 1351 00ab 12       		.uleb128 0x12
 1352 00ac 06       		.uleb128 0x6
 1353 00ad 40       		.uleb128 0x40
 1354 00ae 18       		.uleb128 0x18
 1355 00af 9642     		.uleb128 0x2116
 1356 00b1 19       		.uleb128 0x19
 1357 00b2 01       		.uleb128 0x1
 1358 00b3 13       		.uleb128 0x13
 1359 00b4 00       		.byte	0
 1360 00b5 00       		.byte	0
 1361 00b6 0C       		.uleb128 0xc
 1362 00b7 34       		.uleb128 0x34
 1363 00b8 00       		.byte	0
 1364 00b9 03       		.uleb128 0x3
 1365 00ba 0E       		.uleb128 0xe
 1366 00bb 3A       		.uleb128 0x3a
 1367 00bc 0B       		.uleb128 0xb
 1368 00bd 3B       		.uleb128 0x3b
 1369 00be 0B       		.uleb128 0xb
 1370 00bf 49       		.uleb128 0x49
 1371 00c0 13       		.uleb128 0x13
 1372 00c1 02       		.uleb128 0x2
 1373 00c2 18       		.uleb128 0x18
 1374 00c3 00       		.byte	0
 1375 00c4 00       		.byte	0
 1376 00c5 0D       		.uleb128 0xd
 1377 00c6 01       		.uleb128 0x1
ARM GAS  C:\Users\Petro\AppData\Local\Temp\cc1noEVA.s 			page 29


 1378 00c7 01       		.byte	0x1
 1379 00c8 49       		.uleb128 0x49
 1380 00c9 13       		.uleb128 0x13
 1381 00ca 01       		.uleb128 0x1
 1382 00cb 13       		.uleb128 0x13
 1383 00cc 00       		.byte	0
 1384 00cd 00       		.byte	0
 1385 00ce 0E       		.uleb128 0xe
 1386 00cf 21       		.uleb128 0x21
 1387 00d0 00       		.byte	0
 1388 00d1 49       		.uleb128 0x49
 1389 00d2 13       		.uleb128 0x13
 1390 00d3 2F       		.uleb128 0x2f
 1391 00d4 0B       		.uleb128 0xb
 1392 00d5 00       		.byte	0
 1393 00d6 00       		.byte	0
 1394 00d7 0F       		.uleb128 0xf
 1395 00d8 34       		.uleb128 0x34
 1396 00d9 00       		.byte	0
 1397 00da 03       		.uleb128 0x3
 1398 00db 0E       		.uleb128 0xe
 1399 00dc 3A       		.uleb128 0x3a
 1400 00dd 0B       		.uleb128 0xb
 1401 00de 3B       		.uleb128 0x3b
 1402 00df 0B       		.uleb128 0xb
 1403 00e0 49       		.uleb128 0x49
 1404 00e1 13       		.uleb128 0x13
 1405 00e2 3F       		.uleb128 0x3f
 1406 00e3 19       		.uleb128 0x19
 1407 00e4 02       		.uleb128 0x2
 1408 00e5 18       		.uleb128 0x18
 1409 00e6 00       		.byte	0
 1410 00e7 00       		.byte	0
 1411 00e8 00       		.byte	0
 1412              		.section	.debug_aranges,"",%progbits
 1413 0000 44000000 		.4byte	0x44
 1414 0004 0200     		.2byte	0x2
 1415 0006 00000000 		.4byte	.Ldebug_info0
 1416 000a 04       		.byte	0x4
 1417 000b 00       		.byte	0
 1418 000c 0000     		.2byte	0
 1419 000e 0000     		.2byte	0
 1420 0010 00000000 		.4byte	.LFB63
 1421 0014 D0000000 		.4byte	.LFE63-.LFB63
 1422 0018 00000000 		.4byte	.LFB64
 1423 001c 38000000 		.4byte	.LFE64-.LFB64
 1424 0020 00000000 		.4byte	.LFB65
 1425 0024 8C000000 		.4byte	.LFE65-.LFB65
 1426 0028 00000000 		.4byte	.LFB66
 1427 002c 60000000 		.4byte	.LFE66-.LFB66
 1428 0030 00000000 		.4byte	.LFB67
 1429 0034 54000000 		.4byte	.LFE67-.LFB67
 1430 0038 00000000 		.4byte	.LFB68
 1431 003c 64000000 		.4byte	.LFE68-.LFB68
 1432 0040 00000000 		.4byte	0
 1433 0044 00000000 		.4byte	0
 1434              		.section	.debug_ranges,"",%progbits
ARM GAS  C:\Users\Petro\AppData\Local\Temp\cc1noEVA.s 			page 30


 1435              	.Ldebug_ranges0:
 1436 0000 00000000 		.4byte	.LFB63
 1437 0004 D0000000 		.4byte	.LFE63
 1438 0008 00000000 		.4byte	.LFB64
 1439 000c 38000000 		.4byte	.LFE64
 1440 0010 00000000 		.4byte	.LFB65
 1441 0014 8C000000 		.4byte	.LFE65
 1442 0018 00000000 		.4byte	.LFB66
 1443 001c 60000000 		.4byte	.LFE66
 1444 0020 00000000 		.4byte	.LFB67
 1445 0024 54000000 		.4byte	.LFE67
 1446 0028 00000000 		.4byte	.LFB68
 1447 002c 64000000 		.4byte	.LFE68
 1448 0030 00000000 		.4byte	0
 1449 0034 00000000 		.4byte	0
 1450              		.section	.debug_line,"",%progbits
 1451              	.Ldebug_line0:
 1452 0000 64020000 		.section	.debug_str,"MS",%progbits,1
 1452      0200A001 
 1452      00000201 
 1452      FB0E0D00 
 1452      01010101 
 1453              	.LASF36:
 1454 0000 4745545F 		.ascii	"GET_FIN_STATUS\000"
 1454      46494E5F 
 1454      53544154 
 1454      555300
 1455              	.LASF42:
 1456 000f 72657375 		.ascii	"result\000"
 1456      6C7400
 1457              	.LASF59:
 1458 0016 4C656E53 		.ascii	"LenSeq\000"
 1458      657100
 1459              	.LASF31:
 1460 001d 6E657753 		.ascii	"newSkier\000"
 1460      6B696572 
 1460      00
 1461              	.LASF29:
 1462 0026 756E6978 		.ascii	"unixStartTime\000"
 1462      53746172 
 1462      7454696D 
 1462      6500
 1463              	.LASF16:
 1464 0034 75696E74 		.ascii	"uint64_t\000"
 1464      36345F74 
 1464      00
 1465              	.LASF49:
 1466 003d 6E6F436F 		.ascii	"noConnect\000"
 1466      6E6E6563 
 1466      7400
 1467              	.LASF23:
 1468 0047 7265626F 		.ascii	"reboot\000"
 1468      6F7400
 1469              	.LASF20:
 1470 004e 73697A65 		.ascii	"sizetype\000"
 1470      74797065 
 1470      00
ARM GAS  C:\Users\Petro\AppData\Local\Temp\cc1noEVA.s 			page 31


 1471              	.LASF64:
 1472 0057 4E74704C 		.ascii	"NtpLenId\000"
 1472      656E4964 
 1472      00
 1473              	.LASF30:
 1474 0060 73746172 		.ascii	"startMsTime\000"
 1474      744D7354 
 1474      696D6500 
 1475              	.LASF73:
 1476 006c 6D61696E 		.ascii	"main\000"
 1476      00
 1477              	.LASF7:
 1478 0071 5F5F7569 		.ascii	"__uint32_t\000"
 1478      6E743332 
 1478      5F7400
 1479              	.LASF47:
 1480 007c 62756666 		.ascii	"buff\000"
 1480      00
 1481              	.LASF37:
 1482 0081 43484543 		.ascii	"CHECK_GATE\000"
 1482      4B5F4741 
 1482      544500
 1483              	.LASF4:
 1484 008c 5F5F7569 		.ascii	"__uint16_t\000"
 1484      6E743136 
 1484      5F7400
 1485              	.LASF2:
 1486 0097 73686F72 		.ascii	"short int\000"
 1486      7420696E 
 1486      7400
 1487              	.LASF50:
 1488 00a1 66696E4E 		.ascii	"finNoReady\000"
 1488      6F526561 
 1488      647900
 1489              	.LASF13:
 1490 00ac 75696E74 		.ascii	"uint8_t\000"
 1490      385F7400 
 1491              	.LASF53:
 1492 00b4 67617465 		.ascii	"gateOpen\000"
 1492      4F70656E 
 1492      00
 1493              	.LASF33:
 1494 00bd 53746172 		.ascii	"StartData\000"
 1494      74446174 
 1494      6100
 1495              	.LASF17:
 1496 00c7 666C6F61 		.ascii	"float\000"
 1496      7400
 1497              	.LASF55:
 1498 00cd 50524F54 		.ascii	"PROTO_STATE\000"
 1498      4F5F5354 
 1498      41544500 
 1499              	.LASF9:
 1500 00d9 6C6F6E67 		.ascii	"long long int\000"
 1500      206C6F6E 
 1500      6720696E 
 1500      7400
ARM GAS  C:\Users\Petro\AppData\Local\Temp\cc1noEVA.s 			page 32


 1501              	.LASF28:
 1502 00e7 46696E69 		.ascii	"FinishData\000"
 1502      73684461 
 1502      746100
 1503              	.LASF6:
 1504 00f2 6C6F6E67 		.ascii	"long int\000"
 1504      20696E74 
 1504      00
 1505              	.LASF67:
 1506 00fb 6F757444 		.ascii	"outData\000"
 1506      61746100 
 1507              	.LASF32:
 1508 0103 77726974 		.ascii	"writeStatus\000"
 1508      65537461 
 1508      74757300 
 1509              	.LASF3:
 1510 010f 5F5F7569 		.ascii	"__uint8_t\000"
 1510      6E74385F 
 1510      7400
 1511              	.LASF66:
 1512 0119 696E4461 		.ascii	"inData\000"
 1512      746100
 1513              	.LASF26:
 1514 0120 746D704D 		.ascii	"tmpMsTime\000"
 1514      7354696D 
 1514      6500
 1515              	.LASF1:
 1516 012a 756E7369 		.ascii	"unsigned char\000"
 1516      676E6564 
 1516      20636861 
 1516      7200
 1517              	.LASF56:
 1518 0138 4C656E44 		.ascii	"LenD1\000"
 1518      3100
 1519              	.LASF68:
 1520 013e 70726576 		.ascii	"previousData\000"
 1520      696F7573 
 1520      44617461 
 1520      00
 1521              	.LASF58:
 1522 014b 4C656E44 		.ascii	"LenD3\000"
 1522      3300
 1523              	.LASF38:
 1524 0151 53415645 		.ascii	"SAVE_RESULT\000"
 1524      5F524553 
 1524      554C5400 
 1525              	.LASF0:
 1526 015d 7369676E 		.ascii	"signed char\000"
 1526      65642063 
 1526      68617200 
 1527              	.LASF11:
 1528 0169 6C6F6E67 		.ascii	"long long unsigned int\000"
 1528      206C6F6E 
 1528      6720756E 
 1528      7369676E 
 1528      65642069 
 1529              	.LASF15:
ARM GAS  C:\Users\Petro\AppData\Local\Temp\cc1noEVA.s 			page 33


 1530 0180 75696E74 		.ascii	"uint32_t\000"
 1530      33325F74 
 1530      00
 1531              	.LASF12:
 1532 0189 756E7369 		.ascii	"unsigned int\000"
 1532      676E6564 
 1532      20696E74 
 1532      00
 1533              	.LASF60:
 1534 0196 4C656E43 		.ascii	"LenChS\000"
 1534      685300
 1535              	.LASF52:
 1536 019d 73617665 		.ascii	"savedRecentMs\000"
 1536      64526563 
 1536      656E744D 
 1536      7300
 1537              	.LASF62:
 1538 01ab 4E74704C 		.ascii	"NtpLenD1\000"
 1538      656E4431 
 1538      00
 1539              	.LASF74:
 1540 01b4 53797374 		.ascii	"SystemInit\000"
 1540      656D496E 
 1540      697400
 1541              	.LASF21:
 1542 01bf 49447061 		.ascii	"IDpacket\000"
 1542      636B6574 
 1542      00
 1543              	.LASF27:
 1544 01c8 72656164 		.ascii	"readStatus\000"
 1544      53746174 
 1544      757300
 1545              	.LASF25:
 1546 01d3 746D7054 		.ascii	"tmpTime\000"
 1546      696D6500 
 1547              	.LASF19:
 1548 01db 63686172 		.ascii	"char\000"
 1548      00
 1549              	.LASF14:
 1550 01e0 75696E74 		.ascii	"uint16_t\000"
 1550      31365F74 
 1550      00
 1551              	.LASF35:
 1552 01e9 54494D45 		.ascii	"TIME_SYNC\000"
 1552      5F53594E 
 1552      4300
 1553              	.LASF71:
 1554 01f3 2E5C6D61 		.ascii	".\\main.c\000"
 1554      696E2E63 
 1554      00
 1555              	.LASF22:
 1556 01fc 72656164 		.ascii	"ready\000"
 1556      7900
 1557              	.LASF70:
 1558 0202 474E5520 		.ascii	"GNU C 4.9.3 20150303 (release) [ARM/embedded-4_9-br"
 1558      4320342E 
 1558      392E3320 
ARM GAS  C:\Users\Petro\AppData\Local\Temp\cc1noEVA.s 			page 34


 1558      32303135 
 1558      30333033 
 1559 0235 616E6368 		.ascii	"anch revision 221220] -mcpu=cortex-m0 -mthumb -g -O"
 1559      20726576 
 1559      6973696F 
 1559      6E203232 
 1559      31323230 
 1560 0268 30202D66 		.ascii	"0 -ffunction-sections -ffat-lto-objects\000"
 1560      66756E63 
 1560      74696F6E 
 1560      2D736563 
 1560      74696F6E 
 1561              	.LASF69:
 1562 0290 63757272 		.ascii	"currentState\000"
 1562      656E7453 
 1562      74617465 
 1562      00
 1563              	.LASF34:
 1564 029d 53595354 		.ascii	"SYSTEM_INIT\000"
 1564      454D5F49 
 1564      4E495400 
 1565              	.LASF51:
 1566 02a9 73617665 		.ascii	"savedUnixTime\000"
 1566      64556E69 
 1566      7854696D 
 1566      6500
 1567              	.LASF46:
 1568 02b7 73746172 		.ascii	"startRecentMs\000"
 1568      74526563 
 1568      656E744D 
 1568      7300
 1569              	.LASF10:
 1570 02c5 5F5F7569 		.ascii	"__uint64_t\000"
 1570      6E743634 
 1570      5F7400
 1571              	.LASF72:
 1572 02d0 443A5C43 		.ascii	"D:\\Cypress\\system-start-finish\\vesion 2\\fw\\sta"
 1572      79707265 
 1572      73735C73 
 1572      79737465 
 1572      6D2D7374 
 1573 02fe 72745C73 		.ascii	"rt\\sandbox\\v3\\Start(state machine)\\start_v0.cyd"
 1573      616E6462 
 1573      6F785C76 
 1573      335C5374 
 1573      61727428 
 1574 032d 736E00   		.ascii	"sn\000"
 1575              	.LASF5:
 1576 0330 73686F72 		.ascii	"short unsigned int\000"
 1576      7420756E 
 1576      7369676E 
 1576      65642069 
 1576      6E7400
 1577              	.LASF45:
 1578 0343 73746172 		.ascii	"startUnixTime\000"
 1578      74556E69 
 1578      7854696D 
ARM GAS  C:\Users\Petro\AppData\Local\Temp\cc1noEVA.s 			page 35


 1578      6500
 1579              	.LASF8:
 1580 0351 6C6F6E67 		.ascii	"long unsigned int\000"
 1580      20756E73 
 1580      69676E65 
 1580      6420696E 
 1580      7400
 1581              	.LASF18:
 1582 0363 646F7562 		.ascii	"double\000"
 1582      6C6500
 1583              	.LASF48:
 1584 036a 6E657477 		.ascii	"networkStatus\000"
 1584      6F726B53 
 1584      74617475 
 1584      7300
 1585              	.LASF65:
 1586 0378 4E74704C 		.ascii	"NtpLenChS\000"
 1586      656E4368 
 1586      5300
 1587              	.LASF39:
 1588 0382 53746174 		.ascii	"StateType\000"
 1588      65547970 
 1588      6500
 1589              	.LASF41:
 1590 038c 47657446 		.ascii	"GetFinishStatus\000"
 1590      696E6973 
 1590      68537461 
 1590      74757300 
 1591              	.LASF57:
 1592 039c 4C656E44 		.ascii	"LenD2\000"
 1592      3200
 1593              	.LASF44:
 1594 03a2 53617665 		.ascii	"SaveResult\000"
 1594      52657375 
 1594      6C7400
 1595              	.LASF63:
 1596 03ad 4E74704C 		.ascii	"NtpLenMsD1\000"
 1596      656E4D73 
 1596      443100
 1597              	.LASF40:
 1598 03b8 54696D65 		.ascii	"TimeSynchronize\000"
 1598      53796E63 
 1598      68726F6E 
 1598      697A6500 
 1599              	.LASF54:
 1600 03c8 77726974 		.ascii	"writeFlag\000"
 1600      65466C61 
 1600      6700
 1601              	.LASF61:
 1602 03d2 4C656E43 		.ascii	"LenC\000"
 1602      00
 1603              	.LASF43:
 1604 03d7 43686563 		.ascii	"CheckGate\000"
 1604      6B476174 
 1604      6500
 1605              	.LASF24:
 1606 03e1 636F756E 		.ascii	"countSkiers\000"
ARM GAS  C:\Users\Petro\AppData\Local\Temp\cc1noEVA.s 			page 36


 1606      74536B69 
 1606      65727300 
 1607              		.ident	"GCC: (GNU Tools for ARM Embedded Processors) 4.9.3 20150303 (release) [ARM/embedded-4_9-br
