--------------- Rebuild Started: 12/27/2016 13:23:20 Project: start_v0, Configuration: ARM GCC 4.9-2015-q1-update Debug ---------------
Deleting file ".\CortexM0\ARM_GCC_493\Debug\RTC_WDT.o"
Deleting file ".\CortexM0\ARM_GCC_493\Debug\display.o"
Deleting file ".\CortexM0\ARM_GCC_493\Debug\gate.o"
Deleting file ".\CortexM0\ARM_GCC_493\Debug\LED.o"
Deleting file ".\CortexM0\ARM_GCC_493\Debug\crc32.o"
Deleting file ".\CortexM0\ARM_GCC_493\Debug\svt.o"
Deleting file ".\CortexM0\ARM_GCC_493\Debug\ntp.o"
Deleting file ".\CortexM0\ARM_GCC_493\Debug\network.o"
Deleting file ".\CortexM0\ARM_GCC_493\Debug\myDelay.o"
Deleting file ".\CortexM0\ARM_GCC_493\Debug\main.o"
Deleting file ".\CortexM0\ARM_GCC_493\Debug\cyfitter_cfg.o"
Deleting file ".\CortexM0\ARM_GCC_493\Debug\cymetadata.o"
Deleting file ".\CortexM0\ARM_GCC_493\Debug\Cm0Start.o"
Deleting file ".\CortexM0\ARM_GCC_493\Debug\CyBootAsmGnu.o"
Deleting file ".\CortexM0\ARM_GCC_493\Debug\CyFlash.o"
Deleting file ".\CortexM0\ARM_GCC_493\Debug\CyLib.o"
Deleting file ".\CortexM0\ARM_GCC_493\Debug\cyPm.o"
Deleting file ".\CortexM0\ARM_GCC_493\Debug\cyutils.o"
Deleting file ".\CortexM0\ARM_GCC_493\Debug\CyLFClk.o"
Deleting file ".\CortexM0\ARM_GCC_493\Debug\RTC.o"
Deleting file ".\CortexM0\ARM_GCC_493\Debug\LCD.o"
Deleting file ".\CortexM0\ARM_GCC_493\Debug\LCD_PM.o"
Deleting file ".\CortexM0\ARM_GCC_493\Debug\LCD_CustChars.o"
Deleting file ".\CortexM0\ARM_GCC_493\Debug\LCD_LCDPort.o"
Deleting file ".\CortexM0\ARM_GCC_493\Debug\LCD_LCDPort_PM.o"
Deleting file ".\CortexM0\ARM_GCC_493\Debug\GatePin.o"
Deleting file ".\CortexM0\ARM_GCC_493\Debug\GatePin_PM.o"
Deleting file ".\CortexM0\ARM_GCC_493\Debug\Timer_LED.o"
Deleting file ".\CortexM0\ARM_GCC_493\Debug\Timer_LED_PM.o"
Deleting file ".\CortexM0\ARM_GCC_493\Debug\Int_Timer_Led.o"
Deleting file ".\CortexM0\ARM_GCC_493\Debug\timer_clock.o"
Deleting file ".\CortexM0\ARM_GCC_493\Debug\LED_PIN.o"
Deleting file ".\CortexM0\ARM_GCC_493\Debug\LED_PIN_PM.o"
Deleting file ".\CortexM0\ARM_GCC_493\Debug\UART_XB.o"
Deleting file ".\CortexM0\ARM_GCC_493\Debug\UART_XB_SPI_UART.o"
Deleting file ".\CortexM0\ARM_GCC_493\Debug\UART_XB_SPI_UART_INT.o"
Deleting file ".\CortexM0\ARM_GCC_493\Debug\UART_XB_PM.o"
Deleting file ".\CortexM0\ARM_GCC_493\Debug\UART_XB_UART.o"
Deleting file ".\CortexM0\ARM_GCC_493\Debug\UART_XB_BOOT.o"
Deleting file ".\CortexM0\ARM_GCC_493\Debug\UART_XB_UART_BOOT.o"
Deleting file ".\CortexM0\ARM_GCC_493\Debug\UART_XB_SCBCLK.o"
Deleting file ".\CortexM0\ARM_GCC_493\Debug\UART_XB_tx.o"
Deleting file ".\CortexM0\ARM_GCC_493\Debug\UART_XB_tx_PM.o"
Deleting file ".\CortexM0\ARM_GCC_493\Debug\UART_XB_rx.o"
Deleting file ".\CortexM0\ARM_GCC_493\Debug\UART_XB_rx_PM.o"
Deleting file ".\CortexM0\ARM_GCC_493\Debug\UART_XB_SCB_IRQ.o"
Deleting file ".\CortexM0\ARM_GCC_493\Debug\GATE_INT.o"
Deleting file ".\CortexM0\ARM_GCC_493\Debug\AppDelay.o"
Deleting file ".\CortexM0\ARM_GCC_493\Debug\AppDelay_PM.o"
Deleting file ".\CortexM0\ARM_GCC_493\Debug\debug.o"
Deleting file ".\CortexM0\ARM_GCC_493\Debug\debug_PM.o"
Deleting file ".\CortexM0\ARM_GCC_493\Debug\debugntp.o"
Deleting file ".\CortexM0\ARM_GCC_493\Debug\debugntp_PM.o"
Deleting file ".\CortexM0\ARM_GCC_493\Debug\start_v0.hex"
Deleting file ".\CortexM0\ARM_GCC_493\Debug\start_v0.elf"
Deleting file ".\CortexM0\ARM_GCC_493\Debug\start_v0.map"
Deleting file ".\start_v0.cycdx"
Deleting file ".\start_v0.svd"
Deleting file ".\start_v0.rpt"
Deleting file ".\start_v0_timing.html"
Deleting file ".\CortexM0\ARM_GCC_493\Debug\.deps\SOURCE_C__ARM_GCC_GENERIC.P"
Deleting file ".\CortexM0\ARM_GCC_493\Debug\.deps\SOURCE_ASM__ARM_GCC_GENERIC.P"
cydsfit.exe -.appdatapath "C:\Users\Petro\AppData\Local\Cypress Semiconductor\PSoC Creator\4.0" -.fdsnotice -.fdswarpdepfile=warp_dependencies.txt -.fdselabdepfile=elab_dependencies.txt -.fdsbldfile=generated_files.txt -.fdsreffile=referenced_files.txt -p "D:\Cypress\system-start-finish\vesion 2\fw\start\sandbox\v7_debug_ntp\Start(state machine)\start_v0.cydsn\start_v0.cyprj" -d CY8C4247LQI-BL483 -s "D:\Cypress\system-start-finish\vesion 2\fw\start\sandbox\v7_debug_ntp\Start(state machine)\start_v0.cydsn\Generated_Source\PSoC4" -- -yv2 -q10 -ygs -o2 -v3 -.fftcfgtype=LE
Elaborating Design...
HDL Generation...
Synthesis...
Tech Mapping...
Analog Placement...
Analog Routing...
Analog Code Generation...
Digital Placement...
Digital Routing...
Bitstream Generation...
Bitstream Verification...
Static timing analysis...
Warning: sta.M0019: start_v0_timing.html: Warning-1366: Setup time violation found in a path from clock ( CyHFCLK ) to clock ( CyHFCLK ). (File=D:\Cypress\system-start-finish\vesion 2\fw\start\sandbox\v7_debug_ntp\Start(state machine)\start_v0.cydsn\start_v0_timing.html)
API Generation...
Dependency Generation...
Cleanup...
arm-none-eabi-gcc.exe -mcpu=cortex-m0 -mthumb -I. -IGenerated_Source\PSoC4 -Wa,-alh=.\CortexM0\ARM_GCC_493\Debug/RTC_WDT.lst -g -D DEBUG -Wall -ffunction-sections -O0 -ffat-lto-objects -c lib_RTC\RTC_WDT.c -o .\CortexM0\ARM_GCC_493\Debug\RTC_WDT.o
arm-none-eabi-gcc.exe -mcpu=cortex-m0 -mthumb -I. -IGenerated_Source\PSoC4 -Wa,-alh=.\CortexM0\ARM_GCC_493\Debug/display.lst -g -D DEBUG -Wall -ffunction-sections -O0 -ffat-lto-objects -c lib_Display\display.c -o .\CortexM0\ARM_GCC_493\Debug\display.o
arm-none-eabi-gcc.exe -mcpu=cortex-m0 -mthumb -I. -IGenerated_Source\PSoC4 -Wa,-alh=.\CortexM0\ARM_GCC_493\Debug/gate.lst -g -D DEBUG -Wall -ffunction-sections -O0 -ffat-lto-objects -c lib_Gate\gate.c -o .\CortexM0\ARM_GCC_493\Debug\gate.o
arm-none-eabi-gcc.exe -mcpu=cortex-m0 -mthumb -I. -IGenerated_Source\PSoC4 -Wa,-alh=.\CortexM0\ARM_GCC_493\Debug/LED.lst -g -D DEBUG -Wall -ffunction-sections -O0 -ffat-lto-objects -c lib_LED\LED.c -o .\CortexM0\ARM_GCC_493\Debug\LED.o
arm-none-eabi-gcc.exe -mcpu=cortex-m0 -mthumb -I. -IGenerated_Source\PSoC4 -Wa,-alh=.\CortexM0\ARM_GCC_493\Debug/crc32.lst -g -D DEBUG -Wall -ffunction-sections -O0 -ffat-lto-objects -c lib_Network\crc32.c -o .\CortexM0\ARM_GCC_493\Debug\crc32.o
arm-none-eabi-gcc.exe -mcpu=cortex-m0 -mthumb -I. -IGenerated_Source\PSoC4 -Wa,-alh=.\CortexM0\ARM_GCC_493\Debug/svt.lst -g -D DEBUG -Wall -ffunction-sections -O0 -ffat-lto-objects -c lib_Network\svt.c -o .\CortexM0\ARM_GCC_493\Debug\svt.o
lib_Network\svt.c: In function 'UnpackData':
lib_Network\svt.c:253:25: warning: format '%X' expects argument of type 'unsigned int', but argument 4 has type 'long unsigned int' [-Wformat=]
                         Data->Data2, Data->Data3);
                         ^
lib_Network\svt.c:253:25: warning: format '%X' expects argument of type 'unsigned int', but argument 5 has type 'long unsigned int' [-Wformat=]
lib_Network\svt.c:253:25: warning: format '%X' expects argument of type 'unsigned int', but argument 4 has type 'long unsigned int' [-Wformat=]
lib_Network\svt.c:253:25: warning: format '%X' expects argument of type 'unsigned int', but argument 5 has type 'long unsigned int' [-Wformat=]
lib_Network\svt.c: In function 'PackData':
lib_Network\svt.c:338:5: warning: format '%X' expects argument of type 'unsigned int', but argument 3 has type 'uint32_t' [-Wformat=]
     sprintf(szCheckSum, "%08X", _crc);
     ^
lib_Network\svt.c:338:5: warning: format '%X' expects argument of type 'unsigned int', but argument 3 has type 'uint32_t' [-Wformat=]
arm-none-eabi-gcc.exe -mcpu=cortex-m0 -mthumb -I. -IGenerated_Source\PSoC4 -Wa,-alh=.\CortexM0\ARM_GCC_493\Debug/ntp.lst -g -D DEBUG -Wall -ffunction-sections -O0 -ffat-lto-objects -c lib_Network\ntp.c -o .\CortexM0\ARM_GCC_493\Debug\ntp.o
lib_Network\ntp.c: In function 'NtpUnpackData':
lib_Network\ntp.c:38:10: warning: unused variable 'RecvB' [-Wunused-variable]
  uint8_t RecvB = InByte;
          ^
arm-none-eabi-gcc.exe -mcpu=cortex-m0 -mthumb -I. -IGenerated_Source\PSoC4 -Wa,-alh=.\CortexM0\ARM_GCC_493\Debug/network.lst -g -D DEBUG -Wall -ffunction-sections -O0 -ffat-lto-objects -c network.c -o .\CortexM0\ARM_GCC_493\Debug\network.o
network.c:153:5: warning: data definition has no type or storage class
     UART_XB_Start();
     ^
network.c:153:5: warning: type defaults to 'int' in declaration of 'UART_XB_Start' [-Wimplicit-int]
network.c:153:5: error: conflicting types for 'UART_XB_Start'
In file included from network.c:3:0:
Generated_Source\PSoC4/UART_XB.h:110:6: note: previous declaration of 'UART_XB_Start' was here
 void UART_XB_Start(void);
      ^
network.c:155:39: error: expected declaration specifiers or '...' before '&' token
     UART_XB_SetCustomInterruptHandler(&CustomInterruptHandler);
                                       ^
network.c:167:11: error: expected '=', ',', ';', 'asm' or '__attribute__' before '.' token
     inData.readStatus = NO_READ;
           ^
network.c:168:12: error: expected '=', ',', ';', 'asm' or '__attribute__' before '.' token
     outData.writeStatus = WRITE_OK;
            ^
network.c:169:12: error: expected '=', ',', ';', 'asm' or '__attribute__' before '.' token
     outData.IDpacket = 0xFF;
            ^
network.c:170:5: warning: data definition has no type or storage class
     networkStatus = NETWORK_DISCONN;   
     ^
network.c:170:5: warning: type defaults to 'int' in declaration of 'networkStatus' [-Wimplicit-int]
network.c:170:5: error: conflicting types for 'networkStatus'
network.c:89:17: note: previous declaration of 'networkStatus' was here
 static uint32_t networkStatus;
                 ^
network.c:171:5: warning: data definition has no type or storage class
     UART_XB_SpiUartClearRxBuffer();
     ^
network.c:171:5: warning: type defaults to 'int' in declaration of 'UART_XB_SpiUartClearRxBuffer' [-Wimplicit-int]
network.c:171:5: error: conflicting types for 'UART_XB_SpiUartClearRxBuffer'
In file included from network.c:4:0:
Generated_Source\PSoC4/UART_XB_SPI_UART.h:821:12: note: previous declaration of 'UART_XB_SpiUartClearRxBuffer' was here
     void   UART_XB_SpiUartClearRxBuffer(void);
            ^
network.c:172:1: error: expected identifier or '(' before '}' token
 }
 ^
network.c: In function 'SendData':
network.c:240:21: warning: format '%X' expects argument of type 'unsigned int', but argument 4 has type 'long unsigned int' [-Wformat=]
                     outData.reboot);
                     ^
network.c:240:21: warning: format '%X' expects argument of type 'unsigned int', but argument 5 has type 'long unsigned int' [-Wformat=]
network.c:240:21: warning: format '%X' expects argument of type 'unsigned int', but argument 4 has type 'long unsigned int' [-Wformat=]
network.c:240:21: warning: format '%X' expects argument of type 'unsigned int', but argument 5 has type 'long unsigned int' [-Wformat=]
network.c: In function 'NTPsync':
network.c:406:9: warning: unused variable 'i' [-Wunused-variable]
     int i;
         ^
network.c: In function 'NTPsendTime':
network.c:540:5: warning: format '%X' expects argument of type 'unsigned int', but argument 3 has type 'uint32_t' [-Wformat=]
     sprintf(sendData,"%08X%03X%08X%03X", unixTime2, millis2, unixTime3, millis3); 
     ^
network.c:540:5: warning: format '%X' expects argument of type 'unsigned int', but argument 5 has type 'uint32_t' [-Wformat=]
network.c:540:5: warning: format '%X' expects argument of type 'unsigned int', but argument 3 has type 'uint32_t' [-Wformat=]
network.c:540:5: warning: format '%X' expects argument of type 'unsigned int', but argument 5 has type 'uint32_t' [-Wformat=]
network.c: At top level:
network.c:91:12: warning: 'finNoReady' defined but not used [-Wunused-variable]
 static int finNoReady;
            ^
The command 'arm-none-eabi-gcc.exe' failed with exit code '1'.
--------------- Rebuild Failed: 12/27/2016 13:23:40 ---------------
