--------------- Build Started: 08/29/2016 23:21:46 Project: start_v0, Configuration: ARM GCC 4.9-2015-q1-update Debug ---------------
cydsfit.exe -.appdatapath "C:\Users\Petro\AppData\Local\Cypress Semiconductor\PSoC Creator\3.3" -.fdsnotice -.fdswarpdepfile=warp_dependencies.txt -.fdselabdepfile=elab_dependencies.txt -.fdsbldfile=generated_files.txt -p "D:\Cypress\system-start-finish\vesion 2\fw\start\mainline\Start(state machine)\start_v0.cydsn\start_v0.cyprj" -d CY8C4247LQI-BL483 -s "D:\Cypress\system-start-finish\vesion 2\fw\start\mainline\Start(state machine)\start_v0.cydsn\Generated_Source\PSoC4" -- -yv2 -q10 -ygs -o2 -v3 -.fftcfgtype=LE
Elaborating Design...
HDL Generation ...
Synthesis ...
Place and Route ...
Tech mapping ...
Analog Placement ...
Analog Routing ...
Analog Code Generation ...
Digital Placement ...
Digital Routing ...
Bitstream Generation ...
Static timing analysis ...
Warning: sta.M0019: start_v0_timing.html: Warning-1366: Setup time violation found in a path from clock ( CyHFCLK ) to clock ( CyHFCLK ). (File=D:\Cypress\system-start-finish\vesion 2\fw\start\mainline\Start(state machine)\start_v0.cydsn\start_v0_timing.html)
API Generation ...
Dependency Generation ...
Clean Temporary Files ...
The compile step is up to date, no work needs to be done.
arm-none-eabi-ar.exe -rs .\CortexM0\ARM_GCC_493\Debug\start_v0.a .\CortexM0\ARM_GCC_493\Debug\cyfitter_cfg.o .\CortexM0\ARM_GCC_493\Debug\CyBootAsmGnu.o .\CortexM0\ARM_GCC_493\Debug\CyFlash.o .\CortexM0\ARM_GCC_493\Debug\CyLib.o .\CortexM0\ARM_GCC_493\Debug\cyPm.o .\CortexM0\ARM_GCC_493\Debug\cyutils.o .\CortexM0\ARM_GCC_493\Debug\CyLFClk.o .\CortexM0\ARM_GCC_493\Debug\RTC.o .\CortexM0\ARM_GCC_493\Debug\LCD.o .\CortexM0\ARM_GCC_493\Debug\LCD_PM.o .\CortexM0\ARM_GCC_493\Debug\LCD_CustChars.o .\CortexM0\ARM_GCC_493\Debug\LCD_LCDPort.o .\CortexM0\ARM_GCC_493\Debug\LCD_LCDPort_PM.o .\CortexM0\ARM_GCC_493\Debug\GatePin.o .\CortexM0\ARM_GCC_493\Debug\GatePin_PM.o .\CortexM0\ARM_GCC_493\Debug\Timer_LED.o .\CortexM0\ARM_GCC_493\Debug\Timer_LED_PM.o .\CortexM0\ARM_GCC_493\Debug\Int_Timer_Led.o .\CortexM0\ARM_GCC_493\Debug\timer_clock.o .\CortexM0\ARM_GCC_493\Debug\LED_PIN.o .\CortexM0\ARM_GCC_493\Debug\LED_PIN_PM.o .\CortexM0\ARM_GCC_493\Debug\UART_XB.o .\CortexM0\ARM_GCC_493\Debug\UART_XB_SPI_UART.o .\CortexM0\ARM_GCC_493\Debug\UART_XB_SPI_UART_INT.o .\CortexM0\ARM_GCC_493\Debug\UART_XB_PM.o .\CortexM0\ARM_GCC_493\Debug\UART_XB_UART.o .\CortexM0\ARM_GCC_493\Debug\UART_XB_BOOT.o .\CortexM0\ARM_GCC_493\Debug\UART_XB_UART_BOOT.o .\CortexM0\ARM_GCC_493\Debug\UART_XB_SCBCLK.o .\CortexM0\ARM_GCC_493\Debug\UART_XB_tx.o .\CortexM0\ARM_GCC_493\Debug\UART_XB_tx_PM.o .\CortexM0\ARM_GCC_493\Debug\UART_XB_rx.o .\CortexM0\ARM_GCC_493\Debug\UART_XB_rx_PM.o .\CortexM0\ARM_GCC_493\Debug\UART_XB_SCB_IRQ.o .\CortexM0\ARM_GCC_493\Debug\GATE_INT.o .\CortexM0\ARM_GCC_493\Debug\AppDelay.o .\CortexM0\ARM_GCC_493\Debug\AppDelay_PM.o .\CortexM0\ARM_GCC_493\Debug\SW_UART_DEBUG_AsmGnu.o .\CortexM0\ARM_GCC_493\Debug\SW_UART_DEBUG.o .\CortexM0\ARM_GCC_493\Debug\debug.o .\CortexM0\ARM_GCC_493\Debug\debug_PM.o
arm-none-eabi-ar.exe: creating .\CortexM0\ARM_GCC_493\Debug\start_v0.a
arm-none-eabi-gcc.exe -Wl,--start-group -o .\CortexM0\ARM_GCC_493\Debug\start_v0.elf .\CortexM0\ARM_GCC_493\Debug\RTC_WDT.o .\CortexM0\ARM_GCC_493\Debug\display.o .\CortexM0\ARM_GCC_493\Debug\gate.o .\CortexM0\ARM_GCC_493\Debug\LED.o .\CortexM0\ARM_GCC_493\Debug\crc32.o .\CortexM0\ARM_GCC_493\Debug\network.o .\CortexM0\ARM_GCC_493\Debug\svt.o .\CortexM0\ARM_GCC_493\Debug\ntp.o .\CortexM0\ARM_GCC_493\Debug\myDelay.o .\CortexM0\ARM_GCC_493\Debug\main.o .\CortexM0\ARM_GCC_493\Debug\cymetadata.o .\CortexM0\ARM_GCC_493\Debug\Cm0Start.o .\CortexM0\ARM_GCC_493\Debug\start_v0.a "C:\Program Files (x86)\Cypress\PSoC Creator\3.3\PSoC Creator\psoc\content\cycomponentlibrary\CyComponentLibrary.cylib\CortexM0\ARM_GCC_493\Debug\CyComponentLibrary.a" -mcpu=cortex-m0 -mthumb -g -ffunction-sections -O0 -ffat-lto-objects -L Generated_Source\PSoC4 -Wl,-Map,.\CortexM0\ARM_GCC_493\Debug/start_v0.map -T Generated_Source\PSoC4\cm0gcc.ld -specs=nano.specs -Wl,--gc-sections -Wl,--end-group
cyelftool.exe -C "D:\Cypress\system-start-finish\vesion 2\fw\start\mainline\Start(state machine)\start_v0.cydsn\CortexM0\ARM_GCC_493\Debug\start_v0.elf" --flash_row_size 128 --flash_size 131072
cyelftool.exe -S "D:\Cypress\system-start-finish\vesion 2\fw\start\mainline\Start(state machine)\start_v0.cydsn\CortexM0\ARM_GCC_493\Debug\start_v0.elf"
Flash used: 24576 of 131072 bytes (18,8%).
SRAM used: 4244 of 16384 bytes (25,9%). Stack: 2048 bytes. Heap: 128 bytes.
--------------- Build Succeeded: 08/29/2016 23:21:57 ---------------
