ARM GAS  C:\Users\Petro\AppData\Local\Temp\ccO7tGKi.s 			page 1


   1              		.cpu cortex-m0
   2              		.fpu softvfp
   3              		.eabi_attribute 20, 1
   4              		.eabi_attribute 21, 1
   5              		.eabi_attribute 23, 3
   6              		.eabi_attribute 24, 1
   7              		.eabi_attribute 25, 1
   8              		.eabi_attribute 26, 1
   9              		.eabi_attribute 30, 1
  10              		.eabi_attribute 34, 0
  11              		.eabi_attribute 18, 4
  12              		.code	16
  13              		.file	"HW_SPI.c"
  14              		.text
  15              	.Ltext0:
  16              		.cfi_sections	.debug_frame
  17              		.section	.text.SPI_Init,"ax",%progbits
  18              		.align	2
  19              		.global	SPI_Init
  20              		.code	16
  21              		.thumb_func
  22              		.type	SPI_Init, %function
  23              	SPI_Init:
  24              	.LFB2:
  25              		.file 1 ".\\HW_SPI.c"
   1:.\HW_SPI.c    **** /* ========================================
   2:.\HW_SPI.c    ****  *
   3:.\HW_SPI.c    ****  * Copyright YOUR COMPANY, THE YEAR
   4:.\HW_SPI.c    ****  * All Rights Reserved
   5:.\HW_SPI.c    ****  * UNPUBLISHED, LICENSED SOFTWARE.
   6:.\HW_SPI.c    ****  *
   7:.\HW_SPI.c    ****  * CONFIDENTIAL AND PROPRIETARY INFORMATION
   8:.\HW_SPI.c    ****  * WHICH IS THE PROPERTY OF your company.
   9:.\HW_SPI.c    ****  *
  10:.\HW_SPI.c    ****  * ========================================
  11:.\HW_SPI.c    **** */
  12:.\HW_SPI.c    **** 
  13:.\HW_SPI.c    **** #include "HW_SPI.h"
  14:.\HW_SPI.c    **** 
  15:.\HW_SPI.c    **** void SPI_Init(void)
  16:.\HW_SPI.c    **** {
  26              		.loc 1 16 0
  27              		.cfi_startproc
  28 0000 08B5     		push	{r3, lr}
  29              		.cfi_def_cfa_offset 8
  30              		.cfi_offset 3, -8
  31              		.cfi_offset 14, -4
  17:.\HW_SPI.c    ****     CS_SPI_Write(1u);
  32              		.loc 1 17 0
  33 0002 0120     		mov	r0, #1
  34 0004 FFF7FEFF 		bl	CS_SPI_Write
  35              	.LVL0:
  18:.\HW_SPI.c    ****     CLK_SPI_Write(0u);
  36              		.loc 1 18 0
  37 0008 0020     		mov	r0, #0
  38 000a FFF7FEFF 		bl	CLK_SPI_Write
  39              	.LVL1:
ARM GAS  C:\Users\Petro\AppData\Local\Temp\ccO7tGKi.s 			page 2


  19:.\HW_SPI.c    ****     MOSI_SPI_Write(0u);
  40              		.loc 1 19 0
  41 000e 0020     		mov	r0, #0
  42 0010 FFF7FEFF 		bl	MOSI_SPI_Write
  43              	.LVL2:
  20:.\HW_SPI.c    **** }
  44              		.loc 1 20 0
  45              		@ sp needed
  46 0014 08BD     		pop	{r3, pc}
  47              		.cfi_endproc
  48              	.LFE2:
  49              		.size	SPI_Init, .-SPI_Init
  50 0016 C046     		.section	.text.ChipSelect,"ax",%progbits
  51              		.align	2
  52              		.global	ChipSelect
  53              		.code	16
  54              		.thumb_func
  55              		.type	ChipSelect, %function
  56              	ChipSelect:
  57              	.LFB3:
  21:.\HW_SPI.c    **** 
  22:.\HW_SPI.c    **** void ChipSelect()
  23:.\HW_SPI.c    **** {
  58              		.loc 1 23 0
  59              		.cfi_startproc
  60 0000 08B5     		push	{r3, lr}
  61              		.cfi_def_cfa_offset 8
  62              		.cfi_offset 3, -8
  63              		.cfi_offset 14, -4
  24:.\HW_SPI.c    ****     CS_SPI_Write(0u);
  64              		.loc 1 24 0
  65 0002 0020     		mov	r0, #0
  66 0004 FFF7FEFF 		bl	CS_SPI_Write
  67              	.LVL3:
  25:.\HW_SPI.c    **** }
  68              		.loc 1 25 0
  69              		@ sp needed
  70 0008 08BD     		pop	{r3, pc}
  71              		.cfi_endproc
  72              	.LFE3:
  73              		.size	ChipSelect, .-ChipSelect
  74 000a C046     		.section	.text.ChipDeselect,"ax",%progbits
  75              		.align	2
  76              		.global	ChipDeselect
  77              		.code	16
  78              		.thumb_func
  79              		.type	ChipDeselect, %function
  80              	ChipDeselect:
  81              	.LFB4:
  26:.\HW_SPI.c    **** 
  27:.\HW_SPI.c    **** void ChipDeselect()
  28:.\HW_SPI.c    **** {
  82              		.loc 1 28 0
  83              		.cfi_startproc
  84 0000 08B5     		push	{r3, lr}
  85              		.cfi_def_cfa_offset 8
  86              		.cfi_offset 3, -8
ARM GAS  C:\Users\Petro\AppData\Local\Temp\ccO7tGKi.s 			page 3


  87              		.cfi_offset 14, -4
  29:.\HW_SPI.c    ****     CS_SPI_Write(1u);
  88              		.loc 1 29 0
  89 0002 0120     		mov	r0, #1
  90 0004 FFF7FEFF 		bl	CS_SPI_Write
  91              	.LVL4:
  30:.\HW_SPI.c    **** }
  92              		.loc 1 30 0
  93              		@ sp needed
  94 0008 08BD     		pop	{r3, pc}
  95              		.cfi_endproc
  96              	.LFE4:
  97              		.size	ChipDeselect, .-ChipDeselect
  98 000a C046     		.section	.text.SPI_SendByte,"ax",%progbits
  99              		.align	2
 100              		.global	SPI_SendByte
 101              		.code	16
 102              		.thumb_func
 103              		.type	SPI_SendByte, %function
 104              	SPI_SendByte:
 105              	.LFB5:
  31:.\HW_SPI.c    **** 
  32:.\HW_SPI.c    **** 
  33:.\HW_SPI.c    **** void SPI_SendByte(uint8_t byte)
  34:.\HW_SPI.c    **** {
 106              		.loc 1 34 0
 107              		.cfi_startproc
 108              	.LVL5:
 109 0000 38B5     		push	{r3, r4, r5, lr}
 110              		.cfi_def_cfa_offset 16
 111              		.cfi_offset 3, -16
 112              		.cfi_offset 4, -12
 113              		.cfi_offset 5, -8
 114              		.cfi_offset 14, -4
 115 0002 051C     		mov	r5, r0
 116              	.LVL6:
  35:.\HW_SPI.c    ****     uint8_t countBites;
  36:.\HW_SPI.c    ****     for (countBites = 8; countBites > 0; countBites--)
 117              		.loc 1 36 0
 118 0004 0824     		mov	r4, #8
 119 0006 19E0     		b	.L5
 120              	.LVL7:
 121              	.L8:
  37:.\HW_SPI.c    ****     {
  38:.\HW_SPI.c    ****     
  39:.\HW_SPI.c    ****         if (byte & 0x80)
 122              		.loc 1 39 0
 123 0008 6BB2     		sxtb	r3, r5
 124 000a 002B     		cmp	r3, #0
 125 000c 03DA     		bge	.L6
  40:.\HW_SPI.c    ****         {
  41:.\HW_SPI.c    ****             MOSI_SPI_Write(1u);
 126              		.loc 1 41 0
 127 000e 0120     		mov	r0, #1
 128 0010 FFF7FEFF 		bl	MOSI_SPI_Write
 129              	.LVL8:
 130 0014 02E0     		b	.L7
ARM GAS  C:\Users\Petro\AppData\Local\Temp\ccO7tGKi.s 			page 4


 131              	.L6:
  42:.\HW_SPI.c    ****         }
  43:.\HW_SPI.c    ****         else
  44:.\HW_SPI.c    ****         {
  45:.\HW_SPI.c    ****             MOSI_SPI_Write(0u);
 132              		.loc 1 45 0
 133 0016 0020     		mov	r0, #0
 134 0018 FFF7FEFF 		bl	MOSI_SPI_Write
 135              	.LVL9:
 136              	.L7:
  46:.\HW_SPI.c    ****         }
  47:.\HW_SPI.c    ****         CyDelayCycles(10);        
 137              		.loc 1 47 0 discriminator 2
 138 001c 0A20     		mov	r0, #10
 139 001e FFF7FEFF 		bl	CyDelayCycles
 140              	.LVL10:
  48:.\HW_SPI.c    ****         CLK_SPI_Write(1u);
 141              		.loc 1 48 0 discriminator 2
 142 0022 0120     		mov	r0, #1
 143 0024 FFF7FEFF 		bl	CLK_SPI_Write
 144              	.LVL11:
  49:.\HW_SPI.c    ****         
  50:.\HW_SPI.c    ****         CyDelayCycles(20);
 145              		.loc 1 50 0 discriminator 2
 146 0028 1420     		mov	r0, #20
 147 002a FFF7FEFF 		bl	CyDelayCycles
 148              	.LVL12:
  51:.\HW_SPI.c    ****         
  52:.\HW_SPI.c    ****         CLK_SPI_Write(0u);
 149              		.loc 1 52 0 discriminator 2
 150 002e 0020     		mov	r0, #0
 151 0030 FFF7FEFF 		bl	CLK_SPI_Write
 152              	.LVL13:
  53:.\HW_SPI.c    ****         byte <<=  1;
 153              		.loc 1 53 0 discriminator 2
 154 0034 6D00     		lsl	r5, r5, #1
 155              	.LVL14:
 156 0036 EDB2     		uxtb	r5, r5
 157              	.LVL15:
  36:.\HW_SPI.c    ****     {
 158              		.loc 1 36 0 discriminator 2
 159 0038 013C     		sub	r4, r4, #1
 160              	.LVL16:
 161 003a E4B2     		uxtb	r4, r4
 162              	.LVL17:
 163              	.L5:
  36:.\HW_SPI.c    ****     {
 164              		.loc 1 36 0 is_stmt 0 discriminator 1
 165 003c 002C     		cmp	r4, #0
 166 003e E3D1     		bne	.L8
  54:.\HW_SPI.c    ****     }
  55:.\HW_SPI.c    ****     
  56:.\HW_SPI.c    ****     MOSI_SPI_Write(0u);    
 167              		.loc 1 56 0 is_stmt 1
 168 0040 0020     		mov	r0, #0
 169 0042 FFF7FEFF 		bl	MOSI_SPI_Write
 170              	.LVL18:
ARM GAS  C:\Users\Petro\AppData\Local\Temp\ccO7tGKi.s 			page 5


  57:.\HW_SPI.c    **** }
 171              		.loc 1 57 0
 172              		@ sp needed
 173              	.LVL19:
 174              	.LVL20:
 175 0046 38BD     		pop	{r3, r4, r5, pc}
 176              		.cfi_endproc
 177              	.LFE5:
 178              		.size	SPI_SendByte, .-SPI_SendByte
 179              		.section	.text.SPI_SendBuff,"ax",%progbits
 180              		.align	2
 181              		.global	SPI_SendBuff
 182              		.code	16
 183              		.thumb_func
 184              		.type	SPI_SendBuff, %function
 185              	SPI_SendBuff:
 186              	.LFB6:
  58:.\HW_SPI.c    **** 
  59:.\HW_SPI.c    **** void SPI_SendBuff(uint8_t* buff, uint16_t cnt)
  60:.\HW_SPI.c    **** {
 187              		.loc 1 60 0
 188              		.cfi_startproc
 189              	.LVL21:
 190 0000 70B5     		push	{r4, r5, r6, lr}
 191              		.cfi_def_cfa_offset 16
 192              		.cfi_offset 4, -16
 193              		.cfi_offset 5, -12
 194              		.cfi_offset 6, -8
 195              		.cfi_offset 14, -4
 196 0002 061C     		mov	r6, r0
 197 0004 0D1C     		mov	r5, r1
 198              	.LVL22:
  61:.\HW_SPI.c    ****     uint16_t tmpData;
  62:.\HW_SPI.c    ****     for (tmpData = 0; tmpData < cnt; tmpData ++)
 199              		.loc 1 62 0
 200 0006 0024     		mov	r4, #0
 201 0008 04E0     		b	.L10
 202              	.LVL23:
 203              	.L11:
  63:.\HW_SPI.c    ****     {
  64:.\HW_SPI.c    ****         SPI_SendByte(buff[tmpData]);
 204              		.loc 1 64 0 discriminator 3
 205 000a 305D     		ldrb	r0, [r6, r4]
 206 000c FFF7FEFF 		bl	SPI_SendByte
 207              	.LVL24:
  62:.\HW_SPI.c    ****     {
 208              		.loc 1 62 0 discriminator 3
 209 0010 0134     		add	r4, r4, #1
 210              	.LVL25:
 211 0012 A4B2     		uxth	r4, r4
 212              	.LVL26:
 213              	.L10:
  62:.\HW_SPI.c    ****     {
 214              		.loc 1 62 0 is_stmt 0 discriminator 1
 215 0014 AC42     		cmp	r4, r5
 216 0016 F8D3     		bcc	.L11
  65:.\HW_SPI.c    ****     }
ARM GAS  C:\Users\Petro\AppData\Local\Temp\ccO7tGKi.s 			page 6


  66:.\HW_SPI.c    **** }
 217              		.loc 1 66 0 is_stmt 1
 218              		@ sp needed
 219              	.LVL27:
 220              	.LVL28:
 221 0018 70BD     		pop	{r4, r5, r6, pc}
 222              		.cfi_endproc
 223              	.LFE6:
 224              		.size	SPI_SendBuff, .-SPI_SendBuff
 225 001a C046     		.section	.text.SPI_RecvByte,"ax",%progbits
 226              		.align	2
 227              		.global	SPI_RecvByte
 228              		.code	16
 229              		.thumb_func
 230              		.type	SPI_RecvByte, %function
 231              	SPI_RecvByte:
 232              	.LFB7:
  67:.\HW_SPI.c    **** 
  68:.\HW_SPI.c    **** 
  69:.\HW_SPI.c    **** uint8_t SPI_RecvByte(void)
  70:.\HW_SPI.c    **** {
 233              		.loc 1 70 0
 234              		.cfi_startproc
 235 0000 38B5     		push	{r3, r4, r5, lr}
 236              		.cfi_def_cfa_offset 16
 237              		.cfi_offset 3, -16
 238              		.cfi_offset 4, -12
 239              		.cfi_offset 5, -8
 240              		.cfi_offset 14, -4
 241              	.LVL29:
  71:.\HW_SPI.c    ****     uint32_t countBites;
  72:.\HW_SPI.c    ****     uint32_t tmpBuff = 0, tmpPin;
 242              		.loc 1 72 0
 243 0002 0024     		mov	r4, #0
  73:.\HW_SPI.c    ****     for (countBites = 8; countBites > 0; countBites--)
 244              		.loc 1 73 0
 245 0004 0825     		mov	r5, #8
 246 0006 13E0     		b	.L13
 247              	.LVL30:
 248              	.L15:
  74:.\HW_SPI.c    ****     {
  75:.\HW_SPI.c    ****         MOSI_SPI_Write(1u);
 249              		.loc 1 75 0
 250 0008 0120     		mov	r0, #1
 251 000a FFF7FEFF 		bl	MOSI_SPI_Write
 252              	.LVL31:
  76:.\HW_SPI.c    ****         CLK_SPI_Write(1u);
 253              		.loc 1 76 0
 254 000e 0120     		mov	r0, #1
 255 0010 FFF7FEFF 		bl	CLK_SPI_Write
 256              	.LVL32:
  77:.\HW_SPI.c    ****         tmpPin = MISO_SPI_Read();
 257              		.loc 1 77 0
 258 0014 FFF7FEFF 		bl	MISO_SPI_Read
 259              	.LVL33:
  78:.\HW_SPI.c    ****         if (tmpPin == 1u)
 260              		.loc 1 78 0
ARM GAS  C:\Users\Petro\AppData\Local\Temp\ccO7tGKi.s 			page 7


 261 0018 0128     		cmp	r0, #1
 262 001a 01D1     		bne	.L14
  79:.\HW_SPI.c    ****         {
  80:.\HW_SPI.c    ****             tmpBuff |= 0x01;
 263              		.loc 1 80 0
 264 001c 0123     		mov	r3, #1
 265 001e 1C43     		orr	r4, r3
 266              	.LVL34:
 267              	.L14:
  81:.\HW_SPI.c    ****         }
  82:.\HW_SPI.c    **** 
  83:.\HW_SPI.c    ****         CLK_SPI_Write(0u);
 268              		.loc 1 83 0 discriminator 2
 269 0020 0020     		mov	r0, #0
 270              	.LVL35:
 271 0022 FFF7FEFF 		bl	CLK_SPI_Write
 272              	.LVL36:
  84:.\HW_SPI.c    ****         CyDelayCycles(15);
 273              		.loc 1 84 0 discriminator 2
 274 0026 0F20     		mov	r0, #15
 275 0028 FFF7FEFF 		bl	CyDelayCycles
 276              	.LVL37:
  85:.\HW_SPI.c    ****         
  86:.\HW_SPI.c    ****         tmpBuff <<= 1;
 277              		.loc 1 86 0 discriminator 2
 278 002c 6400     		lsl	r4, r4, #1
 279              	.LVL38:
  73:.\HW_SPI.c    ****     {
 280              		.loc 1 73 0 discriminator 2
 281 002e 013D     		sub	r5, r5, #1
 282              	.LVL39:
 283              	.L13:
  73:.\HW_SPI.c    ****     {
 284              		.loc 1 73 0 is_stmt 0 discriminator 1
 285 0030 002D     		cmp	r5, #0
 286 0032 E9D1     		bne	.L15
  87:.\HW_SPI.c    ****     }
  88:.\HW_SPI.c    ****     tmpBuff >>= 1;
 287              		.loc 1 88 0 is_stmt 1
 288 0034 6408     		lsr	r4, r4, #1
 289              	.LVL40:
  89:.\HW_SPI.c    ****     MOSI_SPI_Write(0u);
 290              		.loc 1 89 0
 291 0036 0020     		mov	r0, #0
 292 0038 FFF7FEFF 		bl	MOSI_SPI_Write
 293              	.LVL41:
  90:.\HW_SPI.c    ****     return (uint8_t)tmpBuff;
 294              		.loc 1 90 0
 295 003c E0B2     		uxtb	r0, r4
  91:.\HW_SPI.c    **** }
 296              		.loc 1 91 0
 297              		@ sp needed
 298              	.LVL42:
 299              	.LVL43:
 300 003e 38BD     		pop	{r3, r4, r5, pc}
 301              		.cfi_endproc
 302              	.LFE7:
ARM GAS  C:\Users\Petro\AppData\Local\Temp\ccO7tGKi.s 			page 8


 303              		.size	SPI_RecvByte, .-SPI_RecvByte
 304              		.section	.text.SPI_RecvBuff,"ax",%progbits
 305              		.align	2
 306              		.global	SPI_RecvBuff
 307              		.code	16
 308              		.thumb_func
 309              		.type	SPI_RecvBuff, %function
 310              	SPI_RecvBuff:
 311              	.LFB8:
  92:.\HW_SPI.c    **** 
  93:.\HW_SPI.c    **** void SPI_RecvBuff(uint8_t* buff, uint16_t cnt)
  94:.\HW_SPI.c    **** {
 312              		.loc 1 94 0
 313              		.cfi_startproc
 314              	.LVL44:
 315 0000 F8B5     		push	{r3, r4, r5, r6, r7, lr}
 316              		.cfi_def_cfa_offset 24
 317              		.cfi_offset 3, -24
 318              		.cfi_offset 4, -20
 319              		.cfi_offset 5, -16
 320              		.cfi_offset 6, -12
 321              		.cfi_offset 7, -8
 322              		.cfi_offset 14, -4
 323 0002 071C     		mov	r7, r0
 324 0004 0E1C     		mov	r6, r1
 325              	.LVL45:
  95:.\HW_SPI.c    ****     uint16_t tmpData;
  96:.\HW_SPI.c    ****     for (tmpData = 0; tmpData < cnt; tmpData ++)
 326              		.loc 1 96 0
 327 0006 0024     		mov	r4, #0
 328 0008 05E0     		b	.L17
 329              	.LVL46:
 330              	.L18:
  97:.\HW_SPI.c    ****     {
  98:.\HW_SPI.c    ****         buff[tmpData] = SPI_RecvByte(); 
 331              		.loc 1 98 0 discriminator 3
 332 000a 3D19     		add	r5, r7, r4
 333 000c FFF7FEFF 		bl	SPI_RecvByte
 334              	.LVL47:
 335 0010 2870     		strb	r0, [r5]
  96:.\HW_SPI.c    ****     {
 336              		.loc 1 96 0 discriminator 3
 337 0012 0134     		add	r4, r4, #1
 338              	.LVL48:
 339 0014 A4B2     		uxth	r4, r4
 340              	.LVL49:
 341              	.L17:
  96:.\HW_SPI.c    ****     {
 342              		.loc 1 96 0 is_stmt 0 discriminator 1
 343 0016 B442     		cmp	r4, r6
 344 0018 F7D3     		bcc	.L18
  99:.\HW_SPI.c    ****     }
 100:.\HW_SPI.c    **** }
 345              		.loc 1 100 0 is_stmt 1
 346              		@ sp needed
 347              	.LVL50:
 348              	.LVL51:
ARM GAS  C:\Users\Petro\AppData\Local\Temp\ccO7tGKi.s 			page 9


 349 001a F8BD     		pop	{r3, r4, r5, r6, r7, pc}
 350              		.cfi_endproc
 351              	.LFE8:
 352              		.size	SPI_RecvBuff, .-SPI_RecvBuff
 353              		.text
 354              	.Letext0:
 355              		.file 2 "c:\\program files (x86)\\cypress\\psoc creator\\3.3\\psoc creator\\import\\gnu\\arm\\4.9.
 356              		.file 3 "c:\\program files (x86)\\cypress\\psoc creator\\3.3\\psoc creator\\import\\gnu\\arm\\4.9.
 357              		.file 4 "Generated_Source\\PSoC4/cytypes.h"
 358              		.file 5 "Generated_Source\\PSoC4/CS_SPI.h"
 359              		.file 6 "Generated_Source\\PSoC4/CLK_SPI.h"
 360              		.file 7 "Generated_Source\\PSoC4/MOSI_SPI.h"
 361              		.file 8 "Generated_Source\\PSoC4/CyLib.h"
 362              		.file 9 "Generated_Source\\PSoC4/MISO_SPI.h"
 363              		.section	.debug_info,"",%progbits
 364              	.Ldebug_info0:
 365 0000 BE030000 		.4byte	0x3be
 366 0004 0400     		.2byte	0x4
 367 0006 00000000 		.4byte	.Ldebug_abbrev0
 368 000a 04       		.byte	0x4
 369 000b 01       		.uleb128 0x1
 370 000c 87010000 		.4byte	.LASF37
 371 0010 01       		.byte	0x1
 372 0011 B1000000 		.4byte	.LASF38
 373 0015 46020000 		.4byte	.LASF39
 374 0019 00000000 		.4byte	.Ldebug_ranges0+0
 375 001d 00000000 		.4byte	0
 376 0021 00000000 		.4byte	.Ldebug_line0
 377 0025 02       		.uleb128 0x2
 378 0026 01       		.byte	0x1
 379 0027 06       		.byte	0x6
 380 0028 3A020000 		.4byte	.LASF0
 381 002c 03       		.uleb128 0x3
 382 002d 0E000000 		.4byte	.LASF3
 383 0031 02       		.byte	0x2
 384 0032 1D       		.byte	0x1d
 385 0033 37000000 		.4byte	0x37
 386 0037 02       		.uleb128 0x2
 387 0038 01       		.byte	0x1
 388 0039 08       		.byte	0x8
 389 003a 54000000 		.4byte	.LASF1
 390 003e 02       		.uleb128 0x2
 391 003f 02       		.byte	0x2
 392 0040 05       		.byte	0x5
 393 0041 15020000 		.4byte	.LASF2
 394 0045 03       		.uleb128 0x3
 395 0046 CC000000 		.4byte	.LASF4
 396 004a 02       		.byte	0x2
 397 004b 2B       		.byte	0x2b
 398 004c 50000000 		.4byte	0x50
 399 0050 02       		.uleb128 0x2
 400 0051 02       		.byte	0x2
 401 0052 07       		.byte	0x7
 402 0053 18000000 		.4byte	.LASF5
 403 0057 02       		.uleb128 0x2
 404 0058 04       		.byte	0x4
 405 0059 05       		.byte	0x5
ARM GAS  C:\Users\Petro\AppData\Local\Temp\ccO7tGKi.s 			page 10


 406 005a 31020000 		.4byte	.LASF6
 407 005e 03       		.uleb128 0x3
 408 005f EB000000 		.4byte	.LASF7
 409 0063 02       		.byte	0x2
 410 0064 41       		.byte	0x41
 411 0065 69000000 		.4byte	0x69
 412 0069 02       		.uleb128 0x2
 413 006a 04       		.byte	0x4
 414 006b 07       		.byte	0x7
 415 006c 6F000000 		.4byte	.LASF8
 416 0070 02       		.uleb128 0x2
 417 0071 08       		.byte	0x8
 418 0072 05       		.byte	0x5
 419 0073 58010000 		.4byte	.LASF9
 420 0077 02       		.uleb128 0x2
 421 0078 08       		.byte	0x8
 422 0079 07       		.byte	0x7
 423 007a 0A010000 		.4byte	.LASF10
 424 007e 04       		.uleb128 0x4
 425 007f 04       		.byte	0x4
 426 0080 05       		.byte	0x5
 427 0081 696E7400 		.ascii	"int\000"
 428 0085 02       		.uleb128 0x2
 429 0086 04       		.byte	0x4
 430 0087 07       		.byte	0x7
 431 0088 FD000000 		.4byte	.LASF11
 432 008c 03       		.uleb128 0x3
 433 008d 21010000 		.4byte	.LASF12
 434 0091 03       		.byte	0x3
 435 0092 15       		.byte	0x15
 436 0093 2C000000 		.4byte	0x2c
 437 0097 03       		.uleb128 0x3
 438 0098 1F020000 		.4byte	.LASF13
 439 009c 03       		.byte	0x3
 440 009d 21       		.byte	0x21
 441 009e 45000000 		.4byte	0x45
 442 00a2 03       		.uleb128 0x3
 443 00a3 28020000 		.4byte	.LASF14
 444 00a7 03       		.byte	0x3
 445 00a8 2D       		.byte	0x2d
 446 00a9 5E000000 		.4byte	0x5e
 447 00ad 03       		.uleb128 0x3
 448 00ae 89000000 		.4byte	.LASF15
 449 00b2 04       		.byte	0x4
 450 00b3 C2       		.byte	0xc2
 451 00b4 37000000 		.4byte	0x37
 452 00b8 03       		.uleb128 0x3
 453 00b9 F6000000 		.4byte	.LASF16
 454 00bd 04       		.byte	0x4
 455 00be C4       		.byte	0xc4
 456 00bf 69000000 		.4byte	0x69
 457 00c3 02       		.uleb128 0x2
 458 00c4 04       		.byte	0x4
 459 00c5 04       		.byte	0x4
 460 00c6 41000000 		.4byte	.LASF17
 461 00ca 02       		.uleb128 0x2
 462 00cb 08       		.byte	0x8
ARM GAS  C:\Users\Petro\AppData\Local\Temp\ccO7tGKi.s 			page 11


 463 00cc 04       		.byte	0x4
 464 00cd D7000000 		.4byte	.LASF18
 465 00d1 02       		.uleb128 0x2
 466 00d2 01       		.byte	0x1
 467 00d3 08       		.byte	0x8
 468 00d4 66010000 		.4byte	.LASF19
 469 00d8 02       		.uleb128 0x2
 470 00d9 04       		.byte	0x4
 471 00da 07       		.byte	0x7
 472 00db 36010000 		.4byte	.LASF20
 473 00df 05       		.uleb128 0x5
 474 00e0 2B000000 		.4byte	.LASF23
 475 00e4 01       		.byte	0x1
 476 00e5 0F       		.byte	0xf
 477 00e6 00000000 		.4byte	.LFB2
 478 00ea 16000000 		.4byte	.LFE2-.LFB2
 479 00ee 01       		.uleb128 0x1
 480 00ef 9C       		.byte	0x9c
 481 00f0 2A010000 		.4byte	0x12a
 482 00f4 06       		.uleb128 0x6
 483 00f5 08000000 		.4byte	.LVL0
 484 00f9 72030000 		.4byte	0x372
 485 00fd 07010000 		.4byte	0x107
 486 0101 07       		.uleb128 0x7
 487 0102 01       		.uleb128 0x1
 488 0103 50       		.byte	0x50
 489 0104 01       		.uleb128 0x1
 490 0105 31       		.byte	0x31
 491 0106 00       		.byte	0
 492 0107 06       		.uleb128 0x6
 493 0108 0E000000 		.4byte	.LVL1
 494 010c 83030000 		.4byte	0x383
 495 0110 1A010000 		.4byte	0x11a
 496 0114 07       		.uleb128 0x7
 497 0115 01       		.uleb128 0x1
 498 0116 50       		.byte	0x50
 499 0117 01       		.uleb128 0x1
 500 0118 30       		.byte	0x30
 501 0119 00       		.byte	0
 502 011a 08       		.uleb128 0x8
 503 011b 14000000 		.4byte	.LVL2
 504 011f 94030000 		.4byte	0x394
 505 0123 07       		.uleb128 0x7
 506 0124 01       		.uleb128 0x1
 507 0125 50       		.byte	0x50
 508 0126 01       		.uleb128 0x1
 509 0127 30       		.byte	0x30
 510 0128 00       		.byte	0
 511 0129 00       		.byte	0
 512 012a 09       		.uleb128 0x9
 513 012b C1000000 		.4byte	.LASF21
 514 012f 01       		.byte	0x1
 515 0130 16       		.byte	0x16
 516 0131 00000000 		.4byte	.LFB3
 517 0135 0A000000 		.4byte	.LFE3-.LFB3
 518 0139 01       		.uleb128 0x1
 519 013a 9C       		.byte	0x9c
ARM GAS  C:\Users\Petro\AppData\Local\Temp\ccO7tGKi.s 			page 12


 520 013b 4F010000 		.4byte	0x14f
 521 013f 08       		.uleb128 0x8
 522 0140 08000000 		.4byte	.LVL3
 523 0144 72030000 		.4byte	0x372
 524 0148 07       		.uleb128 0x7
 525 0149 01       		.uleb128 0x1
 526 014a 50       		.byte	0x50
 527 014b 01       		.uleb128 0x1
 528 014c 30       		.byte	0x30
 529 014d 00       		.byte	0
 530 014e 00       		.byte	0
 531 014f 09       		.uleb128 0x9
 532 0150 6B010000 		.4byte	.LASF22
 533 0154 01       		.byte	0x1
 534 0155 1B       		.byte	0x1b
 535 0156 00000000 		.4byte	.LFB4
 536 015a 0A000000 		.4byte	.LFE4-.LFB4
 537 015e 01       		.uleb128 0x1
 538 015f 9C       		.byte	0x9c
 539 0160 74010000 		.4byte	0x174
 540 0164 08       		.uleb128 0x8
 541 0165 08000000 		.4byte	.LVL4
 542 0169 72030000 		.4byte	0x372
 543 016d 07       		.uleb128 0x7
 544 016e 01       		.uleb128 0x1
 545 016f 50       		.byte	0x50
 546 0170 01       		.uleb128 0x1
 547 0171 31       		.byte	0x31
 548 0172 00       		.byte	0
 549 0173 00       		.byte	0
 550 0174 05       		.uleb128 0x5
 551 0175 62000000 		.4byte	.LASF24
 552 0179 01       		.byte	0x1
 553 017a 21       		.byte	0x21
 554 017b 00000000 		.4byte	.LFB5
 555 017f 48000000 		.4byte	.LFE5-.LFB5
 556 0183 01       		.uleb128 0x1
 557 0184 9C       		.byte	0x9c
 558 0185 29020000 		.4byte	0x229
 559 0189 0A       		.uleb128 0xa
 560 018a 34000000 		.4byte	.LASF26
 561 018e 01       		.byte	0x1
 562 018f 21       		.byte	0x21
 563 0190 8C000000 		.4byte	0x8c
 564 0194 00000000 		.4byte	.LLST0
 565 0198 0B       		.uleb128 0xb
 566 0199 4D010000 		.4byte	.LASF28
 567 019d 01       		.byte	0x1
 568 019e 23       		.byte	0x23
 569 019f 8C000000 		.4byte	0x8c
 570 01a3 29000000 		.4byte	.LLST1
 571 01a7 06       		.uleb128 0x6
 572 01a8 14000000 		.4byte	.LVL8
 573 01ac 94030000 		.4byte	0x394
 574 01b0 BA010000 		.4byte	0x1ba
 575 01b4 07       		.uleb128 0x7
 576 01b5 01       		.uleb128 0x1
ARM GAS  C:\Users\Petro\AppData\Local\Temp\ccO7tGKi.s 			page 13


 577 01b6 50       		.byte	0x50
 578 01b7 01       		.uleb128 0x1
 579 01b8 31       		.byte	0x31
 580 01b9 00       		.byte	0
 581 01ba 06       		.uleb128 0x6
 582 01bb 1C000000 		.4byte	.LVL9
 583 01bf 94030000 		.4byte	0x394
 584 01c3 CD010000 		.4byte	0x1cd
 585 01c7 07       		.uleb128 0x7
 586 01c8 01       		.uleb128 0x1
 587 01c9 50       		.byte	0x50
 588 01ca 01       		.uleb128 0x1
 589 01cb 30       		.byte	0x30
 590 01cc 00       		.byte	0
 591 01cd 06       		.uleb128 0x6
 592 01ce 22000000 		.4byte	.LVL10
 593 01d2 A5030000 		.4byte	0x3a5
 594 01d6 E0010000 		.4byte	0x1e0
 595 01da 07       		.uleb128 0x7
 596 01db 01       		.uleb128 0x1
 597 01dc 50       		.byte	0x50
 598 01dd 01       		.uleb128 0x1
 599 01de 3A       		.byte	0x3a
 600 01df 00       		.byte	0
 601 01e0 06       		.uleb128 0x6
 602 01e1 28000000 		.4byte	.LVL11
 603 01e5 83030000 		.4byte	0x383
 604 01e9 F3010000 		.4byte	0x1f3
 605 01ed 07       		.uleb128 0x7
 606 01ee 01       		.uleb128 0x1
 607 01ef 50       		.byte	0x50
 608 01f0 01       		.uleb128 0x1
 609 01f1 31       		.byte	0x31
 610 01f2 00       		.byte	0
 611 01f3 06       		.uleb128 0x6
 612 01f4 2E000000 		.4byte	.LVL12
 613 01f8 A5030000 		.4byte	0x3a5
 614 01fc 06020000 		.4byte	0x206
 615 0200 07       		.uleb128 0x7
 616 0201 01       		.uleb128 0x1
 617 0202 50       		.byte	0x50
 618 0203 01       		.uleb128 0x1
 619 0204 44       		.byte	0x44
 620 0205 00       		.byte	0
 621 0206 06       		.uleb128 0x6
 622 0207 34000000 		.4byte	.LVL13
 623 020b 83030000 		.4byte	0x383
 624 020f 19020000 		.4byte	0x219
 625 0213 07       		.uleb128 0x7
 626 0214 01       		.uleb128 0x1
 627 0215 50       		.byte	0x50
 628 0216 01       		.uleb128 0x1
 629 0217 30       		.byte	0x30
 630 0218 00       		.byte	0
 631 0219 08       		.uleb128 0x8
 632 021a 46000000 		.4byte	.LVL18
 633 021e 94030000 		.4byte	0x394
ARM GAS  C:\Users\Petro\AppData\Local\Temp\ccO7tGKi.s 			page 14


 634 0222 07       		.uleb128 0x7
 635 0223 01       		.uleb128 0x1
 636 0224 50       		.byte	0x50
 637 0225 01       		.uleb128 0x1
 638 0226 30       		.byte	0x30
 639 0227 00       		.byte	0
 640 0228 00       		.byte	0
 641 0229 05       		.uleb128 0x5
 642 022a 47000000 		.4byte	.LASF25
 643 022e 01       		.byte	0x1
 644 022f 3B       		.byte	0x3b
 645 0230 00000000 		.4byte	.LFB6
 646 0234 1A000000 		.4byte	.LFE6-.LFB6
 647 0238 01       		.uleb128 0x1
 648 0239 9C       		.byte	0x9c
 649 023a 75020000 		.4byte	0x275
 650 023e 0A       		.uleb128 0xa
 651 023f BC000000 		.4byte	.LASF27
 652 0243 01       		.byte	0x1
 653 0244 3B       		.byte	0x3b
 654 0245 75020000 		.4byte	0x275
 655 0249 53000000 		.4byte	.LLST2
 656 024d 0C       		.uleb128 0xc
 657 024e 636E7400 		.ascii	"cnt\000"
 658 0252 01       		.byte	0x1
 659 0253 3B       		.byte	0x3b
 660 0254 97000000 		.4byte	0x97
 661 0258 7F000000 		.4byte	.LLST3
 662 025c 0B       		.uleb128 0xb
 663 025d 39000000 		.4byte	.LASF29
 664 0261 01       		.byte	0x1
 665 0262 3D       		.byte	0x3d
 666 0263 97000000 		.4byte	0x97
 667 0267 A0000000 		.4byte	.LLST4
 668 026b 0D       		.uleb128 0xd
 669 026c 10000000 		.4byte	.LVL24
 670 0270 74010000 		.4byte	0x174
 671 0274 00       		.byte	0
 672 0275 0E       		.uleb128 0xe
 673 0276 04       		.byte	0x4
 674 0277 8C000000 		.4byte	0x8c
 675 027b 0F       		.uleb128 0xf
 676 027c 8F000000 		.4byte	.LASF40
 677 0280 01       		.byte	0x1
 678 0281 45       		.byte	0x45
 679 0282 8C000000 		.4byte	0x8c
 680 0286 00000000 		.4byte	.LFB7
 681 028a 40000000 		.4byte	.LFE7-.LFB7
 682 028e 01       		.uleb128 0x1
 683 028f 9C       		.byte	0x9c
 684 0290 26030000 		.4byte	0x326
 685 0294 0B       		.uleb128 0xb
 686 0295 4D010000 		.4byte	.LASF28
 687 0299 01       		.byte	0x1
 688 029a 47       		.byte	0x47
 689 029b A2000000 		.4byte	0xa2
 690 029f CA000000 		.4byte	.LLST5
ARM GAS  C:\Users\Petro\AppData\Local\Temp\ccO7tGKi.s 			page 15


 691 02a3 0B       		.uleb128 0xb
 692 02a4 81000000 		.4byte	.LASF30
 693 02a8 01       		.byte	0x1
 694 02a9 48       		.byte	0x48
 695 02aa A2000000 		.4byte	0xa2
 696 02ae E9000000 		.4byte	.LLST6
 697 02b2 0B       		.uleb128 0xb
 698 02b3 9C000000 		.4byte	.LASF31
 699 02b7 01       		.byte	0x1
 700 02b8 48       		.byte	0x48
 701 02b9 A2000000 		.4byte	0xa2
 702 02bd 08010000 		.4byte	.LLST7
 703 02c1 06       		.uleb128 0x6
 704 02c2 0E000000 		.4byte	.LVL31
 705 02c6 94030000 		.4byte	0x394
 706 02ca D4020000 		.4byte	0x2d4
 707 02ce 07       		.uleb128 0x7
 708 02cf 01       		.uleb128 0x1
 709 02d0 50       		.byte	0x50
 710 02d1 01       		.uleb128 0x1
 711 02d2 31       		.byte	0x31
 712 02d3 00       		.byte	0
 713 02d4 06       		.uleb128 0x6
 714 02d5 14000000 		.4byte	.LVL32
 715 02d9 83030000 		.4byte	0x383
 716 02dd E7020000 		.4byte	0x2e7
 717 02e1 07       		.uleb128 0x7
 718 02e2 01       		.uleb128 0x1
 719 02e3 50       		.byte	0x50
 720 02e4 01       		.uleb128 0x1
 721 02e5 31       		.byte	0x31
 722 02e6 00       		.byte	0
 723 02e7 0D       		.uleb128 0xd
 724 02e8 18000000 		.4byte	.LVL33
 725 02ec B6030000 		.4byte	0x3b6
 726 02f0 06       		.uleb128 0x6
 727 02f1 26000000 		.4byte	.LVL36
 728 02f5 83030000 		.4byte	0x383
 729 02f9 03030000 		.4byte	0x303
 730 02fd 07       		.uleb128 0x7
 731 02fe 01       		.uleb128 0x1
 732 02ff 50       		.byte	0x50
 733 0300 01       		.uleb128 0x1
 734 0301 30       		.byte	0x30
 735 0302 00       		.byte	0
 736 0303 06       		.uleb128 0x6
 737 0304 2C000000 		.4byte	.LVL37
 738 0308 A5030000 		.4byte	0x3a5
 739 030c 16030000 		.4byte	0x316
 740 0310 07       		.uleb128 0x7
 741 0311 01       		.uleb128 0x1
 742 0312 50       		.byte	0x50
 743 0313 01       		.uleb128 0x1
 744 0314 3F       		.byte	0x3f
 745 0315 00       		.byte	0
 746 0316 08       		.uleb128 0x8
 747 0317 3C000000 		.4byte	.LVL41
ARM GAS  C:\Users\Petro\AppData\Local\Temp\ccO7tGKi.s 			page 16


 748 031b 94030000 		.4byte	0x394
 749 031f 07       		.uleb128 0x7
 750 0320 01       		.uleb128 0x1
 751 0321 50       		.byte	0x50
 752 0322 01       		.uleb128 0x1
 753 0323 30       		.byte	0x30
 754 0324 00       		.byte	0
 755 0325 00       		.byte	0
 756 0326 05       		.uleb128 0x5
 757 0327 29010000 		.4byte	.LASF32
 758 032b 01       		.byte	0x1
 759 032c 5D       		.byte	0x5d
 760 032d 00000000 		.4byte	.LFB8
 761 0331 1C000000 		.4byte	.LFE8-.LFB8
 762 0335 01       		.uleb128 0x1
 763 0336 9C       		.byte	0x9c
 764 0337 72030000 		.4byte	0x372
 765 033b 0A       		.uleb128 0xa
 766 033c BC000000 		.4byte	.LASF27
 767 0340 01       		.byte	0x1
 768 0341 5D       		.byte	0x5d
 769 0342 75020000 		.4byte	0x275
 770 0346 20010000 		.4byte	.LLST8
 771 034a 0C       		.uleb128 0xc
 772 034b 636E7400 		.ascii	"cnt\000"
 773 034f 01       		.byte	0x1
 774 0350 5D       		.byte	0x5d
 775 0351 97000000 		.4byte	0x97
 776 0355 4C010000 		.4byte	.LLST9
 777 0359 0B       		.uleb128 0xb
 778 035a 39000000 		.4byte	.LASF29
 779 035e 01       		.byte	0x1
 780 035f 5F       		.byte	0x5f
 781 0360 97000000 		.4byte	0x97
 782 0364 6D010000 		.4byte	.LLST10
 783 0368 0D       		.uleb128 0xd
 784 0369 10000000 		.4byte	.LVL47
 785 036d 7B020000 		.4byte	0x27b
 786 0371 00       		.byte	0
 787 0372 10       		.uleb128 0x10
 788 0373 DE000000 		.4byte	.LASF33
 789 0377 05       		.byte	0x5
 790 0378 33       		.byte	0x33
 791 0379 83030000 		.4byte	0x383
 792 037d 11       		.uleb128 0x11
 793 037e AD000000 		.4byte	0xad
 794 0382 00       		.byte	0
 795 0383 10       		.uleb128 0x10
 796 0384 3F010000 		.4byte	.LASF34
 797 0388 06       		.byte	0x6
 798 0389 33       		.byte	0x33
 799 038a 94030000 		.4byte	0x394
 800 038e 11       		.uleb128 0x11
 801 038f AD000000 		.4byte	0xad
 802 0393 00       		.byte	0
 803 0394 10       		.uleb128 0x10
 804 0395 78010000 		.4byte	.LASF35
ARM GAS  C:\Users\Petro\AppData\Local\Temp\ccO7tGKi.s 			page 17


 805 0399 07       		.byte	0x7
 806 039a 33       		.byte	0x33
 807 039b A5030000 		.4byte	0x3a5
 808 039f 11       		.uleb128 0x11
 809 03a0 AD000000 		.4byte	0xad
 810 03a4 00       		.byte	0
 811 03a5 10       		.uleb128 0x10
 812 03a6 00000000 		.4byte	.LASF36
 813 03aa 08       		.byte	0x8
 814 03ab 5A       		.byte	0x5a
 815 03ac B6030000 		.4byte	0x3b6
 816 03b0 11       		.uleb128 0x11
 817 03b1 B8000000 		.4byte	0xb8
 818 03b5 00       		.byte	0
 819 03b6 12       		.uleb128 0x12
 820 03b7 A3000000 		.4byte	.LASF41
 821 03bb 09       		.byte	0x9
 822 03bc 32       		.byte	0x32
 823 03bd AD000000 		.4byte	0xad
 824 03c1 00       		.byte	0
 825              		.section	.debug_abbrev,"",%progbits
 826              	.Ldebug_abbrev0:
 827 0000 01       		.uleb128 0x1
 828 0001 11       		.uleb128 0x11
 829 0002 01       		.byte	0x1
 830 0003 25       		.uleb128 0x25
 831 0004 0E       		.uleb128 0xe
 832 0005 13       		.uleb128 0x13
 833 0006 0B       		.uleb128 0xb
 834 0007 03       		.uleb128 0x3
 835 0008 0E       		.uleb128 0xe
 836 0009 1B       		.uleb128 0x1b
 837 000a 0E       		.uleb128 0xe
 838 000b 55       		.uleb128 0x55
 839 000c 17       		.uleb128 0x17
 840 000d 11       		.uleb128 0x11
 841 000e 01       		.uleb128 0x1
 842 000f 10       		.uleb128 0x10
 843 0010 17       		.uleb128 0x17
 844 0011 00       		.byte	0
 845 0012 00       		.byte	0
 846 0013 02       		.uleb128 0x2
 847 0014 24       		.uleb128 0x24
 848 0015 00       		.byte	0
 849 0016 0B       		.uleb128 0xb
 850 0017 0B       		.uleb128 0xb
 851 0018 3E       		.uleb128 0x3e
 852 0019 0B       		.uleb128 0xb
 853 001a 03       		.uleb128 0x3
 854 001b 0E       		.uleb128 0xe
 855 001c 00       		.byte	0
 856 001d 00       		.byte	0
 857 001e 03       		.uleb128 0x3
 858 001f 16       		.uleb128 0x16
 859 0020 00       		.byte	0
 860 0021 03       		.uleb128 0x3
 861 0022 0E       		.uleb128 0xe
ARM GAS  C:\Users\Petro\AppData\Local\Temp\ccO7tGKi.s 			page 18


 862 0023 3A       		.uleb128 0x3a
 863 0024 0B       		.uleb128 0xb
 864 0025 3B       		.uleb128 0x3b
 865 0026 0B       		.uleb128 0xb
 866 0027 49       		.uleb128 0x49
 867 0028 13       		.uleb128 0x13
 868 0029 00       		.byte	0
 869 002a 00       		.byte	0
 870 002b 04       		.uleb128 0x4
 871 002c 24       		.uleb128 0x24
 872 002d 00       		.byte	0
 873 002e 0B       		.uleb128 0xb
 874 002f 0B       		.uleb128 0xb
 875 0030 3E       		.uleb128 0x3e
 876 0031 0B       		.uleb128 0xb
 877 0032 03       		.uleb128 0x3
 878 0033 08       		.uleb128 0x8
 879 0034 00       		.byte	0
 880 0035 00       		.byte	0
 881 0036 05       		.uleb128 0x5
 882 0037 2E       		.uleb128 0x2e
 883 0038 01       		.byte	0x1
 884 0039 3F       		.uleb128 0x3f
 885 003a 19       		.uleb128 0x19
 886 003b 03       		.uleb128 0x3
 887 003c 0E       		.uleb128 0xe
 888 003d 3A       		.uleb128 0x3a
 889 003e 0B       		.uleb128 0xb
 890 003f 3B       		.uleb128 0x3b
 891 0040 0B       		.uleb128 0xb
 892 0041 27       		.uleb128 0x27
 893 0042 19       		.uleb128 0x19
 894 0043 11       		.uleb128 0x11
 895 0044 01       		.uleb128 0x1
 896 0045 12       		.uleb128 0x12
 897 0046 06       		.uleb128 0x6
 898 0047 40       		.uleb128 0x40
 899 0048 18       		.uleb128 0x18
 900 0049 9742     		.uleb128 0x2117
 901 004b 19       		.uleb128 0x19
 902 004c 01       		.uleb128 0x1
 903 004d 13       		.uleb128 0x13
 904 004e 00       		.byte	0
 905 004f 00       		.byte	0
 906 0050 06       		.uleb128 0x6
 907 0051 898201   		.uleb128 0x4109
 908 0054 01       		.byte	0x1
 909 0055 11       		.uleb128 0x11
 910 0056 01       		.uleb128 0x1
 911 0057 31       		.uleb128 0x31
 912 0058 13       		.uleb128 0x13
 913 0059 01       		.uleb128 0x1
 914 005a 13       		.uleb128 0x13
 915 005b 00       		.byte	0
 916 005c 00       		.byte	0
 917 005d 07       		.uleb128 0x7
 918 005e 8A8201   		.uleb128 0x410a
ARM GAS  C:\Users\Petro\AppData\Local\Temp\ccO7tGKi.s 			page 19


 919 0061 00       		.byte	0
 920 0062 02       		.uleb128 0x2
 921 0063 18       		.uleb128 0x18
 922 0064 9142     		.uleb128 0x2111
 923 0066 18       		.uleb128 0x18
 924 0067 00       		.byte	0
 925 0068 00       		.byte	0
 926 0069 08       		.uleb128 0x8
 927 006a 898201   		.uleb128 0x4109
 928 006d 01       		.byte	0x1
 929 006e 11       		.uleb128 0x11
 930 006f 01       		.uleb128 0x1
 931 0070 31       		.uleb128 0x31
 932 0071 13       		.uleb128 0x13
 933 0072 00       		.byte	0
 934 0073 00       		.byte	0
 935 0074 09       		.uleb128 0x9
 936 0075 2E       		.uleb128 0x2e
 937 0076 01       		.byte	0x1
 938 0077 3F       		.uleb128 0x3f
 939 0078 19       		.uleb128 0x19
 940 0079 03       		.uleb128 0x3
 941 007a 0E       		.uleb128 0xe
 942 007b 3A       		.uleb128 0x3a
 943 007c 0B       		.uleb128 0xb
 944 007d 3B       		.uleb128 0x3b
 945 007e 0B       		.uleb128 0xb
 946 007f 11       		.uleb128 0x11
 947 0080 01       		.uleb128 0x1
 948 0081 12       		.uleb128 0x12
 949 0082 06       		.uleb128 0x6
 950 0083 40       		.uleb128 0x40
 951 0084 18       		.uleb128 0x18
 952 0085 9742     		.uleb128 0x2117
 953 0087 19       		.uleb128 0x19
 954 0088 01       		.uleb128 0x1
 955 0089 13       		.uleb128 0x13
 956 008a 00       		.byte	0
 957 008b 00       		.byte	0
 958 008c 0A       		.uleb128 0xa
 959 008d 05       		.uleb128 0x5
 960 008e 00       		.byte	0
 961 008f 03       		.uleb128 0x3
 962 0090 0E       		.uleb128 0xe
 963 0091 3A       		.uleb128 0x3a
 964 0092 0B       		.uleb128 0xb
 965 0093 3B       		.uleb128 0x3b
 966 0094 0B       		.uleb128 0xb
 967 0095 49       		.uleb128 0x49
 968 0096 13       		.uleb128 0x13
 969 0097 02       		.uleb128 0x2
 970 0098 17       		.uleb128 0x17
 971 0099 00       		.byte	0
 972 009a 00       		.byte	0
 973 009b 0B       		.uleb128 0xb
 974 009c 34       		.uleb128 0x34
 975 009d 00       		.byte	0
ARM GAS  C:\Users\Petro\AppData\Local\Temp\ccO7tGKi.s 			page 20


 976 009e 03       		.uleb128 0x3
 977 009f 0E       		.uleb128 0xe
 978 00a0 3A       		.uleb128 0x3a
 979 00a1 0B       		.uleb128 0xb
 980 00a2 3B       		.uleb128 0x3b
 981 00a3 0B       		.uleb128 0xb
 982 00a4 49       		.uleb128 0x49
 983 00a5 13       		.uleb128 0x13
 984 00a6 02       		.uleb128 0x2
 985 00a7 17       		.uleb128 0x17
 986 00a8 00       		.byte	0
 987 00a9 00       		.byte	0
 988 00aa 0C       		.uleb128 0xc
 989 00ab 05       		.uleb128 0x5
 990 00ac 00       		.byte	0
 991 00ad 03       		.uleb128 0x3
 992 00ae 08       		.uleb128 0x8
 993 00af 3A       		.uleb128 0x3a
 994 00b0 0B       		.uleb128 0xb
 995 00b1 3B       		.uleb128 0x3b
 996 00b2 0B       		.uleb128 0xb
 997 00b3 49       		.uleb128 0x49
 998 00b4 13       		.uleb128 0x13
 999 00b5 02       		.uleb128 0x2
 1000 00b6 17       		.uleb128 0x17
 1001 00b7 00       		.byte	0
 1002 00b8 00       		.byte	0
 1003 00b9 0D       		.uleb128 0xd
 1004 00ba 898201   		.uleb128 0x4109
 1005 00bd 00       		.byte	0
 1006 00be 11       		.uleb128 0x11
 1007 00bf 01       		.uleb128 0x1
 1008 00c0 31       		.uleb128 0x31
 1009 00c1 13       		.uleb128 0x13
 1010 00c2 00       		.byte	0
 1011 00c3 00       		.byte	0
 1012 00c4 0E       		.uleb128 0xe
 1013 00c5 0F       		.uleb128 0xf
 1014 00c6 00       		.byte	0
 1015 00c7 0B       		.uleb128 0xb
 1016 00c8 0B       		.uleb128 0xb
 1017 00c9 49       		.uleb128 0x49
 1018 00ca 13       		.uleb128 0x13
 1019 00cb 00       		.byte	0
 1020 00cc 00       		.byte	0
 1021 00cd 0F       		.uleb128 0xf
 1022 00ce 2E       		.uleb128 0x2e
 1023 00cf 01       		.byte	0x1
 1024 00d0 3F       		.uleb128 0x3f
 1025 00d1 19       		.uleb128 0x19
 1026 00d2 03       		.uleb128 0x3
 1027 00d3 0E       		.uleb128 0xe
 1028 00d4 3A       		.uleb128 0x3a
 1029 00d5 0B       		.uleb128 0xb
 1030 00d6 3B       		.uleb128 0x3b
 1031 00d7 0B       		.uleb128 0xb
 1032 00d8 27       		.uleb128 0x27
ARM GAS  C:\Users\Petro\AppData\Local\Temp\ccO7tGKi.s 			page 21


 1033 00d9 19       		.uleb128 0x19
 1034 00da 49       		.uleb128 0x49
 1035 00db 13       		.uleb128 0x13
 1036 00dc 11       		.uleb128 0x11
 1037 00dd 01       		.uleb128 0x1
 1038 00de 12       		.uleb128 0x12
 1039 00df 06       		.uleb128 0x6
 1040 00e0 40       		.uleb128 0x40
 1041 00e1 18       		.uleb128 0x18
 1042 00e2 9742     		.uleb128 0x2117
 1043 00e4 19       		.uleb128 0x19
 1044 00e5 01       		.uleb128 0x1
 1045 00e6 13       		.uleb128 0x13
 1046 00e7 00       		.byte	0
 1047 00e8 00       		.byte	0
 1048 00e9 10       		.uleb128 0x10
 1049 00ea 2E       		.uleb128 0x2e
 1050 00eb 01       		.byte	0x1
 1051 00ec 3F       		.uleb128 0x3f
 1052 00ed 19       		.uleb128 0x19
 1053 00ee 03       		.uleb128 0x3
 1054 00ef 0E       		.uleb128 0xe
 1055 00f0 3A       		.uleb128 0x3a
 1056 00f1 0B       		.uleb128 0xb
 1057 00f2 3B       		.uleb128 0x3b
 1058 00f3 0B       		.uleb128 0xb
 1059 00f4 27       		.uleb128 0x27
 1060 00f5 19       		.uleb128 0x19
 1061 00f6 3C       		.uleb128 0x3c
 1062 00f7 19       		.uleb128 0x19
 1063 00f8 01       		.uleb128 0x1
 1064 00f9 13       		.uleb128 0x13
 1065 00fa 00       		.byte	0
 1066 00fb 00       		.byte	0
 1067 00fc 11       		.uleb128 0x11
 1068 00fd 05       		.uleb128 0x5
 1069 00fe 00       		.byte	0
 1070 00ff 49       		.uleb128 0x49
 1071 0100 13       		.uleb128 0x13
 1072 0101 00       		.byte	0
 1073 0102 00       		.byte	0
 1074 0103 12       		.uleb128 0x12
 1075 0104 2E       		.uleb128 0x2e
 1076 0105 00       		.byte	0
 1077 0106 3F       		.uleb128 0x3f
 1078 0107 19       		.uleb128 0x19
 1079 0108 03       		.uleb128 0x3
 1080 0109 0E       		.uleb128 0xe
 1081 010a 3A       		.uleb128 0x3a
 1082 010b 0B       		.uleb128 0xb
 1083 010c 3B       		.uleb128 0x3b
 1084 010d 0B       		.uleb128 0xb
 1085 010e 27       		.uleb128 0x27
 1086 010f 19       		.uleb128 0x19
 1087 0110 49       		.uleb128 0x49
 1088 0111 13       		.uleb128 0x13
 1089 0112 3C       		.uleb128 0x3c
ARM GAS  C:\Users\Petro\AppData\Local\Temp\ccO7tGKi.s 			page 22


 1090 0113 19       		.uleb128 0x19
 1091 0114 00       		.byte	0
 1092 0115 00       		.byte	0
 1093 0116 00       		.byte	0
 1094              		.section	.debug_loc,"",%progbits
 1095              	.Ldebug_loc0:
 1096              	.LLST0:
 1097 0000 00000000 		.4byte	.LVL5
 1098 0004 08000000 		.4byte	.LVL7
 1099 0008 0100     		.2byte	0x1
 1100 000a 50       		.byte	0x50
 1101 000b 08000000 		.4byte	.LVL7
 1102 000f 36000000 		.4byte	.LVL14
 1103 0013 0100     		.2byte	0x1
 1104 0015 55       		.byte	0x55
 1105 0016 38000000 		.4byte	.LVL15
 1106 001a 46000000 		.4byte	.LVL20
 1107 001e 0100     		.2byte	0x1
 1108 0020 55       		.byte	0x55
 1109 0021 00000000 		.4byte	0
 1110 0025 00000000 		.4byte	0
 1111              	.LLST1:
 1112 0029 04000000 		.4byte	.LVL6
 1113 002d 08000000 		.4byte	.LVL7
 1114 0031 0200     		.2byte	0x2
 1115 0033 38       		.byte	0x38
 1116 0034 9F       		.byte	0x9f
 1117 0035 08000000 		.4byte	.LVL7
 1118 0039 3A000000 		.4byte	.LVL16
 1119 003d 0100     		.2byte	0x1
 1120 003f 54       		.byte	0x54
 1121 0040 3C000000 		.4byte	.LVL17
 1122 0044 46000000 		.4byte	.LVL19
 1123 0048 0100     		.2byte	0x1
 1124 004a 54       		.byte	0x54
 1125 004b 00000000 		.4byte	0
 1126 004f 00000000 		.4byte	0
 1127              	.LLST2:
 1128 0053 00000000 		.4byte	.LVL21
 1129 0057 0A000000 		.4byte	.LVL23
 1130 005b 0100     		.2byte	0x1
 1131 005d 50       		.byte	0x50
 1132 005e 0A000000 		.4byte	.LVL23
 1133 0062 18000000 		.4byte	.LVL28
 1134 0066 0100     		.2byte	0x1
 1135 0068 56       		.byte	0x56
 1136 0069 18000000 		.4byte	.LVL28
 1137 006d 1A000000 		.4byte	.LFE6
 1138 0071 0400     		.2byte	0x4
 1139 0073 F3       		.byte	0xf3
 1140 0074 01       		.uleb128 0x1
 1141 0075 50       		.byte	0x50
 1142 0076 9F       		.byte	0x9f
 1143 0077 00000000 		.4byte	0
 1144 007b 00000000 		.4byte	0
 1145              	.LLST3:
 1146 007f 00000000 		.4byte	.LVL21
ARM GAS  C:\Users\Petro\AppData\Local\Temp\ccO7tGKi.s 			page 23


 1147 0083 0A000000 		.4byte	.LVL23
 1148 0087 0100     		.2byte	0x1
 1149 0089 51       		.byte	0x51
 1150 008a 0A000000 		.4byte	.LVL23
 1151 008e 1A000000 		.4byte	.LFE6
 1152 0092 0400     		.2byte	0x4
 1153 0094 F3       		.byte	0xf3
 1154 0095 01       		.uleb128 0x1
 1155 0096 51       		.byte	0x51
 1156 0097 9F       		.byte	0x9f
 1157 0098 00000000 		.4byte	0
 1158 009c 00000000 		.4byte	0
 1159              	.LLST4:
 1160 00a0 06000000 		.4byte	.LVL22
 1161 00a4 0A000000 		.4byte	.LVL23
 1162 00a8 0200     		.2byte	0x2
 1163 00aa 30       		.byte	0x30
 1164 00ab 9F       		.byte	0x9f
 1165 00ac 0A000000 		.4byte	.LVL23
 1166 00b0 12000000 		.4byte	.LVL25
 1167 00b4 0100     		.2byte	0x1
 1168 00b6 54       		.byte	0x54
 1169 00b7 14000000 		.4byte	.LVL26
 1170 00bb 18000000 		.4byte	.LVL27
 1171 00bf 0100     		.2byte	0x1
 1172 00c1 54       		.byte	0x54
 1173 00c2 00000000 		.4byte	0
 1174 00c6 00000000 		.4byte	0
 1175              	.LLST5:
 1176 00ca 02000000 		.4byte	.LVL29
 1177 00ce 08000000 		.4byte	.LVL30
 1178 00d2 0200     		.2byte	0x2
 1179 00d4 38       		.byte	0x38
 1180 00d5 9F       		.byte	0x9f
 1181 00d6 08000000 		.4byte	.LVL30
 1182 00da 3E000000 		.4byte	.LVL43
 1183 00de 0100     		.2byte	0x1
 1184 00e0 55       		.byte	0x55
 1185 00e1 00000000 		.4byte	0
 1186 00e5 00000000 		.4byte	0
 1187              	.LLST6:
 1188 00e9 02000000 		.4byte	.LVL29
 1189 00ed 08000000 		.4byte	.LVL30
 1190 00f1 0200     		.2byte	0x2
 1191 00f3 30       		.byte	0x30
 1192 00f4 9F       		.byte	0x9f
 1193 00f5 08000000 		.4byte	.LVL30
 1194 00f9 3E000000 		.4byte	.LVL42
 1195 00fd 0100     		.2byte	0x1
 1196 00ff 54       		.byte	0x54
 1197 0100 00000000 		.4byte	0
 1198 0104 00000000 		.4byte	0
 1199              	.LLST7:
 1200 0108 18000000 		.4byte	.LVL33
 1201 010c 22000000 		.4byte	.LVL35
 1202 0110 0600     		.2byte	0x6
 1203 0112 70       		.byte	0x70
ARM GAS  C:\Users\Petro\AppData\Local\Temp\ccO7tGKi.s 			page 24


 1204 0113 00       		.sleb128 0
 1205 0114 08       		.byte	0x8
 1206 0115 FF       		.byte	0xff
 1207 0116 1A       		.byte	0x1a
 1208 0117 9F       		.byte	0x9f
 1209 0118 00000000 		.4byte	0
 1210 011c 00000000 		.4byte	0
 1211              	.LLST8:
 1212 0120 00000000 		.4byte	.LVL44
 1213 0124 0A000000 		.4byte	.LVL46
 1214 0128 0100     		.2byte	0x1
 1215 012a 50       		.byte	0x50
 1216 012b 0A000000 		.4byte	.LVL46
 1217 012f 1A000000 		.4byte	.LVL51
 1218 0133 0100     		.2byte	0x1
 1219 0135 57       		.byte	0x57
 1220 0136 1A000000 		.4byte	.LVL51
 1221 013a 1C000000 		.4byte	.LFE8
 1222 013e 0400     		.2byte	0x4
 1223 0140 F3       		.byte	0xf3
 1224 0141 01       		.uleb128 0x1
 1225 0142 50       		.byte	0x50
 1226 0143 9F       		.byte	0x9f
 1227 0144 00000000 		.4byte	0
 1228 0148 00000000 		.4byte	0
 1229              	.LLST9:
 1230 014c 00000000 		.4byte	.LVL44
 1231 0150 0A000000 		.4byte	.LVL46
 1232 0154 0100     		.2byte	0x1
 1233 0156 51       		.byte	0x51
 1234 0157 0A000000 		.4byte	.LVL46
 1235 015b 1C000000 		.4byte	.LFE8
 1236 015f 0400     		.2byte	0x4
 1237 0161 F3       		.byte	0xf3
 1238 0162 01       		.uleb128 0x1
 1239 0163 51       		.byte	0x51
 1240 0164 9F       		.byte	0x9f
 1241 0165 00000000 		.4byte	0
 1242 0169 00000000 		.4byte	0
 1243              	.LLST10:
 1244 016d 06000000 		.4byte	.LVL45
 1245 0171 0A000000 		.4byte	.LVL46
 1246 0175 0200     		.2byte	0x2
 1247 0177 30       		.byte	0x30
 1248 0178 9F       		.byte	0x9f
 1249 0179 0A000000 		.4byte	.LVL46
 1250 017d 14000000 		.4byte	.LVL48
 1251 0181 0100     		.2byte	0x1
 1252 0183 54       		.byte	0x54
 1253 0184 16000000 		.4byte	.LVL49
 1254 0188 1A000000 		.4byte	.LVL50
 1255 018c 0100     		.2byte	0x1
 1256 018e 54       		.byte	0x54
 1257 018f 00000000 		.4byte	0
 1258 0193 00000000 		.4byte	0
 1259              		.section	.debug_aranges,"",%progbits
 1260 0000 4C000000 		.4byte	0x4c
ARM GAS  C:\Users\Petro\AppData\Local\Temp\ccO7tGKi.s 			page 25


 1261 0004 0200     		.2byte	0x2
 1262 0006 00000000 		.4byte	.Ldebug_info0
 1263 000a 04       		.byte	0x4
 1264 000b 00       		.byte	0
 1265 000c 0000     		.2byte	0
 1266 000e 0000     		.2byte	0
 1267 0010 00000000 		.4byte	.LFB2
 1268 0014 16000000 		.4byte	.LFE2-.LFB2
 1269 0018 00000000 		.4byte	.LFB3
 1270 001c 0A000000 		.4byte	.LFE3-.LFB3
 1271 0020 00000000 		.4byte	.LFB4
 1272 0024 0A000000 		.4byte	.LFE4-.LFB4
 1273 0028 00000000 		.4byte	.LFB5
 1274 002c 48000000 		.4byte	.LFE5-.LFB5
 1275 0030 00000000 		.4byte	.LFB6
 1276 0034 1A000000 		.4byte	.LFE6-.LFB6
 1277 0038 00000000 		.4byte	.LFB7
 1278 003c 40000000 		.4byte	.LFE7-.LFB7
 1279 0040 00000000 		.4byte	.LFB8
 1280 0044 1C000000 		.4byte	.LFE8-.LFB8
 1281 0048 00000000 		.4byte	0
 1282 004c 00000000 		.4byte	0
 1283              		.section	.debug_ranges,"",%progbits
 1284              	.Ldebug_ranges0:
 1285 0000 00000000 		.4byte	.LFB2
 1286 0004 16000000 		.4byte	.LFE2
 1287 0008 00000000 		.4byte	.LFB3
 1288 000c 0A000000 		.4byte	.LFE3
 1289 0010 00000000 		.4byte	.LFB4
 1290 0014 0A000000 		.4byte	.LFE4
 1291 0018 00000000 		.4byte	.LFB5
 1292 001c 48000000 		.4byte	.LFE5
 1293 0020 00000000 		.4byte	.LFB6
 1294 0024 1A000000 		.4byte	.LFE6
 1295 0028 00000000 		.4byte	.LFB7
 1296 002c 40000000 		.4byte	.LFE7
 1297 0030 00000000 		.4byte	.LFB8
 1298 0034 1C000000 		.4byte	.LFE8
 1299 0038 00000000 		.4byte	0
 1300 003c 00000000 		.4byte	0
 1301              		.section	.debug_line,"",%progbits
 1302              	.Ldebug_line0:
 1303 0000 75020000 		.section	.debug_str,"MS",%progbits,1
 1303      02007D01 
 1303      00000201 
 1303      FB0E0D00 
 1303      01010101 
 1304              	.LASF36:
 1305 0000 43794465 		.ascii	"CyDelayCycles\000"
 1305      6C617943 
 1305      79636C65 
 1305      7300
 1306              	.LASF3:
 1307 000e 5F5F7569 		.ascii	"__uint8_t\000"
 1307      6E74385F 
 1307      7400
 1308              	.LASF5:
ARM GAS  C:\Users\Petro\AppData\Local\Temp\ccO7tGKi.s 			page 26


 1309 0018 73686F72 		.ascii	"short unsigned int\000"
 1309      7420756E 
 1309      7369676E 
 1309      65642069 
 1309      6E7400
 1310              	.LASF23:
 1311 002b 5350495F 		.ascii	"SPI_Init\000"
 1311      496E6974 
 1311      00
 1312              	.LASF26:
 1313 0034 62797465 		.ascii	"byte\000"
 1313      00
 1314              	.LASF29:
 1315 0039 746D7044 		.ascii	"tmpData\000"
 1315      61746100 
 1316              	.LASF17:
 1317 0041 666C6F61 		.ascii	"float\000"
 1317      7400
 1318              	.LASF25:
 1319 0047 5350495F 		.ascii	"SPI_SendBuff\000"
 1319      53656E64 
 1319      42756666 
 1319      00
 1320              	.LASF1:
 1321 0054 756E7369 		.ascii	"unsigned char\000"
 1321      676E6564 
 1321      20636861 
 1321      7200
 1322              	.LASF24:
 1323 0062 5350495F 		.ascii	"SPI_SendByte\000"
 1323      53656E64 
 1323      42797465 
 1323      00
 1324              	.LASF8:
 1325 006f 6C6F6E67 		.ascii	"long unsigned int\000"
 1325      20756E73 
 1325      69676E65 
 1325      6420696E 
 1325      7400
 1326              	.LASF30:
 1327 0081 746D7042 		.ascii	"tmpBuff\000"
 1327      75666600 
 1328              	.LASF15:
 1329 0089 75696E74 		.ascii	"uint8\000"
 1329      3800
 1330              	.LASF40:
 1331 008f 5350495F 		.ascii	"SPI_RecvByte\000"
 1331      52656376 
 1331      42797465 
 1331      00
 1332              	.LASF31:
 1333 009c 746D7050 		.ascii	"tmpPin\000"
 1333      696E00
 1334              	.LASF41:
 1335 00a3 4D49534F 		.ascii	"MISO_SPI_Read\000"
 1335      5F535049 
 1335      5F526561 
ARM GAS  C:\Users\Petro\AppData\Local\Temp\ccO7tGKi.s 			page 27


 1335      6400
 1336              	.LASF38:
 1337 00b1 2E5C4857 		.ascii	".\\HW_SPI.c\000"
 1337      5F535049 
 1337      2E6300
 1338              	.LASF27:
 1339 00bc 62756666 		.ascii	"buff\000"
 1339      00
 1340              	.LASF21:
 1341 00c1 43686970 		.ascii	"ChipSelect\000"
 1341      53656C65 
 1341      637400
 1342              	.LASF4:
 1343 00cc 5F5F7569 		.ascii	"__uint16_t\000"
 1343      6E743136 
 1343      5F7400
 1344              	.LASF18:
 1345 00d7 646F7562 		.ascii	"double\000"
 1345      6C6500
 1346              	.LASF33:
 1347 00de 43535F53 		.ascii	"CS_SPI_Write\000"
 1347      50495F57 
 1347      72697465 
 1347      00
 1348              	.LASF7:
 1349 00eb 5F5F7569 		.ascii	"__uint32_t\000"
 1349      6E743332 
 1349      5F7400
 1350              	.LASF16:
 1351 00f6 75696E74 		.ascii	"uint32\000"
 1351      333200
 1352              	.LASF11:
 1353 00fd 756E7369 		.ascii	"unsigned int\000"
 1353      676E6564 
 1353      20696E74 
 1353      00
 1354              	.LASF10:
 1355 010a 6C6F6E67 		.ascii	"long long unsigned int\000"
 1355      206C6F6E 
 1355      6720756E 
 1355      7369676E 
 1355      65642069 
 1356              	.LASF12:
 1357 0121 75696E74 		.ascii	"uint8_t\000"
 1357      385F7400 
 1358              	.LASF32:
 1359 0129 5350495F 		.ascii	"SPI_RecvBuff\000"
 1359      52656376 
 1359      42756666 
 1359      00
 1360              	.LASF20:
 1361 0136 73697A65 		.ascii	"sizetype\000"
 1361      74797065 
 1361      00
 1362              	.LASF34:
 1363 013f 434C4B5F 		.ascii	"CLK_SPI_Write\000"
 1363      5350495F 
ARM GAS  C:\Users\Petro\AppData\Local\Temp\ccO7tGKi.s 			page 28


 1363      57726974 
 1363      6500
 1364              	.LASF28:
 1365 014d 636F756E 		.ascii	"countBites\000"
 1365      74426974 
 1365      657300
 1366              	.LASF9:
 1367 0158 6C6F6E67 		.ascii	"long long int\000"
 1367      206C6F6E 
 1367      6720696E 
 1367      7400
 1368              	.LASF19:
 1369 0166 63686172 		.ascii	"char\000"
 1369      00
 1370              	.LASF22:
 1371 016b 43686970 		.ascii	"ChipDeselect\000"
 1371      44657365 
 1371      6C656374 
 1371      00
 1372              	.LASF35:
 1373 0178 4D4F5349 		.ascii	"MOSI_SPI_Write\000"
 1373      5F535049 
 1373      5F577269 
 1373      746500
 1374              	.LASF37:
 1375 0187 474E5520 		.ascii	"GNU C 4.9.3 20150303 (release) [ARM/embedded-4_9-br"
 1375      4320342E 
 1375      392E3320 
 1375      32303135 
 1375      30333033 
 1376 01ba 616E6368 		.ascii	"anch revision 221220] -mcpu=cortex-m0 -mthumb -g -O"
 1376      20726576 
 1376      6973696F 
 1376      6E203232 
 1376      31323230 
 1377 01ed 67202D66 		.ascii	"g -ffunction-sections -ffat-lto-objects\000"
 1377      66756E63 
 1377      74696F6E 
 1377      2D736563 
 1377      74696F6E 
 1378              	.LASF2:
 1379 0215 73686F72 		.ascii	"short int\000"
 1379      7420696E 
 1379      7400
 1380              	.LASF13:
 1381 021f 75696E74 		.ascii	"uint16_t\000"
 1381      31365F74 
 1381      00
 1382              	.LASF14:
 1383 0228 75696E74 		.ascii	"uint32_t\000"
 1383      33325F74 
 1383      00
 1384              	.LASF6:
 1385 0231 6C6F6E67 		.ascii	"long int\000"
 1385      20696E74 
 1385      00
 1386              	.LASF0:
ARM GAS  C:\Users\Petro\AppData\Local\Temp\ccO7tGKi.s 			page 29


 1387 023a 7369676E 		.ascii	"signed char\000"
 1387      65642063 
 1387      68617200 
 1388              	.LASF39:
 1389 0246 443A5C43 		.ascii	"D:\\Cypress\\system-start-finish\\vesion 2\\fw\\fin"
 1389      79707265 
 1389      73735C73 
 1389      79737465 
 1389      6D2D7374 
 1390 0274 6973685C 		.ascii	"ish\\sandbox\\v2\\Fat\\Design01.cydsn\000"
 1390      73616E64 
 1390      626F785C 
 1390      76325C46 
 1390      61745C44 
 1391              		.ident	"GCC: (GNU Tools for ARM Embedded Processors) 4.9.3 20150303 (release) [ARM/embedded-4_9-br
