ARM GAS  C:\Users\Petro\AppData\Local\Temp\ccxxdRtY.s 			page 1


   1              		.cpu cortex-m0
   2              		.fpu softvfp
   3              		.eabi_attribute 20, 1
   4              		.eabi_attribute 21, 1
   5              		.eabi_attribute 23, 3
   6              		.eabi_attribute 24, 1
   7              		.eabi_attribute 25, 1
   8              		.eabi_attribute 26, 1
   9              		.eabi_attribute 30, 6
  10              		.eabi_attribute 34, 0
  11              		.eabi_attribute 18, 4
  12              		.code	16
  13              		.file	"main.c"
  14              		.text
  15              	.Ltext0:
  16              		.cfi_sections	.debug_frame
  17              		.comm	fatFs,560,4
  18              		.comm	fileO,552,4
  19              		.comm	createFlag,4,4
  20              		.comm	uartInputBuffer,255,4
  21              		.global	uartIBufferPtr
  22              		.bss
  23              		.type	uartIBufferPtr, %object
  24              		.size	uartIBufferPtr, 1
  25              	uartIBufferPtr:
  26 0000 00       		.space	1
  27              		.section	.rodata
  28              		.align	3
  29              	.LC0:
  30 0000 9E049F57 		.word	1470039198
  31 0004 00000000 		.word	0
  32 0008 6400     		.short	100
  33 000a 00000000 		.space	6
  33      0000
  34 0010 BD049F57 		.word	1470039229
  35 0014 00000000 		.word	0
  36 0018 C800     		.short	200
  37 001a 00000000 		.space	6
  37      0000
  38 0020 CB049F57 		.word	1470039243
  39 0024 00000000 		.word	0
  40 0028 2C01     		.short	300
  41 002a 00000000 		.space	6
  41      0000
  42              		.section	.text.main,"ax",%progbits
  43              		.align	2
  44              		.global	main
  45              		.code	16
  46              		.thumb_func
  47              		.type	main, %function
  48              	main:
  49              	.LFB61:
  50              		.file 1 ".\\main.c"
   1:.\main.c      **** /* ========================================
   2:.\main.c      ****  *
   3:.\main.c      ****  * Copyright YOUR COMPANY, THE YEAR
   4:.\main.c      ****  * All Rights Reserved
ARM GAS  C:\Users\Petro\AppData\Local\Temp\ccxxdRtY.s 			page 2


   5:.\main.c      ****  * UNPUBLISHED, LICENSED SOFTWARE.
   6:.\main.c      ****  *
   7:.\main.c      ****  * CONFIDENTIAL AND PROPRIETARY INFORMATION
   8:.\main.c      ****  * WHICH IS THE PROPERTY OF your company.
   9:.\main.c      ****  *
  10:.\main.c      ****  * ========================================
  11:.\main.c      **** */
  12:.\main.c      **** #include <project.h>
  13:.\main.c      **** #include <stdlib.h>
  14:.\main.c      **** #include <strings.h>
  15:.\main.c      **** #include <stdio.h>
  16:.\main.c      **** 
  17:.\main.c      **** #include "logResult.h"
  18:.\main.c      **** 
  19:.\main.c      **** char uartInputBuffer[255];
  20:.\main.c      **** uint8 uartIBufferPtr = 0;
  21:.\main.c      **** 
  22:.\main.c      **** void SendMenu();
  23:.\main.c      **** 
  24:.\main.c      **** 
  25:.\main.c      **** int main()
  26:.\main.c      **** {
  51              		.loc 1 26 0
  52              		.cfi_startproc
  53 0000 80B5     		push	{r7, lr}
  54              		.cfi_def_cfa_offset 8
  55              		.cfi_offset 7, -8
  56              		.cfi_offset 14, -4
  57 0002 8CB0     		sub	sp, sp, #48
  58              		.cfi_def_cfa_offset 56
  59 0004 00AF     		add	r7, sp, #0
  60              		.cfi_def_cfa_register 7
  27:.\main.c      ****     char uartchar;
  28:.\main.c      ****        
  29:.\main.c      ****     /* Start serial port. Send initial message.*/
  30:.\main.c      ****     UART_Start();
  61              		.loc 1 30 0
  62 0006 FFF7FEFF 		bl	UART_Start
  31:.\main.c      ****     RTC_Start();
  63              		.loc 1 31 0
  64 000a FFF7FEFF 		bl	RTC_Start
  32:.\main.c      ****     SendMenu();
  65              		.loc 1 32 0
  66 000e FFF7FEFF 		bl	SendMenu
  33:.\main.c      ****     logStart();
  67              		.loc 1 33 0
  68 0012 FFF7FEFF 		bl	logStart
  34:.\main.c      ****     skierDB_El res = {1470039198, 100, 1470039229, 200, 1470039243, 300};
  69              		.loc 1 34 0
  70 0016 3A1C     		mov	r2, r7
  71 0018 094B     		ldr	r3, .L3
  72 001a 111C     		mov	r1, r2
  73 001c 1A1C     		mov	r2, r3
  74 001e 3023     		mov	r3, #48
  75 0020 081C     		mov	r0, r1
  76 0022 111C     		mov	r1, r2
  77 0024 1A1C     		mov	r2, r3
ARM GAS  C:\Users\Petro\AppData\Local\Temp\ccxxdRtY.s 			page 3


  78 0026 FFF7FEFF 		bl	memcpy
  79              	.L2:
  35:.\main.c      ****     
  36:.\main.c      ****     for(;;)
  37:.\main.c      ****     {   
  38:.\main.c      ****         WriteSkierResult(&res);
  80              		.loc 1 38 0 discriminator 1
  81 002a 3B1C     		mov	r3, r7
  82 002c 181C     		mov	r0, r3
  83 002e FFF7FEFF 		bl	WriteSkierResult
  39:.\main.c      ****         CyDelay(500);
  84              		.loc 1 39 0 discriminator 1
  85 0032 FA23     		mov	r3, #250
  86 0034 5B00     		lsl	r3, r3, #1
  87 0036 181C     		mov	r0, r3
  88 0038 FFF7FEFF 		bl	CyDelay
  40:.\main.c      ****     }
  89              		.loc 1 40 0 discriminator 1
  90 003c F5E7     		b	.L2
  91              	.L4:
  92 003e C046     		.align	2
  93              	.L3:
  94 0040 00000000 		.word	.LC0
  95              		.cfi_endproc
  96              	.LFE61:
  97              		.size	main, .-main
  98              		.section	.rodata
  99              		.align	2
 100              	.LC2:
 101 0030 0A0A5053 		.ascii	"\012\012PSoC FatFs. PSoC 4200BLE FatFs Test.\012\015"
 101      6F432046 
 101      61744673 
 101      2E205053 
 101      6F432034 
 102 0058 00       		.ascii	"\000"
 103 0059 000000   		.align	2
 104              	.LC4:
 105 005c 53746172 		.ascii	"Start test :>\012\015\000"
 105      74207465 
 105      7374203A 
 105      3E0A0D00 
 106 006c 00000000 		.section	.text.SendMenu,"ax",%progbits
 107              		.align	2
 108              		.global	SendMenu
 109              		.code	16
 110              		.thumb_func
 111              		.type	SendMenu, %function
 112              	SendMenu:
 113              	.LFB62:
  41:.\main.c      ****     
  42:.\main.c      **** }
  43:.\main.c      **** 
  44:.\main.c      **** void SendMenu()
  45:.\main.c      **** {
 114              		.loc 1 45 0
 115              		.cfi_startproc
 116 0000 80B5     		push	{r7, lr}
ARM GAS  C:\Users\Petro\AppData\Local\Temp\ccxxdRtY.s 			page 4


 117              		.cfi_def_cfa_offset 8
 118              		.cfi_offset 7, -8
 119              		.cfi_offset 14, -4
 120 0002 00AF     		add	r7, sp, #0
 121              		.cfi_def_cfa_register 7
  46:.\main.c      ****     UART_UartPutString("\n\nPSoC FatFs. PSoC 4200BLE FatFs Test.\n\r");
 122              		.loc 1 46 0
 123 0004 044B     		ldr	r3, .L6
 124 0006 181C     		mov	r0, r3
 125 0008 FFF7FEFF 		bl	UART_UartPutString
  47:.\main.c      ****     
  48:.\main.c      ****     UART_UartPutString("Start test :>\n\r");    
 126              		.loc 1 48 0
 127 000c 034B     		ldr	r3, .L6+4
 128 000e 181C     		mov	r0, r3
 129 0010 FFF7FEFF 		bl	UART_UartPutString
  49:.\main.c      **** }
 130              		.loc 1 49 0
 131 0014 BD46     		mov	sp, r7
 132              		@ sp needed
 133 0016 80BD     		pop	{r7, pc}
 134              	.L7:
 135              		.align	2
 136              	.L6:
 137 0018 30000000 		.word	.LC2
 138 001c 5C000000 		.word	.LC4
 139              		.cfi_endproc
 140              	.LFE62:
 141              		.size	SendMenu, .-SendMenu
 142              		.text
 143              	.Letext0:
 144              		.file 2 "c:\\program files (x86)\\cypress\\psoc creator\\3.3\\psoc creator\\import\\gnu\\arm\\4.9.
 145              		.file 3 "c:\\program files (x86)\\cypress\\psoc creator\\3.3\\psoc creator\\import\\gnu\\arm\\4.9.
 146              		.file 4 "Generated_Source\\PSoC4/cytypes.h"
 147              		.file 5 ".\\FatFs\\integer.h"
 148              		.file 6 ".\\FatFs\\ff.h"
 149              		.file 7 ".\\logResult.h"
 150              		.section	.debug_info,"",%progbits
 151              	.Ldebug_info0:
 152 0000 D0030000 		.4byte	0x3d0
 153 0004 0400     		.2byte	0x4
 154 0006 00000000 		.4byte	.Ldebug_abbrev0
 155 000a 04       		.byte	0x4
 156 000b 01       		.uleb128 0x1
 157 000c 9F010000 		.4byte	.LASF61
 158 0010 01       		.byte	0x1
 159 0011 E2020000 		.4byte	.LASF62
 160 0015 2D020000 		.4byte	.LASF63
 161 0019 00000000 		.4byte	.Ldebug_ranges0+0
 162 001d 00000000 		.4byte	0
 163 0021 00000000 		.4byte	.Ldebug_line0
 164 0025 02       		.uleb128 0x2
 165 0026 01       		.byte	0x1
 166 0027 06       		.byte	0x6
 167 0028 18000000 		.4byte	.LASF0
 168 002c 02       		.uleb128 0x2
 169 002d 01       		.byte	0x1
ARM GAS  C:\Users\Petro\AppData\Local\Temp\ccxxdRtY.s 			page 5


 170 002e 08       		.byte	0x8
 171 002f 1C010000 		.4byte	.LASF1
 172 0033 02       		.uleb128 0x2
 173 0034 02       		.byte	0x2
 174 0035 05       		.byte	0x5
 175 0036 2D000000 		.4byte	.LASF2
 176 003a 03       		.uleb128 0x3
 177 003b 40000000 		.4byte	.LASF7
 178 003f 02       		.byte	0x2
 179 0040 2B       		.byte	0x2b
 180 0041 45000000 		.4byte	0x45
 181 0045 02       		.uleb128 0x2
 182 0046 02       		.byte	0x2
 183 0047 07       		.byte	0x7
 184 0048 7A010000 		.4byte	.LASF3
 185 004c 02       		.uleb128 0x2
 186 004d 04       		.byte	0x4
 187 004e 05       		.byte	0x5
 188 004f C4000000 		.4byte	.LASF4
 189 0053 02       		.uleb128 0x2
 190 0054 04       		.byte	0x4
 191 0055 07       		.byte	0x7
 192 0056 9C020000 		.4byte	.LASF5
 193 005a 02       		.uleb128 0x2
 194 005b 08       		.byte	0x8
 195 005c 05       		.byte	0x5
 196 005d A3000000 		.4byte	.LASF6
 197 0061 03       		.uleb128 0x3
 198 0062 8B020000 		.4byte	.LASF8
 199 0066 02       		.byte	0x2
 200 0067 5B       		.byte	0x5b
 201 0068 6C000000 		.4byte	0x6c
 202 006c 02       		.uleb128 0x2
 203 006d 08       		.byte	0x8
 204 006e 07       		.byte	0x7
 205 006f 3B010000 		.4byte	.LASF9
 206 0073 04       		.uleb128 0x4
 207 0074 04       		.byte	0x4
 208 0075 05       		.byte	0x5
 209 0076 696E7400 		.ascii	"int\000"
 210 007a 02       		.uleb128 0x2
 211 007b 04       		.byte	0x4
 212 007c 07       		.byte	0x7
 213 007d 52010000 		.4byte	.LASF10
 214 0081 03       		.uleb128 0x3
 215 0082 5F010000 		.4byte	.LASF11
 216 0086 03       		.byte	0x3
 217 0087 21       		.byte	0x21
 218 0088 3A000000 		.4byte	0x3a
 219 008c 03       		.uleb128 0x3
 220 008d 24000000 		.4byte	.LASF12
 221 0091 03       		.byte	0x3
 222 0092 39       		.byte	0x39
 223 0093 61000000 		.4byte	0x61
 224 0097 03       		.uleb128 0x3
 225 0098 83000000 		.4byte	.LASF13
 226 009c 04       		.byte	0x4
ARM GAS  C:\Users\Petro\AppData\Local\Temp\ccxxdRtY.s 			page 6


 227 009d C2       		.byte	0xc2
 228 009e 2C000000 		.4byte	0x2c
 229 00a2 02       		.uleb128 0x2
 230 00a3 04       		.byte	0x4
 231 00a4 04       		.byte	0x4
 232 00a5 9D000000 		.4byte	.LASF14
 233 00a9 02       		.uleb128 0x2
 234 00aa 08       		.byte	0x8
 235 00ab 04       		.byte	0x4
 236 00ac AE020000 		.4byte	.LASF15
 237 00b0 02       		.uleb128 0x2
 238 00b1 01       		.byte	0x1
 239 00b2 08       		.byte	0x8
 240 00b3 8D010000 		.4byte	.LASF16
 241 00b7 02       		.uleb128 0x2
 242 00b8 04       		.byte	0x4
 243 00b9 07       		.byte	0x7
 244 00ba 37000000 		.4byte	.LASF17
 245 00be 03       		.uleb128 0x3
 246 00bf 54000000 		.4byte	.LASF18
 247 00c3 05       		.byte	0x5
 248 00c4 10       		.byte	0x10
 249 00c5 2C000000 		.4byte	0x2c
 250 00c9 03       		.uleb128 0x3
 251 00ca 7E000000 		.4byte	.LASF19
 252 00ce 05       		.byte	0x5
 253 00cf 14       		.byte	0x14
 254 00d0 45000000 		.4byte	0x45
 255 00d4 03       		.uleb128 0x3
 256 00d5 0D010000 		.4byte	.LASF20
 257 00d9 05       		.byte	0x5
 258 00da 1D       		.byte	0x1d
 259 00db 53000000 		.4byte	0x53
 260 00df 03       		.uleb128 0x3
 261 00e0 83020000 		.4byte	.LASF21
 262 00e4 06       		.byte	0x6
 263 00e5 55       		.byte	0x55
 264 00e6 D4000000 		.4byte	0xd4
 265 00ea 05       		.uleb128 0x5
 266 00eb 3002     		.2byte	0x230
 267 00ed 06       		.byte	0x6
 268 00ee 5C       		.byte	0x5c
 269 00ef CB010000 		.4byte	0x1cb
 270 00f3 06       		.uleb128 0x6
 271 00f4 10000000 		.4byte	.LASF22
 272 00f8 06       		.byte	0x6
 273 00f9 5D       		.byte	0x5d
 274 00fa BE000000 		.4byte	0xbe
 275 00fe 00       		.byte	0
 276 00ff 07       		.uleb128 0x7
 277 0100 64727600 		.ascii	"drv\000"
 278 0104 06       		.byte	0x6
 279 0105 5E       		.byte	0x5e
 280 0106 BE000000 		.4byte	0xbe
 281 010a 01       		.byte	0x1
 282 010b 06       		.uleb128 0x6
 283 010c 00000000 		.4byte	.LASF23
ARM GAS  C:\Users\Petro\AppData\Local\Temp\ccxxdRtY.s 			page 7


 284 0110 06       		.byte	0x6
 285 0111 5F       		.byte	0x5f
 286 0112 BE000000 		.4byte	0xbe
 287 0116 02       		.byte	0x2
 288 0117 06       		.uleb128 0x6
 289 0118 35010000 		.4byte	.LASF24
 290 011c 06       		.byte	0x6
 291 011d 60       		.byte	0x60
 292 011e BE000000 		.4byte	0xbe
 293 0122 03       		.byte	0x3
 294 0123 06       		.uleb128 0x6
 295 0124 13010000 		.4byte	.LASF25
 296 0128 06       		.byte	0x6
 297 0129 61       		.byte	0x61
 298 012a BE000000 		.4byte	0xbe
 299 012e 04       		.byte	0x4
 300 012f 07       		.uleb128 0x7
 301 0130 696400   		.ascii	"id\000"
 302 0133 06       		.byte	0x6
 303 0134 62       		.byte	0x62
 304 0135 C9000000 		.4byte	0xc9
 305 0139 06       		.byte	0x6
 306 013a 06       		.uleb128 0x6
 307 013b D8020000 		.4byte	.LASF26
 308 013f 06       		.byte	0x6
 309 0140 63       		.byte	0x63
 310 0141 C9000000 		.4byte	0xc9
 311 0145 08       		.byte	0x8
 312 0146 06       		.uleb128 0x6
 313 0147 D3000000 		.4byte	.LASF27
 314 014b 06       		.byte	0x6
 315 014c 64       		.byte	0x64
 316 014d C9000000 		.4byte	0xc9
 317 0151 0A       		.byte	0xa
 318 0152 06       		.uleb128 0x6
 319 0153 68010000 		.4byte	.LASF28
 320 0157 06       		.byte	0x6
 321 0158 72       		.byte	0x72
 322 0159 D4000000 		.4byte	0xd4
 323 015d 0C       		.byte	0xc
 324 015e 06       		.uleb128 0x6
 325 015f 74000000 		.4byte	.LASF29
 326 0163 06       		.byte	0x6
 327 0164 73       		.byte	0x73
 328 0165 D4000000 		.4byte	0xd4
 329 0169 10       		.byte	0x10
 330 016a 06       		.uleb128 0x6
 331 016b 07000000 		.4byte	.LASF30
 332 016f 06       		.byte	0x6
 333 0170 7D       		.byte	0x7d
 334 0171 D4000000 		.4byte	0xd4
 335 0175 14       		.byte	0x14
 336 0176 06       		.uleb128 0x6
 337 0177 F7000000 		.4byte	.LASF31
 338 017b 06       		.byte	0x6
 339 017c 7E       		.byte	0x7e
 340 017d D4000000 		.4byte	0xd4
ARM GAS  C:\Users\Petro\AppData\Local\Temp\ccxxdRtY.s 			page 8


 341 0181 18       		.byte	0x18
 342 0182 06       		.uleb128 0x6
 343 0183 13030000 		.4byte	.LASF32
 344 0187 06       		.byte	0x6
 345 0188 7F       		.byte	0x7f
 346 0189 D4000000 		.4byte	0xd4
 347 018d 1C       		.byte	0x1c
 348 018e 06       		.uleb128 0x6
 349 018f 92010000 		.4byte	.LASF33
 350 0193 06       		.byte	0x6
 351 0194 80       		.byte	0x80
 352 0195 D4000000 		.4byte	0xd4
 353 0199 20       		.byte	0x20
 354 019a 06       		.uleb128 0x6
 355 019b C5020000 		.4byte	.LASF34
 356 019f 06       		.byte	0x6
 357 01a0 81       		.byte	0x81
 358 01a1 D4000000 		.4byte	0xd4
 359 01a5 24       		.byte	0x24
 360 01a6 06       		.uleb128 0x6
 361 01a7 4B000000 		.4byte	.LASF35
 362 01ab 06       		.byte	0x6
 363 01ac 82       		.byte	0x82
 364 01ad D4000000 		.4byte	0xd4
 365 01b1 28       		.byte	0x28
 366 01b2 06       		.uleb128 0x6
 367 01b3 1B030000 		.4byte	.LASF36
 368 01b7 06       		.byte	0x6
 369 01b8 83       		.byte	0x83
 370 01b9 D4000000 		.4byte	0xd4
 371 01bd 2C       		.byte	0x2c
 372 01be 07       		.uleb128 0x7
 373 01bf 77696E00 		.ascii	"win\000"
 374 01c3 06       		.byte	0x6
 375 01c4 84       		.byte	0x84
 376 01c5 CB010000 		.4byte	0x1cb
 377 01c9 30       		.byte	0x30
 378 01ca 00       		.byte	0
 379 01cb 08       		.uleb128 0x8
 380 01cc BE000000 		.4byte	0xbe
 381 01d0 DC010000 		.4byte	0x1dc
 382 01d4 09       		.uleb128 0x9
 383 01d5 B7000000 		.4byte	0xb7
 384 01d9 FF01     		.2byte	0x1ff
 385 01db 00       		.byte	0
 386 01dc 03       		.uleb128 0x3
 387 01dd 96020000 		.4byte	.LASF37
 388 01e1 06       		.byte	0x6
 389 01e2 85       		.byte	0x85
 390 01e3 EA000000 		.4byte	0xea
 391 01e7 0A       		.uleb128 0xa
 392 01e8 10       		.byte	0x10
 393 01e9 06       		.byte	0x6
 394 01ea 8B       		.byte	0x8b
 395 01eb 36020000 		.4byte	0x236
 396 01ef 07       		.uleb128 0x7
 397 01f0 667300   		.ascii	"fs\000"
ARM GAS  C:\Users\Petro\AppData\Local\Temp\ccxxdRtY.s 			page 9


 398 01f3 06       		.byte	0x6
 399 01f4 8C       		.byte	0x8c
 400 01f5 36020000 		.4byte	0x236
 401 01f9 00       		.byte	0
 402 01fa 07       		.uleb128 0x7
 403 01fb 696400   		.ascii	"id\000"
 404 01fe 06       		.byte	0x6
 405 01ff 8D       		.byte	0x8d
 406 0200 C9000000 		.4byte	0xc9
 407 0204 04       		.byte	0x4
 408 0205 06       		.uleb128 0x6
 409 0206 D3020000 		.4byte	.LASF38
 410 020a 06       		.byte	0x6
 411 020b 8E       		.byte	0x8e
 412 020c BE000000 		.4byte	0xbe
 413 0210 06       		.byte	0x6
 414 0211 06       		.uleb128 0x6
 415 0212 0E030000 		.4byte	.LASF39
 416 0216 06       		.byte	0x6
 417 0217 8F       		.byte	0x8f
 418 0218 BE000000 		.4byte	0xbe
 419 021c 07       		.byte	0x7
 420 021d 06       		.uleb128 0x6
 421 021e F9020000 		.4byte	.LASF40
 422 0222 06       		.byte	0x6
 423 0223 90       		.byte	0x90
 424 0224 D4000000 		.4byte	0xd4
 425 0228 08       		.byte	0x8
 426 0229 06       		.uleb128 0x6
 427 022a B1000000 		.4byte	.LASF41
 428 022e 06       		.byte	0x6
 429 022f 91       		.byte	0x91
 430 0230 DF000000 		.4byte	0xdf
 431 0234 0C       		.byte	0xc
 432 0235 00       		.byte	0
 433 0236 0B       		.uleb128 0xb
 434 0237 04       		.byte	0x4
 435 0238 DC010000 		.4byte	0x1dc
 436 023c 03       		.uleb128 0x3
 437 023d D9000000 		.4byte	.LASF42
 438 0241 06       		.byte	0x6
 439 0242 9B       		.byte	0x9b
 440 0243 E7010000 		.4byte	0x1e7
 441 0247 05       		.uleb128 0x5
 442 0248 2802     		.2byte	0x228
 443 024a 06       		.byte	0x6
 444 024b A1       		.byte	0xa1
 445 024c BD020000 		.4byte	0x2bd
 446 0250 07       		.uleb128 0x7
 447 0251 6F626A00 		.ascii	"obj\000"
 448 0255 06       		.byte	0x6
 449 0256 A2       		.byte	0xa2
 450 0257 3C020000 		.4byte	0x23c
 451 025b 00       		.byte	0
 452 025c 06       		.uleb128 0x6
 453 025d 09030000 		.4byte	.LASF43
 454 0261 06       		.byte	0x6
ARM GAS  C:\Users\Petro\AppData\Local\Temp\ccxxdRtY.s 			page 10


 455 0262 A3       		.byte	0xa3
 456 0263 BE000000 		.4byte	0xbe
 457 0267 10       		.byte	0x10
 458 0268 07       		.uleb128 0x7
 459 0269 65727200 		.ascii	"err\000"
 460 026d 06       		.byte	0x6
 461 026e A4       		.byte	0xa4
 462 026f BE000000 		.4byte	0xbe
 463 0273 11       		.byte	0x11
 464 0274 06       		.uleb128 0x6
 465 0275 89000000 		.4byte	.LASF44
 466 0279 06       		.byte	0x6
 467 027a A5       		.byte	0xa5
 468 027b DF000000 		.4byte	0xdf
 469 027f 14       		.byte	0x14
 470 0280 06       		.uleb128 0x6
 471 0281 CD000000 		.4byte	.LASF45
 472 0285 06       		.byte	0x6
 473 0286 A6       		.byte	0xa6
 474 0287 D4000000 		.4byte	0xd4
 475 028b 18       		.byte	0x18
 476 028c 06       		.uleb128 0x6
 477 028d F4020000 		.4byte	.LASF46
 478 0291 06       		.byte	0x6
 479 0292 A7       		.byte	0xa7
 480 0293 D4000000 		.4byte	0xd4
 481 0297 1C       		.byte	0x1c
 482 0298 06       		.uleb128 0x6
 483 0299 34030000 		.4byte	.LASF47
 484 029d 06       		.byte	0x6
 485 029e A9       		.byte	0xa9
 486 029f D4000000 		.4byte	0xd4
 487 02a3 20       		.byte	0x20
 488 02a4 06       		.uleb128 0x6
 489 02a5 72010000 		.4byte	.LASF48
 490 02a9 06       		.byte	0x6
 491 02aa AA       		.byte	0xaa
 492 02ab BD020000 		.4byte	0x2bd
 493 02af 24       		.byte	0x24
 494 02b0 07       		.uleb128 0x7
 495 02b1 62756600 		.ascii	"buf\000"
 496 02b5 06       		.byte	0x6
 497 02b6 B0       		.byte	0xb0
 498 02b7 CB010000 		.4byte	0x1cb
 499 02bb 28       		.byte	0x28
 500 02bc 00       		.byte	0
 501 02bd 0B       		.uleb128 0xb
 502 02be 04       		.byte	0x4
 503 02bf BE000000 		.4byte	0xbe
 504 02c3 0C       		.uleb128 0xc
 505 02c4 46494C00 		.ascii	"FIL\000"
 506 02c8 06       		.byte	0x6
 507 02c9 B2       		.byte	0xb2
 508 02ca 47020000 		.4byte	0x247
 509 02ce 0A       		.uleb128 0xa
 510 02cf 30       		.byte	0x30
 511 02d0 07       		.byte	0x7
ARM GAS  C:\Users\Petro\AppData\Local\Temp\ccxxdRtY.s 			page 11


 512 02d1 15       		.byte	0x15
 513 02d2 1F030000 		.4byte	0x31f
 514 02d6 06       		.uleb128 0x6
 515 02d7 DF000000 		.4byte	.LASF49
 516 02db 07       		.byte	0x7
 517 02dc 17       		.byte	0x17
 518 02dd 8C000000 		.4byte	0x8c
 519 02e1 00       		.byte	0
 520 02e2 06       		.uleb128 0x6
 521 02e3 59000000 		.4byte	.LASF50
 522 02e7 07       		.byte	0x7
 523 02e8 18       		.byte	0x18
 524 02e9 81000000 		.4byte	0x81
 525 02ed 08       		.byte	0x8
 526 02ee 06       		.uleb128 0x6
 527 02ef FD000000 		.4byte	.LASF51
 528 02f3 07       		.byte	0x7
 529 02f4 19       		.byte	0x19
 530 02f5 8C000000 		.4byte	0x8c
 531 02f9 10       		.byte	0x10
 532 02fa 06       		.uleb128 0x6
 533 02fb 23030000 		.4byte	.LASF52
 534 02ff 07       		.byte	0x7
 535 0300 1A       		.byte	0x1a
 536 0301 81000000 		.4byte	0x81
 537 0305 18       		.byte	0x18
 538 0306 06       		.uleb128 0x6
 539 0307 B9000000 		.4byte	.LASF53
 540 030b 07       		.byte	0x7
 541 030c 1B       		.byte	0x1b
 542 030d 8C000000 		.4byte	0x8c
 543 0311 20       		.byte	0x20
 544 0312 06       		.uleb128 0x6
 545 0313 EB020000 		.4byte	.LASF54
 546 0317 07       		.byte	0x7
 547 0318 1C       		.byte	0x1c
 548 0319 81000000 		.4byte	0x81
 549 031d 28       		.byte	0x28
 550 031e 00       		.byte	0
 551 031f 03       		.uleb128 0x3
 552 0320 69000000 		.4byte	.LASF55
 553 0324 07       		.byte	0x7
 554 0325 1D       		.byte	0x1d
 555 0326 CE020000 		.4byte	0x2ce
 556 032a 0D       		.uleb128 0xd
 557 032b 9A010000 		.4byte	.LASF64
 558 032f 01       		.byte	0x1
 559 0330 19       		.byte	0x19
 560 0331 73000000 		.4byte	0x73
 561 0335 00000000 		.4byte	.LFB61
 562 0339 44000000 		.4byte	.LFE61-.LFB61
 563 033d 01       		.uleb128 0x1
 564 033e 9C       		.byte	0x9c
 565 033f 5D030000 		.4byte	0x35d
 566 0343 0E       		.uleb128 0xe
 567 0344 00030000 		.4byte	.LASF65
 568 0348 01       		.byte	0x1
ARM GAS  C:\Users\Petro\AppData\Local\Temp\ccxxdRtY.s 			page 12


 569 0349 1B       		.byte	0x1b
 570 034a B0000000 		.4byte	0xb0
 571 034e 0F       		.uleb128 0xf
 572 034f 72657300 		.ascii	"res\000"
 573 0353 01       		.byte	0x1
 574 0354 22       		.byte	0x22
 575 0355 1F030000 		.4byte	0x31f
 576 0359 02       		.uleb128 0x2
 577 035a 91       		.byte	0x91
 578 035b 48       		.sleb128 -56
 579 035c 00       		.byte	0
 580 035d 10       		.uleb128 0x10
 581 035e EE000000 		.4byte	.LASF66
 582 0362 01       		.byte	0x1
 583 0363 2C       		.byte	0x2c
 584 0364 00000000 		.4byte	.LFB62
 585 0368 20000000 		.4byte	.LFE62-.LFB62
 586 036c 01       		.uleb128 0x1
 587 036d 9C       		.byte	0x9c
 588 036e 11       		.uleb128 0x11
 589 036f 7D020000 		.4byte	.LASF56
 590 0373 07       		.byte	0x7
 591 0374 1F       		.byte	0x1f
 592 0375 DC010000 		.4byte	0x1dc
 593 0379 05       		.uleb128 0x5
 594 037a 03       		.byte	0x3
 595 037b 00000000 		.4byte	fatFs
 596 037f 11       		.uleb128 0x11
 597 0380 CD020000 		.4byte	.LASF57
 598 0384 07       		.byte	0x7
 599 0385 20       		.byte	0x20
 600 0386 C3020000 		.4byte	0x2c3
 601 038a 05       		.uleb128 0x5
 602 038b 03       		.byte	0x3
 603 038c 00000000 		.4byte	fileO
 604 0390 11       		.uleb128 0x11
 605 0391 2A010000 		.4byte	.LASF58
 606 0395 07       		.byte	0x7
 607 0396 23       		.byte	0x23
 608 0397 D4000000 		.4byte	0xd4
 609 039b 05       		.uleb128 0x5
 610 039c 03       		.byte	0x3
 611 039d 00000000 		.4byte	createFlag
 612 03a1 08       		.uleb128 0x8
 613 03a2 B0000000 		.4byte	0xb0
 614 03a6 B1030000 		.4byte	0x3b1
 615 03aa 12       		.uleb128 0x12
 616 03ab B7000000 		.4byte	0xb7
 617 03af FE       		.byte	0xfe
 618 03b0 00       		.byte	0
 619 03b1 11       		.uleb128 0x11
 620 03b2 B5020000 		.4byte	.LASF59
 621 03b6 01       		.byte	0x1
 622 03b7 13       		.byte	0x13
 623 03b8 A1030000 		.4byte	0x3a1
 624 03bc 05       		.uleb128 0x5
 625 03bd 03       		.byte	0x3
ARM GAS  C:\Users\Petro\AppData\Local\Temp\ccxxdRtY.s 			page 13


 626 03be 00000000 		.4byte	uartInputBuffer
 627 03c2 11       		.uleb128 0x11
 628 03c3 8E000000 		.4byte	.LASF60
 629 03c7 01       		.byte	0x1
 630 03c8 14       		.byte	0x14
 631 03c9 97000000 		.4byte	0x97
 632 03cd 05       		.uleb128 0x5
 633 03ce 03       		.byte	0x3
 634 03cf 00000000 		.4byte	uartIBufferPtr
 635 03d3 00       		.byte	0
 636              		.section	.debug_abbrev,"",%progbits
 637              	.Ldebug_abbrev0:
 638 0000 01       		.uleb128 0x1
 639 0001 11       		.uleb128 0x11
 640 0002 01       		.byte	0x1
 641 0003 25       		.uleb128 0x25
 642 0004 0E       		.uleb128 0xe
 643 0005 13       		.uleb128 0x13
 644 0006 0B       		.uleb128 0xb
 645 0007 03       		.uleb128 0x3
 646 0008 0E       		.uleb128 0xe
 647 0009 1B       		.uleb128 0x1b
 648 000a 0E       		.uleb128 0xe
 649 000b 55       		.uleb128 0x55
 650 000c 17       		.uleb128 0x17
 651 000d 11       		.uleb128 0x11
 652 000e 01       		.uleb128 0x1
 653 000f 10       		.uleb128 0x10
 654 0010 17       		.uleb128 0x17
 655 0011 00       		.byte	0
 656 0012 00       		.byte	0
 657 0013 02       		.uleb128 0x2
 658 0014 24       		.uleb128 0x24
 659 0015 00       		.byte	0
 660 0016 0B       		.uleb128 0xb
 661 0017 0B       		.uleb128 0xb
 662 0018 3E       		.uleb128 0x3e
 663 0019 0B       		.uleb128 0xb
 664 001a 03       		.uleb128 0x3
 665 001b 0E       		.uleb128 0xe
 666 001c 00       		.byte	0
 667 001d 00       		.byte	0
 668 001e 03       		.uleb128 0x3
 669 001f 16       		.uleb128 0x16
 670 0020 00       		.byte	0
 671 0021 03       		.uleb128 0x3
 672 0022 0E       		.uleb128 0xe
 673 0023 3A       		.uleb128 0x3a
 674 0024 0B       		.uleb128 0xb
 675 0025 3B       		.uleb128 0x3b
 676 0026 0B       		.uleb128 0xb
 677 0027 49       		.uleb128 0x49
 678 0028 13       		.uleb128 0x13
 679 0029 00       		.byte	0
 680 002a 00       		.byte	0
 681 002b 04       		.uleb128 0x4
 682 002c 24       		.uleb128 0x24
ARM GAS  C:\Users\Petro\AppData\Local\Temp\ccxxdRtY.s 			page 14


 683 002d 00       		.byte	0
 684 002e 0B       		.uleb128 0xb
 685 002f 0B       		.uleb128 0xb
 686 0030 3E       		.uleb128 0x3e
 687 0031 0B       		.uleb128 0xb
 688 0032 03       		.uleb128 0x3
 689 0033 08       		.uleb128 0x8
 690 0034 00       		.byte	0
 691 0035 00       		.byte	0
 692 0036 05       		.uleb128 0x5
 693 0037 13       		.uleb128 0x13
 694 0038 01       		.byte	0x1
 695 0039 0B       		.uleb128 0xb
 696 003a 05       		.uleb128 0x5
 697 003b 3A       		.uleb128 0x3a
 698 003c 0B       		.uleb128 0xb
 699 003d 3B       		.uleb128 0x3b
 700 003e 0B       		.uleb128 0xb
 701 003f 01       		.uleb128 0x1
 702 0040 13       		.uleb128 0x13
 703 0041 00       		.byte	0
 704 0042 00       		.byte	0
 705 0043 06       		.uleb128 0x6
 706 0044 0D       		.uleb128 0xd
 707 0045 00       		.byte	0
 708 0046 03       		.uleb128 0x3
 709 0047 0E       		.uleb128 0xe
 710 0048 3A       		.uleb128 0x3a
 711 0049 0B       		.uleb128 0xb
 712 004a 3B       		.uleb128 0x3b
 713 004b 0B       		.uleb128 0xb
 714 004c 49       		.uleb128 0x49
 715 004d 13       		.uleb128 0x13
 716 004e 38       		.uleb128 0x38
 717 004f 0B       		.uleb128 0xb
 718 0050 00       		.byte	0
 719 0051 00       		.byte	0
 720 0052 07       		.uleb128 0x7
 721 0053 0D       		.uleb128 0xd
 722 0054 00       		.byte	0
 723 0055 03       		.uleb128 0x3
 724 0056 08       		.uleb128 0x8
 725 0057 3A       		.uleb128 0x3a
 726 0058 0B       		.uleb128 0xb
 727 0059 3B       		.uleb128 0x3b
 728 005a 0B       		.uleb128 0xb
 729 005b 49       		.uleb128 0x49
 730 005c 13       		.uleb128 0x13
 731 005d 38       		.uleb128 0x38
 732 005e 0B       		.uleb128 0xb
 733 005f 00       		.byte	0
 734 0060 00       		.byte	0
 735 0061 08       		.uleb128 0x8
 736 0062 01       		.uleb128 0x1
 737 0063 01       		.byte	0x1
 738 0064 49       		.uleb128 0x49
 739 0065 13       		.uleb128 0x13
ARM GAS  C:\Users\Petro\AppData\Local\Temp\ccxxdRtY.s 			page 15


 740 0066 01       		.uleb128 0x1
 741 0067 13       		.uleb128 0x13
 742 0068 00       		.byte	0
 743 0069 00       		.byte	0
 744 006a 09       		.uleb128 0x9
 745 006b 21       		.uleb128 0x21
 746 006c 00       		.byte	0
 747 006d 49       		.uleb128 0x49
 748 006e 13       		.uleb128 0x13
 749 006f 2F       		.uleb128 0x2f
 750 0070 05       		.uleb128 0x5
 751 0071 00       		.byte	0
 752 0072 00       		.byte	0
 753 0073 0A       		.uleb128 0xa
 754 0074 13       		.uleb128 0x13
 755 0075 01       		.byte	0x1
 756 0076 0B       		.uleb128 0xb
 757 0077 0B       		.uleb128 0xb
 758 0078 3A       		.uleb128 0x3a
 759 0079 0B       		.uleb128 0xb
 760 007a 3B       		.uleb128 0x3b
 761 007b 0B       		.uleb128 0xb
 762 007c 01       		.uleb128 0x1
 763 007d 13       		.uleb128 0x13
 764 007e 00       		.byte	0
 765 007f 00       		.byte	0
 766 0080 0B       		.uleb128 0xb
 767 0081 0F       		.uleb128 0xf
 768 0082 00       		.byte	0
 769 0083 0B       		.uleb128 0xb
 770 0084 0B       		.uleb128 0xb
 771 0085 49       		.uleb128 0x49
 772 0086 13       		.uleb128 0x13
 773 0087 00       		.byte	0
 774 0088 00       		.byte	0
 775 0089 0C       		.uleb128 0xc
 776 008a 16       		.uleb128 0x16
 777 008b 00       		.byte	0
 778 008c 03       		.uleb128 0x3
 779 008d 08       		.uleb128 0x8
 780 008e 3A       		.uleb128 0x3a
 781 008f 0B       		.uleb128 0xb
 782 0090 3B       		.uleb128 0x3b
 783 0091 0B       		.uleb128 0xb
 784 0092 49       		.uleb128 0x49
 785 0093 13       		.uleb128 0x13
 786 0094 00       		.byte	0
 787 0095 00       		.byte	0
 788 0096 0D       		.uleb128 0xd
 789 0097 2E       		.uleb128 0x2e
 790 0098 01       		.byte	0x1
 791 0099 3F       		.uleb128 0x3f
 792 009a 19       		.uleb128 0x19
 793 009b 03       		.uleb128 0x3
 794 009c 0E       		.uleb128 0xe
 795 009d 3A       		.uleb128 0x3a
 796 009e 0B       		.uleb128 0xb
ARM GAS  C:\Users\Petro\AppData\Local\Temp\ccxxdRtY.s 			page 16


 797 009f 3B       		.uleb128 0x3b
 798 00a0 0B       		.uleb128 0xb
 799 00a1 49       		.uleb128 0x49
 800 00a2 13       		.uleb128 0x13
 801 00a3 11       		.uleb128 0x11
 802 00a4 01       		.uleb128 0x1
 803 00a5 12       		.uleb128 0x12
 804 00a6 06       		.uleb128 0x6
 805 00a7 40       		.uleb128 0x40
 806 00a8 18       		.uleb128 0x18
 807 00a9 9642     		.uleb128 0x2116
 808 00ab 19       		.uleb128 0x19
 809 00ac 01       		.uleb128 0x1
 810 00ad 13       		.uleb128 0x13
 811 00ae 00       		.byte	0
 812 00af 00       		.byte	0
 813 00b0 0E       		.uleb128 0xe
 814 00b1 34       		.uleb128 0x34
 815 00b2 00       		.byte	0
 816 00b3 03       		.uleb128 0x3
 817 00b4 0E       		.uleb128 0xe
 818 00b5 3A       		.uleb128 0x3a
 819 00b6 0B       		.uleb128 0xb
 820 00b7 3B       		.uleb128 0x3b
 821 00b8 0B       		.uleb128 0xb
 822 00b9 49       		.uleb128 0x49
 823 00ba 13       		.uleb128 0x13
 824 00bb 00       		.byte	0
 825 00bc 00       		.byte	0
 826 00bd 0F       		.uleb128 0xf
 827 00be 34       		.uleb128 0x34
 828 00bf 00       		.byte	0
 829 00c0 03       		.uleb128 0x3
 830 00c1 08       		.uleb128 0x8
 831 00c2 3A       		.uleb128 0x3a
 832 00c3 0B       		.uleb128 0xb
 833 00c4 3B       		.uleb128 0x3b
 834 00c5 0B       		.uleb128 0xb
 835 00c6 49       		.uleb128 0x49
 836 00c7 13       		.uleb128 0x13
 837 00c8 02       		.uleb128 0x2
 838 00c9 18       		.uleb128 0x18
 839 00ca 00       		.byte	0
 840 00cb 00       		.byte	0
 841 00cc 10       		.uleb128 0x10
 842 00cd 2E       		.uleb128 0x2e
 843 00ce 00       		.byte	0
 844 00cf 3F       		.uleb128 0x3f
 845 00d0 19       		.uleb128 0x19
 846 00d1 03       		.uleb128 0x3
 847 00d2 0E       		.uleb128 0xe
 848 00d3 3A       		.uleb128 0x3a
 849 00d4 0B       		.uleb128 0xb
 850 00d5 3B       		.uleb128 0x3b
 851 00d6 0B       		.uleb128 0xb
 852 00d7 11       		.uleb128 0x11
 853 00d8 01       		.uleb128 0x1
ARM GAS  C:\Users\Petro\AppData\Local\Temp\ccxxdRtY.s 			page 17


 854 00d9 12       		.uleb128 0x12
 855 00da 06       		.uleb128 0x6
 856 00db 40       		.uleb128 0x40
 857 00dc 18       		.uleb128 0x18
 858 00dd 9642     		.uleb128 0x2116
 859 00df 19       		.uleb128 0x19
 860 00e0 00       		.byte	0
 861 00e1 00       		.byte	0
 862 00e2 11       		.uleb128 0x11
 863 00e3 34       		.uleb128 0x34
 864 00e4 00       		.byte	0
 865 00e5 03       		.uleb128 0x3
 866 00e6 0E       		.uleb128 0xe
 867 00e7 3A       		.uleb128 0x3a
 868 00e8 0B       		.uleb128 0xb
 869 00e9 3B       		.uleb128 0x3b
 870 00ea 0B       		.uleb128 0xb
 871 00eb 49       		.uleb128 0x49
 872 00ec 13       		.uleb128 0x13
 873 00ed 3F       		.uleb128 0x3f
 874 00ee 19       		.uleb128 0x19
 875 00ef 02       		.uleb128 0x2
 876 00f0 18       		.uleb128 0x18
 877 00f1 00       		.byte	0
 878 00f2 00       		.byte	0
 879 00f3 12       		.uleb128 0x12
 880 00f4 21       		.uleb128 0x21
 881 00f5 00       		.byte	0
 882 00f6 49       		.uleb128 0x49
 883 00f7 13       		.uleb128 0x13
 884 00f8 2F       		.uleb128 0x2f
 885 00f9 0B       		.uleb128 0xb
 886 00fa 00       		.byte	0
 887 00fb 00       		.byte	0
 888 00fc 00       		.byte	0
 889              		.section	.debug_aranges,"",%progbits
 890 0000 24000000 		.4byte	0x24
 891 0004 0200     		.2byte	0x2
 892 0006 00000000 		.4byte	.Ldebug_info0
 893 000a 04       		.byte	0x4
 894 000b 00       		.byte	0
 895 000c 0000     		.2byte	0
 896 000e 0000     		.2byte	0
 897 0010 00000000 		.4byte	.LFB61
 898 0014 44000000 		.4byte	.LFE61-.LFB61
 899 0018 00000000 		.4byte	.LFB62
 900 001c 20000000 		.4byte	.LFE62-.LFB62
 901 0020 00000000 		.4byte	0
 902 0024 00000000 		.4byte	0
 903              		.section	.debug_ranges,"",%progbits
 904              	.Ldebug_ranges0:
 905 0000 00000000 		.4byte	.LFB61
 906 0004 44000000 		.4byte	.LFE61
 907 0008 00000000 		.4byte	.LFB62
 908 000c 20000000 		.4byte	.LFE62
 909 0010 00000000 		.4byte	0
 910 0014 00000000 		.4byte	0
ARM GAS  C:\Users\Petro\AppData\Local\Temp\ccxxdRtY.s 			page 18


 911              		.section	.debug_line,"",%progbits
 912              	.Ldebug_line0:
 913 0000 A4010000 		.section	.debug_str,"MS",%progbits,1
 913      02006901 
 913      00000201 
 913      FB0E0D00 
 913      01010101 
 914              	.LASF23:
 915 0000 6E5F6661 		.ascii	"n_fats\000"
 915      747300
 916              	.LASF30:
 917 0007 6E5F6661 		.ascii	"n_fatent\000"
 917      74656E74 
 917      00
 918              	.LASF22:
 919 0010 66735F74 		.ascii	"fs_type\000"
 919      79706500 
 920              	.LASF0:
 921 0018 7369676E 		.ascii	"signed char\000"
 921      65642063 
 921      68617200 
 922              	.LASF12:
 923 0024 75696E74 		.ascii	"uint64_t\000"
 923      36345F74 
 923      00
 924              	.LASF2:
 925 002d 73686F72 		.ascii	"short int\000"
 925      7420696E 
 925      7400
 926              	.LASF17:
 927 0037 73697A65 		.ascii	"sizetype\000"
 927      74797065 
 927      00
 928              	.LASF7:
 929 0040 5F5F7569 		.ascii	"__uint16_t\000"
 929      6E743136 
 929      5F7400
 930              	.LASF35:
 931 004b 64617461 		.ascii	"database\000"
 931      62617365 
 931      00
 932              	.LASF18:
 933 0054 42595445 		.ascii	"BYTE\000"
 933      00
 934              	.LASF50:
 935 0059 6D696C6C 		.ascii	"millsStartSkier\000"
 935      73537461 
 935      7274536B 
 935      69657200 
 936              	.LASF55:
 937 0069 736B6965 		.ascii	"skierDB_El\000"
 937      7244425F 
 937      456C00
 938              	.LASF29:
 939 0074 66726565 		.ascii	"free_clst\000"
 939      5F636C73 
 939      7400
ARM GAS  C:\Users\Petro\AppData\Local\Temp\ccxxdRtY.s 			page 19


 940              	.LASF19:
 941 007e 574F5244 		.ascii	"WORD\000"
 941      00
 942              	.LASF13:
 943 0083 75696E74 		.ascii	"uint8\000"
 943      3800
 944              	.LASF44:
 945 0089 66707472 		.ascii	"fptr\000"
 945      00
 946              	.LASF60:
 947 008e 75617274 		.ascii	"uartIBufferPtr\000"
 947      49427566 
 947      66657250 
 947      747200
 948              	.LASF14:
 949 009d 666C6F61 		.ascii	"float\000"
 949      7400
 950              	.LASF6:
 951 00a3 6C6F6E67 		.ascii	"long long int\000"
 951      206C6F6E 
 951      6720696E 
 951      7400
 952              	.LASF41:
 953 00b1 6F626A73 		.ascii	"objsize\000"
 953      697A6500 
 954              	.LASF53:
 955 00b9 5365636F 		.ascii	"SecondsWay\000"
 955      6E647357 
 955      617900
 956              	.LASF4:
 957 00c4 6C6F6E67 		.ascii	"long int\000"
 957      20696E74 
 957      00
 958              	.LASF45:
 959 00cd 636C7573 		.ascii	"clust\000"
 959      7400
 960              	.LASF27:
 961 00d3 6373697A 		.ascii	"csize\000"
 961      6500
 962              	.LASF42:
 963 00d9 5F464449 		.ascii	"_FDID\000"
 963      4400
 964              	.LASF49:
 965 00df 756E6978 		.ascii	"unixStartSkier\000"
 965      53746172 
 965      74536B69 
 965      657200
 966              	.LASF66:
 967 00ee 53656E64 		.ascii	"SendMenu\000"
 967      4D656E75 
 967      00
 968              	.LASF31:
 969 00f7 6673697A 		.ascii	"fsize\000"
 969      6500
 970              	.LASF51:
 971 00fd 756E6978 		.ascii	"unixFinishSkier\000"
 971      46696E69 
ARM GAS  C:\Users\Petro\AppData\Local\Temp\ccxxdRtY.s 			page 20


 971      7368536B 
 971      69657200 
 972              	.LASF20:
 973 010d 44574F52 		.ascii	"DWORD\000"
 973      4400
 974              	.LASF25:
 975 0113 6673695F 		.ascii	"fsi_flag\000"
 975      666C6167 
 975      00
 976              	.LASF1:
 977 011c 756E7369 		.ascii	"unsigned char\000"
 977      676E6564 
 977      20636861 
 977      7200
 978              	.LASF58:
 979 012a 63726561 		.ascii	"createFlag\000"
 979      7465466C 
 979      616700
 980              	.LASF24:
 981 0135 77666C61 		.ascii	"wflag\000"
 981      6700
 982              	.LASF9:
 983 013b 6C6F6E67 		.ascii	"long long unsigned int\000"
 983      206C6F6E 
 983      6720756E 
 983      7369676E 
 983      65642069 
 984              	.LASF10:
 985 0152 756E7369 		.ascii	"unsigned int\000"
 985      676E6564 
 985      20696E74 
 985      00
 986              	.LASF11:
 987 015f 75696E74 		.ascii	"uint16_t\000"
 987      31365F74 
 987      00
 988              	.LASF28:
 989 0168 6C617374 		.ascii	"last_clst\000"
 989      5F636C73 
 989      7400
 990              	.LASF48:
 991 0172 6469725F 		.ascii	"dir_ptr\000"
 991      70747200 
 992              	.LASF3:
 993 017a 73686F72 		.ascii	"short unsigned int\000"
 993      7420756E 
 993      7369676E 
 993      65642069 
 993      6E7400
 994              	.LASF16:
 995 018d 63686172 		.ascii	"char\000"
 995      00
 996              	.LASF33:
 997 0192 66617462 		.ascii	"fatbase\000"
 997      61736500 
 998              	.LASF64:
 999 019a 6D61696E 		.ascii	"main\000"
ARM GAS  C:\Users\Petro\AppData\Local\Temp\ccxxdRtY.s 			page 21


 999      00
 1000              	.LASF61:
 1001 019f 474E5520 		.ascii	"GNU C 4.9.3 20150303 (release) [ARM/embedded-4_9-br"
 1001      4320342E 
 1001      392E3320 
 1001      32303135 
 1001      30333033 
 1002 01d2 616E6368 		.ascii	"anch revision 221220] -mcpu=cortex-m0 -mthumb -g -O"
 1002      20726576 
 1002      6973696F 
 1002      6E203232 
 1002      31323230 
 1003 0205 30202D66 		.ascii	"0 -ffunction-sections -ffat-lto-objects\000"
 1003      66756E63 
 1003      74696F6E 
 1003      2D736563 
 1003      74696F6E 
 1004              	.LASF63:
 1005 022d 443A5C43 		.ascii	"D:\\Cypress\\system-start-finish\\vesion 2\\fw\\fin"
 1005      79707265 
 1005      73735C73 
 1005      79737465 
 1005      6D2D7374 
 1006 025b 6973685C 		.ascii	"ish\\sandbox\\v2\\Fat\\Design01.cydsn\000"
 1006      73616E64 
 1006      626F785C 
 1006      76325C46 
 1006      61745C44 
 1007              	.LASF56:
 1008 027d 66617446 		.ascii	"fatFs\000"
 1008      7300
 1009              	.LASF21:
 1010 0283 4653495A 		.ascii	"FSIZE_t\000"
 1010      455F7400 
 1011              	.LASF8:
 1012 028b 5F5F7569 		.ascii	"__uint64_t\000"
 1012      6E743634 
 1012      5F7400
 1013              	.LASF37:
 1014 0296 46415446 		.ascii	"FATFS\000"
 1014      5300
 1015              	.LASF5:
 1016 029c 6C6F6E67 		.ascii	"long unsigned int\000"
 1016      20756E73 
 1016      69676E65 
 1016      6420696E 
 1016      7400
 1017              	.LASF15:
 1018 02ae 646F7562 		.ascii	"double\000"
 1018      6C6500
 1019              	.LASF59:
 1020 02b5 75617274 		.ascii	"uartInputBuffer\000"
 1020      496E7075 
 1020      74427566 
 1020      66657200 
 1021              	.LASF34:
 1022 02c5 64697262 		.ascii	"dirbase\000"
ARM GAS  C:\Users\Petro\AppData\Local\Temp\ccxxdRtY.s 			page 22


 1022      61736500 
 1023              	.LASF57:
 1024 02cd 66696C65 		.ascii	"fileO\000"
 1024      4F00
 1025              	.LASF38:
 1026 02d3 61747472 		.ascii	"attr\000"
 1026      00
 1027              	.LASF26:
 1028 02d8 6E5F726F 		.ascii	"n_rootdir\000"
 1028      6F746469 
 1028      7200
 1029              	.LASF62:
 1030 02e2 2E5C6D61 		.ascii	".\\main.c\000"
 1030      696E2E63 
 1030      00
 1031              	.LASF54:
 1032 02eb 6D696C6C 		.ascii	"millsWay\000"
 1032      73576179 
 1032      00
 1033              	.LASF46:
 1034 02f4 73656374 		.ascii	"sect\000"
 1034      00
 1035              	.LASF40:
 1036 02f9 73636C75 		.ascii	"sclust\000"
 1036      737400
 1037              	.LASF65:
 1038 0300 75617274 		.ascii	"uartchar\000"
 1038      63686172 
 1038      00
 1039              	.LASF43:
 1040 0309 666C6167 		.ascii	"flag\000"
 1040      00
 1041              	.LASF39:
 1042 030e 73746174 		.ascii	"stat\000"
 1042      00
 1043              	.LASF32:
 1044 0313 766F6C62 		.ascii	"volbase\000"
 1044      61736500 
 1045              	.LASF36:
 1046 031b 77696E73 		.ascii	"winsect\000"
 1046      65637400 
 1047              	.LASF52:
 1048 0323 6D696C6C 		.ascii	"millsFinishSkier\000"
 1048      7346696E 
 1048      69736853 
 1048      6B696572 
 1048      00
 1049              	.LASF47:
 1050 0334 6469725F 		.ascii	"dir_sect\000"
 1050      73656374 
 1050      00
 1051              		.ident	"GCC: (GNU Tools for ARM Embedded Processors) 4.9.3 20150303 (release) [ARM/embedded-4_9-br
