ARM GAS  C:\Users\Petro\AppData\Local\Temp\ccHVLRHc.s 			page 1


   1              		.cpu cortex-m0
   2              		.fpu softvfp
   3              		.eabi_attribute 20, 1
   4              		.eabi_attribute 21, 1
   5              		.eabi_attribute 23, 3
   6              		.eabi_attribute 24, 1
   7              		.eabi_attribute 25, 1
   8              		.eabi_attribute 26, 1
   9              		.eabi_attribute 30, 1
  10              		.eabi_attribute 34, 0
  11              		.eabi_attribute 18, 4
  12              		.code	16
  13              		.file	"crc32.c"
  14              		.text
  15              	.Ltext0:
  16              		.cfi_sections	.debug_frame
  17              		.section	.text.crc32_init_tab,"ax",%progbits
  18              		.align	2
  19              		.code	16
  20              		.thumb_func
  21              		.type	crc32_init_tab, %function
  22              	crc32_init_tab:
  23              	.LFB3:
  24              		.file 1 "crc32.c"
   1:crc32.c       **** /* ========================================
   2:crc32.c       ****  *
   3:crc32.c       ****  * Copyright YOUR COMPANY, THE YEAR
   4:crc32.c       ****  * All Rights Reserved
   5:crc32.c       ****  * UNPUBLISHED, LICENSED SOFTWARE.
   6:crc32.c       ****  *
   7:crc32.c       ****  * CONFIDENTIAL AND PROPRIETARY INFORMATION
   8:crc32.c       ****  * WHICH IS THE PROPERTY OF your company.
   9:crc32.c       ****  *
  10:crc32.c       ****  * ========================================
  11:crc32.c       **** */
  12:crc32.c       **** 
  13:crc32.c       **** //#include "CommonPrototypes.h"
  14:crc32.c       **** #include <stdint.h>
  15:crc32.c       **** #include "crc32.h"
  16:crc32.c       **** 
  17:crc32.c       **** #define         CRC32_POLYNOM        0xEDB88320L
  18:crc32.c       **** 
  19:crc32.c       **** static int      crc32_tab_init       = 0;//= FALSE;
  20:crc32.c       **** static uint32_t    crc32_tab[256];
  21:crc32.c       **** 
  22:crc32.c       **** static void     crc32_init_tab( void );
  23:crc32.c       **** 
  24:crc32.c       **** uint32_t crc32_update( uint32_t crc, uint8_t c ) {
  25:crc32.c       **** 
  26:crc32.c       ****     uint32_t tmp, long_c;
  27:crc32.c       **** 
  28:crc32.c       ****     long_c = 0x000000ffL & (unsigned long) c;
  29:crc32.c       **** 
  30:crc32.c       ****     if ( ! crc32_tab_init ) crc32_init_tab();
  31:crc32.c       **** 
  32:crc32.c       ****     tmp = crc ^ long_c;
  33:crc32.c       ****     crc = (crc >> 8) ^ crc32_tab[ tmp & 0xff ];
ARM GAS  C:\Users\Petro\AppData\Local\Temp\ccHVLRHc.s 			page 2


  34:crc32.c       **** 
  35:crc32.c       ****     return crc;
  36:crc32.c       **** 
  37:crc32.c       **** }
  38:crc32.c       **** 
  39:crc32.c       **** uint32_t crc32_calc_block(uint8_t *buf, uint32_t Size, uint32_t init)
  40:crc32.c       **** {
  41:crc32.c       **** 	uint32_t i;
  42:crc32.c       **** 	uint32_t _crc = init;
  43:crc32.c       **** 	for (i = 0; i < Size; i++)
  44:crc32.c       **** 		_crc = crc32_update(_crc, buf[i]);
  45:crc32.c       **** 
  46:crc32.c       **** 	return _crc;
  47:crc32.c       **** }
  48:crc32.c       **** 
  49:crc32.c       **** uint32_t crc32_calc(uint8_t *buf, uint32_t Size)
  50:crc32.c       **** {
  51:crc32.c       **** 	uint32_t _crc;
  52:crc32.c       **** 
  53:crc32.c       **** 	_crc = crc32_reset();
  54:crc32.c       **** 	_crc = crc32_calc_block(buf, Size, _crc);
  55:crc32.c       **** 	return crc32_final(_crc);
  56:crc32.c       **** }
  57:crc32.c       **** 
  58:crc32.c       **** static void crc32_init_tab( void ) {
  25              		.loc 1 58 0
  26              		.cfi_startproc
  27              	.LVL0:
  59:crc32.c       **** 
  60:crc32.c       ****     int i, j;
  61:crc32.c       ****     uint32_t crc;
  62:crc32.c       **** 
  63:crc32.c       ****     for (i=0; i<256; i++) {
  28              		.loc 1 63 0
  29 0000 0020     		mov	r0, #0
  30 0002 10E0     		b	.L2
  31              	.LVL1:
  32              	.L7:
  64:crc32.c       **** 
  65:crc32.c       ****         crc = (uint32_t) i;
  33              		.loc 1 65 0
  34 0004 031C     		mov	r3, r0
  35              	.LVL2:
  66:crc32.c       **** 
  67:crc32.c       ****         for (j=0; j<8; j++) {
  36              		.loc 1 67 0
  37 0006 0022     		mov	r2, #0
  38 0008 07E0     		b	.L3
  39              	.LVL3:
  40              	.L6:
  68:crc32.c       **** 
  69:crc32.c       ****             if ( crc & 0x00000001L ) crc = ( crc >> 1 ) ^ CRC32_POLYNOM;
  41              		.loc 1 69 0
  42 000a D907     		lsl	r1, r3, #31
  43 000c 03D5     		bpl	.L4
  44              		.loc 1 69 0 is_stmt 0 discriminator 1
  45 000e 5B08     		lsr	r3, r3, #1
ARM GAS  C:\Users\Petro\AppData\Local\Temp\ccHVLRHc.s 			page 3


  46              	.LVL4:
  47 0010 0849     		ldr	r1, .L8
  48 0012 4B40     		eor	r3, r1
  49              	.LVL5:
  50 0014 00E0     		b	.L5
  51              	.L4:
  70:crc32.c       ****             else                     crc =   crc >> 1;
  52              		.loc 1 70 0 is_stmt 1
  53 0016 5B08     		lsr	r3, r3, #1
  54              	.LVL6:
  55              	.L5:
  67:crc32.c       **** 
  56              		.loc 1 67 0 discriminator 2
  57 0018 0132     		add	r2, r2, #1
  58              	.LVL7:
  59              	.L3:
  67:crc32.c       **** 
  60              		.loc 1 67 0 is_stmt 0 discriminator 1
  61 001a 072A     		cmp	r2, #7
  62 001c F5DD     		ble	.L6
  71:crc32.c       ****         }
  72:crc32.c       **** 
  73:crc32.c       ****         crc32_tab[i] = crc;
  63              		.loc 1 73 0 is_stmt 1 discriminator 2
  64 001e 8100     		lsl	r1, r0, #2
  65 0020 054A     		ldr	r2, .L8+4
  66              	.LVL8:
  67 0022 8B50     		str	r3, [r1, r2]
  63:crc32.c       **** 
  68              		.loc 1 63 0 discriminator 2
  69 0024 0130     		add	r0, r0, #1
  70              	.LVL9:
  71              	.L2:
  63:crc32.c       **** 
  72              		.loc 1 63 0 is_stmt 0 discriminator 1
  73 0026 FF28     		cmp	r0, #255
  74 0028 ECDD     		ble	.L7
  74:crc32.c       ****     }
  75:crc32.c       **** 
  76:crc32.c       ****     crc32_tab_init = 1;
  75              		.loc 1 76 0 is_stmt 1
  76 002a 0122     		mov	r2, #1
  77 002c 034B     		ldr	r3, .L8+8
  78 002e 1A60     		str	r2, [r3]
  77:crc32.c       **** 
  78:crc32.c       **** }
  79              		.loc 1 78 0
  80              		@ sp needed
  81 0030 7047     		bx	lr
  82              	.L9:
  83 0032 C046     		.align	2
  84              	.L8:
  85 0034 2083B8ED 		.word	-306674912
  86 0038 00000000 		.word	.LANCHOR0
  87 003c 00040000 		.word	.LANCHOR1
  88              		.cfi_endproc
  89              	.LFE3:
ARM GAS  C:\Users\Petro\AppData\Local\Temp\ccHVLRHc.s 			page 4


  90              		.size	crc32_init_tab, .-crc32_init_tab
  91              		.section	.text.crc32_update,"ax",%progbits
  92              		.align	2
  93              		.global	crc32_update
  94              		.code	16
  95              		.thumb_func
  96              		.type	crc32_update, %function
  97              	crc32_update:
  98              	.LFB0:
  24:crc32.c       **** 
  99              		.loc 1 24 0
 100              		.cfi_startproc
 101              	.LVL10:
 102 0000 38B5     		push	{r3, r4, r5, lr}
 103              		.cfi_def_cfa_offset 16
 104              		.cfi_offset 3, -16
 105              		.cfi_offset 4, -12
 106              		.cfi_offset 5, -8
 107              		.cfi_offset 14, -4
 108 0002 051C     		mov	r5, r0
 109 0004 0C1C     		mov	r4, r1
 110              	.LVL11:
  30:crc32.c       **** 
 111              		.loc 1 30 0
 112 0006 074B     		ldr	r3, .L12
 113 0008 1B68     		ldr	r3, [r3]
 114 000a 002B     		cmp	r3, #0
 115 000c 01D1     		bne	.L11
  30:crc32.c       **** 
 116              		.loc 1 30 0 is_stmt 0 discriminator 1
 117 000e FFF7FEFF 		bl	crc32_init_tab
 118              	.LVL12:
 119              	.L11:
  32:crc32.c       ****     crc = (crc >> 8) ^ crc32_tab[ tmp & 0xff ];
 120              		.loc 1 32 0 is_stmt 1
 121 0012 6C40     		eor	r4, r5
 122              	.LVL13:
  33:crc32.c       **** 
 123              		.loc 1 33 0
 124 0014 2D0A     		lsr	r5, r5, #8
 125              	.LVL14:
 126 0016 FF23     		mov	r3, #255
 127 0018 1C40     		and	r4, r3
 128              	.LVL15:
 129 001a A400     		lsl	r4, r4, #2
 130 001c 024B     		ldr	r3, .L12+4
 131 001e E058     		ldr	r0, [r4, r3]
 132 0020 6840     		eor	r0, r5
 133              	.LVL16:
  37:crc32.c       **** 
 134              		.loc 1 37 0
 135              		@ sp needed
 136 0022 38BD     		pop	{r3, r4, r5, pc}
 137              	.L13:
 138              		.align	2
 139              	.L12:
 140 0024 00040000 		.word	.LANCHOR1
ARM GAS  C:\Users\Petro\AppData\Local\Temp\ccHVLRHc.s 			page 5


 141 0028 00000000 		.word	.LANCHOR0
 142              		.cfi_endproc
 143              	.LFE0:
 144              		.size	crc32_update, .-crc32_update
 145              		.section	.text.crc32_calc_block,"ax",%progbits
 146              		.align	2
 147              		.global	crc32_calc_block
 148              		.code	16
 149              		.thumb_func
 150              		.type	crc32_calc_block, %function
 151              	crc32_calc_block:
 152              	.LFB1:
  40:crc32.c       **** 	uint32_t i;
 153              		.loc 1 40 0
 154              		.cfi_startproc
 155              	.LVL17:
 156 0000 70B5     		push	{r4, r5, r6, lr}
 157              		.cfi_def_cfa_offset 16
 158              		.cfi_offset 4, -16
 159              		.cfi_offset 5, -12
 160              		.cfi_offset 6, -8
 161              		.cfi_offset 14, -4
 162 0002 061C     		mov	r6, r0
 163 0004 0D1C     		mov	r5, r1
 164 0006 101C     		mov	r0, r2
 165              	.LVL18:
  43:crc32.c       **** 		_crc = crc32_update(_crc, buf[i]);
 166              		.loc 1 43 0
 167 0008 0024     		mov	r4, #0
 168 000a 03E0     		b	.L15
 169              	.LVL19:
 170              	.L16:
  44:crc32.c       **** 
 171              		.loc 1 44 0 discriminator 3
 172 000c 315D     		ldrb	r1, [r6, r4]
 173 000e FFF7FEFF 		bl	crc32_update
 174              	.LVL20:
  43:crc32.c       **** 		_crc = crc32_update(_crc, buf[i]);
 175              		.loc 1 43 0 discriminator 3
 176 0012 0134     		add	r4, r4, #1
 177              	.LVL21:
 178              	.L15:
  43:crc32.c       **** 		_crc = crc32_update(_crc, buf[i]);
 179              		.loc 1 43 0 is_stmt 0 discriminator 1
 180 0014 AC42     		cmp	r4, r5
 181 0016 F9D3     		bcc	.L16
  47:crc32.c       **** 
 182              		.loc 1 47 0 is_stmt 1
 183              		@ sp needed
 184              	.LVL22:
 185              	.LVL23:
 186              	.LVL24:
 187 0018 70BD     		pop	{r4, r5, r6, pc}
 188              		.cfi_endproc
 189              	.LFE1:
 190              		.size	crc32_calc_block, .-crc32_calc_block
 191 001a C046     		.section	.text.crc32_calc,"ax",%progbits
ARM GAS  C:\Users\Petro\AppData\Local\Temp\ccHVLRHc.s 			page 6


 192              		.align	2
 193              		.global	crc32_calc
 194              		.code	16
 195              		.thumb_func
 196              		.type	crc32_calc, %function
 197              	crc32_calc:
 198              	.LFB2:
  50:crc32.c       **** 	uint32_t _crc;
 199              		.loc 1 50 0
 200              		.cfi_startproc
 201              	.LVL25:
 202 0000 08B5     		push	{r3, lr}
 203              		.cfi_def_cfa_offset 8
 204              		.cfi_offset 3, -8
 205              		.cfi_offset 14, -4
 206              	.LVL26:
  54:crc32.c       **** 	return crc32_final(_crc);
 207              		.loc 1 54 0
 208 0002 0122     		mov	r2, #1
 209 0004 5242     		neg	r2, r2
 210 0006 FFF7FEFF 		bl	crc32_calc_block
 211              	.LVL27:
  55:crc32.c       **** }
 212              		.loc 1 55 0
 213 000a C043     		mvn	r0, r0
 214              	.LVL28:
  56:crc32.c       **** 
 215              		.loc 1 56 0
 216              		@ sp needed
 217 000c 08BD     		pop	{r3, pc}
 218              		.cfi_endproc
 219              	.LFE2:
 220              		.size	crc32_calc, .-crc32_calc
 221 000e C046     		.bss
 222              		.align	2
 223              		.set	.LANCHOR0,. + 0
 224              		.set	.LANCHOR1,. + 1024
 225              		.type	crc32_tab, %object
 226              		.size	crc32_tab, 1024
 227              	crc32_tab:
 228 0000 00000000 		.space	1024
 228      00000000 
 228      00000000 
 228      00000000 
 228      00000000 
 229              		.type	crc32_tab_init, %object
 230              		.size	crc32_tab_init, 4
 231              	crc32_tab_init:
 232 0400 00000000 		.space	4
 233              		.text
 234              	.Letext0:
 235              		.file 2 "c:\\program files (x86)\\cypress\\psoc creator\\4.0\\psoc creator\\import\\gnu\\arm\\4.9.
 236              		.file 3 "c:\\program files (x86)\\cypress\\psoc creator\\4.0\\psoc creator\\import\\gnu\\arm\\4.9.
 237              		.section	.debug_info,"",%progbits
 238              	.Ldebug_info0:
 239 0000 40020000 		.4byte	0x240
 240 0004 0400     		.2byte	0x4
ARM GAS  C:\Users\Petro\AppData\Local\Temp\ccHVLRHc.s 			page 7


 241 0006 00000000 		.4byte	.Ldebug_abbrev0
 242 000a 04       		.byte	0x4
 243 000b 01       		.uleb128 0x1
 244 000c 49010000 		.4byte	.LASF23
 245 0010 01       		.byte	0x1
 246 0011 36000000 		.4byte	.LASF24
 247 0015 83000000 		.4byte	.LASF25
 248 0019 00000000 		.4byte	.Ldebug_ranges0+0
 249 001d 00000000 		.4byte	0
 250 0021 00000000 		.4byte	.Ldebug_line0
 251 0025 02       		.uleb128 0x2
 252 0026 01       		.byte	0x1
 253 0027 06       		.byte	0x6
 254 0028 02020000 		.4byte	.LASF0
 255 002c 03       		.uleb128 0x3
 256 002d 12000000 		.4byte	.LASF5
 257 0031 02       		.byte	0x2
 258 0032 1D       		.byte	0x1d
 259 0033 37000000 		.4byte	0x37
 260 0037 02       		.uleb128 0x2
 261 0038 01       		.byte	0x1
 262 0039 08       		.byte	0x8
 263 003a 45000000 		.4byte	.LASF1
 264 003e 02       		.uleb128 0x2
 265 003f 02       		.byte	0x2
 266 0040 05       		.byte	0x5
 267 0041 D7010000 		.4byte	.LASF2
 268 0045 02       		.uleb128 0x2
 269 0046 02       		.byte	0x2
 270 0047 07       		.byte	0x7
 271 0048 65000000 		.4byte	.LASF3
 272 004c 02       		.uleb128 0x2
 273 004d 04       		.byte	0x4
 274 004e 05       		.byte	0x5
 275 004f EA010000 		.4byte	.LASF4
 276 0053 03       		.uleb128 0x3
 277 0054 78000000 		.4byte	.LASF6
 278 0058 02       		.byte	0x2
 279 0059 41       		.byte	0x41
 280 005a 5E000000 		.4byte	0x5e
 281 005e 02       		.uleb128 0x2
 282 005f 04       		.byte	0x4
 283 0060 07       		.byte	0x7
 284 0061 53000000 		.4byte	.LASF7
 285 0065 02       		.uleb128 0x2
 286 0066 08       		.byte	0x8
 287 0067 05       		.byte	0x5
 288 0068 3B010000 		.4byte	.LASF8
 289 006c 02       		.uleb128 0x2
 290 006d 08       		.byte	0x8
 291 006e 07       		.byte	0x7
 292 006f FD000000 		.4byte	.LASF9
 293 0073 04       		.uleb128 0x4
 294 0074 04       		.byte	0x4
 295 0075 05       		.byte	0x5
 296 0076 696E7400 		.ascii	"int\000"
 297 007a 02       		.uleb128 0x2
ARM GAS  C:\Users\Petro\AppData\Local\Temp\ccHVLRHc.s 			page 8


 298 007b 04       		.byte	0x4
 299 007c 07       		.byte	0x7
 300 007d F0000000 		.4byte	.LASF10
 301 0081 03       		.uleb128 0x3
 302 0082 14010000 		.4byte	.LASF11
 303 0086 03       		.byte	0x3
 304 0087 15       		.byte	0x15
 305 0088 2C000000 		.4byte	0x2c
 306 008c 03       		.uleb128 0x3
 307 008d E1010000 		.4byte	.LASF12
 308 0091 03       		.byte	0x3
 309 0092 2D       		.byte	0x2d
 310 0093 53000000 		.4byte	0x53
 311 0097 05       		.uleb128 0x5
 312 0098 0E020000 		.4byte	.LASF26
 313 009c 01       		.byte	0x1
 314 009d 3A       		.byte	0x3a
 315 009e 00000000 		.4byte	.LFB3
 316 00a2 40000000 		.4byte	.LFE3-.LFB3
 317 00a6 01       		.uleb128 0x1
 318 00a7 9C       		.byte	0x9c
 319 00a8 D6000000 		.4byte	0xd6
 320 00ac 06       		.uleb128 0x6
 321 00ad 6900     		.ascii	"i\000"
 322 00af 01       		.byte	0x1
 323 00b0 3C       		.byte	0x3c
 324 00b1 73000000 		.4byte	0x73
 325 00b5 00000000 		.4byte	.LLST0
 326 00b9 06       		.uleb128 0x6
 327 00ba 6A00     		.ascii	"j\000"
 328 00bc 01       		.byte	0x1
 329 00bd 3C       		.byte	0x3c
 330 00be 73000000 		.4byte	0x73
 331 00c2 1F000000 		.4byte	.LLST1
 332 00c6 06       		.uleb128 0x6
 333 00c7 63726300 		.ascii	"crc\000"
 334 00cb 01       		.byte	0x1
 335 00cc 3D       		.byte	0x3d
 336 00cd 8C000000 		.4byte	0x8c
 337 00d1 3E000000 		.4byte	.LLST2
 338 00d5 00       		.byte	0
 339 00d6 07       		.uleb128 0x7
 340 00d7 00000000 		.4byte	.LASF14
 341 00db 01       		.byte	0x1
 342 00dc 18       		.byte	0x18
 343 00dd 8C000000 		.4byte	0x8c
 344 00e1 00000000 		.4byte	.LFB0
 345 00e5 2C000000 		.4byte	.LFE0-.LFB0
 346 00e9 01       		.uleb128 0x1
 347 00ea 9C       		.byte	0x9c
 348 00eb 33010000 		.4byte	0x133
 349 00ef 08       		.uleb128 0x8
 350 00f0 63726300 		.ascii	"crc\000"
 351 00f4 01       		.byte	0x1
 352 00f5 18       		.byte	0x18
 353 00f6 8C000000 		.4byte	0x8c
 354 00fa 5C000000 		.4byte	.LLST3
ARM GAS  C:\Users\Petro\AppData\Local\Temp\ccHVLRHc.s 			page 9


 355 00fe 08       		.uleb128 0x8
 356 00ff 6300     		.ascii	"c\000"
 357 0101 01       		.byte	0x1
 358 0102 18       		.byte	0x18
 359 0103 81000000 		.4byte	0x81
 360 0107 93000000 		.4byte	.LLST4
 361 010b 06       		.uleb128 0x6
 362 010c 746D7000 		.ascii	"tmp\000"
 363 0110 01       		.byte	0x1
 364 0111 1A       		.byte	0x1a
 365 0112 8C000000 		.4byte	0x8c
 366 0116 B4000000 		.4byte	.LLST5
 367 011a 09       		.uleb128 0x9
 368 011b 3E000000 		.4byte	.LASF13
 369 011f 01       		.byte	0x1
 370 0120 1A       		.byte	0x1a
 371 0121 8C000000 		.4byte	0x8c
 372 0125 C7000000 		.4byte	.LLST6
 373 0129 0A       		.uleb128 0xa
 374 012a 12000000 		.4byte	.LVL12
 375 012e 97000000 		.4byte	0x97
 376 0132 00       		.byte	0
 377 0133 07       		.uleb128 0x7
 378 0134 21010000 		.4byte	.LASF15
 379 0138 01       		.byte	0x1
 380 0139 27       		.byte	0x27
 381 013a 8C000000 		.4byte	0x8c
 382 013e 00000000 		.4byte	.LFB1
 383 0142 1A000000 		.4byte	.LFE1-.LFB1
 384 0146 01       		.uleb128 0x1
 385 0147 9C       		.byte	0x9c
 386 0148 9F010000 		.4byte	0x19f
 387 014c 08       		.uleb128 0x8
 388 014d 62756600 		.ascii	"buf\000"
 389 0151 01       		.byte	0x1
 390 0152 27       		.byte	0x27
 391 0153 9F010000 		.4byte	0x19f
 392 0157 E5000000 		.4byte	.LLST7
 393 015b 0B       		.uleb128 0xb
 394 015c 1C010000 		.4byte	.LASF16
 395 0160 01       		.byte	0x1
 396 0161 27       		.byte	0x27
 397 0162 8C000000 		.4byte	0x8c
 398 0166 11010000 		.4byte	.LLST8
 399 016a 0B       		.uleb128 0xb
 400 016b 26000000 		.4byte	.LASF17
 401 016f 01       		.byte	0x1
 402 0170 27       		.byte	0x27
 403 0171 8C000000 		.4byte	0x8c
 404 0175 3D010000 		.4byte	.LLST9
 405 0179 06       		.uleb128 0x6
 406 017a 6900     		.ascii	"i\000"
 407 017c 01       		.byte	0x1
 408 017d 29       		.byte	0x29
 409 017e 8C000000 		.4byte	0x8c
 410 0182 5E010000 		.4byte	.LLST10
 411 0186 09       		.uleb128 0x9
ARM GAS  C:\Users\Petro\AppData\Local\Temp\ccHVLRHc.s 			page 10


 412 0187 0D000000 		.4byte	.LASF18
 413 018b 01       		.byte	0x1
 414 018c 2A       		.byte	0x2a
 415 018d 8C000000 		.4byte	0x8c
 416 0191 7D010000 		.4byte	.LLST11
 417 0195 0A       		.uleb128 0xa
 418 0196 12000000 		.4byte	.LVL20
 419 019a D6000000 		.4byte	0xd6
 420 019e 00       		.byte	0
 421 019f 0C       		.uleb128 0xc
 422 01a0 04       		.byte	0x4
 423 01a1 81000000 		.4byte	0x81
 424 01a5 07       		.uleb128 0x7
 425 01a6 2B000000 		.4byte	.LASF19
 426 01aa 01       		.byte	0x1
 427 01ab 31       		.byte	0x31
 428 01ac 8C000000 		.4byte	0x8c
 429 01b0 00000000 		.4byte	.LFB2
 430 01b4 0E000000 		.4byte	.LFE2-.LFB2
 431 01b8 01       		.uleb128 0x1
 432 01b9 9C       		.byte	0x9c
 433 01ba 0A020000 		.4byte	0x20a
 434 01be 08       		.uleb128 0x8
 435 01bf 62756600 		.ascii	"buf\000"
 436 01c3 01       		.byte	0x1
 437 01c4 31       		.byte	0x31
 438 01c5 9F010000 		.4byte	0x19f
 439 01c9 A6010000 		.4byte	.LLST12
 440 01cd 0B       		.uleb128 0xb
 441 01ce 1C010000 		.4byte	.LASF16
 442 01d2 01       		.byte	0x1
 443 01d3 31       		.byte	0x31
 444 01d4 8C000000 		.4byte	0x8c
 445 01d8 C7010000 		.4byte	.LLST13
 446 01dc 09       		.uleb128 0x9
 447 01dd 0D000000 		.4byte	.LASF18
 448 01e1 01       		.byte	0x1
 449 01e2 33       		.byte	0x33
 450 01e3 8C000000 		.4byte	0x8c
 451 01e7 E8010000 		.4byte	.LLST14
 452 01eb 0D       		.uleb128 0xd
 453 01ec 0A000000 		.4byte	.LVL27
 454 01f0 33010000 		.4byte	0x133
 455 01f4 0E       		.uleb128 0xe
 456 01f5 01       		.uleb128 0x1
 457 01f6 52       		.byte	0x52
 458 01f7 02       		.uleb128 0x2
 459 01f8 09       		.byte	0x9
 460 01f9 FF       		.byte	0xff
 461 01fa 0E       		.uleb128 0xe
 462 01fb 01       		.uleb128 0x1
 463 01fc 51       		.byte	0x51
 464 01fd 03       		.uleb128 0x3
 465 01fe F3       		.byte	0xf3
 466 01ff 01       		.uleb128 0x1
 467 0200 51       		.byte	0x51
 468 0201 0E       		.uleb128 0xe
ARM GAS  C:\Users\Petro\AppData\Local\Temp\ccHVLRHc.s 			page 11


 469 0202 01       		.uleb128 0x1
 470 0203 50       		.byte	0x50
 471 0204 03       		.uleb128 0x3
 472 0205 F3       		.byte	0xf3
 473 0206 01       		.uleb128 0x1
 474 0207 50       		.byte	0x50
 475 0208 00       		.byte	0
 476 0209 00       		.byte	0
 477 020a 0F       		.uleb128 0xf
 478 020b F3010000 		.4byte	.LASF20
 479 020f 01       		.byte	0x1
 480 0210 13       		.byte	0x13
 481 0211 73000000 		.4byte	0x73
 482 0215 05       		.uleb128 0x5
 483 0216 03       		.byte	0x3
 484 0217 00040000 		.4byte	crc32_tab_init
 485 021b 10       		.uleb128 0x10
 486 021c 8C000000 		.4byte	0x8c
 487 0220 2B020000 		.4byte	0x22b
 488 0224 11       		.uleb128 0x11
 489 0225 2B020000 		.4byte	0x22b
 490 0229 FF       		.byte	0xff
 491 022a 00       		.byte	0
 492 022b 02       		.uleb128 0x2
 493 022c 04       		.byte	0x4
 494 022d 07       		.byte	0x7
 495 022e 32010000 		.4byte	.LASF21
 496 0232 0F       		.uleb128 0xf
 497 0233 1C000000 		.4byte	.LASF22
 498 0237 01       		.byte	0x1
 499 0238 14       		.byte	0x14
 500 0239 1B020000 		.4byte	0x21b
 501 023d 05       		.uleb128 0x5
 502 023e 03       		.byte	0x3
 503 023f 00000000 		.4byte	crc32_tab
 504 0243 00       		.byte	0
 505              		.section	.debug_abbrev,"",%progbits
 506              	.Ldebug_abbrev0:
 507 0000 01       		.uleb128 0x1
 508 0001 11       		.uleb128 0x11
 509 0002 01       		.byte	0x1
 510 0003 25       		.uleb128 0x25
 511 0004 0E       		.uleb128 0xe
 512 0005 13       		.uleb128 0x13
 513 0006 0B       		.uleb128 0xb
 514 0007 03       		.uleb128 0x3
 515 0008 0E       		.uleb128 0xe
 516 0009 1B       		.uleb128 0x1b
 517 000a 0E       		.uleb128 0xe
 518 000b 55       		.uleb128 0x55
 519 000c 17       		.uleb128 0x17
 520 000d 11       		.uleb128 0x11
 521 000e 01       		.uleb128 0x1
 522 000f 10       		.uleb128 0x10
 523 0010 17       		.uleb128 0x17
 524 0011 00       		.byte	0
 525 0012 00       		.byte	0
ARM GAS  C:\Users\Petro\AppData\Local\Temp\ccHVLRHc.s 			page 12


 526 0013 02       		.uleb128 0x2
 527 0014 24       		.uleb128 0x24
 528 0015 00       		.byte	0
 529 0016 0B       		.uleb128 0xb
 530 0017 0B       		.uleb128 0xb
 531 0018 3E       		.uleb128 0x3e
 532 0019 0B       		.uleb128 0xb
 533 001a 03       		.uleb128 0x3
 534 001b 0E       		.uleb128 0xe
 535 001c 00       		.byte	0
 536 001d 00       		.byte	0
 537 001e 03       		.uleb128 0x3
 538 001f 16       		.uleb128 0x16
 539 0020 00       		.byte	0
 540 0021 03       		.uleb128 0x3
 541 0022 0E       		.uleb128 0xe
 542 0023 3A       		.uleb128 0x3a
 543 0024 0B       		.uleb128 0xb
 544 0025 3B       		.uleb128 0x3b
 545 0026 0B       		.uleb128 0xb
 546 0027 49       		.uleb128 0x49
 547 0028 13       		.uleb128 0x13
 548 0029 00       		.byte	0
 549 002a 00       		.byte	0
 550 002b 04       		.uleb128 0x4
 551 002c 24       		.uleb128 0x24
 552 002d 00       		.byte	0
 553 002e 0B       		.uleb128 0xb
 554 002f 0B       		.uleb128 0xb
 555 0030 3E       		.uleb128 0x3e
 556 0031 0B       		.uleb128 0xb
 557 0032 03       		.uleb128 0x3
 558 0033 08       		.uleb128 0x8
 559 0034 00       		.byte	0
 560 0035 00       		.byte	0
 561 0036 05       		.uleb128 0x5
 562 0037 2E       		.uleb128 0x2e
 563 0038 01       		.byte	0x1
 564 0039 03       		.uleb128 0x3
 565 003a 0E       		.uleb128 0xe
 566 003b 3A       		.uleb128 0x3a
 567 003c 0B       		.uleb128 0xb
 568 003d 3B       		.uleb128 0x3b
 569 003e 0B       		.uleb128 0xb
 570 003f 27       		.uleb128 0x27
 571 0040 19       		.uleb128 0x19
 572 0041 11       		.uleb128 0x11
 573 0042 01       		.uleb128 0x1
 574 0043 12       		.uleb128 0x12
 575 0044 06       		.uleb128 0x6
 576 0045 40       		.uleb128 0x40
 577 0046 18       		.uleb128 0x18
 578 0047 9742     		.uleb128 0x2117
 579 0049 19       		.uleb128 0x19
 580 004a 01       		.uleb128 0x1
 581 004b 13       		.uleb128 0x13
 582 004c 00       		.byte	0
ARM GAS  C:\Users\Petro\AppData\Local\Temp\ccHVLRHc.s 			page 13


 583 004d 00       		.byte	0
 584 004e 06       		.uleb128 0x6
 585 004f 34       		.uleb128 0x34
 586 0050 00       		.byte	0
 587 0051 03       		.uleb128 0x3
 588 0052 08       		.uleb128 0x8
 589 0053 3A       		.uleb128 0x3a
 590 0054 0B       		.uleb128 0xb
 591 0055 3B       		.uleb128 0x3b
 592 0056 0B       		.uleb128 0xb
 593 0057 49       		.uleb128 0x49
 594 0058 13       		.uleb128 0x13
 595 0059 02       		.uleb128 0x2
 596 005a 17       		.uleb128 0x17
 597 005b 00       		.byte	0
 598 005c 00       		.byte	0
 599 005d 07       		.uleb128 0x7
 600 005e 2E       		.uleb128 0x2e
 601 005f 01       		.byte	0x1
 602 0060 3F       		.uleb128 0x3f
 603 0061 19       		.uleb128 0x19
 604 0062 03       		.uleb128 0x3
 605 0063 0E       		.uleb128 0xe
 606 0064 3A       		.uleb128 0x3a
 607 0065 0B       		.uleb128 0xb
 608 0066 3B       		.uleb128 0x3b
 609 0067 0B       		.uleb128 0xb
 610 0068 27       		.uleb128 0x27
 611 0069 19       		.uleb128 0x19
 612 006a 49       		.uleb128 0x49
 613 006b 13       		.uleb128 0x13
 614 006c 11       		.uleb128 0x11
 615 006d 01       		.uleb128 0x1
 616 006e 12       		.uleb128 0x12
 617 006f 06       		.uleb128 0x6
 618 0070 40       		.uleb128 0x40
 619 0071 18       		.uleb128 0x18
 620 0072 9742     		.uleb128 0x2117
 621 0074 19       		.uleb128 0x19
 622 0075 01       		.uleb128 0x1
 623 0076 13       		.uleb128 0x13
 624 0077 00       		.byte	0
 625 0078 00       		.byte	0
 626 0079 08       		.uleb128 0x8
 627 007a 05       		.uleb128 0x5
 628 007b 00       		.byte	0
 629 007c 03       		.uleb128 0x3
 630 007d 08       		.uleb128 0x8
 631 007e 3A       		.uleb128 0x3a
 632 007f 0B       		.uleb128 0xb
 633 0080 3B       		.uleb128 0x3b
 634 0081 0B       		.uleb128 0xb
 635 0082 49       		.uleb128 0x49
 636 0083 13       		.uleb128 0x13
 637 0084 02       		.uleb128 0x2
 638 0085 17       		.uleb128 0x17
 639 0086 00       		.byte	0
ARM GAS  C:\Users\Petro\AppData\Local\Temp\ccHVLRHc.s 			page 14


 640 0087 00       		.byte	0
 641 0088 09       		.uleb128 0x9
 642 0089 34       		.uleb128 0x34
 643 008a 00       		.byte	0
 644 008b 03       		.uleb128 0x3
 645 008c 0E       		.uleb128 0xe
 646 008d 3A       		.uleb128 0x3a
 647 008e 0B       		.uleb128 0xb
 648 008f 3B       		.uleb128 0x3b
 649 0090 0B       		.uleb128 0xb
 650 0091 49       		.uleb128 0x49
 651 0092 13       		.uleb128 0x13
 652 0093 02       		.uleb128 0x2
 653 0094 17       		.uleb128 0x17
 654 0095 00       		.byte	0
 655 0096 00       		.byte	0
 656 0097 0A       		.uleb128 0xa
 657 0098 898201   		.uleb128 0x4109
 658 009b 00       		.byte	0
 659 009c 11       		.uleb128 0x11
 660 009d 01       		.uleb128 0x1
 661 009e 31       		.uleb128 0x31
 662 009f 13       		.uleb128 0x13
 663 00a0 00       		.byte	0
 664 00a1 00       		.byte	0
 665 00a2 0B       		.uleb128 0xb
 666 00a3 05       		.uleb128 0x5
 667 00a4 00       		.byte	0
 668 00a5 03       		.uleb128 0x3
 669 00a6 0E       		.uleb128 0xe
 670 00a7 3A       		.uleb128 0x3a
 671 00a8 0B       		.uleb128 0xb
 672 00a9 3B       		.uleb128 0x3b
 673 00aa 0B       		.uleb128 0xb
 674 00ab 49       		.uleb128 0x49
 675 00ac 13       		.uleb128 0x13
 676 00ad 02       		.uleb128 0x2
 677 00ae 17       		.uleb128 0x17
 678 00af 00       		.byte	0
 679 00b0 00       		.byte	0
 680 00b1 0C       		.uleb128 0xc
 681 00b2 0F       		.uleb128 0xf
 682 00b3 00       		.byte	0
 683 00b4 0B       		.uleb128 0xb
 684 00b5 0B       		.uleb128 0xb
 685 00b6 49       		.uleb128 0x49
 686 00b7 13       		.uleb128 0x13
 687 00b8 00       		.byte	0
 688 00b9 00       		.byte	0
 689 00ba 0D       		.uleb128 0xd
 690 00bb 898201   		.uleb128 0x4109
 691 00be 01       		.byte	0x1
 692 00bf 11       		.uleb128 0x11
 693 00c0 01       		.uleb128 0x1
 694 00c1 31       		.uleb128 0x31
 695 00c2 13       		.uleb128 0x13
 696 00c3 00       		.byte	0
ARM GAS  C:\Users\Petro\AppData\Local\Temp\ccHVLRHc.s 			page 15


 697 00c4 00       		.byte	0
 698 00c5 0E       		.uleb128 0xe
 699 00c6 8A8201   		.uleb128 0x410a
 700 00c9 00       		.byte	0
 701 00ca 02       		.uleb128 0x2
 702 00cb 18       		.uleb128 0x18
 703 00cc 9142     		.uleb128 0x2111
 704 00ce 18       		.uleb128 0x18
 705 00cf 00       		.byte	0
 706 00d0 00       		.byte	0
 707 00d1 0F       		.uleb128 0xf
 708 00d2 34       		.uleb128 0x34
 709 00d3 00       		.byte	0
 710 00d4 03       		.uleb128 0x3
 711 00d5 0E       		.uleb128 0xe
 712 00d6 3A       		.uleb128 0x3a
 713 00d7 0B       		.uleb128 0xb
 714 00d8 3B       		.uleb128 0x3b
 715 00d9 0B       		.uleb128 0xb
 716 00da 49       		.uleb128 0x49
 717 00db 13       		.uleb128 0x13
 718 00dc 02       		.uleb128 0x2
 719 00dd 18       		.uleb128 0x18
 720 00de 00       		.byte	0
 721 00df 00       		.byte	0
 722 00e0 10       		.uleb128 0x10
 723 00e1 01       		.uleb128 0x1
 724 00e2 01       		.byte	0x1
 725 00e3 49       		.uleb128 0x49
 726 00e4 13       		.uleb128 0x13
 727 00e5 01       		.uleb128 0x1
 728 00e6 13       		.uleb128 0x13
 729 00e7 00       		.byte	0
 730 00e8 00       		.byte	0
 731 00e9 11       		.uleb128 0x11
 732 00ea 21       		.uleb128 0x21
 733 00eb 00       		.byte	0
 734 00ec 49       		.uleb128 0x49
 735 00ed 13       		.uleb128 0x13
 736 00ee 2F       		.uleb128 0x2f
 737 00ef 0B       		.uleb128 0xb
 738 00f0 00       		.byte	0
 739 00f1 00       		.byte	0
 740 00f2 00       		.byte	0
 741              		.section	.debug_loc,"",%progbits
 742              	.Ldebug_loc0:
 743              	.LLST0:
 744 0000 00000000 		.4byte	.LVL0
 745 0004 04000000 		.4byte	.LVL1
 746 0008 0200     		.2byte	0x2
 747 000a 30       		.byte	0x30
 748 000b 9F       		.byte	0x9f
 749 000c 04000000 		.4byte	.LVL1
 750 0010 40000000 		.4byte	.LFE3
 751 0014 0100     		.2byte	0x1
 752 0016 50       		.byte	0x50
 753 0017 00000000 		.4byte	0
ARM GAS  C:\Users\Petro\AppData\Local\Temp\ccHVLRHc.s 			page 16


 754 001b 00000000 		.4byte	0
 755              	.LLST1:
 756 001f 06000000 		.4byte	.LVL2
 757 0023 0A000000 		.4byte	.LVL3
 758 0027 0200     		.2byte	0x2
 759 0029 30       		.byte	0x30
 760 002a 9F       		.byte	0x9f
 761 002b 0A000000 		.4byte	.LVL3
 762 002f 22000000 		.4byte	.LVL8
 763 0033 0100     		.2byte	0x1
 764 0035 52       		.byte	0x52
 765 0036 00000000 		.4byte	0
 766 003a 00000000 		.4byte	0
 767              	.LLST2:
 768 003e 06000000 		.4byte	.LVL2
 769 0042 10000000 		.4byte	.LVL4
 770 0046 0100     		.2byte	0x1
 771 0048 53       		.byte	0x53
 772 0049 14000000 		.4byte	.LVL5
 773 004d 26000000 		.4byte	.LVL9
 774 0051 0100     		.2byte	0x1
 775 0053 53       		.byte	0x53
 776 0054 00000000 		.4byte	0
 777 0058 00000000 		.4byte	0
 778              	.LLST3:
 779 005c 00000000 		.4byte	.LVL10
 780 0060 11000000 		.4byte	.LVL12-1
 781 0064 0100     		.2byte	0x1
 782 0066 50       		.byte	0x50
 783 0067 11000000 		.4byte	.LVL12-1
 784 006b 16000000 		.4byte	.LVL14
 785 006f 0100     		.2byte	0x1
 786 0071 55       		.byte	0x55
 787 0072 16000000 		.4byte	.LVL14
 788 0076 22000000 		.4byte	.LVL16
 789 007a 0400     		.2byte	0x4
 790 007c F3       		.byte	0xf3
 791 007d 01       		.uleb128 0x1
 792 007e 50       		.byte	0x50
 793 007f 9F       		.byte	0x9f
 794 0080 22000000 		.4byte	.LVL16
 795 0084 2C000000 		.4byte	.LFE0
 796 0088 0100     		.2byte	0x1
 797 008a 50       		.byte	0x50
 798 008b 00000000 		.4byte	0
 799 008f 00000000 		.4byte	0
 800              	.LLST4:
 801 0093 00000000 		.4byte	.LVL10
 802 0097 11000000 		.4byte	.LVL12-1
 803 009b 0100     		.2byte	0x1
 804 009d 51       		.byte	0x51
 805 009e 11000000 		.4byte	.LVL12-1
 806 00a2 2C000000 		.4byte	.LFE0
 807 00a6 0400     		.2byte	0x4
 808 00a8 F3       		.byte	0xf3
 809 00a9 01       		.uleb128 0x1
 810 00aa 51       		.byte	0x51
ARM GAS  C:\Users\Petro\AppData\Local\Temp\ccHVLRHc.s 			page 17


 811 00ab 9F       		.byte	0x9f
 812 00ac 00000000 		.4byte	0
 813 00b0 00000000 		.4byte	0
 814              	.LLST5:
 815 00b4 14000000 		.4byte	.LVL13
 816 00b8 1A000000 		.4byte	.LVL15
 817 00bc 0100     		.2byte	0x1
 818 00be 54       		.byte	0x54
 819 00bf 00000000 		.4byte	0
 820 00c3 00000000 		.4byte	0
 821              	.LLST6:
 822 00c7 06000000 		.4byte	.LVL11
 823 00cb 11000000 		.4byte	.LVL12-1
 824 00cf 0100     		.2byte	0x1
 825 00d1 51       		.byte	0x51
 826 00d2 11000000 		.4byte	.LVL12-1
 827 00d6 14000000 		.4byte	.LVL13
 828 00da 0100     		.2byte	0x1
 829 00dc 54       		.byte	0x54
 830 00dd 00000000 		.4byte	0
 831 00e1 00000000 		.4byte	0
 832              	.LLST7:
 833 00e5 00000000 		.4byte	.LVL17
 834 00e9 08000000 		.4byte	.LVL18
 835 00ed 0100     		.2byte	0x1
 836 00ef 50       		.byte	0x50
 837 00f0 08000000 		.4byte	.LVL18
 838 00f4 18000000 		.4byte	.LVL24
 839 00f8 0100     		.2byte	0x1
 840 00fa 56       		.byte	0x56
 841 00fb 18000000 		.4byte	.LVL24
 842 00ff 1A000000 		.4byte	.LFE1
 843 0103 0400     		.2byte	0x4
 844 0105 F3       		.byte	0xf3
 845 0106 01       		.uleb128 0x1
 846 0107 50       		.byte	0x50
 847 0108 9F       		.byte	0x9f
 848 0109 00000000 		.4byte	0
 849 010d 00000000 		.4byte	0
 850              	.LLST8:
 851 0111 00000000 		.4byte	.LVL17
 852 0115 0C000000 		.4byte	.LVL19
 853 0119 0100     		.2byte	0x1
 854 011b 51       		.byte	0x51
 855 011c 0C000000 		.4byte	.LVL19
 856 0120 18000000 		.4byte	.LVL23
 857 0124 0100     		.2byte	0x1
 858 0126 55       		.byte	0x55
 859 0127 18000000 		.4byte	.LVL23
 860 012b 1A000000 		.4byte	.LFE1
 861 012f 0400     		.2byte	0x4
 862 0131 F3       		.byte	0xf3
 863 0132 01       		.uleb128 0x1
 864 0133 51       		.byte	0x51
 865 0134 9F       		.byte	0x9f
 866 0135 00000000 		.4byte	0
 867 0139 00000000 		.4byte	0
ARM GAS  C:\Users\Petro\AppData\Local\Temp\ccHVLRHc.s 			page 18


 868              	.LLST9:
 869 013d 00000000 		.4byte	.LVL17
 870 0141 0C000000 		.4byte	.LVL19
 871 0145 0100     		.2byte	0x1
 872 0147 52       		.byte	0x52
 873 0148 0C000000 		.4byte	.LVL19
 874 014c 1A000000 		.4byte	.LFE1
 875 0150 0400     		.2byte	0x4
 876 0152 F3       		.byte	0xf3
 877 0153 01       		.uleb128 0x1
 878 0154 52       		.byte	0x52
 879 0155 9F       		.byte	0x9f
 880 0156 00000000 		.4byte	0
 881 015a 00000000 		.4byte	0
 882              	.LLST10:
 883 015e 08000000 		.4byte	.LVL18
 884 0162 0C000000 		.4byte	.LVL19
 885 0166 0200     		.2byte	0x2
 886 0168 30       		.byte	0x30
 887 0169 9F       		.byte	0x9f
 888 016a 0C000000 		.4byte	.LVL19
 889 016e 18000000 		.4byte	.LVL22
 890 0172 0100     		.2byte	0x1
 891 0174 54       		.byte	0x54
 892 0175 00000000 		.4byte	0
 893 0179 00000000 		.4byte	0
 894              	.LLST11:
 895 017d 08000000 		.4byte	.LVL18
 896 0181 0C000000 		.4byte	.LVL19
 897 0185 0100     		.2byte	0x1
 898 0187 52       		.byte	0x52
 899 0188 0C000000 		.4byte	.LVL19
 900 018c 11000000 		.4byte	.LVL20-1
 901 0190 0100     		.2byte	0x1
 902 0192 50       		.byte	0x50
 903 0193 12000000 		.4byte	.LVL20
 904 0197 1A000000 		.4byte	.LFE1
 905 019b 0100     		.2byte	0x1
 906 019d 50       		.byte	0x50
 907 019e 00000000 		.4byte	0
 908 01a2 00000000 		.4byte	0
 909              	.LLST12:
 910 01a6 00000000 		.4byte	.LVL25
 911 01aa 09000000 		.4byte	.LVL27-1
 912 01ae 0100     		.2byte	0x1
 913 01b0 50       		.byte	0x50
 914 01b1 09000000 		.4byte	.LVL27-1
 915 01b5 0E000000 		.4byte	.LFE2
 916 01b9 0400     		.2byte	0x4
 917 01bb F3       		.byte	0xf3
 918 01bc 01       		.uleb128 0x1
 919 01bd 50       		.byte	0x50
 920 01be 9F       		.byte	0x9f
 921 01bf 00000000 		.4byte	0
 922 01c3 00000000 		.4byte	0
 923              	.LLST13:
 924 01c7 00000000 		.4byte	.LVL25
ARM GAS  C:\Users\Petro\AppData\Local\Temp\ccHVLRHc.s 			page 19


 925 01cb 09000000 		.4byte	.LVL27-1
 926 01cf 0100     		.2byte	0x1
 927 01d1 51       		.byte	0x51
 928 01d2 09000000 		.4byte	.LVL27-1
 929 01d6 0E000000 		.4byte	.LFE2
 930 01da 0400     		.2byte	0x4
 931 01dc F3       		.byte	0xf3
 932 01dd 01       		.uleb128 0x1
 933 01de 51       		.byte	0x51
 934 01df 9F       		.byte	0x9f
 935 01e0 00000000 		.4byte	0
 936 01e4 00000000 		.4byte	0
 937              	.LLST14:
 938 01e8 02000000 		.4byte	.LVL26
 939 01ec 0A000000 		.4byte	.LVL27
 940 01f0 0300     		.2byte	0x3
 941 01f2 09       		.byte	0x9
 942 01f3 FF       		.byte	0xff
 943 01f4 9F       		.byte	0x9f
 944 01f5 0A000000 		.4byte	.LVL27
 945 01f9 0C000000 		.4byte	.LVL28
 946 01fd 0100     		.2byte	0x1
 947 01ff 50       		.byte	0x50
 948 0200 0C000000 		.4byte	.LVL28
 949 0204 0E000000 		.4byte	.LFE2
 950 0208 0400     		.2byte	0x4
 951 020a 70       		.byte	0x70
 952 020b 00       		.sleb128 0
 953 020c 20       		.byte	0x20
 954 020d 9F       		.byte	0x9f
 955 020e 00000000 		.4byte	0
 956 0212 00000000 		.4byte	0
 957              		.section	.debug_aranges,"",%progbits
 958 0000 34000000 		.4byte	0x34
 959 0004 0200     		.2byte	0x2
 960 0006 00000000 		.4byte	.Ldebug_info0
 961 000a 04       		.byte	0x4
 962 000b 00       		.byte	0
 963 000c 0000     		.2byte	0
 964 000e 0000     		.2byte	0
 965 0010 00000000 		.4byte	.LFB3
 966 0014 40000000 		.4byte	.LFE3-.LFB3
 967 0018 00000000 		.4byte	.LFB0
 968 001c 2C000000 		.4byte	.LFE0-.LFB0
 969 0020 00000000 		.4byte	.LFB1
 970 0024 1A000000 		.4byte	.LFE1-.LFB1
 971 0028 00000000 		.4byte	.LFB2
 972 002c 0E000000 		.4byte	.LFE2-.LFB2
 973 0030 00000000 		.4byte	0
 974 0034 00000000 		.4byte	0
 975              		.section	.debug_ranges,"",%progbits
 976              	.Ldebug_ranges0:
 977 0000 00000000 		.4byte	.LFB3
 978 0004 40000000 		.4byte	.LFE3
 979 0008 00000000 		.4byte	.LFB0
 980 000c 2C000000 		.4byte	.LFE0
 981 0010 00000000 		.4byte	.LFB1
ARM GAS  C:\Users\Petro\AppData\Local\Temp\ccHVLRHc.s 			page 20


 982 0014 1A000000 		.4byte	.LFE1
 983 0018 00000000 		.4byte	.LFB2
 984 001c 0E000000 		.4byte	.LFE2
 985 0020 00000000 		.4byte	0
 986 0024 00000000 		.4byte	0
 987              		.section	.debug_line,"",%progbits
 988              	.Ldebug_line0:
 989 0000 A8010000 		.section	.debug_str,"MS",%progbits,1
 989      02001601 
 989      00000201 
 989      FB0E0D00 
 989      01010101 
 990              	.LASF14:
 991 0000 63726333 		.ascii	"crc32_update\000"
 991      325F7570 
 991      64617465 
 991      00
 992              	.LASF18:
 993 000d 5F637263 		.ascii	"_crc\000"
 993      00
 994              	.LASF5:
 995 0012 5F5F7569 		.ascii	"__uint8_t\000"
 995      6E74385F 
 995      7400
 996              	.LASF22:
 997 001c 63726333 		.ascii	"crc32_tab\000"
 997      325F7461 
 997      6200
 998              	.LASF17:
 999 0026 696E6974 		.ascii	"init\000"
 999      00
 1000              	.LASF19:
 1001 002b 63726333 		.ascii	"crc32_calc\000"
 1001      325F6361 
 1001      6C6300
 1002              	.LASF24:
 1003 0036 63726333 		.ascii	"crc32.c\000"
 1003      322E6300 
 1004              	.LASF13:
 1005 003e 6C6F6E67 		.ascii	"long_c\000"
 1005      5F6300
 1006              	.LASF1:
 1007 0045 756E7369 		.ascii	"unsigned char\000"
 1007      676E6564 
 1007      20636861 
 1007      7200
 1008              	.LASF7:
 1009 0053 6C6F6E67 		.ascii	"long unsigned int\000"
 1009      20756E73 
 1009      69676E65 
 1009      6420696E 
 1009      7400
 1010              	.LASF3:
 1011 0065 73686F72 		.ascii	"short unsigned int\000"
 1011      7420756E 
 1011      7369676E 
 1011      65642069 
ARM GAS  C:\Users\Petro\AppData\Local\Temp\ccHVLRHc.s 			page 21


 1011      6E7400
 1012              	.LASF6:
 1013 0078 5F5F7569 		.ascii	"__uint32_t\000"
 1013      6E743332 
 1013      5F7400
 1014              	.LASF25:
 1015 0083 443A5C43 		.ascii	"D:\\Cypress\\system-start-finish\\vesion 2\\fw\\fin"
 1015      79707265 
 1015      73735C73 
 1015      79737465 
 1015      6D2D7374 
 1016 00b1 6973685C 		.ascii	"ish\\sandbox\\v7_debug_ntp\\Finish(state machine)\\"
 1016      73616E64 
 1016      626F785C 
 1016      76375F64 
 1016      65627567 
 1017 00e0 64656275 		.ascii	"debug_ntp.cydsn\000"
 1017      675F6E74 
 1017      702E6379 
 1017      64736E00 
 1018              	.LASF10:
 1019 00f0 756E7369 		.ascii	"unsigned int\000"
 1019      676E6564 
 1019      20696E74 
 1019      00
 1020              	.LASF9:
 1021 00fd 6C6F6E67 		.ascii	"long long unsigned int\000"
 1021      206C6F6E 
 1021      6720756E 
 1021      7369676E 
 1021      65642069 
 1022              	.LASF11:
 1023 0114 75696E74 		.ascii	"uint8_t\000"
 1023      385F7400 
 1024              	.LASF16:
 1025 011c 53697A65 		.ascii	"Size\000"
 1025      00
 1026              	.LASF15:
 1027 0121 63726333 		.ascii	"crc32_calc_block\000"
 1027      325F6361 
 1027      6C635F62 
 1027      6C6F636B 
 1027      00
 1028              	.LASF21:
 1029 0132 73697A65 		.ascii	"sizetype\000"
 1029      74797065 
 1029      00
 1030              	.LASF8:
 1031 013b 6C6F6E67 		.ascii	"long long int\000"
 1031      206C6F6E 
 1031      6720696E 
 1031      7400
 1032              	.LASF23:
 1033 0149 474E5520 		.ascii	"GNU C 4.9.3 20150303 (release) [ARM/embedded-4_9-br"
 1033      4320342E 
 1033      392E3320 
 1033      32303135 
ARM GAS  C:\Users\Petro\AppData\Local\Temp\ccHVLRHc.s 			page 22


 1033      30333033 
 1034 017c 616E6368 		.ascii	"anch revision 221220] -mcpu=cortex-m0 -mthumb -g -O"
 1034      20726576 
 1034      6973696F 
 1034      6E203232 
 1034      31323230 
 1035 01af 67202D66 		.ascii	"g -ffunction-sections -ffat-lto-objects\000"
 1035      66756E63 
 1035      74696F6E 
 1035      2D736563 
 1035      74696F6E 
 1036              	.LASF2:
 1037 01d7 73686F72 		.ascii	"short int\000"
 1037      7420696E 
 1037      7400
 1038              	.LASF12:
 1039 01e1 75696E74 		.ascii	"uint32_t\000"
 1039      33325F74 
 1039      00
 1040              	.LASF4:
 1041 01ea 6C6F6E67 		.ascii	"long int\000"
 1041      20696E74 
 1041      00
 1042              	.LASF20:
 1043 01f3 63726333 		.ascii	"crc32_tab_init\000"
 1043      325F7461 
 1043      625F696E 
 1043      697400
 1044              	.LASF0:
 1045 0202 7369676E 		.ascii	"signed char\000"
 1045      65642063 
 1045      68617200 
 1046              	.LASF26:
 1047 020e 63726333 		.ascii	"crc32_init_tab\000"
 1047      325F696E 
 1047      69745F74 
 1047      616200
 1048              		.ident	"GCC: (GNU Tools for ARM Embedded Processors) 4.9.3 20150303 (release) [ARM/embedded-4_9-br
