ARM GAS  C:\Users\Petro\AppData\Local\Temp\ccriPyuZ.s 			page 1


   1              		.cpu cortex-m0
   2              		.fpu softvfp
   3              		.eabi_attribute 20, 1
   4              		.eabi_attribute 21, 1
   5              		.eabi_attribute 23, 3
   6              		.eabi_attribute 24, 1
   7              		.eabi_attribute 25, 1
   8              		.eabi_attribute 26, 1
   9              		.eabi_attribute 30, 1
  10              		.eabi_attribute 34, 0
  11              		.eabi_attribute 18, 4
  12              		.code	16
  13              		.file	"DEBUG_UART.c"
  14              		.text
  15              	.Ltext0:
  16              		.cfi_sections	.debug_frame
  17              		.section	.text.DEBUG_UART_ScbEnableIntr,"ax",%progbits
  18              		.align	2
  19              		.code	16
  20              		.thumb_func
  21              		.type	DEBUG_UART_ScbEnableIntr, %function
  22              	DEBUG_UART_ScbEnableIntr:
  23              	.LFB9:
  24              		.file 1 "Generated_Source\\PSoC4\\DEBUG_UART.c"
   1:Generated_Source\PSoC4/DEBUG_UART.c **** /***************************************************************************//**
   2:Generated_Source\PSoC4/DEBUG_UART.c **** * \file DEBUG_UART.c
   3:Generated_Source\PSoC4/DEBUG_UART.c **** * \version 3.20
   4:Generated_Source\PSoC4/DEBUG_UART.c **** *
   5:Generated_Source\PSoC4/DEBUG_UART.c **** * \brief
   6:Generated_Source\PSoC4/DEBUG_UART.c **** *  This file provides the source code to the API for the SCB Component.
   7:Generated_Source\PSoC4/DEBUG_UART.c **** *
   8:Generated_Source\PSoC4/DEBUG_UART.c **** * Note:
   9:Generated_Source\PSoC4/DEBUG_UART.c **** *
  10:Generated_Source\PSoC4/DEBUG_UART.c **** *******************************************************************************
  11:Generated_Source\PSoC4/DEBUG_UART.c **** * \copyright
  12:Generated_Source\PSoC4/DEBUG_UART.c **** * Copyright 2013-2016, Cypress Semiconductor Corporation.  All rights reserved.
  13:Generated_Source\PSoC4/DEBUG_UART.c **** * You may use this file only in accordance with the license, terms, conditions,
  14:Generated_Source\PSoC4/DEBUG_UART.c **** * disclaimers, and limitations in the end user license agreement accompanying
  15:Generated_Source\PSoC4/DEBUG_UART.c **** * the software package with which this file was provided.
  16:Generated_Source\PSoC4/DEBUG_UART.c **** *******************************************************************************/
  17:Generated_Source\PSoC4/DEBUG_UART.c **** 
  18:Generated_Source\PSoC4/DEBUG_UART.c **** #include "DEBUG_UART_PVT.h"
  19:Generated_Source\PSoC4/DEBUG_UART.c **** 
  20:Generated_Source\PSoC4/DEBUG_UART.c **** #if (DEBUG_UART_SCB_MODE_I2C_INC)
  21:Generated_Source\PSoC4/DEBUG_UART.c ****     #include "DEBUG_UART_I2C_PVT.h"
  22:Generated_Source\PSoC4/DEBUG_UART.c **** #endif /* (DEBUG_UART_SCB_MODE_I2C_INC) */
  23:Generated_Source\PSoC4/DEBUG_UART.c **** 
  24:Generated_Source\PSoC4/DEBUG_UART.c **** #if (DEBUG_UART_SCB_MODE_EZI2C_INC)
  25:Generated_Source\PSoC4/DEBUG_UART.c ****     #include "DEBUG_UART_EZI2C_PVT.h"
  26:Generated_Source\PSoC4/DEBUG_UART.c **** #endif /* (DEBUG_UART_SCB_MODE_EZI2C_INC) */
  27:Generated_Source\PSoC4/DEBUG_UART.c **** 
  28:Generated_Source\PSoC4/DEBUG_UART.c **** #if (DEBUG_UART_SCB_MODE_SPI_INC || DEBUG_UART_SCB_MODE_UART_INC)
  29:Generated_Source\PSoC4/DEBUG_UART.c ****     #include "DEBUG_UART_SPI_UART_PVT.h"
  30:Generated_Source\PSoC4/DEBUG_UART.c **** #endif /* (DEBUG_UART_SCB_MODE_SPI_INC || DEBUG_UART_SCB_MODE_UART_INC) */
  31:Generated_Source\PSoC4/DEBUG_UART.c **** 
  32:Generated_Source\PSoC4/DEBUG_UART.c **** 
  33:Generated_Source\PSoC4/DEBUG_UART.c **** /***************************************
ARM GAS  C:\Users\Petro\AppData\Local\Temp\ccriPyuZ.s 			page 2


  34:Generated_Source\PSoC4/DEBUG_UART.c **** *    Run Time Configuration Vars
  35:Generated_Source\PSoC4/DEBUG_UART.c **** ***************************************/
  36:Generated_Source\PSoC4/DEBUG_UART.c **** 
  37:Generated_Source\PSoC4/DEBUG_UART.c **** /* Stores internal component configuration for Unconfigured mode */
  38:Generated_Source\PSoC4/DEBUG_UART.c **** #if (DEBUG_UART_SCB_MODE_UNCONFIG_CONST_CFG)
  39:Generated_Source\PSoC4/DEBUG_UART.c ****     /* Common configuration variables */
  40:Generated_Source\PSoC4/DEBUG_UART.c ****     uint8 DEBUG_UART_scbMode = DEBUG_UART_SCB_MODE_UNCONFIG;
  41:Generated_Source\PSoC4/DEBUG_UART.c ****     uint8 DEBUG_UART_scbEnableWake;
  42:Generated_Source\PSoC4/DEBUG_UART.c ****     uint8 DEBUG_UART_scbEnableIntr;
  43:Generated_Source\PSoC4/DEBUG_UART.c **** 
  44:Generated_Source\PSoC4/DEBUG_UART.c ****     /* I2C configuration variables */
  45:Generated_Source\PSoC4/DEBUG_UART.c ****     uint8 DEBUG_UART_mode;
  46:Generated_Source\PSoC4/DEBUG_UART.c ****     uint8 DEBUG_UART_acceptAddr;
  47:Generated_Source\PSoC4/DEBUG_UART.c **** 
  48:Generated_Source\PSoC4/DEBUG_UART.c ****     /* SPI/UART configuration variables */
  49:Generated_Source\PSoC4/DEBUG_UART.c ****     volatile uint8 * DEBUG_UART_rxBuffer;
  50:Generated_Source\PSoC4/DEBUG_UART.c ****     uint8  DEBUG_UART_rxDataBits;
  51:Generated_Source\PSoC4/DEBUG_UART.c ****     uint32 DEBUG_UART_rxBufferSize;
  52:Generated_Source\PSoC4/DEBUG_UART.c **** 
  53:Generated_Source\PSoC4/DEBUG_UART.c ****     volatile uint8 * DEBUG_UART_txBuffer;
  54:Generated_Source\PSoC4/DEBUG_UART.c ****     uint8  DEBUG_UART_txDataBits;
  55:Generated_Source\PSoC4/DEBUG_UART.c ****     uint32 DEBUG_UART_txBufferSize;
  56:Generated_Source\PSoC4/DEBUG_UART.c **** 
  57:Generated_Source\PSoC4/DEBUG_UART.c ****     /* EZI2C configuration variables */
  58:Generated_Source\PSoC4/DEBUG_UART.c ****     uint8 DEBUG_UART_numberOfAddr;
  59:Generated_Source\PSoC4/DEBUG_UART.c ****     uint8 DEBUG_UART_subAddrSize;
  60:Generated_Source\PSoC4/DEBUG_UART.c **** #endif /* (DEBUG_UART_SCB_MODE_UNCONFIG_CONST_CFG) */
  61:Generated_Source\PSoC4/DEBUG_UART.c **** 
  62:Generated_Source\PSoC4/DEBUG_UART.c **** 
  63:Generated_Source\PSoC4/DEBUG_UART.c **** /***************************************
  64:Generated_Source\PSoC4/DEBUG_UART.c **** *     Common SCB Vars
  65:Generated_Source\PSoC4/DEBUG_UART.c **** ***************************************/
  66:Generated_Source\PSoC4/DEBUG_UART.c **** /**
  67:Generated_Source\PSoC4/DEBUG_UART.c **** * \addtogroup group_general
  68:Generated_Source\PSoC4/DEBUG_UART.c **** * \{
  69:Generated_Source\PSoC4/DEBUG_UART.c **** */
  70:Generated_Source\PSoC4/DEBUG_UART.c **** 
  71:Generated_Source\PSoC4/DEBUG_UART.c **** /** DEBUG_UART_initVar indicates whether the DEBUG_UART 
  72:Generated_Source\PSoC4/DEBUG_UART.c **** *  component has been initialized. The variable is initialized to 0 
  73:Generated_Source\PSoC4/DEBUG_UART.c **** *  and set to 1 the first time SCB_Start() is called. This allows 
  74:Generated_Source\PSoC4/DEBUG_UART.c **** *  the component to restart without reinitialization after the first 
  75:Generated_Source\PSoC4/DEBUG_UART.c **** *  call to the DEBUG_UART_Start() routine.
  76:Generated_Source\PSoC4/DEBUG_UART.c **** *
  77:Generated_Source\PSoC4/DEBUG_UART.c **** *  If re-initialization of the component is required, then the 
  78:Generated_Source\PSoC4/DEBUG_UART.c **** *  DEBUG_UART_Init() function can be called before the 
  79:Generated_Source\PSoC4/DEBUG_UART.c **** *  DEBUG_UART_Start() or DEBUG_UART_Enable() function.
  80:Generated_Source\PSoC4/DEBUG_UART.c **** */
  81:Generated_Source\PSoC4/DEBUG_UART.c **** uint8 DEBUG_UART_initVar = 0u;
  82:Generated_Source\PSoC4/DEBUG_UART.c **** 
  83:Generated_Source\PSoC4/DEBUG_UART.c **** 
  84:Generated_Source\PSoC4/DEBUG_UART.c **** #if (! (DEBUG_UART_SCB_MODE_I2C_CONST_CFG || \
  85:Generated_Source\PSoC4/DEBUG_UART.c ****         DEBUG_UART_SCB_MODE_EZI2C_CONST_CFG))
  86:Generated_Source\PSoC4/DEBUG_UART.c ****     /** This global variable stores TX interrupt sources after 
  87:Generated_Source\PSoC4/DEBUG_UART.c ****     * DEBUG_UART_Stop() is called. Only these TX interrupt sources 
  88:Generated_Source\PSoC4/DEBUG_UART.c ****     * will be restored on a subsequent DEBUG_UART_Enable() call.
  89:Generated_Source\PSoC4/DEBUG_UART.c ****     */
  90:Generated_Source\PSoC4/DEBUG_UART.c ****     uint16 DEBUG_UART_IntrTxMask = 0u;
ARM GAS  C:\Users\Petro\AppData\Local\Temp\ccriPyuZ.s 			page 3


  91:Generated_Source\PSoC4/DEBUG_UART.c **** #endif /* (! (DEBUG_UART_SCB_MODE_I2C_CONST_CFG || \
  92:Generated_Source\PSoC4/DEBUG_UART.c ****               DEBUG_UART_SCB_MODE_EZI2C_CONST_CFG)) */
  93:Generated_Source\PSoC4/DEBUG_UART.c **** /** \} globals */
  94:Generated_Source\PSoC4/DEBUG_UART.c **** 
  95:Generated_Source\PSoC4/DEBUG_UART.c **** #if (DEBUG_UART_SCB_IRQ_INTERNAL)
  96:Generated_Source\PSoC4/DEBUG_UART.c **** #if !defined (CY_REMOVE_DEBUG_UART_CUSTOM_INTR_HANDLER)
  97:Generated_Source\PSoC4/DEBUG_UART.c ****     void (*DEBUG_UART_customIntrHandler)(void) = NULL;
  98:Generated_Source\PSoC4/DEBUG_UART.c **** #endif /* !defined (CY_REMOVE_DEBUG_UART_CUSTOM_INTR_HANDLER) */
  99:Generated_Source\PSoC4/DEBUG_UART.c **** #endif /* (DEBUG_UART_SCB_IRQ_INTERNAL) */
 100:Generated_Source\PSoC4/DEBUG_UART.c **** 
 101:Generated_Source\PSoC4/DEBUG_UART.c **** 
 102:Generated_Source\PSoC4/DEBUG_UART.c **** /***************************************
 103:Generated_Source\PSoC4/DEBUG_UART.c **** *    Private Function Prototypes
 104:Generated_Source\PSoC4/DEBUG_UART.c **** ***************************************/
 105:Generated_Source\PSoC4/DEBUG_UART.c **** 
 106:Generated_Source\PSoC4/DEBUG_UART.c **** static void DEBUG_UART_ScbEnableIntr(void);
 107:Generated_Source\PSoC4/DEBUG_UART.c **** static void DEBUG_UART_ScbModeStop(void);
 108:Generated_Source\PSoC4/DEBUG_UART.c **** static void DEBUG_UART_ScbModePostEnable(void);
 109:Generated_Source\PSoC4/DEBUG_UART.c **** 
 110:Generated_Source\PSoC4/DEBUG_UART.c **** 
 111:Generated_Source\PSoC4/DEBUG_UART.c **** /*******************************************************************************
 112:Generated_Source\PSoC4/DEBUG_UART.c **** * Function Name: DEBUG_UART_Init
 113:Generated_Source\PSoC4/DEBUG_UART.c **** ****************************************************************************//**
 114:Generated_Source\PSoC4/DEBUG_UART.c **** *
 115:Generated_Source\PSoC4/DEBUG_UART.c **** *  Initializes the DEBUG_UART component to operate in one of the selected
 116:Generated_Source\PSoC4/DEBUG_UART.c **** *  configurations: I2C, SPI, UART or EZI2C.
 117:Generated_Source\PSoC4/DEBUG_UART.c **** *  When the configuration is set to "Unconfigured SCB", this function does
 118:Generated_Source\PSoC4/DEBUG_UART.c **** *  not do any initialization. Use mode-specific initialization APIs instead:
 119:Generated_Source\PSoC4/DEBUG_UART.c **** *  DEBUG_UART_I2CInit, DEBUG_UART_SpiInit, 
 120:Generated_Source\PSoC4/DEBUG_UART.c **** *  DEBUG_UART_UartInit or DEBUG_UART_EzI2CInit.
 121:Generated_Source\PSoC4/DEBUG_UART.c **** *
 122:Generated_Source\PSoC4/DEBUG_UART.c **** *******************************************************************************/
 123:Generated_Source\PSoC4/DEBUG_UART.c **** void DEBUG_UART_Init(void)
 124:Generated_Source\PSoC4/DEBUG_UART.c **** {
 125:Generated_Source\PSoC4/DEBUG_UART.c **** #if (DEBUG_UART_SCB_MODE_UNCONFIG_CONST_CFG)
 126:Generated_Source\PSoC4/DEBUG_UART.c ****     if (DEBUG_UART_SCB_MODE_UNCONFIG_RUNTM_CFG)
 127:Generated_Source\PSoC4/DEBUG_UART.c ****     {
 128:Generated_Source\PSoC4/DEBUG_UART.c ****         DEBUG_UART_initVar = 0u;
 129:Generated_Source\PSoC4/DEBUG_UART.c ****     }
 130:Generated_Source\PSoC4/DEBUG_UART.c ****     else
 131:Generated_Source\PSoC4/DEBUG_UART.c ****     {
 132:Generated_Source\PSoC4/DEBUG_UART.c ****         /* Initialization was done before this function call */
 133:Generated_Source\PSoC4/DEBUG_UART.c ****     }
 134:Generated_Source\PSoC4/DEBUG_UART.c **** 
 135:Generated_Source\PSoC4/DEBUG_UART.c **** #elif (DEBUG_UART_SCB_MODE_I2C_CONST_CFG)
 136:Generated_Source\PSoC4/DEBUG_UART.c ****     DEBUG_UART_I2CInit();
 137:Generated_Source\PSoC4/DEBUG_UART.c **** 
 138:Generated_Source\PSoC4/DEBUG_UART.c **** #elif (DEBUG_UART_SCB_MODE_SPI_CONST_CFG)
 139:Generated_Source\PSoC4/DEBUG_UART.c ****     DEBUG_UART_SpiInit();
 140:Generated_Source\PSoC4/DEBUG_UART.c **** 
 141:Generated_Source\PSoC4/DEBUG_UART.c **** #elif (DEBUG_UART_SCB_MODE_UART_CONST_CFG)
 142:Generated_Source\PSoC4/DEBUG_UART.c ****     DEBUG_UART_UartInit();
 143:Generated_Source\PSoC4/DEBUG_UART.c **** 
 144:Generated_Source\PSoC4/DEBUG_UART.c **** #elif (DEBUG_UART_SCB_MODE_EZI2C_CONST_CFG)
 145:Generated_Source\PSoC4/DEBUG_UART.c ****     DEBUG_UART_EzI2CInit();
 146:Generated_Source\PSoC4/DEBUG_UART.c **** 
 147:Generated_Source\PSoC4/DEBUG_UART.c **** #endif /* (DEBUG_UART_SCB_MODE_UNCONFIG_CONST_CFG) */
ARM GAS  C:\Users\Petro\AppData\Local\Temp\ccriPyuZ.s 			page 4


 148:Generated_Source\PSoC4/DEBUG_UART.c **** }
 149:Generated_Source\PSoC4/DEBUG_UART.c **** 
 150:Generated_Source\PSoC4/DEBUG_UART.c **** 
 151:Generated_Source\PSoC4/DEBUG_UART.c **** /*******************************************************************************
 152:Generated_Source\PSoC4/DEBUG_UART.c **** * Function Name: DEBUG_UART_Enable
 153:Generated_Source\PSoC4/DEBUG_UART.c **** ****************************************************************************//**
 154:Generated_Source\PSoC4/DEBUG_UART.c **** *
 155:Generated_Source\PSoC4/DEBUG_UART.c **** *  Enables DEBUG_UART component operation: activates the hardware and 
 156:Generated_Source\PSoC4/DEBUG_UART.c **** *  internal interrupt. It also restores TX interrupt sources disabled after the 
 157:Generated_Source\PSoC4/DEBUG_UART.c **** *  DEBUG_UART_Stop() function was called (note that level-triggered TX 
 158:Generated_Source\PSoC4/DEBUG_UART.c **** *  interrupt sources remain disabled to not cause code lock-up).
 159:Generated_Source\PSoC4/DEBUG_UART.c **** *  For I2C and EZI2C modes the interrupt is internal and mandatory for 
 160:Generated_Source\PSoC4/DEBUG_UART.c **** *  operation. For SPI and UART modes the interrupt can be configured as none, 
 161:Generated_Source\PSoC4/DEBUG_UART.c **** *  internal or external.
 162:Generated_Source\PSoC4/DEBUG_UART.c **** *  The DEBUG_UART configuration should be not changed when the component
 163:Generated_Source\PSoC4/DEBUG_UART.c **** *  is enabled. Any configuration changes should be made after disabling the 
 164:Generated_Source\PSoC4/DEBUG_UART.c **** *  component.
 165:Generated_Source\PSoC4/DEBUG_UART.c **** *  When configuration is set to “Unconfigured DEBUG_UART”, the component 
 166:Generated_Source\PSoC4/DEBUG_UART.c **** *  must first be initialized to operate in one of the following configurations: 
 167:Generated_Source\PSoC4/DEBUG_UART.c **** *  I2C, SPI, UART or EZ I2C, using the mode-specific initialization API. 
 168:Generated_Source\PSoC4/DEBUG_UART.c **** *  Otherwise this function does not enable the component.
 169:Generated_Source\PSoC4/DEBUG_UART.c **** *
 170:Generated_Source\PSoC4/DEBUG_UART.c **** *******************************************************************************/
 171:Generated_Source\PSoC4/DEBUG_UART.c **** void DEBUG_UART_Enable(void)
 172:Generated_Source\PSoC4/DEBUG_UART.c **** {
 173:Generated_Source\PSoC4/DEBUG_UART.c **** #if (DEBUG_UART_SCB_MODE_UNCONFIG_CONST_CFG)
 174:Generated_Source\PSoC4/DEBUG_UART.c ****     /* Enable SCB block, only if it is already configured */
 175:Generated_Source\PSoC4/DEBUG_UART.c ****     if (!DEBUG_UART_SCB_MODE_UNCONFIG_RUNTM_CFG)
 176:Generated_Source\PSoC4/DEBUG_UART.c ****     {
 177:Generated_Source\PSoC4/DEBUG_UART.c ****         DEBUG_UART_CTRL_REG |= DEBUG_UART_CTRL_ENABLED;
 178:Generated_Source\PSoC4/DEBUG_UART.c **** 
 179:Generated_Source\PSoC4/DEBUG_UART.c ****         DEBUG_UART_ScbEnableIntr();
 180:Generated_Source\PSoC4/DEBUG_UART.c **** 
 181:Generated_Source\PSoC4/DEBUG_UART.c ****         /* Call PostEnable function specific to current operation mode */
 182:Generated_Source\PSoC4/DEBUG_UART.c ****         DEBUG_UART_ScbModePostEnable();
 183:Generated_Source\PSoC4/DEBUG_UART.c ****     }
 184:Generated_Source\PSoC4/DEBUG_UART.c **** #else
 185:Generated_Source\PSoC4/DEBUG_UART.c ****     DEBUG_UART_CTRL_REG |= DEBUG_UART_CTRL_ENABLED;
 186:Generated_Source\PSoC4/DEBUG_UART.c **** 
 187:Generated_Source\PSoC4/DEBUG_UART.c ****     DEBUG_UART_ScbEnableIntr();
 188:Generated_Source\PSoC4/DEBUG_UART.c **** 
 189:Generated_Source\PSoC4/DEBUG_UART.c ****     /* Call PostEnable function specific to current operation mode */
 190:Generated_Source\PSoC4/DEBUG_UART.c ****     DEBUG_UART_ScbModePostEnable();
 191:Generated_Source\PSoC4/DEBUG_UART.c **** #endif /* (DEBUG_UART_SCB_MODE_UNCONFIG_CONST_CFG) */
 192:Generated_Source\PSoC4/DEBUG_UART.c **** }
 193:Generated_Source\PSoC4/DEBUG_UART.c **** 
 194:Generated_Source\PSoC4/DEBUG_UART.c **** 
 195:Generated_Source\PSoC4/DEBUG_UART.c **** /*******************************************************************************
 196:Generated_Source\PSoC4/DEBUG_UART.c **** * Function Name: DEBUG_UART_Start
 197:Generated_Source\PSoC4/DEBUG_UART.c **** ****************************************************************************//**
 198:Generated_Source\PSoC4/DEBUG_UART.c **** *
 199:Generated_Source\PSoC4/DEBUG_UART.c **** *  Invokes DEBUG_UART_Init() and DEBUG_UART_Enable().
 200:Generated_Source\PSoC4/DEBUG_UART.c **** *  After this function call, the component is enabled and ready for operation.
 201:Generated_Source\PSoC4/DEBUG_UART.c **** *  When configuration is set to "Unconfigured SCB", the component must first be
 202:Generated_Source\PSoC4/DEBUG_UART.c **** *  initialized to operate in one of the following configurations: I2C, SPI, UART
 203:Generated_Source\PSoC4/DEBUG_UART.c **** *  or EZI2C. Otherwise this function does not enable the component.
 204:Generated_Source\PSoC4/DEBUG_UART.c **** *
ARM GAS  C:\Users\Petro\AppData\Local\Temp\ccriPyuZ.s 			page 5


 205:Generated_Source\PSoC4/DEBUG_UART.c **** * \globalvars
 206:Generated_Source\PSoC4/DEBUG_UART.c **** *  DEBUG_UART_initVar - used to check initial configuration, modified
 207:Generated_Source\PSoC4/DEBUG_UART.c **** *  on first function call.
 208:Generated_Source\PSoC4/DEBUG_UART.c **** *
 209:Generated_Source\PSoC4/DEBUG_UART.c **** *******************************************************************************/
 210:Generated_Source\PSoC4/DEBUG_UART.c **** void DEBUG_UART_Start(void)
 211:Generated_Source\PSoC4/DEBUG_UART.c **** {
 212:Generated_Source\PSoC4/DEBUG_UART.c ****     if (0u == DEBUG_UART_initVar)
 213:Generated_Source\PSoC4/DEBUG_UART.c ****     {
 214:Generated_Source\PSoC4/DEBUG_UART.c ****         DEBUG_UART_Init();
 215:Generated_Source\PSoC4/DEBUG_UART.c ****         DEBUG_UART_initVar = 1u; /* Component was initialized */
 216:Generated_Source\PSoC4/DEBUG_UART.c ****     }
 217:Generated_Source\PSoC4/DEBUG_UART.c **** 
 218:Generated_Source\PSoC4/DEBUG_UART.c ****     DEBUG_UART_Enable();
 219:Generated_Source\PSoC4/DEBUG_UART.c **** }
 220:Generated_Source\PSoC4/DEBUG_UART.c **** 
 221:Generated_Source\PSoC4/DEBUG_UART.c **** 
 222:Generated_Source\PSoC4/DEBUG_UART.c **** /*******************************************************************************
 223:Generated_Source\PSoC4/DEBUG_UART.c **** * Function Name: DEBUG_UART_Stop
 224:Generated_Source\PSoC4/DEBUG_UART.c **** ****************************************************************************//**
 225:Generated_Source\PSoC4/DEBUG_UART.c **** *
 226:Generated_Source\PSoC4/DEBUG_UART.c **** *  Disables the DEBUG_UART component: disable the hardware and internal 
 227:Generated_Source\PSoC4/DEBUG_UART.c **** *  interrupt. It also disables all TX interrupt sources so as not to cause an 
 228:Generated_Source\PSoC4/DEBUG_UART.c **** *  unexpected interrupt trigger because after the component is enabled, the 
 229:Generated_Source\PSoC4/DEBUG_UART.c **** *  TX FIFO is empty.
 230:Generated_Source\PSoC4/DEBUG_UART.c **** *  Refer to the function DEBUG_UART_Enable() for the interrupt 
 231:Generated_Source\PSoC4/DEBUG_UART.c **** *  configuration details.
 232:Generated_Source\PSoC4/DEBUG_UART.c **** *  This function disables the SCB component without checking to see if 
 233:Generated_Source\PSoC4/DEBUG_UART.c **** *  communication is in progress. Before calling this function it may be 
 234:Generated_Source\PSoC4/DEBUG_UART.c **** *  necessary to check the status of communication to make sure communication 
 235:Generated_Source\PSoC4/DEBUG_UART.c **** *  is complete. If this is not done then communication could be stopped mid 
 236:Generated_Source\PSoC4/DEBUG_UART.c **** *  byte and corrupted data could result.
 237:Generated_Source\PSoC4/DEBUG_UART.c **** *
 238:Generated_Source\PSoC4/DEBUG_UART.c **** *******************************************************************************/
 239:Generated_Source\PSoC4/DEBUG_UART.c **** void DEBUG_UART_Stop(void)
 240:Generated_Source\PSoC4/DEBUG_UART.c **** {
 241:Generated_Source\PSoC4/DEBUG_UART.c **** #if (DEBUG_UART_SCB_IRQ_INTERNAL)
 242:Generated_Source\PSoC4/DEBUG_UART.c ****     DEBUG_UART_DisableInt();
 243:Generated_Source\PSoC4/DEBUG_UART.c **** #endif /* (DEBUG_UART_SCB_IRQ_INTERNAL) */
 244:Generated_Source\PSoC4/DEBUG_UART.c **** 
 245:Generated_Source\PSoC4/DEBUG_UART.c ****     /* Call Stop function specific to current operation mode */
 246:Generated_Source\PSoC4/DEBUG_UART.c ****     DEBUG_UART_ScbModeStop();
 247:Generated_Source\PSoC4/DEBUG_UART.c **** 
 248:Generated_Source\PSoC4/DEBUG_UART.c ****     /* Disable SCB IP */
 249:Generated_Source\PSoC4/DEBUG_UART.c ****     DEBUG_UART_CTRL_REG &= (uint32) ~DEBUG_UART_CTRL_ENABLED;
 250:Generated_Source\PSoC4/DEBUG_UART.c **** 
 251:Generated_Source\PSoC4/DEBUG_UART.c ****     /* Disable all TX interrupt sources so as not to cause an unexpected
 252:Generated_Source\PSoC4/DEBUG_UART.c ****     * interrupt trigger after the component will be enabled because the 
 253:Generated_Source\PSoC4/DEBUG_UART.c ****     * TX FIFO is empty.
 254:Generated_Source\PSoC4/DEBUG_UART.c ****     * For SCB IP v0, it is critical as it does not mask-out interrupt
 255:Generated_Source\PSoC4/DEBUG_UART.c ****     * sources when it is disabled. This can cause a code lock-up in the
 256:Generated_Source\PSoC4/DEBUG_UART.c ****     * interrupt handler because TX FIFO cannot be loaded after the block
 257:Generated_Source\PSoC4/DEBUG_UART.c ****     * is disabled.
 258:Generated_Source\PSoC4/DEBUG_UART.c ****     */
 259:Generated_Source\PSoC4/DEBUG_UART.c ****     DEBUG_UART_SetTxInterruptMode(DEBUG_UART_NO_INTR_SOURCES);
 260:Generated_Source\PSoC4/DEBUG_UART.c **** 
 261:Generated_Source\PSoC4/DEBUG_UART.c **** #if (DEBUG_UART_SCB_IRQ_INTERNAL)
ARM GAS  C:\Users\Petro\AppData\Local\Temp\ccriPyuZ.s 			page 6


 262:Generated_Source\PSoC4/DEBUG_UART.c ****     DEBUG_UART_ClearPendingInt();
 263:Generated_Source\PSoC4/DEBUG_UART.c **** #endif /* (DEBUG_UART_SCB_IRQ_INTERNAL) */
 264:Generated_Source\PSoC4/DEBUG_UART.c **** }
 265:Generated_Source\PSoC4/DEBUG_UART.c **** 
 266:Generated_Source\PSoC4/DEBUG_UART.c **** 
 267:Generated_Source\PSoC4/DEBUG_UART.c **** /*******************************************************************************
 268:Generated_Source\PSoC4/DEBUG_UART.c **** * Function Name: DEBUG_UART_SetRxFifoLevel
 269:Generated_Source\PSoC4/DEBUG_UART.c **** ****************************************************************************//**
 270:Generated_Source\PSoC4/DEBUG_UART.c **** *
 271:Generated_Source\PSoC4/DEBUG_UART.c **** *  Sets level in the RX FIFO to generate a RX level interrupt.
 272:Generated_Source\PSoC4/DEBUG_UART.c **** *  When the RX FIFO has more entries than the RX FIFO level an RX level
 273:Generated_Source\PSoC4/DEBUG_UART.c **** *  interrupt request is generated.
 274:Generated_Source\PSoC4/DEBUG_UART.c **** *
 275:Generated_Source\PSoC4/DEBUG_UART.c **** *  \param level: Level in the RX FIFO to generate RX level interrupt.
 276:Generated_Source\PSoC4/DEBUG_UART.c **** *   The range of valid level values is between 0 and RX FIFO depth - 1.
 277:Generated_Source\PSoC4/DEBUG_UART.c **** *
 278:Generated_Source\PSoC4/DEBUG_UART.c **** *******************************************************************************/
 279:Generated_Source\PSoC4/DEBUG_UART.c **** void DEBUG_UART_SetRxFifoLevel(uint32 level)
 280:Generated_Source\PSoC4/DEBUG_UART.c **** {
 281:Generated_Source\PSoC4/DEBUG_UART.c ****     uint32 rxFifoCtrl;
 282:Generated_Source\PSoC4/DEBUG_UART.c **** 
 283:Generated_Source\PSoC4/DEBUG_UART.c ****     rxFifoCtrl = DEBUG_UART_RX_FIFO_CTRL_REG;
 284:Generated_Source\PSoC4/DEBUG_UART.c **** 
 285:Generated_Source\PSoC4/DEBUG_UART.c ****     rxFifoCtrl &= ((uint32) ~DEBUG_UART_RX_FIFO_CTRL_TRIGGER_LEVEL_MASK); /* Clear level mask bits 
 286:Generated_Source\PSoC4/DEBUG_UART.c ****     rxFifoCtrl |= ((uint32) (DEBUG_UART_RX_FIFO_CTRL_TRIGGER_LEVEL_MASK & level));
 287:Generated_Source\PSoC4/DEBUG_UART.c **** 
 288:Generated_Source\PSoC4/DEBUG_UART.c ****     DEBUG_UART_RX_FIFO_CTRL_REG = rxFifoCtrl;
 289:Generated_Source\PSoC4/DEBUG_UART.c **** }
 290:Generated_Source\PSoC4/DEBUG_UART.c **** 
 291:Generated_Source\PSoC4/DEBUG_UART.c **** 
 292:Generated_Source\PSoC4/DEBUG_UART.c **** /*******************************************************************************
 293:Generated_Source\PSoC4/DEBUG_UART.c **** * Function Name: DEBUG_UART_SetTxFifoLevel
 294:Generated_Source\PSoC4/DEBUG_UART.c **** ****************************************************************************//**
 295:Generated_Source\PSoC4/DEBUG_UART.c **** *
 296:Generated_Source\PSoC4/DEBUG_UART.c **** *  Sets level in the TX FIFO to generate a TX level interrupt.
 297:Generated_Source\PSoC4/DEBUG_UART.c **** *  When the TX FIFO has less entries than the TX FIFO level an TX level
 298:Generated_Source\PSoC4/DEBUG_UART.c **** *  interrupt request is generated.
 299:Generated_Source\PSoC4/DEBUG_UART.c **** *
 300:Generated_Source\PSoC4/DEBUG_UART.c **** *  \param level: Level in the TX FIFO to generate TX level interrupt.
 301:Generated_Source\PSoC4/DEBUG_UART.c **** *   The range of valid level values is between 0 and TX FIFO depth - 1.
 302:Generated_Source\PSoC4/DEBUG_UART.c **** *
 303:Generated_Source\PSoC4/DEBUG_UART.c **** *******************************************************************************/
 304:Generated_Source\PSoC4/DEBUG_UART.c **** void DEBUG_UART_SetTxFifoLevel(uint32 level)
 305:Generated_Source\PSoC4/DEBUG_UART.c **** {
 306:Generated_Source\PSoC4/DEBUG_UART.c ****     uint32 txFifoCtrl;
 307:Generated_Source\PSoC4/DEBUG_UART.c **** 
 308:Generated_Source\PSoC4/DEBUG_UART.c ****     txFifoCtrl = DEBUG_UART_TX_FIFO_CTRL_REG;
 309:Generated_Source\PSoC4/DEBUG_UART.c **** 
 310:Generated_Source\PSoC4/DEBUG_UART.c ****     txFifoCtrl &= ((uint32) ~DEBUG_UART_TX_FIFO_CTRL_TRIGGER_LEVEL_MASK); /* Clear level mask bits 
 311:Generated_Source\PSoC4/DEBUG_UART.c ****     txFifoCtrl |= ((uint32) (DEBUG_UART_TX_FIFO_CTRL_TRIGGER_LEVEL_MASK & level));
 312:Generated_Source\PSoC4/DEBUG_UART.c **** 
 313:Generated_Source\PSoC4/DEBUG_UART.c ****     DEBUG_UART_TX_FIFO_CTRL_REG = txFifoCtrl;
 314:Generated_Source\PSoC4/DEBUG_UART.c **** }
 315:Generated_Source\PSoC4/DEBUG_UART.c **** 
 316:Generated_Source\PSoC4/DEBUG_UART.c **** 
 317:Generated_Source\PSoC4/DEBUG_UART.c **** #if (DEBUG_UART_SCB_IRQ_INTERNAL)
 318:Generated_Source\PSoC4/DEBUG_UART.c ****     /*******************************************************************************
ARM GAS  C:\Users\Petro\AppData\Local\Temp\ccriPyuZ.s 			page 7


 319:Generated_Source\PSoC4/DEBUG_UART.c ****     * Function Name: DEBUG_UART_SetCustomInterruptHandler
 320:Generated_Source\PSoC4/DEBUG_UART.c ****     ****************************************************************************//**
 321:Generated_Source\PSoC4/DEBUG_UART.c ****     *
 322:Generated_Source\PSoC4/DEBUG_UART.c ****     *  Registers a function to be called by the internal interrupt handler.
 323:Generated_Source\PSoC4/DEBUG_UART.c ****     *  First the function that is registered is called, then the internal interrupt
 324:Generated_Source\PSoC4/DEBUG_UART.c ****     *  handler performs any operation such as software buffer management functions
 325:Generated_Source\PSoC4/DEBUG_UART.c ****     *  before the interrupt returns.  It is the user's responsibility not to break
 326:Generated_Source\PSoC4/DEBUG_UART.c ****     *  the software buffer operations. Only one custom handler is supported, which
 327:Generated_Source\PSoC4/DEBUG_UART.c ****     *  is the function provided by the most recent call.
 328:Generated_Source\PSoC4/DEBUG_UART.c ****     *  At the initialization time no custom handler is registered.
 329:Generated_Source\PSoC4/DEBUG_UART.c ****     *
 330:Generated_Source\PSoC4/DEBUG_UART.c ****     *  \param func: Pointer to the function to register.
 331:Generated_Source\PSoC4/DEBUG_UART.c ****     *        The value NULL indicates to remove the current custom interrupt
 332:Generated_Source\PSoC4/DEBUG_UART.c ****     *        handler.
 333:Generated_Source\PSoC4/DEBUG_UART.c ****     *
 334:Generated_Source\PSoC4/DEBUG_UART.c ****     *******************************************************************************/
 335:Generated_Source\PSoC4/DEBUG_UART.c ****     void DEBUG_UART_SetCustomInterruptHandler(void (*func)(void))
 336:Generated_Source\PSoC4/DEBUG_UART.c ****     {
 337:Generated_Source\PSoC4/DEBUG_UART.c ****     #if !defined (CY_REMOVE_DEBUG_UART_CUSTOM_INTR_HANDLER)
 338:Generated_Source\PSoC4/DEBUG_UART.c ****         DEBUG_UART_customIntrHandler = func; /* Register interrupt handler */
 339:Generated_Source\PSoC4/DEBUG_UART.c ****     #else
 340:Generated_Source\PSoC4/DEBUG_UART.c ****         if (NULL != func)
 341:Generated_Source\PSoC4/DEBUG_UART.c ****         {
 342:Generated_Source\PSoC4/DEBUG_UART.c ****             /* Suppress compiler warning */
 343:Generated_Source\PSoC4/DEBUG_UART.c ****         }
 344:Generated_Source\PSoC4/DEBUG_UART.c ****     #endif /* !defined (CY_REMOVE_DEBUG_UART_CUSTOM_INTR_HANDLER) */
 345:Generated_Source\PSoC4/DEBUG_UART.c ****     }
 346:Generated_Source\PSoC4/DEBUG_UART.c **** #endif /* (DEBUG_UART_SCB_IRQ_INTERNAL) */
 347:Generated_Source\PSoC4/DEBUG_UART.c **** 
 348:Generated_Source\PSoC4/DEBUG_UART.c **** 
 349:Generated_Source\PSoC4/DEBUG_UART.c **** /*******************************************************************************
 350:Generated_Source\PSoC4/DEBUG_UART.c **** * Function Name: DEBUG_UART_ScbModeEnableIntr
 351:Generated_Source\PSoC4/DEBUG_UART.c **** ****************************************************************************//**
 352:Generated_Source\PSoC4/DEBUG_UART.c **** *
 353:Generated_Source\PSoC4/DEBUG_UART.c **** *  Enables an interrupt for a specific mode.
 354:Generated_Source\PSoC4/DEBUG_UART.c **** *
 355:Generated_Source\PSoC4/DEBUG_UART.c **** *******************************************************************************/
 356:Generated_Source\PSoC4/DEBUG_UART.c **** static void DEBUG_UART_ScbEnableIntr(void)
 357:Generated_Source\PSoC4/DEBUG_UART.c **** {
  25              		.loc 1 357 0
  26              		.cfi_startproc
  27 0000 08B5     		push	{r3, lr}
  28              		.cfi_def_cfa_offset 8
  29              		.cfi_offset 3, -8
  30              		.cfi_offset 14, -4
 358:Generated_Source\PSoC4/DEBUG_UART.c **** #if (DEBUG_UART_SCB_IRQ_INTERNAL)
 359:Generated_Source\PSoC4/DEBUG_UART.c ****     /* Enable interrupt in NVIC */
 360:Generated_Source\PSoC4/DEBUG_UART.c ****     #if (DEBUG_UART_SCB_MODE_UNCONFIG_CONST_CFG)
 361:Generated_Source\PSoC4/DEBUG_UART.c ****         if (0u != DEBUG_UART_scbEnableIntr)
 362:Generated_Source\PSoC4/DEBUG_UART.c ****         {
 363:Generated_Source\PSoC4/DEBUG_UART.c ****             DEBUG_UART_EnableInt();
 364:Generated_Source\PSoC4/DEBUG_UART.c ****         }
 365:Generated_Source\PSoC4/DEBUG_UART.c **** 
 366:Generated_Source\PSoC4/DEBUG_UART.c ****     #else
 367:Generated_Source\PSoC4/DEBUG_UART.c ****         DEBUG_UART_EnableInt();
  31              		.loc 1 367 0
  32 0002 0920     		mov	r0, #9
ARM GAS  C:\Users\Petro\AppData\Local\Temp\ccriPyuZ.s 			page 8


  33 0004 FFF7FEFF 		bl	CyIntEnable
  34              	.LVL0:
 368:Generated_Source\PSoC4/DEBUG_UART.c **** 
 369:Generated_Source\PSoC4/DEBUG_UART.c ****     #endif /* (DEBUG_UART_SCB_MODE_UNCONFIG_CONST_CFG) */
 370:Generated_Source\PSoC4/DEBUG_UART.c **** #endif /* (DEBUG_UART_SCB_IRQ_INTERNAL) */
 371:Generated_Source\PSoC4/DEBUG_UART.c **** }
  35              		.loc 1 371 0
  36              		@ sp needed
  37 0008 08BD     		pop	{r3, pc}
  38              		.cfi_endproc
  39              	.LFE9:
  40              		.size	DEBUG_UART_ScbEnableIntr, .-DEBUG_UART_ScbEnableIntr
  41 000a C046     		.section	.text.DEBUG_UART_ScbModePostEnable,"ax",%progbits
  42              		.align	2
  43              		.code	16
  44              		.thumb_func
  45              		.type	DEBUG_UART_ScbModePostEnable, %function
  46              	DEBUG_UART_ScbModePostEnable:
  47              	.LFB10:
 372:Generated_Source\PSoC4/DEBUG_UART.c **** 
 373:Generated_Source\PSoC4/DEBUG_UART.c **** 
 374:Generated_Source\PSoC4/DEBUG_UART.c **** /*******************************************************************************
 375:Generated_Source\PSoC4/DEBUG_UART.c **** * Function Name: DEBUG_UART_ScbModePostEnable
 376:Generated_Source\PSoC4/DEBUG_UART.c **** ****************************************************************************//**
 377:Generated_Source\PSoC4/DEBUG_UART.c **** *
 378:Generated_Source\PSoC4/DEBUG_UART.c **** *  Calls the PostEnable function for a specific operation mode.
 379:Generated_Source\PSoC4/DEBUG_UART.c **** *
 380:Generated_Source\PSoC4/DEBUG_UART.c **** *******************************************************************************/
 381:Generated_Source\PSoC4/DEBUG_UART.c **** static void DEBUG_UART_ScbModePostEnable(void)
 382:Generated_Source\PSoC4/DEBUG_UART.c **** {
  48              		.loc 1 382 0
  49              		.cfi_startproc
  50 0000 08B5     		push	{r3, lr}
  51              		.cfi_def_cfa_offset 8
  52              		.cfi_offset 3, -8
  53              		.cfi_offset 14, -4
 383:Generated_Source\PSoC4/DEBUG_UART.c **** #if (DEBUG_UART_SCB_MODE_UNCONFIG_CONST_CFG)
 384:Generated_Source\PSoC4/DEBUG_UART.c **** #if (!DEBUG_UART_CY_SCBIP_V1)
 385:Generated_Source\PSoC4/DEBUG_UART.c ****     if (DEBUG_UART_SCB_MODE_SPI_RUNTM_CFG)
 386:Generated_Source\PSoC4/DEBUG_UART.c ****     {
 387:Generated_Source\PSoC4/DEBUG_UART.c ****         DEBUG_UART_SpiPostEnable();
 388:Generated_Source\PSoC4/DEBUG_UART.c ****     }
 389:Generated_Source\PSoC4/DEBUG_UART.c ****     else if (DEBUG_UART_SCB_MODE_UART_RUNTM_CFG)
 390:Generated_Source\PSoC4/DEBUG_UART.c ****     {
 391:Generated_Source\PSoC4/DEBUG_UART.c ****         DEBUG_UART_UartPostEnable();
 392:Generated_Source\PSoC4/DEBUG_UART.c ****     }
 393:Generated_Source\PSoC4/DEBUG_UART.c ****     else
 394:Generated_Source\PSoC4/DEBUG_UART.c ****     {
 395:Generated_Source\PSoC4/DEBUG_UART.c ****         /* Unknown mode: do nothing */
 396:Generated_Source\PSoC4/DEBUG_UART.c ****     }
 397:Generated_Source\PSoC4/DEBUG_UART.c **** #endif /* (!DEBUG_UART_CY_SCBIP_V1) */
 398:Generated_Source\PSoC4/DEBUG_UART.c **** 
 399:Generated_Source\PSoC4/DEBUG_UART.c **** #elif (DEBUG_UART_SCB_MODE_SPI_CONST_CFG)
 400:Generated_Source\PSoC4/DEBUG_UART.c ****     DEBUG_UART_SpiPostEnable();
 401:Generated_Source\PSoC4/DEBUG_UART.c **** 
 402:Generated_Source\PSoC4/DEBUG_UART.c **** #elif (DEBUG_UART_SCB_MODE_UART_CONST_CFG)
 403:Generated_Source\PSoC4/DEBUG_UART.c ****     DEBUG_UART_UartPostEnable();
ARM GAS  C:\Users\Petro\AppData\Local\Temp\ccriPyuZ.s 			page 9


  54              		.loc 1 403 0
  55 0002 FFF7FEFF 		bl	DEBUG_UART_UartPostEnable
  56              	.LVL1:
 404:Generated_Source\PSoC4/DEBUG_UART.c **** 
 405:Generated_Source\PSoC4/DEBUG_UART.c **** #else
 406:Generated_Source\PSoC4/DEBUG_UART.c ****     /* Unknown mode: do nothing */
 407:Generated_Source\PSoC4/DEBUG_UART.c **** #endif /* (DEBUG_UART_SCB_MODE_UNCONFIG_CONST_CFG) */
 408:Generated_Source\PSoC4/DEBUG_UART.c **** }
  57              		.loc 1 408 0
  58              		@ sp needed
  59 0006 08BD     		pop	{r3, pc}
  60              		.cfi_endproc
  61              	.LFE10:
  62              		.size	DEBUG_UART_ScbModePostEnable, .-DEBUG_UART_ScbModePostEnable
  63              		.section	.text.DEBUG_UART_ScbModeStop,"ax",%progbits
  64              		.align	2
  65              		.code	16
  66              		.thumb_func
  67              		.type	DEBUG_UART_ScbModeStop, %function
  68              	DEBUG_UART_ScbModeStop:
  69              	.LFB11:
 409:Generated_Source\PSoC4/DEBUG_UART.c **** 
 410:Generated_Source\PSoC4/DEBUG_UART.c **** 
 411:Generated_Source\PSoC4/DEBUG_UART.c **** /*******************************************************************************
 412:Generated_Source\PSoC4/DEBUG_UART.c **** * Function Name: DEBUG_UART_ScbModeStop
 413:Generated_Source\PSoC4/DEBUG_UART.c **** ****************************************************************************//**
 414:Generated_Source\PSoC4/DEBUG_UART.c **** *
 415:Generated_Source\PSoC4/DEBUG_UART.c **** *  Calls the Stop function for a specific operation mode.
 416:Generated_Source\PSoC4/DEBUG_UART.c **** *
 417:Generated_Source\PSoC4/DEBUG_UART.c **** *******************************************************************************/
 418:Generated_Source\PSoC4/DEBUG_UART.c **** static void DEBUG_UART_ScbModeStop(void)
 419:Generated_Source\PSoC4/DEBUG_UART.c **** {
  70              		.loc 1 419 0
  71              		.cfi_startproc
  72 0000 08B5     		push	{r3, lr}
  73              		.cfi_def_cfa_offset 8
  74              		.cfi_offset 3, -8
  75              		.cfi_offset 14, -4
 420:Generated_Source\PSoC4/DEBUG_UART.c **** #if (DEBUG_UART_SCB_MODE_UNCONFIG_CONST_CFG)
 421:Generated_Source\PSoC4/DEBUG_UART.c ****     if (DEBUG_UART_SCB_MODE_I2C_RUNTM_CFG)
 422:Generated_Source\PSoC4/DEBUG_UART.c ****     {
 423:Generated_Source\PSoC4/DEBUG_UART.c ****         DEBUG_UART_I2CStop();
 424:Generated_Source\PSoC4/DEBUG_UART.c ****     }
 425:Generated_Source\PSoC4/DEBUG_UART.c ****     else if (DEBUG_UART_SCB_MODE_EZI2C_RUNTM_CFG)
 426:Generated_Source\PSoC4/DEBUG_UART.c ****     {
 427:Generated_Source\PSoC4/DEBUG_UART.c ****         DEBUG_UART_EzI2CStop();
 428:Generated_Source\PSoC4/DEBUG_UART.c ****     }
 429:Generated_Source\PSoC4/DEBUG_UART.c **** #if (!DEBUG_UART_CY_SCBIP_V1)
 430:Generated_Source\PSoC4/DEBUG_UART.c ****     else if (DEBUG_UART_SCB_MODE_SPI_RUNTM_CFG)
 431:Generated_Source\PSoC4/DEBUG_UART.c ****     {
 432:Generated_Source\PSoC4/DEBUG_UART.c ****         DEBUG_UART_SpiStop();
 433:Generated_Source\PSoC4/DEBUG_UART.c ****     }
 434:Generated_Source\PSoC4/DEBUG_UART.c ****     else if (DEBUG_UART_SCB_MODE_UART_RUNTM_CFG)
 435:Generated_Source\PSoC4/DEBUG_UART.c ****     {
 436:Generated_Source\PSoC4/DEBUG_UART.c ****         DEBUG_UART_UartStop();
 437:Generated_Source\PSoC4/DEBUG_UART.c ****     }
 438:Generated_Source\PSoC4/DEBUG_UART.c **** #endif /* (!DEBUG_UART_CY_SCBIP_V1) */
ARM GAS  C:\Users\Petro\AppData\Local\Temp\ccriPyuZ.s 			page 10


 439:Generated_Source\PSoC4/DEBUG_UART.c ****     else
 440:Generated_Source\PSoC4/DEBUG_UART.c ****     {
 441:Generated_Source\PSoC4/DEBUG_UART.c ****         /* Unknown mode: do nothing */
 442:Generated_Source\PSoC4/DEBUG_UART.c ****     }
 443:Generated_Source\PSoC4/DEBUG_UART.c **** #elif (DEBUG_UART_SCB_MODE_I2C_CONST_CFG)
 444:Generated_Source\PSoC4/DEBUG_UART.c ****     DEBUG_UART_I2CStop();
 445:Generated_Source\PSoC4/DEBUG_UART.c **** 
 446:Generated_Source\PSoC4/DEBUG_UART.c **** #elif (DEBUG_UART_SCB_MODE_EZI2C_CONST_CFG)
 447:Generated_Source\PSoC4/DEBUG_UART.c ****     DEBUG_UART_EzI2CStop();
 448:Generated_Source\PSoC4/DEBUG_UART.c **** 
 449:Generated_Source\PSoC4/DEBUG_UART.c **** #elif (DEBUG_UART_SCB_MODE_SPI_CONST_CFG)
 450:Generated_Source\PSoC4/DEBUG_UART.c ****     DEBUG_UART_SpiStop();
 451:Generated_Source\PSoC4/DEBUG_UART.c **** 
 452:Generated_Source\PSoC4/DEBUG_UART.c **** #elif (DEBUG_UART_SCB_MODE_UART_CONST_CFG)
 453:Generated_Source\PSoC4/DEBUG_UART.c ****     DEBUG_UART_UartStop();
  76              		.loc 1 453 0
  77 0002 FFF7FEFF 		bl	DEBUG_UART_UartStop
  78              	.LVL2:
 454:Generated_Source\PSoC4/DEBUG_UART.c **** 
 455:Generated_Source\PSoC4/DEBUG_UART.c **** #else
 456:Generated_Source\PSoC4/DEBUG_UART.c ****     /* Unknown mode: do nothing */
 457:Generated_Source\PSoC4/DEBUG_UART.c **** #endif /* (DEBUG_UART_SCB_MODE_UNCONFIG_CONST_CFG) */
 458:Generated_Source\PSoC4/DEBUG_UART.c **** }
  79              		.loc 1 458 0
  80              		@ sp needed
  81 0006 08BD     		pop	{r3, pc}
  82              		.cfi_endproc
  83              	.LFE11:
  84              		.size	DEBUG_UART_ScbModeStop, .-DEBUG_UART_ScbModeStop
  85              		.section	.text.DEBUG_UART_Init,"ax",%progbits
  86              		.align	2
  87              		.global	DEBUG_UART_Init
  88              		.code	16
  89              		.thumb_func
  90              		.type	DEBUG_UART_Init, %function
  91              	DEBUG_UART_Init:
  92              	.LFB2:
 124:Generated_Source\PSoC4/DEBUG_UART.c **** #if (DEBUG_UART_SCB_MODE_UNCONFIG_CONST_CFG)
  93              		.loc 1 124 0
  94              		.cfi_startproc
  95 0000 08B5     		push	{r3, lr}
  96              		.cfi_def_cfa_offset 8
  97              		.cfi_offset 3, -8
  98              		.cfi_offset 14, -4
 142:Generated_Source\PSoC4/DEBUG_UART.c **** 
  99              		.loc 1 142 0
 100 0002 FFF7FEFF 		bl	DEBUG_UART_UartInit
 101              	.LVL3:
 148:Generated_Source\PSoC4/DEBUG_UART.c **** 
 102              		.loc 1 148 0
 103              		@ sp needed
 104 0006 08BD     		pop	{r3, pc}
 105              		.cfi_endproc
 106              	.LFE2:
 107              		.size	DEBUG_UART_Init, .-DEBUG_UART_Init
 108              		.section	.text.DEBUG_UART_Enable,"ax",%progbits
 109              		.align	2
ARM GAS  C:\Users\Petro\AppData\Local\Temp\ccriPyuZ.s 			page 11


 110              		.global	DEBUG_UART_Enable
 111              		.code	16
 112              		.thumb_func
 113              		.type	DEBUG_UART_Enable, %function
 114              	DEBUG_UART_Enable:
 115              	.LFB3:
 172:Generated_Source\PSoC4/DEBUG_UART.c **** #if (DEBUG_UART_SCB_MODE_UNCONFIG_CONST_CFG)
 116              		.loc 1 172 0
 117              		.cfi_startproc
 118 0000 08B5     		push	{r3, lr}
 119              		.cfi_def_cfa_offset 8
 120              		.cfi_offset 3, -8
 121              		.cfi_offset 14, -4
 185:Generated_Source\PSoC4/DEBUG_UART.c **** 
 122              		.loc 1 185 0
 123 0002 054A     		ldr	r2, .L6
 124 0004 1368     		ldr	r3, [r2]
 125 0006 8021     		mov	r1, #128
 126 0008 0906     		lsl	r1, r1, #24
 127 000a 0B43     		orr	r3, r1
 128 000c 1360     		str	r3, [r2]
 187:Generated_Source\PSoC4/DEBUG_UART.c **** 
 129              		.loc 1 187 0
 130 000e FFF7FEFF 		bl	DEBUG_UART_ScbEnableIntr
 131              	.LVL4:
 190:Generated_Source\PSoC4/DEBUG_UART.c **** #endif /* (DEBUG_UART_SCB_MODE_UNCONFIG_CONST_CFG) */
 132              		.loc 1 190 0
 133 0012 FFF7FEFF 		bl	DEBUG_UART_ScbModePostEnable
 134              	.LVL5:
 192:Generated_Source\PSoC4/DEBUG_UART.c **** 
 135              		.loc 1 192 0
 136              		@ sp needed
 137 0016 08BD     		pop	{r3, pc}
 138              	.L7:
 139              		.align	2
 140              	.L6:
 141 0018 00002440 		.word	1076101120
 142              		.cfi_endproc
 143              	.LFE3:
 144              		.size	DEBUG_UART_Enable, .-DEBUG_UART_Enable
 145              		.section	.text.DEBUG_UART_Start,"ax",%progbits
 146              		.align	2
 147              		.global	DEBUG_UART_Start
 148              		.code	16
 149              		.thumb_func
 150              		.type	DEBUG_UART_Start, %function
 151              	DEBUG_UART_Start:
 152              	.LFB4:
 211:Generated_Source\PSoC4/DEBUG_UART.c ****     if (0u == DEBUG_UART_initVar)
 153              		.loc 1 211 0
 154              		.cfi_startproc
 155 0000 08B5     		push	{r3, lr}
 156              		.cfi_def_cfa_offset 8
 157              		.cfi_offset 3, -8
 158              		.cfi_offset 14, -4
 212:Generated_Source\PSoC4/DEBUG_UART.c ****     {
 159              		.loc 1 212 0
ARM GAS  C:\Users\Petro\AppData\Local\Temp\ccriPyuZ.s 			page 12


 160 0002 064B     		ldr	r3, .L10
 161 0004 1B78     		ldrb	r3, [r3]
 162 0006 002B     		cmp	r3, #0
 163 0008 04D1     		bne	.L9
 214:Generated_Source\PSoC4/DEBUG_UART.c ****         DEBUG_UART_initVar = 1u; /* Component was initialized */
 164              		.loc 1 214 0
 165 000a FFF7FEFF 		bl	DEBUG_UART_Init
 166              	.LVL6:
 215:Generated_Source\PSoC4/DEBUG_UART.c ****     }
 167              		.loc 1 215 0
 168 000e 0122     		mov	r2, #1
 169 0010 024B     		ldr	r3, .L10
 170 0012 1A70     		strb	r2, [r3]
 171              	.L9:
 218:Generated_Source\PSoC4/DEBUG_UART.c **** }
 172              		.loc 1 218 0
 173 0014 FFF7FEFF 		bl	DEBUG_UART_Enable
 174              	.LVL7:
 219:Generated_Source\PSoC4/DEBUG_UART.c **** 
 175              		.loc 1 219 0
 176              		@ sp needed
 177 0018 08BD     		pop	{r3, pc}
 178              	.L11:
 179 001a C046     		.align	2
 180              	.L10:
 181 001c 00000000 		.word	.LANCHOR0
 182              		.cfi_endproc
 183              	.LFE4:
 184              		.size	DEBUG_UART_Start, .-DEBUG_UART_Start
 185              		.section	.text.DEBUG_UART_Stop,"ax",%progbits
 186              		.align	2
 187              		.global	DEBUG_UART_Stop
 188              		.code	16
 189              		.thumb_func
 190              		.type	DEBUG_UART_Stop, %function
 191              	DEBUG_UART_Stop:
 192              	.LFB5:
 240:Generated_Source\PSoC4/DEBUG_UART.c **** #if (DEBUG_UART_SCB_IRQ_INTERNAL)
 193              		.loc 1 240 0
 194              		.cfi_startproc
 195 0000 08B5     		push	{r3, lr}
 196              		.cfi_def_cfa_offset 8
 197              		.cfi_offset 3, -8
 198              		.cfi_offset 14, -4
 242:Generated_Source\PSoC4/DEBUG_UART.c **** #endif /* (DEBUG_UART_SCB_IRQ_INTERNAL) */
 199              		.loc 1 242 0
 200 0002 0920     		mov	r0, #9
 201 0004 FFF7FEFF 		bl	CyIntDisable
 202              	.LVL8:
 246:Generated_Source\PSoC4/DEBUG_UART.c **** 
 203              		.loc 1 246 0
 204 0008 FFF7FEFF 		bl	DEBUG_UART_ScbModeStop
 205              	.LVL9:
 249:Generated_Source\PSoC4/DEBUG_UART.c **** 
 206              		.loc 1 249 0
 207 000c 054A     		ldr	r2, .L13
 208 000e 1368     		ldr	r3, [r2]
ARM GAS  C:\Users\Petro\AppData\Local\Temp\ccriPyuZ.s 			page 13


 209 0010 5B00     		lsl	r3, r3, #1
 210 0012 5B08     		lsr	r3, r3, #1
 211 0014 1360     		str	r3, [r2]
 259:Generated_Source\PSoC4/DEBUG_UART.c **** 
 212              		.loc 1 259 0
 213 0016 0022     		mov	r2, #0
 214 0018 034B     		ldr	r3, .L13+4
 215 001a 1A60     		str	r2, [r3]
 262:Generated_Source\PSoC4/DEBUG_UART.c **** #endif /* (DEBUG_UART_SCB_IRQ_INTERNAL) */
 216              		.loc 1 262 0
 217 001c 0920     		mov	r0, #9
 218 001e FFF7FEFF 		bl	CyIntClearPending
 219              	.LVL10:
 264:Generated_Source\PSoC4/DEBUG_UART.c **** 
 220              		.loc 1 264 0
 221              		@ sp needed
 222 0022 08BD     		pop	{r3, pc}
 223              	.L14:
 224              		.align	2
 225              	.L13:
 226 0024 00002440 		.word	1076101120
 227 0028 880F2440 		.word	1076105096
 228              		.cfi_endproc
 229              	.LFE5:
 230              		.size	DEBUG_UART_Stop, .-DEBUG_UART_Stop
 231              		.section	.text.DEBUG_UART_SetRxFifoLevel,"ax",%progbits
 232              		.align	2
 233              		.global	DEBUG_UART_SetRxFifoLevel
 234              		.code	16
 235              		.thumb_func
 236              		.type	DEBUG_UART_SetRxFifoLevel, %function
 237              	DEBUG_UART_SetRxFifoLevel:
 238              	.LFB6:
 280:Generated_Source\PSoC4/DEBUG_UART.c ****     uint32 rxFifoCtrl;
 239              		.loc 1 280 0
 240              		.cfi_startproc
 241              	.LVL11:
 283:Generated_Source\PSoC4/DEBUG_UART.c **** 
 242              		.loc 1 283 0
 243 0000 034A     		ldr	r2, .L16
 244 0002 1368     		ldr	r3, [r2]
 245              	.LVL12:
 285:Generated_Source\PSoC4/DEBUG_UART.c ****     rxFifoCtrl |= ((uint32) (DEBUG_UART_RX_FIFO_CTRL_TRIGGER_LEVEL_MASK & level));
 246              		.loc 1 285 0
 247 0004 0F21     		mov	r1, #15
 248 0006 8B43     		bic	r3, r1
 249              	.LVL13:
 286:Generated_Source\PSoC4/DEBUG_UART.c **** 
 250              		.loc 1 286 0
 251 0008 0840     		and	r0, r1
 252              	.LVL14:
 253 000a 1843     		orr	r0, r3
 254              	.LVL15:
 288:Generated_Source\PSoC4/DEBUG_UART.c **** }
 255              		.loc 1 288 0
 256 000c 1060     		str	r0, [r2]
 289:Generated_Source\PSoC4/DEBUG_UART.c **** 
ARM GAS  C:\Users\Petro\AppData\Local\Temp\ccriPyuZ.s 			page 14


 257              		.loc 1 289 0
 258              		@ sp needed
 259 000e 7047     		bx	lr
 260              	.L17:
 261              		.align	2
 262              	.L16:
 263 0010 04032440 		.word	1076101892
 264              		.cfi_endproc
 265              	.LFE6:
 266              		.size	DEBUG_UART_SetRxFifoLevel, .-DEBUG_UART_SetRxFifoLevel
 267              		.section	.text.DEBUG_UART_SetTxFifoLevel,"ax",%progbits
 268              		.align	2
 269              		.global	DEBUG_UART_SetTxFifoLevel
 270              		.code	16
 271              		.thumb_func
 272              		.type	DEBUG_UART_SetTxFifoLevel, %function
 273              	DEBUG_UART_SetTxFifoLevel:
 274              	.LFB7:
 305:Generated_Source\PSoC4/DEBUG_UART.c ****     uint32 txFifoCtrl;
 275              		.loc 1 305 0
 276              		.cfi_startproc
 277              	.LVL16:
 308:Generated_Source\PSoC4/DEBUG_UART.c **** 
 278              		.loc 1 308 0
 279 0000 034A     		ldr	r2, .L19
 280 0002 1368     		ldr	r3, [r2]
 281              	.LVL17:
 310:Generated_Source\PSoC4/DEBUG_UART.c ****     txFifoCtrl |= ((uint32) (DEBUG_UART_TX_FIFO_CTRL_TRIGGER_LEVEL_MASK & level));
 282              		.loc 1 310 0
 283 0004 0F21     		mov	r1, #15
 284 0006 8B43     		bic	r3, r1
 285              	.LVL18:
 311:Generated_Source\PSoC4/DEBUG_UART.c **** 
 286              		.loc 1 311 0
 287 0008 0840     		and	r0, r1
 288              	.LVL19:
 289 000a 1843     		orr	r0, r3
 290              	.LVL20:
 313:Generated_Source\PSoC4/DEBUG_UART.c **** }
 291              		.loc 1 313 0
 292 000c 1060     		str	r0, [r2]
 314:Generated_Source\PSoC4/DEBUG_UART.c **** 
 293              		.loc 1 314 0
 294              		@ sp needed
 295 000e 7047     		bx	lr
 296              	.L20:
 297              		.align	2
 298              	.L19:
 299 0010 04022440 		.word	1076101636
 300              		.cfi_endproc
 301              	.LFE7:
 302              		.size	DEBUG_UART_SetTxFifoLevel, .-DEBUG_UART_SetTxFifoLevel
 303              		.section	.text.DEBUG_UART_SetCustomInterruptHandler,"ax",%progbits
 304              		.align	2
 305              		.global	DEBUG_UART_SetCustomInterruptHandler
 306              		.code	16
 307              		.thumb_func
ARM GAS  C:\Users\Petro\AppData\Local\Temp\ccriPyuZ.s 			page 15


 308              		.type	DEBUG_UART_SetCustomInterruptHandler, %function
 309              	DEBUG_UART_SetCustomInterruptHandler:
 310              	.LFB8:
 336:Generated_Source\PSoC4/DEBUG_UART.c ****     #if !defined (CY_REMOVE_DEBUG_UART_CUSTOM_INTR_HANDLER)
 311              		.loc 1 336 0
 312              		.cfi_startproc
 313              	.LVL21:
 338:Generated_Source\PSoC4/DEBUG_UART.c ****     #else
 314              		.loc 1 338 0
 315 0000 014B     		ldr	r3, .L22
 316 0002 5860     		str	r0, [r3, #4]
 345:Generated_Source\PSoC4/DEBUG_UART.c **** #endif /* (DEBUG_UART_SCB_IRQ_INTERNAL) */
 317              		.loc 1 345 0
 318              		@ sp needed
 319 0004 7047     		bx	lr
 320              	.L23:
 321 0006 C046     		.align	2
 322              	.L22:
 323 0008 00000000 		.word	.LANCHOR0
 324              		.cfi_endproc
 325              	.LFE8:
 326              		.size	DEBUG_UART_SetCustomInterruptHandler, .-DEBUG_UART_SetCustomInterruptHandler
 327              		.global	DEBUG_UART_customIntrHandler
 328              		.global	DEBUG_UART_IntrTxMask
 329              		.global	DEBUG_UART_initVar
 330              		.bss
 331              		.align	2
 332              		.set	.LANCHOR0,. + 0
 333              		.type	DEBUG_UART_initVar, %object
 334              		.size	DEBUG_UART_initVar, 1
 335              	DEBUG_UART_initVar:
 336 0000 00       		.space	1
 337 0001 000000   		.space	3
 338              		.type	DEBUG_UART_customIntrHandler, %object
 339              		.size	DEBUG_UART_customIntrHandler, 4
 340              	DEBUG_UART_customIntrHandler:
 341 0004 00000000 		.space	4
 342              		.type	DEBUG_UART_IntrTxMask, %object
 343              		.size	DEBUG_UART_IntrTxMask, 2
 344              	DEBUG_UART_IntrTxMask:
 345 0008 0000     		.space	2
 346 000a 0000     		.text
 347              	.Letext0:
 348              		.file 2 "Generated_Source\\PSoC4/cytypes.h"
 349              		.file 3 "Generated_Source\\PSoC4\\DEBUG_UART_SPI_UART_PVT.h"
 350              		.file 4 "Generated_Source\\PSoC4/CyLib.h"
 351              		.section	.debug_info,"",%progbits
 352              	.Ldebug_info0:
 353 0000 E0020000 		.4byte	0x2e0
 354 0004 0400     		.2byte	0x4
 355 0006 00000000 		.4byte	.Ldebug_abbrev0
 356 000a 04       		.byte	0x4
 357 000b 01       		.uleb128 0x1
 358 000c 77020000 		.4byte	.LASF39
 359 0010 01       		.byte	0x1
 360 0011 0E010000 		.4byte	.LASF40
 361 0015 57010000 		.4byte	.LASF41
ARM GAS  C:\Users\Petro\AppData\Local\Temp\ccriPyuZ.s 			page 16


 362 0019 00000000 		.4byte	.Ldebug_ranges0+0
 363 001d 00000000 		.4byte	0
 364 0021 00000000 		.4byte	.Ldebug_line0
 365 0025 02       		.uleb128 0x2
 366 0026 01       		.byte	0x1
 367 0027 06       		.byte	0x6
 368 0028 71030000 		.4byte	.LASF0
 369 002c 02       		.uleb128 0x2
 370 002d 01       		.byte	0x1
 371 002e 08       		.byte	0x8
 372 002f F9000000 		.4byte	.LASF1
 373 0033 02       		.uleb128 0x2
 374 0034 02       		.byte	0x2
 375 0035 05       		.byte	0x5
 376 0036 12030000 		.4byte	.LASF2
 377 003a 02       		.uleb128 0x2
 378 003b 02       		.byte	0x2
 379 003c 07       		.byte	0x7
 380 003d 31000000 		.4byte	.LASF3
 381 0041 02       		.uleb128 0x2
 382 0042 04       		.byte	0x4
 383 0043 05       		.byte	0x5
 384 0044 41030000 		.4byte	.LASF4
 385 0048 02       		.uleb128 0x2
 386 0049 04       		.byte	0x4
 387 004a 07       		.byte	0x7
 388 004b E1000000 		.4byte	.LASF5
 389 004f 02       		.uleb128 0x2
 390 0050 08       		.byte	0x8
 391 0051 05       		.byte	0x5
 392 0052 64020000 		.4byte	.LASF6
 393 0056 02       		.uleb128 0x2
 394 0057 08       		.byte	0x8
 395 0058 07       		.byte	0x7
 396 0059 01020000 		.4byte	.LASF7
 397 005d 03       		.uleb128 0x3
 398 005e 04       		.byte	0x4
 399 005f 05       		.byte	0x5
 400 0060 696E7400 		.ascii	"int\000"
 401 0064 02       		.uleb128 0x2
 402 0065 04       		.byte	0x4
 403 0066 07       		.byte	0x7
 404 0067 F4010000 		.4byte	.LASF8
 405 006b 04       		.uleb128 0x4
 406 006c F3000000 		.4byte	.LASF9
 407 0070 02       		.byte	0x2
 408 0071 B901     		.2byte	0x1b9
 409 0073 2C000000 		.4byte	0x2c
 410 0077 04       		.uleb128 0x4
 411 0078 50010000 		.4byte	.LASF10
 412 007c 02       		.byte	0x2
 413 007d BA01     		.2byte	0x1ba
 414 007f 3A000000 		.4byte	0x3a
 415 0083 04       		.uleb128 0x4
 416 0084 C4010000 		.4byte	.LASF11
 417 0088 02       		.byte	0x2
 418 0089 BB01     		.2byte	0x1bb
ARM GAS  C:\Users\Petro\AppData\Local\Temp\ccriPyuZ.s 			page 17


 419 008b 48000000 		.4byte	0x48
 420 008f 02       		.uleb128 0x2
 421 0090 04       		.byte	0x4
 422 0091 04       		.byte	0x4
 423 0092 7B000000 		.4byte	.LASF12
 424 0096 02       		.uleb128 0x2
 425 0097 08       		.byte	0x8
 426 0098 04       		.byte	0x4
 427 0099 07010000 		.4byte	.LASF13
 428 009d 02       		.uleb128 0x2
 429 009e 01       		.byte	0x1
 430 009f 08       		.byte	0x8
 431 00a0 72020000 		.4byte	.LASF14
 432 00a4 04       		.uleb128 0x4
 433 00a5 00000000 		.4byte	.LASF15
 434 00a9 02       		.byte	0x2
 435 00aa 6502     		.2byte	0x265
 436 00ac B0000000 		.4byte	0xb0
 437 00b0 05       		.uleb128 0x5
 438 00b1 83000000 		.4byte	0x83
 439 00b5 06       		.uleb128 0x6
 440 00b6 04       		.byte	0x4
 441 00b7 BB000000 		.4byte	0xbb
 442 00bb 07       		.uleb128 0x7
 443 00bc 02       		.uleb128 0x2
 444 00bd 04       		.byte	0x4
 445 00be 07       		.byte	0x7
 446 00bf 5B020000 		.4byte	.LASF16
 447 00c3 08       		.uleb128 0x8
 448 00c4 DB010000 		.4byte	.LASF17
 449 00c8 01       		.byte	0x1
 450 00c9 6401     		.2byte	0x164
 451 00cb 00000000 		.4byte	.LFB9
 452 00cf 0A000000 		.4byte	.LFE9-.LFB9
 453 00d3 01       		.uleb128 0x1
 454 00d4 9C       		.byte	0x9c
 455 00d5 E9000000 		.4byte	0xe9
 456 00d9 09       		.uleb128 0x9
 457 00da 08000000 		.4byte	.LVL0
 458 00de 9F020000 		.4byte	0x29f
 459 00e2 0A       		.uleb128 0xa
 460 00e3 01       		.uleb128 0x1
 461 00e4 50       		.byte	0x50
 462 00e5 01       		.uleb128 0x1
 463 00e6 39       		.byte	0x39
 464 00e7 00       		.byte	0
 465 00e8 00       		.byte	0
 466 00e9 08       		.uleb128 0x8
 467 00ea 3E020000 		.4byte	.LASF18
 468 00ee 01       		.byte	0x1
 469 00ef 7D01     		.2byte	0x17d
 470 00f1 00000000 		.4byte	.LFB10
 471 00f5 08000000 		.4byte	.LFE10-.LFB10
 472 00f9 01       		.uleb128 0x1
 473 00fa 9C       		.byte	0x9c
 474 00fb 09010000 		.4byte	0x109
 475 00ff 0B       		.uleb128 0xb
ARM GAS  C:\Users\Petro\AppData\Local\Temp\ccriPyuZ.s 			page 18


 476 0100 06000000 		.4byte	.LVL1
 477 0104 B0020000 		.4byte	0x2b0
 478 0108 00       		.byte	0
 479 0109 08       		.uleb128 0x8
 480 010a 5A030000 		.4byte	.LASF19
 481 010e 01       		.byte	0x1
 482 010f A201     		.2byte	0x1a2
 483 0111 00000000 		.4byte	.LFB11
 484 0115 08000000 		.4byte	.LFE11-.LFB11
 485 0119 01       		.uleb128 0x1
 486 011a 9C       		.byte	0x9c
 487 011b 29010000 		.4byte	0x129
 488 011f 0B       		.uleb128 0xb
 489 0120 06000000 		.4byte	.LVL2
 490 0124 B7020000 		.4byte	0x2b7
 491 0128 00       		.byte	0
 492 0129 0C       		.uleb128 0xc
 493 012a CB010000 		.4byte	.LASF20
 494 012e 01       		.byte	0x1
 495 012f 7B       		.byte	0x7b
 496 0130 00000000 		.4byte	.LFB2
 497 0134 08000000 		.4byte	.LFE2-.LFB2
 498 0138 01       		.uleb128 0x1
 499 0139 9C       		.byte	0x9c
 500 013a 48010000 		.4byte	0x148
 501 013e 0B       		.uleb128 0xb
 502 013f 06000000 		.4byte	.LVL3
 503 0143 BE020000 		.4byte	0x2be
 504 0147 00       		.byte	0
 505 0148 0C       		.uleb128 0xc
 506 0149 3E010000 		.4byte	.LASF21
 507 014d 01       		.byte	0x1
 508 014e AB       		.byte	0xab
 509 014f 00000000 		.4byte	.LFB3
 510 0153 1C000000 		.4byte	.LFE3-.LFB3
 511 0157 01       		.uleb128 0x1
 512 0158 9C       		.byte	0x9c
 513 0159 70010000 		.4byte	0x170
 514 015d 0B       		.uleb128 0xb
 515 015e 12000000 		.4byte	.LVL4
 516 0162 C3000000 		.4byte	0xc3
 517 0166 0B       		.uleb128 0xb
 518 0167 16000000 		.4byte	.LVL5
 519 016b E9000000 		.4byte	0xe9
 520 016f 00       		.byte	0
 521 0170 0C       		.uleb128 0xc
 522 0171 BA000000 		.4byte	.LASF22
 523 0175 01       		.byte	0x1
 524 0176 D2       		.byte	0xd2
 525 0177 00000000 		.4byte	.LFB4
 526 017b 20000000 		.4byte	.LFE4-.LFB4
 527 017f 01       		.uleb128 0x1
 528 0180 9C       		.byte	0x9c
 529 0181 98010000 		.4byte	0x198
 530 0185 0B       		.uleb128 0xb
 531 0186 0E000000 		.4byte	.LVL6
 532 018a 29010000 		.4byte	0x129
ARM GAS  C:\Users\Petro\AppData\Local\Temp\ccriPyuZ.s 			page 19


 533 018e 0B       		.uleb128 0xb
 534 018f 18000000 		.4byte	.LVL7
 535 0193 48010000 		.4byte	0x148
 536 0197 00       		.byte	0
 537 0198 0C       		.uleb128 0xc
 538 0199 4A030000 		.4byte	.LASF23
 539 019d 01       		.byte	0x1
 540 019e EF       		.byte	0xef
 541 019f 00000000 		.4byte	.LFB5
 542 01a3 2C000000 		.4byte	.LFE5-.LFB5
 543 01a7 01       		.uleb128 0x1
 544 01a8 9C       		.byte	0x9c
 545 01a9 D9010000 		.4byte	0x1d9
 546 01ad 0D       		.uleb128 0xd
 547 01ae 08000000 		.4byte	.LVL8
 548 01b2 C5020000 		.4byte	0x2c5
 549 01b6 C0010000 		.4byte	0x1c0
 550 01ba 0A       		.uleb128 0xa
 551 01bb 01       		.uleb128 0x1
 552 01bc 50       		.byte	0x50
 553 01bd 01       		.uleb128 0x1
 554 01be 39       		.byte	0x39
 555 01bf 00       		.byte	0
 556 01c0 0B       		.uleb128 0xb
 557 01c1 0C000000 		.4byte	.LVL9
 558 01c5 09010000 		.4byte	0x109
 559 01c9 09       		.uleb128 0x9
 560 01ca 22000000 		.4byte	.LVL10
 561 01ce D6020000 		.4byte	0x2d6
 562 01d2 0A       		.uleb128 0xa
 563 01d3 01       		.uleb128 0x1
 564 01d4 50       		.byte	0x50
 565 01d5 01       		.uleb128 0x1
 566 01d6 39       		.byte	0x39
 567 01d7 00       		.byte	0
 568 01d8 00       		.byte	0
 569 01d9 0E       		.uleb128 0xe
 570 01da 44000000 		.4byte	.LASF24
 571 01de 01       		.byte	0x1
 572 01df 1701     		.2byte	0x117
 573 01e1 00000000 		.4byte	.LFB6
 574 01e5 14000000 		.4byte	.LFE6-.LFB6
 575 01e9 01       		.uleb128 0x1
 576 01ea 9C       		.byte	0x9c
 577 01eb 10020000 		.4byte	0x210
 578 01ef 0F       		.uleb128 0xf
 579 01f0 11000000 		.4byte	.LASF26
 580 01f4 01       		.byte	0x1
 581 01f5 1701     		.2byte	0x117
 582 01f7 83000000 		.4byte	0x83
 583 01fb 00000000 		.4byte	.LLST0
 584 01ff 10       		.uleb128 0x10
 585 0200 36030000 		.4byte	.LASF27
 586 0204 01       		.byte	0x1
 587 0205 1901     		.2byte	0x119
 588 0207 83000000 		.4byte	0x83
 589 020b 21000000 		.4byte	.LLST1
ARM GAS  C:\Users\Petro\AppData\Local\Temp\ccriPyuZ.s 			page 20


 590 020f 00       		.byte	0
 591 0210 0E       		.uleb128 0xe
 592 0211 1C030000 		.4byte	.LASF25
 593 0215 01       		.byte	0x1
 594 0216 3001     		.2byte	0x130
 595 0218 00000000 		.4byte	.LFB7
 596 021c 14000000 		.4byte	.LFE7-.LFB7
 597 0220 01       		.uleb128 0x1
 598 0221 9C       		.byte	0x9c
 599 0222 47020000 		.4byte	0x247
 600 0226 0F       		.uleb128 0xf
 601 0227 11000000 		.4byte	.LASF26
 602 022b 01       		.byte	0x1
 603 022c 3001     		.2byte	0x130
 604 022e 83000000 		.4byte	0x83
 605 0232 3F000000 		.4byte	.LLST2
 606 0236 10       		.uleb128 0x10
 607 0237 06000000 		.4byte	.LASF28
 608 023b 01       		.byte	0x1
 609 023c 3201     		.2byte	0x132
 610 023e 83000000 		.4byte	0x83
 611 0242 60000000 		.4byte	.LLST3
 612 0246 00       		.byte	0
 613 0247 0E       		.uleb128 0xe
 614 0248 95000000 		.4byte	.LASF29
 615 024c 01       		.byte	0x1
 616 024d 4F01     		.2byte	0x14f
 617 024f 00000000 		.4byte	.LFB8
 618 0253 0C000000 		.4byte	.LFE8-.LFB8
 619 0257 01       		.uleb128 0x1
 620 0258 9C       		.byte	0x9c
 621 0259 6C020000 		.4byte	0x26c
 622 025d 11       		.uleb128 0x11
 623 025e 90030000 		.4byte	.LASF30
 624 0262 01       		.byte	0x1
 625 0263 4F01     		.2byte	0x14f
 626 0265 B5000000 		.4byte	0xb5
 627 0269 01       		.uleb128 0x1
 628 026a 50       		.byte	0x50
 629 026b 00       		.byte	0
 630 026c 12       		.uleb128 0x12
 631 026d 7D030000 		.4byte	.LASF31
 632 0271 01       		.byte	0x1
 633 0272 51       		.byte	0x51
 634 0273 6B000000 		.4byte	0x6b
 635 0277 05       		.uleb128 0x5
 636 0278 03       		.byte	0x3
 637 0279 00000000 		.4byte	DEBUG_UART_initVar
 638 027d 12       		.uleb128 0x12
 639 027e 5E000000 		.4byte	.LASF32
 640 0282 01       		.byte	0x1
 641 0283 61       		.byte	0x61
 642 0284 B5000000 		.4byte	0xb5
 643 0288 05       		.uleb128 0x5
 644 0289 03       		.byte	0x3
 645 028a 00000000 		.4byte	DEBUG_UART_customIntrHandler
 646 028e 12       		.uleb128 0x12
ARM GAS  C:\Users\Petro\AppData\Local\Temp\ccriPyuZ.s 			page 21


 647 028f CB000000 		.4byte	.LASF33
 648 0293 01       		.byte	0x1
 649 0294 5A       		.byte	0x5a
 650 0295 77000000 		.4byte	0x77
 651 0299 05       		.uleb128 0x5
 652 029a 03       		.byte	0x3
 653 029b 00000000 		.4byte	DEBUG_UART_IntrTxMask
 654 029f 13       		.uleb128 0x13
 655 02a0 32010000 		.4byte	.LASF37
 656 02a4 04       		.byte	0x4
 657 02a5 C3       		.byte	0xc3
 658 02a6 B0020000 		.4byte	0x2b0
 659 02aa 14       		.uleb128 0x14
 660 02ab 6B000000 		.4byte	0x6b
 661 02af 00       		.byte	0
 662 02b0 15       		.uleb128 0x15
 663 02b1 17000000 		.4byte	.LASF34
 664 02b5 03       		.byte	0x3
 665 02b6 4C       		.byte	0x4c
 666 02b7 15       		.uleb128 0x15
 667 02b8 18020000 		.4byte	.LASF35
 668 02bc 03       		.byte	0x3
 669 02bd 4D       		.byte	0x4d
 670 02be 15       		.uleb128 0x15
 671 02bf 81000000 		.4byte	.LASF36
 672 02c3 03       		.byte	0x3
 673 02c4 50       		.byte	0x50
 674 02c5 13       		.uleb128 0x13
 675 02c6 05030000 		.4byte	.LASF38
 676 02ca 04       		.byte	0x4
 677 02cb C5       		.byte	0xc5
 678 02cc D6020000 		.4byte	0x2d6
 679 02d0 14       		.uleb128 0x14
 680 02d1 6B000000 		.4byte	0x6b
 681 02d5 00       		.byte	0
 682 02d6 16       		.uleb128 0x16
 683 02d7 2C020000 		.4byte	.LASF42
 684 02db 04       		.byte	0x4
 685 02dc C8       		.byte	0xc8
 686 02dd 14       		.uleb128 0x14
 687 02de 6B000000 		.4byte	0x6b
 688 02e2 00       		.byte	0
 689 02e3 00       		.byte	0
 690              		.section	.debug_abbrev,"",%progbits
 691              	.Ldebug_abbrev0:
 692 0000 01       		.uleb128 0x1
 693 0001 11       		.uleb128 0x11
 694 0002 01       		.byte	0x1
 695 0003 25       		.uleb128 0x25
 696 0004 0E       		.uleb128 0xe
 697 0005 13       		.uleb128 0x13
 698 0006 0B       		.uleb128 0xb
 699 0007 03       		.uleb128 0x3
 700 0008 0E       		.uleb128 0xe
 701 0009 1B       		.uleb128 0x1b
 702 000a 0E       		.uleb128 0xe
 703 000b 55       		.uleb128 0x55
ARM GAS  C:\Users\Petro\AppData\Local\Temp\ccriPyuZ.s 			page 22


 704 000c 17       		.uleb128 0x17
 705 000d 11       		.uleb128 0x11
 706 000e 01       		.uleb128 0x1
 707 000f 10       		.uleb128 0x10
 708 0010 17       		.uleb128 0x17
 709 0011 00       		.byte	0
 710 0012 00       		.byte	0
 711 0013 02       		.uleb128 0x2
 712 0014 24       		.uleb128 0x24
 713 0015 00       		.byte	0
 714 0016 0B       		.uleb128 0xb
 715 0017 0B       		.uleb128 0xb
 716 0018 3E       		.uleb128 0x3e
 717 0019 0B       		.uleb128 0xb
 718 001a 03       		.uleb128 0x3
 719 001b 0E       		.uleb128 0xe
 720 001c 00       		.byte	0
 721 001d 00       		.byte	0
 722 001e 03       		.uleb128 0x3
 723 001f 24       		.uleb128 0x24
 724 0020 00       		.byte	0
 725 0021 0B       		.uleb128 0xb
 726 0022 0B       		.uleb128 0xb
 727 0023 3E       		.uleb128 0x3e
 728 0024 0B       		.uleb128 0xb
 729 0025 03       		.uleb128 0x3
 730 0026 08       		.uleb128 0x8
 731 0027 00       		.byte	0
 732 0028 00       		.byte	0
 733 0029 04       		.uleb128 0x4
 734 002a 16       		.uleb128 0x16
 735 002b 00       		.byte	0
 736 002c 03       		.uleb128 0x3
 737 002d 0E       		.uleb128 0xe
 738 002e 3A       		.uleb128 0x3a
 739 002f 0B       		.uleb128 0xb
 740 0030 3B       		.uleb128 0x3b
 741 0031 05       		.uleb128 0x5
 742 0032 49       		.uleb128 0x49
 743 0033 13       		.uleb128 0x13
 744 0034 00       		.byte	0
 745 0035 00       		.byte	0
 746 0036 05       		.uleb128 0x5
 747 0037 35       		.uleb128 0x35
 748 0038 00       		.byte	0
 749 0039 49       		.uleb128 0x49
 750 003a 13       		.uleb128 0x13
 751 003b 00       		.byte	0
 752 003c 00       		.byte	0
 753 003d 06       		.uleb128 0x6
 754 003e 0F       		.uleb128 0xf
 755 003f 00       		.byte	0
 756 0040 0B       		.uleb128 0xb
 757 0041 0B       		.uleb128 0xb
 758 0042 49       		.uleb128 0x49
 759 0043 13       		.uleb128 0x13
 760 0044 00       		.byte	0
ARM GAS  C:\Users\Petro\AppData\Local\Temp\ccriPyuZ.s 			page 23


 761 0045 00       		.byte	0
 762 0046 07       		.uleb128 0x7
 763 0047 15       		.uleb128 0x15
 764 0048 00       		.byte	0
 765 0049 27       		.uleb128 0x27
 766 004a 19       		.uleb128 0x19
 767 004b 00       		.byte	0
 768 004c 00       		.byte	0
 769 004d 08       		.uleb128 0x8
 770 004e 2E       		.uleb128 0x2e
 771 004f 01       		.byte	0x1
 772 0050 03       		.uleb128 0x3
 773 0051 0E       		.uleb128 0xe
 774 0052 3A       		.uleb128 0x3a
 775 0053 0B       		.uleb128 0xb
 776 0054 3B       		.uleb128 0x3b
 777 0055 05       		.uleb128 0x5
 778 0056 27       		.uleb128 0x27
 779 0057 19       		.uleb128 0x19
 780 0058 11       		.uleb128 0x11
 781 0059 01       		.uleb128 0x1
 782 005a 12       		.uleb128 0x12
 783 005b 06       		.uleb128 0x6
 784 005c 40       		.uleb128 0x40
 785 005d 18       		.uleb128 0x18
 786 005e 9742     		.uleb128 0x2117
 787 0060 19       		.uleb128 0x19
 788 0061 01       		.uleb128 0x1
 789 0062 13       		.uleb128 0x13
 790 0063 00       		.byte	0
 791 0064 00       		.byte	0
 792 0065 09       		.uleb128 0x9
 793 0066 898201   		.uleb128 0x4109
 794 0069 01       		.byte	0x1
 795 006a 11       		.uleb128 0x11
 796 006b 01       		.uleb128 0x1
 797 006c 31       		.uleb128 0x31
 798 006d 13       		.uleb128 0x13
 799 006e 00       		.byte	0
 800 006f 00       		.byte	0
 801 0070 0A       		.uleb128 0xa
 802 0071 8A8201   		.uleb128 0x410a
 803 0074 00       		.byte	0
 804 0075 02       		.uleb128 0x2
 805 0076 18       		.uleb128 0x18
 806 0077 9142     		.uleb128 0x2111
 807 0079 18       		.uleb128 0x18
 808 007a 00       		.byte	0
 809 007b 00       		.byte	0
 810 007c 0B       		.uleb128 0xb
 811 007d 898201   		.uleb128 0x4109
 812 0080 00       		.byte	0
 813 0081 11       		.uleb128 0x11
 814 0082 01       		.uleb128 0x1
 815 0083 31       		.uleb128 0x31
 816 0084 13       		.uleb128 0x13
 817 0085 00       		.byte	0
ARM GAS  C:\Users\Petro\AppData\Local\Temp\ccriPyuZ.s 			page 24


 818 0086 00       		.byte	0
 819 0087 0C       		.uleb128 0xc
 820 0088 2E       		.uleb128 0x2e
 821 0089 01       		.byte	0x1
 822 008a 3F       		.uleb128 0x3f
 823 008b 19       		.uleb128 0x19
 824 008c 03       		.uleb128 0x3
 825 008d 0E       		.uleb128 0xe
 826 008e 3A       		.uleb128 0x3a
 827 008f 0B       		.uleb128 0xb
 828 0090 3B       		.uleb128 0x3b
 829 0091 0B       		.uleb128 0xb
 830 0092 27       		.uleb128 0x27
 831 0093 19       		.uleb128 0x19
 832 0094 11       		.uleb128 0x11
 833 0095 01       		.uleb128 0x1
 834 0096 12       		.uleb128 0x12
 835 0097 06       		.uleb128 0x6
 836 0098 40       		.uleb128 0x40
 837 0099 18       		.uleb128 0x18
 838 009a 9742     		.uleb128 0x2117
 839 009c 19       		.uleb128 0x19
 840 009d 01       		.uleb128 0x1
 841 009e 13       		.uleb128 0x13
 842 009f 00       		.byte	0
 843 00a0 00       		.byte	0
 844 00a1 0D       		.uleb128 0xd
 845 00a2 898201   		.uleb128 0x4109
 846 00a5 01       		.byte	0x1
 847 00a6 11       		.uleb128 0x11
 848 00a7 01       		.uleb128 0x1
 849 00a8 31       		.uleb128 0x31
 850 00a9 13       		.uleb128 0x13
 851 00aa 01       		.uleb128 0x1
 852 00ab 13       		.uleb128 0x13
 853 00ac 00       		.byte	0
 854 00ad 00       		.byte	0
 855 00ae 0E       		.uleb128 0xe
 856 00af 2E       		.uleb128 0x2e
 857 00b0 01       		.byte	0x1
 858 00b1 3F       		.uleb128 0x3f
 859 00b2 19       		.uleb128 0x19
 860 00b3 03       		.uleb128 0x3
 861 00b4 0E       		.uleb128 0xe
 862 00b5 3A       		.uleb128 0x3a
 863 00b6 0B       		.uleb128 0xb
 864 00b7 3B       		.uleb128 0x3b
 865 00b8 05       		.uleb128 0x5
 866 00b9 27       		.uleb128 0x27
 867 00ba 19       		.uleb128 0x19
 868 00bb 11       		.uleb128 0x11
 869 00bc 01       		.uleb128 0x1
 870 00bd 12       		.uleb128 0x12
 871 00be 06       		.uleb128 0x6
 872 00bf 40       		.uleb128 0x40
 873 00c0 18       		.uleb128 0x18
 874 00c1 9742     		.uleb128 0x2117
ARM GAS  C:\Users\Petro\AppData\Local\Temp\ccriPyuZ.s 			page 25


 875 00c3 19       		.uleb128 0x19
 876 00c4 01       		.uleb128 0x1
 877 00c5 13       		.uleb128 0x13
 878 00c6 00       		.byte	0
 879 00c7 00       		.byte	0
 880 00c8 0F       		.uleb128 0xf
 881 00c9 05       		.uleb128 0x5
 882 00ca 00       		.byte	0
 883 00cb 03       		.uleb128 0x3
 884 00cc 0E       		.uleb128 0xe
 885 00cd 3A       		.uleb128 0x3a
 886 00ce 0B       		.uleb128 0xb
 887 00cf 3B       		.uleb128 0x3b
 888 00d0 05       		.uleb128 0x5
 889 00d1 49       		.uleb128 0x49
 890 00d2 13       		.uleb128 0x13
 891 00d3 02       		.uleb128 0x2
 892 00d4 17       		.uleb128 0x17
 893 00d5 00       		.byte	0
 894 00d6 00       		.byte	0
 895 00d7 10       		.uleb128 0x10
 896 00d8 34       		.uleb128 0x34
 897 00d9 00       		.byte	0
 898 00da 03       		.uleb128 0x3
 899 00db 0E       		.uleb128 0xe
 900 00dc 3A       		.uleb128 0x3a
 901 00dd 0B       		.uleb128 0xb
 902 00de 3B       		.uleb128 0x3b
 903 00df 05       		.uleb128 0x5
 904 00e0 49       		.uleb128 0x49
 905 00e1 13       		.uleb128 0x13
 906 00e2 02       		.uleb128 0x2
 907 00e3 17       		.uleb128 0x17
 908 00e4 00       		.byte	0
 909 00e5 00       		.byte	0
 910 00e6 11       		.uleb128 0x11
 911 00e7 05       		.uleb128 0x5
 912 00e8 00       		.byte	0
 913 00e9 03       		.uleb128 0x3
 914 00ea 0E       		.uleb128 0xe
 915 00eb 3A       		.uleb128 0x3a
 916 00ec 0B       		.uleb128 0xb
 917 00ed 3B       		.uleb128 0x3b
 918 00ee 05       		.uleb128 0x5
 919 00ef 49       		.uleb128 0x49
 920 00f0 13       		.uleb128 0x13
 921 00f1 02       		.uleb128 0x2
 922 00f2 18       		.uleb128 0x18
 923 00f3 00       		.byte	0
 924 00f4 00       		.byte	0
 925 00f5 12       		.uleb128 0x12
 926 00f6 34       		.uleb128 0x34
 927 00f7 00       		.byte	0
 928 00f8 03       		.uleb128 0x3
 929 00f9 0E       		.uleb128 0xe
 930 00fa 3A       		.uleb128 0x3a
 931 00fb 0B       		.uleb128 0xb
ARM GAS  C:\Users\Petro\AppData\Local\Temp\ccriPyuZ.s 			page 26


 932 00fc 3B       		.uleb128 0x3b
 933 00fd 0B       		.uleb128 0xb
 934 00fe 49       		.uleb128 0x49
 935 00ff 13       		.uleb128 0x13
 936 0100 3F       		.uleb128 0x3f
 937 0101 19       		.uleb128 0x19
 938 0102 02       		.uleb128 0x2
 939 0103 18       		.uleb128 0x18
 940 0104 00       		.byte	0
 941 0105 00       		.byte	0
 942 0106 13       		.uleb128 0x13
 943 0107 2E       		.uleb128 0x2e
 944 0108 01       		.byte	0x1
 945 0109 3F       		.uleb128 0x3f
 946 010a 19       		.uleb128 0x19
 947 010b 03       		.uleb128 0x3
 948 010c 0E       		.uleb128 0xe
 949 010d 3A       		.uleb128 0x3a
 950 010e 0B       		.uleb128 0xb
 951 010f 3B       		.uleb128 0x3b
 952 0110 0B       		.uleb128 0xb
 953 0111 27       		.uleb128 0x27
 954 0112 19       		.uleb128 0x19
 955 0113 3C       		.uleb128 0x3c
 956 0114 19       		.uleb128 0x19
 957 0115 01       		.uleb128 0x1
 958 0116 13       		.uleb128 0x13
 959 0117 00       		.byte	0
 960 0118 00       		.byte	0
 961 0119 14       		.uleb128 0x14
 962 011a 05       		.uleb128 0x5
 963 011b 00       		.byte	0
 964 011c 49       		.uleb128 0x49
 965 011d 13       		.uleb128 0x13
 966 011e 00       		.byte	0
 967 011f 00       		.byte	0
 968 0120 15       		.uleb128 0x15
 969 0121 2E       		.uleb128 0x2e
 970 0122 00       		.byte	0
 971 0123 3F       		.uleb128 0x3f
 972 0124 19       		.uleb128 0x19
 973 0125 03       		.uleb128 0x3
 974 0126 0E       		.uleb128 0xe
 975 0127 3A       		.uleb128 0x3a
 976 0128 0B       		.uleb128 0xb
 977 0129 3B       		.uleb128 0x3b
 978 012a 0B       		.uleb128 0xb
 979 012b 27       		.uleb128 0x27
 980 012c 19       		.uleb128 0x19
 981 012d 3C       		.uleb128 0x3c
 982 012e 19       		.uleb128 0x19
 983 012f 00       		.byte	0
 984 0130 00       		.byte	0
 985 0131 16       		.uleb128 0x16
 986 0132 2E       		.uleb128 0x2e
 987 0133 01       		.byte	0x1
 988 0134 3F       		.uleb128 0x3f
ARM GAS  C:\Users\Petro\AppData\Local\Temp\ccriPyuZ.s 			page 27


 989 0135 19       		.uleb128 0x19
 990 0136 03       		.uleb128 0x3
 991 0137 0E       		.uleb128 0xe
 992 0138 3A       		.uleb128 0x3a
 993 0139 0B       		.uleb128 0xb
 994 013a 3B       		.uleb128 0x3b
 995 013b 0B       		.uleb128 0xb
 996 013c 27       		.uleb128 0x27
 997 013d 19       		.uleb128 0x19
 998 013e 3C       		.uleb128 0x3c
 999 013f 19       		.uleb128 0x19
 1000 0140 00       		.byte	0
 1001 0141 00       		.byte	0
 1002 0142 00       		.byte	0
 1003              		.section	.debug_loc,"",%progbits
 1004              	.Ldebug_loc0:
 1005              	.LLST0:
 1006 0000 00000000 		.4byte	.LVL11
 1007 0004 0A000000 		.4byte	.LVL14
 1008 0008 0100     		.2byte	0x1
 1009 000a 50       		.byte	0x50
 1010 000b 0A000000 		.4byte	.LVL14
 1011 000f 14000000 		.4byte	.LFE6
 1012 0013 0400     		.2byte	0x4
 1013 0015 F3       		.byte	0xf3
 1014 0016 01       		.uleb128 0x1
 1015 0017 50       		.byte	0x50
 1016 0018 9F       		.byte	0x9f
 1017 0019 00000000 		.4byte	0
 1018 001d 00000000 		.4byte	0
 1019              	.LLST1:
 1020 0021 04000000 		.4byte	.LVL12
 1021 0025 0C000000 		.4byte	.LVL15
 1022 0029 0100     		.2byte	0x1
 1023 002b 53       		.byte	0x53
 1024 002c 0C000000 		.4byte	.LVL15
 1025 0030 14000000 		.4byte	.LFE6
 1026 0034 0100     		.2byte	0x1
 1027 0036 50       		.byte	0x50
 1028 0037 00000000 		.4byte	0
 1029 003b 00000000 		.4byte	0
 1030              	.LLST2:
 1031 003f 00000000 		.4byte	.LVL16
 1032 0043 0A000000 		.4byte	.LVL19
 1033 0047 0100     		.2byte	0x1
 1034 0049 50       		.byte	0x50
 1035 004a 0A000000 		.4byte	.LVL19
 1036 004e 14000000 		.4byte	.LFE7
 1037 0052 0400     		.2byte	0x4
 1038 0054 F3       		.byte	0xf3
 1039 0055 01       		.uleb128 0x1
 1040 0056 50       		.byte	0x50
 1041 0057 9F       		.byte	0x9f
 1042 0058 00000000 		.4byte	0
 1043 005c 00000000 		.4byte	0
 1044              	.LLST3:
 1045 0060 04000000 		.4byte	.LVL17
ARM GAS  C:\Users\Petro\AppData\Local\Temp\ccriPyuZ.s 			page 28


 1046 0064 0C000000 		.4byte	.LVL20
 1047 0068 0100     		.2byte	0x1
 1048 006a 53       		.byte	0x53
 1049 006b 0C000000 		.4byte	.LVL20
 1050 006f 14000000 		.4byte	.LFE7
 1051 0073 0100     		.2byte	0x1
 1052 0075 50       		.byte	0x50
 1053 0076 00000000 		.4byte	0
 1054 007a 00000000 		.4byte	0
 1055              		.section	.debug_aranges,"",%progbits
 1056 0000 64000000 		.4byte	0x64
 1057 0004 0200     		.2byte	0x2
 1058 0006 00000000 		.4byte	.Ldebug_info0
 1059 000a 04       		.byte	0x4
 1060 000b 00       		.byte	0
 1061 000c 0000     		.2byte	0
 1062 000e 0000     		.2byte	0
 1063 0010 00000000 		.4byte	.LFB9
 1064 0014 0A000000 		.4byte	.LFE9-.LFB9
 1065 0018 00000000 		.4byte	.LFB10
 1066 001c 08000000 		.4byte	.LFE10-.LFB10
 1067 0020 00000000 		.4byte	.LFB11
 1068 0024 08000000 		.4byte	.LFE11-.LFB11
 1069 0028 00000000 		.4byte	.LFB2
 1070 002c 08000000 		.4byte	.LFE2-.LFB2
 1071 0030 00000000 		.4byte	.LFB3
 1072 0034 1C000000 		.4byte	.LFE3-.LFB3
 1073 0038 00000000 		.4byte	.LFB4
 1074 003c 20000000 		.4byte	.LFE4-.LFB4
 1075 0040 00000000 		.4byte	.LFB5
 1076 0044 2C000000 		.4byte	.LFE5-.LFB5
 1077 0048 00000000 		.4byte	.LFB6
 1078 004c 14000000 		.4byte	.LFE6-.LFB6
 1079 0050 00000000 		.4byte	.LFB7
 1080 0054 14000000 		.4byte	.LFE7-.LFB7
 1081 0058 00000000 		.4byte	.LFB8
 1082 005c 0C000000 		.4byte	.LFE8-.LFB8
 1083 0060 00000000 		.4byte	0
 1084 0064 00000000 		.4byte	0
 1085              		.section	.debug_ranges,"",%progbits
 1086              	.Ldebug_ranges0:
 1087 0000 00000000 		.4byte	.LFB9
 1088 0004 0A000000 		.4byte	.LFE9
 1089 0008 00000000 		.4byte	.LFB10
 1090 000c 08000000 		.4byte	.LFE10
 1091 0010 00000000 		.4byte	.LFB11
 1092 0014 08000000 		.4byte	.LFE11
 1093 0018 00000000 		.4byte	.LFB2
 1094 001c 08000000 		.4byte	.LFE2
 1095 0020 00000000 		.4byte	.LFB3
 1096 0024 1C000000 		.4byte	.LFE3
 1097 0028 00000000 		.4byte	.LFB4
 1098 002c 20000000 		.4byte	.LFE4
 1099 0030 00000000 		.4byte	.LFB5
 1100 0034 2C000000 		.4byte	.LFE5
 1101 0038 00000000 		.4byte	.LFB6
 1102 003c 14000000 		.4byte	.LFE6
ARM GAS  C:\Users\Petro\AppData\Local\Temp\ccriPyuZ.s 			page 29


 1103 0040 00000000 		.4byte	.LFB7
 1104 0044 14000000 		.4byte	.LFE7
 1105 0048 00000000 		.4byte	.LFB8
 1106 004c 0C000000 		.4byte	.LFE8
 1107 0050 00000000 		.4byte	0
 1108 0054 00000000 		.4byte	0
 1109              		.section	.debug_line,"",%progbits
 1110              	.Ldebug_line0:
 1111 0000 44010000 		.section	.debug_str,"MS",%progbits,1
 1111      02006F00 
 1111      00000201 
 1111      FB0E0D00 
 1111      01010101 
 1112              	.LASF15:
 1113 0000 72656733 		.ascii	"reg32\000"
 1113      3200
 1114              	.LASF28:
 1115 0006 74784669 		.ascii	"txFifoCtrl\000"
 1115      666F4374 
 1115      726C00
 1116              	.LASF26:
 1117 0011 6C657665 		.ascii	"level\000"
 1117      6C00
 1118              	.LASF34:
 1119 0017 44454255 		.ascii	"DEBUG_UART_UartPostEnable\000"
 1119      475F5541 
 1119      52545F55 
 1119      61727450 
 1119      6F737445 
 1120              	.LASF3:
 1121 0031 73686F72 		.ascii	"short unsigned int\000"
 1121      7420756E 
 1121      7369676E 
 1121      65642069 
 1121      6E7400
 1122              	.LASF24:
 1123 0044 44454255 		.ascii	"DEBUG_UART_SetRxFifoLevel\000"
 1123      475F5541 
 1123      52545F53 
 1123      65745278 
 1123      4669666F 
 1124              	.LASF32:
 1125 005e 44454255 		.ascii	"DEBUG_UART_customIntrHandler\000"
 1125      475F5541 
 1125      52545F63 
 1125      7573746F 
 1125      6D496E74 
 1126              	.LASF12:
 1127 007b 666C6F61 		.ascii	"float\000"
 1127      7400
 1128              	.LASF36:
 1129 0081 44454255 		.ascii	"DEBUG_UART_UartInit\000"
 1129      475F5541 
 1129      52545F55 
 1129      61727449 
 1129      6E697400 
 1130              	.LASF29:
ARM GAS  C:\Users\Petro\AppData\Local\Temp\ccriPyuZ.s 			page 30


 1131 0095 44454255 		.ascii	"DEBUG_UART_SetCustomInterruptHandler\000"
 1131      475F5541 
 1131      52545F53 
 1131      65744375 
 1131      73746F6D 
 1132              	.LASF22:
 1133 00ba 44454255 		.ascii	"DEBUG_UART_Start\000"
 1133      475F5541 
 1133      52545F53 
 1133      74617274 
 1133      00
 1134              	.LASF33:
 1135 00cb 44454255 		.ascii	"DEBUG_UART_IntrTxMask\000"
 1135      475F5541 
 1135      52545F49 
 1135      6E747254 
 1135      784D6173 
 1136              	.LASF5:
 1137 00e1 6C6F6E67 		.ascii	"long unsigned int\000"
 1137      20756E73 
 1137      69676E65 
 1137      6420696E 
 1137      7400
 1138              	.LASF9:
 1139 00f3 75696E74 		.ascii	"uint8\000"
 1139      3800
 1140              	.LASF1:
 1141 00f9 756E7369 		.ascii	"unsigned char\000"
 1141      676E6564 
 1141      20636861 
 1141      7200
 1142              	.LASF13:
 1143 0107 646F7562 		.ascii	"double\000"
 1143      6C6500
 1144              	.LASF40:
 1145 010e 47656E65 		.ascii	"Generated_Source\\PSoC4\\DEBUG_UART.c\000"
 1145      72617465 
 1145      645F536F 
 1145      75726365 
 1145      5C50536F 
 1146              	.LASF37:
 1147 0132 4379496E 		.ascii	"CyIntEnable\000"
 1147      74456E61 
 1147      626C6500 
 1148              	.LASF21:
 1149 013e 44454255 		.ascii	"DEBUG_UART_Enable\000"
 1149      475F5541 
 1149      52545F45 
 1149      6E61626C 
 1149      6500
 1150              	.LASF10:
 1151 0150 75696E74 		.ascii	"uint16\000"
 1151      313600
 1152              	.LASF41:
 1153 0157 443A5C43 		.ascii	"D:\\Cypress\\system-start-finish\\vesion 2\\fw\\fin"
 1153      79707265 
 1153      73735C73 
ARM GAS  C:\Users\Petro\AppData\Local\Temp\ccriPyuZ.s 			page 31


 1153      79737465 
 1153      6D2D7374 
 1154 0185 6973685C 		.ascii	"ish\\sandbox\\v7_debug_ntp\\Finish(state machine)\\"
 1154      73616E64 
 1154      626F785C 
 1154      76375F64 
 1154      65627567 
 1155 01b4 64656275 		.ascii	"debug_ntp.cydsn\000"
 1155      675F6E74 
 1155      702E6379 
 1155      64736E00 
 1156              	.LASF11:
 1157 01c4 75696E74 		.ascii	"uint32\000"
 1157      333200
 1158              	.LASF20:
 1159 01cb 44454255 		.ascii	"DEBUG_UART_Init\000"
 1159      475F5541 
 1159      52545F49 
 1159      6E697400 
 1160              	.LASF17:
 1161 01db 44454255 		.ascii	"DEBUG_UART_ScbEnableIntr\000"
 1161      475F5541 
 1161      52545F53 
 1161      6362456E 
 1161      61626C65 
 1162              	.LASF8:
 1163 01f4 756E7369 		.ascii	"unsigned int\000"
 1163      676E6564 
 1163      20696E74 
 1163      00
 1164              	.LASF7:
 1165 0201 6C6F6E67 		.ascii	"long long unsigned int\000"
 1165      206C6F6E 
 1165      6720756E 
 1165      7369676E 
 1165      65642069 
 1166              	.LASF35:
 1167 0218 44454255 		.ascii	"DEBUG_UART_UartStop\000"
 1167      475F5541 
 1167      52545F55 
 1167      61727453 
 1167      746F7000 
 1168              	.LASF42:
 1169 022c 4379496E 		.ascii	"CyIntClearPending\000"
 1169      74436C65 
 1169      61725065 
 1169      6E64696E 
 1169      6700
 1170              	.LASF18:
 1171 023e 44454255 		.ascii	"DEBUG_UART_ScbModePostEnable\000"
 1171      475F5541 
 1171      52545F53 
 1171      63624D6F 
 1171      6465506F 
 1172              	.LASF16:
 1173 025b 73697A65 		.ascii	"sizetype\000"
 1173      74797065 
ARM GAS  C:\Users\Petro\AppData\Local\Temp\ccriPyuZ.s 			page 32


 1173      00
 1174              	.LASF6:
 1175 0264 6C6F6E67 		.ascii	"long long int\000"
 1175      206C6F6E 
 1175      6720696E 
 1175      7400
 1176              	.LASF14:
 1177 0272 63686172 		.ascii	"char\000"
 1177      00
 1178              	.LASF39:
 1179 0277 474E5520 		.ascii	"GNU C 4.9.3 20150303 (release) [ARM/embedded-4_9-br"
 1179      4320342E 
 1179      392E3320 
 1179      32303135 
 1179      30333033 
 1180 02aa 616E6368 		.ascii	"anch revision 221220] -mcpu=cortex-m0 -mthumb -g -O"
 1180      20726576 
 1180      6973696F 
 1180      6E203232 
 1180      31323230 
 1181 02dd 67202D66 		.ascii	"g -ffunction-sections -ffat-lto-objects\000"
 1181      66756E63 
 1181      74696F6E 
 1181      2D736563 
 1181      74696F6E 
 1182              	.LASF38:
 1183 0305 4379496E 		.ascii	"CyIntDisable\000"
 1183      74446973 
 1183      61626C65 
 1183      00
 1184              	.LASF2:
 1185 0312 73686F72 		.ascii	"short int\000"
 1185      7420696E 
 1185      7400
 1186              	.LASF25:
 1187 031c 44454255 		.ascii	"DEBUG_UART_SetTxFifoLevel\000"
 1187      475F5541 
 1187      52545F53 
 1187      65745478 
 1187      4669666F 
 1188              	.LASF27:
 1189 0336 72784669 		.ascii	"rxFifoCtrl\000"
 1189      666F4374 
 1189      726C00
 1190              	.LASF4:
 1191 0341 6C6F6E67 		.ascii	"long int\000"
 1191      20696E74 
 1191      00
 1192              	.LASF23:
 1193 034a 44454255 		.ascii	"DEBUG_UART_Stop\000"
 1193      475F5541 
 1193      52545F53 
 1193      746F7000 
 1194              	.LASF19:
 1195 035a 44454255 		.ascii	"DEBUG_UART_ScbModeStop\000"
 1195      475F5541 
 1195      52545F53 
ARM GAS  C:\Users\Petro\AppData\Local\Temp\ccriPyuZ.s 			page 33


 1195      63624D6F 
 1195      64655374 
 1196              	.LASF0:
 1197 0371 7369676E 		.ascii	"signed char\000"
 1197      65642063 
 1197      68617200 
 1198              	.LASF31:
 1199 037d 44454255 		.ascii	"DEBUG_UART_initVar\000"
 1199      475F5541 
 1199      52545F69 
 1199      6E697456 
 1199      617200
 1200              	.LASF30:
 1201 0390 66756E63 		.ascii	"func\000"
 1201      00
 1202              		.ident	"GCC: (GNU Tools for ARM Embedded Processors) 4.9.3 20150303 (release) [ARM/embedded-4_9-br
