ARM GAS  C:\Users\Petro\AppData\Local\Temp\cckbIdOL.s 			page 1


   1              		.cpu cortex-m0
   2              		.fpu softvfp
   3              		.eabi_attribute 20, 1
   4              		.eabi_attribute 21, 1
   5              		.eabi_attribute 23, 3
   6              		.eabi_attribute 24, 1
   7              		.eabi_attribute 25, 1
   8              		.eabi_attribute 26, 1
   9              		.eabi_attribute 30, 6
  10              		.eabi_attribute 34, 0
  11              		.eabi_attribute 18, 4
  12              		.code	16
  13              		.file	"main.c"
  14              		.text
  15              	.Ltext0:
  16              		.cfi_sections	.debug_frame
  17              		.comm	currentState,1,1
  18              		.bss
  19              		.align	2
  20              	result:
  21 0000 00000000 		.space	4
  22              		.section	.text.main,"ax",%progbits
  23              		.align	2
  24              		.global	main
  25              		.code	16
  26              		.thumb_func
  27              		.type	main, %function
  28              	main:
  29              	.LFB63:
  30              		.file 1 "main.c"
   1:main.c        **** #include "appGlobal.h"
   2:main.c        **** 
   3:main.c        **** int main()
   4:main.c        **** {
  31              		.loc 1 4 0
  32              		.cfi_startproc
  33 0000 80B5     		push	{r7, lr}
  34              		.cfi_def_cfa_offset 8
  35              		.cfi_offset 7, -8
  36              		.cfi_offset 14, -4
  37 0002 00AF     		add	r7, sp, #0
  38              		.cfi_def_cfa_register 7
   5:main.c        ****     SystemInit();
  39              		.loc 1 5 0
  40 0004 FFF7FEFF 		bl	SystemInit
   6:main.c        ****     currentState = TIME_SYNC;
  41              		.loc 1 6 0
  42 0008 294B     		ldr	r3, .L14
  43 000a 0022     		mov	r2, #0
  44 000c 1A70     		strb	r2, [r3]
  45              	.L13:
   7:main.c        **** 
   8:main.c        ****     for(;;)
   9:main.c        ****     {
  10:main.c        ****         switch (currentState)
  46              		.loc 1 10 0
  47 000e 284B     		ldr	r3, .L14
ARM GAS  C:\Users\Petro\AppData\Local\Temp\cckbIdOL.s 			page 2


  48 0010 1B78     		ldrb	r3, [r3]
  49 0012 012B     		cmp	r3, #1
  50 0014 16D0     		beq	.L3
  51 0016 02DC     		bgt	.L4
  52 0018 002B     		cmp	r3, #0
  53 001a 05D0     		beq	.L5
  54 001c 42E0     		b	.L2
  55              	.L4:
  56 001e 022B     		cmp	r3, #2
  57 0020 26D0     		beq	.L6
  58 0022 032B     		cmp	r3, #3
  59 0024 35D0     		beq	.L7
  60 0026 3DE0     		b	.L2
  61              	.L5:
  11:main.c        ****         {
  12:main.c        ****             case TIME_SYNC:
  13:main.c        ****             {
  14:main.c        ****                 result = TimeSynchronize();
  62              		.loc 1 14 0
  63 0028 FFF7FEFF 		bl	TimeSynchronize
  64 002c 021C     		mov	r2, r0
  65 002e 214B     		ldr	r3, .L14+4
  66 0030 1A60     		str	r2, [r3]
  15:main.c        ****                 if(result == TIME_SYNC_OK)
  67              		.loc 1 15 0
  68 0032 204B     		ldr	r3, .L14+4
  69 0034 1B68     		ldr	r3, [r3]
  70 0036 002B     		cmp	r3, #0
  71 0038 03D1     		bne	.L8
  16:main.c        ****                 {
  17:main.c        ****                     currentState = GET_FIN_STATUS;
  72              		.loc 1 17 0
  73 003a 1D4B     		ldr	r3, .L14
  74 003c 0122     		mov	r2, #1
  75 003e 1A70     		strb	r2, [r3]
  18:main.c        ****                 }
  19:main.c        ****                 break;
  76              		.loc 1 19 0
  77 0040 30E0     		b	.L2
  78              	.L8:
  79 0042 2FE0     		b	.L2
  80              	.L3:
  20:main.c        ****             }
  21:main.c        ****             case GET_FIN_STATUS:
  22:main.c        ****             {
  23:main.c        ****                 result = GetFinishStatus();
  81              		.loc 1 23 0
  82 0044 FFF7FEFF 		bl	GetFinishStatus
  83 0048 021C     		mov	r2, r0
  84 004a 1A4B     		ldr	r3, .L14+4
  85 004c 1A60     		str	r2, [r3]
  24:main.c        **** 
  25:main.c        ****                 if(result == NO_ERROR)
  86              		.loc 1 25 0
  87 004e 194B     		ldr	r3, .L14+4
  88 0050 1B68     		ldr	r3, [r3]
  89 0052 012B     		cmp	r3, #1
ARM GAS  C:\Users\Petro\AppData\Local\Temp\cckbIdOL.s 			page 3


  90 0054 03D1     		bne	.L9
  26:main.c        ****                 {
  27:main.c        ****                     currentState = CHECK_GATE;                   
  91              		.loc 1 27 0
  92 0056 164B     		ldr	r3, .L14
  93 0058 0222     		mov	r2, #2
  94 005a 1A70     		strb	r2, [r3]
  95 005c 07E0     		b	.L10
  96              	.L9:
  28:main.c        ****                 }
  29:main.c        ****                 else if(result == REBOOT)  
  97              		.loc 1 29 0
  98 005e 154B     		ldr	r3, .L14+4
  99 0060 1B68     		ldr	r3, [r3]
 100 0062 FF2B     		cmp	r3, #255
 101 0064 03D1     		bne	.L10
  30:main.c        ****                 {
  31:main.c        ****                     currentState = TIME_SYNC;
 102              		.loc 1 31 0
 103 0066 124B     		ldr	r3, .L14
 104 0068 0022     		mov	r2, #0
 105 006a 1A70     		strb	r2, [r3]
  32:main.c        ****                 }
  33:main.c        ****                 break;
 106              		.loc 1 33 0
 107 006c 1AE0     		b	.L2
 108              	.L10:
 109 006e 19E0     		b	.L2
 110              	.L6:
  34:main.c        ****             }
  35:main.c        ****             case CHECK_GATE:
  36:main.c        ****             {
  37:main.c        ****                 result = CheckGate();
 111              		.loc 1 37 0
 112 0070 FFF7FEFF 		bl	CheckGate
 113 0074 021C     		mov	r2, r0
 114 0076 0F4B     		ldr	r3, .L14+4
 115 0078 1A60     		str	r2, [r3]
  38:main.c        ****                 if(result == GATE_OPEN)
 116              		.loc 1 38 0
 117 007a 0E4B     		ldr	r3, .L14+4
 118 007c 1B68     		ldr	r3, [r3]
 119 007e 012B     		cmp	r3, #1
 120 0080 03D1     		bne	.L11
  39:main.c        ****                 {
  40:main.c        ****                     currentState = SAVE_RESULT;
 121              		.loc 1 40 0
 122 0082 0B4B     		ldr	r3, .L14
 123 0084 0322     		mov	r2, #3
 124 0086 1A70     		strb	r2, [r3]
  41:main.c        ****                 }
  42:main.c        ****                 else
  43:main.c        ****                 {
  44:main.c        ****                     currentState = GET_FIN_STATUS;
  45:main.c        ****                 }
  46:main.c        ****                 break;
 125              		.loc 1 46 0
ARM GAS  C:\Users\Petro\AppData\Local\Temp\cckbIdOL.s 			page 4


 126 0088 0CE0     		b	.L2
 127              	.L11:
  44:main.c        ****                 }
 128              		.loc 1 44 0
 129 008a 094B     		ldr	r3, .L14
 130 008c 0122     		mov	r2, #1
 131 008e 1A70     		strb	r2, [r3]
 132              		.loc 1 46 0
 133 0090 08E0     		b	.L2
 134              	.L7:
  47:main.c        ****             }
  48:main.c        ****             case SAVE_RESULT:
  49:main.c        ****             {
  50:main.c        ****                 result = SaveResult();
 135              		.loc 1 50 0
 136 0092 FFF7FEFF 		bl	SaveResult
 137 0096 021C     		mov	r2, r0
 138 0098 064B     		ldr	r3, .L14+4
 139 009a 1A60     		str	r2, [r3]
  51:main.c        ****                 currentState = GET_FIN_STATUS;
 140              		.loc 1 51 0
 141 009c 044B     		ldr	r3, .L14
 142 009e 0122     		mov	r2, #1
 143 00a0 1A70     		strb	r2, [r3]
  52:main.c        ****     
  53:main.c        ****                 break;
 144              		.loc 1 53 0
 145 00a2 C046     		mov	r8, r8
 146              	.L2:
  54:main.c        ****             }           
  55:main.c        ****         }
  56:main.c        ****         MyDelay(TIMEOUT_STATE);
 147              		.loc 1 56 0
 148 00a4 FA23     		mov	r3, #250
 149 00a6 5B00     		lsl	r3, r3, #1
 150 00a8 181C     		mov	r0, r3
 151 00aa FFF7FEFF 		bl	MyDelay
  57:main.c        ****     }
 152              		.loc 1 57 0
 153 00ae AEE7     		b	.L13
 154              	.L15:
 155              		.align	2
 156              	.L14:
 157 00b0 00000000 		.word	currentState
 158 00b4 00000000 		.word	result
 159              		.cfi_endproc
 160              	.LFE63:
 161              		.size	main, .-main
 162              		.section	.rodata
 163              		.align	2
 164              	.LC2:
 165 0000 53797374 		.ascii	"System init...\000"
 165      656D2069 
 165      6E69742E 
 165      2E2E00
 166              		.section	.text.SystemInit,"ax",%progbits
 167              		.align	2
ARM GAS  C:\Users\Petro\AppData\Local\Temp\cckbIdOL.s 			page 5


 168              		.global	SystemInit
 169              		.code	16
 170              		.thumb_func
 171              		.type	SystemInit, %function
 172              	SystemInit:
 173              	.LFB64:
  58:main.c        **** }
  59:main.c        **** 
  60:main.c        **** void  SystemInit(void)
  61:main.c        **** {   
 174              		.loc 1 61 0
 175              		.cfi_startproc
 176 0000 80B5     		push	{r7, lr}
 177              		.cfi_def_cfa_offset 8
 178              		.cfi_offset 7, -8
 179              		.cfi_offset 14, -4
 180 0002 00AF     		add	r7, sp, #0
 181              		.cfi_def_cfa_register 7
  62:main.c        ****     SetRebootFlag();
 182              		.loc 1 62 0
 183 0004 FFF7FEFF 		bl	SetRebootFlag
  63:main.c        ****     LedInit();
 184              		.loc 1 63 0
 185 0008 FFF7FEFF 		bl	LedInit
  64:main.c        ****     LedBlink(FREQ_INIT_BLINK);
 186              		.loc 1 64 0
 187 000c 0A20     		mov	r0, #10
 188 000e FFF7FEFF 		bl	LedBlink
  65:main.c        ****     
  66:main.c        ****     DisplayStart();
 189              		.loc 1 66 0
 190 0012 FFF7FEFF 		bl	DisplayStart
  67:main.c        ****     Display("System init...");
 191              		.loc 1 67 0
 192 0016 064B     		ldr	r3, .L17
 193 0018 181C     		mov	r0, r3
 194 001a FFF7FEFF 		bl	Display
  68:main.c        ****     
  69:main.c        ****     RTC_WDT_Init(); 
 195              		.loc 1 69 0
 196 001e FFF7FEFF 		bl	RTC_WDT_Init
  70:main.c        ****     InitNetwork();
 197              		.loc 1 70 0
 198 0022 FFF7FEFF 		bl	InitNetwork
  71:main.c        ****     GateInit();
 199              		.loc 1 71 0
 200 0026 FFF7FEFF 		bl	GateInit
  72:main.c        ****     
  73:main.c        ****     /* Enable global interrupts. */ 
  74:main.c        ****     CyGlobalIntEnable; 
 201              		.loc 1 74 0
 202              	@ 74 "main.c" 1
 203 002a 62B6     		CPSIE   i
 204              	@ 0 "" 2
  75:main.c        ****     
  76:main.c        **** }
 205              		.loc 1 76 0
ARM GAS  C:\Users\Petro\AppData\Local\Temp\cckbIdOL.s 			page 6


 206              		.code	16
 207 002c BD46     		mov	sp, r7
 208              		@ sp needed
 209 002e 80BD     		pop	{r7, pc}
 210              	.L18:
 211              		.align	2
 212              	.L17:
 213 0030 00000000 		.word	.LC2
 214              		.cfi_endproc
 215              	.LFE64:
 216              		.size	SystemInit, .-SystemInit
 217              		.section	.rodata
 218 000f 00       		.align	2
 219              	.LC4:
 220 0010 4E657477 		.ascii	"Network conn...\000"
 220      6F726B20 
 220      636F6E6E 
 220      2E2E2E00 
 221              		.align	2
 222              	.LC6:
 223 0020 53796E63 		.ascii	"Sync time...\000"
 223      2074696D 
 223      652E2E2E 
 223      00
 224 002d 000000   		.align	2
 225              	.LC8:
 226 0030 53796E63 		.ascii	"Sync ok\000"
 226      206F6B00 
 227              		.align	2
 228              	.LC10:
 229 0038 53796E63 		.ascii	"Sync time error\000"
 229      2074696D 
 229      65206572 
 229      726F7200 
 230              		.section	.text.TimeSynchronize,"ax",%progbits
 231              		.align	2
 232              		.global	TimeSynchronize
 233              		.code	16
 234              		.thumb_func
 235              		.type	TimeSynchronize, %function
 236              	TimeSynchronize:
 237              	.LFB65:
  77:main.c        **** 
  78:main.c        **** uint32_t TimeSynchronize(void)
  79:main.c        **** {
 238              		.loc 1 79 0
 239              		.cfi_startproc
 240 0000 80B5     		push	{r7, lr}
 241              		.cfi_def_cfa_offset 8
 242              		.cfi_offset 7, -8
 243              		.cfi_offset 14, -4
 244 0002 82B0     		sub	sp, sp, #8
 245              		.cfi_def_cfa_offset 16
 246 0004 00AF     		add	r7, sp, #0
 247              		.cfi_def_cfa_register 7
  80:main.c        ****     uint32_t result;
  81:main.c        ****     
ARM GAS  C:\Users\Petro\AppData\Local\Temp\cckbIdOL.s 			page 7


  82:main.c        ****     LedBlink(FREQ_INIT_BLINK);
 248              		.loc 1 82 0
 249 0006 0A20     		mov	r0, #10
 250 0008 FFF7FEFF 		bl	LedBlink
  83:main.c        ****     
  84:main.c        ****     /*network connect*/
  85:main.c        ****     if(NetworkStatus() == NETWORK_DISCONN)
 251              		.loc 1 85 0
 252 000c FFF7FEFF 		bl	NetworkStatus
 253 0010 031E     		sub	r3, r0, #0
 254 0012 09D1     		bne	.L20
  86:main.c        ****     {
  87:main.c        ****         Display("Network conn...");
 255              		.loc 1 87 0
 256 0014 184B     		ldr	r3, .L24
 257 0016 181C     		mov	r0, r3
 258 0018 FFF7FEFF 		bl	Display
  88:main.c        ****         MyDelay(TIMEOUT_STATE);
 259              		.loc 1 88 0
 260 001c FA23     		mov	r3, #250
 261 001e 5B00     		lsl	r3, r3, #1
 262 0020 181C     		mov	r0, r3
 263 0022 FFF7FEFF 		bl	MyDelay
 264 0026 22E0     		b	.L21
 265              	.L20:
  89:main.c        ****     }
  90:main.c        ****     else
  91:main.c        ****     {
  92:main.c        ****         /*time sync*/
  93:main.c        ****         Display("Sync time...");
 266              		.loc 1 93 0
 267 0028 144B     		ldr	r3, .L24+4
 268 002a 181C     		mov	r0, r3
 269 002c FFF7FEFF 		bl	Display
  94:main.c        ****         if(NTPsync() == TIME_SYNC_OK)
 270              		.loc 1 94 0
 271 0030 FFF7FEFF 		bl	NTPsync
 272 0034 031E     		sub	r3, r0, #0
 273 0036 0DD1     		bne	.L22
  95:main.c        ****         {
  96:main.c        ****             Display("Sync ok");
 274              		.loc 1 96 0
 275 0038 114B     		ldr	r3, .L24+8
 276 003a 181C     		mov	r0, r3
 277 003c FFF7FEFF 		bl	Display
  97:main.c        ****             ClearRebootFlag();
 278              		.loc 1 97 0
 279 0040 FFF7FEFF 		bl	ClearRebootFlag
  98:main.c        ****             MyDelay(4*TIMEOUT_USER_READ_INFO);
 280              		.loc 1 98 0
 281 0044 FA23     		mov	r3, #250
 282 0046 DB00     		lsl	r3, r3, #3
 283 0048 181C     		mov	r0, r3
 284 004a FFF7FEFF 		bl	MyDelay
  99:main.c        ****             
 100:main.c        ****             result = TIME_SYNC_OK;
 285              		.loc 1 100 0
ARM GAS  C:\Users\Petro\AppData\Local\Temp\cckbIdOL.s 			page 8


 286 004e 0023     		mov	r3, #0
 287 0050 7B60     		str	r3, [r7, #4]
 288 0052 0CE0     		b	.L21
 289              	.L22:
 101:main.c        ****         }
 102:main.c        ****         else
 103:main.c        ****         {
 104:main.c        ****             Display("Sync time error");
 290              		.loc 1 104 0
 291 0054 0B4B     		ldr	r3, .L24+12
 292 0056 181C     		mov	r0, r3
 293 0058 FFF7FEFF 		bl	Display
 105:main.c        ****             SetRebootFlag();
 294              		.loc 1 105 0
 295 005c FFF7FEFF 		bl	SetRebootFlag
 106:main.c        ****             MyDelay(4*TIMEOUT_USER_READ_INFO);
 296              		.loc 1 106 0
 297 0060 FA23     		mov	r3, #250
 298 0062 DB00     		lsl	r3, r3, #3
 299 0064 181C     		mov	r0, r3
 300 0066 FFF7FEFF 		bl	MyDelay
 107:main.c        ****       
 108:main.c        ****             result = TIME_SYNC_ERR;
 301              		.loc 1 108 0
 302 006a 0123     		mov	r3, #1
 303 006c 7B60     		str	r3, [r7, #4]
 304              	.L21:
 109:main.c        ****         }
 110:main.c        ****     }
 111:main.c        ****     
 112:main.c        ****     return result;
 305              		.loc 1 112 0
 306 006e 7B68     		ldr	r3, [r7, #4]
 113:main.c        **** }
 307              		.loc 1 113 0
 308 0070 181C     		mov	r0, r3
 309 0072 BD46     		mov	sp, r7
 310 0074 02B0     		add	sp, sp, #8
 311              		@ sp needed
 312 0076 80BD     		pop	{r7, pc}
 313              	.L25:
 314              		.align	2
 315              	.L24:
 316 0078 10000000 		.word	.LC4
 317 007c 20000000 		.word	.LC6
 318 0080 30000000 		.word	.LC8
 319 0084 38000000 		.word	.LC10
 320              		.cfi_endproc
 321              	.LFE65:
 322              		.size	TimeSynchronize, .-TimeSynchronize
 323              		.section	.rodata
 324              		.align	2
 325              	.LC12:
 326 0048 46696E20 		.ascii	"Fin no ready\000"
 326      6E6F2072 
 326      65616479 
 326      00
ARM GAS  C:\Users\Petro\AppData\Local\Temp\cckbIdOL.s 			page 9


 327              		.section	.text.GetFinishStatus,"ax",%progbits
 328              		.align	2
 329              		.global	GetFinishStatus
 330              		.code	16
 331              		.thumb_func
 332              		.type	GetFinishStatus, %function
 333              	GetFinishStatus:
 334              	.LFB66:
 114:main.c        **** 
 115:main.c        **** uint32_t GetFinishStatus(void)
 116:main.c        **** {
 335              		.loc 1 116 0
 336              		.cfi_startproc
 337 0000 80B5     		push	{r7, lr}
 338              		.cfi_def_cfa_offset 8
 339              		.cfi_offset 7, -8
 340              		.cfi_offset 14, -4
 341 0002 82B0     		sub	sp, sp, #8
 342              		.cfi_def_cfa_offset 16
 343 0004 00AF     		add	r7, sp, #0
 344              		.cfi_def_cfa_register 7
 117:main.c        ****     uint32_t result;
 118:main.c        ****     
 119:main.c        ****     if (NetworkStatus() == NETWORK_DISCONN || FinWriteInDB() == NO_WRITE || FinReady() == NO_READY)
 345              		.loc 1 119 0
 346 0006 FFF7FEFF 		bl	NetworkStatus
 347 000a 031E     		sub	r3, r0, #0
 348 000c 07D0     		beq	.L27
 349              		.loc 1 119 0 is_stmt 0 discriminator 1
 350 000e FFF7FEFF 		bl	FinWriteInDB
 351 0012 031E     		sub	r3, r0, #0
 352 0014 03D0     		beq	.L27
 353              		.loc 1 119 0 discriminator 2
 354 0016 FFF7FEFF 		bl	FinReady
 355 001a 031E     		sub	r3, r0, #0
 356 001c 10D1     		bne	.L28
 357              	.L27:
 120:main.c        ****     {
 121:main.c        ****         LedBlink(FREQ_ERR_BLINK);
 358              		.loc 1 121 0 is_stmt 1
 359 001e 0320     		mov	r0, #3
 360 0020 FFF7FEFF 		bl	LedBlink
 122:main.c        ****         result = ERROR;
 361              		.loc 1 122 0
 362 0024 0023     		mov	r3, #0
 363 0026 7B60     		str	r3, [r7, #4]
 123:main.c        ****         Display("Fin no ready");
 364              		.loc 1 123 0
 365 0028 0C4B     		ldr	r3, .L32
 366 002a 181C     		mov	r0, r3
 367 002c FFF7FEFF 		bl	Display
 124:main.c        ****         DisAllowNextSkier();
 368              		.loc 1 124 0
 369 0030 FFF7FEFF 		bl	DisAllowNextSkier
 125:main.c        ****         MyDelay(TIMEOUT_USER_READ_INFO);
 370              		.loc 1 125 0
 371 0034 FA23     		mov	r3, #250
ARM GAS  C:\Users\Petro\AppData\Local\Temp\cckbIdOL.s 			page 10


 372 0036 5B00     		lsl	r3, r3, #1
 373 0038 181C     		mov	r0, r3
 374 003a FFF7FEFF 		bl	MyDelay
 375 003e 01E0     		b	.L29
 376              	.L28:
 126:main.c        ****     }
 127:main.c        ****     else
 128:main.c        ****     {
 129:main.c        ****         result = NO_ERROR;
 377              		.loc 1 129 0
 378 0040 0123     		mov	r3, #1
 379 0042 7B60     		str	r3, [r7, #4]
 380              	.L29:
 130:main.c        ****     }
 131:main.c        ****     
 132:main.c        ****     if(IsRebootFinishFlag() == REBOOT)
 381              		.loc 1 132 0
 382 0044 FFF7FEFF 		bl	IsRebootFinishFlag
 383 0048 031E     		sub	r3, r0, #0
 384 004a FF2B     		cmp	r3, #255
 385 004c 01D1     		bne	.L30
 133:main.c        ****     {
 134:main.c        ****         result = REBOOT;    
 386              		.loc 1 134 0
 387 004e FF23     		mov	r3, #255
 388 0050 7B60     		str	r3, [r7, #4]
 389              	.L30:
 135:main.c        ****     }
 136:main.c        **** 
 137:main.c        ****           
 138:main.c        ****     return result;
 390              		.loc 1 138 0
 391 0052 7B68     		ldr	r3, [r7, #4]
 139:main.c        ****     
 140:main.c        **** }
 392              		.loc 1 140 0
 393 0054 181C     		mov	r0, r3
 394 0056 BD46     		mov	sp, r7
 395 0058 02B0     		add	sp, sp, #8
 396              		@ sp needed
 397 005a 80BD     		pop	{r7, pc}
 398              	.L33:
 399              		.align	2
 400              	.L32:
 401 005c 48000000 		.word	.LC12
 402              		.cfi_endproc
 403              	.LFE66:
 404              		.size	GetFinishStatus, .-GetFinishStatus
 405              		.section	.rodata
 406 0055 000000   		.align	2
 407              	.LC14:
 408 0058 536B6965 		.ascii	"Skier Started\000"
 408      72205374 
 408      61727465 
 408      6400
 409 0066 0000     		.align	2
 410              	.LC16:
ARM GAS  C:\Users\Petro\AppData\Local\Temp\cckbIdOL.s 			page 11


 411 0068 53746172 		.ascii	"Start ready\000"
 411      74207265 
 411      61647900 
 412              		.section	.text.CheckGate,"ax",%progbits
 413              		.align	2
 414              		.global	CheckGate
 415              		.code	16
 416              		.thumb_func
 417              		.type	CheckGate, %function
 418              	CheckGate:
 419              	.LFB67:
 141:main.c        **** 
 142:main.c        **** uint32_t CheckGate(void)
 143:main.c        **** {
 420              		.loc 1 143 0
 421              		.cfi_startproc
 422 0000 80B5     		push	{r7, lr}
 423              		.cfi_def_cfa_offset 8
 424              		.cfi_offset 7, -8
 425              		.cfi_offset 14, -4
 426 0002 82B0     		sub	sp, sp, #8
 427              		.cfi_def_cfa_offset 16
 428 0004 00AF     		add	r7, sp, #0
 429              		.cfi_def_cfa_register 7
 144:main.c        ****     uint32_t result;
 145:main.c        ****     
 146:main.c        ****     result = GateIsOpen();
 430              		.loc 1 146 0
 431 0006 FFF7FEFF 		bl	GateIsOpen
 432 000a 031C     		mov	r3, r0
 433 000c 7B60     		str	r3, [r7, #4]
 147:main.c        ****     
 148:main.c        ****     if(result == GATE_OPEN)
 434              		.loc 1 148 0
 435 000e 7B68     		ldr	r3, [r7, #4]
 436 0010 012B     		cmp	r3, #1
 437 0012 0CD1     		bne	.L35
 149:main.c        ****     {
 150:main.c        ****         Display("Skier Started");
 438              		.loc 1 150 0
 439 0014 0D4B     		ldr	r3, .L38
 440 0016 181C     		mov	r0, r3
 441 0018 FFF7FEFF 		bl	Display
 151:main.c        ****         LedBlink(FREQ_INIT_BLINK);
 442              		.loc 1 151 0
 443 001c 0A20     		mov	r0, #10
 444 001e FFF7FEFF 		bl	LedBlink
 152:main.c        ****         MyDelay(TIMEOUT_USER_READ_INFO);
 445              		.loc 1 152 0
 446 0022 FA23     		mov	r3, #250
 447 0024 5B00     		lsl	r3, r3, #1
 448 0026 181C     		mov	r0, r3
 449 0028 FFF7FEFF 		bl	MyDelay
 450 002c 08E0     		b	.L36
 451              	.L35:
 153:main.c        **** 
 154:main.c        ****     }
ARM GAS  C:\Users\Petro\AppData\Local\Temp\cckbIdOL.s 			page 12


 155:main.c        ****     else
 156:main.c        ****     {
 157:main.c        ****         Display("Start ready");
 452              		.loc 1 157 0
 453 002e 084B     		ldr	r3, .L38+4
 454 0030 181C     		mov	r0, r3
 455 0032 FFF7FEFF 		bl	Display
 158:main.c        ****         SetLedState(LED_ENABLE);
 456              		.loc 1 158 0
 457 0036 0120     		mov	r0, #1
 458 0038 FFF7FEFF 		bl	SetLedState
 159:main.c        ****         AllowNextSkier();
 459              		.loc 1 159 0
 460 003c FFF7FEFF 		bl	AllowNextSkier
 461              	.L36:
 160:main.c        **** 
 161:main.c        ****     }
 162:main.c        ****     return result;
 462              		.loc 1 162 0
 463 0040 7B68     		ldr	r3, [r7, #4]
 163:main.c        ****     
 164:main.c        **** }
 464              		.loc 1 164 0
 465 0042 181C     		mov	r0, r3
 466 0044 BD46     		mov	sp, r7
 467 0046 02B0     		add	sp, sp, #8
 468              		@ sp needed
 469 0048 80BD     		pop	{r7, pc}
 470              	.L39:
 471 004a C046     		.align	2
 472              	.L38:
 473 004c 58000000 		.word	.LC14
 474 0050 68000000 		.word	.LC16
 475              		.cfi_endproc
 476              	.LFE67:
 477              		.size	CheckGate, .-CheckGate
 478              		.section	.rodata
 479              		.align	2
 480              	.LC18:
 481 0074 53617665 		.ascii	"Save result\000"
 481      20726573 
 481      756C7400 
 482              		.align	2
 483              	.LC20:
 484 0080 57616974 		.ascii	"Wait next skier\000"
 484      206E6578 
 484      7420736B 
 484      69657200 
 485              		.section	.text.SaveResult,"ax",%progbits
 486              		.align	2
 487              		.global	SaveResult
 488              		.code	16
 489              		.thumb_func
 490              		.type	SaveResult, %function
 491              	SaveResult:
 492              	.LFB68:
 165:main.c        **** 
ARM GAS  C:\Users\Petro\AppData\Local\Temp\cckbIdOL.s 			page 13


 166:main.c        **** uint32_t SaveResult(void)
 167:main.c        **** {
 493              		.loc 1 167 0
 494              		.cfi_startproc
 495 0000 90B5     		push	{r4, r7, lr}
 496              		.cfi_def_cfa_offset 12
 497              		.cfi_offset 4, -12
 498              		.cfi_offset 7, -8
 499              		.cfi_offset 14, -4
 500 0002 87B0     		sub	sp, sp, #28
 501              		.cfi_def_cfa_offset 40
 502 0004 00AF     		add	r7, sp, #0
 503              		.cfi_def_cfa_register 7
 168:main.c        ****     uint32_t result;
 169:main.c        ****     uint64_t startUnixTime;
 170:main.c        ****     uint32_t startRecentMs;
 171:main.c        ****     
 172:main.c        ****     LedBlink(FREQ_INIT_BLINK);
 504              		.loc 1 172 0
 505 0006 0A20     		mov	r0, #10
 506 0008 FFF7FEFF 		bl	LedBlink
 173:main.c        ****     Display("Save result");
 507              		.loc 1 173 0
 508 000c 134B     		ldr	r3, .L42
 509 000e 181C     		mov	r0, r3
 510 0010 FFF7FEFF 		bl	Display
 174:main.c        ****     MyDelay(TIMEOUT_USER_READ_INFO);
 511              		.loc 1 174 0
 512 0014 FA23     		mov	r3, #250
 513 0016 5B00     		lsl	r3, r3, #1
 514 0018 181C     		mov	r0, r3
 515 001a FFF7FEFF 		bl	MyDelay
 175:main.c        ****     
 176:main.c        ****     GetStartTime(&startUnixTime, &startRecentMs);
 516              		.loc 1 176 0
 517 001e 0823     		mov	r3, #8
 518 0020 FA18     		add	r2, r7, r3
 519 0022 3B1D     		add	r3, r7, #4
 520 0024 101C     		mov	r0, r2
 521 0026 191C     		mov	r1, r3
 522 0028 FFF7FEFF 		bl	GetStartTime
 177:main.c        ****     SendSkierStart(startUnixTime, startRecentMs);
 523              		.loc 1 177 0
 524 002c BB68     		ldr	r3, [r7, #8]
 525 002e FC68     		ldr	r4, [r7, #12]
 526 0030 7A68     		ldr	r2, [r7, #4]
 527 0032 181C     		mov	r0, r3
 528 0034 211C     		mov	r1, r4
 529 0036 FFF7FEFF 		bl	SendSkierStart
 178:main.c        ****     
 179:main.c        ****     Display("Wait next skier");
 530              		.loc 1 179 0
 531 003a 094B     		ldr	r3, .L42+4
 532 003c 181C     		mov	r0, r3
 533 003e FFF7FEFF 		bl	Display
 180:main.c        ****     MyDelay(TIMEOUT_NEXT_SKIER);
 534              		.loc 1 180 0
ARM GAS  C:\Users\Petro\AppData\Local\Temp\cckbIdOL.s 			page 14


 535 0042 FA23     		mov	r3, #250
 536 0044 DB00     		lsl	r3, r3, #3
 537 0046 181C     		mov	r0, r3
 538 0048 FFF7FEFF 		bl	MyDelay
 181:main.c        ****     
 182:main.c        ****     result = NO_ERROR;
 539              		.loc 1 182 0
 540 004c 0123     		mov	r3, #1
 541 004e 7B61     		str	r3, [r7, #20]
 183:main.c        ****     
 184:main.c        ****     return result;
 542              		.loc 1 184 0
 543 0050 7B69     		ldr	r3, [r7, #20]
 185:main.c        ****     
 186:main.c        **** }
 544              		.loc 1 186 0
 545 0052 181C     		mov	r0, r3
 546 0054 BD46     		mov	sp, r7
 547 0056 07B0     		add	sp, sp, #28
 548              		@ sp needed
 549 0058 90BD     		pop	{r4, r7, pc}
 550              	.L43:
 551 005a C046     		.align	2
 552              	.L42:
 553 005c 74000000 		.word	.LC18
 554 0060 80000000 		.word	.LC20
 555              		.cfi_endproc
 556              	.LFE68:
 557              		.size	SaveResult, .-SaveResult
 558              		.text
 559              	.Letext0:
 560              		.file 2 "c:\\program files (x86)\\cypress\\psoc creator\\4.0\\psoc creator\\import\\gnu\\arm\\4.9.
 561              		.file 3 "c:\\program files (x86)\\cypress\\psoc creator\\4.0\\psoc creator\\import\\gnu\\arm\\4.9.
 562              		.file 4 "appGlobal.h"
 563              		.section	.debug_info,"",%progbits
 564              	.Ldebug_info0:
 565 0000 E0010000 		.4byte	0x1e0
 566 0004 0400     		.2byte	0x4
 567 0006 00000000 		.4byte	.Ldebug_abbrev0
 568 000a 04       		.byte	0x4
 569 000b 01       		.uleb128 0x1
 570 000c 9F000000 		.4byte	.LASF31
 571 0010 01       		.byte	0x1
 572 0011 C0010000 		.4byte	.LASF32
 573 0015 CC010000 		.4byte	.LASF33
 574 0019 00000000 		.4byte	.Ldebug_ranges0+0
 575 001d 00000000 		.4byte	0
 576 0021 00000000 		.4byte	.Ldebug_line0
 577 0025 02       		.uleb128 0x2
 578 0026 01       		.byte	0x1
 579 0027 06       		.byte	0x6
 580 0028 53020000 		.4byte	.LASF0
 581 002c 02       		.uleb128 0x2
 582 002d 01       		.byte	0x1
 583 002e 08       		.byte	0x8
 584 002f 45000000 		.4byte	.LASF1
 585 0033 02       		.uleb128 0x2
ARM GAS  C:\Users\Petro\AppData\Local\Temp\cckbIdOL.s 			page 15


 586 0034 02       		.byte	0x2
 587 0035 05       		.byte	0x5
 588 0036 2C020000 		.4byte	.LASF2
 589 003a 02       		.uleb128 0x2
 590 003b 02       		.byte	0x2
 591 003c 07       		.byte	0x7
 592 003d 65000000 		.4byte	.LASF3
 593 0041 02       		.uleb128 0x2
 594 0042 04       		.byte	0x4
 595 0043 05       		.byte	0x5
 596 0044 4A020000 		.4byte	.LASF4
 597 0048 03       		.uleb128 0x3
 598 0049 94000000 		.4byte	.LASF7
 599 004d 02       		.byte	0x2
 600 004e 41       		.byte	0x41
 601 004f 53000000 		.4byte	0x53
 602 0053 02       		.uleb128 0x2
 603 0054 04       		.byte	0x4
 604 0055 07       		.byte	0x7
 605 0056 53000000 		.4byte	.LASF5
 606 005a 02       		.uleb128 0x2
 607 005b 08       		.byte	0x8
 608 005c 05       		.byte	0x5
 609 005d B2010000 		.4byte	.LASF6
 610 0061 03       		.uleb128 0x3
 611 0062 36020000 		.4byte	.LASF8
 612 0066 02       		.byte	0x2
 613 0067 5B       		.byte	0x5b
 614 0068 6C000000 		.4byte	0x6c
 615 006c 02       		.uleb128 0x2
 616 006d 08       		.byte	0x8
 617 006e 07       		.byte	0x7
 618 006f 67010000 		.4byte	.LASF9
 619 0073 04       		.uleb128 0x4
 620 0074 04       		.byte	0x4
 621 0075 05       		.byte	0x5
 622 0076 696E7400 		.ascii	"int\000"
 623 007a 02       		.uleb128 0x2
 624 007b 04       		.byte	0x4
 625 007c 07       		.byte	0x7
 626 007d 5A010000 		.4byte	.LASF10
 627 0081 03       		.uleb128 0x3
 628 0082 41020000 		.4byte	.LASF11
 629 0086 03       		.byte	0x3
 630 0087 2D       		.byte	0x2d
 631 0088 48000000 		.4byte	0x48
 632 008c 03       		.uleb128 0x3
 633 008d 36000000 		.4byte	.LASF12
 634 0091 03       		.byte	0x3
 635 0092 39       		.byte	0x39
 636 0093 61000000 		.4byte	0x61
 637 0097 02       		.uleb128 0x2
 638 0098 04       		.byte	0x4
 639 0099 04       		.byte	0x4
 640 009a 3F000000 		.4byte	.LASF13
 641 009e 02       		.uleb128 0x2
 642 009f 08       		.byte	0x8
ARM GAS  C:\Users\Petro\AppData\Local\Temp\cckbIdOL.s 			page 16


 643 00a0 04       		.byte	0x4
 644 00a1 83000000 		.4byte	.LASF14
 645 00a5 02       		.uleb128 0x2
 646 00a6 01       		.byte	0x1
 647 00a7 08       		.byte	0x8
 648 00a8 C7010000 		.4byte	.LASF15
 649 00ac 02       		.uleb128 0x2
 650 00ad 04       		.byte	0x4
 651 00ae 07       		.byte	0x7
 652 00af A9010000 		.4byte	.LASF16
 653 00b3 05       		.uleb128 0x5
 654 00b4 01       		.byte	0x1
 655 00b5 04       		.byte	0x4
 656 00b6 12       		.byte	0x12
 657 00b7 D4000000 		.4byte	0xd4
 658 00bb 06       		.uleb128 0x6
 659 00bc 8A000000 		.4byte	.LASF17
 660 00c0 00       		.sleb128 0
 661 00c1 06       		.uleb128 0x6
 662 00c2 00000000 		.4byte	.LASF18
 663 00c6 01       		.sleb128 1
 664 00c7 06       		.uleb128 0x6
 665 00c8 78000000 		.4byte	.LASF19
 666 00cc 02       		.sleb128 2
 667 00cd 06       		.uleb128 0x6
 668 00ce 5F020000 		.4byte	.LASF20
 669 00d2 03       		.sleb128 3
 670 00d3 00       		.byte	0
 671 00d4 03       		.uleb128 0x3
 672 00d5 2D010000 		.4byte	.LASF21
 673 00d9 04       		.byte	0x4
 674 00da 12       		.byte	0x12
 675 00db B3000000 		.4byte	0xb3
 676 00df 07       		.uleb128 0x7
 677 00e0 55010000 		.4byte	.LASF22
 678 00e4 01       		.byte	0x1
 679 00e5 03       		.byte	0x3
 680 00e6 73000000 		.4byte	0x73
 681 00ea 00000000 		.4byte	.LFB63
 682 00ee B8000000 		.4byte	.LFE63-.LFB63
 683 00f2 01       		.uleb128 0x1
 684 00f3 9C       		.byte	0x9c
 685 00f4 08       		.uleb128 0x8
 686 00f5 90010000 		.4byte	.LASF23
 687 00f9 01       		.byte	0x1
 688 00fa 3C       		.byte	0x3c
 689 00fb 00000000 		.4byte	.LFB64
 690 00ff 34000000 		.4byte	.LFE64-.LFB64
 691 0103 01       		.uleb128 0x1
 692 0104 9C       		.byte	0x9c
 693 0105 09       		.uleb128 0x9
 694 0106 45010000 		.4byte	.LASF24
 695 010a 01       		.byte	0x1
 696 010b 4E       		.byte	0x4e
 697 010c 81000000 		.4byte	0x81
 698 0110 00000000 		.4byte	.LFB65
 699 0114 88000000 		.4byte	.LFE65-.LFB65
ARM GAS  C:\Users\Petro\AppData\Local\Temp\cckbIdOL.s 			page 17


 700 0118 01       		.uleb128 0x1
 701 0119 9C       		.byte	0x9c
 702 011a 2D010000 		.4byte	0x12d
 703 011e 0A       		.uleb128 0xa
 704 011f 89010000 		.4byte	.LASF26
 705 0123 01       		.byte	0x1
 706 0124 50       		.byte	0x50
 707 0125 81000000 		.4byte	0x81
 708 0129 02       		.uleb128 0x2
 709 012a 91       		.byte	0x91
 710 012b 74       		.sleb128 -12
 711 012c 00       		.byte	0
 712 012d 09       		.uleb128 0x9
 713 012e 1C000000 		.4byte	.LASF25
 714 0132 01       		.byte	0x1
 715 0133 73       		.byte	0x73
 716 0134 81000000 		.4byte	0x81
 717 0138 00000000 		.4byte	.LFB66
 718 013c 60000000 		.4byte	.LFE66-.LFB66
 719 0140 01       		.uleb128 0x1
 720 0141 9C       		.byte	0x9c
 721 0142 55010000 		.4byte	0x155
 722 0146 0A       		.uleb128 0xa
 723 0147 89010000 		.4byte	.LASF26
 724 014b 01       		.byte	0x1
 725 014c 75       		.byte	0x75
 726 014d 81000000 		.4byte	0x81
 727 0151 02       		.uleb128 0x2
 728 0152 91       		.byte	0x91
 729 0153 74       		.sleb128 -12
 730 0154 00       		.byte	0
 731 0155 09       		.uleb128 0x9
 732 0156 2C000000 		.4byte	.LASF27
 733 015a 01       		.byte	0x1
 734 015b 8E       		.byte	0x8e
 735 015c 81000000 		.4byte	0x81
 736 0160 00000000 		.4byte	.LFB67
 737 0164 54000000 		.4byte	.LFE67-.LFB67
 738 0168 01       		.uleb128 0x1
 739 0169 9C       		.byte	0x9c
 740 016a 7D010000 		.4byte	0x17d
 741 016e 0A       		.uleb128 0xa
 742 016f 89010000 		.4byte	.LASF26
 743 0173 01       		.byte	0x1
 744 0174 90       		.byte	0x90
 745 0175 81000000 		.4byte	0x81
 746 0179 02       		.uleb128 0x2
 747 017a 91       		.byte	0x91
 748 017b 74       		.sleb128 -12
 749 017c 00       		.byte	0
 750 017d 09       		.uleb128 0x9
 751 017e 7E010000 		.4byte	.LASF28
 752 0182 01       		.byte	0x1
 753 0183 A6       		.byte	0xa6
 754 0184 81000000 		.4byte	0x81
 755 0188 00000000 		.4byte	.LFB68
 756 018c 64000000 		.4byte	.LFE68-.LFB68
ARM GAS  C:\Users\Petro\AppData\Local\Temp\cckbIdOL.s 			page 18


 757 0190 01       		.uleb128 0x1
 758 0191 9C       		.byte	0x9c
 759 0192 C1010000 		.4byte	0x1c1
 760 0196 0A       		.uleb128 0xa
 761 0197 89010000 		.4byte	.LASF26
 762 019b 01       		.byte	0x1
 763 019c A8       		.byte	0xa8
 764 019d 81000000 		.4byte	0x81
 765 01a1 02       		.uleb128 0x2
 766 01a2 91       		.byte	0x91
 767 01a3 6C       		.sleb128 -20
 768 01a4 0A       		.uleb128 0xa
 769 01a5 9B010000 		.4byte	.LASF29
 770 01a9 01       		.byte	0x1
 771 01aa A9       		.byte	0xa9
 772 01ab 8C000000 		.4byte	0x8c
 773 01af 02       		.uleb128 0x2
 774 01b0 91       		.byte	0x91
 775 01b1 60       		.sleb128 -32
 776 01b2 0A       		.uleb128 0xa
 777 01b3 37010000 		.4byte	.LASF30
 778 01b7 01       		.byte	0x1
 779 01b8 AA       		.byte	0xaa
 780 01b9 81000000 		.4byte	0x81
 781 01bd 02       		.uleb128 0x2
 782 01be 91       		.byte	0x91
 783 01bf 5C       		.sleb128 -36
 784 01c0 00       		.byte	0
 785 01c1 0A       		.uleb128 0xa
 786 01c2 89010000 		.4byte	.LASF26
 787 01c6 04       		.byte	0x4
 788 01c7 15       		.byte	0x15
 789 01c8 81000000 		.4byte	0x81
 790 01cc 05       		.uleb128 0x5
 791 01cd 03       		.byte	0x3
 792 01ce 00000000 		.4byte	result
 793 01d2 0B       		.uleb128 0xb
 794 01d3 0F000000 		.4byte	.LASF34
 795 01d7 04       		.byte	0x4
 796 01d8 13       		.byte	0x13
 797 01d9 D4000000 		.4byte	0xd4
 798 01dd 05       		.uleb128 0x5
 799 01de 03       		.byte	0x3
 800 01df 00000000 		.4byte	currentState
 801 01e3 00       		.byte	0
 802              		.section	.debug_abbrev,"",%progbits
 803              	.Ldebug_abbrev0:
 804 0000 01       		.uleb128 0x1
 805 0001 11       		.uleb128 0x11
 806 0002 01       		.byte	0x1
 807 0003 25       		.uleb128 0x25
 808 0004 0E       		.uleb128 0xe
 809 0005 13       		.uleb128 0x13
 810 0006 0B       		.uleb128 0xb
 811 0007 03       		.uleb128 0x3
 812 0008 0E       		.uleb128 0xe
 813 0009 1B       		.uleb128 0x1b
ARM GAS  C:\Users\Petro\AppData\Local\Temp\cckbIdOL.s 			page 19


 814 000a 0E       		.uleb128 0xe
 815 000b 55       		.uleb128 0x55
 816 000c 17       		.uleb128 0x17
 817 000d 11       		.uleb128 0x11
 818 000e 01       		.uleb128 0x1
 819 000f 10       		.uleb128 0x10
 820 0010 17       		.uleb128 0x17
 821 0011 00       		.byte	0
 822 0012 00       		.byte	0
 823 0013 02       		.uleb128 0x2
 824 0014 24       		.uleb128 0x24
 825 0015 00       		.byte	0
 826 0016 0B       		.uleb128 0xb
 827 0017 0B       		.uleb128 0xb
 828 0018 3E       		.uleb128 0x3e
 829 0019 0B       		.uleb128 0xb
 830 001a 03       		.uleb128 0x3
 831 001b 0E       		.uleb128 0xe
 832 001c 00       		.byte	0
 833 001d 00       		.byte	0
 834 001e 03       		.uleb128 0x3
 835 001f 16       		.uleb128 0x16
 836 0020 00       		.byte	0
 837 0021 03       		.uleb128 0x3
 838 0022 0E       		.uleb128 0xe
 839 0023 3A       		.uleb128 0x3a
 840 0024 0B       		.uleb128 0xb
 841 0025 3B       		.uleb128 0x3b
 842 0026 0B       		.uleb128 0xb
 843 0027 49       		.uleb128 0x49
 844 0028 13       		.uleb128 0x13
 845 0029 00       		.byte	0
 846 002a 00       		.byte	0
 847 002b 04       		.uleb128 0x4
 848 002c 24       		.uleb128 0x24
 849 002d 00       		.byte	0
 850 002e 0B       		.uleb128 0xb
 851 002f 0B       		.uleb128 0xb
 852 0030 3E       		.uleb128 0x3e
 853 0031 0B       		.uleb128 0xb
 854 0032 03       		.uleb128 0x3
 855 0033 08       		.uleb128 0x8
 856 0034 00       		.byte	0
 857 0035 00       		.byte	0
 858 0036 05       		.uleb128 0x5
 859 0037 04       		.uleb128 0x4
 860 0038 01       		.byte	0x1
 861 0039 0B       		.uleb128 0xb
 862 003a 0B       		.uleb128 0xb
 863 003b 3A       		.uleb128 0x3a
 864 003c 0B       		.uleb128 0xb
 865 003d 3B       		.uleb128 0x3b
 866 003e 0B       		.uleb128 0xb
 867 003f 01       		.uleb128 0x1
 868 0040 13       		.uleb128 0x13
 869 0041 00       		.byte	0
 870 0042 00       		.byte	0
ARM GAS  C:\Users\Petro\AppData\Local\Temp\cckbIdOL.s 			page 20


 871 0043 06       		.uleb128 0x6
 872 0044 28       		.uleb128 0x28
 873 0045 00       		.byte	0
 874 0046 03       		.uleb128 0x3
 875 0047 0E       		.uleb128 0xe
 876 0048 1C       		.uleb128 0x1c
 877 0049 0D       		.uleb128 0xd
 878 004a 00       		.byte	0
 879 004b 00       		.byte	0
 880 004c 07       		.uleb128 0x7
 881 004d 2E       		.uleb128 0x2e
 882 004e 00       		.byte	0
 883 004f 3F       		.uleb128 0x3f
 884 0050 19       		.uleb128 0x19
 885 0051 03       		.uleb128 0x3
 886 0052 0E       		.uleb128 0xe
 887 0053 3A       		.uleb128 0x3a
 888 0054 0B       		.uleb128 0xb
 889 0055 3B       		.uleb128 0x3b
 890 0056 0B       		.uleb128 0xb
 891 0057 49       		.uleb128 0x49
 892 0058 13       		.uleb128 0x13
 893 0059 11       		.uleb128 0x11
 894 005a 01       		.uleb128 0x1
 895 005b 12       		.uleb128 0x12
 896 005c 06       		.uleb128 0x6
 897 005d 40       		.uleb128 0x40
 898 005e 18       		.uleb128 0x18
 899 005f 9642     		.uleb128 0x2116
 900 0061 19       		.uleb128 0x19
 901 0062 00       		.byte	0
 902 0063 00       		.byte	0
 903 0064 08       		.uleb128 0x8
 904 0065 2E       		.uleb128 0x2e
 905 0066 00       		.byte	0
 906 0067 3F       		.uleb128 0x3f
 907 0068 19       		.uleb128 0x19
 908 0069 03       		.uleb128 0x3
 909 006a 0E       		.uleb128 0xe
 910 006b 3A       		.uleb128 0x3a
 911 006c 0B       		.uleb128 0xb
 912 006d 3B       		.uleb128 0x3b
 913 006e 0B       		.uleb128 0xb
 914 006f 27       		.uleb128 0x27
 915 0070 19       		.uleb128 0x19
 916 0071 11       		.uleb128 0x11
 917 0072 01       		.uleb128 0x1
 918 0073 12       		.uleb128 0x12
 919 0074 06       		.uleb128 0x6
 920 0075 40       		.uleb128 0x40
 921 0076 18       		.uleb128 0x18
 922 0077 9642     		.uleb128 0x2116
 923 0079 19       		.uleb128 0x19
 924 007a 00       		.byte	0
 925 007b 00       		.byte	0
 926 007c 09       		.uleb128 0x9
 927 007d 2E       		.uleb128 0x2e
ARM GAS  C:\Users\Petro\AppData\Local\Temp\cckbIdOL.s 			page 21


 928 007e 01       		.byte	0x1
 929 007f 3F       		.uleb128 0x3f
 930 0080 19       		.uleb128 0x19
 931 0081 03       		.uleb128 0x3
 932 0082 0E       		.uleb128 0xe
 933 0083 3A       		.uleb128 0x3a
 934 0084 0B       		.uleb128 0xb
 935 0085 3B       		.uleb128 0x3b
 936 0086 0B       		.uleb128 0xb
 937 0087 27       		.uleb128 0x27
 938 0088 19       		.uleb128 0x19
 939 0089 49       		.uleb128 0x49
 940 008a 13       		.uleb128 0x13
 941 008b 11       		.uleb128 0x11
 942 008c 01       		.uleb128 0x1
 943 008d 12       		.uleb128 0x12
 944 008e 06       		.uleb128 0x6
 945 008f 40       		.uleb128 0x40
 946 0090 18       		.uleb128 0x18
 947 0091 9642     		.uleb128 0x2116
 948 0093 19       		.uleb128 0x19
 949 0094 01       		.uleb128 0x1
 950 0095 13       		.uleb128 0x13
 951 0096 00       		.byte	0
 952 0097 00       		.byte	0
 953 0098 0A       		.uleb128 0xa
 954 0099 34       		.uleb128 0x34
 955 009a 00       		.byte	0
 956 009b 03       		.uleb128 0x3
 957 009c 0E       		.uleb128 0xe
 958 009d 3A       		.uleb128 0x3a
 959 009e 0B       		.uleb128 0xb
 960 009f 3B       		.uleb128 0x3b
 961 00a0 0B       		.uleb128 0xb
 962 00a1 49       		.uleb128 0x49
 963 00a2 13       		.uleb128 0x13
 964 00a3 02       		.uleb128 0x2
 965 00a4 18       		.uleb128 0x18
 966 00a5 00       		.byte	0
 967 00a6 00       		.byte	0
 968 00a7 0B       		.uleb128 0xb
 969 00a8 34       		.uleb128 0x34
 970 00a9 00       		.byte	0
 971 00aa 03       		.uleb128 0x3
 972 00ab 0E       		.uleb128 0xe
 973 00ac 3A       		.uleb128 0x3a
 974 00ad 0B       		.uleb128 0xb
 975 00ae 3B       		.uleb128 0x3b
 976 00af 0B       		.uleb128 0xb
 977 00b0 49       		.uleb128 0x49
 978 00b1 13       		.uleb128 0x13
 979 00b2 3F       		.uleb128 0x3f
 980 00b3 19       		.uleb128 0x19
 981 00b4 02       		.uleb128 0x2
 982 00b5 18       		.uleb128 0x18
 983 00b6 00       		.byte	0
 984 00b7 00       		.byte	0
ARM GAS  C:\Users\Petro\AppData\Local\Temp\cckbIdOL.s 			page 22


 985 00b8 00       		.byte	0
 986              		.section	.debug_aranges,"",%progbits
 987 0000 44000000 		.4byte	0x44
 988 0004 0200     		.2byte	0x2
 989 0006 00000000 		.4byte	.Ldebug_info0
 990 000a 04       		.byte	0x4
 991 000b 00       		.byte	0
 992 000c 0000     		.2byte	0
 993 000e 0000     		.2byte	0
 994 0010 00000000 		.4byte	.LFB63
 995 0014 B8000000 		.4byte	.LFE63-.LFB63
 996 0018 00000000 		.4byte	.LFB64
 997 001c 34000000 		.4byte	.LFE64-.LFB64
 998 0020 00000000 		.4byte	.LFB65
 999 0024 88000000 		.4byte	.LFE65-.LFB65
 1000 0028 00000000 		.4byte	.LFB66
 1001 002c 60000000 		.4byte	.LFE66-.LFB66
 1002 0030 00000000 		.4byte	.LFB67
 1003 0034 54000000 		.4byte	.LFE67-.LFB67
 1004 0038 00000000 		.4byte	.LFB68
 1005 003c 64000000 		.4byte	.LFE68-.LFB68
 1006 0040 00000000 		.4byte	0
 1007 0044 00000000 		.4byte	0
 1008              		.section	.debug_ranges,"",%progbits
 1009              	.Ldebug_ranges0:
 1010 0000 00000000 		.4byte	.LFB63
 1011 0004 B8000000 		.4byte	.LFE63
 1012 0008 00000000 		.4byte	.LFB64
 1013 000c 34000000 		.4byte	.LFE64
 1014 0010 00000000 		.4byte	.LFB65
 1015 0014 88000000 		.4byte	.LFE65
 1016 0018 00000000 		.4byte	.LFB66
 1017 001c 60000000 		.4byte	.LFE66
 1018 0020 00000000 		.4byte	.LFB67
 1019 0024 54000000 		.4byte	.LFE67
 1020 0028 00000000 		.4byte	.LFB68
 1021 002c 64000000 		.4byte	.LFE68
 1022 0030 00000000 		.4byte	0
 1023 0034 00000000 		.4byte	0
 1024              		.section	.debug_line,"",%progbits
 1025              	.Ldebug_line0:
 1026 0000 E3010000 		.section	.debug_str,"MS",%progbits,1
 1026      02002401 
 1026      00000201 
 1026      FB0E0D00 
 1026      01010101 
 1027              	.LASF18:
 1028 0000 4745545F 		.ascii	"GET_FIN_STATUS\000"
 1028      46494E5F 
 1028      53544154 
 1028      555300
 1029              	.LASF34:
 1030 000f 63757272 		.ascii	"currentState\000"
 1030      656E7453 
 1030      74617465 
 1030      00
 1031              	.LASF25:
ARM GAS  C:\Users\Petro\AppData\Local\Temp\cckbIdOL.s 			page 23


 1032 001c 47657446 		.ascii	"GetFinishStatus\000"
 1032      696E6973 
 1032      68537461 
 1032      74757300 
 1033              	.LASF27:
 1034 002c 43686563 		.ascii	"CheckGate\000"
 1034      6B476174 
 1034      6500
 1035              	.LASF12:
 1036 0036 75696E74 		.ascii	"uint64_t\000"
 1036      36345F74 
 1036      00
 1037              	.LASF13:
 1038 003f 666C6F61 		.ascii	"float\000"
 1038      7400
 1039              	.LASF1:
 1040 0045 756E7369 		.ascii	"unsigned char\000"
 1040      676E6564 
 1040      20636861 
 1040      7200
 1041              	.LASF5:
 1042 0053 6C6F6E67 		.ascii	"long unsigned int\000"
 1042      20756E73 
 1042      69676E65 
 1042      6420696E 
 1042      7400
 1043              	.LASF3:
 1044 0065 73686F72 		.ascii	"short unsigned int\000"
 1044      7420756E 
 1044      7369676E 
 1044      65642069 
 1044      6E7400
 1045              	.LASF19:
 1046 0078 43484543 		.ascii	"CHECK_GATE\000"
 1046      4B5F4741 
 1046      544500
 1047              	.LASF14:
 1048 0083 646F7562 		.ascii	"double\000"
 1048      6C6500
 1049              	.LASF17:
 1050 008a 54494D45 		.ascii	"TIME_SYNC\000"
 1050      5F53594E 
 1050      4300
 1051              	.LASF7:
 1052 0094 5F5F7569 		.ascii	"__uint32_t\000"
 1052      6E743332 
 1052      5F7400
 1053              	.LASF31:
 1054 009f 474E5520 		.ascii	"GNU C 4.9.3 20150303 (release) [ARM/embedded-4_9-br"
 1054      4320342E 
 1054      392E3320 
 1054      32303135 
 1054      30333033 
 1055 00d2 616E6368 		.ascii	"anch revision 221220] -mcpu=cortex-m0 -mthumb -g -O"
 1055      20726576 
 1055      6973696F 
 1055      6E203232 
ARM GAS  C:\Users\Petro\AppData\Local\Temp\cckbIdOL.s 			page 24


 1055      31323230 
 1056 0105 30202D66 		.ascii	"0 -ffunction-sections -ffat-lto-objects\000"
 1056      66756E63 
 1056      74696F6E 
 1056      2D736563 
 1056      74696F6E 
 1057              	.LASF21:
 1058 012d 53746174 		.ascii	"StateType\000"
 1058      65547970 
 1058      6500
 1059              	.LASF30:
 1060 0137 73746172 		.ascii	"startRecentMs\000"
 1060      74526563 
 1060      656E744D 
 1060      7300
 1061              	.LASF24:
 1062 0145 54696D65 		.ascii	"TimeSynchronize\000"
 1062      53796E63 
 1062      68726F6E 
 1062      697A6500 
 1063              	.LASF22:
 1064 0155 6D61696E 		.ascii	"main\000"
 1064      00
 1065              	.LASF10:
 1066 015a 756E7369 		.ascii	"unsigned int\000"
 1066      676E6564 
 1066      20696E74 
 1066      00
 1067              	.LASF9:
 1068 0167 6C6F6E67 		.ascii	"long long unsigned int\000"
 1068      206C6F6E 
 1068      6720756E 
 1068      7369676E 
 1068      65642069 
 1069              	.LASF28:
 1070 017e 53617665 		.ascii	"SaveResult\000"
 1070      52657375 
 1070      6C7400
 1071              	.LASF26:
 1072 0189 72657375 		.ascii	"result\000"
 1072      6C7400
 1073              	.LASF23:
 1074 0190 53797374 		.ascii	"SystemInit\000"
 1074      656D496E 
 1074      697400
 1075              	.LASF29:
 1076 019b 73746172 		.ascii	"startUnixTime\000"
 1076      74556E69 
 1076      7854696D 
 1076      6500
 1077              	.LASF16:
 1078 01a9 73697A65 		.ascii	"sizetype\000"
 1078      74797065 
 1078      00
 1079              	.LASF6:
 1080 01b2 6C6F6E67 		.ascii	"long long int\000"
 1080      206C6F6E 
ARM GAS  C:\Users\Petro\AppData\Local\Temp\cckbIdOL.s 			page 25


 1080      6720696E 
 1080      7400
 1081              	.LASF32:
 1082 01c0 6D61696E 		.ascii	"main.c\000"
 1082      2E6300
 1083              	.LASF15:
 1084 01c7 63686172 		.ascii	"char\000"
 1084      00
 1085              	.LASF33:
 1086 01cc 443A5C43 		.ascii	"D:\\Cypress\\system-start-finish\\vesion 2\\fw\\sta"
 1086      79707265 
 1086      73735C73 
 1086      79737465 
 1086      6D2D7374 
 1087 01fa 72745C73 		.ascii	"rt\\sandbox\\v6\\Start(state machine)\\start_v0.cyd"
 1087      616E6462 
 1087      6F785C76 
 1087      365C5374 
 1087      61727428 
 1088 0229 736E00   		.ascii	"sn\000"
 1089              	.LASF2:
 1090 022c 73686F72 		.ascii	"short int\000"
 1090      7420696E 
 1090      7400
 1091              	.LASF8:
 1092 0236 5F5F7569 		.ascii	"__uint64_t\000"
 1092      6E743634 
 1092      5F7400
 1093              	.LASF11:
 1094 0241 75696E74 		.ascii	"uint32_t\000"
 1094      33325F74 
 1094      00
 1095              	.LASF4:
 1096 024a 6C6F6E67 		.ascii	"long int\000"
 1096      20696E74 
 1096      00
 1097              	.LASF0:
 1098 0253 7369676E 		.ascii	"signed char\000"
 1098      65642063 
 1098      68617200 
 1099              	.LASF20:
 1100 025f 53415645 		.ascii	"SAVE_RESULT\000"
 1100      5F524553 
 1100      554C5400 
 1101              		.ident	"GCC: (GNU Tools for ARM Embedded Processors) 4.9.3 20150303 (release) [ARM/embedded-4_9-br
