ARM GAS  C:\Users\Petro\AppData\Local\Temp\cchN1Rei.s 			page 1


   1              		.cpu cortex-m0
   2              		.fpu softvfp
   3              		.eabi_attribute 20, 1
   4              		.eabi_attribute 21, 1
   5              		.eabi_attribute 23, 3
   6              		.eabi_attribute 24, 1
   7              		.eabi_attribute 25, 1
   8              		.eabi_attribute 26, 1
   9              		.eabi_attribute 30, 6
  10              		.eabi_attribute 34, 0
  11              		.eabi_attribute 18, 4
  12              		.code	16
  13              		.file	"main.c"
  14              		.text
  15              	.Ltext0:
  16              		.cfi_sections	.debug_frame
  17              		.global	trigger
  18              		.bss
  19              		.type	trigger, %object
  20              		.size	trigger, 1
  21              	trigger:
  22 0000 00       		.space	1
  23              		.section	.text.main,"ax",%progbits
  24              		.align	2
  25              		.global	main
  26              		.code	16
  27              		.thumb_func
  28              		.type	main, %function
  29              	main:
  30              	.LFB37:
  31              		.file 1 ".\\main.c"
   1:.\main.c      **** /*******************************************************************************
   2:.\main.c      **** * File Name: main.c
   3:.\main.c      **** *
   4:.\main.c      **** * Version: 2.1
   5:.\main.c      **** *
   6:.\main.c      **** * Description:
   7:.\main.c      **** *  This project demonstrates the UART transmission mechanism. 
   8:.\main.c      **** *  Data is sent through serial port that is visible in the Hyperterminal and on 
   9:.\main.c      **** *  the LCD. ASCII characters from 0x20 to 0x7F(Space to ~ )  that can be 
  10:.\main.c      **** *  displayed through Hyperterminal/LCD at the same time Interrupt is triggered
  11:.\main.c      **** *  and incremented while sending.
  12:.\main.c      **** *
  13:.\main.c      **** ********************************************************************************
  14:.\main.c      **** * Copyright 2012, Cypress Semiconductor Corporation. All rights reserved.
  15:.\main.c      **** * This software is owned by Cypress Semiconductor Corporation and is protected
  16:.\main.c      **** * by and subject to worldwide patent and copyright laws and treaties.
  17:.\main.c      **** * Therefore, you may use this software only as provided in the license agreement
  18:.\main.c      **** * accompanying the software package from which you obtained this software.
  19:.\main.c      **** * CYPRESS AND ITS SUPPLIERS MAKE NO WARRANTY OF ANY KIND, EXPRESS OR IMPLIED,
  20:.\main.c      **** * WITH REGARD TO THIS SOFTWARE, INCLUDING, BUT NOT LIMITED TO, NONINFRINGEMENT,
  21:.\main.c      **** * IMPLIED WARRANTIES OF MERCHANTABILITY AND FITNESS FOR A PARTICULAR PURPOSE.
  22:.\main.c      **** *******************************************************************************/
  23:.\main.c      **** 
  24:.\main.c      **** #include <device.h>
  25:.\main.c      **** 
  26:.\main.c      **** #define LCD_NUM_COLUMNS     (16u)
ARM GAS  C:\Users\Petro\AppData\Local\Temp\cchN1Rei.s 			page 2


  27:.\main.c      **** #define START_CHAR_VALUE    (0x20u)
  28:.\main.c      **** #define END_CHAR_VALUE      (0x7Eu)
  29:.\main.c      **** 
  30:.\main.c      **** uint8 trigger = 0u;
  31:.\main.c      **** 
  32:.\main.c      **** 
  33:.\main.c      **** int main()
  34:.\main.c      **** {    
  32              		.loc 1 34 0
  33              		.cfi_startproc
  34 0000 80B5     		push	{r7, lr}
  35              		.cfi_def_cfa_offset 8
  36              		.cfi_offset 7, -8
  37              		.cfi_offset 14, -4
  38 0002 82B0     		sub	sp, sp, #8
  39              		.cfi_def_cfa_offset 16
  40 0004 00AF     		add	r7, sp, #0
  41              		.cfi_def_cfa_register 7
  35:.\main.c      ****     uint8 ch;           /* Data sent on the serial port */
  36:.\main.c      ****     uint8 count = 0u;    /* Initializing the count value */
  42              		.loc 1 36 0
  43 0006 BB1D     		add	r3, r7, #6
  44 0008 0022     		mov	r2, #0
  45 000a 1A70     		strb	r2, [r3]
  37:.\main.c      ****     uint8 pos = 0u;
  46              		.loc 1 37 0
  47 000c 7B1D     		add	r3, r7, #5
  48 000e 0022     		mov	r2, #0
  49 0010 1A70     		strb	r2, [r3]
  38:.\main.c      **** 
  39:.\main.c      ****     CyGlobalIntEnable; 
  50              		.loc 1 39 0
  51              	@ 39 ".\main.c" 1
  52 0012 62B6     		CPSIE   i
  53              	@ 0 "" 2
  40:.\main.c      **** 
  41:.\main.c      ****     isr_1_Start();      /* Initializing the ISR */
  54              		.loc 1 41 0
  55              		.code	16
  56 0014 FFF7FEFF 		bl	isr_1_Start
  42:.\main.c      ****     UART_1_Start();     /* Enabling the UART */
  57              		.loc 1 42 0
  58 0018 FFF7FEFF 		bl	UART_1_Start
  43:.\main.c      ****     LCD_Char_1_Start(); /* Enabling the LCD */
  59              		.loc 1 43 0
  60 001c FFF7FEFF 		bl	LCD_Char_1_Start
  44:.\main.c      **** 
  45:.\main.c      ****         
  46:.\main.c      ****     for(ch = START_CHAR_VALUE; ch <= END_CHAR_VALUE; ch++)
  61              		.loc 1 46 0
  62 0020 FB1D     		add	r3, r7, #7
  63 0022 2022     		mov	r2, #32
  64 0024 1A70     		strb	r2, [r3]
  65 0026 35E0     		b	.L2
  66              	.L4:
  47:.\main.c      ****     {
  48:.\main.c      ****         UART_1_WriteTxData(ch); /* Sending the data */
ARM GAS  C:\Users\Petro\AppData\Local\Temp\cchN1Rei.s 			page 3


  67              		.loc 1 48 0
  68 0028 FB1D     		add	r3, r7, #7
  69 002a 1B78     		ldrb	r3, [r3]
  70 002c 181C     		mov	r0, r3
  71 002e FFF7FEFF 		bl	UART_1_WriteTxData
  49:.\main.c      **** 
  50:.\main.c      ****         count++;        
  72              		.loc 1 50 0
  73 0032 BB1D     		add	r3, r7, #6
  74 0034 1A78     		ldrb	r2, [r3]
  75 0036 BB1D     		add	r3, r7, #6
  76 0038 0132     		add	r2, r2, #1
  77 003a 1A70     		strb	r2, [r3]
  51:.\main.c      ****         if(count % LCD_NUM_COLUMNS == 0u) /* If the count value reaches the count 16 start from fir
  78              		.loc 1 51 0
  79 003c BB1D     		add	r3, r7, #6
  80 003e 1B78     		ldrb	r3, [r3]
  81 0040 0F22     		mov	r2, #15
  82 0042 1340     		and	r3, r2
  83 0044 DBB2     		uxtb	r3, r3
  84 0046 002B     		cmp	r3, #0
  85 0048 05D1     		bne	.L3
  52:.\main.c      ****         {
  53:.\main.c      ****             pos = 0u;  /* resets the count value */
  86              		.loc 1 53 0
  87 004a 7B1D     		add	r3, r7, #5
  88 004c 0022     		mov	r2, #0
  89 004e 1A70     		strb	r2, [r3]
  54:.\main.c      ****             LCD_Char_1_WriteControl(LCD_Char_1_CLEAR_DISPLAY); /* Display will be cleared when reac
  90              		.loc 1 54 0
  91 0050 0120     		mov	r0, #1
  92 0052 FFF7FEFF 		bl	LCD_Char_1_WriteControl
  93              	.L3:
  55:.\main.c      ****         }    
  56:.\main.c      **** 
  57:.\main.c      ****         LCD_Char_1_Position(0u, pos++);   /* LCD position to the count++ */
  94              		.loc 1 57 0 discriminator 2
  95 0056 7B1D     		add	r3, r7, #5
  96 0058 1B78     		ldrb	r3, [r3]
  97 005a 7A1D     		add	r2, r7, #5
  98 005c 591C     		add	r1, r3, #1
  99 005e 1170     		strb	r1, [r2]
 100 0060 0020     		mov	r0, #0
 101 0062 191C     		mov	r1, r3
 102 0064 FFF7FEFF 		bl	LCD_Char_1_Position
  58:.\main.c      ****         LCD_Char_1_PutChar(ch);         /* print the value in the LCD */
 103              		.loc 1 58 0 discriminator 2
 104 0068 FB1D     		add	r3, r7, #7
 105 006a 1B78     		ldrb	r3, [r3]
 106 006c 181C     		mov	r0, r3
 107 006e FFF7FEFF 		bl	LCD_Char_1_PutChar
  59:.\main.c      ****                 
  60:.\main.c      ****         LCD_Char_1_Position(1u, 0u);
 108              		.loc 1 60 0 discriminator 2
 109 0072 0120     		mov	r0, #1
 110 0074 0021     		mov	r1, #0
 111 0076 FFF7FEFF 		bl	LCD_Char_1_Position
ARM GAS  C:\Users\Petro\AppData\Local\Temp\cchN1Rei.s 			page 4


  61:.\main.c      ****         LCD_Char_1_PrintInt8(count);    /* prints the count in the LCD */
 112              		.loc 1 61 0 discriminator 2
 113 007a BB1D     		add	r3, r7, #6
 114 007c 1B78     		ldrb	r3, [r3]
 115 007e 181C     		mov	r0, r3
 116 0080 FFF7FEFF 		bl	LCD_Char_1_PrintInt8
  62:.\main.c      ****         CyDelay(200u);
 117              		.loc 1 62 0 discriminator 2
 118 0084 C820     		mov	r0, #200
 119 0086 FFF7FEFF 		bl	CyDelay
  46:.\main.c      ****     {
 120              		.loc 1 46 0 discriminator 2
 121 008a FB1D     		add	r3, r7, #7
 122 008c 1A78     		ldrb	r2, [r3]
 123 008e FB1D     		add	r3, r7, #7
 124 0090 0132     		add	r2, r2, #1
 125 0092 1A70     		strb	r2, [r3]
 126              	.L2:
  46:.\main.c      ****     {
 127              		.loc 1 46 0 is_stmt 0 discriminator 1
 128 0094 FB1D     		add	r3, r7, #7
 129 0096 1B78     		ldrb	r3, [r3]
 130 0098 7E2B     		cmp	r3, #126
 131 009a C5D9     		bls	.L4
 132              	.L5:
  63:.\main.c      ****     }
  64:.\main.c      **** 
  65:.\main.c      ****     for(;;) {}
 133              		.loc 1 65 0 is_stmt 1 discriminator 1
 134 009c FEE7     		b	.L5
 135              		.cfi_endproc
 136              	.LFE37:
 137              		.size	main, .-main
 138 009e C046     		.text
 139              	.Letext0:
 140              		.file 2 "Generated_Source\\PSoC4/cytypes.h"
 141              		.section	.debug_info,"",%progbits
 142              	.Ldebug_info0:
 143 0000 E4000000 		.4byte	0xe4
 144 0004 0400     		.2byte	0x4
 145 0006 00000000 		.4byte	.Ldebug_abbrev0
 146 000a 04       		.byte	0x4
 147 000b 01       		.uleb128 0x1
 148 000c 0E000000 		.4byte	.LASF14
 149 0010 01       		.byte	0x1
 150 0011 88010000 		.4byte	.LASF15
 151 0015 A9000000 		.4byte	.LASF16
 152 0019 00000000 		.4byte	.Ldebug_ranges0+0
 153 001d 00000000 		.4byte	0
 154 0021 00000000 		.4byte	.Ldebug_line0
 155 0025 02       		.uleb128 0x2
 156 0026 01       		.byte	0x1
 157 0027 06       		.byte	0x6
 158 0028 76010000 		.4byte	.LASF0
 159 002c 02       		.uleb128 0x2
 160 002d 01       		.byte	0x1
 161 002e 08       		.byte	0x8
ARM GAS  C:\Users\Petro\AppData\Local\Temp\cchN1Rei.s 			page 5


 162 002f 30010000 		.4byte	.LASF1
 163 0033 02       		.uleb128 0x2
 164 0034 02       		.byte	0x2
 165 0035 05       		.byte	0x5
 166 0036 52010000 		.4byte	.LASF2
 167 003a 02       		.uleb128 0x2
 168 003b 02       		.byte	0x2
 169 003c 07       		.byte	0x7
 170 003d 63010000 		.4byte	.LASF3
 171 0041 02       		.uleb128 0x2
 172 0042 04       		.byte	0x4
 173 0043 05       		.byte	0x5
 174 0044 49010000 		.4byte	.LASF4
 175 0048 02       		.uleb128 0x2
 176 0049 04       		.byte	0x4
 177 004a 07       		.byte	0x7
 178 004b FF000000 		.4byte	.LASF5
 179 004f 02       		.uleb128 0x2
 180 0050 08       		.byte	0x8
 181 0051 05       		.byte	0x5
 182 0052 00000000 		.4byte	.LASF6
 183 0056 02       		.uleb128 0x2
 184 0057 08       		.byte	0x8
 185 0058 07       		.byte	0x7
 186 0059 11010000 		.4byte	.LASF7
 187 005d 03       		.uleb128 0x3
 188 005e 04       		.byte	0x4
 189 005f 05       		.byte	0x5
 190 0060 696E7400 		.ascii	"int\000"
 191 0064 02       		.uleb128 0x2
 192 0065 04       		.byte	0x4
 193 0066 07       		.byte	0x7
 194 0067 9C000000 		.4byte	.LASF8
 195 006b 04       		.uleb128 0x4
 196 006c F9000000 		.4byte	.LASF17
 197 0070 02       		.byte	0x2
 198 0071 3801     		.2byte	0x138
 199 0073 2C000000 		.4byte	0x2c
 200 0077 02       		.uleb128 0x2
 201 0078 04       		.byte	0x4
 202 0079 04       		.byte	0x4
 203 007a 82010000 		.4byte	.LASF9
 204 007e 02       		.uleb128 0x2
 205 007f 08       		.byte	0x8
 206 0080 04       		.byte	0x4
 207 0081 5C010000 		.4byte	.LASF10
 208 0085 02       		.uleb128 0x2
 209 0086 01       		.byte	0x1
 210 0087 08       		.byte	0x8
 211 0088 3E010000 		.4byte	.LASF11
 212 008c 02       		.uleb128 0x2
 213 008d 04       		.byte	0x4
 214 008e 07       		.byte	0x7
 215 008f 91010000 		.4byte	.LASF12
 216 0093 05       		.uleb128 0x5
 217 0094 F4000000 		.4byte	.LASF18
 218 0098 01       		.byte	0x1
ARM GAS  C:\Users\Petro\AppData\Local\Temp\cchN1Rei.s 			page 6


 219 0099 21       		.byte	0x21
 220 009a 5D000000 		.4byte	0x5d
 221 009e 00000000 		.4byte	.LFB37
 222 00a2 9E000000 		.4byte	.LFE37-.LFB37
 223 00a6 01       		.uleb128 0x1
 224 00a7 9C       		.byte	0x9c
 225 00a8 D6000000 		.4byte	0xd6
 226 00ac 06       		.uleb128 0x6
 227 00ad 636800   		.ascii	"ch\000"
 228 00b0 01       		.byte	0x1
 229 00b1 23       		.byte	0x23
 230 00b2 6B000000 		.4byte	0x6b
 231 00b6 02       		.uleb128 0x2
 232 00b7 91       		.byte	0x91
 233 00b8 77       		.sleb128 -9
 234 00b9 07       		.uleb128 0x7
 235 00ba 43010000 		.4byte	.LASF13
 236 00be 01       		.byte	0x1
 237 00bf 24       		.byte	0x24
 238 00c0 6B000000 		.4byte	0x6b
 239 00c4 02       		.uleb128 0x2
 240 00c5 91       		.byte	0x91
 241 00c6 76       		.sleb128 -10
 242 00c7 06       		.uleb128 0x6
 243 00c8 706F7300 		.ascii	"pos\000"
 244 00cc 01       		.byte	0x1
 245 00cd 25       		.byte	0x25
 246 00ce 6B000000 		.4byte	0x6b
 247 00d2 02       		.uleb128 0x2
 248 00d3 91       		.byte	0x91
 249 00d4 75       		.sleb128 -11
 250 00d5 00       		.byte	0
 251 00d6 08       		.uleb128 0x8
 252 00d7 28010000 		.4byte	.LASF19
 253 00db 01       		.byte	0x1
 254 00dc 1E       		.byte	0x1e
 255 00dd 6B000000 		.4byte	0x6b
 256 00e1 05       		.uleb128 0x5
 257 00e2 03       		.byte	0x3
 258 00e3 00000000 		.4byte	trigger
 259 00e7 00       		.byte	0
 260              		.section	.debug_abbrev,"",%progbits
 261              	.Ldebug_abbrev0:
 262 0000 01       		.uleb128 0x1
 263 0001 11       		.uleb128 0x11
 264 0002 01       		.byte	0x1
 265 0003 25       		.uleb128 0x25
 266 0004 0E       		.uleb128 0xe
 267 0005 13       		.uleb128 0x13
 268 0006 0B       		.uleb128 0xb
 269 0007 03       		.uleb128 0x3
 270 0008 0E       		.uleb128 0xe
 271 0009 1B       		.uleb128 0x1b
 272 000a 0E       		.uleb128 0xe
 273 000b 55       		.uleb128 0x55
 274 000c 17       		.uleb128 0x17
 275 000d 11       		.uleb128 0x11
ARM GAS  C:\Users\Petro\AppData\Local\Temp\cchN1Rei.s 			page 7


 276 000e 01       		.uleb128 0x1
 277 000f 10       		.uleb128 0x10
 278 0010 17       		.uleb128 0x17
 279 0011 00       		.byte	0
 280 0012 00       		.byte	0
 281 0013 02       		.uleb128 0x2
 282 0014 24       		.uleb128 0x24
 283 0015 00       		.byte	0
 284 0016 0B       		.uleb128 0xb
 285 0017 0B       		.uleb128 0xb
 286 0018 3E       		.uleb128 0x3e
 287 0019 0B       		.uleb128 0xb
 288 001a 03       		.uleb128 0x3
 289 001b 0E       		.uleb128 0xe
 290 001c 00       		.byte	0
 291 001d 00       		.byte	0
 292 001e 03       		.uleb128 0x3
 293 001f 24       		.uleb128 0x24
 294 0020 00       		.byte	0
 295 0021 0B       		.uleb128 0xb
 296 0022 0B       		.uleb128 0xb
 297 0023 3E       		.uleb128 0x3e
 298 0024 0B       		.uleb128 0xb
 299 0025 03       		.uleb128 0x3
 300 0026 08       		.uleb128 0x8
 301 0027 00       		.byte	0
 302 0028 00       		.byte	0
 303 0029 04       		.uleb128 0x4
 304 002a 16       		.uleb128 0x16
 305 002b 00       		.byte	0
 306 002c 03       		.uleb128 0x3
 307 002d 0E       		.uleb128 0xe
 308 002e 3A       		.uleb128 0x3a
 309 002f 0B       		.uleb128 0xb
 310 0030 3B       		.uleb128 0x3b
 311 0031 05       		.uleb128 0x5
 312 0032 49       		.uleb128 0x49
 313 0033 13       		.uleb128 0x13
 314 0034 00       		.byte	0
 315 0035 00       		.byte	0
 316 0036 05       		.uleb128 0x5
 317 0037 2E       		.uleb128 0x2e
 318 0038 01       		.byte	0x1
 319 0039 3F       		.uleb128 0x3f
 320 003a 19       		.uleb128 0x19
 321 003b 03       		.uleb128 0x3
 322 003c 0E       		.uleb128 0xe
 323 003d 3A       		.uleb128 0x3a
 324 003e 0B       		.uleb128 0xb
 325 003f 3B       		.uleb128 0x3b
 326 0040 0B       		.uleb128 0xb
 327 0041 49       		.uleb128 0x49
 328 0042 13       		.uleb128 0x13
 329 0043 11       		.uleb128 0x11
 330 0044 01       		.uleb128 0x1
 331 0045 12       		.uleb128 0x12
 332 0046 06       		.uleb128 0x6
ARM GAS  C:\Users\Petro\AppData\Local\Temp\cchN1Rei.s 			page 8


 333 0047 40       		.uleb128 0x40
 334 0048 18       		.uleb128 0x18
 335 0049 9642     		.uleb128 0x2116
 336 004b 19       		.uleb128 0x19
 337 004c 01       		.uleb128 0x1
 338 004d 13       		.uleb128 0x13
 339 004e 00       		.byte	0
 340 004f 00       		.byte	0
 341 0050 06       		.uleb128 0x6
 342 0051 34       		.uleb128 0x34
 343 0052 00       		.byte	0
 344 0053 03       		.uleb128 0x3
 345 0054 08       		.uleb128 0x8
 346 0055 3A       		.uleb128 0x3a
 347 0056 0B       		.uleb128 0xb
 348 0057 3B       		.uleb128 0x3b
 349 0058 0B       		.uleb128 0xb
 350 0059 49       		.uleb128 0x49
 351 005a 13       		.uleb128 0x13
 352 005b 02       		.uleb128 0x2
 353 005c 18       		.uleb128 0x18
 354 005d 00       		.byte	0
 355 005e 00       		.byte	0
 356 005f 07       		.uleb128 0x7
 357 0060 34       		.uleb128 0x34
 358 0061 00       		.byte	0
 359 0062 03       		.uleb128 0x3
 360 0063 0E       		.uleb128 0xe
 361 0064 3A       		.uleb128 0x3a
 362 0065 0B       		.uleb128 0xb
 363 0066 3B       		.uleb128 0x3b
 364 0067 0B       		.uleb128 0xb
 365 0068 49       		.uleb128 0x49
 366 0069 13       		.uleb128 0x13
 367 006a 02       		.uleb128 0x2
 368 006b 18       		.uleb128 0x18
 369 006c 00       		.byte	0
 370 006d 00       		.byte	0
 371 006e 08       		.uleb128 0x8
 372 006f 34       		.uleb128 0x34
 373 0070 00       		.byte	0
 374 0071 03       		.uleb128 0x3
 375 0072 0E       		.uleb128 0xe
 376 0073 3A       		.uleb128 0x3a
 377 0074 0B       		.uleb128 0xb
 378 0075 3B       		.uleb128 0x3b
 379 0076 0B       		.uleb128 0xb
 380 0077 49       		.uleb128 0x49
 381 0078 13       		.uleb128 0x13
 382 0079 3F       		.uleb128 0x3f
 383 007a 19       		.uleb128 0x19
 384 007b 02       		.uleb128 0x2
 385 007c 18       		.uleb128 0x18
 386 007d 00       		.byte	0
 387 007e 00       		.byte	0
 388 007f 00       		.byte	0
 389              		.section	.debug_aranges,"",%progbits
ARM GAS  C:\Users\Petro\AppData\Local\Temp\cchN1Rei.s 			page 9


 390 0000 1C000000 		.4byte	0x1c
 391 0004 0200     		.2byte	0x2
 392 0006 00000000 		.4byte	.Ldebug_info0
 393 000a 04       		.byte	0x4
 394 000b 00       		.byte	0
 395 000c 0000     		.2byte	0
 396 000e 0000     		.2byte	0
 397 0010 00000000 		.4byte	.LFB37
 398 0014 9E000000 		.4byte	.LFE37-.LFB37
 399 0018 00000000 		.4byte	0
 400 001c 00000000 		.4byte	0
 401              		.section	.debug_ranges,"",%progbits
 402              	.Ldebug_ranges0:
 403 0000 00000000 		.4byte	.LFB37
 404 0004 9E000000 		.4byte	.LFE37
 405 0008 00000000 		.4byte	0
 406 000c 00000000 		.4byte	0
 407              		.section	.debug_line,"",%progbits
 408              	.Ldebug_line0:
 409 0000 92000000 		.section	.debug_str,"MS",%progbits,1
 409      02004300 
 409      00000201 
 409      FB0E0D00 
 409      01010101 
 410              	.LASF6:
 411 0000 6C6F6E67 		.ascii	"long long int\000"
 411      206C6F6E 
 411      6720696E 
 411      7400
 412              	.LASF14:
 413 000e 474E5520 		.ascii	"GNU C 4.9.3 20150303 (release) [ARM/embedded-4_9-br"
 413      4320342E 
 413      392E3320 
 413      32303135 
 413      30333033 
 414 0041 616E6368 		.ascii	"anch revision 221220] -mcpu=cortex-m0 -mthumb -g -O"
 414      20726576 
 414      6973696F 
 414      6E203232 
 414      31323230 
 415 0074 30202D66 		.ascii	"0 -ffunction-sections -ffat-lto-objects\000"
 415      66756E63 
 415      74696F6E 
 415      2D736563 
 415      74696F6E 
 416              	.LASF8:
 417 009c 756E7369 		.ascii	"unsigned int\000"
 417      676E6564 
 417      20696E74 
 417      00
 418              	.LASF16:
 419 00a9 443A5C43 		.ascii	"D:\\Cypress\\system-start-finish\\fw\\finish\\sandb"
 419      79707265 
 419      73735C73 
 419      79737465 
 419      6D2D7374 
 420 00d7 6F785C55 		.ascii	"ox\\UART_Tx01\\UART_Tx01.cydsn\000"
ARM GAS  C:\Users\Petro\AppData\Local\Temp\cchN1Rei.s 			page 10


 420      4152545F 
 420      54783031 
 420      5C554152 
 420      545F5478 
 421              	.LASF18:
 422 00f4 6D61696E 		.ascii	"main\000"
 422      00
 423              	.LASF17:
 424 00f9 75696E74 		.ascii	"uint8\000"
 424      3800
 425              	.LASF5:
 426 00ff 6C6F6E67 		.ascii	"long unsigned int\000"
 426      20756E73 
 426      69676E65 
 426      6420696E 
 426      7400
 427              	.LASF7:
 428 0111 6C6F6E67 		.ascii	"long long unsigned int\000"
 428      206C6F6E 
 428      6720756E 
 428      7369676E 
 428      65642069 
 429              	.LASF19:
 430 0128 74726967 		.ascii	"trigger\000"
 430      67657200 
 431              	.LASF1:
 432 0130 756E7369 		.ascii	"unsigned char\000"
 432      676E6564 
 432      20636861 
 432      7200
 433              	.LASF11:
 434 013e 63686172 		.ascii	"char\000"
 434      00
 435              	.LASF13:
 436 0143 636F756E 		.ascii	"count\000"
 436      7400
 437              	.LASF4:
 438 0149 6C6F6E67 		.ascii	"long int\000"
 438      20696E74 
 438      00
 439              	.LASF2:
 440 0152 73686F72 		.ascii	"short int\000"
 440      7420696E 
 440      7400
 441              	.LASF10:
 442 015c 646F7562 		.ascii	"double\000"
 442      6C6500
 443              	.LASF3:
 444 0163 73686F72 		.ascii	"short unsigned int\000"
 444      7420756E 
 444      7369676E 
 444      65642069 
 444      6E7400
 445              	.LASF0:
 446 0176 7369676E 		.ascii	"signed char\000"
 446      65642063 
 446      68617200 
ARM GAS  C:\Users\Petro\AppData\Local\Temp\cchN1Rei.s 			page 11


 447              	.LASF9:
 448 0182 666C6F61 		.ascii	"float\000"
 448      7400
 449              	.LASF15:
 450 0188 2E5C6D61 		.ascii	".\\main.c\000"
 450      696E2E63 
 450      00
 451              	.LASF12:
 452 0191 73697A65 		.ascii	"sizetype\000"
 452      74797065 
 452      00
 453              		.ident	"GCC: (GNU Tools for ARM Embedded Processors) 4.9.3 20150303 (release) [ARM/embedded-4_9-br
