ARM GAS  C:\Users\Petro\AppData\Local\Temp\cc1AFWQt.s 			page 1


   1              		.cpu cortex-m0
   2              		.fpu softvfp
   3              		.eabi_attribute 20, 1
   4              		.eabi_attribute 21, 1
   5              		.eabi_attribute 23, 3
   6              		.eabi_attribute 24, 1
   7              		.eabi_attribute 25, 1
   8              		.eabi_attribute 26, 1
   9              		.eabi_attribute 30, 6
  10              		.eabi_attribute 34, 0
  11              		.eabi_attribute 18, 4
  12              		.code	16
  13              		.file	"main.c"
  14              		.text
  15              	.Ltext0:
  16              		.cfi_sections	.debug_frame
  17              		.comm	currentState,1,1
  18              		.bss
  19              		.align	2
  20              	result:
  21 0000 00000000 		.space	4
  22              		.section	.text.main,"ax",%progbits
  23              		.align	2
  24              		.global	main
  25              		.code	16
  26              		.thumb_func
  27              		.type	main, %function
  28              	main:
  29              	.LFB63:
  30              		.file 1 "main.c"
   1:main.c        **** #include "appGlobal.h"
   2:main.c        **** 
   3:main.c        **** int main()
   4:main.c        **** {
  31              		.loc 1 4 0
  32              		.cfi_startproc
  33 0000 80B5     		push	{r7, lr}
  34              		.cfi_def_cfa_offset 8
  35              		.cfi_offset 7, -8
  36              		.cfi_offset 14, -4
  37 0002 00AF     		add	r7, sp, #0
  38              		.cfi_def_cfa_register 7
   5:main.c        ****     SystemInit();
  39              		.loc 1 5 0
  40 0004 FFF7FEFF 		bl	SystemInit
   6:main.c        ****     currentState = TIME_SYNC;
  41              		.loc 1 6 0
  42 0008 284B     		ldr	r3, .L14
  43 000a 0022     		mov	r2, #0
  44 000c 1A70     		strb	r2, [r3]
  45              	.L13:
   7:main.c        **** 
   8:main.c        ****     for(;;)
   9:main.c        ****     {
  10:main.c        ****         switch (currentState)
  46              		.loc 1 10 0
  47 000e 274B     		ldr	r3, .L14
ARM GAS  C:\Users\Petro\AppData\Local\Temp\cc1AFWQt.s 			page 2


  48 0010 1B78     		ldrb	r3, [r3]
  49 0012 012B     		cmp	r3, #1
  50 0014 16D0     		beq	.L3
  51 0016 02DC     		bgt	.L4
  52 0018 002B     		cmp	r3, #0
  53 001a 05D0     		beq	.L5
  54 001c 42E0     		b	.L2
  55              	.L4:
  56 001e 022B     		cmp	r3, #2
  57 0020 26D0     		beq	.L6
  58 0022 032B     		cmp	r3, #3
  59 0024 35D0     		beq	.L7
  60 0026 3DE0     		b	.L2
  61              	.L5:
  11:main.c        ****         {
  12:main.c        ****             case TIME_SYNC:
  13:main.c        ****             {
  14:main.c        ****                 result = TimeSynchronize();
  62              		.loc 1 14 0
  63 0028 FFF7FEFF 		bl	TimeSynchronize
  64 002c 021C     		mov	r2, r0
  65 002e 204B     		ldr	r3, .L14+4
  66 0030 1A60     		str	r2, [r3]
  15:main.c        ****                 if(result == TIME_SYNC_OK)
  67              		.loc 1 15 0
  68 0032 1F4B     		ldr	r3, .L14+4
  69 0034 1B68     		ldr	r3, [r3]
  70 0036 002B     		cmp	r3, #0
  71 0038 03D1     		bne	.L8
  16:main.c        ****                 {
  17:main.c        ****                     currentState = GET_FIN_STATUS;
  72              		.loc 1 17 0
  73 003a 1C4B     		ldr	r3, .L14
  74 003c 0122     		mov	r2, #1
  75 003e 1A70     		strb	r2, [r3]
  18:main.c        ****                 }
  19:main.c        ****                 break;
  76              		.loc 1 19 0
  77 0040 30E0     		b	.L2
  78              	.L8:
  79 0042 2FE0     		b	.L2
  80              	.L3:
  20:main.c        ****             }
  21:main.c        ****             case GET_FIN_STATUS:
  22:main.c        ****             {
  23:main.c        ****                 result = GetFinishStatus();
  81              		.loc 1 23 0
  82 0044 FFF7FEFF 		bl	GetFinishStatus
  83 0048 021C     		mov	r2, r0
  84 004a 194B     		ldr	r3, .L14+4
  85 004c 1A60     		str	r2, [r3]
  24:main.c        **** 
  25:main.c        ****                 if(result == NO_ERROR)
  86              		.loc 1 25 0
  87 004e 184B     		ldr	r3, .L14+4
  88 0050 1B68     		ldr	r3, [r3]
  89 0052 012B     		cmp	r3, #1
ARM GAS  C:\Users\Petro\AppData\Local\Temp\cc1AFWQt.s 			page 3


  90 0054 03D1     		bne	.L9
  26:main.c        ****                 {
  27:main.c        ****                     currentState = CHECK_GATE;                   
  91              		.loc 1 27 0
  92 0056 154B     		ldr	r3, .L14
  93 0058 0222     		mov	r2, #2
  94 005a 1A70     		strb	r2, [r3]
  95 005c 07E0     		b	.L10
  96              	.L9:
  28:main.c        ****                 }
  29:main.c        ****                 else if(result == REBOOT)  
  97              		.loc 1 29 0
  98 005e 144B     		ldr	r3, .L14+4
  99 0060 1B68     		ldr	r3, [r3]
 100 0062 FF2B     		cmp	r3, #255
 101 0064 03D1     		bne	.L10
  30:main.c        ****                 {
  31:main.c        ****                     currentState = TIME_SYNC;
 102              		.loc 1 31 0
 103 0066 114B     		ldr	r3, .L14
 104 0068 0022     		mov	r2, #0
 105 006a 1A70     		strb	r2, [r3]
  32:main.c        ****                 }
  33:main.c        ****                 break;
 106              		.loc 1 33 0
 107 006c 1AE0     		b	.L2
 108              	.L10:
 109 006e 19E0     		b	.L2
 110              	.L6:
  34:main.c        ****             }
  35:main.c        ****             case CHECK_GATE:
  36:main.c        ****             {
  37:main.c        ****                 result = CheckGate();
 111              		.loc 1 37 0
 112 0070 FFF7FEFF 		bl	CheckGate
 113 0074 021C     		mov	r2, r0
 114 0076 0E4B     		ldr	r3, .L14+4
 115 0078 1A60     		str	r2, [r3]
  38:main.c        ****                 if(result == GATE_OPEN)
 116              		.loc 1 38 0
 117 007a 0D4B     		ldr	r3, .L14+4
 118 007c 1B68     		ldr	r3, [r3]
 119 007e 012B     		cmp	r3, #1
 120 0080 03D1     		bne	.L11
  39:main.c        ****                 {
  40:main.c        ****                     currentState = SAVE_RESULT;
 121              		.loc 1 40 0
 122 0082 0A4B     		ldr	r3, .L14
 123 0084 0322     		mov	r2, #3
 124 0086 1A70     		strb	r2, [r3]
  41:main.c        ****                 }
  42:main.c        ****                 else
  43:main.c        ****                 {
  44:main.c        ****                     currentState = GET_FIN_STATUS;
  45:main.c        ****                 }
  46:main.c        ****                 break;
 125              		.loc 1 46 0
ARM GAS  C:\Users\Petro\AppData\Local\Temp\cc1AFWQt.s 			page 4


 126 0088 0CE0     		b	.L2
 127              	.L11:
  44:main.c        ****                 }
 128              		.loc 1 44 0
 129 008a 084B     		ldr	r3, .L14
 130 008c 0122     		mov	r2, #1
 131 008e 1A70     		strb	r2, [r3]
 132              		.loc 1 46 0
 133 0090 08E0     		b	.L2
 134              	.L7:
  47:main.c        ****             }
  48:main.c        ****             case SAVE_RESULT:
  49:main.c        ****             {
  50:main.c        ****                 result = SaveResult();
 135              		.loc 1 50 0
 136 0092 FFF7FEFF 		bl	SaveResult
 137 0096 021C     		mov	r2, r0
 138 0098 054B     		ldr	r3, .L14+4
 139 009a 1A60     		str	r2, [r3]
  51:main.c        ****                 currentState = GET_FIN_STATUS;
 140              		.loc 1 51 0
 141 009c 034B     		ldr	r3, .L14
 142 009e 0122     		mov	r2, #1
 143 00a0 1A70     		strb	r2, [r3]
  52:main.c        ****     
  53:main.c        ****                 break;
 144              		.loc 1 53 0
 145 00a2 C046     		mov	r8, r8
 146              	.L2:
  54:main.c        ****             }           
  55:main.c        ****         }
  56:main.c        ****         //CyDelay(TIMEOUT_STATE);
  57:main.c        ****         TaskCheck();
 147              		.loc 1 57 0
 148 00a4 FFF7FEFF 		bl	TaskCheck
  58:main.c        ****     }
 149              		.loc 1 58 0
 150 00a8 B1E7     		b	.L13
 151              	.L15:
 152 00aa C046     		.align	2
 153              	.L14:
 154 00ac 00000000 		.word	currentState
 155 00b0 00000000 		.word	result
 156              		.cfi_endproc
 157              	.LFE63:
 158              		.size	main, .-main
 159              		.section	.rodata
 160              		.align	2
 161              	.LC2:
 162 0000 53797374 		.ascii	"System init...\000"
 162      656D2069 
 162      6E69742E 
 162      2E2E00
 163              		.section	.text.SystemInit,"ax",%progbits
 164              		.align	2
 165              		.global	SystemInit
 166              		.code	16
ARM GAS  C:\Users\Petro\AppData\Local\Temp\cc1AFWQt.s 			page 5


 167              		.thumb_func
 168              		.type	SystemInit, %function
 169              	SystemInit:
 170              	.LFB64:
  59:main.c        **** }
  60:main.c        **** 
  61:main.c        **** void  SystemInit(void)
  62:main.c        **** {   
 171              		.loc 1 62 0
 172              		.cfi_startproc
 173 0000 80B5     		push	{r7, lr}
 174              		.cfi_def_cfa_offset 8
 175              		.cfi_offset 7, -8
 176              		.cfi_offset 14, -4
 177 0002 00AF     		add	r7, sp, #0
 178              		.cfi_def_cfa_register 7
  63:main.c        ****     SetRebootFlag();
 179              		.loc 1 63 0
 180 0004 FFF7FEFF 		bl	SetRebootFlag
  64:main.c        ****     LedInit();
 181              		.loc 1 64 0
 182 0008 FFF7FEFF 		bl	LedInit
  65:main.c        ****     SetLedsState(LED_ENABLE, LED_DISABLE);
 183              		.loc 1 65 0
 184 000c 0120     		mov	r0, #1
 185 000e 0021     		mov	r1, #0
 186 0010 FFF7FEFF 		bl	SetLedsState
  66:main.c        ****     
  67:main.c        ****     DisplayStart();
 187              		.loc 1 67 0
 188 0014 FFF7FEFF 		bl	DisplayStart
  68:main.c        ****     Display("System init...");
 189              		.loc 1 68 0
 190 0018 124B     		ldr	r3, .L17
 191 001a 181C     		mov	r0, r3
 192 001c FFF7FEFF 		bl	Display
  69:main.c        ****     DisplaBacklightOn();
 193              		.loc 1 69 0
 194 0020 FFF7FEFF 		bl	DisplaBacklightOn
  70:main.c        ****     
  71:main.c        ****     RTC_WDT_Init(); 
 195              		.loc 1 71 0
 196 0024 FFF7FEFF 		bl	RTC_WDT_Init
  72:main.c        ****     InitNetwork();
 197              		.loc 1 72 0
 198 0028 FFF7FEFF 		bl	InitNetwork
  73:main.c        ****     GateInit();
 199              		.loc 1 73 0
 200 002c FFF7FEFF 		bl	GateInit
  74:main.c        ****     BattADC_Init();
 201              		.loc 1 74 0
 202 0030 FFF7FEFF 		bl	BattADC_Init
  75:main.c        ****     
  76:main.c        ****     TaskTimerInit();    
 203              		.loc 1 76 0
 204 0034 FFF7FEFF 		bl	TaskTimerInit
  77:main.c        ****     SetTaskTimer(ACTION1, ACTION1_TIMEOUT); //network
ARM GAS  C:\Users\Petro\AppData\Local\Temp\cc1AFWQt.s 			page 6


 205              		.loc 1 77 0
 206 0038 FA23     		mov	r3, #250
 207 003a 5B00     		lsl	r3, r3, #1
 208 003c 0020     		mov	r0, #0
 209 003e 191C     		mov	r1, r3
 210 0040 FFF7FEFF 		bl	SetTaskTimer
  78:main.c        ****     SetTaskTimer(ACTION2, ACTION2_TIMEOUT); //display real time
 211              		.loc 1 78 0
 212 0044 FA23     		mov	r3, #250
 213 0046 5B00     		lsl	r3, r3, #1
 214 0048 0120     		mov	r0, #1
 215 004a 191C     		mov	r1, r3
 216 004c FFF7FEFF 		bl	SetTaskTimer
  79:main.c        ****     SetTaskTimer(ACTION3, ACTION3_TIMEOUT); //display indicator
 217              		.loc 1 79 0
 218 0050 FA23     		mov	r3, #250
 219 0052 5B00     		lsl	r3, r3, #1
 220 0054 0220     		mov	r0, #2
 221 0056 191C     		mov	r1, r3
 222 0058 FFF7FEFF 		bl	SetTaskTimer
  80:main.c        ****     
  81:main.c        ****     /* Enable global interrupts. */ 
  82:main.c        ****     CyGlobalIntEnable; 
 223              		.loc 1 82 0
 224              	@ 82 "main.c" 1
 225 005c 62B6     		CPSIE   i
 226              	@ 0 "" 2
  83:main.c        ****     
  84:main.c        **** }
 227              		.loc 1 84 0
 228              		.code	16
 229 005e BD46     		mov	sp, r7
 230              		@ sp needed
 231 0060 80BD     		pop	{r7, pc}
 232              	.L18:
 233 0062 C046     		.align	2
 234              	.L17:
 235 0064 00000000 		.word	.LC2
 236              		.cfi_endproc
 237              	.LFE64:
 238              		.size	SystemInit, .-SystemInit
 239              		.section	.rodata
 240 000f 00       		.align	2
 241              	.LC4:
 242 0010 436F6E6E 		.ascii	"Connect...\000"
 242      6563742E 
 242      2E2E00
 243 001b 00       		.align	2
 244              	.LC6:
 245 001c 53796E63 		.ascii	"Sync time...\000"
 245      2074696D 
 245      652E2E2E 
 245      00
 246 0029 000000   		.align	2
 247              	.LC8:
 248 002c 20205379 		.ascii	"  Sync ok\000"
 248      6E63206F 
ARM GAS  C:\Users\Petro\AppData\Local\Temp\cc1AFWQt.s 			page 7


 248      6B00
 249 0036 0000     		.align	2
 250              	.LC10:
 251 0038 53796E63 		.ascii	"Sync error\000"
 251      20657272 
 251      6F7200
 252              		.section	.text.TimeSynchronize,"ax",%progbits
 253              		.align	2
 254              		.global	TimeSynchronize
 255              		.code	16
 256              		.thumb_func
 257              		.type	TimeSynchronize, %function
 258              	TimeSynchronize:
 259              	.LFB65:
  85:main.c        **** 
  86:main.c        **** uint32_t TimeSynchronize(void)
  87:main.c        **** {
 260              		.loc 1 87 0
 261              		.cfi_startproc
 262 0000 80B5     		push	{r7, lr}
 263              		.cfi_def_cfa_offset 8
 264              		.cfi_offset 7, -8
 265              		.cfi_offset 14, -4
 266 0002 82B0     		sub	sp, sp, #8
 267              		.cfi_def_cfa_offset 16
 268 0004 00AF     		add	r7, sp, #0
 269              		.cfi_def_cfa_register 7
  88:main.c        ****     uint32_t result;
  89:main.c        ****     
  90:main.c        ****     SetLedsState(LED_ENABLE, LED_DISABLE);
 270              		.loc 1 90 0
 271 0006 0120     		mov	r0, #1
 272 0008 0021     		mov	r1, #0
 273 000a FFF7FEFF 		bl	SetLedsState
  91:main.c        ****     
  92:main.c        ****     /*network connect*/
  93:main.c        ****     if(NetworkStatus() == NETWORK_DISCONN)
 274              		.loc 1 93 0
 275 000e FFF7FEFF 		bl	NetworkStatus
 276 0012 031E     		sub	r3, r0, #0
 277 0014 09D1     		bne	.L20
  94:main.c        ****     {
  95:main.c        ****         Display("Connect...");
 278              		.loc 1 95 0
 279 0016 194B     		ldr	r3, .L24
 280 0018 181C     		mov	r0, r3
 281 001a FFF7FEFF 		bl	Display
  96:main.c        ****         CyDelay(TIMEOUT_STATE);
 282              		.loc 1 96 0
 283 001e FA23     		mov	r3, #250
 284 0020 5B00     		lsl	r3, r3, #1
 285 0022 181C     		mov	r0, r3
 286 0024 FFF7FEFF 		bl	CyDelay
 287 0028 22E0     		b	.L21
 288              	.L20:
  97:main.c        ****     }
  98:main.c        ****     else
ARM GAS  C:\Users\Petro\AppData\Local\Temp\cc1AFWQt.s 			page 8


  99:main.c        ****     {
 100:main.c        ****         /*time sync*/
 101:main.c        ****         Display("Sync time...");
 289              		.loc 1 101 0
 290 002a 154B     		ldr	r3, .L24+4
 291 002c 181C     		mov	r0, r3
 292 002e FFF7FEFF 		bl	Display
 102:main.c        ****         
 103:main.c        ****         if(NTPsync() == TIME_SYNC_OK)
 293              		.loc 1 103 0
 294 0032 FFF7FEFF 		bl	NTPsync
 295 0036 031E     		sub	r3, r0, #0
 296 0038 0DD1     		bne	.L22
 104:main.c        ****         {
 105:main.c        ****             Display("  Sync ok");
 297              		.loc 1 105 0
 298 003a 124B     		ldr	r3, .L24+8
 299 003c 181C     		mov	r0, r3
 300 003e FFF7FEFF 		bl	Display
 106:main.c        ****             ClearRebootFlag();
 301              		.loc 1 106 0
 302 0042 FFF7FEFF 		bl	ClearRebootFlag
 107:main.c        ****             CyDelay(TIMEOUT_USER_READ_INFO);
 303              		.loc 1 107 0
 304 0046 FA23     		mov	r3, #250
 305 0048 5B00     		lsl	r3, r3, #1
 306 004a 181C     		mov	r0, r3
 307 004c FFF7FEFF 		bl	CyDelay
 108:main.c        ****             
 109:main.c        ****             result = TIME_SYNC_OK;
 308              		.loc 1 109 0
 309 0050 0023     		mov	r3, #0
 310 0052 7B60     		str	r3, [r7, #4]
 311 0054 0CE0     		b	.L21
 312              	.L22:
 110:main.c        ****         }
 111:main.c        ****         else
 112:main.c        ****         {
 113:main.c        ****             Display("Sync error");
 313              		.loc 1 113 0
 314 0056 0C4B     		ldr	r3, .L24+12
 315 0058 181C     		mov	r0, r3
 316 005a FFF7FEFF 		bl	Display
 114:main.c        ****             SetRebootFlag();
 317              		.loc 1 114 0
 318 005e FFF7FEFF 		bl	SetRebootFlag
 115:main.c        ****             CyDelay(TIMEOUT_USER_READ_INFO);
 319              		.loc 1 115 0
 320 0062 FA23     		mov	r3, #250
 321 0064 5B00     		lsl	r3, r3, #1
 322 0066 181C     		mov	r0, r3
 323 0068 FFF7FEFF 		bl	CyDelay
 116:main.c        ****       
 117:main.c        ****             result = TIME_SYNC_ERR;
 324              		.loc 1 117 0
 325 006c 0123     		mov	r3, #1
 326 006e 7B60     		str	r3, [r7, #4]
ARM GAS  C:\Users\Petro\AppData\Local\Temp\cc1AFWQt.s 			page 9


 327              	.L21:
 118:main.c        ****         }
 119:main.c        ****     }
 120:main.c        ****     
 121:main.c        ****     return result;
 328              		.loc 1 121 0
 329 0070 7B68     		ldr	r3, [r7, #4]
 122:main.c        **** }
 330              		.loc 1 122 0
 331 0072 181C     		mov	r0, r3
 332 0074 BD46     		mov	sp, r7
 333 0076 02B0     		add	sp, sp, #8
 334              		@ sp needed
 335 0078 80BD     		pop	{r7, pc}
 336              	.L25:
 337 007a C046     		.align	2
 338              	.L24:
 339 007c 10000000 		.word	.LC4
 340 0080 1C000000 		.word	.LC6
 341 0084 2C000000 		.word	.LC8
 342 0088 38000000 		.word	.LC10
 343              		.cfi_endproc
 344              	.LFE65:
 345              		.size	TimeSynchronize, .-TimeSynchronize
 346              		.section	.rodata
 347 0043 00       		.align	2
 348              	.LC12:
 349 0044 204E6F20 		.ascii	" No ready\000"
 349      72656164 
 349      7900
 350              		.section	.text.GetFinishStatus,"ax",%progbits
 351              		.align	2
 352              		.global	GetFinishStatus
 353              		.code	16
 354              		.thumb_func
 355              		.type	GetFinishStatus, %function
 356              	GetFinishStatus:
 357              	.LFB66:
 123:main.c        **** 
 124:main.c        **** uint32_t GetFinishStatus(void)
 125:main.c        **** {
 358              		.loc 1 125 0
 359              		.cfi_startproc
 360 0000 80B5     		push	{r7, lr}
 361              		.cfi_def_cfa_offset 8
 362              		.cfi_offset 7, -8
 363              		.cfi_offset 14, -4
 364 0002 82B0     		sub	sp, sp, #8
 365              		.cfi_def_cfa_offset 16
 366 0004 00AF     		add	r7, sp, #0
 367              		.cfi_def_cfa_register 7
 126:main.c        ****     uint32_t result;
 127:main.c        ****     
 128:main.c        ****     if (NetworkStatus() == NETWORK_DISCONN || FinWriteInDB() == NO_WRITE || FinReady() == NO_READY)
 368              		.loc 1 128 0
 369 0006 FFF7FEFF 		bl	NetworkStatus
 370 000a 031E     		sub	r3, r0, #0
ARM GAS  C:\Users\Petro\AppData\Local\Temp\cc1AFWQt.s 			page 10


 371 000c 07D0     		beq	.L27
 372              		.loc 1 128 0 is_stmt 0 discriminator 1
 373 000e FFF7FEFF 		bl	FinWriteInDB
 374 0012 031E     		sub	r3, r0, #0
 375 0014 03D0     		beq	.L27
 376              		.loc 1 128 0 discriminator 2
 377 0016 FFF7FEFF 		bl	FinReady
 378 001a 031E     		sub	r3, r0, #0
 379 001c 11D1     		bne	.L28
 380              	.L27:
 129:main.c        ****     {
 130:main.c        ****         //LedRedBlink(FREQ_ERR_BLINK);
 131:main.c        ****         SetLedsState(LED_ENABLE, LED_DISABLE);
 381              		.loc 1 131 0 is_stmt 1
 382 001e 0120     		mov	r0, #1
 383 0020 0021     		mov	r1, #0
 384 0022 FFF7FEFF 		bl	SetLedsState
 132:main.c        ****         Display(" No ready");
 385              		.loc 1 132 0
 386 0026 0F4B     		ldr	r3, .L32
 387 0028 181C     		mov	r0, r3
 388 002a FFF7FEFF 		bl	Display
 133:main.c        ****         DisAllowNextSkier();
 389              		.loc 1 133 0
 390 002e FFF7FEFF 		bl	DisAllowNextSkier
 134:main.c        ****         CyDelay(TIMEOUT_USER_READ_INFO);
 391              		.loc 1 134 0
 392 0032 FA23     		mov	r3, #250
 393 0034 5B00     		lsl	r3, r3, #1
 394 0036 181C     		mov	r0, r3
 395 0038 FFF7FEFF 		bl	CyDelay
 135:main.c        ****         result = ERROR;
 396              		.loc 1 135 0
 397 003c 0023     		mov	r3, #0
 398 003e 7B60     		str	r3, [r7, #4]
 399 0040 01E0     		b	.L29
 400              	.L28:
 136:main.c        ****     }
 137:main.c        ****     else
 138:main.c        ****     {
 139:main.c        ****         result = NO_ERROR;
 401              		.loc 1 139 0
 402 0042 0123     		mov	r3, #1
 403 0044 7B60     		str	r3, [r7, #4]
 404              	.L29:
 140:main.c        ****     }
 141:main.c        ****     
 142:main.c        ****     if(IsRebootFinishFlag() == REBOOT)
 405              		.loc 1 142 0
 406 0046 FFF7FEFF 		bl	IsRebootFinishFlag
 407 004a 031E     		sub	r3, r0, #0
 408 004c FF2B     		cmp	r3, #255
 409 004e 01D1     		bne	.L30
 143:main.c        ****     {
 144:main.c        ****         result = REBOOT;    
 410              		.loc 1 144 0
 411 0050 FF23     		mov	r3, #255
ARM GAS  C:\Users\Petro\AppData\Local\Temp\cc1AFWQt.s 			page 11


 412 0052 7B60     		str	r3, [r7, #4]
 413              	.L30:
 145:main.c        ****     }
 146:main.c        ****     
 147:main.c        ****     newFuncTestMode();
 414              		.loc 1 147 0
 415 0054 FFF7FEFF 		bl	newFuncTestMode
 148:main.c        ****     
 149:main.c        ****     return result;
 416              		.loc 1 149 0
 417 0058 7B68     		ldr	r3, [r7, #4]
 150:main.c        ****     
 151:main.c        **** }
 418              		.loc 1 151 0
 419 005a 181C     		mov	r0, r3
 420 005c BD46     		mov	sp, r7
 421 005e 02B0     		add	sp, sp, #8
 422              		@ sp needed
 423 0060 80BD     		pop	{r7, pc}
 424              	.L33:
 425 0062 C046     		.align	2
 426              	.L32:
 427 0064 44000000 		.word	.LC12
 428              		.cfi_endproc
 429              	.LFE66:
 430              		.size	GetFinishStatus, .-GetFinishStatus
 431              		.section	.rodata
 432 004e 0000     		.align	2
 433              	.LC14:
 434 0050 536B6965 		.ascii	"Skier Started\000"
 434      72205374 
 434      61727465 
 434      6400
 435 005e 0000     		.align	2
 436              	.LC16:
 437 0060 53746172 		.ascii	"Start ready\000"
 437      74207265 
 437      61647900 
 438              		.section	.text.CheckGate,"ax",%progbits
 439              		.align	2
 440              		.global	CheckGate
 441              		.code	16
 442              		.thumb_func
 443              		.type	CheckGate, %function
 444              	CheckGate:
 445              	.LFB67:
 152:main.c        **** 
 153:main.c        **** uint32_t CheckGate(void)
 154:main.c        **** {
 446              		.loc 1 154 0
 447              		.cfi_startproc
 448 0000 80B5     		push	{r7, lr}
 449              		.cfi_def_cfa_offset 8
 450              		.cfi_offset 7, -8
 451              		.cfi_offset 14, -4
 452 0002 82B0     		sub	sp, sp, #8
 453              		.cfi_def_cfa_offset 16
ARM GAS  C:\Users\Petro\AppData\Local\Temp\cc1AFWQt.s 			page 12


 454 0004 00AF     		add	r7, sp, #0
 455              		.cfi_def_cfa_register 7
 155:main.c        ****     uint32_t result;
 156:main.c        ****     
 157:main.c        ****     result = GateIsOpen();
 456              		.loc 1 157 0
 457 0006 FFF7FEFF 		bl	GateIsOpen
 458 000a 031C     		mov	r3, r0
 459 000c 7B60     		str	r3, [r7, #4]
 158:main.c        ****     
 159:main.c        ****     if(result == GATE_OPEN)
 460              		.loc 1 159 0
 461 000e 7B68     		ldr	r3, [r7, #4]
 462 0010 012B     		cmp	r3, #1
 463 0012 0FD1     		bne	.L35
 160:main.c        ****     {
 161:main.c        ****         DisAllowNextSkier();
 464              		.loc 1 161 0
 465 0014 FFF7FEFF 		bl	DisAllowNextSkier
 162:main.c        ****         Display("Skier Started");
 466              		.loc 1 162 0
 467 0018 0E4B     		ldr	r3, .L38
 468 001a 181C     		mov	r0, r3
 469 001c FFF7FEFF 		bl	Display
 163:main.c        ****         SetLedsState(LED_ENABLE, LED_DISABLE);
 470              		.loc 1 163 0
 471 0020 0120     		mov	r0, #1
 472 0022 0021     		mov	r1, #0
 473 0024 FFF7FEFF 		bl	SetLedsState
 164:main.c        ****         CyDelay(TIMEOUT_USER_READ_INFO);
 474              		.loc 1 164 0
 475 0028 FA23     		mov	r3, #250
 476 002a 5B00     		lsl	r3, r3, #1
 477 002c 181C     		mov	r0, r3
 478 002e FFF7FEFF 		bl	CyDelay
 479 0032 09E0     		b	.L36
 480              	.L35:
 165:main.c        ****     }
 166:main.c        ****     else
 167:main.c        ****     {
 168:main.c        ****         Display("Start ready");
 481              		.loc 1 168 0
 482 0034 084B     		ldr	r3, .L38+4
 483 0036 181C     		mov	r0, r3
 484 0038 FFF7FEFF 		bl	Display
 169:main.c        ****         SetLedsState(LED_DISABLE, LED_ENABLE);
 485              		.loc 1 169 0
 486 003c 0020     		mov	r0, #0
 487 003e 0121     		mov	r1, #1
 488 0040 FFF7FEFF 		bl	SetLedsState
 170:main.c        ****         AllowNextSkier();
 489              		.loc 1 170 0
 490 0044 FFF7FEFF 		bl	AllowNextSkier
 491              	.L36:
 171:main.c        ****     }
 172:main.c        **** 
 173:main.c        ****     return result;
ARM GAS  C:\Users\Petro\AppData\Local\Temp\cc1AFWQt.s 			page 13


 492              		.loc 1 173 0
 493 0048 7B68     		ldr	r3, [r7, #4]
 174:main.c        ****     
 175:main.c        **** }
 494              		.loc 1 175 0
 495 004a 181C     		mov	r0, r3
 496 004c BD46     		mov	sp, r7
 497 004e 02B0     		add	sp, sp, #8
 498              		@ sp needed
 499 0050 80BD     		pop	{r7, pc}
 500              	.L39:
 501 0052 C046     		.align	2
 502              	.L38:
 503 0054 50000000 		.word	.LC14
 504 0058 60000000 		.word	.LC16
 505              		.cfi_endproc
 506              	.LFE67:
 507              		.size	CheckGate, .-CheckGate
 508              		.section	.rodata
 509              		.align	2
 510              	.LC18:
 511 006c 53617665 		.ascii	"Save result\000"
 511      20726573 
 511      756C7400 
 512              		.align	2
 513              	.LC20:
 514 0078 4E657874 		.ascii	"Next skier\000"
 514      20736B69 
 514      657200
 515 0083 00       		.section	.text.SaveResult,"ax",%progbits
 516              		.align	2
 517              		.global	SaveResult
 518              		.code	16
 519              		.thumb_func
 520              		.type	SaveResult, %function
 521              	SaveResult:
 522              	.LFB68:
 176:main.c        **** 
 177:main.c        **** uint32_t SaveResult(void)
 178:main.c        **** {
 523              		.loc 1 178 0
 524              		.cfi_startproc
 525 0000 90B5     		push	{r4, r7, lr}
 526              		.cfi_def_cfa_offset 12
 527              		.cfi_offset 4, -12
 528              		.cfi_offset 7, -8
 529              		.cfi_offset 14, -4
 530 0002 87B0     		sub	sp, sp, #28
 531              		.cfi_def_cfa_offset 40
 532 0004 00AF     		add	r7, sp, #0
 533              		.cfi_def_cfa_register 7
 179:main.c        ****     uint32_t result;
 180:main.c        ****     uint64_t startUnixTime;
 181:main.c        ****     uint32_t startRecentMs;
 182:main.c        ****     
 183:main.c        ****     //LedRedBlink(FREQ_INIT_BLINK);
 184:main.c        ****     SetLedsState(LED_ENABLE, LED_DISABLE);
ARM GAS  C:\Users\Petro\AppData\Local\Temp\cc1AFWQt.s 			page 14


 534              		.loc 1 184 0
 535 0006 0120     		mov	r0, #1
 536 0008 0021     		mov	r1, #0
 537 000a FFF7FEFF 		bl	SetLedsState
 185:main.c        ****     
 186:main.c        ****     Display("Save result");
 538              		.loc 1 186 0
 539 000e 134B     		ldr	r3, .L42
 540 0010 181C     		mov	r0, r3
 541 0012 FFF7FEFF 		bl	Display
 187:main.c        ****     
 188:main.c        ****     GetStartTime(&startUnixTime, &startRecentMs);
 542              		.loc 1 188 0
 543 0016 0823     		mov	r3, #8
 544 0018 FA18     		add	r2, r7, r3
 545 001a 3B1D     		add	r3, r7, #4
 546 001c 101C     		mov	r0, r2
 547 001e 191C     		mov	r1, r3
 548 0020 FFF7FEFF 		bl	GetStartTime
 189:main.c        ****     SendSkierStart(startUnixTime, startRecentMs);
 549              		.loc 1 189 0
 550 0024 BB68     		ldr	r3, [r7, #8]
 551 0026 FC68     		ldr	r4, [r7, #12]
 552 0028 7A68     		ldr	r2, [r7, #4]
 553 002a 181C     		mov	r0, r3
 554 002c 211C     		mov	r1, r4
 555 002e FFF7FEFF 		bl	SendSkierStart
 190:main.c        ****     CyDelay(TIMEOUT_USER_READ_INFO);
 556              		.loc 1 190 0
 557 0032 FA23     		mov	r3, #250
 558 0034 5B00     		lsl	r3, r3, #1
 559 0036 181C     		mov	r0, r3
 560 0038 FFF7FEFF 		bl	CyDelay
 191:main.c        ****     
 192:main.c        ****     Display("Next skier");
 561              		.loc 1 192 0
 562 003c 084B     		ldr	r3, .L42+4
 563 003e 181C     		mov	r0, r3
 564 0040 FFF7FEFF 		bl	Display
 193:main.c        ****     CyDelay(TIMEOUT_NEXT_SKIER);
 565              		.loc 1 193 0
 566 0044 074B     		ldr	r3, .L42+8
 567 0046 181C     		mov	r0, r3
 568 0048 FFF7FEFF 		bl	CyDelay
 194:main.c        ****     
 195:main.c        ****     result = NO_ERROR;
 569              		.loc 1 195 0
 570 004c 0123     		mov	r3, #1
 571 004e 7B61     		str	r3, [r7, #20]
 196:main.c        ****     
 197:main.c        ****     return result;
 572              		.loc 1 197 0
 573 0050 7B69     		ldr	r3, [r7, #20]
 198:main.c        ****     
 199:main.c        **** }
 574              		.loc 1 199 0
 575 0052 181C     		mov	r0, r3
ARM GAS  C:\Users\Petro\AppData\Local\Temp\cc1AFWQt.s 			page 15


 576 0054 BD46     		mov	sp, r7
 577 0056 07B0     		add	sp, sp, #28
 578              		@ sp needed
 579 0058 90BD     		pop	{r4, r7, pc}
 580              	.L43:
 581 005a C046     		.align	2
 582              	.L42:
 583 005c 6C000000 		.word	.LC18
 584 0060 78000000 		.word	.LC20
 585 0064 B80B0000 		.word	3000
 586              		.cfi_endproc
 587              	.LFE68:
 588              		.size	SaveResult, .-SaveResult
 589              		.text
 590              	.Letext0:
 591              		.file 2 "c:\\program files (x86)\\cypress\\psoc creator\\4.0\\psoc creator\\import\\gnu\\arm\\4.9.
 592              		.file 3 "c:\\program files (x86)\\cypress\\psoc creator\\4.0\\psoc creator\\import\\gnu\\arm\\4.9.
 593              		.file 4 "lib_TaskTimer\\taskAutomat.h"
 594              		.file 5 "appGlobal.h"
 595              		.section	.debug_info,"",%progbits
 596              	.Ldebug_info0:
 597 0000 07020000 		.4byte	0x207
 598 0004 0400     		.2byte	0x4
 599 0006 00000000 		.4byte	.Ldebug_abbrev0
 600 000a 04       		.byte	0x4
 601 000b 01       		.uleb128 0x1
 602 000c 21010000 		.4byte	.LASF36
 603 0010 01       		.byte	0x1
 604 0011 42020000 		.4byte	.LASF37
 605 0015 2C000000 		.4byte	.LASF38
 606 0019 00000000 		.4byte	.Ldebug_ranges0+0
 607 001d 00000000 		.4byte	0
 608 0021 00000000 		.4byte	.Ldebug_line0
 609 0025 02       		.uleb128 0x2
 610 0026 01       		.byte	0x1
 611 0027 06       		.byte	0x6
 612 0028 75020000 		.4byte	.LASF0
 613 002c 02       		.uleb128 0x2
 614 002d 01       		.byte	0x1
 615 002e 08       		.byte	0x8
 616 002f C7000000 		.4byte	.LASF1
 617 0033 02       		.uleb128 0x2
 618 0034 02       		.byte	0x2
 619 0035 05       		.byte	0x5
 620 0036 4E020000 		.4byte	.LASF2
 621 003a 02       		.uleb128 0x2
 622 003b 02       		.byte	0x2
 623 003c 07       		.byte	0x7
 624 003d E7000000 		.4byte	.LASF3
 625 0041 02       		.uleb128 0x2
 626 0042 04       		.byte	0x4
 627 0043 05       		.byte	0x5
 628 0044 6C020000 		.4byte	.LASF4
 629 0048 03       		.uleb128 0x3
 630 0049 16010000 		.4byte	.LASF7
 631 004d 02       		.byte	0x2
 632 004e 41       		.byte	0x41
ARM GAS  C:\Users\Petro\AppData\Local\Temp\cc1AFWQt.s 			page 16


 633 004f 53000000 		.4byte	0x53
 634 0053 02       		.uleb128 0x2
 635 0054 04       		.byte	0x4
 636 0055 07       		.byte	0x7
 637 0056 D5000000 		.4byte	.LASF5
 638 005a 02       		.uleb128 0x2
 639 005b 08       		.byte	0x8
 640 005c 05       		.byte	0x5
 641 005d 34020000 		.4byte	.LASF6
 642 0061 03       		.uleb128 0x3
 643 0062 58020000 		.4byte	.LASF8
 644 0066 02       		.byte	0x2
 645 0067 5B       		.byte	0x5b
 646 0068 6C000000 		.4byte	0x6c
 647 006c 02       		.uleb128 0x2
 648 006d 08       		.byte	0x8
 649 006e 07       		.byte	0x7
 650 006f E9010000 		.4byte	.LASF9
 651 0073 04       		.uleb128 0x4
 652 0074 04       		.byte	0x4
 653 0075 05       		.byte	0x5
 654 0076 696E7400 		.ascii	"int\000"
 655 007a 02       		.uleb128 0x2
 656 007b 04       		.byte	0x4
 657 007c 07       		.byte	0x7
 658 007d DC010000 		.4byte	.LASF10
 659 0081 03       		.uleb128 0x3
 660 0082 63020000 		.4byte	.LASF11
 661 0086 03       		.byte	0x3
 662 0087 2D       		.byte	0x2d
 663 0088 48000000 		.4byte	0x48
 664 008c 03       		.uleb128 0x3
 665 008d B8000000 		.4byte	.LASF12
 666 0091 03       		.byte	0x3
 667 0092 39       		.byte	0x39
 668 0093 61000000 		.4byte	0x61
 669 0097 02       		.uleb128 0x2
 670 0098 04       		.byte	0x4
 671 0099 04       		.byte	0x4
 672 009a C1000000 		.4byte	.LASF13
 673 009e 02       		.uleb128 0x2
 674 009f 08       		.byte	0x8
 675 00a0 04       		.byte	0x4
 676 00a1 05010000 		.4byte	.LASF14
 677 00a5 02       		.uleb128 0x2
 678 00a6 01       		.byte	0x1
 679 00a7 08       		.byte	0x8
 680 00a8 49020000 		.4byte	.LASF15
 681 00ac 02       		.uleb128 0x2
 682 00ad 04       		.byte	0x4
 683 00ae 07       		.byte	0x7
 684 00af 2B020000 		.4byte	.LASF16
 685 00b3 05       		.uleb128 0x5
 686 00b4 01       		.byte	0x1
 687 00b5 04       		.byte	0x4
 688 00b6 0C       		.byte	0xc
 689 00b7 DA000000 		.4byte	0xda
ARM GAS  C:\Users\Petro\AppData\Local\Temp\cc1AFWQt.s 			page 17


 690 00bb 06       		.uleb128 0x6
 691 00bc 86000000 		.4byte	.LASF17
 692 00c0 00       		.sleb128 0
 693 00c1 06       		.uleb128 0x6
 694 00c2 8E000000 		.4byte	.LASF18
 695 00c6 01       		.sleb128 1
 696 00c7 06       		.uleb128 0x6
 697 00c8 96000000 		.4byte	.LASF19
 698 00cc 02       		.sleb128 2
 699 00cd 06       		.uleb128 0x6
 700 00ce 9E000000 		.4byte	.LASF20
 701 00d2 03       		.sleb128 3
 702 00d3 06       		.uleb128 0x6
 703 00d4 A6000000 		.4byte	.LASF21
 704 00d8 04       		.sleb128 4
 705 00d9 00       		.byte	0
 706 00da 05       		.uleb128 0x5
 707 00db 01       		.byte	0x1
 708 00dc 05       		.byte	0x5
 709 00dd 14       		.byte	0x14
 710 00de FB000000 		.4byte	0xfb
 711 00e2 06       		.uleb128 0x6
 712 00e3 0C010000 		.4byte	.LASF22
 713 00e7 00       		.sleb128 0
 714 00e8 06       		.uleb128 0x6
 715 00e9 00000000 		.4byte	.LASF23
 716 00ed 01       		.sleb128 1
 717 00ee 06       		.uleb128 0x6
 718 00ef FA000000 		.4byte	.LASF24
 719 00f3 02       		.sleb128 2
 720 00f4 06       		.uleb128 0x6
 721 00f5 81020000 		.4byte	.LASF25
 722 00f9 03       		.sleb128 3
 723 00fa 00       		.byte	0
 724 00fb 03       		.uleb128 0x3
 725 00fc AF010000 		.4byte	.LASF26
 726 0100 05       		.byte	0x5
 727 0101 14       		.byte	0x14
 728 0102 DA000000 		.4byte	0xda
 729 0106 07       		.uleb128 0x7
 730 0107 D7010000 		.4byte	.LASF27
 731 010b 01       		.byte	0x1
 732 010c 03       		.byte	0x3
 733 010d 73000000 		.4byte	0x73
 734 0111 00000000 		.4byte	.LFB63
 735 0115 B4000000 		.4byte	.LFE63-.LFB63
 736 0119 01       		.uleb128 0x1
 737 011a 9C       		.byte	0x9c
 738 011b 08       		.uleb128 0x8
 739 011c 12020000 		.4byte	.LASF28
 740 0120 01       		.byte	0x1
 741 0121 3D       		.byte	0x3d
 742 0122 00000000 		.4byte	.LFB64
 743 0126 68000000 		.4byte	.LFE64-.LFB64
 744 012a 01       		.uleb128 0x1
 745 012b 9C       		.byte	0x9c
 746 012c 09       		.uleb128 0x9
ARM GAS  C:\Users\Petro\AppData\Local\Temp\cc1AFWQt.s 			page 18


 747 012d C7010000 		.4byte	.LASF29
 748 0131 01       		.byte	0x1
 749 0132 56       		.byte	0x56
 750 0133 81000000 		.4byte	0x81
 751 0137 00000000 		.4byte	.LFB65
 752 013b 8C000000 		.4byte	.LFE65-.LFB65
 753 013f 01       		.uleb128 0x1
 754 0140 9C       		.byte	0x9c
 755 0141 54010000 		.4byte	0x154
 756 0145 0A       		.uleb128 0xa
 757 0146 0B020000 		.4byte	.LASF31
 758 014a 01       		.byte	0x1
 759 014b 58       		.byte	0x58
 760 014c 81000000 		.4byte	0x81
 761 0150 02       		.uleb128 0x2
 762 0151 91       		.byte	0x91
 763 0152 74       		.sleb128 -12
 764 0153 00       		.byte	0
 765 0154 09       		.uleb128 0x9
 766 0155 1C000000 		.4byte	.LASF30
 767 0159 01       		.byte	0x1
 768 015a 7C       		.byte	0x7c
 769 015b 81000000 		.4byte	0x81
 770 015f 00000000 		.4byte	.LFB66
 771 0163 68000000 		.4byte	.LFE66-.LFB66
 772 0167 01       		.uleb128 0x1
 773 0168 9C       		.byte	0x9c
 774 0169 7C010000 		.4byte	0x17c
 775 016d 0A       		.uleb128 0xa
 776 016e 0B020000 		.4byte	.LASF31
 777 0172 01       		.byte	0x1
 778 0173 7E       		.byte	0x7e
 779 0174 81000000 		.4byte	0x81
 780 0178 02       		.uleb128 0x2
 781 0179 91       		.byte	0x91
 782 017a 74       		.sleb128 -12
 783 017b 00       		.byte	0
 784 017c 09       		.uleb128 0x9
 785 017d AE000000 		.4byte	.LASF32
 786 0181 01       		.byte	0x1
 787 0182 99       		.byte	0x99
 788 0183 81000000 		.4byte	0x81
 789 0187 00000000 		.4byte	.LFB67
 790 018b 5C000000 		.4byte	.LFE67-.LFB67
 791 018f 01       		.uleb128 0x1
 792 0190 9C       		.byte	0x9c
 793 0191 A4010000 		.4byte	0x1a4
 794 0195 0A       		.uleb128 0xa
 795 0196 0B020000 		.4byte	.LASF31
 796 019a 01       		.byte	0x1
 797 019b 9B       		.byte	0x9b
 798 019c 81000000 		.4byte	0x81
 799 01a0 02       		.uleb128 0x2
 800 01a1 91       		.byte	0x91
 801 01a2 74       		.sleb128 -12
 802 01a3 00       		.byte	0
 803 01a4 09       		.uleb128 0x9
ARM GAS  C:\Users\Petro\AppData\Local\Temp\cc1AFWQt.s 			page 19


 804 01a5 00020000 		.4byte	.LASF33
 805 01a9 01       		.byte	0x1
 806 01aa B1       		.byte	0xb1
 807 01ab 81000000 		.4byte	0x81
 808 01af 00000000 		.4byte	.LFB68
 809 01b3 68000000 		.4byte	.LFE68-.LFB68
 810 01b7 01       		.uleb128 0x1
 811 01b8 9C       		.byte	0x9c
 812 01b9 E8010000 		.4byte	0x1e8
 813 01bd 0A       		.uleb128 0xa
 814 01be 0B020000 		.4byte	.LASF31
 815 01c2 01       		.byte	0x1
 816 01c3 B3       		.byte	0xb3
 817 01c4 81000000 		.4byte	0x81
 818 01c8 02       		.uleb128 0x2
 819 01c9 91       		.byte	0x91
 820 01ca 6C       		.sleb128 -20
 821 01cb 0A       		.uleb128 0xa
 822 01cc 1D020000 		.4byte	.LASF34
 823 01d0 01       		.byte	0x1
 824 01d1 B4       		.byte	0xb4
 825 01d2 8C000000 		.4byte	0x8c
 826 01d6 02       		.uleb128 0x2
 827 01d7 91       		.byte	0x91
 828 01d8 60       		.sleb128 -32
 829 01d9 0A       		.uleb128 0xa
 830 01da B9010000 		.4byte	.LASF35
 831 01de 01       		.byte	0x1
 832 01df B5       		.byte	0xb5
 833 01e0 81000000 		.4byte	0x81
 834 01e4 02       		.uleb128 0x2
 835 01e5 91       		.byte	0x91
 836 01e6 5C       		.sleb128 -36
 837 01e7 00       		.byte	0
 838 01e8 0A       		.uleb128 0xa
 839 01e9 0B020000 		.4byte	.LASF31
 840 01ed 05       		.byte	0x5
 841 01ee 17       		.byte	0x17
 842 01ef 81000000 		.4byte	0x81
 843 01f3 05       		.uleb128 0x5
 844 01f4 03       		.byte	0x3
 845 01f5 00000000 		.4byte	result
 846 01f9 0B       		.uleb128 0xb
 847 01fa 0F000000 		.4byte	.LASF39
 848 01fe 05       		.byte	0x5
 849 01ff 15       		.byte	0x15
 850 0200 FB000000 		.4byte	0xfb
 851 0204 05       		.uleb128 0x5
 852 0205 03       		.byte	0x3
 853 0206 00000000 		.4byte	currentState
 854 020a 00       		.byte	0
 855              		.section	.debug_abbrev,"",%progbits
 856              	.Ldebug_abbrev0:
 857 0000 01       		.uleb128 0x1
 858 0001 11       		.uleb128 0x11
 859 0002 01       		.byte	0x1
 860 0003 25       		.uleb128 0x25
ARM GAS  C:\Users\Petro\AppData\Local\Temp\cc1AFWQt.s 			page 20


 861 0004 0E       		.uleb128 0xe
 862 0005 13       		.uleb128 0x13
 863 0006 0B       		.uleb128 0xb
 864 0007 03       		.uleb128 0x3
 865 0008 0E       		.uleb128 0xe
 866 0009 1B       		.uleb128 0x1b
 867 000a 0E       		.uleb128 0xe
 868 000b 55       		.uleb128 0x55
 869 000c 17       		.uleb128 0x17
 870 000d 11       		.uleb128 0x11
 871 000e 01       		.uleb128 0x1
 872 000f 10       		.uleb128 0x10
 873 0010 17       		.uleb128 0x17
 874 0011 00       		.byte	0
 875 0012 00       		.byte	0
 876 0013 02       		.uleb128 0x2
 877 0014 24       		.uleb128 0x24
 878 0015 00       		.byte	0
 879 0016 0B       		.uleb128 0xb
 880 0017 0B       		.uleb128 0xb
 881 0018 3E       		.uleb128 0x3e
 882 0019 0B       		.uleb128 0xb
 883 001a 03       		.uleb128 0x3
 884 001b 0E       		.uleb128 0xe
 885 001c 00       		.byte	0
 886 001d 00       		.byte	0
 887 001e 03       		.uleb128 0x3
 888 001f 16       		.uleb128 0x16
 889 0020 00       		.byte	0
 890 0021 03       		.uleb128 0x3
 891 0022 0E       		.uleb128 0xe
 892 0023 3A       		.uleb128 0x3a
 893 0024 0B       		.uleb128 0xb
 894 0025 3B       		.uleb128 0x3b
 895 0026 0B       		.uleb128 0xb
 896 0027 49       		.uleb128 0x49
 897 0028 13       		.uleb128 0x13
 898 0029 00       		.byte	0
 899 002a 00       		.byte	0
 900 002b 04       		.uleb128 0x4
 901 002c 24       		.uleb128 0x24
 902 002d 00       		.byte	0
 903 002e 0B       		.uleb128 0xb
 904 002f 0B       		.uleb128 0xb
 905 0030 3E       		.uleb128 0x3e
 906 0031 0B       		.uleb128 0xb
 907 0032 03       		.uleb128 0x3
 908 0033 08       		.uleb128 0x8
 909 0034 00       		.byte	0
 910 0035 00       		.byte	0
 911 0036 05       		.uleb128 0x5
 912 0037 04       		.uleb128 0x4
 913 0038 01       		.byte	0x1
 914 0039 0B       		.uleb128 0xb
 915 003a 0B       		.uleb128 0xb
 916 003b 3A       		.uleb128 0x3a
 917 003c 0B       		.uleb128 0xb
ARM GAS  C:\Users\Petro\AppData\Local\Temp\cc1AFWQt.s 			page 21


 918 003d 3B       		.uleb128 0x3b
 919 003e 0B       		.uleb128 0xb
 920 003f 01       		.uleb128 0x1
 921 0040 13       		.uleb128 0x13
 922 0041 00       		.byte	0
 923 0042 00       		.byte	0
 924 0043 06       		.uleb128 0x6
 925 0044 28       		.uleb128 0x28
 926 0045 00       		.byte	0
 927 0046 03       		.uleb128 0x3
 928 0047 0E       		.uleb128 0xe
 929 0048 1C       		.uleb128 0x1c
 930 0049 0D       		.uleb128 0xd
 931 004a 00       		.byte	0
 932 004b 00       		.byte	0
 933 004c 07       		.uleb128 0x7
 934 004d 2E       		.uleb128 0x2e
 935 004e 00       		.byte	0
 936 004f 3F       		.uleb128 0x3f
 937 0050 19       		.uleb128 0x19
 938 0051 03       		.uleb128 0x3
 939 0052 0E       		.uleb128 0xe
 940 0053 3A       		.uleb128 0x3a
 941 0054 0B       		.uleb128 0xb
 942 0055 3B       		.uleb128 0x3b
 943 0056 0B       		.uleb128 0xb
 944 0057 49       		.uleb128 0x49
 945 0058 13       		.uleb128 0x13
 946 0059 11       		.uleb128 0x11
 947 005a 01       		.uleb128 0x1
 948 005b 12       		.uleb128 0x12
 949 005c 06       		.uleb128 0x6
 950 005d 40       		.uleb128 0x40
 951 005e 18       		.uleb128 0x18
 952 005f 9642     		.uleb128 0x2116
 953 0061 19       		.uleb128 0x19
 954 0062 00       		.byte	0
 955 0063 00       		.byte	0
 956 0064 08       		.uleb128 0x8
 957 0065 2E       		.uleb128 0x2e
 958 0066 00       		.byte	0
 959 0067 3F       		.uleb128 0x3f
 960 0068 19       		.uleb128 0x19
 961 0069 03       		.uleb128 0x3
 962 006a 0E       		.uleb128 0xe
 963 006b 3A       		.uleb128 0x3a
 964 006c 0B       		.uleb128 0xb
 965 006d 3B       		.uleb128 0x3b
 966 006e 0B       		.uleb128 0xb
 967 006f 27       		.uleb128 0x27
 968 0070 19       		.uleb128 0x19
 969 0071 11       		.uleb128 0x11
 970 0072 01       		.uleb128 0x1
 971 0073 12       		.uleb128 0x12
 972 0074 06       		.uleb128 0x6
 973 0075 40       		.uleb128 0x40
 974 0076 18       		.uleb128 0x18
ARM GAS  C:\Users\Petro\AppData\Local\Temp\cc1AFWQt.s 			page 22


 975 0077 9642     		.uleb128 0x2116
 976 0079 19       		.uleb128 0x19
 977 007a 00       		.byte	0
 978 007b 00       		.byte	0
 979 007c 09       		.uleb128 0x9
 980 007d 2E       		.uleb128 0x2e
 981 007e 01       		.byte	0x1
 982 007f 3F       		.uleb128 0x3f
 983 0080 19       		.uleb128 0x19
 984 0081 03       		.uleb128 0x3
 985 0082 0E       		.uleb128 0xe
 986 0083 3A       		.uleb128 0x3a
 987 0084 0B       		.uleb128 0xb
 988 0085 3B       		.uleb128 0x3b
 989 0086 0B       		.uleb128 0xb
 990 0087 27       		.uleb128 0x27
 991 0088 19       		.uleb128 0x19
 992 0089 49       		.uleb128 0x49
 993 008a 13       		.uleb128 0x13
 994 008b 11       		.uleb128 0x11
 995 008c 01       		.uleb128 0x1
 996 008d 12       		.uleb128 0x12
 997 008e 06       		.uleb128 0x6
 998 008f 40       		.uleb128 0x40
 999 0090 18       		.uleb128 0x18
 1000 0091 9642     		.uleb128 0x2116
 1001 0093 19       		.uleb128 0x19
 1002 0094 01       		.uleb128 0x1
 1003 0095 13       		.uleb128 0x13
 1004 0096 00       		.byte	0
 1005 0097 00       		.byte	0
 1006 0098 0A       		.uleb128 0xa
 1007 0099 34       		.uleb128 0x34
 1008 009a 00       		.byte	0
 1009 009b 03       		.uleb128 0x3
 1010 009c 0E       		.uleb128 0xe
 1011 009d 3A       		.uleb128 0x3a
 1012 009e 0B       		.uleb128 0xb
 1013 009f 3B       		.uleb128 0x3b
 1014 00a0 0B       		.uleb128 0xb
 1015 00a1 49       		.uleb128 0x49
 1016 00a2 13       		.uleb128 0x13
 1017 00a3 02       		.uleb128 0x2
 1018 00a4 18       		.uleb128 0x18
 1019 00a5 00       		.byte	0
 1020 00a6 00       		.byte	0
 1021 00a7 0B       		.uleb128 0xb
 1022 00a8 34       		.uleb128 0x34
 1023 00a9 00       		.byte	0
 1024 00aa 03       		.uleb128 0x3
 1025 00ab 0E       		.uleb128 0xe
 1026 00ac 3A       		.uleb128 0x3a
 1027 00ad 0B       		.uleb128 0xb
 1028 00ae 3B       		.uleb128 0x3b
 1029 00af 0B       		.uleb128 0xb
 1030 00b0 49       		.uleb128 0x49
 1031 00b1 13       		.uleb128 0x13
ARM GAS  C:\Users\Petro\AppData\Local\Temp\cc1AFWQt.s 			page 23


 1032 00b2 3F       		.uleb128 0x3f
 1033 00b3 19       		.uleb128 0x19
 1034 00b4 02       		.uleb128 0x2
 1035 00b5 18       		.uleb128 0x18
 1036 00b6 00       		.byte	0
 1037 00b7 00       		.byte	0
 1038 00b8 00       		.byte	0
 1039              		.section	.debug_aranges,"",%progbits
 1040 0000 44000000 		.4byte	0x44
 1041 0004 0200     		.2byte	0x2
 1042 0006 00000000 		.4byte	.Ldebug_info0
 1043 000a 04       		.byte	0x4
 1044 000b 00       		.byte	0
 1045 000c 0000     		.2byte	0
 1046 000e 0000     		.2byte	0
 1047 0010 00000000 		.4byte	.LFB63
 1048 0014 B4000000 		.4byte	.LFE63-.LFB63
 1049 0018 00000000 		.4byte	.LFB64
 1050 001c 68000000 		.4byte	.LFE64-.LFB64
 1051 0020 00000000 		.4byte	.LFB65
 1052 0024 8C000000 		.4byte	.LFE65-.LFB65
 1053 0028 00000000 		.4byte	.LFB66
 1054 002c 68000000 		.4byte	.LFE66-.LFB66
 1055 0030 00000000 		.4byte	.LFB67
 1056 0034 5C000000 		.4byte	.LFE67-.LFB67
 1057 0038 00000000 		.4byte	.LFB68
 1058 003c 68000000 		.4byte	.LFE68-.LFB68
 1059 0040 00000000 		.4byte	0
 1060 0044 00000000 		.4byte	0
 1061              		.section	.debug_ranges,"",%progbits
 1062              	.Ldebug_ranges0:
 1063 0000 00000000 		.4byte	.LFB63
 1064 0004 B4000000 		.4byte	.LFE63
 1065 0008 00000000 		.4byte	.LFB64
 1066 000c 68000000 		.4byte	.LFE64
 1067 0010 00000000 		.4byte	.LFB65
 1068 0014 8C000000 		.4byte	.LFE65
 1069 0018 00000000 		.4byte	.LFB66
 1070 001c 68000000 		.4byte	.LFE66
 1071 0020 00000000 		.4byte	.LFB67
 1072 0024 5C000000 		.4byte	.LFE67
 1073 0028 00000000 		.4byte	.LFB68
 1074 002c 68000000 		.4byte	.LFE68
 1075 0030 00000000 		.4byte	0
 1076 0034 00000000 		.4byte	0
 1077              		.section	.debug_line,"",%progbits
 1078              	.Ldebug_line0:
 1079 0000 0A020000 		.section	.debug_str,"MS",%progbits,1
 1079      02004301 
 1079      00000201 
 1079      FB0E0D00 
 1079      01010101 
 1080              	.LASF23:
 1081 0000 4745545F 		.ascii	"GET_FIN_STATUS\000"
 1081      46494E5F 
 1081      53544154 
 1081      555300
ARM GAS  C:\Users\Petro\AppData\Local\Temp\cc1AFWQt.s 			page 24


 1082              	.LASF39:
 1083 000f 63757272 		.ascii	"currentState\000"
 1083      656E7453 
 1083      74617465 
 1083      00
 1084              	.LASF30:
 1085 001c 47657446 		.ascii	"GetFinishStatus\000"
 1085      696E6973 
 1085      68537461 
 1085      74757300 
 1086              	.LASF38:
 1087 002c 443A5C43 		.ascii	"D:\\Cypress\\system-start-finish\\vesion 2\\fw\\sta"
 1087      79707265 
 1087      73735C73 
 1087      79737465 
 1087      6D2D7374 
 1088 005a 72745C73 		.ascii	"rt\\sandbox\\v11_flag_machine\\start_v10.cydsn\000"
 1088      616E6462 
 1088      6F785C76 
 1088      31315F66 
 1088      6C61675F 
 1089              	.LASF17:
 1090 0086 41435449 		.ascii	"ACTION1\000"
 1090      4F4E3100 
 1091              	.LASF18:
 1092 008e 41435449 		.ascii	"ACTION2\000"
 1092      4F4E3200 
 1093              	.LASF19:
 1094 0096 41435449 		.ascii	"ACTION3\000"
 1094      4F4E3300 
 1095              	.LASF20:
 1096 009e 41435449 		.ascii	"ACTION4\000"
 1096      4F4E3400 
 1097              	.LASF21:
 1098 00a6 41435449 		.ascii	"ACTION5\000"
 1098      4F4E3500 
 1099              	.LASF32:
 1100 00ae 43686563 		.ascii	"CheckGate\000"
 1100      6B476174 
 1100      6500
 1101              	.LASF12:
 1102 00b8 75696E74 		.ascii	"uint64_t\000"
 1102      36345F74 
 1102      00
 1103              	.LASF13:
 1104 00c1 666C6F61 		.ascii	"float\000"
 1104      7400
 1105              	.LASF1:
 1106 00c7 756E7369 		.ascii	"unsigned char\000"
 1106      676E6564 
 1106      20636861 
 1106      7200
 1107              	.LASF5:
 1108 00d5 6C6F6E67 		.ascii	"long unsigned int\000"
 1108      20756E73 
 1108      69676E65 
 1108      6420696E 
ARM GAS  C:\Users\Petro\AppData\Local\Temp\cc1AFWQt.s 			page 25


 1108      7400
 1109              	.LASF3:
 1110 00e7 73686F72 		.ascii	"short unsigned int\000"
 1110      7420756E 
 1110      7369676E 
 1110      65642069 
 1110      6E7400
 1111              	.LASF24:
 1112 00fa 43484543 		.ascii	"CHECK_GATE\000"
 1112      4B5F4741 
 1112      544500
 1113              	.LASF14:
 1114 0105 646F7562 		.ascii	"double\000"
 1114      6C6500
 1115              	.LASF22:
 1116 010c 54494D45 		.ascii	"TIME_SYNC\000"
 1116      5F53594E 
 1116      4300
 1117              	.LASF7:
 1118 0116 5F5F7569 		.ascii	"__uint32_t\000"
 1118      6E743332 
 1118      5F7400
 1119              	.LASF36:
 1120 0121 474E5520 		.ascii	"GNU C 4.9.3 20150303 (release) [ARM/embedded-4_9-br"
 1120      4320342E 
 1120      392E3320 
 1120      32303135 
 1120      30333033 
 1121 0154 616E6368 		.ascii	"anch revision 221220] -mcpu=cortex-m0 -mthumb -g -O"
 1121      20726576 
 1121      6973696F 
 1121      6E203232 
 1121      31323230 
 1122 0187 30202D66 		.ascii	"0 -ffunction-sections -ffat-lto-objects\000"
 1122      66756E63 
 1122      74696F6E 
 1122      2D736563 
 1122      74696F6E 
 1123              	.LASF26:
 1124 01af 53746174 		.ascii	"StateType\000"
 1124      65547970 
 1124      6500
 1125              	.LASF35:
 1126 01b9 73746172 		.ascii	"startRecentMs\000"
 1126      74526563 
 1126      656E744D 
 1126      7300
 1127              	.LASF29:
 1128 01c7 54696D65 		.ascii	"TimeSynchronize\000"
 1128      53796E63 
 1128      68726F6E 
 1128      697A6500 
 1129              	.LASF27:
 1130 01d7 6D61696E 		.ascii	"main\000"
 1130      00
 1131              	.LASF10:
 1132 01dc 756E7369 		.ascii	"unsigned int\000"
ARM GAS  C:\Users\Petro\AppData\Local\Temp\cc1AFWQt.s 			page 26


 1132      676E6564 
 1132      20696E74 
 1132      00
 1133              	.LASF9:
 1134 01e9 6C6F6E67 		.ascii	"long long unsigned int\000"
 1134      206C6F6E 
 1134      6720756E 
 1134      7369676E 
 1134      65642069 
 1135              	.LASF33:
 1136 0200 53617665 		.ascii	"SaveResult\000"
 1136      52657375 
 1136      6C7400
 1137              	.LASF31:
 1138 020b 72657375 		.ascii	"result\000"
 1138      6C7400
 1139              	.LASF28:
 1140 0212 53797374 		.ascii	"SystemInit\000"
 1140      656D496E 
 1140      697400
 1141              	.LASF34:
 1142 021d 73746172 		.ascii	"startUnixTime\000"
 1142      74556E69 
 1142      7854696D 
 1142      6500
 1143              	.LASF16:
 1144 022b 73697A65 		.ascii	"sizetype\000"
 1144      74797065 
 1144      00
 1145              	.LASF6:
 1146 0234 6C6F6E67 		.ascii	"long long int\000"
 1146      206C6F6E 
 1146      6720696E 
 1146      7400
 1147              	.LASF37:
 1148 0242 6D61696E 		.ascii	"main.c\000"
 1148      2E6300
 1149              	.LASF15:
 1150 0249 63686172 		.ascii	"char\000"
 1150      00
 1151              	.LASF2:
 1152 024e 73686F72 		.ascii	"short int\000"
 1152      7420696E 
 1152      7400
 1153              	.LASF8:
 1154 0258 5F5F7569 		.ascii	"__uint64_t\000"
 1154      6E743634 
 1154      5F7400
 1155              	.LASF11:
 1156 0263 75696E74 		.ascii	"uint32_t\000"
 1156      33325F74 
 1156      00
 1157              	.LASF4:
 1158 026c 6C6F6E67 		.ascii	"long int\000"
 1158      20696E74 
 1158      00
 1159              	.LASF0:
ARM GAS  C:\Users\Petro\AppData\Local\Temp\cc1AFWQt.s 			page 27


 1160 0275 7369676E 		.ascii	"signed char\000"
 1160      65642063 
 1160      68617200 
 1161              	.LASF25:
 1162 0281 53415645 		.ascii	"SAVE_RESULT\000"
 1162      5F524553 
 1162      554C5400 
 1163              		.ident	"GCC: (GNU Tools for ARM Embedded Processors) 4.9.3 20150303 (release) [ARM/embedded-4_9-br
