ARM GAS  C:\Users\Petro\AppData\Local\Temp\cc0tBzwv.s 			page 1


   1              		.cpu cortex-m0
   2              		.fpu softvfp
   3              		.eabi_attribute 20, 1
   4              		.eabi_attribute 21, 1
   5              		.eabi_attribute 23, 3
   6              		.eabi_attribute 24, 1
   7              		.eabi_attribute 25, 1
   8              		.eabi_attribute 26, 1
   9              		.eabi_attribute 30, 6
  10              		.eabi_attribute 34, 0
  11              		.eabi_attribute 18, 4
  12              		.code	16
  13              		.file	"taskAutomat.c"
  14              		.text
  15              	.Ltext0:
  16              		.cfi_sections	.debug_frame
  17              		.bss
  18              		.align	1
  19              	writeFlag:
  20 0000 0000     		.space	2
  21              		.comm	flag,5,4
  22 0002 0000     		.align	2
  23              	SoftTimer:
  24 0004 00000000 		.space	20
  24      00000000 
  24      00000000 
  24      00000000 
  24      00000000 
  25              		.section	.text.TIMER_HANDLER,"ax",%progbits
  26              		.align	2
  27              		.global	TIMER_HANDLER
  28              		.code	16
  29              		.thumb_func
  30              		.type	TIMER_HANDLER, %function
  31              	TIMER_HANDLER:
  32              	.LFB63:
  33              		.file 1 "lib_TaskTimer\\taskAutomat.c"
   1:lib_TaskTimer/taskAutomat.c **** #include <lib_TaskTimer\taskAutomat.h>
   2:lib_TaskTimer/taskAutomat.c **** #include "lib_Network\network.h"
   3:lib_TaskTimer/taskAutomat.c **** #include "lib_Display\display.h"
   4:lib_TaskTimer/taskAutomat.c **** #include "lib_Batt\batt.h"
   5:lib_TaskTimer/taskAutomat.c **** 
   6:lib_TaskTimer/taskAutomat.c **** #define MAX_NUM_OF_TIMERS   5
   7:lib_TaskTimer/taskAutomat.c **** 
   8:lib_TaskTimer/taskAutomat.c **** #define WRITE_ERROR     1
   9:lib_TaskTimer/taskAutomat.c **** #define WRITE_NO_ERROR  0
  10:lib_TaskTimer/taskAutomat.c **** static uint16_t writeFlag;
  11:lib_TaskTimer/taskAutomat.c **** 
  12:lib_TaskTimer/taskAutomat.c **** uint8_t flag[MAX_NUM_OF_TIMERS];
  13:lib_TaskTimer/taskAutomat.c **** 
  14:lib_TaskTimer/taskAutomat.c **** volatile static struct
  15:lib_TaskTimer/taskAutomat.c **** {
  16:lib_TaskTimer/taskAutomat.c ****     uint8_t Number;
  17:lib_TaskTimer/taskAutomat.c ****     uint16_t Time;
  18:lib_TaskTimer/taskAutomat.c **** }SoftTimer[MAX_NUM_OF_TIMERS];
  19:lib_TaskTimer/taskAutomat.c **** 
  20:lib_TaskTimer/taskAutomat.c **** void Action1(void);
ARM GAS  C:\Users\Petro\AppData\Local\Temp\cc0tBzwv.s 			page 2


  21:lib_TaskTimer/taskAutomat.c **** void Action2(void);
  22:lib_TaskTimer/taskAutomat.c **** void Action3(void);
  23:lib_TaskTimer/taskAutomat.c **** void Action4(void);
  24:lib_TaskTimer/taskAutomat.c **** void Action5(void);
  25:lib_TaskTimer/taskAutomat.c **** 
  26:lib_TaskTimer/taskAutomat.c **** CY_ISR(TIMER_HANDLER)
  27:lib_TaskTimer/taskAutomat.c **** {
  34              		.loc 1 27 0
  35              		.cfi_startproc
  36 0000 80B5     		push	{r7, lr}
  37              		.cfi_def_cfa_offset 8
  38              		.cfi_offset 7, -8
  39              		.cfi_offset 14, -4
  40 0002 82B0     		sub	sp, sp, #8
  41              		.cfi_def_cfa_offset 16
  42 0004 00AF     		add	r7, sp, #0
  43              		.cfi_def_cfa_register 7
  28:lib_TaskTimer/taskAutomat.c ****     int i;
  29:lib_TaskTimer/taskAutomat.c ****     for(i=0; i!=MAX_NUM_OF_TIMERS; i++)
  44              		.loc 1 29 0
  45 0006 0023     		mov	r3, #0
  46 0008 7B60     		str	r3, [r7, #4]
  47 000a 2FE0     		b	.L2
  48              	.L6:
  30:lib_TaskTimer/taskAutomat.c ****     {
  31:lib_TaskTimer/taskAutomat.c ****         if(SoftTimer[i].Number == 255)continue;     /*if timer empty, next timer*/
  49              		.loc 1 31 0
  50 000c 1D4B     		ldr	r3, .L7
  51 000e 7A68     		ldr	r2, [r7, #4]
  52 0010 9200     		lsl	r2, r2, #2
  53 0012 D35C     		ldrb	r3, [r2, r3]
  54 0014 DBB2     		uxtb	r3, r3
  55 0016 FF2B     		cmp	r3, #255
  56 0018 00D1     		bne	.L3
  57              		.loc 1 31 0 is_stmt 0 discriminator 1
  58 001a 24E0     		b	.L4
  59              	.L3:
  32:lib_TaskTimer/taskAutomat.c ****         
  33:lib_TaskTimer/taskAutomat.c ****         if(SoftTimer[i].Time != 0)
  60              		.loc 1 33 0 is_stmt 1
  61 001c 194A     		ldr	r2, .L7
  62 001e 7B68     		ldr	r3, [r7, #4]
  63 0020 9B00     		lsl	r3, r3, #2
  64 0022 D318     		add	r3, r2, r3
  65 0024 5B88     		ldrh	r3, [r3, #2]
  66 0026 9BB2     		uxth	r3, r3
  67 0028 002B     		cmp	r3, #0
  68 002a 0ED0     		beq	.L5
  34:lib_TaskTimer/taskAutomat.c ****         {
  35:lib_TaskTimer/taskAutomat.c ****             SoftTimer[i].Time --;
  69              		.loc 1 35 0
  70 002c 154A     		ldr	r2, .L7
  71 002e 7B68     		ldr	r3, [r7, #4]
  72 0030 9B00     		lsl	r3, r3, #2
  73 0032 D318     		add	r3, r2, r3
  74 0034 5B88     		ldrh	r3, [r3, #2]
  75 0036 9BB2     		uxth	r3, r3
ARM GAS  C:\Users\Petro\AppData\Local\Temp\cc0tBzwv.s 			page 3


  76 0038 013B     		sub	r3, r3, #1
  77 003a 99B2     		uxth	r1, r3
  78 003c 114A     		ldr	r2, .L7
  79 003e 7B68     		ldr	r3, [r7, #4]
  80 0040 9B00     		lsl	r3, r3, #2
  81 0042 D318     		add	r3, r2, r3
  82 0044 0A1C     		add	r2, r1, #0
  83 0046 5A80     		strh	r2, [r3, #2]
  84 0048 0DE0     		b	.L4
  85              	.L5:
  36:lib_TaskTimer/taskAutomat.c ****         }
  37:lib_TaskTimer/taskAutomat.c ****         else
  38:lib_TaskTimer/taskAutomat.c ****         {
  39:lib_TaskTimer/taskAutomat.c ****             /*set flag*/
  40:lib_TaskTimer/taskAutomat.c ****             flag[SoftTimer[i].Number] = 1;
  86              		.loc 1 40 0
  87 004a 0E4B     		ldr	r3, .L7
  88 004c 7A68     		ldr	r2, [r7, #4]
  89 004e 9200     		lsl	r2, r2, #2
  90 0050 D35C     		ldrb	r3, [r2, r3]
  91 0052 DBB2     		uxtb	r3, r3
  92 0054 1A1C     		mov	r2, r3
  93 0056 0C4B     		ldr	r3, .L7+4
  94 0058 0121     		mov	r1, #1
  95 005a 9954     		strb	r1, [r3, r2]
  41:lib_TaskTimer/taskAutomat.c ****             
  42:lib_TaskTimer/taskAutomat.c ****             /*reset timer*/
  43:lib_TaskTimer/taskAutomat.c ****             SoftTimer[i].Number = 255;
  96              		.loc 1 43 0
  97 005c 094B     		ldr	r3, .L7
  98 005e 7A68     		ldr	r2, [r7, #4]
  99 0060 9200     		lsl	r2, r2, #2
 100 0062 FF21     		mov	r1, #255
 101 0064 D154     		strb	r1, [r2, r3]
 102              	.L4:
  29:lib_TaskTimer/taskAutomat.c ****     {
 103              		.loc 1 29 0 discriminator 2
 104 0066 7B68     		ldr	r3, [r7, #4]
 105 0068 0133     		add	r3, r3, #1
 106 006a 7B60     		str	r3, [r7, #4]
 107              	.L2:
  29:lib_TaskTimer/taskAutomat.c ****     {
 108              		.loc 1 29 0 is_stmt 0 discriminator 1
 109 006c 7B68     		ldr	r3, [r7, #4]
 110 006e 052B     		cmp	r3, #5
 111 0070 CCD1     		bne	.L6
  44:lib_TaskTimer/taskAutomat.c ****         }
  45:lib_TaskTimer/taskAutomat.c ****     }
  46:lib_TaskTimer/taskAutomat.c ****     isr_timer_ClearPending();
 112              		.loc 1 46 0 is_stmt 1
 113 0072 FFF7FEFF 		bl	isr_timer_ClearPending
  47:lib_TaskTimer/taskAutomat.c ****     Timer_ClearInterrupt(Timer_INTR_MASK_CC_MATCH);
 114              		.loc 1 47 0
 115 0076 0220     		mov	r0, #2
 116 0078 FFF7FEFF 		bl	Timer_ClearInterrupt
  48:lib_TaskTimer/taskAutomat.c **** }
 117              		.loc 1 48 0
ARM GAS  C:\Users\Petro\AppData\Local\Temp\cc0tBzwv.s 			page 4


 118 007c BD46     		mov	sp, r7
 119 007e 02B0     		add	sp, sp, #8
 120              		@ sp needed
 121 0080 80BD     		pop	{r7, pc}
 122              	.L8:
 123 0082 C046     		.align	2
 124              	.L7:
 125 0084 04000000 		.word	SoftTimer
 126 0088 00000000 		.word	flag
 127              		.cfi_endproc
 128              	.LFE63:
 129              		.size	TIMER_HANDLER, .-TIMER_HANDLER
 130              		.section	.text.TaskCheck,"ax",%progbits
 131              		.align	2
 132              		.global	TaskCheck
 133              		.code	16
 134              		.thumb_func
 135              		.type	TaskCheck, %function
 136              	TaskCheck:
 137              	.LFB64:
  49:lib_TaskTimer/taskAutomat.c **** 
  50:lib_TaskTimer/taskAutomat.c **** /*******************************************************************************
  51:lib_TaskTimer/taskAutomat.c **** * Function Name: TaskCheck
  52:lib_TaskTimer/taskAutomat.c **** ********************************************************************************
  53:lib_TaskTimer/taskAutomat.c **** *
  54:lib_TaskTimer/taskAutomat.c **** * Summary:
  55:lib_TaskTimer/taskAutomat.c **** *   check flag machine
  56:lib_TaskTimer/taskAutomat.c **** *
  57:lib_TaskTimer/taskAutomat.c **** *******************************************************************************/
  58:lib_TaskTimer/taskAutomat.c **** void TaskCheck(void)
  59:lib_TaskTimer/taskAutomat.c **** {
 138              		.loc 1 59 0
 139              		.cfi_startproc
 140 0000 80B5     		push	{r7, lr}
 141              		.cfi_def_cfa_offset 8
 142              		.cfi_offset 7, -8
 143              		.cfi_offset 14, -4
 144 0002 00AF     		add	r7, sp, #0
 145              		.cfi_def_cfa_register 7
  60:lib_TaskTimer/taskAutomat.c ****     if(flag[ACTION1] == 1)Action1();
 146              		.loc 1 60 0
 147 0004 0F4B     		ldr	r3, .L15
 148 0006 1B78     		ldrb	r3, [r3]
 149 0008 012B     		cmp	r3, #1
 150 000a 01D1     		bne	.L10
 151              		.loc 1 60 0 is_stmt 0 discriminator 1
 152 000c FFF7FEFF 		bl	Action1
 153              	.L10:
  61:lib_TaskTimer/taskAutomat.c ****     if(flag[ACTION2] == 1)Action2();
 154              		.loc 1 61 0 is_stmt 1
 155 0010 0C4B     		ldr	r3, .L15
 156 0012 5B78     		ldrb	r3, [r3, #1]
 157 0014 012B     		cmp	r3, #1
 158 0016 01D1     		bne	.L11
 159              		.loc 1 61 0 is_stmt 0 discriminator 1
 160 0018 FFF7FEFF 		bl	Action2
 161              	.L11:
ARM GAS  C:\Users\Petro\AppData\Local\Temp\cc0tBzwv.s 			page 5


  62:lib_TaskTimer/taskAutomat.c ****     if(flag[ACTION3] == 1)Action3();
 162              		.loc 1 62 0 is_stmt 1
 163 001c 094B     		ldr	r3, .L15
 164 001e 9B78     		ldrb	r3, [r3, #2]
 165 0020 012B     		cmp	r3, #1
 166 0022 01D1     		bne	.L12
 167              		.loc 1 62 0 is_stmt 0 discriminator 1
 168 0024 FFF7FEFF 		bl	Action3
 169              	.L12:
  63:lib_TaskTimer/taskAutomat.c ****     if(flag[ACTION4] == 1)Action4();
 170              		.loc 1 63 0 is_stmt 1
 171 0028 064B     		ldr	r3, .L15
 172 002a DB78     		ldrb	r3, [r3, #3]
 173 002c 012B     		cmp	r3, #1
 174 002e 01D1     		bne	.L13
 175              		.loc 1 63 0 is_stmt 0 discriminator 1
 176 0030 FFF7FEFF 		bl	Action4
 177              	.L13:
  64:lib_TaskTimer/taskAutomat.c ****     if(flag[ACTION5] == 1)Action5();
 178              		.loc 1 64 0 is_stmt 1
 179 0034 034B     		ldr	r3, .L15
 180 0036 1B79     		ldrb	r3, [r3, #4]
 181 0038 012B     		cmp	r3, #1
 182 003a 01D1     		bne	.L9
 183              		.loc 1 64 0 is_stmt 0 discriminator 1
 184 003c FFF7FEFF 		bl	Action5
 185              	.L9:
  65:lib_TaskTimer/taskAutomat.c **** }
 186              		.loc 1 65 0 is_stmt 1
 187 0040 BD46     		mov	sp, r7
 188              		@ sp needed
 189 0042 80BD     		pop	{r7, pc}
 190              	.L16:
 191              		.align	2
 192              	.L15:
 193 0044 00000000 		.word	flag
 194              		.cfi_endproc
 195              	.LFE64:
 196              		.size	TaskCheck, .-TaskCheck
 197              		.section	.text.TaskTimerInit,"ax",%progbits
 198              		.align	2
 199              		.global	TaskTimerInit
 200              		.code	16
 201              		.thumb_func
 202              		.type	TaskTimerInit, %function
 203              	TaskTimerInit:
 204              	.LFB65:
  66:lib_TaskTimer/taskAutomat.c **** 
  67:lib_TaskTimer/taskAutomat.c **** /*******************************************************************************
  68:lib_TaskTimer/taskAutomat.c **** * Function Name: TaskTimerInit
  69:lib_TaskTimer/taskAutomat.c **** ********************************************************************************
  70:lib_TaskTimer/taskAutomat.c **** *
  71:lib_TaskTimer/taskAutomat.c **** * Summary:
  72:lib_TaskTimer/taskAutomat.c **** *   init flag machine
  73:lib_TaskTimer/taskAutomat.c **** *
  74:lib_TaskTimer/taskAutomat.c **** *******************************************************************************/
  75:lib_TaskTimer/taskAutomat.c **** void TaskTimerInit(void)
ARM GAS  C:\Users\Petro\AppData\Local\Temp\cc0tBzwv.s 			page 6


  76:lib_TaskTimer/taskAutomat.c **** {
 205              		.loc 1 76 0
 206              		.cfi_startproc
 207 0000 80B5     		push	{r7, lr}
 208              		.cfi_def_cfa_offset 8
 209              		.cfi_offset 7, -8
 210              		.cfi_offset 14, -4
 211 0002 82B0     		sub	sp, sp, #8
 212              		.cfi_def_cfa_offset 16
 213 0004 00AF     		add	r7, sp, #0
 214              		.cfi_def_cfa_register 7
  77:lib_TaskTimer/taskAutomat.c ****     int i;
  78:lib_TaskTimer/taskAutomat.c ****     for(i=0; i<MAX_NUM_OF_TIMERS; i++)
 215              		.loc 1 78 0
 216 0006 0023     		mov	r3, #0
 217 0008 7B60     		str	r3, [r7, #4]
 218 000a 07E0     		b	.L18
 219              	.L19:
  79:lib_TaskTimer/taskAutomat.c ****         SoftTimer[i].Number = 255;
 220              		.loc 1 79 0 discriminator 3
 221 000c 094B     		ldr	r3, .L20
 222 000e 7A68     		ldr	r2, [r7, #4]
 223 0010 9200     		lsl	r2, r2, #2
 224 0012 FF21     		mov	r1, #255
 225 0014 D154     		strb	r1, [r2, r3]
  78:lib_TaskTimer/taskAutomat.c ****         SoftTimer[i].Number = 255;
 226              		.loc 1 78 0 discriminator 3
 227 0016 7B68     		ldr	r3, [r7, #4]
 228 0018 0133     		add	r3, r3, #1
 229 001a 7B60     		str	r3, [r7, #4]
 230              	.L18:
  78:lib_TaskTimer/taskAutomat.c ****         SoftTimer[i].Number = 255;
 231              		.loc 1 78 0 is_stmt 0 discriminator 1
 232 001c 7B68     		ldr	r3, [r7, #4]
 233 001e 042B     		cmp	r3, #4
 234 0020 F4DD     		ble	.L19
  80:lib_TaskTimer/taskAutomat.c ****     
  81:lib_TaskTimer/taskAutomat.c ****     isr_timer_StartEx(TIMER_HANDLER);
 235              		.loc 1 81 0 is_stmt 1
 236 0022 054B     		ldr	r3, .L20+4
 237 0024 181C     		mov	r0, r3
 238 0026 FFF7FEFF 		bl	isr_timer_StartEx
  82:lib_TaskTimer/taskAutomat.c ****     Timer_Start();  
 239              		.loc 1 82 0
 240 002a FFF7FEFF 		bl	Timer_Start
  83:lib_TaskTimer/taskAutomat.c **** }
 241              		.loc 1 83 0
 242 002e BD46     		mov	sp, r7
 243 0030 02B0     		add	sp, sp, #8
 244              		@ sp needed
 245 0032 80BD     		pop	{r7, pc}
 246              	.L21:
 247              		.align	2
 248              	.L20:
 249 0034 04000000 		.word	SoftTimer
 250 0038 00000000 		.word	TIMER_HANDLER
 251              		.cfi_endproc
ARM GAS  C:\Users\Petro\AppData\Local\Temp\cc0tBzwv.s 			page 7


 252              	.LFE65:
 253              		.size	TaskTimerInit, .-TaskTimerInit
 254              		.section	.text.SetTaskTimer,"ax",%progbits
 255              		.align	2
 256              		.global	SetTaskTimer
 257              		.code	16
 258              		.thumb_func
 259              		.type	SetTaskTimer, %function
 260              	SetTaskTimer:
 261              	.LFB66:
  84:lib_TaskTimer/taskAutomat.c **** 
  85:lib_TaskTimer/taskAutomat.c **** /*******************************************************************************
  86:lib_TaskTimer/taskAutomat.c **** * Function Name: SetTaskTimer
  87:lib_TaskTimer/taskAutomat.c **** ********************************************************************************
  88:lib_TaskTimer/taskAutomat.c **** *
  89:lib_TaskTimer/taskAutomat.c **** * Summary:
  90:lib_TaskTimer/taskAutomat.c **** *   set the time for the program timer
  91:lib_TaskTimer/taskAutomat.c **** *
  92:lib_TaskTimer/taskAutomat.c **** * Parameters:
  93:lib_TaskTimer/taskAutomat.c **** *  newNumber - new number task
  94:lib_TaskTimer/taskAutomat.c **** *  newTime - new time from task
  95:lib_TaskTimer/taskAutomat.c **** *
  96:lib_TaskTimer/taskAutomat.c **** *******************************************************************************/
  97:lib_TaskTimer/taskAutomat.c **** void SetTaskTimer(uint8_t newNumber, uint16_t newTime)
  98:lib_TaskTimer/taskAutomat.c **** {
 262              		.loc 1 98 0
 263              		.cfi_startproc
 264 0000 80B5     		push	{r7, lr}
 265              		.cfi_def_cfa_offset 8
 266              		.cfi_offset 7, -8
 267              		.cfi_offset 14, -4
 268 0002 84B0     		sub	sp, sp, #16
 269              		.cfi_def_cfa_offset 24
 270 0004 00AF     		add	r7, sp, #0
 271              		.cfi_def_cfa_register 7
 272 0006 021C     		mov	r2, r0
 273 0008 FB1D     		add	r3, r7, #7
 274 000a 1A70     		strb	r2, [r3]
 275 000c 3B1D     		add	r3, r7, #4
 276 000e 0A1C     		add	r2, r1, #0
 277 0010 1A80     		strh	r2, [r3]
  99:lib_TaskTimer/taskAutomat.c ****     //CyGlobalIntDisable;
 100:lib_TaskTimer/taskAutomat.c ****     int i;
 101:lib_TaskTimer/taskAutomat.c ****     
 102:lib_TaskTimer/taskAutomat.c ****     /*search existing timer*/
 103:lib_TaskTimer/taskAutomat.c ****     for(i=0; i!= MAX_NUM_OF_TIMERS; i++)
 278              		.loc 1 103 0
 279 0012 0023     		mov	r3, #0
 280 0014 FB60     		str	r3, [r7, #12]
 281 0016 13E0     		b	.L23
 282              	.L26:
 104:lib_TaskTimer/taskAutomat.c ****     {
 105:lib_TaskTimer/taskAutomat.c ****         if(SoftTimer[i].Number == newNumber)
 283              		.loc 1 105 0
 284 0018 1B4B     		ldr	r3, .L30
 285 001a FA68     		ldr	r2, [r7, #12]
 286 001c 9200     		lsl	r2, r2, #2
ARM GAS  C:\Users\Petro\AppData\Local\Temp\cc0tBzwv.s 			page 8


 287 001e D35C     		ldrb	r3, [r2, r3]
 288 0020 DBB2     		uxtb	r3, r3
 289 0022 FA1D     		add	r2, r7, #7
 290 0024 1278     		ldrb	r2, [r2]
 291 0026 9A42     		cmp	r2, r3
 292 0028 07D1     		bne	.L24
 106:lib_TaskTimer/taskAutomat.c ****         {
 107:lib_TaskTimer/taskAutomat.c ****             /*set new time*/
 108:lib_TaskTimer/taskAutomat.c ****             SoftTimer[i].Time = newTime;
 293              		.loc 1 108 0
 294 002a 1749     		ldr	r1, .L30
 295 002c FB68     		ldr	r3, [r7, #12]
 296 002e 9B00     		lsl	r3, r3, #2
 297 0030 3A1D     		add	r2, r7, #4
 298 0032 CB18     		add	r3, r1, r3
 299 0034 1288     		ldrh	r2, [r2]
 300 0036 5A80     		strh	r2, [r3, #2]
 109:lib_TaskTimer/taskAutomat.c ****             
 110:lib_TaskTimer/taskAutomat.c ****             //CyGlobalIntEnable;
 111:lib_TaskTimer/taskAutomat.c ****             return;
 301              		.loc 1 111 0
 302 0038 23E0     		b	.L22
 303              	.L24:
 103:lib_TaskTimer/taskAutomat.c ****     {
 304              		.loc 1 103 0 discriminator 2
 305 003a FB68     		ldr	r3, [r7, #12]
 306 003c 0133     		add	r3, r3, #1
 307 003e FB60     		str	r3, [r7, #12]
 308              	.L23:
 103:lib_TaskTimer/taskAutomat.c ****     {
 309              		.loc 1 103 0 is_stmt 0 discriminator 1
 310 0040 FB68     		ldr	r3, [r7, #12]
 311 0042 052B     		cmp	r3, #5
 312 0044 E8D1     		bne	.L26
 112:lib_TaskTimer/taskAutomat.c ****         }
 113:lib_TaskTimer/taskAutomat.c ****     }
 114:lib_TaskTimer/taskAutomat.c ****     
 115:lib_TaskTimer/taskAutomat.c ****     /*search new empty timer*/
 116:lib_TaskTimer/taskAutomat.c ****     for(i=0; i!= MAX_NUM_OF_TIMERS; i++)
 313              		.loc 1 116 0 is_stmt 1
 314 0046 0023     		mov	r3, #0
 315 0048 FB60     		str	r3, [r7, #12]
 316 004a 17E0     		b	.L27
 317              	.L29:
 117:lib_TaskTimer/taskAutomat.c ****     {
 118:lib_TaskTimer/taskAutomat.c ****         if(SoftTimer[i].Number == 255)
 318              		.loc 1 118 0
 319 004c 0E4B     		ldr	r3, .L30
 320 004e FA68     		ldr	r2, [r7, #12]
 321 0050 9200     		lsl	r2, r2, #2
 322 0052 D35C     		ldrb	r3, [r2, r3]
 323 0054 DBB2     		uxtb	r3, r3
 324 0056 FF2B     		cmp	r3, #255
 325 0058 0DD1     		bne	.L28
 119:lib_TaskTimer/taskAutomat.c ****         {
 120:lib_TaskTimer/taskAutomat.c ****             SoftTimer[i].Number = newNumber;
 326              		.loc 1 120 0
ARM GAS  C:\Users\Petro\AppData\Local\Temp\cc0tBzwv.s 			page 9


 327 005a 0B4B     		ldr	r3, .L30
 328 005c FA68     		ldr	r2, [r7, #12]
 329 005e 9200     		lsl	r2, r2, #2
 330 0060 F91D     		add	r1, r7, #7
 331 0062 0978     		ldrb	r1, [r1]
 332 0064 D154     		strb	r1, [r2, r3]
 121:lib_TaskTimer/taskAutomat.c ****             SoftTimer[i].Time = newTime;
 333              		.loc 1 121 0
 334 0066 0849     		ldr	r1, .L30
 335 0068 FB68     		ldr	r3, [r7, #12]
 336 006a 9B00     		lsl	r3, r3, #2
 337 006c 3A1D     		add	r2, r7, #4
 338 006e CB18     		add	r3, r1, r3
 339 0070 1288     		ldrh	r2, [r2]
 340 0072 5A80     		strh	r2, [r3, #2]
 122:lib_TaskTimer/taskAutomat.c ****             
 123:lib_TaskTimer/taskAutomat.c ****             //CyGlobalIntEnable;
 124:lib_TaskTimer/taskAutomat.c ****             return;
 341              		.loc 1 124 0
 342 0074 05E0     		b	.L22
 343              	.L28:
 116:lib_TaskTimer/taskAutomat.c ****     {
 344              		.loc 1 116 0 discriminator 2
 345 0076 FB68     		ldr	r3, [r7, #12]
 346 0078 0133     		add	r3, r3, #1
 347 007a FB60     		str	r3, [r7, #12]
 348              	.L27:
 116:lib_TaskTimer/taskAutomat.c ****     {
 349              		.loc 1 116 0 is_stmt 0 discriminator 1
 350 007c FB68     		ldr	r3, [r7, #12]
 351 007e 052B     		cmp	r3, #5
 352 0080 E4D1     		bne	.L29
 353              	.L22:
 125:lib_TaskTimer/taskAutomat.c ****         }
 126:lib_TaskTimer/taskAutomat.c ****     }
 127:lib_TaskTimer/taskAutomat.c **** }
 354              		.loc 1 127 0 is_stmt 1
 355 0082 BD46     		mov	sp, r7
 356 0084 04B0     		add	sp, sp, #16
 357              		@ sp needed
 358 0086 80BD     		pop	{r7, pc}
 359              	.L31:
 360              		.align	2
 361              	.L30:
 362 0088 04000000 		.word	SoftTimer
 363              		.cfi_endproc
 364              	.LFE66:
 365              		.size	SetTaskTimer, .-SetTaskTimer
 366              		.section	.text.Action1,"ax",%progbits
 367              		.align	2
 368              		.global	Action1
 369              		.code	16
 370              		.thumb_func
 371              		.type	Action1, %function
 372              	Action1:
 373              	.LFB67:
 128:lib_TaskTimer/taskAutomat.c **** 
ARM GAS  C:\Users\Petro\AppData\Local\Temp\cc0tBzwv.s 			page 10


 129:lib_TaskTimer/taskAutomat.c **** 
 130:lib_TaskTimer/taskAutomat.c **** 
 131:lib_TaskTimer/taskAutomat.c **** void Action1(void)
 132:lib_TaskTimer/taskAutomat.c **** {
 374              		.loc 1 132 0
 375              		.cfi_startproc
 376 0000 80B5     		push	{r7, lr}
 377              		.cfi_def_cfa_offset 8
 378              		.cfi_offset 7, -8
 379              		.cfi_offset 14, -4
 380 0002 00AF     		add	r7, sp, #0
 381              		.cfi_def_cfa_register 7
 133:lib_TaskTimer/taskAutomat.c ****     flag[ACTION1] = 0;
 382              		.loc 1 133 0
 383 0004 064B     		ldr	r3, .L33
 384 0006 0022     		mov	r2, #0
 385 0008 1A70     		strb	r2, [r3]
 134:lib_TaskTimer/taskAutomat.c ****     SendData();  
 386              		.loc 1 134 0
 387 000a FFF7FEFF 		bl	SendData
 135:lib_TaskTimer/taskAutomat.c ****     SetTaskTimer(ACTION1,ACTION1_TIMEOUT);
 388              		.loc 1 135 0
 389 000e FA23     		mov	r3, #250
 390 0010 5B00     		lsl	r3, r3, #1
 391 0012 0020     		mov	r0, #0
 392 0014 191C     		mov	r1, r3
 393 0016 FFF7FEFF 		bl	SetTaskTimer
 136:lib_TaskTimer/taskAutomat.c **** }
 394              		.loc 1 136 0
 395 001a BD46     		mov	sp, r7
 396              		@ sp needed
 397 001c 80BD     		pop	{r7, pc}
 398              	.L34:
 399 001e C046     		.align	2
 400              	.L33:
 401 0020 00000000 		.word	flag
 402              		.cfi_endproc
 403              	.LFE67:
 404              		.size	Action1, .-Action1
 405              		.section	.text.Action2,"ax",%progbits
 406              		.align	2
 407              		.global	Action2
 408              		.code	16
 409              		.thumb_func
 410              		.type	Action2, %function
 411              	Action2:
 412              	.LFB68:
 137:lib_TaskTimer/taskAutomat.c **** 
 138:lib_TaskTimer/taskAutomat.c **** void Action2(void)
 139:lib_TaskTimer/taskAutomat.c **** {
 413              		.loc 1 139 0
 414              		.cfi_startproc
 415 0000 80B5     		push	{r7, lr}
 416              		.cfi_def_cfa_offset 8
 417              		.cfi_offset 7, -8
 418              		.cfi_offset 14, -4
 419 0002 00AF     		add	r7, sp, #0
ARM GAS  C:\Users\Petro\AppData\Local\Temp\cc0tBzwv.s 			page 11


 420              		.cfi_def_cfa_register 7
 140:lib_TaskTimer/taskAutomat.c ****     flag[ACTION2] = 0;
 421              		.loc 1 140 0
 422 0004 094B     		ldr	r3, .L36
 423 0006 0022     		mov	r2, #0
 424 0008 5A70     		strb	r2, [r3, #1]
 141:lib_TaskTimer/taskAutomat.c ****     DisplayRealTime();
 425              		.loc 1 141 0
 426 000a FFF7FEFF 		bl	DisplayRealTime
 142:lib_TaskTimer/taskAutomat.c ****     DisplayBattVoltage(ReadBattVoltage());
 427              		.loc 1 142 0
 428 000e FFF7FEFF 		bl	ReadBattVoltage
 429 0012 031C     		add	r3, r0, #0
 430 0014 181C     		add	r0, r3, #0
 431 0016 FFF7FEFF 		bl	DisplayBattVoltage
 143:lib_TaskTimer/taskAutomat.c ****     SetTaskTimer(ACTION2, ACTION2_TIMEOUT);
 432              		.loc 1 143 0
 433 001a FA23     		mov	r3, #250
 434 001c 5B00     		lsl	r3, r3, #1
 435 001e 0120     		mov	r0, #1
 436 0020 191C     		mov	r1, r3
 437 0022 FFF7FEFF 		bl	SetTaskTimer
 144:lib_TaskTimer/taskAutomat.c **** }
 438              		.loc 1 144 0
 439 0026 BD46     		mov	sp, r7
 440              		@ sp needed
 441 0028 80BD     		pop	{r7, pc}
 442              	.L37:
 443 002a C046     		.align	2
 444              	.L36:
 445 002c 00000000 		.word	flag
 446              		.cfi_endproc
 447              	.LFE68:
 448              		.size	Action2, .-Action2
 449              		.section	.text.Action3,"ax",%progbits
 450              		.align	2
 451              		.global	Action3
 452              		.code	16
 453              		.thumb_func
 454              		.type	Action3, %function
 455              	Action3:
 456              	.LFB69:
 145:lib_TaskTimer/taskAutomat.c **** 
 146:lib_TaskTimer/taskAutomat.c **** void Action3(void)
 147:lib_TaskTimer/taskAutomat.c **** {
 457              		.loc 1 147 0
 458              		.cfi_startproc
 459 0000 80B5     		push	{r7, lr}
 460              		.cfi_def_cfa_offset 8
 461              		.cfi_offset 7, -8
 462              		.cfi_offset 14, -4
 463 0002 00AF     		add	r7, sp, #0
 464              		.cfi_def_cfa_register 7
 148:lib_TaskTimer/taskAutomat.c ****     flag[ACTION3] = 0;
 465              		.loc 1 148 0
 466 0004 0B4B     		ldr	r3, .L41
 467 0006 0022     		mov	r2, #0
ARM GAS  C:\Users\Petro\AppData\Local\Temp\cc0tBzwv.s 			page 12


 468 0008 9A70     		strb	r2, [r3, #2]
 149:lib_TaskTimer/taskAutomat.c ****     
 150:lib_TaskTimer/taskAutomat.c ****     /*indicator network*/
 151:lib_TaskTimer/taskAutomat.c ****     if(NetworkStatus() == NETWORK_CONN)
 469              		.loc 1 151 0
 470 000a FFF7FEFF 		bl	NetworkStatus
 471 000e 031E     		sub	r3, r0, #0
 472 0010 012B     		cmp	r3, #1
 473 0012 03D1     		bne	.L39
 152:lib_TaskTimer/taskAutomat.c ****     {
 153:lib_TaskTimer/taskAutomat.c ****         DisplayIndicatorNetwork(CONNECT);
 474              		.loc 1 153 0
 475 0014 0020     		mov	r0, #0
 476 0016 FFF7FEFF 		bl	DisplayIndicatorNetwork
 477 001a 02E0     		b	.L40
 478              	.L39:
 154:lib_TaskTimer/taskAutomat.c ****     }
 155:lib_TaskTimer/taskAutomat.c ****     else
 156:lib_TaskTimer/taskAutomat.c ****     {
 157:lib_TaskTimer/taskAutomat.c ****         DisplayIndicatorNetwork(DISCONNECT);
 479              		.loc 1 157 0
 480 001c 0120     		mov	r0, #1
 481 001e FFF7FEFF 		bl	DisplayIndicatorNetwork
 482              	.L40:
 158:lib_TaskTimer/taskAutomat.c ****     }
 159:lib_TaskTimer/taskAutomat.c ****     SetTaskTimer(ACTION3, ACTION3_TIMEOUT);
 483              		.loc 1 159 0
 484 0022 FA23     		mov	r3, #250
 485 0024 5B00     		lsl	r3, r3, #1
 486 0026 0220     		mov	r0, #2
 487 0028 191C     		mov	r1, r3
 488 002a FFF7FEFF 		bl	SetTaskTimer
 160:lib_TaskTimer/taskAutomat.c **** }
 489              		.loc 1 160 0
 490 002e BD46     		mov	sp, r7
 491              		@ sp needed
 492 0030 80BD     		pop	{r7, pc}
 493              	.L42:
 494 0032 C046     		.align	2
 495              	.L41:
 496 0034 00000000 		.word	flag
 497              		.cfi_endproc
 498              	.LFE69:
 499              		.size	Action3, .-Action3
 500              		.section	.text.Action4,"ax",%progbits
 501              		.align	2
 502              		.global	Action4
 503              		.code	16
 504              		.thumb_func
 505              		.type	Action4, %function
 506              	Action4:
 507              	.LFB70:
 161:lib_TaskTimer/taskAutomat.c **** 
 162:lib_TaskTimer/taskAutomat.c **** void Action4(void)
 163:lib_TaskTimer/taskAutomat.c **** {
 508              		.loc 1 163 0
 509              		.cfi_startproc
ARM GAS  C:\Users\Petro\AppData\Local\Temp\cc0tBzwv.s 			page 13


 510 0000 80B5     		push	{r7, lr}
 511              		.cfi_def_cfa_offset 8
 512              		.cfi_offset 7, -8
 513              		.cfi_offset 14, -4
 514 0002 00AF     		add	r7, sp, #0
 515              		.cfi_def_cfa_register 7
 164:lib_TaskTimer/taskAutomat.c ****     flag[ACTION3] = 0; 
 516              		.loc 1 164 0
 517 0004 024B     		ldr	r3, .L44
 518 0006 0022     		mov	r2, #0
 519 0008 9A70     		strb	r2, [r3, #2]
 165:lib_TaskTimer/taskAutomat.c ****     //SetTaskTimer(ACTION4, ACTION4_TIMEOUT);
 166:lib_TaskTimer/taskAutomat.c **** }
 520              		.loc 1 166 0
 521 000a BD46     		mov	sp, r7
 522              		@ sp needed
 523 000c 80BD     		pop	{r7, pc}
 524              	.L45:
 525 000e C046     		.align	2
 526              	.L44:
 527 0010 00000000 		.word	flag
 528              		.cfi_endproc
 529              	.LFE70:
 530              		.size	Action4, .-Action4
 531              		.section	.text.Action5,"ax",%progbits
 532              		.align	2
 533              		.global	Action5
 534              		.code	16
 535              		.thumb_func
 536              		.type	Action5, %function
 537              	Action5:
 538              	.LFB71:
 167:lib_TaskTimer/taskAutomat.c **** 
 168:lib_TaskTimer/taskAutomat.c **** void Action5(void)
 169:lib_TaskTimer/taskAutomat.c **** {    
 539              		.loc 1 169 0
 540              		.cfi_startproc
 541 0000 80B5     		push	{r7, lr}
 542              		.cfi_def_cfa_offset 8
 543              		.cfi_offset 7, -8
 544              		.cfi_offset 14, -4
 545 0002 00AF     		add	r7, sp, #0
 546              		.cfi_def_cfa_register 7
 170:lib_TaskTimer/taskAutomat.c ****     flag[ACTION3] = 0;
 547              		.loc 1 170 0
 548 0004 024B     		ldr	r3, .L47
 549 0006 0022     		mov	r2, #0
 550 0008 9A70     		strb	r2, [r3, #2]
 171:lib_TaskTimer/taskAutomat.c ****     //SetTaskTimer(ACTION4, ACTION5_TIMEOUT);
 172:lib_TaskTimer/taskAutomat.c **** }
 551              		.loc 1 172 0
 552 000a BD46     		mov	sp, r7
 553              		@ sp needed
 554 000c 80BD     		pop	{r7, pc}
 555              	.L48:
 556 000e C046     		.align	2
 557              	.L47:
ARM GAS  C:\Users\Petro\AppData\Local\Temp\cc0tBzwv.s 			page 14


 558 0010 00000000 		.word	flag
 559              		.cfi_endproc
 560              	.LFE71:
 561              		.size	Action5, .-Action5
 562              		.text
 563              	.Letext0:
 564              		.file 2 "c:\\program files (x86)\\cypress\\psoc creator\\4.0\\psoc creator\\import\\gnu\\arm\\4.9.
 565              		.file 3 "c:\\program files (x86)\\cypress\\psoc creator\\4.0\\psoc creator\\import\\gnu\\arm\\4.9.
 566              		.file 4 "Generated_Source\\PSoC4/cytypes.h"
 567              		.file 5 "./lib_TaskTimer\\taskAutomat.h"
 568              		.file 6 "./lib_Display\\display.h"
 569              		.section	.debug_info,"",%progbits
 570              	.Ldebug_info0:
 571 0000 59020000 		.4byte	0x259
 572 0004 0400     		.2byte	0x4
 573 0006 00000000 		.4byte	.Ldebug_abbrev0
 574 000a 04       		.byte	0x4
 575 000b 01       		.uleb128 0x1
 576 000c 1E010000 		.4byte	.LASF40
 577 0010 01       		.byte	0x1
 578 0011 09020000 		.4byte	.LASF41
 579 0015 0A000000 		.4byte	.LASF42
 580 0019 00000000 		.4byte	.Ldebug_ranges0+0
 581 001d 00000000 		.4byte	0
 582 0021 00000000 		.4byte	.Ldebug_line0
 583 0025 02       		.uleb128 0x2
 584 0026 01       		.byte	0x1
 585 0027 06       		.byte	0x6
 586 0028 74020000 		.4byte	.LASF0
 587 002c 03       		.uleb128 0x3
 588 002d 00000000 		.4byte	.LASF3
 589 0031 02       		.byte	0x2
 590 0032 1D       		.byte	0x1d
 591 0033 37000000 		.4byte	0x37
 592 0037 02       		.uleb128 0x2
 593 0038 01       		.byte	0x1
 594 0039 08       		.byte	0x8
 595 003a BB000000 		.4byte	.LASF1
 596 003e 02       		.uleb128 0x2
 597 003f 02       		.byte	0x2
 598 0040 05       		.byte	0x5
 599 0041 58020000 		.4byte	.LASF2
 600 0045 03       		.uleb128 0x3
 601 0046 0C010000 		.4byte	.LASF4
 602 004a 02       		.byte	0x2
 603 004b 2B       		.byte	0x2b
 604 004c 50000000 		.4byte	0x50
 605 0050 02       		.uleb128 0x2
 606 0051 02       		.byte	0x2
 607 0052 07       		.byte	0x7
 608 0053 E5000000 		.4byte	.LASF5
 609 0057 02       		.uleb128 0x2
 610 0058 04       		.byte	0x4
 611 0059 05       		.byte	0x5
 612 005a 6B020000 		.4byte	.LASF6
 613 005e 02       		.uleb128 0x2
 614 005f 04       		.byte	0x4
ARM GAS  C:\Users\Petro\AppData\Local\Temp\cc0tBzwv.s 			page 15


 615 0060 07       		.byte	0x7
 616 0061 D3000000 		.4byte	.LASF7
 617 0065 02       		.uleb128 0x2
 618 0066 08       		.byte	0x8
 619 0067 05       		.byte	0x5
 620 0068 25020000 		.4byte	.LASF8
 621 006c 02       		.uleb128 0x2
 622 006d 08       		.byte	0x8
 623 006e 07       		.byte	0x7
 624 006f CC010000 		.4byte	.LASF9
 625 0073 04       		.uleb128 0x4
 626 0074 04       		.byte	0x4
 627 0075 05       		.byte	0x5
 628 0076 696E7400 		.ascii	"int\000"
 629 007a 02       		.uleb128 0x2
 630 007b 04       		.byte	0x4
 631 007c 07       		.byte	0x7
 632 007d B8010000 		.4byte	.LASF10
 633 0081 03       		.uleb128 0x3
 634 0082 E3010000 		.4byte	.LASF11
 635 0086 03       		.byte	0x3
 636 0087 15       		.byte	0x15
 637 0088 2C000000 		.4byte	0x2c
 638 008c 03       		.uleb128 0x3
 639 008d 62020000 		.4byte	.LASF12
 640 0091 03       		.byte	0x3
 641 0092 21       		.byte	0x21
 642 0093 45000000 		.4byte	0x45
 643 0097 05       		.uleb128 0x5
 644 0098 AC010000 		.4byte	.LASF13
 645 009c 04       		.byte	0x4
 646 009d 9A01     		.2byte	0x19a
 647 009f 5E000000 		.4byte	0x5e
 648 00a3 02       		.uleb128 0x2
 649 00a4 04       		.byte	0x4
 650 00a5 04       		.byte	0x4
 651 00a6 AD000000 		.4byte	.LASF14
 652 00aa 02       		.uleb128 0x2
 653 00ab 08       		.byte	0x8
 654 00ac 04       		.byte	0x4
 655 00ad 17010000 		.4byte	.LASF15
 656 00b1 02       		.uleb128 0x2
 657 00b2 01       		.byte	0x1
 658 00b3 08       		.byte	0x8
 659 00b4 33020000 		.4byte	.LASF16
 660 00b8 02       		.uleb128 0x2
 661 00b9 04       		.byte	0x4
 662 00ba 07       		.byte	0x7
 663 00bb 00020000 		.4byte	.LASF17
 664 00bf 06       		.uleb128 0x6
 665 00c0 01       		.byte	0x1
 666 00c1 05       		.byte	0x5
 667 00c2 0C       		.byte	0xc
 668 00c3 E6000000 		.4byte	0xe6
 669 00c7 07       		.uleb128 0x7
 670 00c8 64000000 		.4byte	.LASF18
 671 00cc 00       		.sleb128 0
ARM GAS  C:\Users\Petro\AppData\Local\Temp\cc0tBzwv.s 			page 16


 672 00cd 07       		.uleb128 0x7
 673 00ce 6C000000 		.4byte	.LASF19
 674 00d2 01       		.sleb128 1
 675 00d3 07       		.uleb128 0x7
 676 00d4 74000000 		.4byte	.LASF20
 677 00d8 02       		.sleb128 2
 678 00d9 07       		.uleb128 0x7
 679 00da 80020000 		.4byte	.LASF21
 680 00de 03       		.sleb128 3
 681 00df 07       		.uleb128 0x7
 682 00e0 88020000 		.4byte	.LASF22
 683 00e4 04       		.sleb128 4
 684 00e5 00       		.byte	0
 685 00e6 06       		.uleb128 0x6
 686 00e7 01       		.byte	0x1
 687 00e8 06       		.byte	0x6
 688 00e9 09       		.byte	0x9
 689 00ea FB000000 		.4byte	0xfb
 690 00ee 07       		.uleb128 0x7
 691 00ef EB010000 		.4byte	.LASF23
 692 00f3 00       		.sleb128 0
 693 00f4 07       		.uleb128 0x7
 694 00f5 94000000 		.4byte	.LASF24
 695 00f9 01       		.sleb128 1
 696 00fa 00       		.byte	0
 697 00fb 08       		.uleb128 0x8
 698 00fc 04       		.byte	0x4
 699 00fd 01       		.byte	0x1
 700 00fe 0E       		.byte	0xe
 701 00ff 1C010000 		.4byte	0x11c
 702 0103 09       		.uleb128 0x9
 703 0104 C5010000 		.4byte	.LASF25
 704 0108 01       		.byte	0x1
 705 0109 10       		.byte	0x10
 706 010a 81000000 		.4byte	0x81
 707 010e 00       		.byte	0
 708 010f 09       		.uleb128 0x9
 709 0110 98020000 		.4byte	.LASF26
 710 0114 01       		.byte	0x1
 711 0115 11       		.byte	0x11
 712 0116 8C000000 		.4byte	0x8c
 713 011a 02       		.byte	0x2
 714 011b 00       		.byte	0
 715 011c 0A       		.uleb128 0xa
 716 011d 9F000000 		.4byte	.LASF27
 717 0121 01       		.byte	0x1
 718 0122 1A       		.byte	0x1a
 719 0123 00000000 		.4byte	.LFB63
 720 0127 8C000000 		.4byte	.LFE63-.LFB63
 721 012b 01       		.uleb128 0x1
 722 012c 9C       		.byte	0x9c
 723 012d 3E010000 		.4byte	0x13e
 724 0131 0B       		.uleb128 0xb
 725 0132 6900     		.ascii	"i\000"
 726 0134 01       		.byte	0x1
 727 0135 1C       		.byte	0x1c
 728 0136 73000000 		.4byte	0x73
ARM GAS  C:\Users\Petro\AppData\Local\Temp\cc0tBzwv.s 			page 17


 729 013a 02       		.uleb128 0x2
 730 013b 91       		.byte	0x91
 731 013c 74       		.sleb128 -12
 732 013d 00       		.byte	0
 733 013e 0C       		.uleb128 0xc
 734 013f F8000000 		.4byte	.LASF32
 735 0143 01       		.byte	0x1
 736 0144 3A       		.byte	0x3a
 737 0145 00000000 		.4byte	.LFB64
 738 0149 48000000 		.4byte	.LFE64-.LFB64
 739 014d 01       		.uleb128 0x1
 740 014e 9C       		.byte	0x9c
 741 014f 0A       		.uleb128 0xa
 742 0150 86000000 		.4byte	.LASF28
 743 0154 01       		.byte	0x1
 744 0155 4B       		.byte	0x4b
 745 0156 00000000 		.4byte	.LFB65
 746 015a 3C000000 		.4byte	.LFE65-.LFB65
 747 015e 01       		.uleb128 0x1
 748 015f 9C       		.byte	0x9c
 749 0160 71010000 		.4byte	0x171
 750 0164 0B       		.uleb128 0xb
 751 0165 6900     		.ascii	"i\000"
 752 0167 01       		.byte	0x1
 753 0168 4D       		.byte	0x4d
 754 0169 73000000 		.4byte	0x73
 755 016d 02       		.uleb128 0x2
 756 016e 91       		.byte	0x91
 757 016f 74       		.sleb128 -12
 758 0170 00       		.byte	0
 759 0171 0D       		.uleb128 0xd
 760 0172 F3010000 		.4byte	.LASF29
 761 0176 01       		.byte	0x1
 762 0177 61       		.byte	0x61
 763 0178 00000000 		.4byte	.LFB66
 764 017c 8C000000 		.4byte	.LFE66-.LFB66
 765 0180 01       		.uleb128 0x1
 766 0181 9C       		.byte	0x9c
 767 0182 AF010000 		.4byte	0x1af
 768 0186 0E       		.uleb128 0xe
 769 0187 C9000000 		.4byte	.LASF30
 770 018b 01       		.byte	0x1
 771 018c 61       		.byte	0x61
 772 018d 81000000 		.4byte	0x81
 773 0191 02       		.uleb128 0x2
 774 0192 91       		.byte	0x91
 775 0193 6F       		.sleb128 -17
 776 0194 0E       		.uleb128 0xe
 777 0195 B3000000 		.4byte	.LASF31
 778 0199 01       		.byte	0x1
 779 019a 61       		.byte	0x61
 780 019b 8C000000 		.4byte	0x8c
 781 019f 02       		.uleb128 0x2
 782 01a0 91       		.byte	0x91
 783 01a1 6C       		.sleb128 -20
 784 01a2 0B       		.uleb128 0xb
 785 01a3 6900     		.ascii	"i\000"
ARM GAS  C:\Users\Petro\AppData\Local\Temp\cc0tBzwv.s 			page 18


 786 01a5 01       		.byte	0x1
 787 01a6 64       		.byte	0x64
 788 01a7 73000000 		.4byte	0x73
 789 01ab 02       		.uleb128 0x2
 790 01ac 91       		.byte	0x91
 791 01ad 74       		.sleb128 -12
 792 01ae 00       		.byte	0
 793 01af 0C       		.uleb128 0xc
 794 01b0 38020000 		.4byte	.LASF33
 795 01b4 01       		.byte	0x1
 796 01b5 83       		.byte	0x83
 797 01b6 00000000 		.4byte	.LFB67
 798 01ba 24000000 		.4byte	.LFE67-.LFB67
 799 01be 01       		.uleb128 0x1
 800 01bf 9C       		.byte	0x9c
 801 01c0 0C       		.uleb128 0xc
 802 01c1 40020000 		.4byte	.LASF34
 803 01c5 01       		.byte	0x1
 804 01c6 8A       		.byte	0x8a
 805 01c7 00000000 		.4byte	.LFB68
 806 01cb 30000000 		.4byte	.LFE68-.LFB68
 807 01cf 01       		.uleb128 0x1
 808 01d0 9C       		.byte	0x9c
 809 01d1 0C       		.uleb128 0xc
 810 01d2 48020000 		.4byte	.LASF35
 811 01d6 01       		.byte	0x1
 812 01d7 92       		.byte	0x92
 813 01d8 00000000 		.4byte	.LFB69
 814 01dc 38000000 		.4byte	.LFE69-.LFB69
 815 01e0 01       		.uleb128 0x1
 816 01e1 9C       		.byte	0x9c
 817 01e2 0F       		.uleb128 0xf
 818 01e3 50020000 		.4byte	.LASF36
 819 01e7 01       		.byte	0x1
 820 01e8 A2       		.byte	0xa2
 821 01e9 00000000 		.4byte	.LFB70
 822 01ed 14000000 		.4byte	.LFE70-.LFB70
 823 01f1 01       		.uleb128 0x1
 824 01f2 9C       		.byte	0x9c
 825 01f3 0F       		.uleb128 0xf
 826 01f4 90020000 		.4byte	.LASF37
 827 01f8 01       		.byte	0x1
 828 01f9 A8       		.byte	0xa8
 829 01fa 00000000 		.4byte	.LFB71
 830 01fe 14000000 		.4byte	.LFE71-.LFB71
 831 0202 01       		.uleb128 0x1
 832 0203 9C       		.byte	0x9c
 833 0204 10       		.uleb128 0x10
 834 0205 7C000000 		.4byte	.LASF38
 835 0209 01       		.byte	0x1
 836 020a 0A       		.byte	0xa
 837 020b 8C000000 		.4byte	0x8c
 838 020f 05       		.uleb128 0x5
 839 0210 03       		.byte	0x3
 840 0211 00000000 		.4byte	writeFlag
 841 0215 11       		.uleb128 0x11
 842 0216 FB000000 		.4byte	0xfb
ARM GAS  C:\Users\Petro\AppData\Local\Temp\cc0tBzwv.s 			page 19


 843 021a 25020000 		.4byte	0x225
 844 021e 12       		.uleb128 0x12
 845 021f B8000000 		.4byte	0xb8
 846 0223 04       		.byte	0x4
 847 0224 00       		.byte	0
 848 0225 10       		.uleb128 0x10
 849 0226 02010000 		.4byte	.LASF39
 850 022a 01       		.byte	0x1
 851 022b 12       		.byte	0x12
 852 022c 36020000 		.4byte	0x236
 853 0230 05       		.uleb128 0x5
 854 0231 03       		.byte	0x3
 855 0232 04000000 		.4byte	SoftTimer
 856 0236 13       		.uleb128 0x13
 857 0237 15020000 		.4byte	0x215
 858 023b 11       		.uleb128 0x11
 859 023c 81000000 		.4byte	0x81
 860 0240 4B020000 		.4byte	0x24b
 861 0244 12       		.uleb128 0x12
 862 0245 B8000000 		.4byte	0xb8
 863 0249 04       		.byte	0x4
 864 024a 00       		.byte	0
 865 024b 14       		.uleb128 0x14
 866 024c B3010000 		.4byte	.LASF43
 867 0250 01       		.byte	0x1
 868 0251 0C       		.byte	0xc
 869 0252 3B020000 		.4byte	0x23b
 870 0256 05       		.uleb128 0x5
 871 0257 03       		.byte	0x3
 872 0258 00000000 		.4byte	flag
 873 025c 00       		.byte	0
 874              		.section	.debug_abbrev,"",%progbits
 875              	.Ldebug_abbrev0:
 876 0000 01       		.uleb128 0x1
 877 0001 11       		.uleb128 0x11
 878 0002 01       		.byte	0x1
 879 0003 25       		.uleb128 0x25
 880 0004 0E       		.uleb128 0xe
 881 0005 13       		.uleb128 0x13
 882 0006 0B       		.uleb128 0xb
 883 0007 03       		.uleb128 0x3
 884 0008 0E       		.uleb128 0xe
 885 0009 1B       		.uleb128 0x1b
 886 000a 0E       		.uleb128 0xe
 887 000b 55       		.uleb128 0x55
 888 000c 17       		.uleb128 0x17
 889 000d 11       		.uleb128 0x11
 890 000e 01       		.uleb128 0x1
 891 000f 10       		.uleb128 0x10
 892 0010 17       		.uleb128 0x17
 893 0011 00       		.byte	0
 894 0012 00       		.byte	0
 895 0013 02       		.uleb128 0x2
 896 0014 24       		.uleb128 0x24
 897 0015 00       		.byte	0
 898 0016 0B       		.uleb128 0xb
 899 0017 0B       		.uleb128 0xb
ARM GAS  C:\Users\Petro\AppData\Local\Temp\cc0tBzwv.s 			page 20


 900 0018 3E       		.uleb128 0x3e
 901 0019 0B       		.uleb128 0xb
 902 001a 03       		.uleb128 0x3
 903 001b 0E       		.uleb128 0xe
 904 001c 00       		.byte	0
 905 001d 00       		.byte	0
 906 001e 03       		.uleb128 0x3
 907 001f 16       		.uleb128 0x16
 908 0020 00       		.byte	0
 909 0021 03       		.uleb128 0x3
 910 0022 0E       		.uleb128 0xe
 911 0023 3A       		.uleb128 0x3a
 912 0024 0B       		.uleb128 0xb
 913 0025 3B       		.uleb128 0x3b
 914 0026 0B       		.uleb128 0xb
 915 0027 49       		.uleb128 0x49
 916 0028 13       		.uleb128 0x13
 917 0029 00       		.byte	0
 918 002a 00       		.byte	0
 919 002b 04       		.uleb128 0x4
 920 002c 24       		.uleb128 0x24
 921 002d 00       		.byte	0
 922 002e 0B       		.uleb128 0xb
 923 002f 0B       		.uleb128 0xb
 924 0030 3E       		.uleb128 0x3e
 925 0031 0B       		.uleb128 0xb
 926 0032 03       		.uleb128 0x3
 927 0033 08       		.uleb128 0x8
 928 0034 00       		.byte	0
 929 0035 00       		.byte	0
 930 0036 05       		.uleb128 0x5
 931 0037 16       		.uleb128 0x16
 932 0038 00       		.byte	0
 933 0039 03       		.uleb128 0x3
 934 003a 0E       		.uleb128 0xe
 935 003b 3A       		.uleb128 0x3a
 936 003c 0B       		.uleb128 0xb
 937 003d 3B       		.uleb128 0x3b
 938 003e 05       		.uleb128 0x5
 939 003f 49       		.uleb128 0x49
 940 0040 13       		.uleb128 0x13
 941 0041 00       		.byte	0
 942 0042 00       		.byte	0
 943 0043 06       		.uleb128 0x6
 944 0044 04       		.uleb128 0x4
 945 0045 01       		.byte	0x1
 946 0046 0B       		.uleb128 0xb
 947 0047 0B       		.uleb128 0xb
 948 0048 3A       		.uleb128 0x3a
 949 0049 0B       		.uleb128 0xb
 950 004a 3B       		.uleb128 0x3b
 951 004b 0B       		.uleb128 0xb
 952 004c 01       		.uleb128 0x1
 953 004d 13       		.uleb128 0x13
 954 004e 00       		.byte	0
 955 004f 00       		.byte	0
 956 0050 07       		.uleb128 0x7
ARM GAS  C:\Users\Petro\AppData\Local\Temp\cc0tBzwv.s 			page 21


 957 0051 28       		.uleb128 0x28
 958 0052 00       		.byte	0
 959 0053 03       		.uleb128 0x3
 960 0054 0E       		.uleb128 0xe
 961 0055 1C       		.uleb128 0x1c
 962 0056 0D       		.uleb128 0xd
 963 0057 00       		.byte	0
 964 0058 00       		.byte	0
 965 0059 08       		.uleb128 0x8
 966 005a 13       		.uleb128 0x13
 967 005b 01       		.byte	0x1
 968 005c 0B       		.uleb128 0xb
 969 005d 0B       		.uleb128 0xb
 970 005e 3A       		.uleb128 0x3a
 971 005f 0B       		.uleb128 0xb
 972 0060 3B       		.uleb128 0x3b
 973 0061 0B       		.uleb128 0xb
 974 0062 01       		.uleb128 0x1
 975 0063 13       		.uleb128 0x13
 976 0064 00       		.byte	0
 977 0065 00       		.byte	0
 978 0066 09       		.uleb128 0x9
 979 0067 0D       		.uleb128 0xd
 980 0068 00       		.byte	0
 981 0069 03       		.uleb128 0x3
 982 006a 0E       		.uleb128 0xe
 983 006b 3A       		.uleb128 0x3a
 984 006c 0B       		.uleb128 0xb
 985 006d 3B       		.uleb128 0x3b
 986 006e 0B       		.uleb128 0xb
 987 006f 49       		.uleb128 0x49
 988 0070 13       		.uleb128 0x13
 989 0071 38       		.uleb128 0x38
 990 0072 0B       		.uleb128 0xb
 991 0073 00       		.byte	0
 992 0074 00       		.byte	0
 993 0075 0A       		.uleb128 0xa
 994 0076 2E       		.uleb128 0x2e
 995 0077 01       		.byte	0x1
 996 0078 3F       		.uleb128 0x3f
 997 0079 19       		.uleb128 0x19
 998 007a 03       		.uleb128 0x3
 999 007b 0E       		.uleb128 0xe
 1000 007c 3A       		.uleb128 0x3a
 1001 007d 0B       		.uleb128 0xb
 1002 007e 3B       		.uleb128 0x3b
 1003 007f 0B       		.uleb128 0xb
 1004 0080 27       		.uleb128 0x27
 1005 0081 19       		.uleb128 0x19
 1006 0082 11       		.uleb128 0x11
 1007 0083 01       		.uleb128 0x1
 1008 0084 12       		.uleb128 0x12
 1009 0085 06       		.uleb128 0x6
 1010 0086 40       		.uleb128 0x40
 1011 0087 18       		.uleb128 0x18
 1012 0088 9642     		.uleb128 0x2116
 1013 008a 19       		.uleb128 0x19
ARM GAS  C:\Users\Petro\AppData\Local\Temp\cc0tBzwv.s 			page 22


 1014 008b 01       		.uleb128 0x1
 1015 008c 13       		.uleb128 0x13
 1016 008d 00       		.byte	0
 1017 008e 00       		.byte	0
 1018 008f 0B       		.uleb128 0xb
 1019 0090 34       		.uleb128 0x34
 1020 0091 00       		.byte	0
 1021 0092 03       		.uleb128 0x3
 1022 0093 08       		.uleb128 0x8
 1023 0094 3A       		.uleb128 0x3a
 1024 0095 0B       		.uleb128 0xb
 1025 0096 3B       		.uleb128 0x3b
 1026 0097 0B       		.uleb128 0xb
 1027 0098 49       		.uleb128 0x49
 1028 0099 13       		.uleb128 0x13
 1029 009a 02       		.uleb128 0x2
 1030 009b 18       		.uleb128 0x18
 1031 009c 00       		.byte	0
 1032 009d 00       		.byte	0
 1033 009e 0C       		.uleb128 0xc
 1034 009f 2E       		.uleb128 0x2e
 1035 00a0 00       		.byte	0
 1036 00a1 3F       		.uleb128 0x3f
 1037 00a2 19       		.uleb128 0x19
 1038 00a3 03       		.uleb128 0x3
 1039 00a4 0E       		.uleb128 0xe
 1040 00a5 3A       		.uleb128 0x3a
 1041 00a6 0B       		.uleb128 0xb
 1042 00a7 3B       		.uleb128 0x3b
 1043 00a8 0B       		.uleb128 0xb
 1044 00a9 27       		.uleb128 0x27
 1045 00aa 19       		.uleb128 0x19
 1046 00ab 11       		.uleb128 0x11
 1047 00ac 01       		.uleb128 0x1
 1048 00ad 12       		.uleb128 0x12
 1049 00ae 06       		.uleb128 0x6
 1050 00af 40       		.uleb128 0x40
 1051 00b0 18       		.uleb128 0x18
 1052 00b1 9642     		.uleb128 0x2116
 1053 00b3 19       		.uleb128 0x19
 1054 00b4 00       		.byte	0
 1055 00b5 00       		.byte	0
 1056 00b6 0D       		.uleb128 0xd
 1057 00b7 2E       		.uleb128 0x2e
 1058 00b8 01       		.byte	0x1
 1059 00b9 3F       		.uleb128 0x3f
 1060 00ba 19       		.uleb128 0x19
 1061 00bb 03       		.uleb128 0x3
 1062 00bc 0E       		.uleb128 0xe
 1063 00bd 3A       		.uleb128 0x3a
 1064 00be 0B       		.uleb128 0xb
 1065 00bf 3B       		.uleb128 0x3b
 1066 00c0 0B       		.uleb128 0xb
 1067 00c1 27       		.uleb128 0x27
 1068 00c2 19       		.uleb128 0x19
 1069 00c3 11       		.uleb128 0x11
 1070 00c4 01       		.uleb128 0x1
ARM GAS  C:\Users\Petro\AppData\Local\Temp\cc0tBzwv.s 			page 23


 1071 00c5 12       		.uleb128 0x12
 1072 00c6 06       		.uleb128 0x6
 1073 00c7 40       		.uleb128 0x40
 1074 00c8 18       		.uleb128 0x18
 1075 00c9 9742     		.uleb128 0x2117
 1076 00cb 19       		.uleb128 0x19
 1077 00cc 01       		.uleb128 0x1
 1078 00cd 13       		.uleb128 0x13
 1079 00ce 00       		.byte	0
 1080 00cf 00       		.byte	0
 1081 00d0 0E       		.uleb128 0xe
 1082 00d1 05       		.uleb128 0x5
 1083 00d2 00       		.byte	0
 1084 00d3 03       		.uleb128 0x3
 1085 00d4 0E       		.uleb128 0xe
 1086 00d5 3A       		.uleb128 0x3a
 1087 00d6 0B       		.uleb128 0xb
 1088 00d7 3B       		.uleb128 0x3b
 1089 00d8 0B       		.uleb128 0xb
 1090 00d9 49       		.uleb128 0x49
 1091 00da 13       		.uleb128 0x13
 1092 00db 02       		.uleb128 0x2
 1093 00dc 18       		.uleb128 0x18
 1094 00dd 00       		.byte	0
 1095 00de 00       		.byte	0
 1096 00df 0F       		.uleb128 0xf
 1097 00e0 2E       		.uleb128 0x2e
 1098 00e1 00       		.byte	0
 1099 00e2 3F       		.uleb128 0x3f
 1100 00e3 19       		.uleb128 0x19
 1101 00e4 03       		.uleb128 0x3
 1102 00e5 0E       		.uleb128 0xe
 1103 00e6 3A       		.uleb128 0x3a
 1104 00e7 0B       		.uleb128 0xb
 1105 00e8 3B       		.uleb128 0x3b
 1106 00e9 0B       		.uleb128 0xb
 1107 00ea 27       		.uleb128 0x27
 1108 00eb 19       		.uleb128 0x19
 1109 00ec 11       		.uleb128 0x11
 1110 00ed 01       		.uleb128 0x1
 1111 00ee 12       		.uleb128 0x12
 1112 00ef 06       		.uleb128 0x6
 1113 00f0 40       		.uleb128 0x40
 1114 00f1 18       		.uleb128 0x18
 1115 00f2 9742     		.uleb128 0x2117
 1116 00f4 19       		.uleb128 0x19
 1117 00f5 00       		.byte	0
 1118 00f6 00       		.byte	0
 1119 00f7 10       		.uleb128 0x10
 1120 00f8 34       		.uleb128 0x34
 1121 00f9 00       		.byte	0
 1122 00fa 03       		.uleb128 0x3
 1123 00fb 0E       		.uleb128 0xe
 1124 00fc 3A       		.uleb128 0x3a
 1125 00fd 0B       		.uleb128 0xb
 1126 00fe 3B       		.uleb128 0x3b
 1127 00ff 0B       		.uleb128 0xb
ARM GAS  C:\Users\Petro\AppData\Local\Temp\cc0tBzwv.s 			page 24


 1128 0100 49       		.uleb128 0x49
 1129 0101 13       		.uleb128 0x13
 1130 0102 02       		.uleb128 0x2
 1131 0103 18       		.uleb128 0x18
 1132 0104 00       		.byte	0
 1133 0105 00       		.byte	0
 1134 0106 11       		.uleb128 0x11
 1135 0107 01       		.uleb128 0x1
 1136 0108 01       		.byte	0x1
 1137 0109 49       		.uleb128 0x49
 1138 010a 13       		.uleb128 0x13
 1139 010b 01       		.uleb128 0x1
 1140 010c 13       		.uleb128 0x13
 1141 010d 00       		.byte	0
 1142 010e 00       		.byte	0
 1143 010f 12       		.uleb128 0x12
 1144 0110 21       		.uleb128 0x21
 1145 0111 00       		.byte	0
 1146 0112 49       		.uleb128 0x49
 1147 0113 13       		.uleb128 0x13
 1148 0114 2F       		.uleb128 0x2f
 1149 0115 0B       		.uleb128 0xb
 1150 0116 00       		.byte	0
 1151 0117 00       		.byte	0
 1152 0118 13       		.uleb128 0x13
 1153 0119 35       		.uleb128 0x35
 1154 011a 00       		.byte	0
 1155 011b 49       		.uleb128 0x49
 1156 011c 13       		.uleb128 0x13
 1157 011d 00       		.byte	0
 1158 011e 00       		.byte	0
 1159 011f 14       		.uleb128 0x14
 1160 0120 34       		.uleb128 0x34
 1161 0121 00       		.byte	0
 1162 0122 03       		.uleb128 0x3
 1163 0123 0E       		.uleb128 0xe
 1164 0124 3A       		.uleb128 0x3a
 1165 0125 0B       		.uleb128 0xb
 1166 0126 3B       		.uleb128 0x3b
 1167 0127 0B       		.uleb128 0xb
 1168 0128 49       		.uleb128 0x49
 1169 0129 13       		.uleb128 0x13
 1170 012a 3F       		.uleb128 0x3f
 1171 012b 19       		.uleb128 0x19
 1172 012c 02       		.uleb128 0x2
 1173 012d 18       		.uleb128 0x18
 1174 012e 00       		.byte	0
 1175 012f 00       		.byte	0
 1176 0130 00       		.byte	0
 1177              		.section	.debug_aranges,"",%progbits
 1178 0000 5C000000 		.4byte	0x5c
 1179 0004 0200     		.2byte	0x2
 1180 0006 00000000 		.4byte	.Ldebug_info0
 1181 000a 04       		.byte	0x4
 1182 000b 00       		.byte	0
 1183 000c 0000     		.2byte	0
 1184 000e 0000     		.2byte	0
ARM GAS  C:\Users\Petro\AppData\Local\Temp\cc0tBzwv.s 			page 25


 1185 0010 00000000 		.4byte	.LFB63
 1186 0014 8C000000 		.4byte	.LFE63-.LFB63
 1187 0018 00000000 		.4byte	.LFB64
 1188 001c 48000000 		.4byte	.LFE64-.LFB64
 1189 0020 00000000 		.4byte	.LFB65
 1190 0024 3C000000 		.4byte	.LFE65-.LFB65
 1191 0028 00000000 		.4byte	.LFB66
 1192 002c 8C000000 		.4byte	.LFE66-.LFB66
 1193 0030 00000000 		.4byte	.LFB67
 1194 0034 24000000 		.4byte	.LFE67-.LFB67
 1195 0038 00000000 		.4byte	.LFB68
 1196 003c 30000000 		.4byte	.LFE68-.LFB68
 1197 0040 00000000 		.4byte	.LFB69
 1198 0044 38000000 		.4byte	.LFE69-.LFB69
 1199 0048 00000000 		.4byte	.LFB70
 1200 004c 14000000 		.4byte	.LFE70-.LFB70
 1201 0050 00000000 		.4byte	.LFB71
 1202 0054 14000000 		.4byte	.LFE71-.LFB71
 1203 0058 00000000 		.4byte	0
 1204 005c 00000000 		.4byte	0
 1205              		.section	.debug_ranges,"",%progbits
 1206              	.Ldebug_ranges0:
 1207 0000 00000000 		.4byte	.LFB63
 1208 0004 8C000000 		.4byte	.LFE63
 1209 0008 00000000 		.4byte	.LFB64
 1210 000c 48000000 		.4byte	.LFE64
 1211 0010 00000000 		.4byte	.LFB65
 1212 0014 3C000000 		.4byte	.LFE65
 1213 0018 00000000 		.4byte	.LFB66
 1214 001c 8C000000 		.4byte	.LFE66
 1215 0020 00000000 		.4byte	.LFB67
 1216 0024 24000000 		.4byte	.LFE67
 1217 0028 00000000 		.4byte	.LFB68
 1218 002c 30000000 		.4byte	.LFE68
 1219 0030 00000000 		.4byte	.LFB69
 1220 0034 38000000 		.4byte	.LFE69
 1221 0038 00000000 		.4byte	.LFB70
 1222 003c 14000000 		.4byte	.LFE70
 1223 0040 00000000 		.4byte	.LFB71
 1224 0044 14000000 		.4byte	.LFE71
 1225 0048 00000000 		.4byte	0
 1226 004c 00000000 		.4byte	0
 1227              		.section	.debug_line,"",%progbits
 1228              	.Ldebug_line0:
 1229 0000 B9020000 		.section	.debug_str,"MS",%progbits,1
 1229      02008A01 
 1229      00000201 
 1229      FB0E0D00 
 1229      01010101 
 1230              	.LASF3:
 1231 0000 5F5F7569 		.ascii	"__uint8_t\000"
 1231      6E74385F 
 1231      7400
 1232              	.LASF42:
 1233 000a 443A5C43 		.ascii	"D:\\Cypress\\system-start-finish\\vesion 2\\fw\\sta"
 1233      79707265 
 1233      73735C73 
ARM GAS  C:\Users\Petro\AppData\Local\Temp\cc0tBzwv.s 			page 26


 1233      79737465 
 1233      6D2D7374 
 1234 0038 72745C73 		.ascii	"rt\\sandbox\\v11_flag_machine\\start_v10.cydsn\000"
 1234      616E6462 
 1234      6F785C76 
 1234      31315F66 
 1234      6C61675F 
 1235              	.LASF18:
 1236 0064 41435449 		.ascii	"ACTION1\000"
 1236      4F4E3100 
 1237              	.LASF19:
 1238 006c 41435449 		.ascii	"ACTION2\000"
 1238      4F4E3200 
 1239              	.LASF20:
 1240 0074 41435449 		.ascii	"ACTION3\000"
 1240      4F4E3300 
 1241              	.LASF38:
 1242 007c 77726974 		.ascii	"writeFlag\000"
 1242      65466C61 
 1242      6700
 1243              	.LASF28:
 1244 0086 5461736B 		.ascii	"TaskTimerInit\000"
 1244      54696D65 
 1244      72496E69 
 1244      7400
 1245              	.LASF24:
 1246 0094 44495343 		.ascii	"DISCONNECT\000"
 1246      4F4E4E45 
 1246      435400
 1247              	.LASF27:
 1248 009f 54494D45 		.ascii	"TIMER_HANDLER\000"
 1248      525F4841 
 1248      4E444C45 
 1248      5200
 1249              	.LASF14:
 1250 00ad 666C6F61 		.ascii	"float\000"
 1250      7400
 1251              	.LASF31:
 1252 00b3 6E657754 		.ascii	"newTime\000"
 1252      696D6500 
 1253              	.LASF1:
 1254 00bb 756E7369 		.ascii	"unsigned char\000"
 1254      676E6564 
 1254      20636861 
 1254      7200
 1255              	.LASF30:
 1256 00c9 6E65774E 		.ascii	"newNumber\000"
 1256      756D6265 
 1256      7200
 1257              	.LASF7:
 1258 00d3 6C6F6E67 		.ascii	"long unsigned int\000"
 1258      20756E73 
 1258      69676E65 
 1258      6420696E 
 1258      7400
 1259              	.LASF5:
 1260 00e5 73686F72 		.ascii	"short unsigned int\000"
ARM GAS  C:\Users\Petro\AppData\Local\Temp\cc0tBzwv.s 			page 27


 1260      7420756E 
 1260      7369676E 
 1260      65642069 
 1260      6E7400
 1261              	.LASF32:
 1262 00f8 5461736B 		.ascii	"TaskCheck\000"
 1262      43686563 
 1262      6B00
 1263              	.LASF39:
 1264 0102 536F6674 		.ascii	"SoftTimer\000"
 1264      54696D65 
 1264      7200
 1265              	.LASF4:
 1266 010c 5F5F7569 		.ascii	"__uint16_t\000"
 1266      6E743136 
 1266      5F7400
 1267              	.LASF15:
 1268 0117 646F7562 		.ascii	"double\000"
 1268      6C6500
 1269              	.LASF40:
 1270 011e 474E5520 		.ascii	"GNU C 4.9.3 20150303 (release) [ARM/embedded-4_9-br"
 1270      4320342E 
 1270      392E3320 
 1270      32303135 
 1270      30333033 
 1271 0151 616E6368 		.ascii	"anch revision 221220] -mcpu=cortex-m0 -mthumb -g -O"
 1271      20726576 
 1271      6973696F 
 1271      6E203232 
 1271      31323230 
 1272 0184 30202D66 		.ascii	"0 -ffunction-sections -ffat-lto-objects\000"
 1272      66756E63 
 1272      74696F6E 
 1272      2D736563 
 1272      74696F6E 
 1273              	.LASF13:
 1274 01ac 75696E74 		.ascii	"uint32\000"
 1274      333200
 1275              	.LASF43:
 1276 01b3 666C6167 		.ascii	"flag\000"
 1276      00
 1277              	.LASF10:
 1278 01b8 756E7369 		.ascii	"unsigned int\000"
 1278      676E6564 
 1278      20696E74 
 1278      00
 1279              	.LASF25:
 1280 01c5 4E756D62 		.ascii	"Number\000"
 1280      657200
 1281              	.LASF9:
 1282 01cc 6C6F6E67 		.ascii	"long long unsigned int\000"
 1282      206C6F6E 
 1282      6720756E 
 1282      7369676E 
 1282      65642069 
 1283              	.LASF11:
 1284 01e3 75696E74 		.ascii	"uint8_t\000"
ARM GAS  C:\Users\Petro\AppData\Local\Temp\cc0tBzwv.s 			page 28


 1284      385F7400 
 1285              	.LASF23:
 1286 01eb 434F4E4E 		.ascii	"CONNECT\000"
 1286      45435400 
 1287              	.LASF29:
 1288 01f3 53657454 		.ascii	"SetTaskTimer\000"
 1288      61736B54 
 1288      696D6572 
 1288      00
 1289              	.LASF17:
 1290 0200 73697A65 		.ascii	"sizetype\000"
 1290      74797065 
 1290      00
 1291              	.LASF41:
 1292 0209 6C69625F 		.ascii	"lib_TaskTimer\\taskAutomat.c\000"
 1292      5461736B 
 1292      54696D65 
 1292      725C7461 
 1292      736B4175 
 1293              	.LASF8:
 1294 0225 6C6F6E67 		.ascii	"long long int\000"
 1294      206C6F6E 
 1294      6720696E 
 1294      7400
 1295              	.LASF16:
 1296 0233 63686172 		.ascii	"char\000"
 1296      00
 1297              	.LASF33:
 1298 0238 41637469 		.ascii	"Action1\000"
 1298      6F6E3100 
 1299              	.LASF34:
 1300 0240 41637469 		.ascii	"Action2\000"
 1300      6F6E3200 
 1301              	.LASF35:
 1302 0248 41637469 		.ascii	"Action3\000"
 1302      6F6E3300 
 1303              	.LASF36:
 1304 0250 41637469 		.ascii	"Action4\000"
 1304      6F6E3400 
 1305              	.LASF2:
 1306 0258 73686F72 		.ascii	"short int\000"
 1306      7420696E 
 1306      7400
 1307              	.LASF12:
 1308 0262 75696E74 		.ascii	"uint16_t\000"
 1308      31365F74 
 1308      00
 1309              	.LASF6:
 1310 026b 6C6F6E67 		.ascii	"long int\000"
 1310      20696E74 
 1310      00
 1311              	.LASF0:
 1312 0274 7369676E 		.ascii	"signed char\000"
 1312      65642063 
 1312      68617200 
 1313              	.LASF21:
 1314 0280 41435449 		.ascii	"ACTION4\000"
ARM GAS  C:\Users\Petro\AppData\Local\Temp\cc0tBzwv.s 			page 29


 1314      4F4E3400 
 1315              	.LASF22:
 1316 0288 41435449 		.ascii	"ACTION5\000"
 1316      4F4E3500 
 1317              	.LASF37:
 1318 0290 41637469 		.ascii	"Action5\000"
 1318      6F6E3500 
 1319              	.LASF26:
 1320 0298 54696D65 		.ascii	"Time\000"
 1320      00
 1321              		.ident	"GCC: (GNU Tools for ARM Embedded Processors) 4.9.3 20150303 (release) [ARM/embedded-4_9-br
