--------------- Build Started: 04/26/2017 19:34:24 Project: fin_v11, Configuration: ARM GCC 4.9-2015-q1-update Debug ---------------
cydsfit.exe -.appdatapath "C:\Users\Petro\AppData\Local\Cypress Semiconductor\PSoC Creator\4.0" -.fdsnotice -.fdswarpdepfile=warp_dependencies.txt -.fdselabdepfile=elab_dependencies.txt -.fdsbldfile=generated_files.txt -.fdsreffile=referenced_files.txt -p "D:\Cypress\SF system\dev\FW\finish\fin_v11.cydsn\fin_v11.cyprj" -d CY8C4247LQI-BL483 -s "D:\Cypress\SF system\dev\FW\finish\fin_v11.cydsn\Generated_Source\PSoC4" -- -yv2 -q10 -ygs -o2 -v3 -.fftcfgtype=LE
Elaborating Design...
HDL Generation...
Synthesis...
Tech Mapping...
ADD: pft.M0040: information: The following 2 pin(s) will be assigned a location by the fitter: \SwSPI_Master:SPI_CS(0)\, debugntp(0)
Analog Placement...
Analog Routing...
Analog Code Generation...
Digital Placement...
Digital Routing...
Bitstream Generation...
Bitstream Verification...
Static timing analysis...
API Generation...
Dependency Generation...
Cleanup...
The compile step is up to date, no work needs to be done.
arm-none-eabi-ar.exe -rs .\CortexM0\ARM_GCC_493\Debug\fin_v11.a .\CortexM0\ARM_GCC_493\Debug\cyfitter_cfg.o .\CortexM0\ARM_GCC_493\Debug\CyFlash.o .\CortexM0\ARM_GCC_493\Debug\CyLib.o .\CortexM0\ARM_GCC_493\Debug\cyPm.o .\CortexM0\ARM_GCC_493\Debug\cyutils.o .\CortexM0\ARM_GCC_493\Debug\CyLFClk.o .\CortexM0\ARM_GCC_493\Debug\RTC.o .\CortexM0\ARM_GCC_493\Debug\I2C.o .\CortexM0\ARM_GCC_493\Debug\I2C_I2C_INT.o .\CortexM0\ARM_GCC_493\Debug\I2C_I2C.o .\CortexM0\ARM_GCC_493\Debug\I2C_I2C_BOOT.o .\CortexM0\ARM_GCC_493\Debug\I2C_PM.o .\CortexM0\ARM_GCC_493\Debug\I2C_BOOT.o .\CortexM0\ARM_GCC_493\Debug\I2C_I2C_MASTER.o .\CortexM0\ARM_GCC_493\Debug\I2C_SCBCLK.o .\CortexM0\ARM_GCC_493\Debug\I2C_sda.o .\CortexM0\ARM_GCC_493\Debug\I2C_sda_PM.o .\CortexM0\ARM_GCC_493\Debug\I2C_scl.o .\CortexM0\ARM_GCC_493\Debug\I2C_scl_PM.o .\CortexM0\ARM_GCC_493\Debug\I2C_SCB_IRQ.o .\CortexM0\ARM_GCC_493\Debug\GatePin.o .\CortexM0\ARM_GCC_493\Debug\GatePin_PM.o .\CortexM0\ARM_GCC_493\Debug\Timer_LED.o .\CortexM0\ARM_GCC_493\Debug\Timer_LED_PM.o .\CortexM0\ARM_GCC_493\Debug\Int_Timer_Led.o .\CortexM0\ARM_GCC_493\Debug\timer_clock.o .\CortexM0\ARM_GCC_493\Debug\LED_PIN.o .\CortexM0\ARM_GCC_493\Debug\LED_PIN_PM.o .\CortexM0\ARM_GCC_493\Debug\UART_XB.o .\CortexM0\ARM_GCC_493\Debug\UART_XB_SPI_UART.o .\CortexM0\ARM_GCC_493\Debug\UART_XB_SPI_UART_INT.o .\CortexM0\ARM_GCC_493\Debug\UART_XB_PM.o .\CortexM0\ARM_GCC_493\Debug\UART_XB_UART.o .\CortexM0\ARM_GCC_493\Debug\UART_XB_BOOT.o .\CortexM0\ARM_GCC_493\Debug\UART_XB_UART_BOOT.o .\CortexM0\ARM_GCC_493\Debug\UART_XB_SCBCLK.o .\CortexM0\ARM_GCC_493\Debug\UART_XB_tx.o .\CortexM0\ARM_GCC_493\Debug\UART_XB_tx_PM.o .\CortexM0\ARM_GCC_493\Debug\UART_XB_rx.o .\CortexM0\ARM_GCC_493\Debug\UART_XB_rx_PM.o .\CortexM0\ARM_GCC_493\Debug\SwSPI_Master.o .\CortexM0\ARM_GCC_493\Debug\UART_XB_SCB_IRQ.o .\CortexM0\ARM_GCC_493\Debug\GATE_INT.o .\CortexM0\ARM_GCC_493\Debug\SDinsert.o .\CortexM0\ARM_GCC_493\Debug\SDinsert_PM.o .\CortexM0\ARM_GCC_493\Debug\debug.o .\CortexM0\ARM_GCC_493\Debug\debug_PM.o .\CortexM0\ARM_GCC_493\Debug\Clock_1.o .\CortexM0\ARM_GCC_493\Debug\debugntp.o .\CortexM0\ARM_GCC_493\Debug\debugntp_PM.o .\CortexM0\ARM_GCC_493\Debug\ble.o .\CortexM0\ARM_GCC_493\Debug\ble_gatt.o .\CortexM0\ARM_GCC_493\Debug\ble_eventHandler.o .\CortexM0\ARM_GCC_493\Debug\ble_HAL_INT.o .\CortexM0\ARM_GCC_493\Debug\ble_HAL_PVT.o .\CortexM0\ARM_GCC_493\Debug\ble_custom.o .\CortexM0\ARM_GCC_493\Debug\ble_bless_isr.o .\CortexM0\ARM_GCC_493\Debug\pwm.o .\CortexM0\ARM_GCC_493\Debug\pwm_PM.o .\CortexM0\ARM_GCC_493\Debug\blue.o .\CortexM0\ARM_GCC_493\Debug\ADC.o .\CortexM0\ARM_GCC_493\Debug\ADC_PM.o .\CortexM0\ARM_GCC_493\Debug\ADC_INT.o .\CortexM0\ARM_GCC_493\Debug\voltage.o .\CortexM0\ARM_GCC_493\Debug\voltage_PM.o .\CortexM0\ARM_GCC_493\Debug\ADC_IRQ.o .\CortexM0\ARM_GCC_493\Debug\ADC_intClock.o .\CortexM0\ARM_GCC_493\Debug\LCD_BL.o .\CortexM0\ARM_GCC_493\Debug\LCD_BL_PM.o .\CortexM0\ARM_GCC_493\Debug\CE.o .\CortexM0\ARM_GCC_493\Debug\CE_PM.o .\CortexM0\ARM_GCC_493\Debug\RST.o .\CortexM0\ARM_GCC_493\Debug\RST_PM.o .\CortexM0\ARM_GCC_493\Debug\DC.o .\CortexM0\ARM_GCC_493\Debug\DC_PM.o .\CortexM0\ARM_GCC_493\Debug\timer_clock_2.o .\CortexM0\ARM_GCC_493\Debug\SD_CS.o .\CortexM0\ARM_GCC_493\Debug\SD_CS_PM.o .\CortexM0\ARM_GCC_493\Debug\SwSPI_Master_SPI_MISO.o .\CortexM0\ARM_GCC_493\Debug\SwSPI_Master_SPI_MISO_PM.o .\CortexM0\ARM_GCC_493\Debug\SwSPI_Master_SPI_CS.o .\CortexM0\ARM_GCC_493\Debug\SwSPI_Master_SPI_CS_PM.o .\CortexM0\ARM_GCC_493\Debug\SwSPI_Master_SPI_MOSI.o .\CortexM0\ARM_GCC_493\Debug\SwSPI_Master_SPI_MOSI_PM.o .\CortexM0\ARM_GCC_493\Debug\SwSPI_Master_SPI_SCK.o .\CortexM0\ARM_GCC_493\Debug\SwSPI_Master_SPI_SCK_PM.o .\CortexM0\ARM_GCC_493\Debug\Clock_3.o .\CortexM0\ARM_GCC_493\Debug\TimerTestMode.o .\CortexM0\ARM_GCC_493\Debug\TimerTestMode_PM.o .\CortexM0\ARM_GCC_493\Debug\Int_timerTestMode.o .\CortexM0\ARM_GCC_493\Debug\Pin_testMode.o .\CortexM0\ARM_GCC_493\Debug\Pin_testMode_PM.o .\CortexM0\ARM_GCC_493\Debug\SW_RunTestMode.o .\CortexM0\ARM_GCC_493\Debug\SW_RunTestMode_PM.o .\CortexM0\ARM_GCC_493\Debug\Timer.o .\CortexM0\ARM_GCC_493\Debug\Timer_PM.o .\CortexM0\ARM_GCC_493\Debug\isr_timer.o .\CortexM0\ARM_GCC_493\Debug\CyBootAsmGnu.o
arm-none-eabi-ar.exe: creating .\CortexM0\ARM_GCC_493\Debug\fin_v11.a
arm-none-eabi-gcc.exe -Wl,--start-group -o .\CortexM0\ARM_GCC_493\Debug\fin_v11.elf .\CortexM0\ARM_GCC_493\Debug\RTC_WDT.o .\CortexM0\ARM_GCC_493\Debug\DS1307.o .\CortexM0\ARM_GCC_493\Debug\display.o .\CortexM0\ARM_GCC_493\Debug\DefaultFonts.o .\CortexM0\ARM_GCC_493\Debug\Graphics.o .\CortexM0\ARM_GCC_493\Debug\LCD5110_Graph.o .\CortexM0\ARM_GCC_493\Debug\ff.o .\CortexM0\ARM_GCC_493\Debug\rtc_fat.o .\CortexM0\ARM_GCC_493\Debug\sdcard.o .\CortexM0\ARM_GCC_493\Debug\gate.o .\CortexM0\ARM_GCC_493\Debug\LED.o .\CortexM0\ARM_GCC_493\Debug\crc32.o .\CortexM0\ARM_GCC_493\Debug\svt.o .\CortexM0\ARM_GCC_493\Debug\ntp.o .\CortexM0\ARM_GCC_493\Debug\network.o .\CortexM0\ARM_GCC_493\Debug\database.o .\CortexM0\ARM_GCC_493\Debug\logResult.o .\CortexM0\ARM_GCC_493\Debug\bluetooth.o .\CortexM0\ARM_GCC_493\Debug\batt.o .\CortexM0\ARM_GCC_493\Debug\testMode.o .\CortexM0\ARM_GCC_493\Debug\taskAutomat.o .\CortexM0\ARM_GCC_493\Debug\main.o .\CortexM0\ARM_GCC_493\Debug\cymetadata.o .\CortexM0\ARM_GCC_493\Debug\Cm0Start.o .\CortexM0\ARM_GCC_493\Debug\fin_v11.a "C:\Program Files (x86)\Cypress\PSoC Creator\4.0\PSoC Creator\psoc\content\cycomponentlibrary\CyComponentLibrary.cylib\BLE_v2_30\Library\gccCyBLEStack_BLE_SOC_PERIPHERAL.a" "C:\Program Files (x86)\Cypress\PSoC Creator\4.0\PSoC Creator\psoc\content\cycomponentlibrary\CyComponentLibrary.cylib\CortexM0\ARM_GCC_493\Debug\CyComponentLibrary.a" -mcpu=cortex-m0 -mthumb -g -ffunction-sections -Os -ffat-lto-objects -L Generated_Source\PSoC4 -Wl,-Map,.\CortexM0\ARM_GCC_493\Debug/fin_v11.map -T "D:\Cypress\SF system\dev\FW\finish\fin_v11.cydsn\Generated_Source\PSoC4\cm0gcc.ld" -specs=nano.specs -u _printf_float -Wl,--gc-sections -Wl,--end-group
cyelftool.exe -C "D:\Cypress\SF system\dev\FW\finish\fin_v11.cydsn\CortexM0\ARM_GCC_493\Debug\fin_v11.elf" --flash_row_size 128 --flash_size 131072
cyelftool.exe -S "D:\Cypress\SF system\dev\FW\finish\fin_v11.cydsn\CortexM0\ARM_GCC_493\Debug\fin_v11.elf"
Flash used: 122351 of 131072 bytes (93,3%).
SRAM used: 16044 of 16384 bytes (97,9%). Stack: 2048 bytes. Heap: 256 bytes.
--------------- Build Succeeded: 04/26/2017 19:35:30 ---------------
