ARM GAS  C:\Users\Petro\AppData\Local\Temp\ccflK6Tq.s 			page 1


   1              		.cpu cortex-m0
   2              		.fpu softvfp
   3              		.eabi_attribute 20, 1
   4              		.eabi_attribute 21, 1
   5              		.eabi_attribute 23, 3
   6              		.eabi_attribute 24, 1
   7              		.eabi_attribute 25, 1
   8              		.eabi_attribute 26, 1
   9              		.eabi_attribute 30, 4
  10              		.eabi_attribute 34, 0
  11              		.eabi_attribute 18, 4
  12              		.code	16
  13              		.file	"LED.c"
  14              		.text
  15              	.Ltext0:
  16              		.cfi_sections	.debug_frame
  17              		.section	.text.LedHandler,"ax",%progbits
  18              		.align	1
  19              		.global	LedHandler
  20              		.code	16
  21              		.thumb_func
  22              		.type	LedHandler, %function
  23              	LedHandler:
  24              	.LFB64:
  25              		.file 1 "..\\..\\common\\lib\\lib_LED\\LED.c"
   1:..\..\common\lib\lib_LED/LED.c **** /* ========================================
   2:..\..\common\lib\lib_LED/LED.c ****  *
   3:..\..\common\lib\lib_LED/LED.c ****  * Copyright YOUR COMPANY, THE YEAR
   4:..\..\common\lib\lib_LED/LED.c ****  * All Rights Reserved
   5:..\..\common\lib\lib_LED/LED.c ****  * UNPUBLISHED, LICENSED SOFTWARE.
   6:..\..\common\lib\lib_LED/LED.c ****  *
   7:..\..\common\lib\lib_LED/LED.c ****  * CONFIDENTIAL AND PROPRIETARY INFORMATION
   8:..\..\common\lib\lib_LED/LED.c ****  * WHICH IS THE PROPERTY OF your company.
   9:..\..\common\lib\lib_LED/LED.c ****  *
  10:..\..\common\lib\lib_LED/LED.c ****  * ========================================
  11:..\..\common\lib\lib_LED/LED.c **** */
  12:..\..\common\lib\lib_LED/LED.c **** #include "LED.h"
  13:..\..\common\lib\lib_LED/LED.c **** #include <Timer_LED.h>
  14:..\..\common\lib\lib_LED/LED.c **** #include <Int_Timer_Led.h>
  15:..\..\common\lib\lib_LED/LED.c **** //#include "appGlobal.h"
  16:..\..\common\lib\lib_LED/LED.c **** #ifdef START_MODULE
  17:..\..\common\lib\lib_LED/LED.c **** #include <LED_RED_PIN.h>
  18:..\..\common\lib\lib_LED/LED.c **** #include <LED_GREEN_PIN.h>
  19:..\..\common\lib\lib_LED/LED.c **** #endif
  20:..\..\common\lib\lib_LED/LED.c **** #ifdef FINISH_MODULE
  21:..\..\common\lib\lib_LED/LED.c **** #include <LED_PIN.h>
  22:..\..\common\lib\lib_LED/LED.c **** #endif
  23:..\..\common\lib\lib_LED/LED.c **** // Max pulses in 16-Bit Resolution
  24:..\..\common\lib\lib_LED/LED.c **** #define MAX_TICKS_16BIT                      (65535)
  25:..\..\common\lib\lib_LED/LED.c **** 
  26:..\..\common\lib\lib_LED/LED.c **** // Frequency Timer for Led in Hz. 
  27:..\..\common\lib\lib_LED/LED.c **** #define FREQ_TIMER_LED                       (1000u)
  28:..\..\common\lib\lib_LED/LED.c **** 
  29:..\..\common\lib\lib_LED/LED.c **** /*******************************************
  30:..\..\common\lib\lib_LED/LED.c ****     Change Frequency value to count pulses
  31:..\..\common\lib\lib_LED/LED.c ****     Macros which value count pulses
  32:..\..\common\lib\lib_LED/LED.c ****     Arguments
ARM GAS  C:\Users\Petro\AppData\Local\Temp\ccflK6Tq.s 			page 2


  33:..\..\common\lib\lib_LED/LED.c ****                 Freq: Frequency with which want 
  34:..\..\common\lib\lib_LED/LED.c ****                     light LED indicator
  35:..\..\common\lib\lib_LED/LED.c ****     Macro
  36:..\..\common\lib\lib_LED/LED.c ****                 FREQ_TIMER_LED : 
  37:..\..\common\lib\lib_LED/LED.c ****                     Input Clock Timer_LED Frequency
  38:..\..\common\lib\lib_LED/LED.c ****     Result 
  39:..\..\common\lib\lib_LED/LED.c ****                 Count pulses which need 
  40:..\..\common\lib\lib_LED/LED.c ****                     upload as Period in Timer
  41:..\..\common\lib\lib_LED/LED.c ****                 
  42:..\..\common\lib\lib_LED/LED.c ****                 Diving 2 because One Period have Low 
  43:..\..\common\lib\lib_LED/LED.c ****                     and Hidh Levels
  44:..\..\common\lib\lib_LED/LED.c ****     
  45:..\..\common\lib\lib_LED/LED.c **** *******************************************/
  46:..\..\common\lib\lib_LED/LED.c **** 
  47:..\..\common\lib\lib_LED/LED.c **** #define FreqToTicks(Freq)        FREQ_TIMER_LED/(2*Freq)  
  48:..\..\common\lib\lib_LED/LED.c **** CY_ISR_PROTO(LedHandler); /* Interrupt Timer */
  49:..\..\common\lib\lib_LED/LED.c **** 
  50:..\..\common\lib\lib_LED/LED.c **** uint8_t LED_InitValue;
  51:..\..\common\lib\lib_LED/LED.c **** 
  52:..\..\common\lib\lib_LED/LED.c **** 
  53:..\..\common\lib\lib_LED/LED.c **** /*
  54:..\..\common\lib\lib_LED/LED.c ****     Initialization timer and add interrupt to him 
  55:..\..\common\lib\lib_LED/LED.c **** */
  56:..\..\common\lib\lib_LED/LED.c **** void LedInit(void)
  57:..\..\common\lib\lib_LED/LED.c **** {
  58:..\..\common\lib\lib_LED/LED.c ****     Timer_LED_Init();
  59:..\..\common\lib\lib_LED/LED.c ****     if (!LED_InitValue)
  60:..\..\common\lib\lib_LED/LED.c ****     {
  61:..\..\common\lib\lib_LED/LED.c ****         Int_Timer_Led_StartEx(LedHandler);
  62:..\..\common\lib\lib_LED/LED.c ****     }
  63:..\..\common\lib\lib_LED/LED.c ****     LED_InitValue = 1;
  64:..\..\common\lib\lib_LED/LED.c **** }
  65:..\..\common\lib\lib_LED/LED.c **** 
  66:..\..\common\lib\lib_LED/LED.c **** /*
  67:..\..\common\lib\lib_LED/LED.c ****     Interrupt handler after lefting time one period light
  68:..\..\common\lib\lib_LED/LED.c **** */
  69:..\..\common\lib\lib_LED/LED.c **** #ifdef START_MODULE
  70:..\..\common\lib\lib_LED/LED.c **** CY_ISR(LedHandler)
  71:..\..\common\lib\lib_LED/LED.c **** {
  72:..\..\common\lib\lib_LED/LED.c ****     LED_RED_PIN_Write(~LED_RED_PIN_Read());
  73:..\..\common\lib\lib_LED/LED.c ****     Timer_LED_ClearInterrupt(Timer_LED_INTR_MASK_CC_MATCH);
  74:..\..\common\lib\lib_LED/LED.c **** }
  75:..\..\common\lib\lib_LED/LED.c **** #endif 
  76:..\..\common\lib\lib_LED/LED.c **** #ifdef FINISH_MODULE
  77:..\..\common\lib\lib_LED/LED.c **** CY_ISR(LedHandler)
  78:..\..\common\lib\lib_LED/LED.c **** {
  26              		.loc 1 78 0
  27              		.cfi_startproc
  28 0000 08B5     		push	{r3, lr}
  29              		.cfi_def_cfa_offset 8
  30              		.cfi_offset 3, -8
  31              		.cfi_offset 14, -4
  79:..\..\common\lib\lib_LED/LED.c ****     LED_PIN_Write(~LED_PIN_Read());
  32              		.loc 1 79 0
  33 0002 FFF7FEFF 		bl	LED_PIN_Read
  34              	.LVL0:
  35 0006 C043     		mvn	r0, r0
ARM GAS  C:\Users\Petro\AppData\Local\Temp\ccflK6Tq.s 			page 3


  36 0008 C0B2     		uxtb	r0, r0
  37 000a FFF7FEFF 		bl	LED_PIN_Write
  38              	.LVL1:
  80:..\..\common\lib\lib_LED/LED.c ****     Timer_LED_ClearInterrupt(Timer_LED_INTR_MASK_CC_MATCH);
  39              		.loc 1 80 0
  40 000e 0220     		mov	r0, #2
  41 0010 FFF7FEFF 		bl	Timer_LED_ClearInterrupt
  42              	.LVL2:
  81:..\..\common\lib\lib_LED/LED.c **** }
  43              		.loc 1 81 0
  44              		@ sp needed
  45 0014 08BD     		pop	{r3, pc}
  46              		.cfi_endproc
  47              	.LFE64:
  48              		.size	LedHandler, .-LedHandler
  49              		.section	.text.LedInit,"ax",%progbits
  50              		.align	1
  51              		.global	LedInit
  52              		.code	16
  53              		.thumb_func
  54              		.type	LedInit, %function
  55              	LedInit:
  56              	.LFB63:
  57:..\..\common\lib\lib_LED/LED.c ****     Timer_LED_Init();
  57              		.loc 1 57 0
  58              		.cfi_startproc
  59 0000 10B5     		push	{r4, lr}
  60              		.cfi_def_cfa_offset 8
  61              		.cfi_offset 4, -8
  62              		.cfi_offset 14, -4
  58:..\..\common\lib\lib_LED/LED.c ****     if (!LED_InitValue)
  63              		.loc 1 58 0
  64 0002 FFF7FEFF 		bl	Timer_LED_Init
  65              	.LVL3:
  59:..\..\common\lib\lib_LED/LED.c ****     {
  66              		.loc 1 59 0
  67 0006 054B     		ldr	r3, .L5
  68 0008 1A78     		ldrb	r2, [r3]
  69 000a 1C1C     		mov	r4, r3
  70 000c 002A     		cmp	r2, #0
  71 000e 02D1     		bne	.L3
  61:..\..\common\lib\lib_LED/LED.c ****     }
  72              		.loc 1 61 0
  73 0010 0348     		ldr	r0, .L5+4
  74 0012 FFF7FEFF 		bl	Int_Timer_Led_StartEx
  75              	.LVL4:
  76              	.L3:
  63:..\..\common\lib\lib_LED/LED.c **** }
  77              		.loc 1 63 0
  78 0016 0123     		mov	r3, #1
  64:..\..\common\lib\lib_LED/LED.c **** 
  79              		.loc 1 64 0
  80              		@ sp needed
  63:..\..\common\lib\lib_LED/LED.c **** }
  81              		.loc 1 63 0
  82 0018 2370     		strb	r3, [r4]
  64:..\..\common\lib\lib_LED/LED.c **** 
ARM GAS  C:\Users\Petro\AppData\Local\Temp\ccflK6Tq.s 			page 4


  83              		.loc 1 64 0
  84 001a 10BD     		pop	{r4, pc}
  85              	.L6:
  86              		.align	2
  87              	.L5:
  88 001c 00000000 		.word	LED_InitValue
  89 0020 00000000 		.word	LedHandler
  90              		.cfi_endproc
  91              	.LFE63:
  92              		.size	LedInit, .-LedInit
  93              		.global	__aeabi_uidiv
  94              		.section	.text.LedBlink,"ax",%progbits
  95              		.align	1
  96              		.global	LedBlink
  97              		.code	16
  98              		.thumb_func
  99              		.type	LedBlink, %function
 100              	LedBlink:
 101              	.LFB65:
  82:..\..\common\lib\lib_LED/LED.c **** #endif
  83:..\..\common\lib\lib_LED/LED.c **** 
  84:..\..\common\lib\lib_LED/LED.c **** /* 
  85:..\..\common\lib\lib_LED/LED.c ****     Blinking Led with Frequency
  86:..\..\common\lib\lib_LED/LED.c ****     Arguments: 
  87:..\..\common\lib\lib_LED/LED.c ****         uint16_t Frequency: 
  88:..\..\common\lib\lib_LED/LED.c ****         Frequency with which LED will blinking
  89:..\..\common\lib\lib_LED/LED.c ****         Value in Hz
  90:..\..\common\lib\lib_LED/LED.c **** */
  91:..\..\common\lib\lib_LED/LED.c **** #ifdef START_MODULE
  92:..\..\common\lib\lib_LED/LED.c **** void LedRedBlink(uint16_t Frequency)
  93:..\..\common\lib\lib_LED/LED.c **** {
  94:..\..\common\lib\lib_LED/LED.c ****     uint32_t time_l;
  95:..\..\common\lib\lib_LED/LED.c ****     time_l = FreqToTicks(Frequency);
  96:..\..\common\lib\lib_LED/LED.c ****     Timer_LED_WritePeriod(time_l);
  97:..\..\common\lib\lib_LED/LED.c ****     Timer_LED_Enable();
  98:..\..\common\lib\lib_LED/LED.c **** }
  99:..\..\common\lib\lib_LED/LED.c **** #endif
 100:..\..\common\lib\lib_LED/LED.c **** #ifdef FINISH_MODULE
 101:..\..\common\lib\lib_LED/LED.c **** void LedBlink(uint16_t Frequency)
 102:..\..\common\lib\lib_LED/LED.c **** {
 102              		.loc 1 102 0
 103              		.cfi_startproc
 104              	.LVL5:
 103:..\..\common\lib\lib_LED/LED.c ****     uint32_t time_l;
 104:..\..\common\lib\lib_LED/LED.c ****     time_l = FreqToTicks(Frequency);
 105              		.loc 1 104 0
 106 0000 4100     		lsl	r1, r0, #1
 107 0002 FA20     		mov	r0, #250
 108              	.LVL6:
 102:..\..\common\lib\lib_LED/LED.c ****     uint32_t time_l;
 109              		.loc 1 102 0
 110 0004 08B5     		push	{r3, lr}
 111              		.cfi_def_cfa_offset 8
 112              		.cfi_offset 3, -8
 113              		.cfi_offset 14, -4
 114              		.loc 1 104 0
 115 0006 8000     		lsl	r0, r0, #2
ARM GAS  C:\Users\Petro\AppData\Local\Temp\ccflK6Tq.s 			page 5


 116 0008 FFF7FEFF 		bl	__aeabi_uidiv
 117              	.LVL7:
 105:..\..\common\lib\lib_LED/LED.c ****     Timer_LED_WritePeriod(time_l);
 118              		.loc 1 105 0
 119 000c FFF7FEFF 		bl	Timer_LED_WritePeriod
 120              	.LVL8:
 106:..\..\common\lib\lib_LED/LED.c ****     Timer_LED_Enable();
 107:..\..\common\lib\lib_LED/LED.c **** }
 121              		.loc 1 107 0
 122              		@ sp needed
 106:..\..\common\lib\lib_LED/LED.c ****     Timer_LED_Enable();
 123              		.loc 1 106 0
 124 0010 FFF7FEFF 		bl	Timer_LED_Enable
 125              	.LVL9:
 126              		.loc 1 107 0
 127 0014 08BD     		pop	{r3, pc}
 128              		.cfi_endproc
 129              	.LFE65:
 130              		.size	LedBlink, .-LedBlink
 131              		.section	.text.SetLedState,"ax",%progbits
 132              		.align	1
 133              		.global	SetLedState
 134              		.code	16
 135              		.thumb_func
 136              		.type	SetLedState, %function
 137              	SetLedState:
 138              	.LFB66:
 108:..\..\common\lib\lib_LED/LED.c **** #endif
 109:..\..\common\lib\lib_LED/LED.c **** 
 110:..\..\common\lib\lib_LED/LED.c **** /* 
 111:..\..\common\lib\lib_LED/LED.c ****     Set static state LED indicator
 112:..\..\common\lib\lib_LED/LED.c ****     Arguments: 
 113:..\..\common\lib\lib_LED/LED.c ****         uint8_t State: 
 114:..\..\common\lib\lib_LED/LED.c ****         High or low state.
 115:..\..\common\lib\lib_LED/LED.c ****         High - ENABLE (1u), Low - Disable(0u)
 116:..\..\common\lib\lib_LED/LED.c **** */
 117:..\..\common\lib\lib_LED/LED.c **** #ifdef START_MODULE
 118:..\..\common\lib\lib_LED/LED.c **** void SetLedsState(uint8_t stateRed, uint8_t stateGreen)
 119:..\..\common\lib\lib_LED/LED.c **** {
 120:..\..\common\lib\lib_LED/LED.c ****     Timer_LED_Stop();
 121:..\..\common\lib\lib_LED/LED.c ****     LED_RED_PIN_Write(stateRed);
 122:..\..\common\lib\lib_LED/LED.c ****     LED_GREEN_PIN_Write(stateGreen);
 123:..\..\common\lib\lib_LED/LED.c **** }
 124:..\..\common\lib\lib_LED/LED.c **** #endif
 125:..\..\common\lib\lib_LED/LED.c **** #ifdef FINISH_MODULE
 126:..\..\common\lib\lib_LED/LED.c **** void SetLedState(uint8_t State)
 127:..\..\common\lib\lib_LED/LED.c **** {
 139              		.loc 1 127 0
 140              		.cfi_startproc
 141              	.LVL10:
 142 0000 10B5     		push	{r4, lr}
 143              		.cfi_def_cfa_offset 8
 144              		.cfi_offset 4, -8
 145              		.cfi_offset 14, -4
 146              		.loc 1 127 0
 147 0002 041C     		mov	r4, r0
 128:..\..\common\lib\lib_LED/LED.c ****     Timer_LED_Stop();
ARM GAS  C:\Users\Petro\AppData\Local\Temp\ccflK6Tq.s 			page 6


 148              		.loc 1 128 0
 149 0004 FFF7FEFF 		bl	Timer_LED_Stop
 150              	.LVL11:
 129:..\..\common\lib\lib_LED/LED.c ****     LED_PIN_Write(State);
 151              		.loc 1 129 0
 152 0008 201C     		mov	r0, r4
 153 000a FFF7FEFF 		bl	LED_PIN_Write
 154              	.LVL12:
 130:..\..\common\lib\lib_LED/LED.c **** }
 155              		.loc 1 130 0
 156              		@ sp needed
 157 000e 10BD     		pop	{r4, pc}
 158              		.cfi_endproc
 159              	.LFE66:
 160              		.size	SetLedState, .-SetLedState
 161              		.comm	LED_InitValue,1,1
 162              		.comm	currentState,1,1
 163              		.text
 164              	.Letext0:
 165              		.file 2 "c:\\program files (x86)\\cypress\\psoc creator\\4.0\\psoc creator\\import\\gnu\\arm\\4.9.
 166              		.file 3 "c:\\program files (x86)\\cypress\\psoc creator\\4.0\\psoc creator\\import\\gnu\\arm\\4.9.
 167              		.file 4 "Generated_Source\\PSoC4/cytypes.h"
 168              		.file 5 "Generated_Source\\PSoC4/ble_Stack.h"
 169              		.file 6 "./appGlobal.h"
 170              		.file 7 "Generated_Source\\PSoC4/LED_PIN.h"
 171              		.file 8 "Generated_Source\\PSoC4/Timer_LED.h"
 172              		.file 9 "Generated_Source\\PSoC4/Int_Timer_Led.h"
 173              		.section	.debug_info,"",%progbits
 174              	.Ldebug_info0:
 175 0000 25040000 		.4byte	0x425
 176 0004 0400     		.2byte	0x4
 177 0006 00000000 		.4byte	.Ldebug_abbrev0
 178 000a 04       		.byte	0x4
 179 000b 01       		.uleb128 0x1
 180 000c 0B020000 		.4byte	.LASF99
 181 0010 01       		.byte	0x1
 182 0011 15070000 		.4byte	.LASF100
 183 0015 BC000000 		.4byte	.LASF101
 184 0019 00000000 		.4byte	.Ldebug_ranges0+0
 185 001d 00000000 		.4byte	0
 186 0021 00000000 		.4byte	.Ldebug_line0
 187 0025 02       		.uleb128 0x2
 188 0026 04       		.byte	0x4
 189 0027 07       		.byte	0x7
 190 0028 4B050000 		.4byte	.LASF0
 191 002c 02       		.uleb128 0x2
 192 002d 01       		.byte	0x1
 193 002e 06       		.byte	0x6
 194 002f E2040000 		.4byte	.LASF1
 195 0033 03       		.uleb128 0x3
 196 0034 80030000 		.4byte	.LASF4
 197 0038 02       		.byte	0x2
 198 0039 1D       		.byte	0x1d
 199 003a 3E000000 		.4byte	0x3e
 200 003e 02       		.uleb128 0x2
 201 003f 01       		.byte	0x1
 202 0040 08       		.byte	0x8
ARM GAS  C:\Users\Petro\AppData\Local\Temp\ccflK6Tq.s 			page 7


 203 0041 53040000 		.4byte	.LASF2
 204 0045 02       		.uleb128 0x2
 205 0046 02       		.byte	0x2
 206 0047 05       		.byte	0x5
 207 0048 28000000 		.4byte	.LASF3
 208 004c 03       		.uleb128 0x3
 209 004d B1000000 		.4byte	.LASF5
 210 0051 02       		.byte	0x2
 211 0052 2B       		.byte	0x2b
 212 0053 57000000 		.4byte	0x57
 213 0057 02       		.uleb128 0x2
 214 0058 02       		.byte	0x2
 215 0059 07       		.byte	0x7
 216 005a E3050000 		.4byte	.LASF6
 217 005e 02       		.uleb128 0x2
 218 005f 04       		.byte	0x4
 219 0060 05       		.byte	0x5
 220 0061 02030000 		.4byte	.LASF7
 221 0065 03       		.uleb128 0x3
 222 0066 9B000000 		.4byte	.LASF8
 223 006a 02       		.byte	0x2
 224 006b 41       		.byte	0x41
 225 006c 70000000 		.4byte	0x70
 226 0070 02       		.uleb128 0x2
 227 0071 04       		.byte	0x4
 228 0072 07       		.byte	0x7
 229 0073 7C050000 		.4byte	.LASF9
 230 0077 02       		.uleb128 0x2
 231 0078 08       		.byte	0x8
 232 0079 05       		.byte	0x5
 233 007a E1020000 		.4byte	.LASF10
 234 007e 02       		.uleb128 0x2
 235 007f 08       		.byte	0x8
 236 0080 07       		.byte	0x7
 237 0081 6A000000 		.4byte	.LASF11
 238 0085 04       		.uleb128 0x4
 239 0086 04       		.byte	0x4
 240 0087 05       		.byte	0x5
 241 0088 696E7400 		.ascii	"int\000"
 242 008c 03       		.uleb128 0x3
 243 008d 2F010000 		.4byte	.LASF12
 244 0091 03       		.byte	0x3
 245 0092 15       		.byte	0x15
 246 0093 33000000 		.4byte	0x33
 247 0097 03       		.uleb128 0x3
 248 0098 58050000 		.4byte	.LASF13
 249 009c 03       		.byte	0x3
 250 009d 21       		.byte	0x21
 251 009e 4C000000 		.4byte	0x4c
 252 00a2 03       		.uleb128 0x3
 253 00a3 B2010000 		.4byte	.LASF14
 254 00a7 03       		.byte	0x3
 255 00a8 2D       		.byte	0x2d
 256 00a9 65000000 		.4byte	0x65
 257 00ad 05       		.uleb128 0x5
 258 00ae 59060000 		.4byte	.LASF15
 259 00b2 04       		.byte	0x4
ARM GAS  C:\Users\Petro\AppData\Local\Temp\ccflK6Tq.s 			page 8


 260 00b3 9801     		.2byte	0x198
 261 00b5 3E000000 		.4byte	0x3e
 262 00b9 05       		.uleb128 0x5
 263 00ba CD060000 		.4byte	.LASF16
 264 00be 04       		.byte	0x4
 265 00bf 9A01     		.2byte	0x19a
 266 00c1 70000000 		.4byte	0x70
 267 00c5 02       		.uleb128 0x2
 268 00c6 04       		.byte	0x4
 269 00c7 04       		.byte	0x4
 270 00c8 99020000 		.4byte	.LASF17
 271 00cc 02       		.uleb128 0x2
 272 00cd 08       		.byte	0x8
 273 00ce 04       		.byte	0x4
 274 00cf 34070000 		.4byte	.LASF18
 275 00d3 02       		.uleb128 0x2
 276 00d4 01       		.byte	0x1
 277 00d5 08       		.byte	0x8
 278 00d6 2E060000 		.4byte	.LASF19
 279 00da 05       		.uleb128 0x5
 280 00db EF020000 		.4byte	.LASF20
 281 00df 04       		.byte	0x4
 282 00e0 5402     		.2byte	0x254
 283 00e2 E6000000 		.4byte	0xe6
 284 00e6 06       		.uleb128 0x6
 285 00e7 04       		.byte	0x4
 286 00e8 EC000000 		.4byte	0xec
 287 00ec 07       		.uleb128 0x7
 288 00ed 02       		.uleb128 0x2
 289 00ee 04       		.byte	0x4
 290 00ef 07       		.byte	0x7
 291 00f0 4C000000 		.4byte	.LASF21
 292 00f4 08       		.uleb128 0x8
 293 00f5 01       		.byte	0x1
 294 00f6 05       		.byte	0x5
 295 00f7 A4       		.byte	0xa4
 296 00f8 79020000 		.4byte	0x279
 297 00fc 09       		.uleb128 0x9
 298 00fd 9B010000 		.4byte	.LASF22
 299 0101 00       		.sleb128 0
 300 0102 09       		.uleb128 0x9
 301 0103 FE000000 		.4byte	.LASF23
 302 0107 01       		.sleb128 1
 303 0108 09       		.uleb128 0x9
 304 0109 D4080000 		.4byte	.LASF24
 305 010d 02       		.sleb128 2
 306 010e 09       		.uleb128 0x9
 307 010f E8070000 		.4byte	.LASF25
 308 0113 03       		.sleb128 3
 309 0114 09       		.uleb128 0x9
 310 0115 55000000 		.4byte	.LASF26
 311 0119 04       		.sleb128 4
 312 011a 09       		.uleb128 0x9
 313 011b AB030000 		.4byte	.LASF27
 314 011f 05       		.sleb128 5
 315 0120 09       		.uleb128 0x9
 316 0121 6C060000 		.4byte	.LASF28
ARM GAS  C:\Users\Petro\AppData\Local\Temp\ccflK6Tq.s 			page 9


 317 0125 20       		.sleb128 32
 318 0126 09       		.uleb128 0x9
 319 0127 8E050000 		.4byte	.LASF29
 320 012b 21       		.sleb128 33
 321 012c 09       		.uleb128 0x9
 322 012d 76070000 		.4byte	.LASF30
 323 0131 22       		.sleb128 34
 324 0132 09       		.uleb128 0x9
 325 0133 C7030000 		.4byte	.LASF31
 326 0137 23       		.sleb128 35
 327 0138 09       		.uleb128 0x9
 328 0139 2F050000 		.4byte	.LASF32
 329 013d 24       		.sleb128 36
 330 013e 09       		.uleb128 0x9
 331 013f 32000000 		.4byte	.LASF33
 332 0143 25       		.sleb128 37
 333 0144 09       		.uleb128 0x9
 334 0145 C0070000 		.4byte	.LASF34
 335 0149 26       		.sleb128 38
 336 014a 09       		.uleb128 0x9
 337 014b 55030000 		.4byte	.LASF35
 338 014f 27       		.sleb128 39
 339 0150 09       		.uleb128 0x9
 340 0151 78090000 		.4byte	.LASF36
 341 0155 28       		.sleb128 40
 342 0156 09       		.uleb128 0x9
 343 0157 C6050000 		.4byte	.LASF37
 344 015b 29       		.sleb128 41
 345 015c 09       		.uleb128 0x9
 346 015d F6050000 		.4byte	.LASF38
 347 0161 2A       		.sleb128 42
 348 0162 09       		.uleb128 0x9
 349 0163 0A090000 		.4byte	.LASF39
 350 0167 2B       		.sleb128 43
 351 0168 09       		.uleb128 0x9
 352 0169 37010000 		.4byte	.LASF40
 353 016d 2C       		.sleb128 44
 354 016e 09       		.uleb128 0x9
 355 016f 81000000 		.4byte	.LASF41
 356 0173 C000     		.sleb128 64
 357 0175 09       		.uleb128 0x9
 358 0176 61050000 		.4byte	.LASF42
 359 017a C100     		.sleb128 65
 360 017c 09       		.uleb128 0x9
 361 017d BE090000 		.4byte	.LASF43
 362 0181 C200     		.sleb128 66
 363 0183 09       		.uleb128 0x9
 364 0184 11010000 		.4byte	.LASF44
 365 0188 C300     		.sleb128 67
 366 018a 09       		.uleb128 0x9
 367 018b B6080000 		.4byte	.LASF45
 368 018f C400     		.sleb128 68
 369 0191 09       		.uleb128 0x9
 370 0192 50080000 		.4byte	.LASF46
 371 0196 C500     		.sleb128 69
 372 0198 09       		.uleb128 0x9
 373 0199 95080000 		.4byte	.LASF47
ARM GAS  C:\Users\Petro\AppData\Local\Temp\ccflK6Tq.s 			page 10


 374 019d C600     		.sleb128 70
 375 019f 09       		.uleb128 0x9
 376 01a0 C4040000 		.4byte	.LASF48
 377 01a4 C700     		.sleb128 71
 378 01a6 09       		.uleb128 0x9
 379 01a7 08050000 		.4byte	.LASF49
 380 01ab C800     		.sleb128 72
 381 01ad 09       		.uleb128 0x9
 382 01ae AE020000 		.4byte	.LASF50
 383 01b2 C900     		.sleb128 73
 384 01b4 09       		.uleb128 0x9
 385 01b5 90060000 		.4byte	.LASF51
 386 01b9 CA00     		.sleb128 74
 387 01bb 09       		.uleb128 0x9
 388 01bc 5B010000 		.4byte	.LASF52
 389 01c0 CB00     		.sleb128 75
 390 01c2 09       		.uleb128 0x9
 391 01c3 EE040000 		.4byte	.LASF53
 392 01c7 CC00     		.sleb128 76
 393 01c9 09       		.uleb128 0x9
 394 01ca C7020000 		.4byte	.LASF54
 395 01ce CD00     		.sleb128 77
 396 01d0 09       		.uleb128 0x9
 397 01d1 77080000 		.4byte	.LASF55
 398 01d5 CE00     		.sleb128 78
 399 01d7 09       		.uleb128 0x9
 400 01d8 61040000 		.4byte	.LASF56
 401 01dc CF00     		.sleb128 79
 402 01de 09       		.uleb128 0x9
 403 01df 59090000 		.4byte	.LASF57
 404 01e3 D000     		.sleb128 80
 405 01e5 09       		.uleb128 0x9
 406 01e6 AE060000 		.4byte	.LASF58
 407 01ea D100     		.sleb128 81
 408 01ec 09       		.uleb128 0x9
 409 01ed 8A030000 		.4byte	.LASF59
 410 01f1 D200     		.sleb128 82
 411 01f3 09       		.uleb128 0x9
 412 01f4 0B030000 		.4byte	.LASF60
 413 01f8 D300     		.sleb128 83
 414 01fa 09       		.uleb128 0x9
 415 01fb 7A010000 		.4byte	.LASF61
 416 01ff D400     		.sleb128 84
 417 0201 09       		.uleb128 0x9
 418 0202 9A090000 		.4byte	.LASF62
 419 0206 D500     		.sleb128 85
 420 0208 09       		.uleb128 0x9
 421 0209 37090000 		.4byte	.LASF63
 422 020d D600     		.sleb128 86
 423 020f 09       		.uleb128 0x9
 424 0210 2C030000 		.4byte	.LASF64
 425 0214 D700     		.sleb128 87
 426 0216 09       		.uleb128 0x9
 427 0217 2D040000 		.4byte	.LASF65
 428 021b F000     		.sleb128 112
 429 021d 09       		.uleb128 0x9
 430 021e 20080000 		.4byte	.LASF66
ARM GAS  C:\Users\Petro\AppData\Local\Temp\ccflK6Tq.s 			page 11


 431 0222 F100     		.sleb128 113
 432 0224 09       		.uleb128 0x9
 433 0225 ED030000 		.4byte	.LASF67
 434 0229 F200     		.sleb128 114
 435 022b 09       		.uleb128 0x9
 436 022c BB010000 		.4byte	.LASF68
 437 0230 F300     		.sleb128 115
 438 0232 09       		.uleb128 0x9
 439 0233 A2070000 		.4byte	.LASF69
 440 0237 F400     		.sleb128 116
 441 0239 09       		.uleb128 0x9
 442 023a A5050000 		.4byte	.LASF70
 443 023e F500     		.sleb128 117
 444 0240 09       		.uleb128 0x9
 445 0241 EA010000 		.4byte	.LASF71
 446 0245 F600     		.sleb128 118
 447 0247 09       		.uleb128 0x9
 448 0248 01080000 		.4byte	.LASF72
 449 024c F700     		.sleb128 119
 450 024e 09       		.uleb128 0x9
 451 024f F2060000 		.4byte	.LASF73
 452 0253 F800     		.sleb128 120
 453 0255 09       		.uleb128 0x9
 454 0256 49070000 		.4byte	.LASF74
 455 025a F900     		.sleb128 121
 456 025c 09       		.uleb128 0x9
 457 025d E6080000 		.4byte	.LASF75
 458 0261 FA00     		.sleb128 122
 459 0263 09       		.uleb128 0x9
 460 0264 D4060000 		.4byte	.LASF76
 461 0268 FA01     		.sleb128 250
 462 026a 09       		.uleb128 0x9
 463 026b 80040000 		.4byte	.LASF77
 464 026f FB01     		.sleb128 251
 465 0271 09       		.uleb128 0x9
 466 0272 09040000 		.4byte	.LASF78
 467 0276 FF01     		.sleb128 255
 468 0278 00       		.byte	0
 469 0279 08       		.uleb128 0x8
 470 027a 01       		.byte	0x1
 471 027b 06       		.byte	0x6
 472 027c 1E       		.byte	0x1e
 473 027d 9A020000 		.4byte	0x29a
 474 0281 09       		.uleb128 0x9
 475 0282 33060000 		.4byte	.LASF79
 476 0286 00       		.sleb128 0
 477 0287 09       		.uleb128 0x9
 478 0288 4A060000 		.4byte	.LASF80
 479 028c 01       		.sleb128 1
 480 028d 09       		.uleb128 0x9
 481 028e A6000000 		.4byte	.LASF81
 482 0292 02       		.sleb128 2
 483 0293 09       		.uleb128 0x9
 484 0294 B8040000 		.4byte	.LASF82
 485 0298 03       		.sleb128 3
 486 0299 00       		.byte	0
 487 029a 03       		.uleb128 0x3
ARM GAS  C:\Users\Petro\AppData\Local\Temp\ccflK6Tq.s 			page 12


 488 029b 6C070000 		.4byte	.LASF83
 489 029f 06       		.byte	0x6
 490 02a0 1E       		.byte	0x1e
 491 02a1 79020000 		.4byte	0x279
 492 02a5 0A       		.uleb128 0xa
 493 02a6 1D000000 		.4byte	.LASF84
 494 02aa 01       		.byte	0x1
 495 02ab 4D       		.byte	0x4d
 496 02ac 00000000 		.4byte	.LFB64
 497 02b0 16000000 		.4byte	.LFE64-.LFB64
 498 02b4 01       		.uleb128 0x1
 499 02b5 9C       		.byte	0x9c
 500 02b6 DC020000 		.4byte	0x2dc
 501 02ba 0B       		.uleb128 0xb
 502 02bb 06000000 		.4byte	.LVL0
 503 02bf BF030000 		.4byte	0x3bf
 504 02c3 0B       		.uleb128 0xb
 505 02c4 0E000000 		.4byte	.LVL1
 506 02c8 CA030000 		.4byte	0x3ca
 507 02cc 0C       		.uleb128 0xc
 508 02cd 14000000 		.4byte	.LVL2
 509 02d1 DB030000 		.4byte	0x3db
 510 02d5 0D       		.uleb128 0xd
 511 02d6 01       		.uleb128 0x1
 512 02d7 50       		.byte	0x50
 513 02d8 01       		.uleb128 0x1
 514 02d9 32       		.byte	0x32
 515 02da 00       		.byte	0
 516 02db 00       		.byte	0
 517 02dc 0A       		.uleb128 0xa
 518 02dd 9A070000 		.4byte	.LASF85
 519 02e1 01       		.byte	0x1
 520 02e2 38       		.byte	0x38
 521 02e3 00000000 		.4byte	.LFB63
 522 02e7 24000000 		.4byte	.LFE63-.LFB63
 523 02eb 01       		.uleb128 0x1
 524 02ec 9C       		.byte	0x9c
 525 02ed 0E030000 		.4byte	0x30e
 526 02f1 0B       		.uleb128 0xb
 527 02f2 06000000 		.4byte	.LVL3
 528 02f6 ED030000 		.4byte	0x3ed
 529 02fa 0C       		.uleb128 0xc
 530 02fb 16000000 		.4byte	.LVL4
 531 02ff F5030000 		.4byte	0x3f5
 532 0303 0D       		.uleb128 0xd
 533 0304 01       		.uleb128 0x1
 534 0305 50       		.byte	0x50
 535 0306 05       		.uleb128 0x5
 536 0307 03       		.byte	0x3
 537 0308 00000000 		.4byte	LedHandler
 538 030c 00       		.byte	0
 539 030d 00       		.byte	0
 540 030e 0E       		.uleb128 0xe
 541 030f 50060000 		.4byte	.LASF86
 542 0313 01       		.byte	0x1
 543 0314 65       		.byte	0x65
 544 0315 00000000 		.4byte	.LFB65
ARM GAS  C:\Users\Petro\AppData\Local\Temp\ccflK6Tq.s 			page 13


 545 0319 16000000 		.4byte	.LFE65-.LFB65
 546 031d 01       		.uleb128 0x1
 547 031e 9C       		.byte	0x9c
 548 031f 54030000 		.4byte	0x354
 549 0323 0F       		.uleb128 0xf
 550 0324 46080000 		.4byte	.LASF88
 551 0328 01       		.byte	0x1
 552 0329 65       		.byte	0x65
 553 032a 97000000 		.4byte	0x97
 554 032e 00000000 		.4byte	.LLST0
 555 0332 10       		.uleb128 0x10
 556 0333 F7000000 		.4byte	.LASF102
 557 0337 01       		.byte	0x1
 558 0338 67       		.byte	0x67
 559 0339 A2000000 		.4byte	0xa2
 560 033d 21000000 		.4byte	.LLST1
 561 0341 0B       		.uleb128 0xb
 562 0342 10000000 		.4byte	.LVL8
 563 0346 06040000 		.4byte	0x406
 564 034a 0B       		.uleb128 0xb
 565 034b 14000000 		.4byte	.LVL9
 566 034f 18040000 		.4byte	0x418
 567 0353 00       		.byte	0
 568 0354 0A       		.uleb128 0xa
 569 0355 74030000 		.4byte	.LASF87
 570 0359 01       		.byte	0x1
 571 035a 7E       		.byte	0x7e
 572 035b 00000000 		.4byte	.LFB66
 573 035f 10000000 		.4byte	.LFE66-.LFB66
 574 0363 01       		.uleb128 0x1
 575 0364 9C       		.byte	0x9c
 576 0365 92030000 		.4byte	0x392
 577 0369 0F       		.uleb128 0xf
 578 036a FC020000 		.4byte	.LASF89
 579 036e 01       		.byte	0x1
 580 036f 7E       		.byte	0x7e
 581 0370 8C000000 		.4byte	0x8c
 582 0374 64000000 		.4byte	.LLST2
 583 0378 0B       		.uleb128 0xb
 584 0379 08000000 		.4byte	.LVL11
 585 037d 20040000 		.4byte	0x420
 586 0381 0C       		.uleb128 0xc
 587 0382 0E000000 		.4byte	.LVL12
 588 0386 CA030000 		.4byte	0x3ca
 589 038a 0D       		.uleb128 0xd
 590 038b 01       		.uleb128 0x1
 591 038c 50       		.byte	0x50
 592 038d 02       		.uleb128 0x2
 593 038e 74       		.byte	0x74
 594 038f 00       		.sleb128 0
 595 0390 00       		.byte	0
 596 0391 00       		.byte	0
 597 0392 11       		.uleb128 0x11
 598 0393 00000000 		.4byte	.LASF103
 599 0397 06       		.byte	0x6
 600 0398 21       		.byte	0x21
 601 0399 A2000000 		.4byte	0xa2
ARM GAS  C:\Users\Petro\AppData\Local\Temp\ccflK6Tq.s 			page 14


 602 039d 12       		.uleb128 0x12
 603 039e 3D060000 		.4byte	.LASF90
 604 03a2 06       		.byte	0x6
 605 03a3 1F       		.byte	0x1f
 606 03a4 9A020000 		.4byte	0x29a
 607 03a8 05       		.uleb128 0x5
 608 03a9 03       		.byte	0x3
 609 03aa 00000000 		.4byte	currentState
 610 03ae 12       		.uleb128 0x12
 611 03af 29090000 		.4byte	.LASF91
 612 03b3 01       		.byte	0x1
 613 03b4 32       		.byte	0x32
 614 03b5 8C000000 		.4byte	0x8c
 615 03b9 05       		.uleb128 0x5
 616 03ba 03       		.byte	0x3
 617 03bb 00000000 		.4byte	LED_InitValue
 618 03bf 13       		.uleb128 0x13
 619 03c0 5F060000 		.4byte	.LASF104
 620 03c4 07       		.byte	0x7
 621 03c5 32       		.byte	0x32
 622 03c6 AD000000 		.4byte	0xad
 623 03ca 14       		.uleb128 0x14
 624 03cb 3B070000 		.4byte	.LASF92
 625 03cf 07       		.byte	0x7
 626 03d0 33       		.byte	0x33
 627 03d1 DB030000 		.4byte	0x3db
 628 03d5 15       		.uleb128 0x15
 629 03d6 AD000000 		.4byte	0xad
 630 03da 00       		.byte	0
 631 03db 16       		.uleb128 0x16
 632 03dc 9F040000 		.4byte	.LASF93
 633 03e0 08       		.byte	0x8
 634 03e1 4701     		.2byte	0x147
 635 03e3 ED030000 		.4byte	0x3ed
 636 03e7 15       		.uleb128 0x15
 637 03e8 B9000000 		.4byte	0xb9
 638 03ec 00       		.byte	0
 639 03ed 17       		.uleb128 0x17
 640 03ee 1F060000 		.4byte	.LASF96
 641 03f2 08       		.byte	0x8
 642 03f3 3001     		.2byte	0x130
 643 03f5 14       		.uleb128 0x14
 644 03f6 17040000 		.4byte	.LASF94
 645 03fa 09       		.byte	0x9
 646 03fb 18       		.byte	0x18
 647 03fc 06040000 		.4byte	0x406
 648 0400 15       		.uleb128 0x15
 649 0401 DA000000 		.4byte	0xda
 650 0405 00       		.byte	0
 651 0406 16       		.uleb128 0x16
 652 0407 07000000 		.4byte	.LASF95
 653 040b 08       		.byte	0x8
 654 040c 5001     		.2byte	0x150
 655 040e 18040000 		.4byte	0x418
 656 0412 15       		.uleb128 0x15
 657 0413 B9000000 		.4byte	0xb9
 658 0417 00       		.byte	0
ARM GAS  C:\Users\Petro\AppData\Local\Temp\ccflK6Tq.s 			page 15


 659 0418 17       		.uleb128 0x17
 660 0419 D9010000 		.4byte	.LASF97
 661 041d 08       		.byte	0x8
 662 041e 3101     		.2byte	0x131
 663 0420 17       		.uleb128 0x17
 664 0421 9F020000 		.4byte	.LASF98
 665 0425 08       		.byte	0x8
 666 0426 3301     		.2byte	0x133
 667 0428 00       		.byte	0
 668              		.section	.debug_abbrev,"",%progbits
 669              	.Ldebug_abbrev0:
 670 0000 01       		.uleb128 0x1
 671 0001 11       		.uleb128 0x11
 672 0002 01       		.byte	0x1
 673 0003 25       		.uleb128 0x25
 674 0004 0E       		.uleb128 0xe
 675 0005 13       		.uleb128 0x13
 676 0006 0B       		.uleb128 0xb
 677 0007 03       		.uleb128 0x3
 678 0008 0E       		.uleb128 0xe
 679 0009 1B       		.uleb128 0x1b
 680 000a 0E       		.uleb128 0xe
 681 000b 55       		.uleb128 0x55
 682 000c 17       		.uleb128 0x17
 683 000d 11       		.uleb128 0x11
 684 000e 01       		.uleb128 0x1
 685 000f 10       		.uleb128 0x10
 686 0010 17       		.uleb128 0x17
 687 0011 00       		.byte	0
 688 0012 00       		.byte	0
 689 0013 02       		.uleb128 0x2
 690 0014 24       		.uleb128 0x24
 691 0015 00       		.byte	0
 692 0016 0B       		.uleb128 0xb
 693 0017 0B       		.uleb128 0xb
 694 0018 3E       		.uleb128 0x3e
 695 0019 0B       		.uleb128 0xb
 696 001a 03       		.uleb128 0x3
 697 001b 0E       		.uleb128 0xe
 698 001c 00       		.byte	0
 699 001d 00       		.byte	0
 700 001e 03       		.uleb128 0x3
 701 001f 16       		.uleb128 0x16
 702 0020 00       		.byte	0
 703 0021 03       		.uleb128 0x3
 704 0022 0E       		.uleb128 0xe
 705 0023 3A       		.uleb128 0x3a
 706 0024 0B       		.uleb128 0xb
 707 0025 3B       		.uleb128 0x3b
 708 0026 0B       		.uleb128 0xb
 709 0027 49       		.uleb128 0x49
 710 0028 13       		.uleb128 0x13
 711 0029 00       		.byte	0
 712 002a 00       		.byte	0
 713 002b 04       		.uleb128 0x4
 714 002c 24       		.uleb128 0x24
 715 002d 00       		.byte	0
ARM GAS  C:\Users\Petro\AppData\Local\Temp\ccflK6Tq.s 			page 16


 716 002e 0B       		.uleb128 0xb
 717 002f 0B       		.uleb128 0xb
 718 0030 3E       		.uleb128 0x3e
 719 0031 0B       		.uleb128 0xb
 720 0032 03       		.uleb128 0x3
 721 0033 08       		.uleb128 0x8
 722 0034 00       		.byte	0
 723 0035 00       		.byte	0
 724 0036 05       		.uleb128 0x5
 725 0037 16       		.uleb128 0x16
 726 0038 00       		.byte	0
 727 0039 03       		.uleb128 0x3
 728 003a 0E       		.uleb128 0xe
 729 003b 3A       		.uleb128 0x3a
 730 003c 0B       		.uleb128 0xb
 731 003d 3B       		.uleb128 0x3b
 732 003e 05       		.uleb128 0x5
 733 003f 49       		.uleb128 0x49
 734 0040 13       		.uleb128 0x13
 735 0041 00       		.byte	0
 736 0042 00       		.byte	0
 737 0043 06       		.uleb128 0x6
 738 0044 0F       		.uleb128 0xf
 739 0045 00       		.byte	0
 740 0046 0B       		.uleb128 0xb
 741 0047 0B       		.uleb128 0xb
 742 0048 49       		.uleb128 0x49
 743 0049 13       		.uleb128 0x13
 744 004a 00       		.byte	0
 745 004b 00       		.byte	0
 746 004c 07       		.uleb128 0x7
 747 004d 15       		.uleb128 0x15
 748 004e 00       		.byte	0
 749 004f 27       		.uleb128 0x27
 750 0050 19       		.uleb128 0x19
 751 0051 00       		.byte	0
 752 0052 00       		.byte	0
 753 0053 08       		.uleb128 0x8
 754 0054 04       		.uleb128 0x4
 755 0055 01       		.byte	0x1
 756 0056 0B       		.uleb128 0xb
 757 0057 0B       		.uleb128 0xb
 758 0058 3A       		.uleb128 0x3a
 759 0059 0B       		.uleb128 0xb
 760 005a 3B       		.uleb128 0x3b
 761 005b 0B       		.uleb128 0xb
 762 005c 01       		.uleb128 0x1
 763 005d 13       		.uleb128 0x13
 764 005e 00       		.byte	0
 765 005f 00       		.byte	0
 766 0060 09       		.uleb128 0x9
 767 0061 28       		.uleb128 0x28
 768 0062 00       		.byte	0
 769 0063 03       		.uleb128 0x3
 770 0064 0E       		.uleb128 0xe
 771 0065 1C       		.uleb128 0x1c
 772 0066 0D       		.uleb128 0xd
ARM GAS  C:\Users\Petro\AppData\Local\Temp\ccflK6Tq.s 			page 17


 773 0067 00       		.byte	0
 774 0068 00       		.byte	0
 775 0069 0A       		.uleb128 0xa
 776 006a 2E       		.uleb128 0x2e
 777 006b 01       		.byte	0x1
 778 006c 3F       		.uleb128 0x3f
 779 006d 19       		.uleb128 0x19
 780 006e 03       		.uleb128 0x3
 781 006f 0E       		.uleb128 0xe
 782 0070 3A       		.uleb128 0x3a
 783 0071 0B       		.uleb128 0xb
 784 0072 3B       		.uleb128 0x3b
 785 0073 0B       		.uleb128 0xb
 786 0074 27       		.uleb128 0x27
 787 0075 19       		.uleb128 0x19
 788 0076 11       		.uleb128 0x11
 789 0077 01       		.uleb128 0x1
 790 0078 12       		.uleb128 0x12
 791 0079 06       		.uleb128 0x6
 792 007a 40       		.uleb128 0x40
 793 007b 18       		.uleb128 0x18
 794 007c 9742     		.uleb128 0x2117
 795 007e 19       		.uleb128 0x19
 796 007f 01       		.uleb128 0x1
 797 0080 13       		.uleb128 0x13
 798 0081 00       		.byte	0
 799 0082 00       		.byte	0
 800 0083 0B       		.uleb128 0xb
 801 0084 898201   		.uleb128 0x4109
 802 0087 00       		.byte	0
 803 0088 11       		.uleb128 0x11
 804 0089 01       		.uleb128 0x1
 805 008a 31       		.uleb128 0x31
 806 008b 13       		.uleb128 0x13
 807 008c 00       		.byte	0
 808 008d 00       		.byte	0
 809 008e 0C       		.uleb128 0xc
 810 008f 898201   		.uleb128 0x4109
 811 0092 01       		.byte	0x1
 812 0093 11       		.uleb128 0x11
 813 0094 01       		.uleb128 0x1
 814 0095 31       		.uleb128 0x31
 815 0096 13       		.uleb128 0x13
 816 0097 00       		.byte	0
 817 0098 00       		.byte	0
 818 0099 0D       		.uleb128 0xd
 819 009a 8A8201   		.uleb128 0x410a
 820 009d 00       		.byte	0
 821 009e 02       		.uleb128 0x2
 822 009f 18       		.uleb128 0x18
 823 00a0 9142     		.uleb128 0x2111
 824 00a2 18       		.uleb128 0x18
 825 00a3 00       		.byte	0
 826 00a4 00       		.byte	0
 827 00a5 0E       		.uleb128 0xe
 828 00a6 2E       		.uleb128 0x2e
 829 00a7 01       		.byte	0x1
ARM GAS  C:\Users\Petro\AppData\Local\Temp\ccflK6Tq.s 			page 18


 830 00a8 3F       		.uleb128 0x3f
 831 00a9 19       		.uleb128 0x19
 832 00aa 03       		.uleb128 0x3
 833 00ab 0E       		.uleb128 0xe
 834 00ac 3A       		.uleb128 0x3a
 835 00ad 0B       		.uleb128 0xb
 836 00ae 3B       		.uleb128 0x3b
 837 00af 0B       		.uleb128 0xb
 838 00b0 27       		.uleb128 0x27
 839 00b1 19       		.uleb128 0x19
 840 00b2 11       		.uleb128 0x11
 841 00b3 01       		.uleb128 0x1
 842 00b4 12       		.uleb128 0x12
 843 00b5 06       		.uleb128 0x6
 844 00b6 40       		.uleb128 0x40
 845 00b7 18       		.uleb128 0x18
 846 00b8 9642     		.uleb128 0x2116
 847 00ba 19       		.uleb128 0x19
 848 00bb 01       		.uleb128 0x1
 849 00bc 13       		.uleb128 0x13
 850 00bd 00       		.byte	0
 851 00be 00       		.byte	0
 852 00bf 0F       		.uleb128 0xf
 853 00c0 05       		.uleb128 0x5
 854 00c1 00       		.byte	0
 855 00c2 03       		.uleb128 0x3
 856 00c3 0E       		.uleb128 0xe
 857 00c4 3A       		.uleb128 0x3a
 858 00c5 0B       		.uleb128 0xb
 859 00c6 3B       		.uleb128 0x3b
 860 00c7 0B       		.uleb128 0xb
 861 00c8 49       		.uleb128 0x49
 862 00c9 13       		.uleb128 0x13
 863 00ca 02       		.uleb128 0x2
 864 00cb 17       		.uleb128 0x17
 865 00cc 00       		.byte	0
 866 00cd 00       		.byte	0
 867 00ce 10       		.uleb128 0x10
 868 00cf 34       		.uleb128 0x34
 869 00d0 00       		.byte	0
 870 00d1 03       		.uleb128 0x3
 871 00d2 0E       		.uleb128 0xe
 872 00d3 3A       		.uleb128 0x3a
 873 00d4 0B       		.uleb128 0xb
 874 00d5 3B       		.uleb128 0x3b
 875 00d6 0B       		.uleb128 0xb
 876 00d7 49       		.uleb128 0x49
 877 00d8 13       		.uleb128 0x13
 878 00d9 02       		.uleb128 0x2
 879 00da 17       		.uleb128 0x17
 880 00db 00       		.byte	0
 881 00dc 00       		.byte	0
 882 00dd 11       		.uleb128 0x11
 883 00de 34       		.uleb128 0x34
 884 00df 00       		.byte	0
 885 00e0 03       		.uleb128 0x3
 886 00e1 0E       		.uleb128 0xe
ARM GAS  C:\Users\Petro\AppData\Local\Temp\ccflK6Tq.s 			page 19


 887 00e2 3A       		.uleb128 0x3a
 888 00e3 0B       		.uleb128 0xb
 889 00e4 3B       		.uleb128 0x3b
 890 00e5 0B       		.uleb128 0xb
 891 00e6 49       		.uleb128 0x49
 892 00e7 13       		.uleb128 0x13
 893 00e8 00       		.byte	0
 894 00e9 00       		.byte	0
 895 00ea 12       		.uleb128 0x12
 896 00eb 34       		.uleb128 0x34
 897 00ec 00       		.byte	0
 898 00ed 03       		.uleb128 0x3
 899 00ee 0E       		.uleb128 0xe
 900 00ef 3A       		.uleb128 0x3a
 901 00f0 0B       		.uleb128 0xb
 902 00f1 3B       		.uleb128 0x3b
 903 00f2 0B       		.uleb128 0xb
 904 00f3 49       		.uleb128 0x49
 905 00f4 13       		.uleb128 0x13
 906 00f5 3F       		.uleb128 0x3f
 907 00f6 19       		.uleb128 0x19
 908 00f7 02       		.uleb128 0x2
 909 00f8 18       		.uleb128 0x18
 910 00f9 00       		.byte	0
 911 00fa 00       		.byte	0
 912 00fb 13       		.uleb128 0x13
 913 00fc 2E       		.uleb128 0x2e
 914 00fd 00       		.byte	0
 915 00fe 3F       		.uleb128 0x3f
 916 00ff 19       		.uleb128 0x19
 917 0100 03       		.uleb128 0x3
 918 0101 0E       		.uleb128 0xe
 919 0102 3A       		.uleb128 0x3a
 920 0103 0B       		.uleb128 0xb
 921 0104 3B       		.uleb128 0x3b
 922 0105 0B       		.uleb128 0xb
 923 0106 27       		.uleb128 0x27
 924 0107 19       		.uleb128 0x19
 925 0108 49       		.uleb128 0x49
 926 0109 13       		.uleb128 0x13
 927 010a 3C       		.uleb128 0x3c
 928 010b 19       		.uleb128 0x19
 929 010c 00       		.byte	0
 930 010d 00       		.byte	0
 931 010e 14       		.uleb128 0x14
 932 010f 2E       		.uleb128 0x2e
 933 0110 01       		.byte	0x1
 934 0111 3F       		.uleb128 0x3f
 935 0112 19       		.uleb128 0x19
 936 0113 03       		.uleb128 0x3
 937 0114 0E       		.uleb128 0xe
 938 0115 3A       		.uleb128 0x3a
 939 0116 0B       		.uleb128 0xb
 940 0117 3B       		.uleb128 0x3b
 941 0118 0B       		.uleb128 0xb
 942 0119 27       		.uleb128 0x27
 943 011a 19       		.uleb128 0x19
ARM GAS  C:\Users\Petro\AppData\Local\Temp\ccflK6Tq.s 			page 20


 944 011b 3C       		.uleb128 0x3c
 945 011c 19       		.uleb128 0x19
 946 011d 01       		.uleb128 0x1
 947 011e 13       		.uleb128 0x13
 948 011f 00       		.byte	0
 949 0120 00       		.byte	0
 950 0121 15       		.uleb128 0x15
 951 0122 05       		.uleb128 0x5
 952 0123 00       		.byte	0
 953 0124 49       		.uleb128 0x49
 954 0125 13       		.uleb128 0x13
 955 0126 00       		.byte	0
 956 0127 00       		.byte	0
 957 0128 16       		.uleb128 0x16
 958 0129 2E       		.uleb128 0x2e
 959 012a 01       		.byte	0x1
 960 012b 3F       		.uleb128 0x3f
 961 012c 19       		.uleb128 0x19
 962 012d 03       		.uleb128 0x3
 963 012e 0E       		.uleb128 0xe
 964 012f 3A       		.uleb128 0x3a
 965 0130 0B       		.uleb128 0xb
 966 0131 3B       		.uleb128 0x3b
 967 0132 05       		.uleb128 0x5
 968 0133 27       		.uleb128 0x27
 969 0134 19       		.uleb128 0x19
 970 0135 3C       		.uleb128 0x3c
 971 0136 19       		.uleb128 0x19
 972 0137 01       		.uleb128 0x1
 973 0138 13       		.uleb128 0x13
 974 0139 00       		.byte	0
 975 013a 00       		.byte	0
 976 013b 17       		.uleb128 0x17
 977 013c 2E       		.uleb128 0x2e
 978 013d 00       		.byte	0
 979 013e 3F       		.uleb128 0x3f
 980 013f 19       		.uleb128 0x19
 981 0140 03       		.uleb128 0x3
 982 0141 0E       		.uleb128 0xe
 983 0142 3A       		.uleb128 0x3a
 984 0143 0B       		.uleb128 0xb
 985 0144 3B       		.uleb128 0x3b
 986 0145 05       		.uleb128 0x5
 987 0146 27       		.uleb128 0x27
 988 0147 19       		.uleb128 0x19
 989 0148 3C       		.uleb128 0x3c
 990 0149 19       		.uleb128 0x19
 991 014a 00       		.byte	0
 992 014b 00       		.byte	0
 993 014c 00       		.byte	0
 994              		.section	.debug_loc,"",%progbits
 995              	.Ldebug_loc0:
 996              	.LLST0:
 997 0000 00000000 		.4byte	.LVL5
 998 0004 04000000 		.4byte	.LVL6
 999 0008 0100     		.2byte	0x1
 1000 000a 50       		.byte	0x50
ARM GAS  C:\Users\Petro\AppData\Local\Temp\ccflK6Tq.s 			page 21


 1001 000b 04000000 		.4byte	.LVL6
 1002 000f 16000000 		.4byte	.LFE65
 1003 0013 0400     		.2byte	0x4
 1004 0015 F3       		.byte	0xf3
 1005 0016 01       		.uleb128 0x1
 1006 0017 50       		.byte	0x50
 1007 0018 9F       		.byte	0x9f
 1008 0019 00000000 		.4byte	0
 1009 001d 00000000 		.4byte	0
 1010              	.LLST1:
 1011 0021 00000000 		.4byte	.LVL5
 1012 0025 04000000 		.4byte	.LVL6
 1013 0029 1300     		.2byte	0x13
 1014 002b 0A       		.byte	0xa
 1015 002c E803     		.2byte	0x3e8
 1016 002e F7       		.byte	0xf7
 1017 002f 25       		.uleb128 0x25
 1018 0030 70       		.byte	0x70
 1019 0031 00       		.sleb128 0
 1020 0032 0A       		.byte	0xa
 1021 0033 FFFF     		.2byte	0xffff
 1022 0035 1A       		.byte	0x1a
 1023 0036 31       		.byte	0x31
 1024 0037 24       		.byte	0x24
 1025 0038 F7       		.byte	0xf7
 1026 0039 25       		.uleb128 0x25
 1027 003a 1B       		.byte	0x1b
 1028 003b F7       		.byte	0xf7
 1029 003c 00       		.uleb128 0
 1030 003d 9F       		.byte	0x9f
 1031 003e 04000000 		.4byte	.LVL6
 1032 0042 16000000 		.4byte	.LFE65
 1033 0046 1400     		.2byte	0x14
 1034 0048 0A       		.byte	0xa
 1035 0049 E803     		.2byte	0x3e8
 1036 004b F7       		.byte	0xf7
 1037 004c 25       		.uleb128 0x25
 1038 004d F3       		.byte	0xf3
 1039 004e 01       		.uleb128 0x1
 1040 004f 50       		.byte	0x50
 1041 0050 0A       		.byte	0xa
 1042 0051 FFFF     		.2byte	0xffff
 1043 0053 1A       		.byte	0x1a
 1044 0054 31       		.byte	0x31
 1045 0055 24       		.byte	0x24
 1046 0056 F7       		.byte	0xf7
 1047 0057 25       		.uleb128 0x25
 1048 0058 1B       		.byte	0x1b
 1049 0059 F7       		.byte	0xf7
 1050 005a 00       		.uleb128 0
 1051 005b 9F       		.byte	0x9f
 1052 005c 00000000 		.4byte	0
 1053 0060 00000000 		.4byte	0
 1054              	.LLST2:
 1055 0064 00000000 		.4byte	.LVL10
 1056 0068 07000000 		.4byte	.LVL11-1
 1057 006c 0100     		.2byte	0x1
ARM GAS  C:\Users\Petro\AppData\Local\Temp\ccflK6Tq.s 			page 22


 1058 006e 50       		.byte	0x50
 1059 006f 07000000 		.4byte	.LVL11-1
 1060 0073 10000000 		.4byte	.LFE66
 1061 0077 0400     		.2byte	0x4
 1062 0079 F3       		.byte	0xf3
 1063 007a 01       		.uleb128 0x1
 1064 007b 50       		.byte	0x50
 1065 007c 9F       		.byte	0x9f
 1066 007d 00000000 		.4byte	0
 1067 0081 00000000 		.4byte	0
 1068              		.section	.debug_aranges,"",%progbits
 1069 0000 34000000 		.4byte	0x34
 1070 0004 0200     		.2byte	0x2
 1071 0006 00000000 		.4byte	.Ldebug_info0
 1072 000a 04       		.byte	0x4
 1073 000b 00       		.byte	0
 1074 000c 0000     		.2byte	0
 1075 000e 0000     		.2byte	0
 1076 0010 00000000 		.4byte	.LFB64
 1077 0014 16000000 		.4byte	.LFE64-.LFB64
 1078 0018 00000000 		.4byte	.LFB63
 1079 001c 24000000 		.4byte	.LFE63-.LFB63
 1080 0020 00000000 		.4byte	.LFB65
 1081 0024 16000000 		.4byte	.LFE65-.LFB65
 1082 0028 00000000 		.4byte	.LFB66
 1083 002c 10000000 		.4byte	.LFE66-.LFB66
 1084 0030 00000000 		.4byte	0
 1085 0034 00000000 		.4byte	0
 1086              		.section	.debug_ranges,"",%progbits
 1087              	.Ldebug_ranges0:
 1088 0000 00000000 		.4byte	.LFB64
 1089 0004 16000000 		.4byte	.LFE64
 1090 0008 00000000 		.4byte	.LFB63
 1091 000c 24000000 		.4byte	.LFE63
 1092 0010 00000000 		.4byte	.LFB65
 1093 0014 16000000 		.4byte	.LFE65
 1094 0018 00000000 		.4byte	.LFB66
 1095 001c 10000000 		.4byte	.LFE66
 1096 0020 00000000 		.4byte	0
 1097 0024 00000000 		.4byte	0
 1098              		.section	.debug_line,"",%progbits
 1099              	.Ldebug_line0:
 1100 0000 FA010000 		.section	.debug_str,"MS",%progbits,1
 1100      0200A001 
 1100      00000201 
 1100      FB0E0D00 
 1100      01010101 
 1101              	.LASF103:
 1102 0000 72657375 		.ascii	"result\000"
 1102      6C7400
 1103              	.LASF95:
 1104 0007 54696D65 		.ascii	"Timer_LED_WritePeriod\000"
 1104      725F4C45 
 1104      445F5772 
 1104      69746550 
 1104      6572696F 
 1105              	.LASF84:
ARM GAS  C:\Users\Petro\AppData\Local\Temp\ccflK6Tq.s 			page 23


 1106 001d 4C656448 		.ascii	"LedHandler\000"
 1106      616E646C 
 1106      657200
 1107              	.LASF3:
 1108 0028 73686F72 		.ascii	"short int\000"
 1108      7420696E 
 1108      7400
 1109              	.LASF33:
 1110 0032 4359424C 		.ascii	"CYBLE_EVT_GAP_AUTH_FAILED\000"
 1110      455F4556 
 1110      545F4741 
 1110      505F4155 
 1110      54485F46 
 1111              	.LASF21:
 1112 004c 73697A65 		.ascii	"sizetype\000"
 1112      74797065 
 1112      00
 1113              	.LASF26:
 1114 0055 4359424C 		.ascii	"CYBLE_EVT_HCI_STATUS\000"
 1114      455F4556 
 1114      545F4843 
 1114      495F5354 
 1114      41545553 
 1115              	.LASF11:
 1116 006a 6C6F6E67 		.ascii	"long long unsigned int\000"
 1116      206C6F6E 
 1116      6720756E 
 1116      7369676E 
 1116      65642069 
 1117              	.LASF41:
 1118 0081 4359424C 		.ascii	"CYBLE_EVT_GATTC_ERROR_RSP\000"
 1118      455F4556 
 1118      545F4741 
 1118      5454435F 
 1118      4552524F 
 1119              	.LASF8:
 1120 009b 5F5F7569 		.ascii	"__uint32_t\000"
 1120      6E743332 
 1120      5F7400
 1121              	.LASF81:
 1122 00a6 43484543 		.ascii	"CHECK_GATE\000"
 1122      4B5F4741 
 1122      544500
 1123              	.LASF5:
 1124 00b1 5F5F7569 		.ascii	"__uint16_t\000"
 1124      6E743136 
 1124      5F7400
 1125              	.LASF101:
 1126 00bc 443A5C43 		.ascii	"D:\\Cypress\\system-start-finish\\dev\\FW\\finish\\"
 1126      79707265 
 1126      73735C73 
 1126      79737465 
 1126      6D2D7374 
 1127 00e9 66696E5F 		.ascii	"fin_v11.cydsn\000"
 1127      7631312E 
 1127      63796473 
 1127      6E00
ARM GAS  C:\Users\Petro\AppData\Local\Temp\ccflK6Tq.s 			page 24


 1128              	.LASF102:
 1129 00f7 74696D65 		.ascii	"time_l\000"
 1129      5F6C00
 1130              	.LASF23:
 1131 00fe 4359424C 		.ascii	"CYBLE_EVT_STACK_ON\000"
 1131      455F4556 
 1131      545F5354 
 1131      41434B5F 
 1131      4F4E00
 1132              	.LASF44:
 1133 0111 4359424C 		.ascii	"CYBLE_EVT_GATTS_XCNHG_MTU_REQ\000"
 1133      455F4556 
 1133      545F4741 
 1133      5454535F 
 1133      58434E48 
 1134              	.LASF12:
 1135 012f 75696E74 		.ascii	"uint8_t\000"
 1135      385F7400 
 1136              	.LASF40:
 1137 0137 4359424C 		.ascii	"CYBLE_EVT_GAP_KEYINFO_EXCHNGE_CMPLT\000"
 1137      455F4556 
 1137      545F4741 
 1137      505F4B45 
 1137      59494E46 
 1138              	.LASF52:
 1139 015b 4359424C 		.ascii	"CYBLE_EVT_GATTC_READ_MULTI_RSP\000"
 1139      455F4556 
 1139      545F4741 
 1139      5454435F 
 1139      52454144 
 1140              	.LASF61:
 1141 017a 4359424C 		.ascii	"CYBLE_EVT_GATTS_HANDLE_VALUE_CNF\000"
 1141      455F4556 
 1141      545F4741 
 1141      5454535F 
 1141      48414E44 
 1142              	.LASF22:
 1143 019b 4359424C 		.ascii	"CYBLE_EVT_HOST_INVALID\000"
 1143      455F4556 
 1143      545F484F 
 1143      53545F49 
 1143      4E56414C 
 1144              	.LASF14:
 1145 01b2 75696E74 		.ascii	"uint32_t\000"
 1145      33325F74 
 1145      00
 1146              	.LASF68:
 1147 01bb 4359424C 		.ascii	"CYBLE_EVT_L2CAP_CBFC_CONN_IND\000"
 1147      455F4556 
 1147      545F4C32 
 1147      4341505F 
 1147      43424643 
 1148              	.LASF97:
 1149 01d9 54696D65 		.ascii	"Timer_LED_Enable\000"
 1149      725F4C45 
 1149      445F456E 
 1149      61626C65 
ARM GAS  C:\Users\Petro\AppData\Local\Temp\ccflK6Tq.s 			page 25


 1149      00
 1150              	.LASF71:
 1151 01ea 4359424C 		.ascii	"CYBLE_EVT_L2CAP_CBFC_DISCONN_CNF\000"
 1151      455F4556 
 1151      545F4C32 
 1151      4341505F 
 1151      43424643 
 1152              	.LASF99:
 1153 020b 474E5520 		.ascii	"GNU C 4.9.3 20150303 (release) [ARM/embedded-4_9-br"
 1153      4320342E 
 1153      392E3320 
 1153      32303135 
 1153      30333033 
 1154 023e 616E6368 		.ascii	"anch revision 221220] -mcpu=cortex-m0 -mthumb -g -O"
 1154      20726576 
 1154      6973696F 
 1154      6E203232 
 1154      31323230 
 1155 0271 73202D66 		.ascii	"s -ffunction-sections -ffat-lto-objects\000"
 1155      66756E63 
 1155      74696F6E 
 1155      2D736563 
 1155      74696F6E 
 1156              	.LASF17:
 1157 0299 666C6F61 		.ascii	"float\000"
 1157      7400
 1158              	.LASF98:
 1159 029f 54696D65 		.ascii	"Timer_LED_Stop\000"
 1159      725F4C45 
 1159      445F5374 
 1159      6F7000
 1160              	.LASF50:
 1161 02ae 4359424C 		.ascii	"CYBLE_EVT_GATTC_READ_RSP\000"
 1161      455F4556 
 1161      545F4741 
 1161      5454435F 
 1161      52454144 
 1162              	.LASF54:
 1163 02c7 4359424C 		.ascii	"CYBLE_EVT_GATTC_WRITE_RSP\000"
 1163      455F4556 
 1163      545F4741 
 1163      5454435F 
 1163      57524954 
 1164              	.LASF10:
 1165 02e1 6C6F6E67 		.ascii	"long long int\000"
 1165      206C6F6E 
 1165      6720696E 
 1165      7400
 1166              	.LASF20:
 1167 02ef 63796973 		.ascii	"cyisraddress\000"
 1167      72616464 
 1167      72657373 
 1167      00
 1168              	.LASF89:
 1169 02fc 53746174 		.ascii	"State\000"
 1169      6500
 1170              	.LASF7:
ARM GAS  C:\Users\Petro\AppData\Local\Temp\ccflK6Tq.s 			page 26


 1171 0302 6C6F6E67 		.ascii	"long int\000"
 1171      20696E74 
 1171      00
 1172              	.LASF60:
 1173 030b 4359424C 		.ascii	"CYBLE_EVT_GATTC_HANDLE_VALUE_IND\000"
 1173      455F4556 
 1173      545F4741 
 1173      5454435F 
 1173      48414E44 
 1174              	.LASF64:
 1175 032c 4359424C 		.ascii	"CYBLE_EVT_GATTS_READ_CHAR_VAL_ACCESS_REQ\000"
 1175      455F4556 
 1175      545F4741 
 1175      5454535F 
 1175      52454144 
 1176              	.LASF35:
 1177 0355 4359424C 		.ascii	"CYBLE_EVT_GAP_DEVICE_CONNECTED\000"
 1177      455F4556 
 1177      545F4741 
 1177      505F4445 
 1177      56494345 
 1178              	.LASF87:
 1179 0374 5365744C 		.ascii	"SetLedState\000"
 1179      65645374 
 1179      61746500 
 1180              	.LASF4:
 1181 0380 5F5F7569 		.ascii	"__uint8_t\000"
 1181      6E74385F 
 1181      7400
 1182              	.LASF59:
 1183 038a 4359424C 		.ascii	"CYBLE_EVT_GATTC_HANDLE_VALUE_NTF\000"
 1183      455F4556 
 1183      545F4741 
 1183      5454435F 
 1183      48414E44 
 1184              	.LASF27:
 1185 03ab 4359424C 		.ascii	"CYBLE_EVT_STACK_BUSY_STATUS\000"
 1185      455F4556 
 1185      545F5354 
 1185      41434B5F 
 1185      42555359 
 1186              	.LASF31:
 1187 03c7 4359424C 		.ascii	"CYBLE_EVT_GAP_PASSKEY_DISPLAY_REQUEST\000"
 1187      455F4556 
 1187      545F4741 
 1187      505F5041 
 1187      53534B45 
 1188              	.LASF67:
 1189 03ed 4359424C 		.ascii	"CYBLE_EVT_L2CAP_COMMAND_REJ\000"
 1189      455F4556 
 1189      545F4C32 
 1189      4341505F 
 1189      434F4D4D 
 1190              	.LASF78:
 1191 0409 4359424C 		.ascii	"CYBLE_EVT_MAX\000"
 1191      455F4556 
 1191      545F4D41 
ARM GAS  C:\Users\Petro\AppData\Local\Temp\ccflK6Tq.s 			page 27


 1191      5800
 1192              	.LASF94:
 1193 0417 496E745F 		.ascii	"Int_Timer_Led_StartEx\000"
 1193      54696D65 
 1193      725F4C65 
 1193      645F5374 
 1193      61727445 
 1194              	.LASF65:
 1195 042d 4359424C 		.ascii	"CYBLE_EVT_L2CAP_CONN_PARAM_UPDATE_REQ\000"
 1195      455F4556 
 1195      545F4C32 
 1195      4341505F 
 1195      434F4E4E 
 1196              	.LASF2:
 1197 0453 756E7369 		.ascii	"unsigned char\000"
 1197      676E6564 
 1197      20636861 
 1197      7200
 1198              	.LASF56:
 1199 0461 4359424C 		.ascii	"CYBLE_EVT_GATTS_PREP_WRITE_REQ\000"
 1199      455F4556 
 1199      545F4741 
 1199      5454535F 
 1199      50524550 
 1200              	.LASF77:
 1201 0480 4359424C 		.ascii	"CYBLE_EVT_LE_PING_AUTH_TIMEOUT\000"
 1201      455F4556 
 1201      545F4C45 
 1201      5F50494E 
 1201      475F4155 
 1202              	.LASF93:
 1203 049f 54696D65 		.ascii	"Timer_LED_ClearInterrupt\000"
 1203      725F4C45 
 1203      445F436C 
 1203      65617249 
 1203      6E746572 
 1204              	.LASF82:
 1205 04b8 53415645 		.ascii	"SAVE_RESULT\000"
 1205      5F524553 
 1205      554C5400 
 1206              	.LASF48:
 1207 04c4 4359424C 		.ascii	"CYBLE_EVT_GATTC_FIND_INFO_RSP\000"
 1207      455F4556 
 1207      545F4741 
 1207      5454435F 
 1207      46494E44 
 1208              	.LASF1:
 1209 04e2 7369676E 		.ascii	"signed char\000"
 1209      65642063 
 1209      68617200 
 1210              	.LASF53:
 1211 04ee 4359424C 		.ascii	"CYBLE_EVT_GATTS_WRITE_REQ\000"
 1211      455F4556 
 1211      545F4741 
 1211      5454535F 
 1211      57524954 
 1212              	.LASF49:
ARM GAS  C:\Users\Petro\AppData\Local\Temp\ccflK6Tq.s 			page 28


 1213 0508 4359424C 		.ascii	"CYBLE_EVT_GATTC_FIND_BY_TYPE_VALUE_RSP\000"
 1213      455F4556 
 1213      545F4741 
 1213      5454435F 
 1213      46494E44 
 1214              	.LASF32:
 1215 052f 4359424C 		.ascii	"CYBLE_EVT_GAP_AUTH_COMPLETE\000"
 1215      455F4556 
 1215      545F4741 
 1215      505F4155 
 1215      54485F43 
 1216              	.LASF0:
 1217 054b 756E7369 		.ascii	"unsigned int\000"
 1217      676E6564 
 1217      20696E74 
 1217      00
 1218              	.LASF13:
 1219 0558 75696E74 		.ascii	"uint16_t\000"
 1219      31365F74 
 1219      00
 1220              	.LASF42:
 1221 0561 4359424C 		.ascii	"CYBLE_EVT_GATT_CONNECT_IND\000"
 1221      455F4556 
 1221      545F4741 
 1221      54545F43 
 1221      4F4E4E45 
 1222              	.LASF9:
 1223 057c 6C6F6E67 		.ascii	"long unsigned int\000"
 1223      20756E73 
 1223      69676E65 
 1223      6420696E 
 1223      7400
 1224              	.LASF29:
 1225 058e 4359424C 		.ascii	"CYBLE_EVT_GAP_AUTH_REQ\000"
 1225      455F4556 
 1225      545F4741 
 1225      505F4155 
 1225      54485F52 
 1226              	.LASF70:
 1227 05a5 4359424C 		.ascii	"CYBLE_EVT_L2CAP_CBFC_DISCONN_IND\000"
 1227      455F4556 
 1227      545F4C32 
 1227      4341505F 
 1227      43424643 
 1228              	.LASF37:
 1229 05c6 4359424C 		.ascii	"CYBLE_EVT_GAP_ENCRYPT_CHANGE\000"
 1229      455F4556 
 1229      545F4741 
 1229      505F454E 
 1229      43525950 
 1230              	.LASF6:
 1231 05e3 73686F72 		.ascii	"short unsigned int\000"
 1231      7420756E 
 1231      7369676E 
 1231      65642069 
 1231      6E7400
 1232              	.LASF38:
ARM GAS  C:\Users\Petro\AppData\Local\Temp\ccflK6Tq.s 			page 29


 1233 05f6 4359424C 		.ascii	"CYBLE_EVT_GAP_CONNECTION_UPDATE_COMPLETE\000"
 1233      455F4556 
 1233      545F4741 
 1233      505F434F 
 1233      4E4E4543 
 1234              	.LASF96:
 1235 061f 54696D65 		.ascii	"Timer_LED_Init\000"
 1235      725F4C45 
 1235      445F496E 
 1235      697400
 1236              	.LASF19:
 1237 062e 63686172 		.ascii	"char\000"
 1237      00
 1238              	.LASF79:
 1239 0633 54494D45 		.ascii	"TIME_SYNC\000"
 1239      5F53594E 
 1239      4300
 1240              	.LASF90:
 1241 063d 63757272 		.ascii	"currentState\000"
 1241      656E7453 
 1241      74617465 
 1241      00
 1242              	.LASF80:
 1243 064a 52454144 		.ascii	"READY\000"
 1243      5900
 1244              	.LASF86:
 1245 0650 4C656442 		.ascii	"LedBlink\000"
 1245      6C696E6B 
 1245      00
 1246              	.LASF15:
 1247 0659 75696E74 		.ascii	"uint8\000"
 1247      3800
 1248              	.LASF104:
 1249 065f 4C45445F 		.ascii	"LED_PIN_Read\000"
 1249      50494E5F 
 1249      52656164 
 1249      00
 1250              	.LASF28:
 1251 066c 4359424C 		.ascii	"CYBLE_EVT_GAPC_SCAN_PROGRESS_RESULT\000"
 1251      455F4556 
 1251      545F4741 
 1251      50435F53 
 1251      43414E5F 
 1252              	.LASF51:
 1253 0690 4359424C 		.ascii	"CYBLE_EVT_GATTC_READ_BLOB_RSP\000"
 1253      455F4556 
 1253      545F4741 
 1253      5454435F 
 1253      52454144 
 1254              	.LASF58:
 1255 06ae 4359424C 		.ascii	"CYBLE_EVT_GATTC_EXEC_WRITE_RSP\000"
 1255      455F4556 
 1255      545F4741 
 1255      5454435F 
 1255      45584543 
 1256              	.LASF16:
 1257 06cd 75696E74 		.ascii	"uint32\000"
ARM GAS  C:\Users\Petro\AppData\Local\Temp\ccflK6Tq.s 			page 30


 1257      333200
 1258              	.LASF76:
 1259 06d4 4359424C 		.ascii	"CYBLE_EVT_PENDING_FLASH_WRITE\000"
 1259      455F4556 
 1259      545F5045 
 1259      4E44494E 
 1259      475F464C 
 1260              	.LASF73:
 1261 06f2 4359424C 		.ascii	"CYBLE_EVT_L2CAP_CBFC_RX_CREDIT_IND\000"
 1261      455F4556 
 1261      545F4C32 
 1261      4341505F 
 1261      43424643 
 1262              	.LASF100:
 1263 0715 2E2E5C2E 		.ascii	"..\\..\\common\\lib\\lib_LED\\LED.c\000"
 1263      2E5C636F 
 1263      6D6D6F6E 
 1263      5C6C6962 
 1263      5C6C6962 
 1264              	.LASF18:
 1265 0734 646F7562 		.ascii	"double\000"
 1265      6C6500
 1266              	.LASF92:
 1267 073b 4C45445F 		.ascii	"LED_PIN_Write\000"
 1267      50494E5F 
 1267      57726974 
 1267      6500
 1268              	.LASF74:
 1269 0749 4359424C 		.ascii	"CYBLE_EVT_L2CAP_CBFC_TX_CREDIT_IND\000"
 1269      455F4556 
 1269      545F4C32 
 1269      4341505F 
 1269      43424643 
 1270              	.LASF83:
 1271 076c 53746174 		.ascii	"StateType\000"
 1271      65547970 
 1271      6500
 1272              	.LASF30:
 1273 0776 4359424C 		.ascii	"CYBLE_EVT_GAP_PASSKEY_ENTRY_REQUEST\000"
 1273      455F4556 
 1273      545F4741 
 1273      505F5041 
 1273      53534B45 
 1274              	.LASF85:
 1275 079a 4C656449 		.ascii	"LedInit\000"
 1275      6E697400 
 1276              	.LASF69:
 1277 07a2 4359424C 		.ascii	"CYBLE_EVT_L2CAP_CBFC_CONN_CNF\000"
 1277      455F4556 
 1277      545F4C32 
 1277      4341505F 
 1277      43424643 
 1278              	.LASF34:
 1279 07c0 4359424C 		.ascii	"CYBLE_EVT_GAPP_ADVERTISEMENT_START_STOP\000"
 1279      455F4556 
 1279      545F4741 
 1279      50505F41 
ARM GAS  C:\Users\Petro\AppData\Local\Temp\ccflK6Tq.s 			page 31


 1279      44564552 
 1280              	.LASF25:
 1281 07e8 4359424C 		.ascii	"CYBLE_EVT_HARDWARE_ERROR\000"
 1281      455F4556 
 1281      545F4841 
 1281      52445741 
 1281      52455F45 
 1282              	.LASF72:
 1283 0801 4359424C 		.ascii	"CYBLE_EVT_L2CAP_CBFC_DATA_READ\000"
 1283      455F4556 
 1283      545F4C32 
 1283      4341505F 
 1283      43424643 
 1284              	.LASF66:
 1285 0820 4359424C 		.ascii	"CYBLE_EVT_L2CAP_CONN_PARAM_UPDATE_RSP\000"
 1285      455F4556 
 1285      545F4C32 
 1285      4341505F 
 1285      434F4E4E 
 1286              	.LASF88:
 1287 0846 46726571 		.ascii	"Frequency\000"
 1287      75656E63 
 1287      7900
 1288              	.LASF46:
 1289 0850 4359424C 		.ascii	"CYBLE_EVT_GATTC_READ_BY_GROUP_TYPE_RSP\000"
 1289      455F4556 
 1289      545F4741 
 1289      5454435F 
 1289      52454144 
 1290              	.LASF55:
 1291 0877 4359424C 		.ascii	"CYBLE_EVT_GATTS_WRITE_CMD_REQ\000"
 1291      455F4556 
 1291      545F4741 
 1291      5454535F 
 1291      57524954 
 1292              	.LASF47:
 1293 0895 4359424C 		.ascii	"CYBLE_EVT_GATTC_READ_BY_TYPE_RSP\000"
 1293      455F4556 
 1293      545F4741 
 1293      5454435F 
 1293      52454144 
 1294              	.LASF45:
 1295 08b6 4359424C 		.ascii	"CYBLE_EVT_GATTC_XCHNG_MTU_RSP\000"
 1295      455F4556 
 1295      545F4741 
 1295      5454435F 
 1295      5843484E 
 1296              	.LASF24:
 1297 08d4 4359424C 		.ascii	"CYBLE_EVT_TIMEOUT\000"
 1297      455F4556 
 1297      545F5449 
 1297      4D454F55 
 1297      5400
 1298              	.LASF75:
 1299 08e6 4359424C 		.ascii	"CYBLE_EVT_L2CAP_CBFC_DATA_WRITE_IND\000"
 1299      455F4556 
 1299      545F4C32 
ARM GAS  C:\Users\Petro\AppData\Local\Temp\ccflK6Tq.s 			page 32


 1299      4341505F 
 1299      43424643 
 1300              	.LASF39:
 1301 090a 4359424C 		.ascii	"CYBLE_EVT_GAPC_SCAN_START_STOP\000"
 1301      455F4556 
 1301      545F4741 
 1301      50435F53 
 1301      43414E5F 
 1302              	.LASF91:
 1303 0929 4C45445F 		.ascii	"LED_InitValue\000"
 1303      496E6974 
 1303      56616C75 
 1303      6500
 1304              	.LASF63:
 1305 0937 4359424C 		.ascii	"CYBLE_EVT_GATTC_STOP_CMD_COMPLETE\000"
 1305      455F4556 
 1305      545F4741 
 1305      5454435F 
 1305      53544F50 
 1306              	.LASF57:
 1307 0959 4359424C 		.ascii	"CYBLE_EVT_GATTS_EXEC_WRITE_REQ\000"
 1307      455F4556 
 1307      545F4741 
 1307      5454535F 
 1307      45584543 
 1308              	.LASF36:
 1309 0978 4359424C 		.ascii	"CYBLE_EVT_GAP_DEVICE_DISCONNECTED\000"
 1309      455F4556 
 1309      545F4741 
 1309      505F4445 
 1309      56494345 
 1310              	.LASF62:
 1311 099a 4359424C 		.ascii	"CYBLE_EVT_GATTS_DATA_SIGNED_CMD_REQ\000"
 1311      455F4556 
 1311      545F4741 
 1311      5454535F 
 1311      44415441 
 1312              	.LASF43:
 1313 09be 4359424C 		.ascii	"CYBLE_EVT_GATT_DISCONNECT_IND\000"
 1313      455F4556 
 1313      545F4741 
 1313      54545F44 
 1313      4953434F 
 1314              		.ident	"GCC: (GNU Tools for ARM Embedded Processors) 4.9.3 20150303 (release) [ARM/embedded-4_9-br
