ARM GAS  C:\Users\Petro\AppData\Local\Temp\ccqxPHQI.s 			page 1


   1              		.cpu cortex-m0
   2              		.fpu softvfp
   3              		.eabi_attribute 20, 1
   4              		.eabi_attribute 21, 1
   5              		.eabi_attribute 23, 3
   6              		.eabi_attribute 24, 1
   7              		.eabi_attribute 25, 1
   8              		.eabi_attribute 26, 1
   9              		.eabi_attribute 30, 1
  10              		.eabi_attribute 34, 0
  11              		.eabi_attribute 18, 4
  12              		.code	16
  13              		.file	"xbee_PM.c"
  14              		.text
  15              	.Ltext0:
  16              		.cfi_sections	.debug_frame
  17              		.section	.text.xbee_SaveConfig,"ax",%progbits
  18              		.align	2
  19              		.global	xbee_SaveConfig
  20              		.code	16
  21              		.thumb_func
  22              		.type	xbee_SaveConfig, %function
  23              	xbee_SaveConfig:
  24              	.LFB0:
  25              		.file 1 ".\\Generated_Source\\PSoC4\\xbee_PM.c"
   1:.\Generated_Source\PSoC4/xbee_PM.c **** /*******************************************************************************
   2:.\Generated_Source\PSoC4/xbee_PM.c **** * File Name: xbee_PM.c
   3:.\Generated_Source\PSoC4/xbee_PM.c **** * Version 2.50
   4:.\Generated_Source\PSoC4/xbee_PM.c **** *
   5:.\Generated_Source\PSoC4/xbee_PM.c **** * Description:
   6:.\Generated_Source\PSoC4/xbee_PM.c **** *  This file provides Sleep/WakeUp APIs functionality.
   7:.\Generated_Source\PSoC4/xbee_PM.c **** *
   8:.\Generated_Source\PSoC4/xbee_PM.c **** * Note:
   9:.\Generated_Source\PSoC4/xbee_PM.c **** *
  10:.\Generated_Source\PSoC4/xbee_PM.c **** ********************************************************************************
  11:.\Generated_Source\PSoC4/xbee_PM.c **** * Copyright 2008-2015, Cypress Semiconductor Corporation.  All rights reserved.
  12:.\Generated_Source\PSoC4/xbee_PM.c **** * You may use this file only in accordance with the license, terms, conditions,
  13:.\Generated_Source\PSoC4/xbee_PM.c **** * disclaimers, and limitations in the end user license agreement accompanying
  14:.\Generated_Source\PSoC4/xbee_PM.c **** * the software package with which this file was provided.
  15:.\Generated_Source\PSoC4/xbee_PM.c **** *******************************************************************************/
  16:.\Generated_Source\PSoC4/xbee_PM.c **** 
  17:.\Generated_Source\PSoC4/xbee_PM.c **** #include "xbee.h"
  18:.\Generated_Source\PSoC4/xbee_PM.c **** 
  19:.\Generated_Source\PSoC4/xbee_PM.c **** 
  20:.\Generated_Source\PSoC4/xbee_PM.c **** /***************************************
  21:.\Generated_Source\PSoC4/xbee_PM.c **** * Local data allocation
  22:.\Generated_Source\PSoC4/xbee_PM.c **** ***************************************/
  23:.\Generated_Source\PSoC4/xbee_PM.c **** 
  24:.\Generated_Source\PSoC4/xbee_PM.c **** static xbee_BACKUP_STRUCT  xbee_backup =
  25:.\Generated_Source\PSoC4/xbee_PM.c **** {
  26:.\Generated_Source\PSoC4/xbee_PM.c ****     /* enableState - disabled */
  27:.\Generated_Source\PSoC4/xbee_PM.c ****     0u,
  28:.\Generated_Source\PSoC4/xbee_PM.c **** };
  29:.\Generated_Source\PSoC4/xbee_PM.c **** 
  30:.\Generated_Source\PSoC4/xbee_PM.c **** 
  31:.\Generated_Source\PSoC4/xbee_PM.c **** 
  32:.\Generated_Source\PSoC4/xbee_PM.c **** /*******************************************************************************
ARM GAS  C:\Users\Petro\AppData\Local\Temp\ccqxPHQI.s 			page 2


  33:.\Generated_Source\PSoC4/xbee_PM.c **** * Function Name: xbee_SaveConfig
  34:.\Generated_Source\PSoC4/xbee_PM.c **** ********************************************************************************
  35:.\Generated_Source\PSoC4/xbee_PM.c **** *
  36:.\Generated_Source\PSoC4/xbee_PM.c **** * Summary:
  37:.\Generated_Source\PSoC4/xbee_PM.c **** *  This function saves the component nonretention control register.
  38:.\Generated_Source\PSoC4/xbee_PM.c **** *  Does not save the FIFO which is a set of nonretention registers.
  39:.\Generated_Source\PSoC4/xbee_PM.c **** *  This function is called by the xbee_Sleep() function.
  40:.\Generated_Source\PSoC4/xbee_PM.c **** *
  41:.\Generated_Source\PSoC4/xbee_PM.c **** * Parameters:
  42:.\Generated_Source\PSoC4/xbee_PM.c **** *  None.
  43:.\Generated_Source\PSoC4/xbee_PM.c **** *
  44:.\Generated_Source\PSoC4/xbee_PM.c **** * Return:
  45:.\Generated_Source\PSoC4/xbee_PM.c **** *  None.
  46:.\Generated_Source\PSoC4/xbee_PM.c **** *
  47:.\Generated_Source\PSoC4/xbee_PM.c **** * Global Variables:
  48:.\Generated_Source\PSoC4/xbee_PM.c **** *  xbee_backup - modified when non-retention registers are saved.
  49:.\Generated_Source\PSoC4/xbee_PM.c **** *
  50:.\Generated_Source\PSoC4/xbee_PM.c **** * Reentrant:
  51:.\Generated_Source\PSoC4/xbee_PM.c **** *  No.
  52:.\Generated_Source\PSoC4/xbee_PM.c **** *
  53:.\Generated_Source\PSoC4/xbee_PM.c **** *******************************************************************************/
  54:.\Generated_Source\PSoC4/xbee_PM.c **** void xbee_SaveConfig(void)
  55:.\Generated_Source\PSoC4/xbee_PM.c **** {
  26              		.loc 1 55 0
  27              		.cfi_startproc
  56:.\Generated_Source\PSoC4/xbee_PM.c ****     #if(xbee_CONTROL_REG_REMOVED == 0u)
  57:.\Generated_Source\PSoC4/xbee_PM.c ****         xbee_backup.cr = xbee_CONTROL_REG;
  58:.\Generated_Source\PSoC4/xbee_PM.c ****     #endif /* End xbee_CONTROL_REG_REMOVED */
  59:.\Generated_Source\PSoC4/xbee_PM.c **** }
  28              		.loc 1 59 0
  29              		@ sp needed
  30 0000 7047     		bx	lr
  31              		.cfi_endproc
  32              	.LFE0:
  33              		.size	xbee_SaveConfig, .-xbee_SaveConfig
  34 0002 C046     		.section	.text.xbee_RestoreConfig,"ax",%progbits
  35              		.align	2
  36              		.global	xbee_RestoreConfig
  37              		.code	16
  38              		.thumb_func
  39              		.type	xbee_RestoreConfig, %function
  40              	xbee_RestoreConfig:
  41              	.LFB1:
  60:.\Generated_Source\PSoC4/xbee_PM.c **** 
  61:.\Generated_Source\PSoC4/xbee_PM.c **** 
  62:.\Generated_Source\PSoC4/xbee_PM.c **** /*******************************************************************************
  63:.\Generated_Source\PSoC4/xbee_PM.c **** * Function Name: xbee_RestoreConfig
  64:.\Generated_Source\PSoC4/xbee_PM.c **** ********************************************************************************
  65:.\Generated_Source\PSoC4/xbee_PM.c **** *
  66:.\Generated_Source\PSoC4/xbee_PM.c **** * Summary:
  67:.\Generated_Source\PSoC4/xbee_PM.c **** *  Restores the nonretention control register except FIFO.
  68:.\Generated_Source\PSoC4/xbee_PM.c **** *  Does not restore the FIFO which is a set of nonretention registers.
  69:.\Generated_Source\PSoC4/xbee_PM.c **** *
  70:.\Generated_Source\PSoC4/xbee_PM.c **** * Parameters:
  71:.\Generated_Source\PSoC4/xbee_PM.c **** *  None.
  72:.\Generated_Source\PSoC4/xbee_PM.c **** *
  73:.\Generated_Source\PSoC4/xbee_PM.c **** * Return:
ARM GAS  C:\Users\Petro\AppData\Local\Temp\ccqxPHQI.s 			page 3


  74:.\Generated_Source\PSoC4/xbee_PM.c **** *  None.
  75:.\Generated_Source\PSoC4/xbee_PM.c **** *
  76:.\Generated_Source\PSoC4/xbee_PM.c **** * Global Variables:
  77:.\Generated_Source\PSoC4/xbee_PM.c **** *  xbee_backup - used when non-retention registers are restored.
  78:.\Generated_Source\PSoC4/xbee_PM.c **** *
  79:.\Generated_Source\PSoC4/xbee_PM.c **** * Reentrant:
  80:.\Generated_Source\PSoC4/xbee_PM.c **** *  No.
  81:.\Generated_Source\PSoC4/xbee_PM.c **** *
  82:.\Generated_Source\PSoC4/xbee_PM.c **** * Notes:
  83:.\Generated_Source\PSoC4/xbee_PM.c **** *  If this function is called without calling xbee_SaveConfig() 
  84:.\Generated_Source\PSoC4/xbee_PM.c **** *  first, the data loaded may be incorrect.
  85:.\Generated_Source\PSoC4/xbee_PM.c **** *
  86:.\Generated_Source\PSoC4/xbee_PM.c **** *******************************************************************************/
  87:.\Generated_Source\PSoC4/xbee_PM.c **** void xbee_RestoreConfig(void)
  88:.\Generated_Source\PSoC4/xbee_PM.c **** {
  42              		.loc 1 88 0
  43              		.cfi_startproc
  89:.\Generated_Source\PSoC4/xbee_PM.c ****     #if(xbee_CONTROL_REG_REMOVED == 0u)
  90:.\Generated_Source\PSoC4/xbee_PM.c ****         xbee_CONTROL_REG = xbee_backup.cr;
  91:.\Generated_Source\PSoC4/xbee_PM.c ****     #endif /* End xbee_CONTROL_REG_REMOVED */
  92:.\Generated_Source\PSoC4/xbee_PM.c **** }
  44              		.loc 1 92 0
  45              		@ sp needed
  46 0000 7047     		bx	lr
  47              		.cfi_endproc
  48              	.LFE1:
  49              		.size	xbee_RestoreConfig, .-xbee_RestoreConfig
  50 0002 C046     		.section	.text.xbee_Sleep,"ax",%progbits
  51              		.align	2
  52              		.global	xbee_Sleep
  53              		.code	16
  54              		.thumb_func
  55              		.type	xbee_Sleep, %function
  56              	xbee_Sleep:
  57              	.LFB2:
  93:.\Generated_Source\PSoC4/xbee_PM.c **** 
  94:.\Generated_Source\PSoC4/xbee_PM.c **** 
  95:.\Generated_Source\PSoC4/xbee_PM.c **** /*******************************************************************************
  96:.\Generated_Source\PSoC4/xbee_PM.c **** * Function Name: xbee_Sleep
  97:.\Generated_Source\PSoC4/xbee_PM.c **** ********************************************************************************
  98:.\Generated_Source\PSoC4/xbee_PM.c **** *
  99:.\Generated_Source\PSoC4/xbee_PM.c **** * Summary:
 100:.\Generated_Source\PSoC4/xbee_PM.c **** *  This is the preferred API to prepare the component for sleep. 
 101:.\Generated_Source\PSoC4/xbee_PM.c **** *  The xbee_Sleep() API saves the current component state. Then it
 102:.\Generated_Source\PSoC4/xbee_PM.c **** *  calls the xbee_Stop() function and calls 
 103:.\Generated_Source\PSoC4/xbee_PM.c **** *  xbee_SaveConfig() to save the hardware configuration.
 104:.\Generated_Source\PSoC4/xbee_PM.c **** *  Call the xbee_Sleep() function before calling the CyPmSleep() 
 105:.\Generated_Source\PSoC4/xbee_PM.c **** *  or the CyPmHibernate() function. 
 106:.\Generated_Source\PSoC4/xbee_PM.c **** *
 107:.\Generated_Source\PSoC4/xbee_PM.c **** * Parameters:
 108:.\Generated_Source\PSoC4/xbee_PM.c **** *  None.
 109:.\Generated_Source\PSoC4/xbee_PM.c **** *
 110:.\Generated_Source\PSoC4/xbee_PM.c **** * Return:
 111:.\Generated_Source\PSoC4/xbee_PM.c **** *  None.
 112:.\Generated_Source\PSoC4/xbee_PM.c **** *
 113:.\Generated_Source\PSoC4/xbee_PM.c **** * Global Variables:
 114:.\Generated_Source\PSoC4/xbee_PM.c **** *  xbee_backup - modified when non-retention registers are saved.
ARM GAS  C:\Users\Petro\AppData\Local\Temp\ccqxPHQI.s 			page 4


 115:.\Generated_Source\PSoC4/xbee_PM.c **** *
 116:.\Generated_Source\PSoC4/xbee_PM.c **** * Reentrant:
 117:.\Generated_Source\PSoC4/xbee_PM.c **** *  No.
 118:.\Generated_Source\PSoC4/xbee_PM.c **** *
 119:.\Generated_Source\PSoC4/xbee_PM.c **** *******************************************************************************/
 120:.\Generated_Source\PSoC4/xbee_PM.c **** void xbee_Sleep(void)
 121:.\Generated_Source\PSoC4/xbee_PM.c **** {
  58              		.loc 1 121 0
  59              		.cfi_startproc
  60 0000 08B5     		push	{r3, lr}
  61              		.cfi_def_cfa_offset 8
  62              		.cfi_offset 3, -8
  63              		.cfi_offset 14, -4
 122:.\Generated_Source\PSoC4/xbee_PM.c ****     #if(xbee_RX_ENABLED || xbee_HD_ENABLED)
 123:.\Generated_Source\PSoC4/xbee_PM.c ****         if((xbee_RXSTATUS_ACTL_REG  & xbee_INT_ENABLE) != 0u)
  64              		.loc 1 123 0
  65 0002 074B     		ldr	r3, .L6
  66 0004 1B78     		ldrb	r3, [r3]
  67 0006 DB06     		lsl	r3, r3, #27
  68 0008 03D5     		bpl	.L4
 124:.\Generated_Source\PSoC4/xbee_PM.c ****         {
 125:.\Generated_Source\PSoC4/xbee_PM.c ****             xbee_backup.enableState = 1u;
  69              		.loc 1 125 0
  70 000a 0122     		mov	r2, #1
  71 000c 054B     		ldr	r3, .L6+4
  72 000e 1A70     		strb	r2, [r3]
  73 0010 02E0     		b	.L5
  74              	.L4:
 126:.\Generated_Source\PSoC4/xbee_PM.c ****         }
 127:.\Generated_Source\PSoC4/xbee_PM.c ****         else
 128:.\Generated_Source\PSoC4/xbee_PM.c ****         {
 129:.\Generated_Source\PSoC4/xbee_PM.c ****             xbee_backup.enableState = 0u;
  75              		.loc 1 129 0
  76 0012 0022     		mov	r2, #0
  77 0014 034B     		ldr	r3, .L6+4
  78 0016 1A70     		strb	r2, [r3]
  79              	.L5:
 130:.\Generated_Source\PSoC4/xbee_PM.c ****         }
 131:.\Generated_Source\PSoC4/xbee_PM.c ****     #else
 132:.\Generated_Source\PSoC4/xbee_PM.c ****         if((xbee_TXSTATUS_ACTL_REG  & xbee_INT_ENABLE) !=0u)
 133:.\Generated_Source\PSoC4/xbee_PM.c ****         {
 134:.\Generated_Source\PSoC4/xbee_PM.c ****             xbee_backup.enableState = 1u;
 135:.\Generated_Source\PSoC4/xbee_PM.c ****         }
 136:.\Generated_Source\PSoC4/xbee_PM.c ****         else
 137:.\Generated_Source\PSoC4/xbee_PM.c ****         {
 138:.\Generated_Source\PSoC4/xbee_PM.c ****             xbee_backup.enableState = 0u;
 139:.\Generated_Source\PSoC4/xbee_PM.c ****         }
 140:.\Generated_Source\PSoC4/xbee_PM.c ****     #endif /* End xbee_RX_ENABLED || xbee_HD_ENABLED*/
 141:.\Generated_Source\PSoC4/xbee_PM.c **** 
 142:.\Generated_Source\PSoC4/xbee_PM.c ****     xbee_Stop();
  80              		.loc 1 142 0
  81 0018 FFF7FEFF 		bl	xbee_Stop
  82              	.LVL0:
 143:.\Generated_Source\PSoC4/xbee_PM.c ****     xbee_SaveConfig();
 144:.\Generated_Source\PSoC4/xbee_PM.c **** }
  83              		.loc 1 144 0
  84              		@ sp needed
ARM GAS  C:\Users\Petro\AppData\Local\Temp\ccqxPHQI.s 			page 5


  85 001c 08BD     		pop	{r3, pc}
  86              	.L7:
  87 001e C046     		.align	2
  88              	.L6:
  89 0020 91000F40 		.word	1074725009
  90 0024 00000000 		.word	.LANCHOR0
  91              		.cfi_endproc
  92              	.LFE2:
  93              		.size	xbee_Sleep, .-xbee_Sleep
  94              		.section	.text.xbee_Wakeup,"ax",%progbits
  95              		.align	2
  96              		.global	xbee_Wakeup
  97              		.code	16
  98              		.thumb_func
  99              		.type	xbee_Wakeup, %function
 100              	xbee_Wakeup:
 101              	.LFB3:
 145:.\Generated_Source\PSoC4/xbee_PM.c **** 
 146:.\Generated_Source\PSoC4/xbee_PM.c **** 
 147:.\Generated_Source\PSoC4/xbee_PM.c **** /*******************************************************************************
 148:.\Generated_Source\PSoC4/xbee_PM.c **** * Function Name: xbee_Wakeup
 149:.\Generated_Source\PSoC4/xbee_PM.c **** ********************************************************************************
 150:.\Generated_Source\PSoC4/xbee_PM.c **** *
 151:.\Generated_Source\PSoC4/xbee_PM.c **** * Summary:
 152:.\Generated_Source\PSoC4/xbee_PM.c **** *  This is the preferred API to restore the component to the state when 
 153:.\Generated_Source\PSoC4/xbee_PM.c **** *  xbee_Sleep() was called. The xbee_Wakeup() function
 154:.\Generated_Source\PSoC4/xbee_PM.c **** *  calls the xbee_RestoreConfig() function to restore the 
 155:.\Generated_Source\PSoC4/xbee_PM.c **** *  configuration. If the component was enabled before the 
 156:.\Generated_Source\PSoC4/xbee_PM.c **** *  xbee_Sleep() function was called, the xbee_Wakeup()
 157:.\Generated_Source\PSoC4/xbee_PM.c **** *  function will also re-enable the component.
 158:.\Generated_Source\PSoC4/xbee_PM.c **** *
 159:.\Generated_Source\PSoC4/xbee_PM.c **** * Parameters:
 160:.\Generated_Source\PSoC4/xbee_PM.c **** *  None.
 161:.\Generated_Source\PSoC4/xbee_PM.c **** *
 162:.\Generated_Source\PSoC4/xbee_PM.c **** * Return:
 163:.\Generated_Source\PSoC4/xbee_PM.c **** *  None.
 164:.\Generated_Source\PSoC4/xbee_PM.c **** *
 165:.\Generated_Source\PSoC4/xbee_PM.c **** * Global Variables:
 166:.\Generated_Source\PSoC4/xbee_PM.c **** *  xbee_backup - used when non-retention registers are restored.
 167:.\Generated_Source\PSoC4/xbee_PM.c **** *
 168:.\Generated_Source\PSoC4/xbee_PM.c **** * Reentrant:
 169:.\Generated_Source\PSoC4/xbee_PM.c **** *  No.
 170:.\Generated_Source\PSoC4/xbee_PM.c **** *
 171:.\Generated_Source\PSoC4/xbee_PM.c **** *******************************************************************************/
 172:.\Generated_Source\PSoC4/xbee_PM.c **** void xbee_Wakeup(void)
 173:.\Generated_Source\PSoC4/xbee_PM.c **** {
 102              		.loc 1 173 0
 103              		.cfi_startproc
 104 0000 08B5     		push	{r3, lr}
 105              		.cfi_def_cfa_offset 8
 106              		.cfi_offset 3, -8
 107              		.cfi_offset 14, -4
 174:.\Generated_Source\PSoC4/xbee_PM.c ****     xbee_RestoreConfig();
 175:.\Generated_Source\PSoC4/xbee_PM.c ****     #if( (xbee_RX_ENABLED) || (xbee_HD_ENABLED) )
 176:.\Generated_Source\PSoC4/xbee_PM.c ****         xbee_ClearRxBuffer();
 108              		.loc 1 176 0
 109 0002 FFF7FEFF 		bl	xbee_ClearRxBuffer
ARM GAS  C:\Users\Petro\AppData\Local\Temp\ccqxPHQI.s 			page 6


 110              	.LVL1:
 177:.\Generated_Source\PSoC4/xbee_PM.c ****     #endif /* End (xbee_RX_ENABLED) || (xbee_HD_ENABLED) */
 178:.\Generated_Source\PSoC4/xbee_PM.c ****     #if(xbee_TX_ENABLED || xbee_HD_ENABLED)
 179:.\Generated_Source\PSoC4/xbee_PM.c ****         xbee_ClearTxBuffer();
 111              		.loc 1 179 0
 112 0006 FFF7FEFF 		bl	xbee_ClearTxBuffer
 113              	.LVL2:
 180:.\Generated_Source\PSoC4/xbee_PM.c ****     #endif /* End xbee_TX_ENABLED || xbee_HD_ENABLED */
 181:.\Generated_Source\PSoC4/xbee_PM.c **** 
 182:.\Generated_Source\PSoC4/xbee_PM.c ****     if(xbee_backup.enableState != 0u)
 114              		.loc 1 182 0
 115 000a 034B     		ldr	r3, .L10
 116 000c 1B78     		ldrb	r3, [r3]
 117 000e 002B     		cmp	r3, #0
 118 0010 01D0     		beq	.L8
 183:.\Generated_Source\PSoC4/xbee_PM.c ****     {
 184:.\Generated_Source\PSoC4/xbee_PM.c ****         xbee_Enable();
 119              		.loc 1 184 0
 120 0012 FFF7FEFF 		bl	xbee_Enable
 121              	.LVL3:
 122              	.L8:
 185:.\Generated_Source\PSoC4/xbee_PM.c ****     }
 186:.\Generated_Source\PSoC4/xbee_PM.c **** }
 123              		.loc 1 186 0
 124              		@ sp needed
 125 0016 08BD     		pop	{r3, pc}
 126              	.L11:
 127              		.align	2
 128              	.L10:
 129 0018 00000000 		.word	.LANCHOR0
 130              		.cfi_endproc
 131              	.LFE3:
 132              		.size	xbee_Wakeup, .-xbee_Wakeup
 133              		.bss
 134              		.align	2
 135              		.set	.LANCHOR0,. + 0
 136              		.type	xbee_backup, %object
 137              		.size	xbee_backup, 1
 138              	xbee_backup:
 139 0000 00       		.space	1
 140 0001 000000   		.text
 141              	.Letext0:
 142              		.file 2 ".\\Generated_Source\\PSoC4\\cytypes.h"
 143              		.file 3 ".\\Generated_Source\\PSoC4\\xbee.h"
 144              		.section	.debug_info,"",%progbits
 145              	.Ldebug_info0:
 146 0000 64010000 		.4byte	0x164
 147 0004 0400     		.2byte	0x4
 148 0006 00000000 		.4byte	.Ldebug_abbrev0
 149 000a 04       		.byte	0x4
 150 000b 01       		.uleb128 0x1
 151 000c 80010000 		.4byte	.LASF24
 152 0010 01       		.byte	0x1
 153 0011 0A000000 		.4byte	.LASF25
 154 0015 D7000000 		.4byte	.LASF26
 155 0019 00000000 		.4byte	.Ldebug_ranges0+0
 156 001d 00000000 		.4byte	0
ARM GAS  C:\Users\Petro\AppData\Local\Temp\ccqxPHQI.s 			page 7


 157 0021 00000000 		.4byte	.Ldebug_line0
 158 0025 02       		.uleb128 0x2
 159 0026 01       		.byte	0x1
 160 0027 06       		.byte	0x6
 161 0028 40020000 		.4byte	.LASF0
 162 002c 02       		.uleb128 0x2
 163 002d 01       		.byte	0x1
 164 002e 08       		.byte	0x8
 165 002f 75000000 		.4byte	.LASF1
 166 0033 02       		.uleb128 0x2
 167 0034 02       		.byte	0x2
 168 0035 05       		.byte	0x5
 169 0036 0E020000 		.4byte	.LASF2
 170 003a 02       		.uleb128 0x2
 171 003b 02       		.byte	0x2
 172 003c 07       		.byte	0x7
 173 003d 4C000000 		.4byte	.LASF3
 174 0041 02       		.uleb128 0x2
 175 0042 04       		.byte	0x4
 176 0043 05       		.byte	0x5
 177 0044 2B020000 		.4byte	.LASF4
 178 0048 02       		.uleb128 0x2
 179 0049 04       		.byte	0x4
 180 004a 07       		.byte	0x7
 181 004b 88000000 		.4byte	.LASF5
 182 004f 02       		.uleb128 0x2
 183 0050 08       		.byte	0x8
 184 0051 05       		.byte	0x5
 185 0052 5A010000 		.4byte	.LASF6
 186 0056 02       		.uleb128 0x2
 187 0057 08       		.byte	0x8
 188 0058 07       		.byte	0x7
 189 0059 C0000000 		.4byte	.LASF7
 190 005d 03       		.uleb128 0x3
 191 005e 04       		.byte	0x4
 192 005f 05       		.byte	0x5
 193 0060 696E7400 		.ascii	"int\000"
 194 0064 02       		.uleb128 0x2
 195 0065 04       		.byte	0x4
 196 0066 07       		.byte	0x7
 197 0067 B3000000 		.4byte	.LASF8
 198 006b 04       		.uleb128 0x4
 199 006c 9A000000 		.4byte	.LASF12
 200 0070 02       		.byte	0x2
 201 0071 3801     		.2byte	0x138
 202 0073 2C000000 		.4byte	0x2c
 203 0077 02       		.uleb128 0x2
 204 0078 04       		.byte	0x4
 205 0079 04       		.byte	0x4
 206 007a 6F000000 		.4byte	.LASF9
 207 007e 02       		.uleb128 0x2
 208 007f 08       		.byte	0x8
 209 0080 04       		.byte	0x4
 210 0081 AC000000 		.4byte	.LASF10
 211 0085 02       		.uleb128 0x2
 212 0086 01       		.byte	0x1
 213 0087 08       		.byte	0x8
ARM GAS  C:\Users\Petro\AppData\Local\Temp\ccqxPHQI.s 			page 8


 214 0088 68010000 		.4byte	.LASF11
 215 008c 04       		.uleb128 0x4
 216 008d 83000000 		.4byte	.LASF13
 217 0091 02       		.byte	0x2
 218 0092 E201     		.2byte	0x1e2
 219 0094 98000000 		.4byte	0x98
 220 0098 05       		.uleb128 0x5
 221 0099 6B000000 		.4byte	0x6b
 222 009d 02       		.uleb128 0x2
 223 009e 04       		.byte	0x4
 224 009f 07       		.byte	0x7
 225 00a0 51010000 		.4byte	.LASF14
 226 00a4 06       		.uleb128 0x6
 227 00a5 6D010000 		.4byte	.LASF27
 228 00a9 01       		.byte	0x1
 229 00aa 03       		.byte	0x3
 230 00ab 45       		.byte	0x45
 231 00ac BD000000 		.4byte	0xbd
 232 00b0 07       		.uleb128 0x7
 233 00b1 34020000 		.4byte	.LASF28
 234 00b5 03       		.byte	0x3
 235 00b6 47       		.byte	0x47
 236 00b7 6B000000 		.4byte	0x6b
 237 00bb 00       		.byte	0
 238 00bc 00       		.byte	0
 239 00bd 08       		.uleb128 0x8
 240 00be 18020000 		.4byte	.LASF15
 241 00c2 03       		.byte	0x3
 242 00c3 4D       		.byte	0x4d
 243 00c4 A4000000 		.4byte	0xa4
 244 00c8 09       		.uleb128 0x9
 245 00c9 5F000000 		.4byte	.LASF16
 246 00cd 01       		.byte	0x1
 247 00ce 36       		.byte	0x36
 248 00cf 00000000 		.4byte	.LFB0
 249 00d3 02000000 		.4byte	.LFE0-.LFB0
 250 00d7 01       		.uleb128 0x1
 251 00d8 9C       		.byte	0x9c
 252 00d9 09       		.uleb128 0x9
 253 00da 4C020000 		.4byte	.LASF17
 254 00de 01       		.byte	0x1
 255 00df 57       		.byte	0x57
 256 00e0 00000000 		.4byte	.LFB1
 257 00e4 02000000 		.4byte	.LFE1-.LFB1
 258 00e8 01       		.uleb128 0x1
 259 00e9 9C       		.byte	0x9c
 260 00ea 0A       		.uleb128 0xa
 261 00eb 5F020000 		.4byte	.LASF18
 262 00ef 01       		.byte	0x1
 263 00f0 78       		.byte	0x78
 264 00f1 00000000 		.4byte	.LFB2
 265 00f5 28000000 		.4byte	.LFE2-.LFB2
 266 00f9 01       		.uleb128 0x1
 267 00fa 9C       		.byte	0x9c
 268 00fb 09010000 		.4byte	0x109
 269 00ff 0B       		.uleb128 0xb
 270 0100 1C000000 		.4byte	.LVL0
ARM GAS  C:\Users\Petro\AppData\Local\Temp\ccqxPHQI.s 			page 9


 271 0104 4B010000 		.4byte	0x14b
 272 0108 00       		.byte	0
 273 0109 0A       		.uleb128 0xa
 274 010a 45010000 		.4byte	.LASF19
 275 010e 01       		.byte	0x1
 276 010f AC       		.byte	0xac
 277 0110 00000000 		.4byte	.LFB3
 278 0114 1C000000 		.4byte	.LFE3-.LFB3
 279 0118 01       		.uleb128 0x1
 280 0119 9C       		.byte	0x9c
 281 011a 3A010000 		.4byte	0x13a
 282 011e 0B       		.uleb128 0xb
 283 011f 06000000 		.4byte	.LVL1
 284 0123 52010000 		.4byte	0x152
 285 0127 0B       		.uleb128 0xb
 286 0128 0A000000 		.4byte	.LVL2
 287 012c 59010000 		.4byte	0x159
 288 0130 0B       		.uleb128 0xb
 289 0131 16000000 		.4byte	.LVL3
 290 0135 60010000 		.4byte	0x160
 291 0139 00       		.byte	0
 292 013a 0C       		.uleb128 0xc
 293 013b A0000000 		.4byte	.LASF29
 294 013f 01       		.byte	0x1
 295 0140 18       		.byte	0x18
 296 0141 BD000000 		.4byte	0xbd
 297 0145 05       		.uleb128 0x5
 298 0146 03       		.byte	0x3
 299 0147 00000000 		.4byte	xbee_backup
 300 014b 0D       		.uleb128 0xd
 301 014c 00000000 		.4byte	.LASF20
 302 0150 03       		.byte	0x3
 303 0151 55       		.byte	0x55
 304 0152 0D       		.uleb128 0xd
 305 0153 39000000 		.4byte	.LASF21
 306 0157 03       		.byte	0x3
 307 0158 75       		.byte	0x75
 308 0159 0D       		.uleb128 0xd
 309 015a 32010000 		.4byte	.LASF22
 310 015e 03       		.byte	0x3
 311 015f 8F       		.byte	0x8f
 312 0160 0D       		.uleb128 0xd
 313 0161 2D000000 		.4byte	.LASF23
 314 0165 03       		.byte	0x3
 315 0166 5A       		.byte	0x5a
 316 0167 00       		.byte	0
 317              		.section	.debug_abbrev,"",%progbits
 318              	.Ldebug_abbrev0:
 319 0000 01       		.uleb128 0x1
 320 0001 11       		.uleb128 0x11
 321 0002 01       		.byte	0x1
 322 0003 25       		.uleb128 0x25
 323 0004 0E       		.uleb128 0xe
 324 0005 13       		.uleb128 0x13
 325 0006 0B       		.uleb128 0xb
 326 0007 03       		.uleb128 0x3
 327 0008 0E       		.uleb128 0xe
ARM GAS  C:\Users\Petro\AppData\Local\Temp\ccqxPHQI.s 			page 10


 328 0009 1B       		.uleb128 0x1b
 329 000a 0E       		.uleb128 0xe
 330 000b 55       		.uleb128 0x55
 331 000c 17       		.uleb128 0x17
 332 000d 11       		.uleb128 0x11
 333 000e 01       		.uleb128 0x1
 334 000f 10       		.uleb128 0x10
 335 0010 17       		.uleb128 0x17
 336 0011 00       		.byte	0
 337 0012 00       		.byte	0
 338 0013 02       		.uleb128 0x2
 339 0014 24       		.uleb128 0x24
 340 0015 00       		.byte	0
 341 0016 0B       		.uleb128 0xb
 342 0017 0B       		.uleb128 0xb
 343 0018 3E       		.uleb128 0x3e
 344 0019 0B       		.uleb128 0xb
 345 001a 03       		.uleb128 0x3
 346 001b 0E       		.uleb128 0xe
 347 001c 00       		.byte	0
 348 001d 00       		.byte	0
 349 001e 03       		.uleb128 0x3
 350 001f 24       		.uleb128 0x24
 351 0020 00       		.byte	0
 352 0021 0B       		.uleb128 0xb
 353 0022 0B       		.uleb128 0xb
 354 0023 3E       		.uleb128 0x3e
 355 0024 0B       		.uleb128 0xb
 356 0025 03       		.uleb128 0x3
 357 0026 08       		.uleb128 0x8
 358 0027 00       		.byte	0
 359 0028 00       		.byte	0
 360 0029 04       		.uleb128 0x4
 361 002a 16       		.uleb128 0x16
 362 002b 00       		.byte	0
 363 002c 03       		.uleb128 0x3
 364 002d 0E       		.uleb128 0xe
 365 002e 3A       		.uleb128 0x3a
 366 002f 0B       		.uleb128 0xb
 367 0030 3B       		.uleb128 0x3b
 368 0031 05       		.uleb128 0x5
 369 0032 49       		.uleb128 0x49
 370 0033 13       		.uleb128 0x13
 371 0034 00       		.byte	0
 372 0035 00       		.byte	0
 373 0036 05       		.uleb128 0x5
 374 0037 35       		.uleb128 0x35
 375 0038 00       		.byte	0
 376 0039 49       		.uleb128 0x49
 377 003a 13       		.uleb128 0x13
 378 003b 00       		.byte	0
 379 003c 00       		.byte	0
 380 003d 06       		.uleb128 0x6
 381 003e 13       		.uleb128 0x13
 382 003f 01       		.byte	0x1
 383 0040 03       		.uleb128 0x3
 384 0041 0E       		.uleb128 0xe
ARM GAS  C:\Users\Petro\AppData\Local\Temp\ccqxPHQI.s 			page 11


 385 0042 0B       		.uleb128 0xb
 386 0043 0B       		.uleb128 0xb
 387 0044 3A       		.uleb128 0x3a
 388 0045 0B       		.uleb128 0xb
 389 0046 3B       		.uleb128 0x3b
 390 0047 0B       		.uleb128 0xb
 391 0048 01       		.uleb128 0x1
 392 0049 13       		.uleb128 0x13
 393 004a 00       		.byte	0
 394 004b 00       		.byte	0
 395 004c 07       		.uleb128 0x7
 396 004d 0D       		.uleb128 0xd
 397 004e 00       		.byte	0
 398 004f 03       		.uleb128 0x3
 399 0050 0E       		.uleb128 0xe
 400 0051 3A       		.uleb128 0x3a
 401 0052 0B       		.uleb128 0xb
 402 0053 3B       		.uleb128 0x3b
 403 0054 0B       		.uleb128 0xb
 404 0055 49       		.uleb128 0x49
 405 0056 13       		.uleb128 0x13
 406 0057 38       		.uleb128 0x38
 407 0058 0B       		.uleb128 0xb
 408 0059 00       		.byte	0
 409 005a 00       		.byte	0
 410 005b 08       		.uleb128 0x8
 411 005c 16       		.uleb128 0x16
 412 005d 00       		.byte	0
 413 005e 03       		.uleb128 0x3
 414 005f 0E       		.uleb128 0xe
 415 0060 3A       		.uleb128 0x3a
 416 0061 0B       		.uleb128 0xb
 417 0062 3B       		.uleb128 0x3b
 418 0063 0B       		.uleb128 0xb
 419 0064 49       		.uleb128 0x49
 420 0065 13       		.uleb128 0x13
 421 0066 00       		.byte	0
 422 0067 00       		.byte	0
 423 0068 09       		.uleb128 0x9
 424 0069 2E       		.uleb128 0x2e
 425 006a 00       		.byte	0
 426 006b 3F       		.uleb128 0x3f
 427 006c 19       		.uleb128 0x19
 428 006d 03       		.uleb128 0x3
 429 006e 0E       		.uleb128 0xe
 430 006f 3A       		.uleb128 0x3a
 431 0070 0B       		.uleb128 0xb
 432 0071 3B       		.uleb128 0x3b
 433 0072 0B       		.uleb128 0xb
 434 0073 27       		.uleb128 0x27
 435 0074 19       		.uleb128 0x19
 436 0075 11       		.uleb128 0x11
 437 0076 01       		.uleb128 0x1
 438 0077 12       		.uleb128 0x12
 439 0078 06       		.uleb128 0x6
 440 0079 40       		.uleb128 0x40
 441 007a 18       		.uleb128 0x18
ARM GAS  C:\Users\Petro\AppData\Local\Temp\ccqxPHQI.s 			page 12


 442 007b 9742     		.uleb128 0x2117
 443 007d 19       		.uleb128 0x19
 444 007e 00       		.byte	0
 445 007f 00       		.byte	0
 446 0080 0A       		.uleb128 0xa
 447 0081 2E       		.uleb128 0x2e
 448 0082 01       		.byte	0x1
 449 0083 3F       		.uleb128 0x3f
 450 0084 19       		.uleb128 0x19
 451 0085 03       		.uleb128 0x3
 452 0086 0E       		.uleb128 0xe
 453 0087 3A       		.uleb128 0x3a
 454 0088 0B       		.uleb128 0xb
 455 0089 3B       		.uleb128 0x3b
 456 008a 0B       		.uleb128 0xb
 457 008b 27       		.uleb128 0x27
 458 008c 19       		.uleb128 0x19
 459 008d 11       		.uleb128 0x11
 460 008e 01       		.uleb128 0x1
 461 008f 12       		.uleb128 0x12
 462 0090 06       		.uleb128 0x6
 463 0091 40       		.uleb128 0x40
 464 0092 18       		.uleb128 0x18
 465 0093 9742     		.uleb128 0x2117
 466 0095 19       		.uleb128 0x19
 467 0096 01       		.uleb128 0x1
 468 0097 13       		.uleb128 0x13
 469 0098 00       		.byte	0
 470 0099 00       		.byte	0
 471 009a 0B       		.uleb128 0xb
 472 009b 898201   		.uleb128 0x4109
 473 009e 00       		.byte	0
 474 009f 11       		.uleb128 0x11
 475 00a0 01       		.uleb128 0x1
 476 00a1 31       		.uleb128 0x31
 477 00a2 13       		.uleb128 0x13
 478 00a3 00       		.byte	0
 479 00a4 00       		.byte	0
 480 00a5 0C       		.uleb128 0xc
 481 00a6 34       		.uleb128 0x34
 482 00a7 00       		.byte	0
 483 00a8 03       		.uleb128 0x3
 484 00a9 0E       		.uleb128 0xe
 485 00aa 3A       		.uleb128 0x3a
 486 00ab 0B       		.uleb128 0xb
 487 00ac 3B       		.uleb128 0x3b
 488 00ad 0B       		.uleb128 0xb
 489 00ae 49       		.uleb128 0x49
 490 00af 13       		.uleb128 0x13
 491 00b0 02       		.uleb128 0x2
 492 00b1 18       		.uleb128 0x18
 493 00b2 00       		.byte	0
 494 00b3 00       		.byte	0
 495 00b4 0D       		.uleb128 0xd
 496 00b5 2E       		.uleb128 0x2e
 497 00b6 00       		.byte	0
 498 00b7 3F       		.uleb128 0x3f
ARM GAS  C:\Users\Petro\AppData\Local\Temp\ccqxPHQI.s 			page 13


 499 00b8 19       		.uleb128 0x19
 500 00b9 03       		.uleb128 0x3
 501 00ba 0E       		.uleb128 0xe
 502 00bb 3A       		.uleb128 0x3a
 503 00bc 0B       		.uleb128 0xb
 504 00bd 3B       		.uleb128 0x3b
 505 00be 0B       		.uleb128 0xb
 506 00bf 27       		.uleb128 0x27
 507 00c0 19       		.uleb128 0x19
 508 00c1 3C       		.uleb128 0x3c
 509 00c2 19       		.uleb128 0x19
 510 00c3 00       		.byte	0
 511 00c4 00       		.byte	0
 512 00c5 00       		.byte	0
 513              		.section	.debug_aranges,"",%progbits
 514 0000 34000000 		.4byte	0x34
 515 0004 0200     		.2byte	0x2
 516 0006 00000000 		.4byte	.Ldebug_info0
 517 000a 04       		.byte	0x4
 518 000b 00       		.byte	0
 519 000c 0000     		.2byte	0
 520 000e 0000     		.2byte	0
 521 0010 00000000 		.4byte	.LFB0
 522 0014 02000000 		.4byte	.LFE0-.LFB0
 523 0018 00000000 		.4byte	.LFB1
 524 001c 02000000 		.4byte	.LFE1-.LFB1
 525 0020 00000000 		.4byte	.LFB2
 526 0024 28000000 		.4byte	.LFE2-.LFB2
 527 0028 00000000 		.4byte	.LFB3
 528 002c 1C000000 		.4byte	.LFE3-.LFB3
 529 0030 00000000 		.4byte	0
 530 0034 00000000 		.4byte	0
 531              		.section	.debug_ranges,"",%progbits
 532              	.Ldebug_ranges0:
 533 0000 00000000 		.4byte	.LFB0
 534 0004 02000000 		.4byte	.LFE0
 535 0008 00000000 		.4byte	.LFB1
 536 000c 02000000 		.4byte	.LFE1
 537 0010 00000000 		.4byte	.LFB2
 538 0014 28000000 		.4byte	.LFE2
 539 0018 00000000 		.4byte	.LFB3
 540 001c 1C000000 		.4byte	.LFE3
 541 0020 00000000 		.4byte	0
 542 0024 00000000 		.4byte	0
 543              		.section	.debug_line,"",%progbits
 544              	.Ldebug_line0:
 545 0000 A3000000 		.section	.debug_str,"MS",%progbits,1
 545      02005000 
 545      00000201 
 545      FB0E0D00 
 545      01010101 
 546              	.LASF20:
 547 0000 78626565 		.ascii	"xbee_Stop\000"
 547      5F53746F 
 547      7000
 548              	.LASF25:
 549 000a 2E5C4765 		.ascii	".\\Generated_Source\\PSoC4\\xbee_PM.c\000"
ARM GAS  C:\Users\Petro\AppData\Local\Temp\ccqxPHQI.s 			page 14


 549      6E657261 
 549      7465645F 
 549      536F7572 
 549      63655C50 
 550              	.LASF23:
 551 002d 78626565 		.ascii	"xbee_Enable\000"
 551      5F456E61 
 551      626C6500 
 552              	.LASF21:
 553 0039 78626565 		.ascii	"xbee_ClearRxBuffer\000"
 553      5F436C65 
 553      61725278 
 553      42756666 
 553      657200
 554              	.LASF3:
 555 004c 73686F72 		.ascii	"short unsigned int\000"
 555      7420756E 
 555      7369676E 
 555      65642069 
 555      6E7400
 556              	.LASF16:
 557 005f 78626565 		.ascii	"xbee_SaveConfig\000"
 557      5F536176 
 557      65436F6E 
 557      66696700 
 558              	.LASF9:
 559 006f 666C6F61 		.ascii	"float\000"
 559      7400
 560              	.LASF1:
 561 0075 756E7369 		.ascii	"unsigned char\000"
 561      676E6564 
 561      20636861 
 561      7200
 562              	.LASF13:
 563 0083 72656738 		.ascii	"reg8\000"
 563      00
 564              	.LASF5:
 565 0088 6C6F6E67 		.ascii	"long unsigned int\000"
 565      20756E73 
 565      69676E65 
 565      6420696E 
 565      7400
 566              	.LASF12:
 567 009a 75696E74 		.ascii	"uint8\000"
 567      3800
 568              	.LASF29:
 569 00a0 78626565 		.ascii	"xbee_backup\000"
 569      5F626163 
 569      6B757000 
 570              	.LASF10:
 571 00ac 646F7562 		.ascii	"double\000"
 571      6C6500
 572              	.LASF8:
 573 00b3 756E7369 		.ascii	"unsigned int\000"
 573      676E6564 
 573      20696E74 
 573      00
ARM GAS  C:\Users\Petro\AppData\Local\Temp\ccqxPHQI.s 			page 15


 574              	.LASF7:
 575 00c0 6C6F6E67 		.ascii	"long long unsigned int\000"
 575      206C6F6E 
 575      6720756E 
 575      7369676E 
 575      65642069 
 576              	.LASF26:
 577 00d7 443A5C43 		.ascii	"D:\\Cypress\\system-start-finish\\verison 1\\fw\\st"
 577      79707265 
 577      73735C73 
 577      79737465 
 577      6D2D7374 
 578 0105 6172745C 		.ascii	"art\\mainline\\Workspace_start_2\\Start01.cydsn\000"
 578      6D61696E 
 578      6C696E65 
 578      5C576F72 
 578      6B737061 
 579              	.LASF22:
 580 0132 78626565 		.ascii	"xbee_ClearTxBuffer\000"
 580      5F436C65 
 580      61725478 
 580      42756666 
 580      657200
 581              	.LASF19:
 582 0145 78626565 		.ascii	"xbee_Wakeup\000"
 582      5F57616B 
 582      65757000 
 583              	.LASF14:
 584 0151 73697A65 		.ascii	"sizetype\000"
 584      74797065 
 584      00
 585              	.LASF6:
 586 015a 6C6F6E67 		.ascii	"long long int\000"
 586      206C6F6E 
 586      6720696E 
 586      7400
 587              	.LASF11:
 588 0168 63686172 		.ascii	"char\000"
 588      00
 589              	.LASF27:
 590 016d 78626565 		.ascii	"xbee_backupStruct_\000"
 590      5F626163 
 590      6B757053 
 590      74727563 
 590      745F00
 591              	.LASF24:
 592 0180 474E5520 		.ascii	"GNU C 4.9.3 20150303 (release) [ARM/embedded-4_9-br"
 592      4320342E 
 592      392E3320 
 592      32303135 
 592      30333033 
 593 01b3 616E6368 		.ascii	"anch revision 221220] -mcpu=cortex-m0 -mthumb -g -O"
 593      20726576 
 593      6973696F 
 593      6E203232 
 593      31323230 
 594 01e6 67202D66 		.ascii	"g -ffunction-sections -ffat-lto-objects\000"
ARM GAS  C:\Users\Petro\AppData\Local\Temp\ccqxPHQI.s 			page 16


 594      66756E63 
 594      74696F6E 
 594      2D736563 
 594      74696F6E 
 595              	.LASF2:
 596 020e 73686F72 		.ascii	"short int\000"
 596      7420696E 
 596      7400
 597              	.LASF15:
 598 0218 78626565 		.ascii	"xbee_BACKUP_STRUCT\000"
 598      5F424143 
 598      4B55505F 
 598      53545255 
 598      435400
 599              	.LASF4:
 600 022b 6C6F6E67 		.ascii	"long int\000"
 600      20696E74 
 600      00
 601              	.LASF28:
 602 0234 656E6162 		.ascii	"enableState\000"
 602      6C655374 
 602      61746500 
 603              	.LASF0:
 604 0240 7369676E 		.ascii	"signed char\000"
 604      65642063 
 604      68617200 
 605              	.LASF17:
 606 024c 78626565 		.ascii	"xbee_RestoreConfig\000"
 606      5F526573 
 606      746F7265 
 606      436F6E66 
 606      696700
 607              	.LASF18:
 608 025f 78626565 		.ascii	"xbee_Sleep\000"
 608      5F536C65 
 608      657000
 609              		.ident	"GCC: (GNU Tools for ARM Embedded Processors) 4.9.3 20150303 (release) [ARM/embedded-4_9-br
