ARM GAS  C:\Users\Petro\AppData\Local\Temp\cc9f2xsF.s 			page 1


   1              		.cpu cortex-m0
   2              		.fpu softvfp
   3              		.eabi_attribute 20, 1
   4              		.eabi_attribute 21, 1
   5              		.eabi_attribute 23, 3
   6              		.eabi_attribute 24, 1
   7              		.eabi_attribute 25, 1
   8              		.eabi_attribute 26, 1
   9              		.eabi_attribute 30, 1
  10              		.eabi_attribute 34, 0
  11              		.eabi_attribute 18, 4
  12              		.code	16
  13              		.file	"database.c"
  14              		.text
  15              	.Ltext0:
  16              		.cfi_sections	.debug_frame
  17              		.section	.text.DatabaseSync,"ax",%progbits
  18              		.align	2
  19              		.global	DatabaseSync
  20              		.code	16
  21              		.thumb_func
  22              		.type	DatabaseSync, %function
  23              	DatabaseSync:
  24              	.LFB0:
  25              		.file 1 ".\\database.c"
   1:.\database.c  **** /* ========================================
   2:.\database.c  ****  *
   3:.\database.c  ****  * Copyright YOUR COMPANY, THE YEAR
   4:.\database.c  ****  * All Rights Reserved
   5:.\database.c  ****  * UNPUBLISHED, LICENSED SOFTWARE.
   6:.\database.c  ****  *
   7:.\database.c  ****  * CONFIDENTIAL AND PROPRIETARY INFORMATION
   8:.\database.c  ****  * WHICH IS THE PROPERTY OF your company.
   9:.\database.c  ****  *
  10:.\database.c  ****  * ========================================
  11:.\database.c  **** */
  12:.\database.c  **** #include <database.h>
  13:.\database.c  **** 
  14:.\database.c  **** /*******************************************************************************
  15:.\database.c  **** * Function Name: DatabaseSync
  16:.\database.c  **** ********************************************************************************
  17:.\database.c  **** *
  18:.\database.c  **** * * Synchronization own database with external
  19:.\database.c  **** *
  20:.\database.c  **** * Return:
  21:.\database.c  **** *  true(sync successful) or false(synchronization is not successful))
  22:.\database.c  **** *******************************************************************************/	
  23:.\database.c  **** bool DatabaseSync(void)
  24:.\database.c  **** {
  26              		.loc 1 24 0
  27              		.cfi_startproc
  25:.\database.c  ****     return true;
  26:.\database.c  **** }
  28              		.loc 1 26 0
  29 0000 0120     		mov	r0, #1
  30              		@ sp needed
  31 0002 7047     		bx	lr
ARM GAS  C:\Users\Petro\AppData\Local\Temp\cc9f2xsF.s 			page 2


  32              		.cfi_endproc
  33              	.LFE0:
  34              		.size	DatabaseSync, .-DatabaseSync
  35              		.section	.text.DatabaseWrite,"ax",%progbits
  36              		.align	2
  37              		.global	DatabaseWrite
  38              		.code	16
  39              		.thumb_func
  40              		.type	DatabaseWrite, %function
  41              	DatabaseWrite:
  42              	.LFB1:
  27:.\database.c  **** 	
  28:.\database.c  **** /*******************************************************************************
  29:.\database.c  **** * Function Name: DatabaseWrite
  30:.\database.c  **** ********************************************************************************
  31:.\database.c  **** *
  32:.\database.c  **** * * record the results in a database
  33:.\database.c  **** *
  34:.\database.c  **** * Return:
  35:.\database.c  **** *  true(record successful) or false(record is not successful))
  36:.\database.c  **** *******************************************************************************/
  37:.\database.c  **** bool DatabaseWrite(uint32_t data)
  38:.\database.c  **** {
  43              		.loc 1 38 0
  44              		.cfi_startproc
  45              	.LVL0:
  39:.\database.c  ****     return true;
  40:.\database.c  **** }
  46              		.loc 1 40 0
  47 0000 0120     		mov	r0, #1
  48              	.LVL1:
  49              		@ sp needed
  50 0002 7047     		bx	lr
  51              		.cfi_endproc
  52              	.LFE1:
  53              		.size	DatabaseWrite, .-DatabaseWrite
  54              		.text
  55              	.Letext0:
  56              		.file 2 "c:\\program files (x86)\\cypress\\psoc creator\\3.3\\psoc creator\\import\\gnu\\arm\\4.9.
  57              		.file 3 "c:\\program files (x86)\\cypress\\psoc creator\\3.3\\psoc creator\\import\\gnu\\arm\\4.9.
  58              		.section	.debug_info,"",%progbits
  59              	.Ldebug_info0:
  60 0000 BF000000 		.4byte	0xbf
  61 0004 0400     		.2byte	0x4
  62 0006 00000000 		.4byte	.Ldebug_abbrev0
  63 000a 04       		.byte	0x4
  64 000b 01       		.uleb128 0x1
  65 000c E5000000 		.4byte	.LASF12
  66 0010 01       		.byte	0x1
  67 0011 82000000 		.4byte	.LASF13
  68 0015 8F000000 		.4byte	.LASF14
  69 0019 00000000 		.4byte	.Ldebug_ranges0+0
  70 001d 00000000 		.4byte	0
  71 0021 00000000 		.4byte	.Ldebug_line0
  72 0025 02       		.uleb128 0x2
  73 0026 01       		.byte	0x1
  74 0027 06       		.byte	0x6
ARM GAS  C:\Users\Petro\AppData\Local\Temp\cc9f2xsF.s 			page 3


  75 0028 8F010000 		.4byte	.LASF0
  76 002c 02       		.uleb128 0x2
  77 002d 01       		.byte	0x1
  78 002e 08       		.byte	0x8
  79 002f 05000000 		.4byte	.LASF1
  80 0033 02       		.uleb128 0x2
  81 0034 02       		.byte	0x2
  82 0035 05       		.byte	0x5
  83 0036 73010000 		.4byte	.LASF2
  84 003a 02       		.uleb128 0x2
  85 003b 02       		.byte	0x2
  86 003c 07       		.byte	0x7
  87 003d 32000000 		.4byte	.LASF3
  88 0041 02       		.uleb128 0x2
  89 0042 04       		.byte	0x4
  90 0043 05       		.byte	0x5
  91 0044 86010000 		.4byte	.LASF4
  92 0048 03       		.uleb128 0x3
  93 0049 45000000 		.4byte	.LASF9
  94 004d 02       		.byte	0x2
  95 004e 41       		.byte	0x41
  96 004f 53000000 		.4byte	0x53
  97 0053 02       		.uleb128 0x2
  98 0054 04       		.byte	0x4
  99 0055 07       		.byte	0x7
 100 0056 20000000 		.4byte	.LASF5
 101 005a 02       		.uleb128 0x2
 102 005b 08       		.byte	0x8
 103 005c 05       		.byte	0x5
 104 005d 74000000 		.4byte	.LASF6
 105 0061 02       		.uleb128 0x2
 106 0062 08       		.byte	0x8
 107 0063 07       		.byte	0x7
 108 0064 5D000000 		.4byte	.LASF7
 109 0068 04       		.uleb128 0x4
 110 0069 04       		.byte	0x4
 111 006a 05       		.byte	0x5
 112 006b 696E7400 		.ascii	"int\000"
 113 006f 02       		.uleb128 0x2
 114 0070 04       		.byte	0x4
 115 0071 07       		.byte	0x7
 116 0072 50000000 		.4byte	.LASF8
 117 0076 03       		.uleb128 0x3
 118 0077 7D010000 		.4byte	.LASF10
 119 007b 03       		.byte	0x3
 120 007c 2D       		.byte	0x2d
 121 007d 48000000 		.4byte	0x48
 122 0081 05       		.uleb128 0x5
 123 0082 13000000 		.4byte	.LASF15
 124 0086 01       		.byte	0x1
 125 0087 17       		.byte	0x17
 126 0088 96000000 		.4byte	0x96
 127 008c 00000000 		.4byte	.LFB0
 128 0090 04000000 		.4byte	.LFE0-.LFB0
 129 0094 01       		.uleb128 0x1
 130 0095 9C       		.byte	0x9c
 131 0096 02       		.uleb128 0x2
ARM GAS  C:\Users\Petro\AppData\Local\Temp\cc9f2xsF.s 			page 4


 132 0097 01       		.byte	0x1
 133 0098 02       		.byte	0x2
 134 0099 9B010000 		.4byte	.LASF11
 135 009d 06       		.uleb128 0x6
 136 009e A1010000 		.4byte	.LASF16
 137 00a2 01       		.byte	0x1
 138 00a3 25       		.byte	0x25
 139 00a4 96000000 		.4byte	0x96
 140 00a8 00000000 		.4byte	.LFB1
 141 00ac 04000000 		.4byte	.LFE1-.LFB1
 142 00b0 01       		.uleb128 0x1
 143 00b1 9C       		.byte	0x9c
 144 00b2 07       		.uleb128 0x7
 145 00b3 00000000 		.4byte	.LASF17
 146 00b7 01       		.byte	0x1
 147 00b8 25       		.byte	0x25
 148 00b9 76000000 		.4byte	0x76
 149 00bd 00000000 		.4byte	.LLST0
 150 00c1 00       		.byte	0
 151 00c2 00       		.byte	0
 152              		.section	.debug_abbrev,"",%progbits
 153              	.Ldebug_abbrev0:
 154 0000 01       		.uleb128 0x1
 155 0001 11       		.uleb128 0x11
 156 0002 01       		.byte	0x1
 157 0003 25       		.uleb128 0x25
 158 0004 0E       		.uleb128 0xe
 159 0005 13       		.uleb128 0x13
 160 0006 0B       		.uleb128 0xb
 161 0007 03       		.uleb128 0x3
 162 0008 0E       		.uleb128 0xe
 163 0009 1B       		.uleb128 0x1b
 164 000a 0E       		.uleb128 0xe
 165 000b 55       		.uleb128 0x55
 166 000c 17       		.uleb128 0x17
 167 000d 11       		.uleb128 0x11
 168 000e 01       		.uleb128 0x1
 169 000f 10       		.uleb128 0x10
 170 0010 17       		.uleb128 0x17
 171 0011 00       		.byte	0
 172 0012 00       		.byte	0
 173 0013 02       		.uleb128 0x2
 174 0014 24       		.uleb128 0x24
 175 0015 00       		.byte	0
 176 0016 0B       		.uleb128 0xb
 177 0017 0B       		.uleb128 0xb
 178 0018 3E       		.uleb128 0x3e
 179 0019 0B       		.uleb128 0xb
 180 001a 03       		.uleb128 0x3
 181 001b 0E       		.uleb128 0xe
 182 001c 00       		.byte	0
 183 001d 00       		.byte	0
 184 001e 03       		.uleb128 0x3
 185 001f 16       		.uleb128 0x16
 186 0020 00       		.byte	0
 187 0021 03       		.uleb128 0x3
 188 0022 0E       		.uleb128 0xe
ARM GAS  C:\Users\Petro\AppData\Local\Temp\cc9f2xsF.s 			page 5


 189 0023 3A       		.uleb128 0x3a
 190 0024 0B       		.uleb128 0xb
 191 0025 3B       		.uleb128 0x3b
 192 0026 0B       		.uleb128 0xb
 193 0027 49       		.uleb128 0x49
 194 0028 13       		.uleb128 0x13
 195 0029 00       		.byte	0
 196 002a 00       		.byte	0
 197 002b 04       		.uleb128 0x4
 198 002c 24       		.uleb128 0x24
 199 002d 00       		.byte	0
 200 002e 0B       		.uleb128 0xb
 201 002f 0B       		.uleb128 0xb
 202 0030 3E       		.uleb128 0x3e
 203 0031 0B       		.uleb128 0xb
 204 0032 03       		.uleb128 0x3
 205 0033 08       		.uleb128 0x8
 206 0034 00       		.byte	0
 207 0035 00       		.byte	0
 208 0036 05       		.uleb128 0x5
 209 0037 2E       		.uleb128 0x2e
 210 0038 00       		.byte	0
 211 0039 3F       		.uleb128 0x3f
 212 003a 19       		.uleb128 0x19
 213 003b 03       		.uleb128 0x3
 214 003c 0E       		.uleb128 0xe
 215 003d 3A       		.uleb128 0x3a
 216 003e 0B       		.uleb128 0xb
 217 003f 3B       		.uleb128 0x3b
 218 0040 0B       		.uleb128 0xb
 219 0041 27       		.uleb128 0x27
 220 0042 19       		.uleb128 0x19
 221 0043 49       		.uleb128 0x49
 222 0044 13       		.uleb128 0x13
 223 0045 11       		.uleb128 0x11
 224 0046 01       		.uleb128 0x1
 225 0047 12       		.uleb128 0x12
 226 0048 06       		.uleb128 0x6
 227 0049 40       		.uleb128 0x40
 228 004a 18       		.uleb128 0x18
 229 004b 9742     		.uleb128 0x2117
 230 004d 19       		.uleb128 0x19
 231 004e 00       		.byte	0
 232 004f 00       		.byte	0
 233 0050 06       		.uleb128 0x6
 234 0051 2E       		.uleb128 0x2e
 235 0052 01       		.byte	0x1
 236 0053 3F       		.uleb128 0x3f
 237 0054 19       		.uleb128 0x19
 238 0055 03       		.uleb128 0x3
 239 0056 0E       		.uleb128 0xe
 240 0057 3A       		.uleb128 0x3a
 241 0058 0B       		.uleb128 0xb
 242 0059 3B       		.uleb128 0x3b
 243 005a 0B       		.uleb128 0xb
 244 005b 27       		.uleb128 0x27
 245 005c 19       		.uleb128 0x19
ARM GAS  C:\Users\Petro\AppData\Local\Temp\cc9f2xsF.s 			page 6


 246 005d 49       		.uleb128 0x49
 247 005e 13       		.uleb128 0x13
 248 005f 11       		.uleb128 0x11
 249 0060 01       		.uleb128 0x1
 250 0061 12       		.uleb128 0x12
 251 0062 06       		.uleb128 0x6
 252 0063 40       		.uleb128 0x40
 253 0064 18       		.uleb128 0x18
 254 0065 9742     		.uleb128 0x2117
 255 0067 19       		.uleb128 0x19
 256 0068 00       		.byte	0
 257 0069 00       		.byte	0
 258 006a 07       		.uleb128 0x7
 259 006b 05       		.uleb128 0x5
 260 006c 00       		.byte	0
 261 006d 03       		.uleb128 0x3
 262 006e 0E       		.uleb128 0xe
 263 006f 3A       		.uleb128 0x3a
 264 0070 0B       		.uleb128 0xb
 265 0071 3B       		.uleb128 0x3b
 266 0072 0B       		.uleb128 0xb
 267 0073 49       		.uleb128 0x49
 268 0074 13       		.uleb128 0x13
 269 0075 02       		.uleb128 0x2
 270 0076 17       		.uleb128 0x17
 271 0077 00       		.byte	0
 272 0078 00       		.byte	0
 273 0079 00       		.byte	0
 274              		.section	.debug_loc,"",%progbits
 275              	.Ldebug_loc0:
 276              	.LLST0:
 277 0000 00000000 		.4byte	.LVL0
 278 0004 02000000 		.4byte	.LVL1
 279 0008 0100     		.2byte	0x1
 280 000a 50       		.byte	0x50
 281 000b 02000000 		.4byte	.LVL1
 282 000f 04000000 		.4byte	.LFE1
 283 0013 0400     		.2byte	0x4
 284 0015 F3       		.byte	0xf3
 285 0016 01       		.uleb128 0x1
 286 0017 50       		.byte	0x50
 287 0018 9F       		.byte	0x9f
 288 0019 00000000 		.4byte	0
 289 001d 00000000 		.4byte	0
 290              		.section	.debug_aranges,"",%progbits
 291 0000 24000000 		.4byte	0x24
 292 0004 0200     		.2byte	0x2
 293 0006 00000000 		.4byte	.Ldebug_info0
 294 000a 04       		.byte	0x4
 295 000b 00       		.byte	0
 296 000c 0000     		.2byte	0
 297 000e 0000     		.2byte	0
 298 0010 00000000 		.4byte	.LFB0
 299 0014 04000000 		.4byte	.LFE0-.LFB0
 300 0018 00000000 		.4byte	.LFB1
 301 001c 04000000 		.4byte	.LFE1-.LFB1
 302 0020 00000000 		.4byte	0
ARM GAS  C:\Users\Petro\AppData\Local\Temp\cc9f2xsF.s 			page 7


 303 0024 00000000 		.4byte	0
 304              		.section	.debug_ranges,"",%progbits
 305              	.Ldebug_ranges0:
 306 0000 00000000 		.4byte	.LFB0
 307 0004 04000000 		.4byte	.LFE0
 308 0008 00000000 		.4byte	.LFB1
 309 000c 04000000 		.4byte	.LFE1
 310 0010 00000000 		.4byte	0
 311 0014 00000000 		.4byte	0
 312              		.section	.debug_line,"",%progbits
 313              	.Ldebug_line0:
 314 0000 41010000 		.section	.debug_str,"MS",%progbits,1
 314      02001B01 
 314      00000201 
 314      FB0E0D00 
 314      01010101 
 315              	.LASF17:
 316 0000 64617461 		.ascii	"data\000"
 316      00
 317              	.LASF1:
 318 0005 756E7369 		.ascii	"unsigned char\000"
 318      676E6564 
 318      20636861 
 318      7200
 319              	.LASF15:
 320 0013 44617461 		.ascii	"DatabaseSync\000"
 320      62617365 
 320      53796E63 
 320      00
 321              	.LASF5:
 322 0020 6C6F6E67 		.ascii	"long unsigned int\000"
 322      20756E73 
 322      69676E65 
 322      6420696E 
 322      7400
 323              	.LASF3:
 324 0032 73686F72 		.ascii	"short unsigned int\000"
 324      7420756E 
 324      7369676E 
 324      65642069 
 324      6E7400
 325              	.LASF9:
 326 0045 5F5F7569 		.ascii	"__uint32_t\000"
 326      6E743332 
 326      5F7400
 327              	.LASF8:
 328 0050 756E7369 		.ascii	"unsigned int\000"
 328      676E6564 
 328      20696E74 
 328      00
 329              	.LASF7:
 330 005d 6C6F6E67 		.ascii	"long long unsigned int\000"
 330      206C6F6E 
 330      6720756E 
 330      7369676E 
 330      65642069 
 331              	.LASF6:
ARM GAS  C:\Users\Petro\AppData\Local\Temp\cc9f2xsF.s 			page 8


 332 0074 6C6F6E67 		.ascii	"long long int\000"
 332      206C6F6E 
 332      6720696E 
 332      7400
 333              	.LASF13:
 334 0082 2E5C6461 		.ascii	".\\database.c\000"
 334      74616261 
 334      73652E63 
 334      00
 335              	.LASF14:
 336 008f 443A5C43 		.ascii	"D:\\Cypress\\system-start-finish\\vesion 2\\fw\\sta"
 336      79707265 
 336      73735C73 
 336      79737465 
 336      6D2D7374 
 337 00bd 72745C73 		.ascii	"rt\\sandbox\\v1\\Workspace01\\start01.cydsn\000"
 337      616E6462 
 337      6F785C76 
 337      315C576F 
 337      726B7370 
 338              	.LASF12:
 339 00e5 474E5520 		.ascii	"GNU C 4.9.3 20150303 (release) [ARM/embedded-4_9-br"
 339      4320342E 
 339      392E3320 
 339      32303135 
 339      30333033 
 340 0118 616E6368 		.ascii	"anch revision 221220] -mcpu=cortex-m0 -mthumb -g -O"
 340      20726576 
 340      6973696F 
 340      6E203232 
 340      31323230 
 341 014b 67202D66 		.ascii	"g -ffunction-sections -ffat-lto-objects\000"
 341      66756E63 
 341      74696F6E 
 341      2D736563 
 341      74696F6E 
 342              	.LASF2:
 343 0173 73686F72 		.ascii	"short int\000"
 343      7420696E 
 343      7400
 344              	.LASF10:
 345 017d 75696E74 		.ascii	"uint32_t\000"
 345      33325F74 
 345      00
 346              	.LASF4:
 347 0186 6C6F6E67 		.ascii	"long int\000"
 347      20696E74 
 347      00
 348              	.LASF0:
 349 018f 7369676E 		.ascii	"signed char\000"
 349      65642063 
 349      68617200 
 350              	.LASF11:
 351 019b 5F426F6F 		.ascii	"_Bool\000"
 351      6C00
 352              	.LASF16:
 353 01a1 44617461 		.ascii	"DatabaseWrite\000"
ARM GAS  C:\Users\Petro\AppData\Local\Temp\cc9f2xsF.s 			page 9


 353      62617365 
 353      57726974 
 353      6500
 354              		.ident	"GCC: (GNU Tools for ARM Embedded Processors) 4.9.3 20150303 (release) [ARM/embedded-4_9-br
