ARM GAS  C:\Users\Petro\AppData\Local\Temp\cc2ksdt6.s 			page 1


   1              		.cpu cortex-m0
   2              		.fpu softvfp
   3              		.eabi_attribute 20, 1
   4              		.eabi_attribute 21, 1
   5              		.eabi_attribute 23, 3
   6              		.eabi_attribute 24, 1
   7              		.eabi_attribute 25, 1
   8              		.eabi_attribute 26, 1
   9              		.eabi_attribute 30, 1
  10              		.eabi_attribute 34, 0
  11              		.eabi_attribute 18, 4
  12              		.code	16
  13              		.file	"main.c"
  14              		.text
  15              	.Ltext0:
  16              		.cfi_sections	.debug_frame
  17              		.section	.text.SystemInit,"ax",%progbits
  18              		.align	2
  19              		.global	SystemInit
  20              		.code	16
  21              		.thumb_func
  22              		.type	SystemInit, %function
  23              	SystemInit:
  24              	.LFB61:
  25              		.file 1 ".\\main.c"
   1:.\main.c      **** #include <project.h>
   2:.\main.c      **** #include <stdbool.h>
   3:.\main.c      **** #include <stdio.h>
   4:.\main.c      **** 
   5:.\main.c      **** #include "LED.h"
   6:.\main.c      **** #include "display.h"
   7:.\main.c      **** #include "RTC_WDT.h"
   8:.\main.c      **** #include "gate.h"
   9:.\main.c      **** #include "network.h"
  10:.\main.c      **** #include "database.h"
  11:.\main.c      **** #include "wait_timer.h"
  12:.\main.c      **** 
  13:.\main.c      **** /*frequency blinc led*/
  14:.\main.c      **** #define INIT_BLINK 	2 
  15:.\main.c      **** #define ERR_BLINK 	10
  16:.\main.c      **** 
  17:.\main.c      **** /*time left to wait for skier, min*/
  18:.\main.c      **** #define TIMEOUT  1
  19:.\main.c      **** 
  20:.\main.c      **** /*led state*/
  21:.\main.c      **** #define LED_ENABLE 	0
  22:.\main.c      **** #define LED_DISABLE	1
  23:.\main.c      **** 
  24:.\main.c      **** 
  25:.\main.c      **** bool SystemReadyToStart(void);
  26:.\main.c      **** void SystemInit(void);
  27:.\main.c      **** void SkierStart(void);
  28:.\main.c      **** void ErrorStarted(void);
  29:.\main.c      **** 
  30:.\main.c      **** 
  31:.\main.c      **** int main()
  32:.\main.c      **** {
ARM GAS  C:\Users\Petro\AppData\Local\Temp\cc2ksdt6.s 			page 2


  33:.\main.c      ****     CyGlobalIntEnable; /* Enable global interrupts. */
  34:.\main.c      ****     
  35:.\main.c      **** 	SystemInit() ;
  36:.\main.c      ****     
  37:.\main.c      **** 	for(;;)
  38:.\main.c      **** 	{
  39:.\main.c      **** 		while(!SystemReadyToStart())
  40:.\main.c      **** 		{
  41:.\main.c      **** 			ErrorStarted();
  42:.\main.c      **** 		}
  43:.\main.c      **** 		SkierStart();
  44:.\main.c      **** 	}
  45:.\main.c      **** }
  46:.\main.c      **** 
  47:.\main.c      **** void SystemInit(void)
  48:.\main.c      **** {
  26              		.loc 1 48 0
  27              		.cfi_startproc
  28 0000 08B5     		push	{r3, lr}
  29              		.cfi_def_cfa_offset 8
  30              		.cfi_offset 3, -8
  31              		.cfi_offset 14, -4
  49:.\main.c      ****     LedInit();
  32              		.loc 1 49 0
  33 0002 FFF7FEFF 		bl	LedInit
  34              	.LVL0:
  50:.\main.c      **** 	LedBlink(INIT_BLINK);
  35              		.loc 1 50 0
  36 0006 0220     		mov	r0, #2
  37 0008 FFF7FEFF 		bl	LedBlink
  38              	.LVL1:
  51:.\main.c      ****     NetworkInit();
  39              		.loc 1 51 0
  40 000c FFF7FEFF 		bl	NetworkInit
  41              	.LVL2:
  52:.\main.c      **** 	DisplayConfig();
  42              		.loc 1 52 0
  43 0010 FFF7FEFF 		bl	DisplayConfig
  44              	.LVL3:
  53:.\main.c      ****     RTC_WDT_Init();	
  45              		.loc 1 53 0
  46 0014 FFF7FEFF 		bl	RTC_WDT_Init
  47              	.LVL4:
  54:.\main.c      **** 	
  55:.\main.c      **** 	/*while ((!CheckConnection()) && (!RTCSync()))
  56:.\main.c      **** 	{
  57:.\main.c      **** 		DisplayPrintf("Error init");
  58:.\main.c      ****         CyDelay(500);
  59:.\main.c      **** 	}*/
  60:.\main.c      **** }
  48              		.loc 1 60 0
  49              		@ sp needed
  50 0018 08BD     		pop	{r3, pc}
  51              		.cfi_endproc
  52              	.LFE61:
  53              		.size	SystemInit, .-SystemInit
  54 001a C046     		.section	.text.SystemReadyToStart,"ax",%progbits
ARM GAS  C:\Users\Petro\AppData\Local\Temp\cc2ksdt6.s 			page 3


  55              		.align	2
  56              		.global	SystemReadyToStart
  57              		.code	16
  58              		.thumb_func
  59              		.type	SystemReadyToStart, %function
  60              	SystemReadyToStart:
  61              	.LFB62:
  61:.\main.c      **** 
  62:.\main.c      **** bool SystemReadyToStart(void)
  63:.\main.c      **** {
  62              		.loc 1 63 0
  63              		.cfi_startproc
  64 0000 08B5     		push	{r3, lr}
  65              		.cfi_def_cfa_offset 8
  66              		.cfi_offset 3, -8
  67              		.cfi_offset 14, -4
  68              	.LVL5:
  64:.\main.c      **** 	bool result;
  65:.\main.c      **** 	
  66:.\main.c      **** 	result = false;
  67:.\main.c      **** 	if(!GateOpen() )//&& CheckConnection() && DatabaseSync())
  69              		.loc 1 67 0
  70 0002 FFF7FEFF 		bl	GateOpen
  71              	.LVL6:
  72 0006 0028     		cmp	r0, #0
  73 0008 01D0     		beq	.L4
  66:.\main.c      **** 	if(!GateOpen() )//&& CheckConnection() && DatabaseSync())
  74              		.loc 1 66 0
  75 000a 0020     		mov	r0, #0
  76 000c 00E0     		b	.L3
  77              	.L4:
  68:.\main.c      **** 	{
  69:.\main.c      **** 		result = true;
  78              		.loc 1 69 0
  79 000e 0120     		mov	r0, #1
  80              	.L3:
  81              	.LVL7:
  70:.\main.c      **** 	}
  71:.\main.c      **** 	
  72:.\main.c      **** 	return result;
  73:.\main.c      **** }
  82              		.loc 1 73 0
  83              		@ sp needed
  84 0010 08BD     		pop	{r3, pc}
  85              		.cfi_endproc
  86              	.LFE62:
  87              		.size	SystemReadyToStart, .-SystemReadyToStart
  88 0012 C046     		.section	.text.SkierStart,"ax",%progbits
  89              		.align	2
  90              		.global	SkierStart
  91              		.code	16
  92              		.thumb_func
  93              		.type	SkierStart, %function
  94              	SkierStart:
  95              	.LFB63:
  74:.\main.c      **** 
  75:.\main.c      **** void SkierStart(void)
ARM GAS  C:\Users\Petro\AppData\Local\Temp\cc2ksdt6.s 			page 4


  76:.\main.c      **** {
  96              		.loc 1 76 0
  97              		.cfi_startproc
  98 0000 38B5     		push	{r3, r4, r5, lr}
  99              		.cfi_def_cfa_offset 16
 100              		.cfi_offset 3, -16
 101              		.cfi_offset 4, -12
 102              		.cfi_offset 5, -8
 103              		.cfi_offset 14, -4
  77:.\main.c      **** 	uint64_t time;
  78:.\main.c      ****     
  79:.\main.c      **** 	DisplayPrintf("System ready");
 104              		.loc 1 79 0
 105 0002 1B48     		ldr	r0, .L11
 106 0004 FFF7FEFF 		bl	DisplayPrintf
 107              	.LVL8:
  80:.\main.c      ****     
  81:.\main.c      **** 	SetLedState(LED_ENABLE);
 108              		.loc 1 81 0
 109 0008 0020     		mov	r0, #0
 110 000a FFF7FEFF 		bl	SetLedState
 111              	.LVL9:
  82:.\main.c      ****     InitWaitingTimer(TIMEOUT);
 112              		.loc 1 82 0
 113 000e 0120     		mov	r0, #1
 114 0010 FFF7FEFF 		bl	InitWaitingTimer
 115              	.LVL10:
 116              	.L7:
  83:.\main.c      ****     
  84:.\main.c      **** 	while(!GateOpen() && !WaitingTimeOut())
 117              		.loc 1 84 0 discriminator 2
 118 0014 FFF7FEFF 		bl	GateOpen
 119              	.LVL11:
 120 0018 0028     		cmp	r0, #0
 121 001a 03D1     		bne	.L6
 122              		.loc 1 84 0 is_stmt 0 discriminator 1
 123 001c FFF7FEFF 		bl	WaitingTimeOut
 124              	.LVL12:
 125 0020 0028     		cmp	r0, #0
 126 0022 F7D0     		beq	.L7
 127              	.L6:
  85:.\main.c      ****     {
  86:.\main.c      ****     }
  87:.\main.c      **** 	
  88:.\main.c      ****    if(!WaitingTimeOut()){
 128              		.loc 1 88 0 is_stmt 1
 129 0024 FFF7FEFF 		bl	WaitingTimeOut
 130              	.LVL13:
 131 0028 0028     		cmp	r0, #0
 132 002a 17D1     		bne	.L8
  89:.\main.c      ****         /*printf time and write in database*/
  90:.\main.c      **** 	    time = RTCgetTime(RTC_HOUR12);
 133              		.loc 1 90 0
 134 002c 0120     		mov	r0, #1
 135 002e 0021     		mov	r1, #0
 136 0030 FFF7FEFF 		bl	RTCgetTime
 137              	.LVL14:
ARM GAS  C:\Users\Petro\AppData\Local\Temp\cc2ksdt6.s 			page 5


 138 0034 041C     		mov	r4, r0
 139 0036 0D1C     		mov	r5, r1
 140              	.LVL15:
  91:.\main.c      **** 	    if(!DatabaseWrite(time))
 141              		.loc 1 91 0
 142 0038 FFF7FEFF 		bl	DatabaseWrite
 143              	.LVL16:
 144 003c 0028     		cmp	r0, #0
 145 003e 02D1     		bne	.L9
  92:.\main.c      **** 	    {
  93:.\main.c      **** 	    	DisplayPrintf("Error record time");
 146              		.loc 1 93 0
 147 0040 0C48     		ldr	r0, .L11+4
 148 0042 FFF7FEFF 		bl	DisplayPrintf
 149              	.LVL17:
 150              	.L9:
  94:.\main.c      **** 	    }
  95:.\main.c      ****         DisplayPrintf("time skier");
 151              		.loc 1 95 0
 152 0046 0C48     		ldr	r0, .L11+8
 153 0048 FFF7FEFF 		bl	DisplayPrintf
 154              	.LVL18:
  96:.\main.c      ****         
  97:.\main.c      ****         DisplayPrintTime(time);
 155              		.loc 1 97 0
 156 004c 201C     		mov	r0, r4
 157 004e 291C     		mov	r1, r5
 158 0050 FFF7FEFF 		bl	DisplayPrintTime
 159              	.LVL19:
  98:.\main.c      ****         CyDelay(5000);
 160              		.loc 1 98 0
 161 0054 0948     		ldr	r0, .L11+12
 162 0056 FFF7FEFF 		bl	CyDelay
 163              	.LVL20:
 164 005a 08E0     		b	.L5
 165              	.LVL21:
 166              	.L8:
  99:.\main.c      ****     }else 
 100:.\main.c      ****     {
 101:.\main.c      ****         LedBlink(INIT_BLINK);
 167              		.loc 1 101 0
 168 005c 0220     		mov	r0, #2
 169 005e FFF7FEFF 		bl	LedBlink
 170              	.LVL22:
 102:.\main.c      ****         DisplayPrintf("Time out");
 171              		.loc 1 102 0
 172 0062 0748     		ldr	r0, .L11+16
 173 0064 FFF7FEFF 		bl	DisplayPrintf
 174              	.LVL23:
 103:.\main.c      ****         CyDelay(5000);
 175              		.loc 1 103 0
 176 0068 0448     		ldr	r0, .L11+12
 177 006a FFF7FEFF 		bl	CyDelay
 178              	.LVL24:
 179              	.L5:
 104:.\main.c      ****     }
 105:.\main.c      **** }
ARM GAS  C:\Users\Petro\AppData\Local\Temp\cc2ksdt6.s 			page 6


 180              		.loc 1 105 0
 181              		@ sp needed
 182 006e 38BD     		pop	{r3, r4, r5, pc}
 183              	.L12:
 184              		.align	2
 185              	.L11:
 186 0070 00000000 		.word	.LC0
 187 0074 10000000 		.word	.LC2
 188 0078 24000000 		.word	.LC4
 189 007c 88130000 		.word	5000
 190 0080 30000000 		.word	.LC6
 191              		.cfi_endproc
 192              	.LFE63:
 193              		.size	SkierStart, .-SkierStart
 194              		.section	.text.ErrorStarted,"ax",%progbits
 195              		.align	2
 196              		.global	ErrorStarted
 197              		.code	16
 198              		.thumb_func
 199              		.type	ErrorStarted, %function
 200              	ErrorStarted:
 201              	.LFB64:
 106:.\main.c      **** 
 107:.\main.c      **** void ErrorStarted(void)
 108:.\main.c      **** {
 202              		.loc 1 108 0
 203              		.cfi_startproc
 204 0000 08B5     		push	{r3, lr}
 205              		.cfi_def_cfa_offset 8
 206              		.cfi_offset 3, -8
 207              		.cfi_offset 14, -4
 109:.\main.c      **** 	DisplayPrintf("Error started");
 208              		.loc 1 109 0
 209 0002 0348     		ldr	r0, .L14
 210 0004 FFF7FEFF 		bl	DisplayPrintf
 211              	.LVL25:
 110:.\main.c      **** 	LedBlink(ERR_BLINK);
 212              		.loc 1 110 0
 213 0008 0A20     		mov	r0, #10
 214 000a FFF7FEFF 		bl	LedBlink
 215              	.LVL26:
 111:.\main.c      **** }
 216              		.loc 1 111 0
 217              		@ sp needed
 218 000e 08BD     		pop	{r3, pc}
 219              	.L15:
 220              		.align	2
 221              	.L14:
 222 0010 3C000000 		.word	.LC8
 223              		.cfi_endproc
 224              	.LFE64:
 225              		.size	ErrorStarted, .-ErrorStarted
 226              		.section	.text.main,"ax",%progbits
 227              		.align	2
 228              		.global	main
 229              		.code	16
 230              		.thumb_func
ARM GAS  C:\Users\Petro\AppData\Local\Temp\cc2ksdt6.s 			page 7


 231              		.type	main, %function
 232              	main:
 233              	.LFB60:
  32:.\main.c      ****     CyGlobalIntEnable; /* Enable global interrupts. */
 234              		.loc 1 32 0
 235              		.cfi_startproc
 236 0000 08B5     		push	{r3, lr}
 237              		.cfi_def_cfa_offset 8
 238              		.cfi_offset 3, -8
 239              		.cfi_offset 14, -4
  33:.\main.c      ****     
 240              		.loc 1 33 0
 241              	@ 33 ".\main.c" 1
 242 0002 62B6     		CPSIE   i
 243              	@ 0 "" 2
  35:.\main.c      ****     
 244              		.loc 1 35 0
 245              		.code	16
 246 0004 FFF7FEFF 		bl	SystemInit
 247              	.LVL27:
 248 0008 01E0     		b	.L17
 249              	.L18:
  41:.\main.c      **** 		}
 250              		.loc 1 41 0
 251 000a FFF7FEFF 		bl	ErrorStarted
 252              	.LVL28:
 253              	.L17:
  39:.\main.c      **** 		{
 254              		.loc 1 39 0
 255 000e FFF7FEFF 		bl	SystemReadyToStart
 256              	.LVL29:
 257 0012 0028     		cmp	r0, #0
 258 0014 F9D0     		beq	.L18
  43:.\main.c      **** 	}
 259              		.loc 1 43 0
 260 0016 FFF7FEFF 		bl	SkierStart
 261              	.LVL30:
  44:.\main.c      **** }
 262              		.loc 1 44 0
 263 001a F8E7     		b	.L17
 264              		.cfi_endproc
 265              	.LFE60:
 266              		.size	main, .-main
 267              		.comm	RespBuff,50,4
 268              		.comm	RXSTATUS,1,1
 269              		.comm	TX_RESP,32,8
 270              		.comm	szCheckSum,20,4
 271              		.comm	szData,50,4
 272              		.comm	szSeq,20,4
 273              		.comm	LenC,1,1
 274              		.comm	LenChS,1,1
 275              		.comm	LenSeq,1,1
 276              		.comm	LenD2,1,1
 277              		.comm	LenD1,1,1
 278              		.comm	PROTO_STATE,1,1
 279              		.section	.rodata.str1.4,"aMS",%progbits,1
 280              		.align	2
ARM GAS  C:\Users\Petro\AppData\Local\Temp\cc2ksdt6.s 			page 8


 281              	.LC0:
 282 0000 53797374 		.ascii	"System ready\000"
 282      656D2072 
 282      65616479 
 282      00
 283 000d 000000   		.space	3
 284              	.LC2:
 285 0010 4572726F 		.ascii	"Error record time\000"
 285      72207265 
 285      636F7264 
 285      2074696D 
 285      6500
 286 0022 0000     		.space	2
 287              	.LC4:
 288 0024 74696D65 		.ascii	"time skier\000"
 288      20736B69 
 288      657200
 289 002f 00       		.space	1
 290              	.LC6:
 291 0030 54696D65 		.ascii	"Time out\000"
 291      206F7574 
 291      00
 292 0039 000000   		.space	3
 293              	.LC8:
 294 003c 4572726F 		.ascii	"Error started\000"
 294      72207374 
 294      61727465 
 294      6400
 295 004a 0000     		.text
 296              	.Letext0:
 297              		.file 2 "c:\\program files (x86)\\cypress\\psoc creator\\3.3\\psoc creator\\import\\gnu\\arm\\4.9.
 298              		.file 3 "c:\\program files (x86)\\cypress\\psoc creator\\3.3\\psoc creator\\import\\gnu\\arm\\4.9.
 299              		.file 4 "Generated_Source\\PSoC4/cytypes.h"
 300              		.file 5 "./svt.h"
 301              		.file 6 ".\\network.h"
 302              		.file 7 ".\\LED.h"
 303              		.file 8 ".\\display.h"
 304              		.file 9 ".\\RTC_WDT.h"
 305              		.file 10 ".\\wait_timer.h"
 306              		.file 11 ".\\gate.h"
 307              		.file 12 ".\\database.h"
 308              		.file 13 "Generated_Source\\PSoC4/CyLib.h"
 309              		.section	.debug_info,"",%progbits
 310              	.Ldebug_info0:
 311 0000 09050000 		.4byte	0x509
 312 0004 0400     		.2byte	0x4
 313 0006 00000000 		.4byte	.Ldebug_abbrev0
 314 000a 04       		.byte	0x4
 315 000b 01       		.uleb128 0x1
 316 000c 0C010000 		.4byte	.LASF60
 317 0010 01       		.byte	0x1
 318 0011 22030000 		.4byte	.LASF61
 319 0015 BD020000 		.4byte	.LASF62
 320 0019 00000000 		.4byte	.Ldebug_ranges0+0
 321 001d 00000000 		.4byte	0
 322 0021 00000000 		.4byte	.Ldebug_line0
 323 0025 02       		.uleb128 0x2
ARM GAS  C:\Users\Petro\AppData\Local\Temp\cc2ksdt6.s 			page 9


 324 0026 01       		.byte	0x1
 325 0027 06       		.byte	0x6
 326 0028 C3010000 		.4byte	.LASF0
 327 002c 03       		.uleb128 0x3
 328 002d F9000000 		.4byte	.LASF3
 329 0031 02       		.byte	0x2
 330 0032 1D       		.byte	0x1d
 331 0033 37000000 		.4byte	0x37
 332 0037 02       		.uleb128 0x2
 333 0038 01       		.byte	0x1
 334 0039 08       		.byte	0x8
 335 003a 9A010000 		.4byte	.LASF1
 336 003e 02       		.uleb128 0x2
 337 003f 02       		.byte	0x2
 338 0040 05       		.byte	0x5
 339 0041 3B000000 		.4byte	.LASF2
 340 0045 03       		.uleb128 0x3
 341 0046 71000000 		.4byte	.LASF4
 342 004a 02       		.byte	0x2
 343 004b 2B       		.byte	0x2b
 344 004c 50000000 		.4byte	0x50
 345 0050 02       		.uleb128 0x2
 346 0051 02       		.byte	0x2
 347 0052 07       		.byte	0x7
 348 0053 3A020000 		.4byte	.LASF5
 349 0057 02       		.uleb128 0x2
 350 0058 04       		.byte	0x4
 351 0059 05       		.byte	0x5
 352 005a DF000000 		.4byte	.LASF6
 353 005e 03       		.uleb128 0x3
 354 005f 66000000 		.4byte	.LASF7
 355 0063 02       		.byte	0x2
 356 0064 41       		.byte	0x41
 357 0065 69000000 		.4byte	0x69
 358 0069 02       		.uleb128 0x2
 359 006a 04       		.byte	0x4
 360 006b 07       		.byte	0x7
 361 006c 18020000 		.4byte	.LASF8
 362 0070 02       		.uleb128 0x2
 363 0071 08       		.byte	0x8
 364 0072 05       		.byte	0x5
 365 0073 B3000000 		.4byte	.LASF9
 366 0077 03       		.uleb128 0x3
 367 0078 9B020000 		.4byte	.LASF10
 368 007c 02       		.byte	0x2
 369 007d 5B       		.byte	0x5b
 370 007e 82000000 		.4byte	0x82
 371 0082 02       		.uleb128 0x2
 372 0083 08       		.byte	0x8
 373 0084 07       		.byte	0x7
 374 0085 CF010000 		.4byte	.LASF11
 375 0089 04       		.uleb128 0x4
 376 008a 04       		.byte	0x4
 377 008b 05       		.byte	0x5
 378 008c 696E7400 		.ascii	"int\000"
 379 0090 02       		.uleb128 0x2
 380 0091 04       		.byte	0x4
ARM GAS  C:\Users\Petro\AppData\Local\Temp\cc2ksdt6.s 			page 10


 381 0092 07       		.byte	0x7
 382 0093 04020000 		.4byte	.LASF12
 383 0097 03       		.uleb128 0x3
 384 0098 8A000000 		.4byte	.LASF13
 385 009c 03       		.byte	0x3
 386 009d 15       		.byte	0x15
 387 009e 2C000000 		.4byte	0x2c
 388 00a2 03       		.uleb128 0x3
 389 00a3 A6020000 		.4byte	.LASF14
 390 00a7 03       		.byte	0x3
 391 00a8 21       		.byte	0x21
 392 00a9 45000000 		.4byte	0x45
 393 00ad 03       		.uleb128 0x3
 394 00ae F3010000 		.4byte	.LASF15
 395 00b2 03       		.byte	0x3
 396 00b3 2D       		.byte	0x2d
 397 00b4 5E000000 		.4byte	0x5e
 398 00b8 03       		.uleb128 0x3
 399 00b9 32000000 		.4byte	.LASF16
 400 00bd 03       		.byte	0x3
 401 00be 39       		.byte	0x39
 402 00bf 77000000 		.4byte	0x77
 403 00c3 05       		.uleb128 0x5
 404 00c4 13030000 		.4byte	.LASF17
 405 00c8 04       		.byte	0x4
 406 00c9 9A01     		.2byte	0x19a
 407 00cb 69000000 		.4byte	0x69
 408 00cf 02       		.uleb128 0x2
 409 00d0 04       		.byte	0x4
 410 00d1 04       		.byte	0x4
 411 00d2 A1000000 		.4byte	.LASF18
 412 00d6 02       		.uleb128 0x2
 413 00d7 08       		.byte	0x8
 414 00d8 04       		.byte	0x4
 415 00d9 19000000 		.4byte	.LASF19
 416 00dd 02       		.uleb128 0x2
 417 00de 01       		.byte	0x1
 418 00df 08       		.byte	0x8
 419 00e0 66020000 		.4byte	.LASF20
 420 00e4 02       		.uleb128 0x2
 421 00e5 04       		.byte	0x4
 422 00e6 07       		.byte	0x7
 423 00e7 45000000 		.4byte	.LASF21
 424 00eb 06       		.uleb128 0x6
 425 00ec 04       		.byte	0x4
 426 00ed DD000000 		.4byte	0xdd
 427 00f1 07       		.uleb128 0x7
 428 00f2 E8000000 		.4byte	.LASF63
 429 00f6 20       		.byte	0x20
 430 00f7 05       		.byte	0x5
 431 00f8 09       		.byte	0x9
 432 00f9 46010000 		.4byte	0x146
 433 00fd 08       		.uleb128 0x8
 434 00fe 53657100 		.ascii	"Seq\000"
 435 0102 05       		.byte	0x5
 436 0103 0B       		.byte	0xb
 437 0104 A2000000 		.4byte	0xa2
ARM GAS  C:\Users\Petro\AppData\Local\Temp\cc2ksdt6.s 			page 11


 438 0108 00       		.byte	0
 439 0109 09       		.uleb128 0x9
 440 010a 4D020000 		.4byte	.LASF22
 441 010e 05       		.byte	0x5
 442 010f 0C       		.byte	0xc
 443 0110 89000000 		.4byte	0x89
 444 0114 04       		.byte	0x4
 445 0115 09       		.uleb128 0x9
 446 0116 8F020000 		.4byte	.LASF23
 447 011a 05       		.byte	0x5
 448 011b 0D       		.byte	0xd
 449 011c B8000000 		.4byte	0xb8
 450 0120 08       		.byte	0x8
 451 0121 09       		.uleb128 0x9
 452 0122 95020000 		.4byte	.LASF24
 453 0126 05       		.byte	0x5
 454 0127 0E       		.byte	0xe
 455 0128 97000000 		.4byte	0x97
 456 012c 10       		.byte	0x10
 457 012d 09       		.uleb128 0x9
 458 012e 03010000 		.4byte	.LASF25
 459 0132 05       		.byte	0x5
 460 0133 0F       		.byte	0xf
 461 0134 AD000000 		.4byte	0xad
 462 0138 14       		.byte	0x14
 463 0139 09       		.uleb128 0x9
 464 013a 4D030000 		.4byte	.LASF26
 465 013e 05       		.byte	0x5
 466 013f 10       		.byte	0x10
 467 0140 97000000 		.4byte	0x97
 468 0144 18       		.byte	0x18
 469 0145 00       		.byte	0
 470 0146 0A       		.uleb128 0xa
 471 0147 2F020000 		.4byte	.LASF28
 472 014b 01       		.byte	0x1
 473 014c 2F       		.byte	0x2f
 474 014d 00000000 		.4byte	.LFB61
 475 0151 1A000000 		.4byte	.LFE61-.LFB61
 476 0155 01       		.uleb128 0x1
 477 0156 9C       		.byte	0x9c
 478 0157 93010000 		.4byte	0x193
 479 015b 0B       		.uleb128 0xb
 480 015c 06000000 		.4byte	.LVL0
 481 0160 48040000 		.4byte	0x448
 482 0164 0C       		.uleb128 0xc
 483 0165 0C000000 		.4byte	.LVL1
 484 0169 4F040000 		.4byte	0x44f
 485 016d 77010000 		.4byte	0x177
 486 0171 0D       		.uleb128 0xd
 487 0172 01       		.uleb128 0x1
 488 0173 50       		.byte	0x50
 489 0174 01       		.uleb128 0x1
 490 0175 32       		.byte	0x32
 491 0176 00       		.byte	0
 492 0177 0B       		.uleb128 0xb
 493 0178 10000000 		.4byte	.LVL2
 494 017c 60040000 		.4byte	0x460
ARM GAS  C:\Users\Petro\AppData\Local\Temp\cc2ksdt6.s 			page 12


 495 0180 0B       		.uleb128 0xb
 496 0181 14000000 		.4byte	.LVL3
 497 0185 6D040000 		.4byte	0x46d
 498 0189 0B       		.uleb128 0xb
 499 018a 18000000 		.4byte	.LVL4
 500 018e 74040000 		.4byte	0x474
 501 0192 00       		.byte	0
 502 0193 0E       		.uleb128 0xe
 503 0194 4E000000 		.4byte	.LASF64
 504 0198 01       		.byte	0x1
 505 0199 3E       		.byte	0x3e
 506 019a C5010000 		.4byte	0x1c5
 507 019e 00000000 		.4byte	.LFB62
 508 01a2 12000000 		.4byte	.LFE62-.LFB62
 509 01a6 01       		.uleb128 0x1
 510 01a7 9C       		.byte	0x9c
 511 01a8 C5010000 		.4byte	0x1c5
 512 01ac 0F       		.uleb128 0xf
 513 01ad 0B000000 		.4byte	.LASF30
 514 01b1 01       		.byte	0x1
 515 01b2 40       		.byte	0x40
 516 01b3 C5010000 		.4byte	0x1c5
 517 01b7 00000000 		.4byte	.LLST0
 518 01bb 0B       		.uleb128 0xb
 519 01bc 06000000 		.4byte	.LVL6
 520 01c0 7B040000 		.4byte	0x47b
 521 01c4 00       		.byte	0
 522 01c5 02       		.uleb128 0x2
 523 01c6 01       		.byte	0x1
 524 01c7 02       		.byte	0x2
 525 01c8 89020000 		.4byte	.LASF27
 526 01cc 0A       		.uleb128 0xa
 527 01cd 34030000 		.4byte	.LASF29
 528 01d1 01       		.byte	0x1
 529 01d2 4B       		.byte	0x4b
 530 01d3 00000000 		.4byte	.LFB63
 531 01d7 84000000 		.4byte	.LFE63-.LFB63
 532 01db 01       		.uleb128 0x1
 533 01dc 9C       		.byte	0x9c
 534 01dd E2020000 		.4byte	0x2e2
 535 01e1 0F       		.uleb128 0xf
 536 01e2 2A020000 		.4byte	.LASF31
 537 01e6 01       		.byte	0x1
 538 01e7 4D       		.byte	0x4d
 539 01e8 B8000000 		.4byte	0xb8
 540 01ec 1F000000 		.4byte	.LLST1
 541 01f0 0C       		.uleb128 0xc
 542 01f1 08000000 		.4byte	.LVL8
 543 01f5 86040000 		.4byte	0x486
 544 01f9 07020000 		.4byte	0x207
 545 01fd 0D       		.uleb128 0xd
 546 01fe 01       		.uleb128 0x1
 547 01ff 50       		.byte	0x50
 548 0200 05       		.uleb128 0x5
 549 0201 03       		.byte	0x3
 550 0202 00000000 		.4byte	.LC0
 551 0206 00       		.byte	0
ARM GAS  C:\Users\Petro\AppData\Local\Temp\cc2ksdt6.s 			page 13


 552 0207 0C       		.uleb128 0xc
 553 0208 0E000000 		.4byte	.LVL9
 554 020c 97040000 		.4byte	0x497
 555 0210 1A020000 		.4byte	0x21a
 556 0214 0D       		.uleb128 0xd
 557 0215 01       		.uleb128 0x1
 558 0216 50       		.byte	0x50
 559 0217 01       		.uleb128 0x1
 560 0218 30       		.byte	0x30
 561 0219 00       		.byte	0
 562 021a 0C       		.uleb128 0xc
 563 021b 14000000 		.4byte	.LVL10
 564 021f A8040000 		.4byte	0x4a8
 565 0223 2D020000 		.4byte	0x22d
 566 0227 0D       		.uleb128 0xd
 567 0228 01       		.uleb128 0x1
 568 0229 50       		.byte	0x50
 569 022a 01       		.uleb128 0x1
 570 022b 31       		.byte	0x31
 571 022c 00       		.byte	0
 572 022d 0B       		.uleb128 0xb
 573 022e 18000000 		.4byte	.LVL11
 574 0232 7B040000 		.4byte	0x47b
 575 0236 0B       		.uleb128 0xb
 576 0237 20000000 		.4byte	.LVL12
 577 023b B9040000 		.4byte	0x4b9
 578 023f 0B       		.uleb128 0xb
 579 0240 28000000 		.4byte	.LVL13
 580 0244 B9040000 		.4byte	0x4b9
 581 0248 0B       		.uleb128 0xb
 582 0249 34000000 		.4byte	.LVL14
 583 024d C4040000 		.4byte	0x4c4
 584 0251 0B       		.uleb128 0xb
 585 0252 3C000000 		.4byte	.LVL16
 586 0256 D9040000 		.4byte	0x4d9
 587 025a 0C       		.uleb128 0xc
 588 025b 46000000 		.4byte	.LVL17
 589 025f 86040000 		.4byte	0x486
 590 0263 71020000 		.4byte	0x271
 591 0267 0D       		.uleb128 0xd
 592 0268 01       		.uleb128 0x1
 593 0269 50       		.byte	0x50
 594 026a 05       		.uleb128 0x5
 595 026b 03       		.byte	0x3
 596 026c 10000000 		.4byte	.LC2
 597 0270 00       		.byte	0
 598 0271 0C       		.uleb128 0xc
 599 0272 4C000000 		.4byte	.LVL18
 600 0276 86040000 		.4byte	0x486
 601 027a 88020000 		.4byte	0x288
 602 027e 0D       		.uleb128 0xd
 603 027f 01       		.uleb128 0x1
 604 0280 50       		.byte	0x50
 605 0281 05       		.uleb128 0x5
 606 0282 03       		.byte	0x3
 607 0283 24000000 		.4byte	.LC4
 608 0287 00       		.byte	0
ARM GAS  C:\Users\Petro\AppData\Local\Temp\cc2ksdt6.s 			page 14


 609 0288 0B       		.uleb128 0xb
 610 0289 54000000 		.4byte	.LVL19
 611 028d EE040000 		.4byte	0x4ee
 612 0291 0C       		.uleb128 0xc
 613 0292 5A000000 		.4byte	.LVL20
 614 0296 FF040000 		.4byte	0x4ff
 615 029a A6020000 		.4byte	0x2a6
 616 029e 0D       		.uleb128 0xd
 617 029f 01       		.uleb128 0x1
 618 02a0 50       		.byte	0x50
 619 02a1 03       		.uleb128 0x3
 620 02a2 0A       		.byte	0xa
 621 02a3 8813     		.2byte	0x1388
 622 02a5 00       		.byte	0
 623 02a6 0C       		.uleb128 0xc
 624 02a7 62000000 		.4byte	.LVL22
 625 02ab 4F040000 		.4byte	0x44f
 626 02af B9020000 		.4byte	0x2b9
 627 02b3 0D       		.uleb128 0xd
 628 02b4 01       		.uleb128 0x1
 629 02b5 50       		.byte	0x50
 630 02b6 01       		.uleb128 0x1
 631 02b7 32       		.byte	0x32
 632 02b8 00       		.byte	0
 633 02b9 0C       		.uleb128 0xc
 634 02ba 68000000 		.4byte	.LVL23
 635 02be 86040000 		.4byte	0x486
 636 02c2 D0020000 		.4byte	0x2d0
 637 02c6 0D       		.uleb128 0xd
 638 02c7 01       		.uleb128 0x1
 639 02c8 50       		.byte	0x50
 640 02c9 05       		.uleb128 0x5
 641 02ca 03       		.byte	0x3
 642 02cb 30000000 		.4byte	.LC6
 643 02cf 00       		.byte	0
 644 02d0 10       		.uleb128 0x10
 645 02d1 6E000000 		.4byte	.LVL24
 646 02d5 FF040000 		.4byte	0x4ff
 647 02d9 0D       		.uleb128 0xd
 648 02da 01       		.uleb128 0x1
 649 02db 50       		.byte	0x50
 650 02dc 03       		.uleb128 0x3
 651 02dd 0A       		.byte	0xa
 652 02de 8813     		.2byte	0x1388
 653 02e0 00       		.byte	0
 654 02e1 00       		.byte	0
 655 02e2 0A       		.uleb128 0xa
 656 02e3 C1000000 		.4byte	.LASF32
 657 02e7 01       		.byte	0x1
 658 02e8 6B       		.byte	0x6b
 659 02e9 00000000 		.4byte	.LFB64
 660 02ed 14000000 		.4byte	.LFE64-.LFB64
 661 02f1 01       		.uleb128 0x1
 662 02f2 9C       		.byte	0x9c
 663 02f3 1E030000 		.4byte	0x31e
 664 02f7 0C       		.uleb128 0xc
 665 02f8 08000000 		.4byte	.LVL25
ARM GAS  C:\Users\Petro\AppData\Local\Temp\cc2ksdt6.s 			page 15


 666 02fc 86040000 		.4byte	0x486
 667 0300 0E030000 		.4byte	0x30e
 668 0304 0D       		.uleb128 0xd
 669 0305 01       		.uleb128 0x1
 670 0306 50       		.byte	0x50
 671 0307 05       		.uleb128 0x5
 672 0308 03       		.byte	0x3
 673 0309 3C000000 		.4byte	.LC8
 674 030d 00       		.byte	0
 675 030e 10       		.uleb128 0x10
 676 030f 0E000000 		.4byte	.LVL26
 677 0313 4F040000 		.4byte	0x44f
 678 0317 0D       		.uleb128 0xd
 679 0318 01       		.uleb128 0x1
 680 0319 50       		.byte	0x50
 681 031a 01       		.uleb128 0x1
 682 031b 3A       		.byte	0x3a
 683 031c 00       		.byte	0
 684 031d 00       		.byte	0
 685 031e 11       		.uleb128 0x11
 686 031f 61000000 		.4byte	.LASF33
 687 0323 01       		.byte	0x1
 688 0324 1F       		.byte	0x1f
 689 0325 89000000 		.4byte	0x89
 690 0329 00000000 		.4byte	.LFB60
 691 032d 1C000000 		.4byte	.LFE60-.LFB60
 692 0331 01       		.uleb128 0x1
 693 0332 9C       		.byte	0x9c
 694 0333 5C030000 		.4byte	0x35c
 695 0337 0B       		.uleb128 0xb
 696 0338 08000000 		.4byte	.LVL27
 697 033c 46010000 		.4byte	0x146
 698 0340 0B       		.uleb128 0xb
 699 0341 0E000000 		.4byte	.LVL28
 700 0345 E2020000 		.4byte	0x2e2
 701 0349 0B       		.uleb128 0xb
 702 034a 12000000 		.4byte	.LVL29
 703 034e 93010000 		.4byte	0x193
 704 0352 0B       		.uleb128 0xb
 705 0353 1A000000 		.4byte	.LVL30
 706 0357 CC010000 		.4byte	0x1cc
 707 035b 00       		.byte	0
 708 035c 12       		.uleb128 0x12
 709 035d A7000000 		.4byte	.LASF34
 710 0361 05       		.byte	0x5
 711 0362 3F       		.byte	0x3f
 712 0363 97000000 		.4byte	0x97
 713 0367 05       		.uleb128 0x5
 714 0368 03       		.byte	0x3
 715 0369 00000000 		.4byte	PROTO_STATE
 716 036d 12       		.uleb128 0x12
 717 036e A8010000 		.4byte	.LASF35
 718 0372 05       		.byte	0x5
 719 0373 3F       		.byte	0x3f
 720 0374 97000000 		.4byte	0x97
 721 0378 05       		.uleb128 0x5
 722 0379 03       		.byte	0x3
ARM GAS  C:\Users\Petro\AppData\Local\Temp\cc2ksdt6.s 			page 16


 723 037a 00000000 		.4byte	LenD1
 724 037e 12       		.uleb128 0x12
 725 037f AE010000 		.4byte	.LASF36
 726 0383 05       		.byte	0x5
 727 0384 3F       		.byte	0x3f
 728 0385 97000000 		.4byte	0x97
 729 0389 05       		.uleb128 0x5
 730 038a 03       		.byte	0x3
 731 038b 00000000 		.4byte	LenD2
 732 038f 12       		.uleb128 0x12
 733 0390 12000000 		.4byte	.LASF37
 734 0394 05       		.byte	0x5
 735 0395 3F       		.byte	0x3f
 736 0396 97000000 		.4byte	0x97
 737 039a 05       		.uleb128 0x5
 738 039b 03       		.byte	0x3
 739 039c 00000000 		.4byte	LenSeq
 740 03a0 12       		.uleb128 0x12
 741 03a1 11020000 		.4byte	.LASF38
 742 03a5 05       		.byte	0x5
 743 03a6 3F       		.byte	0x3f
 744 03a7 97000000 		.4byte	0x97
 745 03ab 05       		.uleb128 0x5
 746 03ac 03       		.byte	0x3
 747 03ad 00000000 		.4byte	LenChS
 748 03b1 12       		.uleb128 0x12
 749 03b2 57030000 		.4byte	.LASF39
 750 03b6 05       		.byte	0x5
 751 03b7 3F       		.byte	0x3f
 752 03b8 97000000 		.4byte	0x97
 753 03bc 05       		.uleb128 0x5
 754 03bd 03       		.byte	0x3
 755 03be 00000000 		.4byte	LenC
 756 03c2 13       		.uleb128 0x13
 757 03c3 DD000000 		.4byte	0xdd
 758 03c7 D2030000 		.4byte	0x3d2
 759 03cb 14       		.uleb128 0x14
 760 03cc E4000000 		.4byte	0xe4
 761 03d0 13       		.byte	0x13
 762 03d1 00       		.byte	0
 763 03d2 12       		.uleb128 0x12
 764 03d3 9B000000 		.4byte	.LASF40
 765 03d7 06       		.byte	0x6
 766 03d8 2B       		.byte	0x2b
 767 03d9 C2030000 		.4byte	0x3c2
 768 03dd 05       		.uleb128 0x5
 769 03de 03       		.byte	0x3
 770 03df 00000000 		.4byte	szSeq
 771 03e3 13       		.uleb128 0x13
 772 03e4 DD000000 		.4byte	0xdd
 773 03e8 F3030000 		.4byte	0x3f3
 774 03ec 14       		.uleb128 0x14
 775 03ed E4000000 		.4byte	0xe4
 776 03f1 31       		.byte	0x31
 777 03f2 00       		.byte	0
 778 03f3 12       		.uleb128 0x12
 779 03f4 2B000000 		.4byte	.LASF41
ARM GAS  C:\Users\Petro\AppData\Local\Temp\cc2ksdt6.s 			page 17


 780 03f8 06       		.byte	0x6
 781 03f9 2C       		.byte	0x2c
 782 03fa E3030000 		.4byte	0x3e3
 783 03fe 05       		.uleb128 0x5
 784 03ff 03       		.byte	0x3
 785 0400 00000000 		.4byte	szData
 786 0404 12       		.uleb128 0x12
 787 0405 20000000 		.4byte	.LASF42
 788 0409 06       		.byte	0x6
 789 040a 2D       		.byte	0x2d
 790 040b C2030000 		.4byte	0x3c2
 791 040f 05       		.uleb128 0x5
 792 0410 03       		.byte	0x3
 793 0411 00000000 		.4byte	szCheckSum
 794 0415 12       		.uleb128 0x12
 795 0416 FC010000 		.4byte	.LASF43
 796 041a 06       		.byte	0x6
 797 041b 2F       		.byte	0x2f
 798 041c F1000000 		.4byte	0xf1
 799 0420 05       		.uleb128 0x5
 800 0421 03       		.byte	0x3
 801 0422 00000000 		.4byte	TX_RESP
 802 0426 12       		.uleb128 0x12
 803 0427 6B020000 		.4byte	.LASF44
 804 042b 06       		.byte	0x6
 805 042c 30       		.byte	0x30
 806 042d 97000000 		.4byte	0x97
 807 0431 05       		.uleb128 0x5
 808 0432 03       		.byte	0x3
 809 0433 00000000 		.4byte	RXSTATUS
 810 0437 12       		.uleb128 0x12
 811 0438 2B030000 		.4byte	.LASF45
 812 043c 06       		.byte	0x6
 813 043d 31       		.byte	0x31
 814 043e E3030000 		.4byte	0x3e3
 815 0442 05       		.uleb128 0x5
 816 0443 03       		.byte	0x3
 817 0444 00000000 		.4byte	RespBuff
 818 0448 15       		.uleb128 0x15
 819 0449 1A030000 		.4byte	.LASF46
 820 044d 07       		.byte	0x7
 821 044e 34       		.byte	0x34
 822 044f 16       		.uleb128 0x16
 823 0450 80020000 		.4byte	.LASF49
 824 0454 07       		.byte	0x7
 825 0455 36       		.byte	0x36
 826 0456 60040000 		.4byte	0x460
 827 045a 17       		.uleb128 0x17
 828 045b A2000000 		.4byte	0xa2
 829 045f 00       		.byte	0
 830 0460 18       		.uleb128 0x18
 831 0461 ED000000 		.4byte	.LASF58
 832 0465 06       		.byte	0x6
 833 0466 33       		.byte	0x33
 834 0467 6D040000 		.4byte	0x46d
 835 046b 19       		.uleb128 0x19
 836 046c 00       		.byte	0
ARM GAS  C:\Users\Petro\AppData\Local\Temp\cc2ksdt6.s 			page 18


 837 046d 15       		.uleb128 0x15
 838 046e AF020000 		.4byte	.LASF47
 839 0472 08       		.byte	0x8
 840 0473 0B       		.byte	0xb
 841 0474 15       		.uleb128 0x15
 842 0475 E6010000 		.4byte	.LASF48
 843 0479 09       		.byte	0x9
 844 047a 36       		.byte	0x36
 845 047b 1A       		.uleb128 0x1a
 846 047c 92000000 		.4byte	.LASF53
 847 0480 0B       		.byte	0xb
 848 0481 10       		.byte	0x10
 849 0482 C5010000 		.4byte	0x1c5
 850 0486 16       		.uleb128 0x16
 851 0487 3F030000 		.4byte	.LASF50
 852 048b 08       		.byte	0x8
 853 048c 0C       		.byte	0xc
 854 048d 97040000 		.4byte	0x497
 855 0491 17       		.uleb128 0x17
 856 0492 EB000000 		.4byte	0xeb
 857 0496 00       		.byte	0
 858 0497 16       		.uleb128 0x16
 859 0498 74020000 		.4byte	.LASF51
 860 049c 07       		.byte	0x7
 861 049d 38       		.byte	0x38
 862 049e A8040000 		.4byte	0x4a8
 863 04a2 17       		.uleb128 0x17
 864 04a3 97000000 		.4byte	0x97
 865 04a7 00       		.byte	0
 866 04a8 16       		.uleb128 0x16
 867 04a9 CE000000 		.4byte	.LASF52
 868 04ad 0A       		.byte	0xa
 869 04ae 14       		.byte	0x14
 870 04af B9040000 		.4byte	0x4b9
 871 04b3 17       		.uleb128 0x17
 872 04b4 AD000000 		.4byte	0xad
 873 04b8 00       		.byte	0
 874 04b9 1A       		.uleb128 0x1a
 875 04ba B4010000 		.4byte	.LASF54
 876 04be 0A       		.byte	0xa
 877 04bf 15       		.byte	0x15
 878 04c0 C5010000 		.4byte	0x1c5
 879 04c4 1B       		.uleb128 0x1b
 880 04c5 00000000 		.4byte	.LASF55
 881 04c9 09       		.byte	0x9
 882 04ca 39       		.byte	0x39
 883 04cb B8000000 		.4byte	0xb8
 884 04cf D9040000 		.4byte	0x4d9
 885 04d3 17       		.uleb128 0x17
 886 04d4 B8000000 		.4byte	0xb8
 887 04d8 00       		.byte	0
 888 04d9 1B       		.uleb128 0x1b
 889 04da 7C000000 		.4byte	.LASF56
 890 04de 0C       		.byte	0xc
 891 04df 12       		.byte	0x12
 892 04e0 C5010000 		.4byte	0x1c5
 893 04e4 EE040000 		.4byte	0x4ee
ARM GAS  C:\Users\Petro\AppData\Local\Temp\cc2ksdt6.s 			page 19


 894 04e8 17       		.uleb128 0x17
 895 04e9 B8000000 		.4byte	0xb8
 896 04ed 00       		.byte	0
 897 04ee 16       		.uleb128 0x16
 898 04ef 55020000 		.4byte	.LASF57
 899 04f3 08       		.byte	0x8
 900 04f4 0D       		.byte	0xd
 901 04f5 FF040000 		.4byte	0x4ff
 902 04f9 17       		.uleb128 0x17
 903 04fa B8000000 		.4byte	0xb8
 904 04fe 00       		.byte	0
 905 04ff 1C       		.uleb128 0x1c
 906 0500 5C030000 		.4byte	.LASF59
 907 0504 0D       		.byte	0xd
 908 0505 D7       		.byte	0xd7
 909 0506 17       		.uleb128 0x17
 910 0507 C3000000 		.4byte	0xc3
 911 050b 00       		.byte	0
 912 050c 00       		.byte	0
 913              		.section	.debug_abbrev,"",%progbits
 914              	.Ldebug_abbrev0:
 915 0000 01       		.uleb128 0x1
 916 0001 11       		.uleb128 0x11
 917 0002 01       		.byte	0x1
 918 0003 25       		.uleb128 0x25
 919 0004 0E       		.uleb128 0xe
 920 0005 13       		.uleb128 0x13
 921 0006 0B       		.uleb128 0xb
 922 0007 03       		.uleb128 0x3
 923 0008 0E       		.uleb128 0xe
 924 0009 1B       		.uleb128 0x1b
 925 000a 0E       		.uleb128 0xe
 926 000b 55       		.uleb128 0x55
 927 000c 17       		.uleb128 0x17
 928 000d 11       		.uleb128 0x11
 929 000e 01       		.uleb128 0x1
 930 000f 10       		.uleb128 0x10
 931 0010 17       		.uleb128 0x17
 932 0011 00       		.byte	0
 933 0012 00       		.byte	0
 934 0013 02       		.uleb128 0x2
 935 0014 24       		.uleb128 0x24
 936 0015 00       		.byte	0
 937 0016 0B       		.uleb128 0xb
 938 0017 0B       		.uleb128 0xb
 939 0018 3E       		.uleb128 0x3e
 940 0019 0B       		.uleb128 0xb
 941 001a 03       		.uleb128 0x3
 942 001b 0E       		.uleb128 0xe
 943 001c 00       		.byte	0
 944 001d 00       		.byte	0
 945 001e 03       		.uleb128 0x3
 946 001f 16       		.uleb128 0x16
 947 0020 00       		.byte	0
 948 0021 03       		.uleb128 0x3
 949 0022 0E       		.uleb128 0xe
 950 0023 3A       		.uleb128 0x3a
ARM GAS  C:\Users\Petro\AppData\Local\Temp\cc2ksdt6.s 			page 20


 951 0024 0B       		.uleb128 0xb
 952 0025 3B       		.uleb128 0x3b
 953 0026 0B       		.uleb128 0xb
 954 0027 49       		.uleb128 0x49
 955 0028 13       		.uleb128 0x13
 956 0029 00       		.byte	0
 957 002a 00       		.byte	0
 958 002b 04       		.uleb128 0x4
 959 002c 24       		.uleb128 0x24
 960 002d 00       		.byte	0
 961 002e 0B       		.uleb128 0xb
 962 002f 0B       		.uleb128 0xb
 963 0030 3E       		.uleb128 0x3e
 964 0031 0B       		.uleb128 0xb
 965 0032 03       		.uleb128 0x3
 966 0033 08       		.uleb128 0x8
 967 0034 00       		.byte	0
 968 0035 00       		.byte	0
 969 0036 05       		.uleb128 0x5
 970 0037 16       		.uleb128 0x16
 971 0038 00       		.byte	0
 972 0039 03       		.uleb128 0x3
 973 003a 0E       		.uleb128 0xe
 974 003b 3A       		.uleb128 0x3a
 975 003c 0B       		.uleb128 0xb
 976 003d 3B       		.uleb128 0x3b
 977 003e 05       		.uleb128 0x5
 978 003f 49       		.uleb128 0x49
 979 0040 13       		.uleb128 0x13
 980 0041 00       		.byte	0
 981 0042 00       		.byte	0
 982 0043 06       		.uleb128 0x6
 983 0044 0F       		.uleb128 0xf
 984 0045 00       		.byte	0
 985 0046 0B       		.uleb128 0xb
 986 0047 0B       		.uleb128 0xb
 987 0048 49       		.uleb128 0x49
 988 0049 13       		.uleb128 0x13
 989 004a 00       		.byte	0
 990 004b 00       		.byte	0
 991 004c 07       		.uleb128 0x7
 992 004d 13       		.uleb128 0x13
 993 004e 01       		.byte	0x1
 994 004f 03       		.uleb128 0x3
 995 0050 0E       		.uleb128 0xe
 996 0051 0B       		.uleb128 0xb
 997 0052 0B       		.uleb128 0xb
 998 0053 3A       		.uleb128 0x3a
 999 0054 0B       		.uleb128 0xb
 1000 0055 3B       		.uleb128 0x3b
 1001 0056 0B       		.uleb128 0xb
 1002 0057 01       		.uleb128 0x1
 1003 0058 13       		.uleb128 0x13
 1004 0059 00       		.byte	0
 1005 005a 00       		.byte	0
 1006 005b 08       		.uleb128 0x8
 1007 005c 0D       		.uleb128 0xd
ARM GAS  C:\Users\Petro\AppData\Local\Temp\cc2ksdt6.s 			page 21


 1008 005d 00       		.byte	0
 1009 005e 03       		.uleb128 0x3
 1010 005f 08       		.uleb128 0x8
 1011 0060 3A       		.uleb128 0x3a
 1012 0061 0B       		.uleb128 0xb
 1013 0062 3B       		.uleb128 0x3b
 1014 0063 0B       		.uleb128 0xb
 1015 0064 49       		.uleb128 0x49
 1016 0065 13       		.uleb128 0x13
 1017 0066 38       		.uleb128 0x38
 1018 0067 0B       		.uleb128 0xb
 1019 0068 00       		.byte	0
 1020 0069 00       		.byte	0
 1021 006a 09       		.uleb128 0x9
 1022 006b 0D       		.uleb128 0xd
 1023 006c 00       		.byte	0
 1024 006d 03       		.uleb128 0x3
 1025 006e 0E       		.uleb128 0xe
 1026 006f 3A       		.uleb128 0x3a
 1027 0070 0B       		.uleb128 0xb
 1028 0071 3B       		.uleb128 0x3b
 1029 0072 0B       		.uleb128 0xb
 1030 0073 49       		.uleb128 0x49
 1031 0074 13       		.uleb128 0x13
 1032 0075 38       		.uleb128 0x38
 1033 0076 0B       		.uleb128 0xb
 1034 0077 00       		.byte	0
 1035 0078 00       		.byte	0
 1036 0079 0A       		.uleb128 0xa
 1037 007a 2E       		.uleb128 0x2e
 1038 007b 01       		.byte	0x1
 1039 007c 3F       		.uleb128 0x3f
 1040 007d 19       		.uleb128 0x19
 1041 007e 03       		.uleb128 0x3
 1042 007f 0E       		.uleb128 0xe
 1043 0080 3A       		.uleb128 0x3a
 1044 0081 0B       		.uleb128 0xb
 1045 0082 3B       		.uleb128 0x3b
 1046 0083 0B       		.uleb128 0xb
 1047 0084 27       		.uleb128 0x27
 1048 0085 19       		.uleb128 0x19
 1049 0086 11       		.uleb128 0x11
 1050 0087 01       		.uleb128 0x1
 1051 0088 12       		.uleb128 0x12
 1052 0089 06       		.uleb128 0x6
 1053 008a 40       		.uleb128 0x40
 1054 008b 18       		.uleb128 0x18
 1055 008c 9742     		.uleb128 0x2117
 1056 008e 19       		.uleb128 0x19
 1057 008f 01       		.uleb128 0x1
 1058 0090 13       		.uleb128 0x13
 1059 0091 00       		.byte	0
 1060 0092 00       		.byte	0
 1061 0093 0B       		.uleb128 0xb
 1062 0094 898201   		.uleb128 0x4109
 1063 0097 00       		.byte	0
 1064 0098 11       		.uleb128 0x11
ARM GAS  C:\Users\Petro\AppData\Local\Temp\cc2ksdt6.s 			page 22


 1065 0099 01       		.uleb128 0x1
 1066 009a 31       		.uleb128 0x31
 1067 009b 13       		.uleb128 0x13
 1068 009c 00       		.byte	0
 1069 009d 00       		.byte	0
 1070 009e 0C       		.uleb128 0xc
 1071 009f 898201   		.uleb128 0x4109
 1072 00a2 01       		.byte	0x1
 1073 00a3 11       		.uleb128 0x11
 1074 00a4 01       		.uleb128 0x1
 1075 00a5 31       		.uleb128 0x31
 1076 00a6 13       		.uleb128 0x13
 1077 00a7 01       		.uleb128 0x1
 1078 00a8 13       		.uleb128 0x13
 1079 00a9 00       		.byte	0
 1080 00aa 00       		.byte	0
 1081 00ab 0D       		.uleb128 0xd
 1082 00ac 8A8201   		.uleb128 0x410a
 1083 00af 00       		.byte	0
 1084 00b0 02       		.uleb128 0x2
 1085 00b1 18       		.uleb128 0x18
 1086 00b2 9142     		.uleb128 0x2111
 1087 00b4 18       		.uleb128 0x18
 1088 00b5 00       		.byte	0
 1089 00b6 00       		.byte	0
 1090 00b7 0E       		.uleb128 0xe
 1091 00b8 2E       		.uleb128 0x2e
 1092 00b9 01       		.byte	0x1
 1093 00ba 3F       		.uleb128 0x3f
 1094 00bb 19       		.uleb128 0x19
 1095 00bc 03       		.uleb128 0x3
 1096 00bd 0E       		.uleb128 0xe
 1097 00be 3A       		.uleb128 0x3a
 1098 00bf 0B       		.uleb128 0xb
 1099 00c0 3B       		.uleb128 0x3b
 1100 00c1 0B       		.uleb128 0xb
 1101 00c2 27       		.uleb128 0x27
 1102 00c3 19       		.uleb128 0x19
 1103 00c4 49       		.uleb128 0x49
 1104 00c5 13       		.uleb128 0x13
 1105 00c6 11       		.uleb128 0x11
 1106 00c7 01       		.uleb128 0x1
 1107 00c8 12       		.uleb128 0x12
 1108 00c9 06       		.uleb128 0x6
 1109 00ca 40       		.uleb128 0x40
 1110 00cb 18       		.uleb128 0x18
 1111 00cc 9742     		.uleb128 0x2117
 1112 00ce 19       		.uleb128 0x19
 1113 00cf 01       		.uleb128 0x1
 1114 00d0 13       		.uleb128 0x13
 1115 00d1 00       		.byte	0
 1116 00d2 00       		.byte	0
 1117 00d3 0F       		.uleb128 0xf
 1118 00d4 34       		.uleb128 0x34
 1119 00d5 00       		.byte	0
 1120 00d6 03       		.uleb128 0x3
 1121 00d7 0E       		.uleb128 0xe
ARM GAS  C:\Users\Petro\AppData\Local\Temp\cc2ksdt6.s 			page 23


 1122 00d8 3A       		.uleb128 0x3a
 1123 00d9 0B       		.uleb128 0xb
 1124 00da 3B       		.uleb128 0x3b
 1125 00db 0B       		.uleb128 0xb
 1126 00dc 49       		.uleb128 0x49
 1127 00dd 13       		.uleb128 0x13
 1128 00de 02       		.uleb128 0x2
 1129 00df 17       		.uleb128 0x17
 1130 00e0 00       		.byte	0
 1131 00e1 00       		.byte	0
 1132 00e2 10       		.uleb128 0x10
 1133 00e3 898201   		.uleb128 0x4109
 1134 00e6 01       		.byte	0x1
 1135 00e7 11       		.uleb128 0x11
 1136 00e8 01       		.uleb128 0x1
 1137 00e9 31       		.uleb128 0x31
 1138 00ea 13       		.uleb128 0x13
 1139 00eb 00       		.byte	0
 1140 00ec 00       		.byte	0
 1141 00ed 11       		.uleb128 0x11
 1142 00ee 2E       		.uleb128 0x2e
 1143 00ef 01       		.byte	0x1
 1144 00f0 3F       		.uleb128 0x3f
 1145 00f1 19       		.uleb128 0x19
 1146 00f2 03       		.uleb128 0x3
 1147 00f3 0E       		.uleb128 0xe
 1148 00f4 3A       		.uleb128 0x3a
 1149 00f5 0B       		.uleb128 0xb
 1150 00f6 3B       		.uleb128 0x3b
 1151 00f7 0B       		.uleb128 0xb
 1152 00f8 49       		.uleb128 0x49
 1153 00f9 13       		.uleb128 0x13
 1154 00fa 11       		.uleb128 0x11
 1155 00fb 01       		.uleb128 0x1
 1156 00fc 12       		.uleb128 0x12
 1157 00fd 06       		.uleb128 0x6
 1158 00fe 40       		.uleb128 0x40
 1159 00ff 18       		.uleb128 0x18
 1160 0100 9742     		.uleb128 0x2117
 1161 0102 19       		.uleb128 0x19
 1162 0103 01       		.uleb128 0x1
 1163 0104 13       		.uleb128 0x13
 1164 0105 00       		.byte	0
 1165 0106 00       		.byte	0
 1166 0107 12       		.uleb128 0x12
 1167 0108 34       		.uleb128 0x34
 1168 0109 00       		.byte	0
 1169 010a 03       		.uleb128 0x3
 1170 010b 0E       		.uleb128 0xe
 1171 010c 3A       		.uleb128 0x3a
 1172 010d 0B       		.uleb128 0xb
 1173 010e 3B       		.uleb128 0x3b
 1174 010f 0B       		.uleb128 0xb
 1175 0110 49       		.uleb128 0x49
 1176 0111 13       		.uleb128 0x13
 1177 0112 3F       		.uleb128 0x3f
 1178 0113 19       		.uleb128 0x19
ARM GAS  C:\Users\Petro\AppData\Local\Temp\cc2ksdt6.s 			page 24


 1179 0114 02       		.uleb128 0x2
 1180 0115 18       		.uleb128 0x18
 1181 0116 00       		.byte	0
 1182 0117 00       		.byte	0
 1183 0118 13       		.uleb128 0x13
 1184 0119 01       		.uleb128 0x1
 1185 011a 01       		.byte	0x1
 1186 011b 49       		.uleb128 0x49
 1187 011c 13       		.uleb128 0x13
 1188 011d 01       		.uleb128 0x1
 1189 011e 13       		.uleb128 0x13
 1190 011f 00       		.byte	0
 1191 0120 00       		.byte	0
 1192 0121 14       		.uleb128 0x14
 1193 0122 21       		.uleb128 0x21
 1194 0123 00       		.byte	0
 1195 0124 49       		.uleb128 0x49
 1196 0125 13       		.uleb128 0x13
 1197 0126 2F       		.uleb128 0x2f
 1198 0127 0B       		.uleb128 0xb
 1199 0128 00       		.byte	0
 1200 0129 00       		.byte	0
 1201 012a 15       		.uleb128 0x15
 1202 012b 2E       		.uleb128 0x2e
 1203 012c 00       		.byte	0
 1204 012d 3F       		.uleb128 0x3f
 1205 012e 19       		.uleb128 0x19
 1206 012f 03       		.uleb128 0x3
 1207 0130 0E       		.uleb128 0xe
 1208 0131 3A       		.uleb128 0x3a
 1209 0132 0B       		.uleb128 0xb
 1210 0133 3B       		.uleb128 0x3b
 1211 0134 0B       		.uleb128 0xb
 1212 0135 27       		.uleb128 0x27
 1213 0136 19       		.uleb128 0x19
 1214 0137 3C       		.uleb128 0x3c
 1215 0138 19       		.uleb128 0x19
 1216 0139 00       		.byte	0
 1217 013a 00       		.byte	0
 1218 013b 16       		.uleb128 0x16
 1219 013c 2E       		.uleb128 0x2e
 1220 013d 01       		.byte	0x1
 1221 013e 3F       		.uleb128 0x3f
 1222 013f 19       		.uleb128 0x19
 1223 0140 03       		.uleb128 0x3
 1224 0141 0E       		.uleb128 0xe
 1225 0142 3A       		.uleb128 0x3a
 1226 0143 0B       		.uleb128 0xb
 1227 0144 3B       		.uleb128 0x3b
 1228 0145 0B       		.uleb128 0xb
 1229 0146 27       		.uleb128 0x27
 1230 0147 19       		.uleb128 0x19
 1231 0148 3C       		.uleb128 0x3c
 1232 0149 19       		.uleb128 0x19
 1233 014a 01       		.uleb128 0x1
 1234 014b 13       		.uleb128 0x13
 1235 014c 00       		.byte	0
ARM GAS  C:\Users\Petro\AppData\Local\Temp\cc2ksdt6.s 			page 25


 1236 014d 00       		.byte	0
 1237 014e 17       		.uleb128 0x17
 1238 014f 05       		.uleb128 0x5
 1239 0150 00       		.byte	0
 1240 0151 49       		.uleb128 0x49
 1241 0152 13       		.uleb128 0x13
 1242 0153 00       		.byte	0
 1243 0154 00       		.byte	0
 1244 0155 18       		.uleb128 0x18
 1245 0156 2E       		.uleb128 0x2e
 1246 0157 01       		.byte	0x1
 1247 0158 3F       		.uleb128 0x3f
 1248 0159 19       		.uleb128 0x19
 1249 015a 03       		.uleb128 0x3
 1250 015b 0E       		.uleb128 0xe
 1251 015c 3A       		.uleb128 0x3a
 1252 015d 0B       		.uleb128 0xb
 1253 015e 3B       		.uleb128 0x3b
 1254 015f 0B       		.uleb128 0xb
 1255 0160 3C       		.uleb128 0x3c
 1256 0161 19       		.uleb128 0x19
 1257 0162 01       		.uleb128 0x1
 1258 0163 13       		.uleb128 0x13
 1259 0164 00       		.byte	0
 1260 0165 00       		.byte	0
 1261 0166 19       		.uleb128 0x19
 1262 0167 18       		.uleb128 0x18
 1263 0168 00       		.byte	0
 1264 0169 00       		.byte	0
 1265 016a 00       		.byte	0
 1266 016b 1A       		.uleb128 0x1a
 1267 016c 2E       		.uleb128 0x2e
 1268 016d 00       		.byte	0
 1269 016e 3F       		.uleb128 0x3f
 1270 016f 19       		.uleb128 0x19
 1271 0170 03       		.uleb128 0x3
 1272 0171 0E       		.uleb128 0xe
 1273 0172 3A       		.uleb128 0x3a
 1274 0173 0B       		.uleb128 0xb
 1275 0174 3B       		.uleb128 0x3b
 1276 0175 0B       		.uleb128 0xb
 1277 0176 27       		.uleb128 0x27
 1278 0177 19       		.uleb128 0x19
 1279 0178 49       		.uleb128 0x49
 1280 0179 13       		.uleb128 0x13
 1281 017a 3C       		.uleb128 0x3c
 1282 017b 19       		.uleb128 0x19
 1283 017c 00       		.byte	0
 1284 017d 00       		.byte	0
 1285 017e 1B       		.uleb128 0x1b
 1286 017f 2E       		.uleb128 0x2e
 1287 0180 01       		.byte	0x1
 1288 0181 3F       		.uleb128 0x3f
 1289 0182 19       		.uleb128 0x19
 1290 0183 03       		.uleb128 0x3
 1291 0184 0E       		.uleb128 0xe
 1292 0185 3A       		.uleb128 0x3a
ARM GAS  C:\Users\Petro\AppData\Local\Temp\cc2ksdt6.s 			page 26


 1293 0186 0B       		.uleb128 0xb
 1294 0187 3B       		.uleb128 0x3b
 1295 0188 0B       		.uleb128 0xb
 1296 0189 27       		.uleb128 0x27
 1297 018a 19       		.uleb128 0x19
 1298 018b 49       		.uleb128 0x49
 1299 018c 13       		.uleb128 0x13
 1300 018d 3C       		.uleb128 0x3c
 1301 018e 19       		.uleb128 0x19
 1302 018f 01       		.uleb128 0x1
 1303 0190 13       		.uleb128 0x13
 1304 0191 00       		.byte	0
 1305 0192 00       		.byte	0
 1306 0193 1C       		.uleb128 0x1c
 1307 0194 2E       		.uleb128 0x2e
 1308 0195 01       		.byte	0x1
 1309 0196 3F       		.uleb128 0x3f
 1310 0197 19       		.uleb128 0x19
 1311 0198 03       		.uleb128 0x3
 1312 0199 0E       		.uleb128 0xe
 1313 019a 3A       		.uleb128 0x3a
 1314 019b 0B       		.uleb128 0xb
 1315 019c 3B       		.uleb128 0x3b
 1316 019d 0B       		.uleb128 0xb
 1317 019e 27       		.uleb128 0x27
 1318 019f 19       		.uleb128 0x19
 1319 01a0 3C       		.uleb128 0x3c
 1320 01a1 19       		.uleb128 0x19
 1321 01a2 00       		.byte	0
 1322 01a3 00       		.byte	0
 1323 01a4 00       		.byte	0
 1324              		.section	.debug_loc,"",%progbits
 1325              	.Ldebug_loc0:
 1326              	.LLST0:
 1327 0000 02000000 		.4byte	.LVL5
 1328 0004 10000000 		.4byte	.LVL7
 1329 0008 0200     		.2byte	0x2
 1330 000a 30       		.byte	0x30
 1331 000b 9F       		.byte	0x9f
 1332 000c 10000000 		.4byte	.LVL7
 1333 0010 12000000 		.4byte	.LFE62
 1334 0014 0100     		.2byte	0x1
 1335 0016 50       		.byte	0x50
 1336 0017 00000000 		.4byte	0
 1337 001b 00000000 		.4byte	0
 1338              	.LLST1:
 1339 001f 38000000 		.4byte	.LVL15
 1340 0023 5C000000 		.4byte	.LVL21
 1341 0027 0600     		.2byte	0x6
 1342 0029 54       		.byte	0x54
 1343 002a 93       		.byte	0x93
 1344 002b 04       		.uleb128 0x4
 1345 002c 55       		.byte	0x55
 1346 002d 93       		.byte	0x93
 1347 002e 04       		.uleb128 0x4
 1348 002f 00000000 		.4byte	0
 1349 0033 00000000 		.4byte	0
ARM GAS  C:\Users\Petro\AppData\Local\Temp\cc2ksdt6.s 			page 27


 1350              		.section	.debug_aranges,"",%progbits
 1351 0000 3C000000 		.4byte	0x3c
 1352 0004 0200     		.2byte	0x2
 1353 0006 00000000 		.4byte	.Ldebug_info0
 1354 000a 04       		.byte	0x4
 1355 000b 00       		.byte	0
 1356 000c 0000     		.2byte	0
 1357 000e 0000     		.2byte	0
 1358 0010 00000000 		.4byte	.LFB61
 1359 0014 1A000000 		.4byte	.LFE61-.LFB61
 1360 0018 00000000 		.4byte	.LFB62
 1361 001c 12000000 		.4byte	.LFE62-.LFB62
 1362 0020 00000000 		.4byte	.LFB63
 1363 0024 84000000 		.4byte	.LFE63-.LFB63
 1364 0028 00000000 		.4byte	.LFB64
 1365 002c 14000000 		.4byte	.LFE64-.LFB64
 1366 0030 00000000 		.4byte	.LFB60
 1367 0034 1C000000 		.4byte	.LFE60-.LFB60
 1368 0038 00000000 		.4byte	0
 1369 003c 00000000 		.4byte	0
 1370              		.section	.debug_ranges,"",%progbits
 1371              	.Ldebug_ranges0:
 1372 0000 00000000 		.4byte	.LFB61
 1373 0004 1A000000 		.4byte	.LFE61
 1374 0008 00000000 		.4byte	.LFB62
 1375 000c 12000000 		.4byte	.LFE62
 1376 0010 00000000 		.4byte	.LFB63
 1377 0014 84000000 		.4byte	.LFE63
 1378 0018 00000000 		.4byte	.LFB64
 1379 001c 14000000 		.4byte	.LFE64
 1380 0020 00000000 		.4byte	.LFB60
 1381 0024 1C000000 		.4byte	.LFE60
 1382 0028 00000000 		.4byte	0
 1383 002c 00000000 		.4byte	0
 1384              		.section	.debug_line,"",%progbits
 1385              	.Ldebug_line0:
 1386 0000 37020000 		.section	.debug_str,"MS",%progbits,1
 1386      0200B701 
 1386      00000201 
 1386      FB0E0D00 
 1386      01010101 
 1387              	.LASF55:
 1388 0000 52544367 		.ascii	"RTCgetTime\000"
 1388      65745469 
 1388      6D6500
 1389              	.LASF30:
 1390 000b 72657375 		.ascii	"result\000"
 1390      6C7400
 1391              	.LASF37:
 1392 0012 4C656E53 		.ascii	"LenSeq\000"
 1392      657100
 1393              	.LASF19:
 1394 0019 646F7562 		.ascii	"double\000"
 1394      6C6500
 1395              	.LASF42:
 1396 0020 737A4368 		.ascii	"szCheckSum\000"
 1396      65636B53 
ARM GAS  C:\Users\Petro\AppData\Local\Temp\cc2ksdt6.s 			page 28


 1396      756D00
 1397              	.LASF41:
 1398 002b 737A4461 		.ascii	"szData\000"
 1398      746100
 1399              	.LASF16:
 1400 0032 75696E74 		.ascii	"uint64_t\000"
 1400      36345F74 
 1400      00
 1401              	.LASF2:
 1402 003b 73686F72 		.ascii	"short int\000"
 1402      7420696E 
 1402      7400
 1403              	.LASF21:
 1404 0045 73697A65 		.ascii	"sizetype\000"
 1404      74797065 
 1404      00
 1405              	.LASF64:
 1406 004e 53797374 		.ascii	"SystemReadyToStart\000"
 1406      656D5265 
 1406      61647954 
 1406      6F537461 
 1406      727400
 1407              	.LASF33:
 1408 0061 6D61696E 		.ascii	"main\000"
 1408      00
 1409              	.LASF7:
 1410 0066 5F5F7569 		.ascii	"__uint32_t\000"
 1410      6E743332 
 1410      5F7400
 1411              	.LASF4:
 1412 0071 5F5F7569 		.ascii	"__uint16_t\000"
 1412      6E743136 
 1412      5F7400
 1413              	.LASF56:
 1414 007c 44617461 		.ascii	"DatabaseWrite\000"
 1414      62617365 
 1414      57726974 
 1414      6500
 1415              	.LASF13:
 1416 008a 75696E74 		.ascii	"uint8_t\000"
 1416      385F7400 
 1417              	.LASF53:
 1418 0092 47617465 		.ascii	"GateOpen\000"
 1418      4F70656E 
 1418      00
 1419              	.LASF40:
 1420 009b 737A5365 		.ascii	"szSeq\000"
 1420      7100
 1421              	.LASF18:
 1422 00a1 666C6F61 		.ascii	"float\000"
 1422      7400
 1423              	.LASF34:
 1424 00a7 50524F54 		.ascii	"PROTO_STATE\000"
 1424      4F5F5354 
 1424      41544500 
 1425              	.LASF9:
 1426 00b3 6C6F6E67 		.ascii	"long long int\000"
ARM GAS  C:\Users\Petro\AppData\Local\Temp\cc2ksdt6.s 			page 29


 1426      206C6F6E 
 1426      6720696E 
 1426      7400
 1427              	.LASF32:
 1428 00c1 4572726F 		.ascii	"ErrorStarted\000"
 1428      72537461 
 1428      72746564 
 1428      00
 1429              	.LASF52:
 1430 00ce 496E6974 		.ascii	"InitWaitingTimer\000"
 1430      57616974 
 1430      696E6754 
 1430      696D6572 
 1430      00
 1431              	.LASF6:
 1432 00df 6C6F6E67 		.ascii	"long int\000"
 1432      20696E74 
 1432      00
 1433              	.LASF63:
 1434 00e8 52657370 		.ascii	"Resp\000"
 1434      00
 1435              	.LASF58:
 1436 00ed 4E657477 		.ascii	"NetworkInit\000"
 1436      6F726B49 
 1436      6E697400 
 1437              	.LASF3:
 1438 00f9 5F5F7569 		.ascii	"__uint8_t\000"
 1438      6E74385F 
 1438      7400
 1439              	.LASF25:
 1440 0103 43686563 		.ascii	"CheckSum\000"
 1440      6B53756D 
 1440      00
 1441              	.LASF60:
 1442 010c 474E5520 		.ascii	"GNU C 4.9.3 20150303 (release) [ARM/embedded-4_9-br"
 1442      4320342E 
 1442      392E3320 
 1442      32303135 
 1442      30333033 
 1443 013f 616E6368 		.ascii	"anch revision 221220] -mcpu=cortex-m0 -mthumb -g -O"
 1443      20726576 
 1443      6973696F 
 1443      6E203232 
 1443      31323230 
 1444 0172 67202D66 		.ascii	"g -ffunction-sections -ffat-lto-objects\000"
 1444      66756E63 
 1444      74696F6E 
 1444      2D736563 
 1444      74696F6E 
 1445              	.LASF1:
 1446 019a 756E7369 		.ascii	"unsigned char\000"
 1446      676E6564 
 1446      20636861 
 1446      7200
 1447              	.LASF35:
 1448 01a8 4C656E44 		.ascii	"LenD1\000"
 1448      3100
ARM GAS  C:\Users\Petro\AppData\Local\Temp\cc2ksdt6.s 			page 30


 1449              	.LASF36:
 1450 01ae 4C656E44 		.ascii	"LenD2\000"
 1450      3200
 1451              	.LASF54:
 1452 01b4 57616974 		.ascii	"WaitingTimeOut\000"
 1452      696E6754 
 1452      696D654F 
 1452      757400
 1453              	.LASF0:
 1454 01c3 7369676E 		.ascii	"signed char\000"
 1454      65642063 
 1454      68617200 
 1455              	.LASF11:
 1456 01cf 6C6F6E67 		.ascii	"long long unsigned int\000"
 1456      206C6F6E 
 1456      6720756E 
 1456      7369676E 
 1456      65642069 
 1457              	.LASF48:
 1458 01e6 5254435F 		.ascii	"RTC_WDT_Init\000"
 1458      5744545F 
 1458      496E6974 
 1458      00
 1459              	.LASF15:
 1460 01f3 75696E74 		.ascii	"uint32_t\000"
 1460      33325F74 
 1460      00
 1461              	.LASF43:
 1462 01fc 54585F52 		.ascii	"TX_RESP\000"
 1462      45535000 
 1463              	.LASF12:
 1464 0204 756E7369 		.ascii	"unsigned int\000"
 1464      676E6564 
 1464      20696E74 
 1464      00
 1465              	.LASF38:
 1466 0211 4C656E43 		.ascii	"LenChS\000"
 1466      685300
 1467              	.LASF8:
 1468 0218 6C6F6E67 		.ascii	"long unsigned int\000"
 1468      20756E73 
 1468      69676E65 
 1468      6420696E 
 1468      7400
 1469              	.LASF31:
 1470 022a 74696D65 		.ascii	"time\000"
 1470      00
 1471              	.LASF28:
 1472 022f 53797374 		.ascii	"SystemInit\000"
 1472      656D496E 
 1472      697400
 1473              	.LASF5:
 1474 023a 73686F72 		.ascii	"short unsigned int\000"
 1474      7420756E 
 1474      7369676E 
 1474      65642069 
 1474      6E7400
ARM GAS  C:\Users\Petro\AppData\Local\Temp\cc2ksdt6.s 			page 31


 1475              	.LASF22:
 1476 024d 436F6D6D 		.ascii	"Command\000"
 1476      616E6400 
 1477              	.LASF57:
 1478 0255 44697370 		.ascii	"DisplayPrintTime\000"
 1478      6C617950 
 1478      72696E74 
 1478      54696D65 
 1478      00
 1479              	.LASF20:
 1480 0266 63686172 		.ascii	"char\000"
 1480      00
 1481              	.LASF44:
 1482 026b 52585354 		.ascii	"RXSTATUS\000"
 1482      41545553 
 1482      00
 1483              	.LASF51:
 1484 0274 5365744C 		.ascii	"SetLedState\000"
 1484      65645374 
 1484      61746500 
 1485              	.LASF49:
 1486 0280 4C656442 		.ascii	"LedBlink\000"
 1486      6C696E6B 
 1486      00
 1487              	.LASF27:
 1488 0289 5F426F6F 		.ascii	"_Bool\000"
 1488      6C00
 1489              	.LASF23:
 1490 028f 44617461 		.ascii	"Data1\000"
 1490      3100
 1491              	.LASF24:
 1492 0295 44617461 		.ascii	"Data2\000"
 1492      3200
 1493              	.LASF10:
 1494 029b 5F5F7569 		.ascii	"__uint64_t\000"
 1494      6E743634 
 1494      5F7400
 1495              	.LASF14:
 1496 02a6 75696E74 		.ascii	"uint16_t\000"
 1496      31365F74 
 1496      00
 1497              	.LASF47:
 1498 02af 44697370 		.ascii	"DisplayConfig\000"
 1498      6C617943 
 1498      6F6E6669 
 1498      6700
 1499              	.LASF62:
 1500 02bd 443A5C43 		.ascii	"D:\\Cypress\\system-start-finish\\vesion 2\\fw\\sta"
 1500      79707265 
 1500      73735C73 
 1500      79737465 
 1500      6D2D7374 
 1501 02eb 72745C73 		.ascii	"rt\\sandbox\\v1\\Workspace01\\start01.cydsn\000"
 1501      616E6462 
 1501      6F785C76 
 1501      315C576F 
 1501      726B7370 
ARM GAS  C:\Users\Petro\AppData\Local\Temp\cc2ksdt6.s 			page 32


 1502              	.LASF17:
 1503 0313 75696E74 		.ascii	"uint32\000"
 1503      333200
 1504              	.LASF46:
 1505 031a 4C656449 		.ascii	"LedInit\000"
 1505      6E697400 
 1506              	.LASF61:
 1507 0322 2E5C6D61 		.ascii	".\\main.c\000"
 1507      696E2E63 
 1507      00
 1508              	.LASF45:
 1509 032b 52657370 		.ascii	"RespBuff\000"
 1509      42756666 
 1509      00
 1510              	.LASF29:
 1511 0334 536B6965 		.ascii	"SkierStart\000"
 1511      72537461 
 1511      727400
 1512              	.LASF50:
 1513 033f 44697370 		.ascii	"DisplayPrintf\000"
 1513      6C617950 
 1513      72696E74 
 1513      6600
 1514              	.LASF26:
 1515 034d 456E6450 		.ascii	"EndPacket\000"
 1515      61636B65 
 1515      7400
 1516              	.LASF39:
 1517 0357 4C656E43 		.ascii	"LenC\000"
 1517      00
 1518              	.LASF59:
 1519 035c 43794465 		.ascii	"CyDelay\000"
 1519      6C617900 
 1520              		.ident	"GCC: (GNU Tools for ARM Embedded Processors) 4.9.3 20150303 (release) [ARM/embedded-4_9-br
