ARM GAS  C:\Users\Petro\AppData\Local\Temp\ccrByaxc.s 			page 1


   1              		.cpu cortex-m0
   2              		.fpu softvfp
   3              		.eabi_attribute 20, 1
   4              		.eabi_attribute 21, 1
   5              		.eabi_attribute 23, 3
   6              		.eabi_attribute 24, 1
   7              		.eabi_attribute 25, 1
   8              		.eabi_attribute 26, 1
   9              		.eabi_attribute 30, 1
  10              		.eabi_attribute 34, 0
  11              		.eabi_attribute 18, 4
  12              		.code	16
  13              		.file	"network.c"
  14              		.text
  15              	.Ltext0:
  16              		.cfi_sections	.debug_frame
  17              		.section	.text.CheckConnection,"ax",%progbits
  18              		.align	2
  19              		.global	CheckConnection
  20              		.code	16
  21              		.thumb_func
  22              		.type	CheckConnection, %function
  23              	CheckConnection:
  24              	.LFB0:
  25              		.file 1 ".\\network.c"
   1:.\network.c   **** /* ========================================
   2:.\network.c   ****  *
   3:.\network.c   ****  * Copyright YOUR COMPANY, THE YEAR
   4:.\network.c   ****  * All Rights Reserved
   5:.\network.c   ****  * UNPUBLISHED, LICENSED SOFTWARE.
   6:.\network.c   ****  *
   7:.\network.c   ****  * CONFIDENTIAL AND PROPRIETARY INFORMATION
   8:.\network.c   ****  * WHICH IS THE PROPERTY OF your company.
   9:.\network.c   ****  *
  10:.\network.c   ****  * ========================================
  11:.\network.c   **** */
  12:.\network.c   **** #include <network.h>
  13:.\network.c   **** 
  14:.\network.c   **** uint32_t CheckConnection()
  15:.\network.c   **** {
  26              		.loc 1 15 0
  27              		.cfi_startproc
  28 0000 38B5     		push	{r3, r4, r5, lr}
  29              		.cfi_def_cfa_offset 16
  30              		.cfi_offset 3, -16
  31              		.cfi_offset 4, -12
  32              		.cfi_offset 5, -8
  33              		.cfi_offset 14, -4
  34              	.LVL0:
  16:.\network.c   ****     uint32_t Stat = 0;
  17:.\network.c   ****     uint32_t Resp = 0;
  18:.\network.c   ****     uint32_t Ticks = 0;
  19:.\network.c   **** 
  20:.\network.c   ****     
  21:.\network.c   ****     UART_XB_UartPutChar(XBEE_COMM_RD);
  35              		.loc 1 21 0
  36 0002 5220     		mov	r0, #82
ARM GAS  C:\Users\Petro\AppData\Local\Temp\ccrByaxc.s 			page 2


  37 0004 FFF7FEFF 		bl	UART_XB_SpiUartWriteTxData
  38              	.LVL1:
  18:.\network.c   **** 
  39              		.loc 1 18 0
  40 0008 0024     		mov	r4, #0
  16:.\network.c   ****     uint32_t Stat = 0;
  41              		.loc 1 16 0
  42 000a 0025     		mov	r5, #0
  22:.\network.c   ****     
  23:.\network.c   ****     #ifdef DEBUG_W_UART
  24:.\network.c   ****     UART_PC_UartPutString("Sending Packet For Ready Start Module\r\n");
  25:.\network.c   ****     #endif
  26:.\network.c   ****     
  27:.\network.c   ****     while ((++Ticks<50) && !Stat)
  43              		.loc 1 27 0
  44 000c 09E0     		b	.L2
  45              	.LVL2:
  46              	.L5:
  28:.\network.c   ****     {
  29:.\network.c   ****         CyDelay(100);
  47              		.loc 1 29 0
  48 000e 6420     		mov	r0, #100
  49 0010 FFF7FEFF 		bl	CyDelay
  50              	.LVL3:
  30:.\network.c   ****         Resp = (UART_XB_UartGetChar() & 0xFF);
  51              		.loc 1 30 0
  52 0014 FFF7FEFF 		bl	UART_XB_UartGetChar
  53              	.LVL4:
  54 0018 FF23     		mov	r3, #255
  55 001a 1840     		and	r0, r3
  56              	.LVL5:
  31:.\network.c   ****         if (XBEE_COMM_OK == Resp)
  57              		.loc 1 31 0
  58 001c 4F28     		cmp	r0, #79
  59 001e 00D1     		bne	.L2
  32:.\network.c   ****         {
  33:.\network.c   ****             Stat = 1;
  60              		.loc 1 33 0
  61 0020 0125     		mov	r5, #1
  62              	.LVL6:
  63              	.L2:
  27:.\network.c   ****     {
  64              		.loc 1 27 0
  65 0022 0134     		add	r4, r4, #1
  66              	.LVL7:
  67 0024 312C     		cmp	r4, #49
  68 0026 01D8     		bhi	.L4
  27:.\network.c   ****     {
  69              		.loc 1 27 0 is_stmt 0 discriminator 1
  70 0028 002D     		cmp	r5, #0
  71 002a F0D0     		beq	.L5
  72              	.L4:
  34:.\network.c   ****             
  35:.\network.c   ****             #ifdef DEBUG_W_UART
  36:.\network.c   ****             UART_PC_UartPutString("OK RECIEVED\r\n");
  37:.\network.c   ****             #endif
  38:.\network.c   ****         }
ARM GAS  C:\Users\Petro\AppData\Local\Temp\ccrByaxc.s 			page 3


  39:.\network.c   ****     }
  40:.\network.c   ****     
  41:.\network.c   ****     #ifdef DEBUG_W_UART
  42:.\network.c   ****     if (!Stat)
  43:.\network.c   ****         UART_PC_UartPutString("ERR: TIMEOUT\r\n");
  44:.\network.c   ****     #endif    
  45:.\network.c   ****     
  46:.\network.c   ****     return Stat;
  47:.\network.c   **** }
  73              		.loc 1 47 0 is_stmt 1
  74 002c 281C     		mov	r0, r5
  75              		@ sp needed
  76              	.LVL8:
  77              	.LVL9:
  78 002e 38BD     		pop	{r3, r4, r5, pc}
  79              		.cfi_endproc
  80              	.LFE0:
  81              		.size	CheckConnection, .-CheckConnection
  82              		.section	.text.NTP_Send,"ax",%progbits
  83              		.align	2
  84              		.global	NTP_Send
  85              		.code	16
  86              		.thumb_func
  87              		.type	NTP_Send, %function
  88              	NTP_Send:
  89              	.LFB1:
  48:.\network.c   **** 
  49:.\network.c   **** uint32_t NTP_Send()
  50:.\network.c   **** {
  90              		.loc 1 50 0
  91              		.cfi_startproc
  51:.\network.c   ****     return 1u;
  52:.\network.c   **** }
  92              		.loc 1 52 0
  93 0000 0120     		mov	r0, #1
  94              		@ sp needed
  95 0002 7047     		bx	lr
  96              		.cfi_endproc
  97              	.LFE1:
  98              		.size	NTP_Send, .-NTP_Send
  99              		.text
 100              	.Letext0:
 101              		.file 2 "c:\\program files (x86)\\cypress\\psoc creator\\3.3\\psoc creator\\import\\gnu\\arm\\4.9.
 102              		.file 3 "c:\\program files (x86)\\cypress\\psoc creator\\3.3\\psoc creator\\import\\gnu\\arm\\4.9.
 103              		.file 4 "Generated_Source\\PSoC4/cytypes.h"
 104              		.file 5 "Generated_Source\\PSoC4/UART_XB_SPI_UART.h"
 105              		.file 6 "Generated_Source\\PSoC4/CyLib.h"
 106              		.section	.debug_info,"",%progbits
 107              	.Ldebug_info0:
 108 0000 62010000 		.4byte	0x162
 109 0004 0400     		.2byte	0x4
 110 0006 00000000 		.4byte	.Ldebug_abbrev0
 111 000a 04       		.byte	0x4
 112 000b 01       		.uleb128 0x1
 113 000c 6E010000 		.4byte	.LASF21
 114 0010 01       		.byte	0x1
 115 0011 8B000000 		.4byte	.LASF22
ARM GAS  C:\Users\Petro\AppData\Local\Temp\ccrByaxc.s 			page 4


 116 0015 2D000000 		.4byte	.LASF23
 117 0019 00000000 		.4byte	.Ldebug_ranges0+0
 118 001d 00000000 		.4byte	0
 119 0021 00000000 		.4byte	.Ldebug_line0
 120 0025 02       		.uleb128 0x2
 121 0026 01       		.byte	0x1
 122 0027 06       		.byte	0x6
 123 0028 34010000 		.4byte	.LASF0
 124 002c 02       		.uleb128 0x2
 125 002d 01       		.byte	0x1
 126 002e 08       		.byte	0x8
 127 002f EF000000 		.4byte	.LASF1
 128 0033 02       		.uleb128 0x2
 129 0034 02       		.byte	0x2
 130 0035 05       		.byte	0x5
 131 0036 64010000 		.4byte	.LASF2
 132 003a 02       		.uleb128 0x2
 133 003b 02       		.byte	0x2
 134 003c 07       		.byte	0x7
 135 003d 21010000 		.4byte	.LASF3
 136 0041 02       		.uleb128 0x2
 137 0042 04       		.byte	0x4
 138 0043 05       		.byte	0x5
 139 0044 0B010000 		.4byte	.LASF4
 140 0048 03       		.uleb128 0x3
 141 0049 22000000 		.4byte	.LASF9
 142 004d 02       		.byte	0x2
 143 004e 41       		.byte	0x41
 144 004f 53000000 		.4byte	0x53
 145 0053 02       		.uleb128 0x2
 146 0054 04       		.byte	0x4
 147 0055 07       		.byte	0x7
 148 0056 97000000 		.4byte	.LASF5
 149 005a 02       		.uleb128 0x2
 150 005b 08       		.byte	0x8
 151 005c 05       		.byte	0x5
 152 005d 00000000 		.4byte	.LASF6
 153 0061 02       		.uleb128 0x2
 154 0062 08       		.byte	0x8
 155 0063 07       		.byte	0x7
 156 0064 BD000000 		.4byte	.LASF7
 157 0068 04       		.uleb128 0x4
 158 0069 04       		.byte	0x4
 159 006a 05       		.byte	0x5
 160 006b 696E7400 		.ascii	"int\000"
 161 006f 02       		.uleb128 0x2
 162 0070 04       		.byte	0x4
 163 0071 07       		.byte	0x7
 164 0072 15000000 		.4byte	.LASF8
 165 0076 03       		.uleb128 0x3
 166 0077 02010000 		.4byte	.LASF10
 167 007b 03       		.byte	0x3
 168 007c 2D       		.byte	0x2d
 169 007d 48000000 		.4byte	0x48
 170 0081 05       		.uleb128 0x5
 171 0082 0E000000 		.4byte	.LASF11
 172 0086 04       		.byte	0x4
ARM GAS  C:\Users\Petro\AppData\Local\Temp\ccrByaxc.s 			page 5


 173 0087 9A01     		.2byte	0x19a
 174 0089 53000000 		.4byte	0x53
 175 008d 02       		.uleb128 0x2
 176 008e 04       		.byte	0x4
 177 008f 04       		.byte	0x4
 178 0090 E4000000 		.4byte	.LASF12
 179 0094 02       		.uleb128 0x2
 180 0095 08       		.byte	0x8
 181 0096 04       		.byte	0x4
 182 0097 14010000 		.4byte	.LASF13
 183 009b 02       		.uleb128 0x2
 184 009c 01       		.byte	0x1
 185 009d 08       		.byte	0x8
 186 009e FD000000 		.4byte	.LASF14
 187 00a2 02       		.uleb128 0x2
 188 00a3 04       		.byte	0x4
 189 00a4 07       		.byte	0x7
 190 00a5 40010000 		.4byte	.LASF15
 191 00a9 06       		.uleb128 0x6
 192 00aa D4000000 		.4byte	.LASF24
 193 00ae 01       		.byte	0x1
 194 00af 0E       		.byte	0xe
 195 00b0 76000000 		.4byte	0x76
 196 00b4 00000000 		.4byte	.LFB0
 197 00b8 30000000 		.4byte	.LFE0-.LFB0
 198 00bc 01       		.uleb128 0x1
 199 00bd 9C       		.byte	0x9c
 200 00be 21010000 		.4byte	0x121
 201 00c2 07       		.uleb128 0x7
 202 00c3 05020000 		.4byte	.LASF16
 203 00c7 01       		.byte	0x1
 204 00c8 10       		.byte	0x10
 205 00c9 76000000 		.4byte	0x76
 206 00cd 00000000 		.4byte	.LLST0
 207 00d1 07       		.uleb128 0x7
 208 00d2 EA000000 		.4byte	.LASF17
 209 00d6 01       		.byte	0x1
 210 00d7 11       		.byte	0x11
 211 00d8 76000000 		.4byte	0x76
 212 00dc 2A000000 		.4byte	.LLST1
 213 00e0 07       		.uleb128 0x7
 214 00e1 1B010000 		.4byte	.LASF18
 215 00e5 01       		.byte	0x1
 216 00e6 12       		.byte	0x12
 217 00e7 76000000 		.4byte	0x76
 218 00eb 49000000 		.4byte	.LLST2
 219 00ef 08       		.uleb128 0x8
 220 00f0 08000000 		.4byte	.LVL1
 221 00f4 36010000 		.4byte	0x136
 222 00f8 03010000 		.4byte	0x103
 223 00fc 09       		.uleb128 0x9
 224 00fd 01       		.uleb128 0x1
 225 00fe 50       		.byte	0x50
 226 00ff 02       		.uleb128 0x2
 227 0100 08       		.byte	0x8
 228 0101 52       		.byte	0x52
 229 0102 00       		.byte	0
ARM GAS  C:\Users\Petro\AppData\Local\Temp\ccrByaxc.s 			page 6


 230 0103 08       		.uleb128 0x8
 231 0104 14000000 		.4byte	.LVL3
 232 0108 48010000 		.4byte	0x148
 233 010c 17010000 		.4byte	0x117
 234 0110 09       		.uleb128 0x9
 235 0111 01       		.uleb128 0x1
 236 0112 50       		.byte	0x50
 237 0113 02       		.uleb128 0x2
 238 0114 08       		.byte	0x8
 239 0115 64       		.byte	0x64
 240 0116 00       		.byte	0
 241 0117 0A       		.uleb128 0xa
 242 0118 18000000 		.4byte	.LVL4
 243 011c 59010000 		.4byte	0x159
 244 0120 00       		.byte	0
 245 0121 0B       		.uleb128 0xb
 246 0122 FC010000 		.4byte	.LASF25
 247 0126 01       		.byte	0x1
 248 0127 31       		.byte	0x31
 249 0128 76000000 		.4byte	0x76
 250 012c 00000000 		.4byte	.LFB1
 251 0130 04000000 		.4byte	.LFE1-.LFB1
 252 0134 01       		.uleb128 0x1
 253 0135 9C       		.byte	0x9c
 254 0136 0C       		.uleb128 0xc
 255 0137 49010000 		.4byte	.LASF19
 256 013b 05       		.byte	0x5
 257 013c 3A03     		.2byte	0x33a
 258 013e 48010000 		.4byte	0x148
 259 0142 0D       		.uleb128 0xd
 260 0143 81000000 		.4byte	0x81
 261 0147 00       		.byte	0
 262 0148 0E       		.uleb128 0xe
 263 0149 83000000 		.4byte	.LASF20
 264 014d 06       		.byte	0x6
 265 014e D7       		.byte	0xd7
 266 014f 59010000 		.4byte	0x159
 267 0153 0D       		.uleb128 0xd
 268 0154 81000000 		.4byte	0x81
 269 0158 00       		.byte	0
 270 0159 0F       		.uleb128 0xf
 271 015a A9000000 		.4byte	.LASF26
 272 015e 05       		.byte	0x5
 273 015f 0603     		.2byte	0x306
 274 0161 81000000 		.4byte	0x81
 275 0165 00       		.byte	0
 276              		.section	.debug_abbrev,"",%progbits
 277              	.Ldebug_abbrev0:
 278 0000 01       		.uleb128 0x1
 279 0001 11       		.uleb128 0x11
 280 0002 01       		.byte	0x1
 281 0003 25       		.uleb128 0x25
 282 0004 0E       		.uleb128 0xe
 283 0005 13       		.uleb128 0x13
 284 0006 0B       		.uleb128 0xb
 285 0007 03       		.uleb128 0x3
 286 0008 0E       		.uleb128 0xe
ARM GAS  C:\Users\Petro\AppData\Local\Temp\ccrByaxc.s 			page 7


 287 0009 1B       		.uleb128 0x1b
 288 000a 0E       		.uleb128 0xe
 289 000b 55       		.uleb128 0x55
 290 000c 17       		.uleb128 0x17
 291 000d 11       		.uleb128 0x11
 292 000e 01       		.uleb128 0x1
 293 000f 10       		.uleb128 0x10
 294 0010 17       		.uleb128 0x17
 295 0011 00       		.byte	0
 296 0012 00       		.byte	0
 297 0013 02       		.uleb128 0x2
 298 0014 24       		.uleb128 0x24
 299 0015 00       		.byte	0
 300 0016 0B       		.uleb128 0xb
 301 0017 0B       		.uleb128 0xb
 302 0018 3E       		.uleb128 0x3e
 303 0019 0B       		.uleb128 0xb
 304 001a 03       		.uleb128 0x3
 305 001b 0E       		.uleb128 0xe
 306 001c 00       		.byte	0
 307 001d 00       		.byte	0
 308 001e 03       		.uleb128 0x3
 309 001f 16       		.uleb128 0x16
 310 0020 00       		.byte	0
 311 0021 03       		.uleb128 0x3
 312 0022 0E       		.uleb128 0xe
 313 0023 3A       		.uleb128 0x3a
 314 0024 0B       		.uleb128 0xb
 315 0025 3B       		.uleb128 0x3b
 316 0026 0B       		.uleb128 0xb
 317 0027 49       		.uleb128 0x49
 318 0028 13       		.uleb128 0x13
 319 0029 00       		.byte	0
 320 002a 00       		.byte	0
 321 002b 04       		.uleb128 0x4
 322 002c 24       		.uleb128 0x24
 323 002d 00       		.byte	0
 324 002e 0B       		.uleb128 0xb
 325 002f 0B       		.uleb128 0xb
 326 0030 3E       		.uleb128 0x3e
 327 0031 0B       		.uleb128 0xb
 328 0032 03       		.uleb128 0x3
 329 0033 08       		.uleb128 0x8
 330 0034 00       		.byte	0
 331 0035 00       		.byte	0
 332 0036 05       		.uleb128 0x5
 333 0037 16       		.uleb128 0x16
 334 0038 00       		.byte	0
 335 0039 03       		.uleb128 0x3
 336 003a 0E       		.uleb128 0xe
 337 003b 3A       		.uleb128 0x3a
 338 003c 0B       		.uleb128 0xb
 339 003d 3B       		.uleb128 0x3b
 340 003e 05       		.uleb128 0x5
 341 003f 49       		.uleb128 0x49
 342 0040 13       		.uleb128 0x13
 343 0041 00       		.byte	0
ARM GAS  C:\Users\Petro\AppData\Local\Temp\ccrByaxc.s 			page 8


 344 0042 00       		.byte	0
 345 0043 06       		.uleb128 0x6
 346 0044 2E       		.uleb128 0x2e
 347 0045 01       		.byte	0x1
 348 0046 3F       		.uleb128 0x3f
 349 0047 19       		.uleb128 0x19
 350 0048 03       		.uleb128 0x3
 351 0049 0E       		.uleb128 0xe
 352 004a 3A       		.uleb128 0x3a
 353 004b 0B       		.uleb128 0xb
 354 004c 3B       		.uleb128 0x3b
 355 004d 0B       		.uleb128 0xb
 356 004e 49       		.uleb128 0x49
 357 004f 13       		.uleb128 0x13
 358 0050 11       		.uleb128 0x11
 359 0051 01       		.uleb128 0x1
 360 0052 12       		.uleb128 0x12
 361 0053 06       		.uleb128 0x6
 362 0054 40       		.uleb128 0x40
 363 0055 18       		.uleb128 0x18
 364 0056 9742     		.uleb128 0x2117
 365 0058 19       		.uleb128 0x19
 366 0059 01       		.uleb128 0x1
 367 005a 13       		.uleb128 0x13
 368 005b 00       		.byte	0
 369 005c 00       		.byte	0
 370 005d 07       		.uleb128 0x7
 371 005e 34       		.uleb128 0x34
 372 005f 00       		.byte	0
 373 0060 03       		.uleb128 0x3
 374 0061 0E       		.uleb128 0xe
 375 0062 3A       		.uleb128 0x3a
 376 0063 0B       		.uleb128 0xb
 377 0064 3B       		.uleb128 0x3b
 378 0065 0B       		.uleb128 0xb
 379 0066 49       		.uleb128 0x49
 380 0067 13       		.uleb128 0x13
 381 0068 02       		.uleb128 0x2
 382 0069 17       		.uleb128 0x17
 383 006a 00       		.byte	0
 384 006b 00       		.byte	0
 385 006c 08       		.uleb128 0x8
 386 006d 898201   		.uleb128 0x4109
 387 0070 01       		.byte	0x1
 388 0071 11       		.uleb128 0x11
 389 0072 01       		.uleb128 0x1
 390 0073 31       		.uleb128 0x31
 391 0074 13       		.uleb128 0x13
 392 0075 01       		.uleb128 0x1
 393 0076 13       		.uleb128 0x13
 394 0077 00       		.byte	0
 395 0078 00       		.byte	0
 396 0079 09       		.uleb128 0x9
 397 007a 8A8201   		.uleb128 0x410a
 398 007d 00       		.byte	0
 399 007e 02       		.uleb128 0x2
 400 007f 18       		.uleb128 0x18
ARM GAS  C:\Users\Petro\AppData\Local\Temp\ccrByaxc.s 			page 9


 401 0080 9142     		.uleb128 0x2111
 402 0082 18       		.uleb128 0x18
 403 0083 00       		.byte	0
 404 0084 00       		.byte	0
 405 0085 0A       		.uleb128 0xa
 406 0086 898201   		.uleb128 0x4109
 407 0089 00       		.byte	0
 408 008a 11       		.uleb128 0x11
 409 008b 01       		.uleb128 0x1
 410 008c 31       		.uleb128 0x31
 411 008d 13       		.uleb128 0x13
 412 008e 00       		.byte	0
 413 008f 00       		.byte	0
 414 0090 0B       		.uleb128 0xb
 415 0091 2E       		.uleb128 0x2e
 416 0092 00       		.byte	0
 417 0093 3F       		.uleb128 0x3f
 418 0094 19       		.uleb128 0x19
 419 0095 03       		.uleb128 0x3
 420 0096 0E       		.uleb128 0xe
 421 0097 3A       		.uleb128 0x3a
 422 0098 0B       		.uleb128 0xb
 423 0099 3B       		.uleb128 0x3b
 424 009a 0B       		.uleb128 0xb
 425 009b 49       		.uleb128 0x49
 426 009c 13       		.uleb128 0x13
 427 009d 11       		.uleb128 0x11
 428 009e 01       		.uleb128 0x1
 429 009f 12       		.uleb128 0x12
 430 00a0 06       		.uleb128 0x6
 431 00a1 40       		.uleb128 0x40
 432 00a2 18       		.uleb128 0x18
 433 00a3 9742     		.uleb128 0x2117
 434 00a5 19       		.uleb128 0x19
 435 00a6 00       		.byte	0
 436 00a7 00       		.byte	0
 437 00a8 0C       		.uleb128 0xc
 438 00a9 2E       		.uleb128 0x2e
 439 00aa 01       		.byte	0x1
 440 00ab 3F       		.uleb128 0x3f
 441 00ac 19       		.uleb128 0x19
 442 00ad 03       		.uleb128 0x3
 443 00ae 0E       		.uleb128 0xe
 444 00af 3A       		.uleb128 0x3a
 445 00b0 0B       		.uleb128 0xb
 446 00b1 3B       		.uleb128 0x3b
 447 00b2 05       		.uleb128 0x5
 448 00b3 27       		.uleb128 0x27
 449 00b4 19       		.uleb128 0x19
 450 00b5 3C       		.uleb128 0x3c
 451 00b6 19       		.uleb128 0x19
 452 00b7 01       		.uleb128 0x1
 453 00b8 13       		.uleb128 0x13
 454 00b9 00       		.byte	0
 455 00ba 00       		.byte	0
 456 00bb 0D       		.uleb128 0xd
 457 00bc 05       		.uleb128 0x5
ARM GAS  C:\Users\Petro\AppData\Local\Temp\ccrByaxc.s 			page 10


 458 00bd 00       		.byte	0
 459 00be 49       		.uleb128 0x49
 460 00bf 13       		.uleb128 0x13
 461 00c0 00       		.byte	0
 462 00c1 00       		.byte	0
 463 00c2 0E       		.uleb128 0xe
 464 00c3 2E       		.uleb128 0x2e
 465 00c4 01       		.byte	0x1
 466 00c5 3F       		.uleb128 0x3f
 467 00c6 19       		.uleb128 0x19
 468 00c7 03       		.uleb128 0x3
 469 00c8 0E       		.uleb128 0xe
 470 00c9 3A       		.uleb128 0x3a
 471 00ca 0B       		.uleb128 0xb
 472 00cb 3B       		.uleb128 0x3b
 473 00cc 0B       		.uleb128 0xb
 474 00cd 27       		.uleb128 0x27
 475 00ce 19       		.uleb128 0x19
 476 00cf 3C       		.uleb128 0x3c
 477 00d0 19       		.uleb128 0x19
 478 00d1 01       		.uleb128 0x1
 479 00d2 13       		.uleb128 0x13
 480 00d3 00       		.byte	0
 481 00d4 00       		.byte	0
 482 00d5 0F       		.uleb128 0xf
 483 00d6 2E       		.uleb128 0x2e
 484 00d7 00       		.byte	0
 485 00d8 3F       		.uleb128 0x3f
 486 00d9 19       		.uleb128 0x19
 487 00da 03       		.uleb128 0x3
 488 00db 0E       		.uleb128 0xe
 489 00dc 3A       		.uleb128 0x3a
 490 00dd 0B       		.uleb128 0xb
 491 00de 3B       		.uleb128 0x3b
 492 00df 05       		.uleb128 0x5
 493 00e0 27       		.uleb128 0x27
 494 00e1 19       		.uleb128 0x19
 495 00e2 49       		.uleb128 0x49
 496 00e3 13       		.uleb128 0x13
 497 00e4 3C       		.uleb128 0x3c
 498 00e5 19       		.uleb128 0x19
 499 00e6 00       		.byte	0
 500 00e7 00       		.byte	0
 501 00e8 00       		.byte	0
 502              		.section	.debug_loc,"",%progbits
 503              	.Ldebug_loc0:
 504              	.LLST0:
 505 0000 02000000 		.4byte	.LVL0
 506 0004 0E000000 		.4byte	.LVL2
 507 0008 0200     		.2byte	0x2
 508 000a 30       		.byte	0x30
 509 000b 9F       		.byte	0x9f
 510 000c 0E000000 		.4byte	.LVL2
 511 0010 2E000000 		.4byte	.LVL9
 512 0014 0100     		.2byte	0x1
 513 0016 55       		.byte	0x55
 514 0017 2E000000 		.4byte	.LVL9
ARM GAS  C:\Users\Petro\AppData\Local\Temp\ccrByaxc.s 			page 11


 515 001b 30000000 		.4byte	.LFE0
 516 001f 0100     		.2byte	0x1
 517 0021 50       		.byte	0x50
 518 0022 00000000 		.4byte	0
 519 0026 00000000 		.4byte	0
 520              	.LLST1:
 521 002a 02000000 		.4byte	.LVL0
 522 002e 0E000000 		.4byte	.LVL2
 523 0032 0200     		.2byte	0x2
 524 0034 30       		.byte	0x30
 525 0035 9F       		.byte	0x9f
 526 0036 1C000000 		.4byte	.LVL5
 527 003a 22000000 		.4byte	.LVL6
 528 003e 0100     		.2byte	0x1
 529 0040 50       		.byte	0x50
 530 0041 00000000 		.4byte	0
 531 0045 00000000 		.4byte	0
 532              	.LLST2:
 533 0049 02000000 		.4byte	.LVL0
 534 004d 0E000000 		.4byte	.LVL2
 535 0051 0200     		.2byte	0x2
 536 0053 30       		.byte	0x30
 537 0054 9F       		.byte	0x9f
 538 0055 0E000000 		.4byte	.LVL2
 539 0059 2E000000 		.4byte	.LVL8
 540 005d 0100     		.2byte	0x1
 541 005f 54       		.byte	0x54
 542 0060 00000000 		.4byte	0
 543 0064 00000000 		.4byte	0
 544              		.section	.debug_aranges,"",%progbits
 545 0000 24000000 		.4byte	0x24
 546 0004 0200     		.2byte	0x2
 547 0006 00000000 		.4byte	.Ldebug_info0
 548 000a 04       		.byte	0x4
 549 000b 00       		.byte	0
 550 000c 0000     		.2byte	0
 551 000e 0000     		.2byte	0
 552 0010 00000000 		.4byte	.LFB0
 553 0014 30000000 		.4byte	.LFE0-.LFB0
 554 0018 00000000 		.4byte	.LFB1
 555 001c 04000000 		.4byte	.LFE1-.LFB1
 556 0020 00000000 		.4byte	0
 557 0024 00000000 		.4byte	0
 558              		.section	.debug_ranges,"",%progbits
 559              	.Ldebug_ranges0:
 560 0000 00000000 		.4byte	.LFB0
 561 0004 30000000 		.4byte	.LFE0
 562 0008 00000000 		.4byte	.LFB1
 563 000c 04000000 		.4byte	.LFE1
 564 0010 00000000 		.4byte	0
 565 0014 00000000 		.4byte	0
 566              		.section	.debug_line,"",%progbits
 567              	.Ldebug_line0:
 568 0000 9B010000 		.section	.debug_str,"MS",%progbits,1
 568      02005F01 
 568      00000201 
 568      FB0E0D00 
ARM GAS  C:\Users\Petro\AppData\Local\Temp\ccrByaxc.s 			page 12


 568      01010101 
 569              	.LASF6:
 570 0000 6C6F6E67 		.ascii	"long long int\000"
 570      206C6F6E 
 570      6720696E 
 570      7400
 571              	.LASF11:
 572 000e 75696E74 		.ascii	"uint32\000"
 572      333200
 573              	.LASF8:
 574 0015 756E7369 		.ascii	"unsigned int\000"
 574      676E6564 
 574      20696E74 
 574      00
 575              	.LASF9:
 576 0022 5F5F7569 		.ascii	"__uint32_t\000"
 576      6E743332 
 576      5F7400
 577              	.LASF23:
 578 002d 443A5C43 		.ascii	"D:\\Cypress\\system-start-finish\\vesion 2\\fw\\sta"
 578      79707265 
 578      73735C73 
 578      79737465 
 578      6D2D7374 
 579 005b 72745C73 		.ascii	"rt\\sandbox\\v1\\Workspace01\\start01.cydsn\000"
 579      616E6462 
 579      6F785C76 
 579      315C576F 
 579      726B7370 
 580              	.LASF20:
 581 0083 43794465 		.ascii	"CyDelay\000"
 581      6C617900 
 582              	.LASF22:
 583 008b 2E5C6E65 		.ascii	".\\network.c\000"
 583      74776F72 
 583      6B2E6300 
 584              	.LASF5:
 585 0097 6C6F6E67 		.ascii	"long unsigned int\000"
 585      20756E73 
 585      69676E65 
 585      6420696E 
 585      7400
 586              	.LASF26:
 587 00a9 55415254 		.ascii	"UART_XB_UartGetChar\000"
 587      5F58425F 
 587      55617274 
 587      47657443 
 587      68617200 
 588              	.LASF7:
 589 00bd 6C6F6E67 		.ascii	"long long unsigned int\000"
 589      206C6F6E 
 589      6720756E 
 589      7369676E 
 589      65642069 
 590              	.LASF24:
 591 00d4 43686563 		.ascii	"CheckConnection\000"
 591      6B436F6E 
ARM GAS  C:\Users\Petro\AppData\Local\Temp\ccrByaxc.s 			page 13


 591      6E656374 
 591      696F6E00 
 592              	.LASF12:
 593 00e4 666C6F61 		.ascii	"float\000"
 593      7400
 594              	.LASF17:
 595 00ea 52657370 		.ascii	"Resp\000"
 595      00
 596              	.LASF1:
 597 00ef 756E7369 		.ascii	"unsigned char\000"
 597      676E6564 
 597      20636861 
 597      7200
 598              	.LASF14:
 599 00fd 63686172 		.ascii	"char\000"
 599      00
 600              	.LASF10:
 601 0102 75696E74 		.ascii	"uint32_t\000"
 601      33325F74 
 601      00
 602              	.LASF4:
 603 010b 6C6F6E67 		.ascii	"long int\000"
 603      20696E74 
 603      00
 604              	.LASF13:
 605 0114 646F7562 		.ascii	"double\000"
 605      6C6500
 606              	.LASF18:
 607 011b 5469636B 		.ascii	"Ticks\000"
 607      7300
 608              	.LASF3:
 609 0121 73686F72 		.ascii	"short unsigned int\000"
 609      7420756E 
 609      7369676E 
 609      65642069 
 609      6E7400
 610              	.LASF0:
 611 0134 7369676E 		.ascii	"signed char\000"
 611      65642063 
 611      68617200 
 612              	.LASF15:
 613 0140 73697A65 		.ascii	"sizetype\000"
 613      74797065 
 613      00
 614              	.LASF19:
 615 0149 55415254 		.ascii	"UART_XB_SpiUartWriteTxData\000"
 615      5F58425F 
 615      53706955 
 615      61727457 
 615      72697465 
 616              	.LASF2:
 617 0164 73686F72 		.ascii	"short int\000"
 617      7420696E 
 617      7400
 618              	.LASF21:
 619 016e 474E5520 		.ascii	"GNU C 4.9.3 20150303 (release) [ARM/embedded-4_9-br"
 619      4320342E 
ARM GAS  C:\Users\Petro\AppData\Local\Temp\ccrByaxc.s 			page 14


 619      392E3320 
 619      32303135 
 619      30333033 
 620 01a1 616E6368 		.ascii	"anch revision 221220] -mcpu=cortex-m0 -mthumb -g -O"
 620      20726576 
 620      6973696F 
 620      6E203232 
 620      31323230 
 621 01d4 67202D66 		.ascii	"g -ffunction-sections -ffat-lto-objects\000"
 621      66756E63 
 621      74696F6E 
 621      2D736563 
 621      74696F6E 
 622              	.LASF25:
 623 01fc 4E54505F 		.ascii	"NTP_Send\000"
 623      53656E64 
 623      00
 624              	.LASF16:
 625 0205 53746174 		.ascii	"Stat\000"
 625      00
 626              		.ident	"GCC: (GNU Tools for ARM Embedded Processors) 4.9.3 20150303 (release) [ARM/embedded-4_9-br
