ARM GAS  C:\Users\Petro\AppData\Local\Temp\ccEUxP1e.s 			page 1


   1              		.cpu cortex-m0
   2              		.fpu softvfp
   3              		.eabi_attribute 20, 1
   4              		.eabi_attribute 21, 1
   5              		.eabi_attribute 23, 3
   6              		.eabi_attribute 24, 1
   7              		.eabi_attribute 25, 1
   8              		.eabi_attribute 26, 1
   9              		.eabi_attribute 30, 1
  10              		.eabi_attribute 34, 0
  11              		.eabi_attribute 18, 4
  12              		.code	16
  13              		.file	"RTC_WDT.c"
  14              		.text
  15              	.Ltext0:
  16              		.cfi_sections	.debug_frame
  17              		.section	.text.RTCgetMs,"ax",%progbits
  18              		.align	2
  19              		.global	RTCgetMs
  20              		.code	16
  21              		.thumb_func
  22              		.type	RTCgetMs, %function
  23              	RTCgetMs:
  24              	.LFB26:
  25              		.file 1 ".\\RTC_WDT.c"
   1:.\RTC_WDT.c   **** /* ========================================
   2:.\RTC_WDT.c   ****  *
   3:.\RTC_WDT.c   ****  * Copyright YOUR COMPANY, THE YEAR
   4:.\RTC_WDT.c   ****  * All Rights Reserved
   5:.\RTC_WDT.c   ****  * UNPUBLISHED, LICENSED SOFTWARE.
   6:.\RTC_WDT.c   ****  *
   7:.\RTC_WDT.c   ****  * CONFIDENTIAL AND PROPRIETARY INFORMATION
   8:.\RTC_WDT.c   ****  * WHICH IS THE PROPERTY OF your company.
   9:.\RTC_WDT.c   ****  *
  10:.\RTC_WDT.c   ****  * ========================================
  11:.\RTC_WDT.c   **** */
  12:.\RTC_WDT.c   **** 
  13:.\RTC_WDT.c   **** #include "RTC_WDT.h"
  14:.\RTC_WDT.c   **** 
  15:.\RTC_WDT.c   **** #ifdef USE_WDT_RTC
  16:.\RTC_WDT.c   **** 
  17:.\RTC_WDT.c   ****     uint16_t msRTC = 0;
  18:.\RTC_WDT.c   **** 
  19:.\RTC_WDT.c   **** CY_ISR_PROTO(Wdt0_Handler){
  20:.\RTC_WDT.c   ****     msRTC++;
  21:.\RTC_WDT.c   ****     if (msRTC == 1000u) 
  22:.\RTC_WDT.c   ****     {
  23:.\RTC_WDT.c   ****         msRTC = 0u; 
  24:.\RTC_WDT.c   ****         RTC_1_Update();
  25:.\RTC_WDT.c   ****     }
  26:.\RTC_WDT.c   ****     CySysWdtClearInterrupt(CY_SYS_WDT_COUNTER0_INT);
  27:.\RTC_WDT.c   ****     WDT0_ISR_ClearPending();
  28:.\RTC_WDT.c   **** }
  29:.\RTC_WDT.c   **** 
  30:.\RTC_WDT.c   **** #endif
  31:.\RTC_WDT.c   **** 
  32:.\RTC_WDT.c   **** uint32_t RTCgetMs()
ARM GAS  C:\Users\Petro\AppData\Local\Temp\ccEUxP1e.s 			page 2


  33:.\RTC_WDT.c   **** {
  26              		.loc 1 33 0
  27              		.cfi_startproc
  28              	.LVL0:
  34:.\RTC_WDT.c   ****     uint16_t TmsRTC = 0;
  35:.\RTC_WDT.c   ****     #ifdef USE_WDT_RTC
  36:.\RTC_WDT.c   ****         TmsRTC = msRTC;
  37:.\RTC_WDT.c   ****     #endif
  38:.\RTC_WDT.c   ****     return TmsRTC;
  39:.\RTC_WDT.c   **** }
  29              		.loc 1 39 0
  30 0000 0020     		mov	r0, #0
  31              		@ sp needed
  32 0002 7047     		bx	lr
  33              		.cfi_endproc
  34              	.LFE26:
  35              		.size	RTCgetMs, .-RTCgetMs
  36              		.section	.text.RTCSync,"ax",%progbits
  37              		.align	2
  38              		.global	RTCSync
  39              		.code	16
  40              		.thumb_func
  41              		.type	RTCSync, %function
  42              	RTCSync:
  43              	.LFB27:
  40:.\RTC_WDT.c   **** 
  41:.\RTC_WDT.c   **** uint32_t RTCSync()
  42:.\RTC_WDT.c   **** {
  44              		.loc 1 42 0
  45              		.cfi_startproc
  43:.\RTC_WDT.c   ****     return 1u;
  44:.\RTC_WDT.c   **** }
  46              		.loc 1 44 0
  47 0000 0120     		mov	r0, #1
  48              		@ sp needed
  49 0002 7047     		bx	lr
  50              		.cfi_endproc
  51              	.LFE27:
  52              		.size	RTCSync, .-RTCSync
  53              		.section	.text.RTC_WDT_Init,"ax",%progbits
  54              		.align	2
  55              		.global	RTC_WDT_Init
  56              		.code	16
  57              		.thumb_func
  58              		.type	RTC_WDT_Init, %function
  59              	RTC_WDT_Init:
  60              	.LFB28:
  45:.\RTC_WDT.c   **** 
  46:.\RTC_WDT.c   **** void RTC_WDT_Init(){
  61              		.loc 1 46 0
  62              		.cfi_startproc
  63 0000 08B5     		push	{r3, lr}
  64              		.cfi_def_cfa_offset 8
  65              		.cfi_offset 3, -8
  66              		.cfi_offset 14, -4
  47:.\RTC_WDT.c   ****     RTC_Start();
  67              		.loc 1 47 0
ARM GAS  C:\Users\Petro\AppData\Local\Temp\ccEUxP1e.s 			page 3


  68 0002 FFF7FEFF 		bl	RTC_Start
  69              	.LVL1:
  48:.\RTC_WDT.c   ****     
  49:.\RTC_WDT.c   ****     #ifdef USE_WDT_RTC
  50:.\RTC_WDT.c   ****         WDT0_ISR_StartEx(Wdt0_Handler);
  51:.\RTC_WDT.c   ****     #endif
  52:.\RTC_WDT.c   **** }
  70              		.loc 1 52 0
  71              		@ sp needed
  72 0006 08BD     		pop	{r3, pc}
  73              		.cfi_endproc
  74              	.LFE28:
  75              		.size	RTC_WDT_Init, .-RTC_WDT_Init
  76              		.text
  77              	.Letext0:
  78              		.file 2 "c:\\program files (x86)\\cypress\\psoc creator\\3.3\\psoc creator\\import\\gnu\\arm\\4.9.
  79              		.file 3 "c:\\program files (x86)\\cypress\\psoc creator\\3.3\\psoc creator\\import\\gnu\\arm\\4.9.
  80              		.file 4 "Generated_Source\\PSoC4/RTC.h"
  81              		.section	.debug_info,"",%progbits
  82              	.Ldebug_info0:
  83 0000 12010000 		.4byte	0x112
  84 0004 0400     		.2byte	0x4
  85 0006 00000000 		.4byte	.Ldebug_abbrev0
  86 000a 04       		.byte	0x4
  87 000b 01       		.uleb128 0x1
  88 000c 3D010000 		.4byte	.LASF17
  89 0010 01       		.byte	0x1
  90 0011 B0000000 		.4byte	.LASF18
  91 0015 33000000 		.4byte	.LASF19
  92 0019 00000000 		.4byte	.Ldebug_ranges0+0
  93 001d 00000000 		.4byte	0
  94 0021 00000000 		.4byte	.Ldebug_line0
  95 0025 02       		.uleb128 0x2
  96 0026 01       		.byte	0x1
  97 0027 06       		.byte	0x6
  98 0028 21010000 		.4byte	.LASF0
  99 002c 02       		.uleb128 0x2
 100 002d 01       		.byte	0x1
 101 002e 08       		.byte	0x8
 102 002f C7000000 		.4byte	.LASF1
 103 0033 02       		.uleb128 0x2
 104 0034 02       		.byte	0x2
 105 0035 05       		.byte	0x5
 106 0036 CB010000 		.4byte	.LASF2
 107 003a 03       		.uleb128 0x3
 108 003b BC000000 		.4byte	.LASF5
 109 003f 02       		.byte	0x2
 110 0040 2B       		.byte	0x2b
 111 0041 45000000 		.4byte	0x45
 112 0045 02       		.uleb128 0x2
 113 0046 02       		.byte	0x2
 114 0047 07       		.byte	0x7
 115 0048 0E010000 		.4byte	.LASF3
 116 004c 02       		.uleb128 0x2
 117 004d 04       		.byte	0x4
 118 004e 05       		.byte	0x5
 119 004f E3000000 		.4byte	.LASF4
ARM GAS  C:\Users\Petro\AppData\Local\Temp\ccEUxP1e.s 			page 4


 120 0053 03       		.uleb128 0x3
 121 0054 1B000000 		.4byte	.LASF6
 122 0058 02       		.byte	0x2
 123 0059 41       		.byte	0x41
 124 005a 5E000000 		.4byte	0x5e
 125 005e 02       		.uleb128 0x2
 126 005f 04       		.byte	0x4
 127 0060 07       		.byte	0x7
 128 0061 EC000000 		.4byte	.LASF7
 129 0065 02       		.uleb128 0x2
 130 0066 08       		.byte	0x8
 131 0067 05       		.byte	0x5
 132 0068 00000000 		.4byte	.LASF8
 133 006c 02       		.uleb128 0x2
 134 006d 08       		.byte	0x8
 135 006e 07       		.byte	0x7
 136 006f 93000000 		.4byte	.LASF9
 137 0073 04       		.uleb128 0x4
 138 0074 04       		.byte	0x4
 139 0075 05       		.byte	0x5
 140 0076 696E7400 		.ascii	"int\000"
 141 007a 02       		.uleb128 0x2
 142 007b 04       		.byte	0x4
 143 007c 07       		.byte	0x7
 144 007d 0E000000 		.4byte	.LASF10
 145 0081 03       		.uleb128 0x3
 146 0082 34010000 		.4byte	.LASF11
 147 0086 03       		.byte	0x3
 148 0087 21       		.byte	0x21
 149 0088 3A000000 		.4byte	0x3a
 150 008c 03       		.uleb128 0x3
 151 008d DA000000 		.4byte	.LASF12
 152 0091 03       		.byte	0x3
 153 0092 2D       		.byte	0x2d
 154 0093 53000000 		.4byte	0x53
 155 0097 02       		.uleb128 0x2
 156 0098 04       		.byte	0x4
 157 0099 04       		.byte	0x4
 158 009a AA000000 		.4byte	.LASF13
 159 009e 02       		.uleb128 0x2
 160 009f 08       		.byte	0x8
 161 00a0 04       		.byte	0x4
 162 00a1 FE000000 		.4byte	.LASF14
 163 00a5 02       		.uleb128 0x2
 164 00a6 01       		.byte	0x1
 165 00a7 08       		.byte	0x8
 166 00a8 D5000000 		.4byte	.LASF15
 167 00ac 02       		.uleb128 0x2
 168 00ad 04       		.byte	0x4
 169 00ae 07       		.byte	0x7
 170 00af D5010000 		.4byte	.LASF16
 171 00b3 05       		.uleb128 0x5
 172 00b4 05010000 		.4byte	.LASF20
 173 00b8 01       		.byte	0x1
 174 00b9 20       		.byte	0x20
 175 00ba 8C000000 		.4byte	0x8c
 176 00be 00000000 		.4byte	.LFB26
ARM GAS  C:\Users\Petro\AppData\Local\Temp\ccEUxP1e.s 			page 5


 177 00c2 04000000 		.4byte	.LFE26-.LFB26
 178 00c6 01       		.uleb128 0x1
 179 00c7 9C       		.byte	0x9c
 180 00c8 D9000000 		.4byte	0xd9
 181 00cc 06       		.uleb128 0x6
 182 00cd 2D010000 		.4byte	.LASF21
 183 00d1 01       		.byte	0x1
 184 00d2 22       		.byte	0x22
 185 00d3 81000000 		.4byte	0x81
 186 00d7 00       		.byte	0
 187 00d8 00       		.byte	0
 188 00d9 07       		.uleb128 0x7
 189 00da DE010000 		.4byte	.LASF22
 190 00de 01       		.byte	0x1
 191 00df 29       		.byte	0x29
 192 00e0 8C000000 		.4byte	0x8c
 193 00e4 00000000 		.4byte	.LFB27
 194 00e8 04000000 		.4byte	.LFE27-.LFB27
 195 00ec 01       		.uleb128 0x1
 196 00ed 9C       		.byte	0x9c
 197 00ee 08       		.uleb128 0x8
 198 00ef 26000000 		.4byte	.LASF23
 199 00f3 01       		.byte	0x1
 200 00f4 2E       		.byte	0x2e
 201 00f5 00000000 		.4byte	.LFB28
 202 00f9 08000000 		.4byte	.LFE28-.LFB28
 203 00fd 01       		.uleb128 0x1
 204 00fe 9C       		.byte	0x9c
 205 00ff 0D010000 		.4byte	0x10d
 206 0103 09       		.uleb128 0x9
 207 0104 06000000 		.4byte	.LVL1
 208 0108 0D010000 		.4byte	0x10d
 209 010c 00       		.byte	0
 210 010d 0A       		.uleb128 0xa
 211 010e 89000000 		.4byte	.LASF24
 212 0112 04       		.byte	0x4
 213 0113 4E01     		.2byte	0x14e
 214 0115 00       		.byte	0
 215              		.section	.debug_abbrev,"",%progbits
 216              	.Ldebug_abbrev0:
 217 0000 01       		.uleb128 0x1
 218 0001 11       		.uleb128 0x11
 219 0002 01       		.byte	0x1
 220 0003 25       		.uleb128 0x25
 221 0004 0E       		.uleb128 0xe
 222 0005 13       		.uleb128 0x13
 223 0006 0B       		.uleb128 0xb
 224 0007 03       		.uleb128 0x3
 225 0008 0E       		.uleb128 0xe
 226 0009 1B       		.uleb128 0x1b
 227 000a 0E       		.uleb128 0xe
 228 000b 55       		.uleb128 0x55
 229 000c 17       		.uleb128 0x17
 230 000d 11       		.uleb128 0x11
 231 000e 01       		.uleb128 0x1
 232 000f 10       		.uleb128 0x10
 233 0010 17       		.uleb128 0x17
ARM GAS  C:\Users\Petro\AppData\Local\Temp\ccEUxP1e.s 			page 6


 234 0011 00       		.byte	0
 235 0012 00       		.byte	0
 236 0013 02       		.uleb128 0x2
 237 0014 24       		.uleb128 0x24
 238 0015 00       		.byte	0
 239 0016 0B       		.uleb128 0xb
 240 0017 0B       		.uleb128 0xb
 241 0018 3E       		.uleb128 0x3e
 242 0019 0B       		.uleb128 0xb
 243 001a 03       		.uleb128 0x3
 244 001b 0E       		.uleb128 0xe
 245 001c 00       		.byte	0
 246 001d 00       		.byte	0
 247 001e 03       		.uleb128 0x3
 248 001f 16       		.uleb128 0x16
 249 0020 00       		.byte	0
 250 0021 03       		.uleb128 0x3
 251 0022 0E       		.uleb128 0xe
 252 0023 3A       		.uleb128 0x3a
 253 0024 0B       		.uleb128 0xb
 254 0025 3B       		.uleb128 0x3b
 255 0026 0B       		.uleb128 0xb
 256 0027 49       		.uleb128 0x49
 257 0028 13       		.uleb128 0x13
 258 0029 00       		.byte	0
 259 002a 00       		.byte	0
 260 002b 04       		.uleb128 0x4
 261 002c 24       		.uleb128 0x24
 262 002d 00       		.byte	0
 263 002e 0B       		.uleb128 0xb
 264 002f 0B       		.uleb128 0xb
 265 0030 3E       		.uleb128 0x3e
 266 0031 0B       		.uleb128 0xb
 267 0032 03       		.uleb128 0x3
 268 0033 08       		.uleb128 0x8
 269 0034 00       		.byte	0
 270 0035 00       		.byte	0
 271 0036 05       		.uleb128 0x5
 272 0037 2E       		.uleb128 0x2e
 273 0038 01       		.byte	0x1
 274 0039 3F       		.uleb128 0x3f
 275 003a 19       		.uleb128 0x19
 276 003b 03       		.uleb128 0x3
 277 003c 0E       		.uleb128 0xe
 278 003d 3A       		.uleb128 0x3a
 279 003e 0B       		.uleb128 0xb
 280 003f 3B       		.uleb128 0x3b
 281 0040 0B       		.uleb128 0xb
 282 0041 49       		.uleb128 0x49
 283 0042 13       		.uleb128 0x13
 284 0043 11       		.uleb128 0x11
 285 0044 01       		.uleb128 0x1
 286 0045 12       		.uleb128 0x12
 287 0046 06       		.uleb128 0x6
 288 0047 40       		.uleb128 0x40
 289 0048 18       		.uleb128 0x18
 290 0049 9742     		.uleb128 0x2117
ARM GAS  C:\Users\Petro\AppData\Local\Temp\ccEUxP1e.s 			page 7


 291 004b 19       		.uleb128 0x19
 292 004c 01       		.uleb128 0x1
 293 004d 13       		.uleb128 0x13
 294 004e 00       		.byte	0
 295 004f 00       		.byte	0
 296 0050 06       		.uleb128 0x6
 297 0051 34       		.uleb128 0x34
 298 0052 00       		.byte	0
 299 0053 03       		.uleb128 0x3
 300 0054 0E       		.uleb128 0xe
 301 0055 3A       		.uleb128 0x3a
 302 0056 0B       		.uleb128 0xb
 303 0057 3B       		.uleb128 0x3b
 304 0058 0B       		.uleb128 0xb
 305 0059 49       		.uleb128 0x49
 306 005a 13       		.uleb128 0x13
 307 005b 1C       		.uleb128 0x1c
 308 005c 0B       		.uleb128 0xb
 309 005d 00       		.byte	0
 310 005e 00       		.byte	0
 311 005f 07       		.uleb128 0x7
 312 0060 2E       		.uleb128 0x2e
 313 0061 00       		.byte	0
 314 0062 3F       		.uleb128 0x3f
 315 0063 19       		.uleb128 0x19
 316 0064 03       		.uleb128 0x3
 317 0065 0E       		.uleb128 0xe
 318 0066 3A       		.uleb128 0x3a
 319 0067 0B       		.uleb128 0xb
 320 0068 3B       		.uleb128 0x3b
 321 0069 0B       		.uleb128 0xb
 322 006a 49       		.uleb128 0x49
 323 006b 13       		.uleb128 0x13
 324 006c 11       		.uleb128 0x11
 325 006d 01       		.uleb128 0x1
 326 006e 12       		.uleb128 0x12
 327 006f 06       		.uleb128 0x6
 328 0070 40       		.uleb128 0x40
 329 0071 18       		.uleb128 0x18
 330 0072 9742     		.uleb128 0x2117
 331 0074 19       		.uleb128 0x19
 332 0075 00       		.byte	0
 333 0076 00       		.byte	0
 334 0077 08       		.uleb128 0x8
 335 0078 2E       		.uleb128 0x2e
 336 0079 01       		.byte	0x1
 337 007a 3F       		.uleb128 0x3f
 338 007b 19       		.uleb128 0x19
 339 007c 03       		.uleb128 0x3
 340 007d 0E       		.uleb128 0xe
 341 007e 3A       		.uleb128 0x3a
 342 007f 0B       		.uleb128 0xb
 343 0080 3B       		.uleb128 0x3b
 344 0081 0B       		.uleb128 0xb
 345 0082 11       		.uleb128 0x11
 346 0083 01       		.uleb128 0x1
 347 0084 12       		.uleb128 0x12
ARM GAS  C:\Users\Petro\AppData\Local\Temp\ccEUxP1e.s 			page 8


 348 0085 06       		.uleb128 0x6
 349 0086 40       		.uleb128 0x40
 350 0087 18       		.uleb128 0x18
 351 0088 9742     		.uleb128 0x2117
 352 008a 19       		.uleb128 0x19
 353 008b 01       		.uleb128 0x1
 354 008c 13       		.uleb128 0x13
 355 008d 00       		.byte	0
 356 008e 00       		.byte	0
 357 008f 09       		.uleb128 0x9
 358 0090 898201   		.uleb128 0x4109
 359 0093 00       		.byte	0
 360 0094 11       		.uleb128 0x11
 361 0095 01       		.uleb128 0x1
 362 0096 31       		.uleb128 0x31
 363 0097 13       		.uleb128 0x13
 364 0098 00       		.byte	0
 365 0099 00       		.byte	0
 366 009a 0A       		.uleb128 0xa
 367 009b 2E       		.uleb128 0x2e
 368 009c 00       		.byte	0
 369 009d 3F       		.uleb128 0x3f
 370 009e 19       		.uleb128 0x19
 371 009f 03       		.uleb128 0x3
 372 00a0 0E       		.uleb128 0xe
 373 00a1 3A       		.uleb128 0x3a
 374 00a2 0B       		.uleb128 0xb
 375 00a3 3B       		.uleb128 0x3b
 376 00a4 05       		.uleb128 0x5
 377 00a5 27       		.uleb128 0x27
 378 00a6 19       		.uleb128 0x19
 379 00a7 3C       		.uleb128 0x3c
 380 00a8 19       		.uleb128 0x19
 381 00a9 00       		.byte	0
 382 00aa 00       		.byte	0
 383 00ab 00       		.byte	0
 384              		.section	.debug_aranges,"",%progbits
 385 0000 2C000000 		.4byte	0x2c
 386 0004 0200     		.2byte	0x2
 387 0006 00000000 		.4byte	.Ldebug_info0
 388 000a 04       		.byte	0x4
 389 000b 00       		.byte	0
 390 000c 0000     		.2byte	0
 391 000e 0000     		.2byte	0
 392 0010 00000000 		.4byte	.LFB26
 393 0014 04000000 		.4byte	.LFE26-.LFB26
 394 0018 00000000 		.4byte	.LFB27
 395 001c 04000000 		.4byte	.LFE27-.LFB27
 396 0020 00000000 		.4byte	.LFB28
 397 0024 08000000 		.4byte	.LFE28-.LFB28
 398 0028 00000000 		.4byte	0
 399 002c 00000000 		.4byte	0
 400              		.section	.debug_ranges,"",%progbits
 401              	.Ldebug_ranges0:
 402 0000 00000000 		.4byte	.LFB26
 403 0004 04000000 		.4byte	.LFE26
 404 0008 00000000 		.4byte	.LFB27
ARM GAS  C:\Users\Petro\AppData\Local\Temp\ccEUxP1e.s 			page 9


 405 000c 04000000 		.4byte	.LFE27
 406 0010 00000000 		.4byte	.LFB28
 407 0014 08000000 		.4byte	.LFE28
 408 0018 00000000 		.4byte	0
 409 001c 00000000 		.4byte	0
 410              		.section	.debug_line,"",%progbits
 411              	.Ldebug_line0:
 412 0000 71010000 		.section	.debug_str,"MS",%progbits,1
 412      02003A01 
 412      00000201 
 412      FB0E0D00 
 412      01010101 
 413              	.LASF8:
 414 0000 6C6F6E67 		.ascii	"long long int\000"
 414      206C6F6E 
 414      6720696E 
 414      7400
 415              	.LASF10:
 416 000e 756E7369 		.ascii	"unsigned int\000"
 416      676E6564 
 416      20696E74 
 416      00
 417              	.LASF6:
 418 001b 5F5F7569 		.ascii	"__uint32_t\000"
 418      6E743332 
 418      5F7400
 419              	.LASF23:
 420 0026 5254435F 		.ascii	"RTC_WDT_Init\000"
 420      5744545F 
 420      496E6974 
 420      00
 421              	.LASF19:
 422 0033 443A5C43 		.ascii	"D:\\Cypress\\system-start-finish\\vesion 2\\fw\\sta"
 422      79707265 
 422      73735C73 
 422      79737465 
 422      6D2D7374 
 423 0061 72745C73 		.ascii	"rt\\sandbox\\v1\\Workspace01\\start01.cydsn\000"
 423      616E6462 
 423      6F785C76 
 423      315C576F 
 423      726B7370 
 424              	.LASF24:
 425 0089 5254435F 		.ascii	"RTC_Start\000"
 425      53746172 
 425      7400
 426              	.LASF9:
 427 0093 6C6F6E67 		.ascii	"long long unsigned int\000"
 427      206C6F6E 
 427      6720756E 
 427      7369676E 
 427      65642069 
 428              	.LASF13:
 429 00aa 666C6F61 		.ascii	"float\000"
 429      7400
 430              	.LASF18:
 431 00b0 2E5C5254 		.ascii	".\\RTC_WDT.c\000"
ARM GAS  C:\Users\Petro\AppData\Local\Temp\ccEUxP1e.s 			page 10


 431      435F5744 
 431      542E6300 
 432              	.LASF5:
 433 00bc 5F5F7569 		.ascii	"__uint16_t\000"
 433      6E743136 
 433      5F7400
 434              	.LASF1:
 435 00c7 756E7369 		.ascii	"unsigned char\000"
 435      676E6564 
 435      20636861 
 435      7200
 436              	.LASF15:
 437 00d5 63686172 		.ascii	"char\000"
 437      00
 438              	.LASF12:
 439 00da 75696E74 		.ascii	"uint32_t\000"
 439      33325F74 
 439      00
 440              	.LASF4:
 441 00e3 6C6F6E67 		.ascii	"long int\000"
 441      20696E74 
 441      00
 442              	.LASF7:
 443 00ec 6C6F6E67 		.ascii	"long unsigned int\000"
 443      20756E73 
 443      69676E65 
 443      6420696E 
 443      7400
 444              	.LASF14:
 445 00fe 646F7562 		.ascii	"double\000"
 445      6C6500
 446              	.LASF20:
 447 0105 52544367 		.ascii	"RTCgetMs\000"
 447      65744D73 
 447      00
 448              	.LASF3:
 449 010e 73686F72 		.ascii	"short unsigned int\000"
 449      7420756E 
 449      7369676E 
 449      65642069 
 449      6E7400
 450              	.LASF0:
 451 0121 7369676E 		.ascii	"signed char\000"
 451      65642063 
 451      68617200 
 452              	.LASF21:
 453 012d 546D7352 		.ascii	"TmsRTC\000"
 453      544300
 454              	.LASF11:
 455 0134 75696E74 		.ascii	"uint16_t\000"
 455      31365F74 
 455      00
 456              	.LASF17:
 457 013d 474E5520 		.ascii	"GNU C 4.9.3 20150303 (release) [ARM/embedded-4_9-br"
 457      4320342E 
 457      392E3320 
 457      32303135 
ARM GAS  C:\Users\Petro\AppData\Local\Temp\ccEUxP1e.s 			page 11


 457      30333033 
 458 0170 616E6368 		.ascii	"anch revision 221220] -mcpu=cortex-m0 -mthumb -g -O"
 458      20726576 
 458      6973696F 
 458      6E203232 
 458      31323230 
 459 01a3 67202D66 		.ascii	"g -ffunction-sections -ffat-lto-objects\000"
 459      66756E63 
 459      74696F6E 
 459      2D736563 
 459      74696F6E 
 460              	.LASF2:
 461 01cb 73686F72 		.ascii	"short int\000"
 461      7420696E 
 461      7400
 462              	.LASF16:
 463 01d5 73697A65 		.ascii	"sizetype\000"
 463      74797065 
 463      00
 464              	.LASF22:
 465 01de 52544353 		.ascii	"RTCSync\000"
 465      796E6300 
 466              		.ident	"GCC: (GNU Tools for ARM Embedded Processors) 4.9.3 20150303 (release) [ARM/embedded-4_9-br
