--------------- Build Started: 07/26/2016 14:43:53 Project: sd_openFat, Configuration: ARM GCC 4.9-2015-q1-update Debug ---------------
The code generation step is up to date.
arm-none-eabi-gcc.exe -mcpu=cortex-m0 -mthumb -Wno-main -I. -IGenerated_Source\PSoC4 -Wa,-alh=.\CortexM0\ARM_GCC_493\Debug/mmc.lst -g -D DEBUG -Wall -ffunction-sections -Og -ffat-lto-objects -c .\mmc.c -o .\CortexM0\ARM_GCC_493\Debug\mmc.o
.\mmc.c:34:16: warning: 'spi_readwrite' defined but not used [-Wunused-function]
 static uint8_t spi_readwrite( uint8_t data)
                ^
.\mmc.c:144:17: warning: 'mmc_get_sector_size' defined but not used [-Wunused-function]
 static uint16_t mmc_get_sector_size(const struct block_device *dev)
                 ^
.\mmc.c:150:12: warning: 'mmc_read_sectors' defined but not used [-Wunused-function]
 static int mmc_read_sectors(const struct block_device *bldev,
            ^
.\mmc.c:168:12: warning: 'mmc_write_sectors' defined but not used [-Wunused-function]
 static int mmc_write_sectors(const struct block_device *bldev,
            ^
arm-none-eabi-ar.exe -rs .\CortexM0\ARM_GCC_493\Debug\sd_openFat.a .\CortexM0\ARM_GCC_493\Debug\cyfitter_cfg.o .\CortexM0\ARM_GCC_493\Debug\CS_SPI.o .\CortexM0\ARM_GCC_493\Debug\CS_SPI_PM.o .\CortexM0\ARM_GCC_493\Debug\CLK_SPI.o .\CortexM0\ARM_GCC_493\Debug\CLK_SPI_PM.o .\CortexM0\ARM_GCC_493\Debug\MOSI_SPI.o .\CortexM0\ARM_GCC_493\Debug\MOSI_SPI_PM.o .\CortexM0\ARM_GCC_493\Debug\MISO_SPI.o .\CortexM0\ARM_GCC_493\Debug\MISO_SPI_PM.o .\CortexM0\ARM_GCC_493\Debug\CyBootAsmGnu.o .\CortexM0\ARM_GCC_493\Debug\CyFlash.o .\CortexM0\ARM_GCC_493\Debug\CyLib.o .\CortexM0\ARM_GCC_493\Debug\cyPm.o .\CortexM0\ARM_GCC_493\Debug\cyutils.o .\CortexM0\ARM_GCC_493\Debug\CyLFClk.o
arm-none-eabi-ar.exe: creating .\CortexM0\ARM_GCC_493\Debug\sd_openFat.a
arm-none-eabi-gcc.exe -Wl,--start-group -o .\CortexM0\ARM_GCC_493\Debug\sd_openFat.elf .\CortexM0\ARM_GCC_493\Debug\main.o .\CortexM0\ARM_GCC_493\Debug\direntry.o .\CortexM0\ARM_GCC_493\Debug\fat_core.o .\CortexM0\ARM_GCC_493\Debug\mbr.o .\CortexM0\ARM_GCC_493\Debug\unixlike.o .\CortexM0\ARM_GCC_493\Debug\write.o .\CortexM0\ARM_GCC_493\Debug\mmc.o .\CortexM0\ARM_GCC_493\Debug\HW_SPI.o .\CortexM0\ARM_GCC_493\Debug\cymetadata.o .\CortexM0\ARM_GCC_493\Debug\Cm0Start.o .\CortexM0\ARM_GCC_493\Debug\sd_openFat.a "C:\Program Files (x86)\Cypress\PSoC Creator\3.3\PSoC Creator\psoc\content\cycomponentlibrary\CyComponentLibrary.cylib\CortexM0\ARM_GCC_493\Debug\CyComponentLibrary.a" -mcpu=cortex-m0 -mthumb -g -ffunction-sections -Og -ffat-lto-objects -L Generated_Source\PSoC4 -Wl,-Map,.\CortexM0\ARM_GCC_493\Debug/sd_openFat.map -T Generated_Source\PSoC4\cm0gcc.ld -specs=nano.specs -Wl,--gc-sections -Wl,--end-group
cyelftool.exe -C "D:\Cypress\system-start-finish\vesion 2\fw\finish\sandbox\v2\SD\sd_openFat.cydsn\CortexM0\ARM_GCC_493\Debug\sd_openFat.elf" --flash_row_size 128 --flash_size 131072
cyelftool.exe -S "D:\Cypress\system-start-finish\vesion 2\fw\finish\sandbox\v2\SD\sd_openFat.cydsn\CortexM0\ARM_GCC_493\Debug\sd_openFat.elf"
Flash used: 6272 of 131072 bytes (4,8%).
SRAM used: 3004 of 16384 bytes (18,3%). Stack: 2048 bytes. Heap: 128 bytes.
--------------- Build Succeeded: 07/26/2016 14:43:53 ---------------
