ARM GAS  C:\Users\Petro\AppData\Local\Temp\ccZXS8FI.s 			page 1


   1              		.cpu cortex-m0
   2              		.fpu softvfp
   3              		.eabi_attribute 20, 1
   4              		.eabi_attribute 21, 1
   5              		.eabi_attribute 23, 3
   6              		.eabi_attribute 24, 1
   7              		.eabi_attribute 25, 1
   8              		.eabi_attribute 26, 1
   9              		.eabi_attribute 30, 1
  10              		.eabi_attribute 34, 0
  11              		.eabi_attribute 18, 4
  12              		.code	16
  13              		.file	"mmc.c"
  14              		.text
  15              	.Ltext0:
  16              		.cfi_sections	.debug_frame
  17              		.section	.text.mmc_write_buffer,"ax",%progbits
  18              		.align	2
  19              		.code	16
  20              		.thumb_func
  21              		.type	mmc_write_buffer, %function
  22              	mmc_write_buffer:
  23              	.LFB12:
  24              		.file 1 ".\\mmc.c"
   1:.\mmc.c       **** /*
   2:.\mmc.c       ****  * This file is part of the openfat project.
   3:.\mmc.c       ****  *
   4:.\mmc.c       ****  * Copyright (C) 2011  Department of Physics, University of Otago
   5:.\mmc.c       ****  * Written by Gareth McMullin <gareth@blacksphere.co.nz>
   6:.\mmc.c       ****  *
   7:.\mmc.c       ****  * This program is free software: you can redistribute it and/or modify
   8:.\mmc.c       ****  * it under the terms of the GNU General Public License as published by
   9:.\mmc.c       ****  * the Free Software Foundation, either version 3 of the License, or
  10:.\mmc.c       ****  * (at your option) any later version.
  11:.\mmc.c       ****  *
  12:.\mmc.c       ****  * This program is distributed in the hope that it will be useful,
  13:.\mmc.c       ****  * but WITHOUT ANY WARRANTY; without even the implied warranty of
  14:.\mmc.c       ****  * MERCHANTABILITY or FITNESS FOR A PARTICULAR PURPOSE.  See the
  15:.\mmc.c       ****  * GNU General Public License for more details.
  16:.\mmc.c       ****  *
  17:.\mmc.c       ****  * You should have received a copy of the GNU General Public License
  18:.\mmc.c       ****  * along with this program.  If not, see <http://www.gnu.org/licenses/>.
  19:.\mmc.c       ****  */
  20:.\mmc.c       **** 
  21:.\mmc.c       **** /* MMC Card interface implementation.
  22:.\mmc.c       ****  */
  23:.\mmc.c       **** 
  24:.\mmc.c       **** 
  25:.\mmc.c       **** #include <stdint.h>
  26:.\mmc.c       **** #include <string.h>
  27:.\mmc.c       **** 
  28:.\mmc.c       **** #include "mmc.h"
  29:.\mmc.c       **** #include "openfat/leaccess.h"
  30:.\mmc.c       **** #include "HW_SPI.h"
  31:.\mmc.c       **** 
  32:.\mmc.c       **** #define MMC_SECTOR_SIZE		512
  33:.\mmc.c       **** 
ARM GAS  C:\Users\Petro\AppData\Local\Temp\ccZXS8FI.s 			page 2


  34:.\mmc.c       **** static uint8_t spi_readwrite( uint8_t data)
  35:.\mmc.c       **** {
  36:.\mmc.c       **** 	/*while(SPI_SR(spi) & SPI_SR_BSY);
  37:.\mmc.c       **** 	SPI_DR(spi) = data;
  38:.\mmc.c       **** 	while(!(SPI_SR(spi) & SPI_SR_RXNE));
  39:.\mmc.c       **** 	return SPI_DR(spi);*/
  40:.\mmc.c       ****     //SPI_SendByte(data);
  41:.\mmc.c       ****     return SPI_RecvByte();
  42:.\mmc.c       **** }
  43:.\mmc.c       **** 
  44:.\mmc.c       **** static void mmc_select(const struct mmc_port *mmc)
  45:.\mmc.c       **** {
  46:.\mmc.c       **** 	/*gpio_clear(mmc->cs_port, mmc->cs_pin);*/
  47:.\mmc.c       **** 	/* Wait for not busy */
  48:.\mmc.c       **** 	//while(spi_readwrite(mmc->spi, 0xFF) == 0);
  49:.\mmc.c       ****     ChipSelect();
  50:.\mmc.c       ****     SPI_SendByte(0xff);
  51:.\mmc.c       **** }
  52:.\mmc.c       **** 
  53:.\mmc.c       **** static void mmc_release(const struct mmc_port *mmc)
  54:.\mmc.c       **** {
  55:.\mmc.c       **** 	//gpio_set(mmc->cs_port, mmc->cs_pin);
  56:.\mmc.c       **** 	/* Must cycle clock 8 times after CS is released */
  57:.\mmc.c       ****     ChipDeselect();
  58:.\mmc.c       **** 	SPI_SendByte( 0xFF);  
  59:.\mmc.c       **** }
  60:.\mmc.c       **** 
  61:.\mmc.c       **** static void 
  62:.\mmc.c       **** mmc_write_buffer(const struct mmc_port *mmc, const uint8_t *buf, int len)
  63:.\mmc.c       **** {
  25              		.loc 1 63 0
  26              		.cfi_startproc
  27              	.LVL0:
  28 0000 38B5     		push	{r3, r4, r5, lr}
  29              		.cfi_def_cfa_offset 16
  30              		.cfi_offset 3, -16
  31              		.cfi_offset 4, -12
  32              		.cfi_offset 5, -8
  33              		.cfi_offset 14, -4
  64:.\mmc.c       **** 	while(len--)
  34              		.loc 1 64 0
  35 0002 05E0     		b	.L2
  36              	.LVL1:
  37              	.L3:
  65:.\mmc.c       **** 		SPI_SendByte(*buf++);
  38              		.loc 1 65 0
  39 0004 4D1C     		add	r5, r1, #1
  40              	.LVL2:
  41 0006 0878     		ldrb	r0, [r1]
  42 0008 FFF7FEFF 		bl	SPI_SendByte
  43              	.LVL3:
  64:.\mmc.c       **** 	while(len--)
  44              		.loc 1 64 0
  45 000c 221C     		mov	r2, r4
  46              		.loc 1 65 0
  47 000e 291C     		mov	r1, r5
  48              	.LVL4:
ARM GAS  C:\Users\Petro\AppData\Local\Temp\ccZXS8FI.s 			page 3


  49              	.L2:
  64:.\mmc.c       **** 	while(len--)
  50              		.loc 1 64 0
  51 0010 541E     		sub	r4, r2, #1
  52              	.LVL5:
  53 0012 002A     		cmp	r2, #0
  54 0014 F6D1     		bne	.L3
  66:.\mmc.c       **** }
  55              		.loc 1 66 0
  56              		@ sp needed
  57              	.LVL6:
  58 0016 38BD     		pop	{r3, r4, r5, pc}
  59              		.cfi_endproc
  60              	.LFE12:
  61              		.size	mmc_write_buffer, .-mmc_write_buffer
  62              		.section	.text.mmc_read_buffer,"ax",%progbits
  63              		.align	2
  64              		.code	16
  65              		.thumb_func
  66              		.type	mmc_read_buffer, %function
  67              	mmc_read_buffer:
  68              	.LFB13:
  67:.\mmc.c       **** 
  68:.\mmc.c       **** static void 
  69:.\mmc.c       **** mmc_read_buffer(const struct mmc_port *mmc, uint8_t *buf, int len)
  70:.\mmc.c       **** {
  69              		.loc 1 70 0
  70              		.cfi_startproc
  71              	.LVL7:
  72 0000 70B5     		push	{r4, r5, r6, lr}
  73              		.cfi_def_cfa_offset 16
  74              		.cfi_offset 4, -16
  75              		.cfi_offset 5, -12
  76              		.cfi_offset 6, -8
  77              		.cfi_offset 14, -4
  78 0002 0C1C     		mov	r4, r1
  71:.\mmc.c       **** 	while(len--)
  79              		.loc 1 71 0
  80 0004 05E0     		b	.L5
  81              	.LVL8:
  82              	.L6:
  72:.\mmc.c       **** 		*buf++ = SPI_RecvByte();
  83              		.loc 1 72 0
  84 0006 661C     		add	r6, r4, #1
  85              	.LVL9:
  86 0008 FFF7FEFF 		bl	SPI_RecvByte
  87              	.LVL10:
  88 000c 2070     		strb	r0, [r4]
  71:.\mmc.c       **** 	while(len--)
  89              		.loc 1 71 0
  90 000e 2A1C     		mov	r2, r5
  91              		.loc 1 72 0
  92 0010 341C     		mov	r4, r6
  93              	.LVL11:
  94              	.L5:
  71:.\mmc.c       **** 	while(len--)
  95              		.loc 1 71 0
ARM GAS  C:\Users\Petro\AppData\Local\Temp\ccZXS8FI.s 			page 4


  96 0012 551E     		sub	r5, r2, #1
  97              	.LVL12:
  98 0014 002A     		cmp	r2, #0
  99 0016 F6D1     		bne	.L6
  73:.\mmc.c       **** }
 100              		.loc 1 73 0
 101              		@ sp needed
 102              	.LVL13:
 103              	.LVL14:
 104 0018 70BD     		pop	{r4, r5, r6, pc}
 105              		.cfi_endproc
 106              	.LFE13:
 107              		.size	mmc_read_buffer, .-mmc_read_buffer
 108 001a C046     		.section	.text.mmc_select,"ax",%progbits
 109              		.align	2
 110              		.code	16
 111              		.thumb_func
 112              		.type	mmc_select, %function
 113              	mmc_select:
 114              	.LFB10:
  45:.\mmc.c       **** 	/*gpio_clear(mmc->cs_port, mmc->cs_pin);*/
 115              		.loc 1 45 0
 116              		.cfi_startproc
 117              	.LVL15:
 118 0000 08B5     		push	{r3, lr}
 119              		.cfi_def_cfa_offset 8
 120              		.cfi_offset 3, -8
 121              		.cfi_offset 14, -4
  49:.\mmc.c       ****     SPI_SendByte(0xff);
 122              		.loc 1 49 0
 123 0002 FFF7FEFF 		bl	ChipSelect
 124              	.LVL16:
  50:.\mmc.c       **** }
 125              		.loc 1 50 0
 126 0006 FF20     		mov	r0, #255
 127 0008 FFF7FEFF 		bl	SPI_SendByte
 128              	.LVL17:
  51:.\mmc.c       **** 
 129              		.loc 1 51 0
 130              		@ sp needed
 131 000c 08BD     		pop	{r3, pc}
 132              		.cfi_endproc
 133              	.LFE10:
 134              		.size	mmc_select, .-mmc_select
 135 000e C046     		.section	.text.mmc_command,"ax",%progbits
 136              		.align	2
 137              		.code	16
 138              		.thumb_func
 139              		.type	mmc_command, %function
 140              	mmc_command:
 141              	.LFB16:
  74:.\mmc.c       **** 
  75:.\mmc.c       **** #define TOKEN_START_SINGLE_READ		0xFE
  76:.\mmc.c       **** #define TOKEN_START_MULTI_READ		0xFE
  77:.\mmc.c       **** #define TOKEN_START_SINGLE_WRITE	0xFE
  78:.\mmc.c       **** #define TOKEN_START_MULTI_WRITE		0xFD
  79:.\mmc.c       **** #define TOKEN_STOP_MULTI_WRITE		0xFC
ARM GAS  C:\Users\Petro\AppData\Local\Temp\ccZXS8FI.s 			page 5


  80:.\mmc.c       **** 
  81:.\mmc.c       **** static int
  82:.\mmc.c       **** mmc_receive_block(const struct mmc_port *mmc, uint8_t *buf, int len)
  83:.\mmc.c       **** {
  84:.\mmc.c       **** 	/* wait for token */
  85:.\mmc.c       **** 	while((*buf = SPI_RecvByte()) == 0xFF);
  86:.\mmc.c       **** 
  87:.\mmc.c       **** 	if(*buf != TOKEN_START_SINGLE_READ) /* Start data token */
  88:.\mmc.c       **** 		return -1;
  89:.\mmc.c       **** 
  90:.\mmc.c       **** 	mmc_read_buffer(mmc, buf, len);
  91:.\mmc.c       **** 
  92:.\mmc.c       **** 	/* Discard CRC bytes */
  93:.\mmc.c       **** 	SPI_SendByte( 0xFF);
  94:.\mmc.c       **** 	SPI_SendByte( 0xFF);
  95:.\mmc.c       **** 	
  96:.\mmc.c       **** 	return 0;
  97:.\mmc.c       **** 
  98:.\mmc.c       **** }
  99:.\mmc.c       **** 
 100:.\mmc.c       **** static int
 101:.\mmc.c       **** mmc_transmit_block(const struct mmc_port *mmc, const uint8_t *buf, int len)
 102:.\mmc.c       **** {
 103:.\mmc.c       **** 	/* wait for not busy */
 104:.\mmc.c       **** 	while(SPI_RecvByte() != 0xFF);
 105:.\mmc.c       **** 
 106:.\mmc.c       **** 	/* Send token */
 107:.\mmc.c       **** 	SPI_SendByte( TOKEN_START_SINGLE_WRITE);
 108:.\mmc.c       **** 
 109:.\mmc.c       **** 	/* Sent data frame */
 110:.\mmc.c       **** 	mmc_write_buffer(mmc, buf, len);
 111:.\mmc.c       **** 
 112:.\mmc.c       **** 	/* Send dummy CRC bytes */
 113:.\mmc.c       **** 	SPI_SendByte( 0xFF);
 114:.\mmc.c       **** 	SPI_SendByte( 0xFF);
 115:.\mmc.c       **** 
 116:.\mmc.c       **** 	/* Return response code, zero on no error */
 117:.\mmc.c       **** 	return SPI_RecvByte( );
 118:.\mmc.c       **** }
 119:.\mmc.c       **** 
 120:.\mmc.c       **** static uint8_t
 121:.\mmc.c       **** mmc_command(const struct mmc_port *mmc, uint8_t cmd, uint32_t arg)
 122:.\mmc.c       **** {
 142              		.loc 1 122 0
 143              		.cfi_startproc
 144              	.LVL18:
 145 0000 10B5     		push	{r4, lr}
 146              		.cfi_def_cfa_offset 8
 147              		.cfi_offset 4, -8
 148              		.cfi_offset 14, -4
 149 0002 82B0     		sub	sp, sp, #8
 150              		.cfi_def_cfa_offset 16
 151 0004 041C     		mov	r4, r0
 123:.\mmc.c       **** 	uint8_t buf[6];
 124:.\mmc.c       **** 	uint8_t ret;
 125:.\mmc.c       **** 
 126:.\mmc.c       **** 	buf[0] = cmd | 0x40;
ARM GAS  C:\Users\Petro\AppData\Local\Temp\ccZXS8FI.s 			page 6


 152              		.loc 1 126 0
 153 0006 4023     		mov	r3, #64
 154 0008 0B43     		orr	r3, r1
 155 000a 6846     		mov	r0, sp
 156              	.LVL19:
 157 000c 0370     		strb	r3, [r0]
 127:.\mmc.c       **** 	/* argument is packed big-endian */
 128:.\mmc.c       **** 	buf[1] = (arg >> 24) & 0xFF;
 158              		.loc 1 128 0
 159 000e 130E     		lsr	r3, r2, #24
 160 0010 4370     		strb	r3, [r0, #1]
 129:.\mmc.c       **** 	buf[2] = (arg >> 16) & 0xFF;
 161              		.loc 1 129 0
 162 0012 130C     		lsr	r3, r2, #16
 163 0014 8370     		strb	r3, [r0, #2]
 130:.\mmc.c       **** 	buf[3] = (arg >> 8) & 0xFF;
 164              		.loc 1 130 0
 165 0016 130A     		lsr	r3, r2, #8
 166 0018 C370     		strb	r3, [r0, #3]
 131:.\mmc.c       **** 	buf[4] = arg & 0xFF;
 167              		.loc 1 131 0
 168 001a 0271     		strb	r2, [r0, #4]
 132:.\mmc.c       **** 	buf[5] = (cmd == MMC_GO_IDLE_STATE) ? 0x95 : 1; /* CRC here */
 169              		.loc 1 132 0
 170 001c 0029     		cmp	r1, #0
 171 001e 01D1     		bne	.L11
 172 0020 9523     		mov	r3, #149
 173 0022 00E0     		b	.L9
 174              	.L11:
 175 0024 0123     		mov	r3, #1
 176              	.L9:
 177              		.loc 1 132 0 is_stmt 0 discriminator 4
 178 0026 6A46     		mov	r2, sp
 179              	.LVL20:
 180 0028 5371     		strb	r3, [r2, #5]
 133:.\mmc.c       **** 
 134:.\mmc.c       **** 	mmc_select(mmc);
 181              		.loc 1 134 0 is_stmt 1 discriminator 4
 182 002a 201C     		mov	r0, r4
 183 002c FFF7FEFF 		bl	mmc_select
 184              	.LVL21:
 135:.\mmc.c       **** 	mmc_write_buffer(mmc, buf, sizeof(buf));
 185              		.loc 1 135 0 discriminator 4
 186 0030 201C     		mov	r0, r4
 187 0032 6946     		mov	r1, sp
 188 0034 0622     		mov	r2, #6
 189 0036 FFF7FEFF 		bl	mmc_write_buffer
 190              	.LVL22:
 191              	.L10:
 136:.\mmc.c       **** 
 137:.\mmc.c       **** 	do { /* Wait for response byte */
 138:.\mmc.c       **** 		ret = SPI_RecvByte( );
 192              		.loc 1 138 0 discriminator 1
 193 003a FFF7FEFF 		bl	SPI_RecvByte
 194              	.LVL23:
 139:.\mmc.c       **** 	} while(ret & 0x80);
 195              		.loc 1 139 0 discriminator 1
ARM GAS  C:\Users\Petro\AppData\Local\Temp\ccZXS8FI.s 			page 7


 196 003e 0206     		lsl	r2, r0, #24
 197 0040 FBD4     		bmi	.L10
 140:.\mmc.c       **** 
 141:.\mmc.c       **** 	return ret;
 142:.\mmc.c       **** }
 198              		.loc 1 142 0
 199 0042 02B0     		add	sp, sp, #8
 200              		@ sp needed
 201              	.LVL24:
 202 0044 10BD     		pop	{r4, pc}
 203              		.cfi_endproc
 204              	.LFE16:
 205              		.size	mmc_command, .-mmc_command
 206 0046 C046     		.section	.text.mmc_release,"ax",%progbits
 207              		.align	2
 208              		.code	16
 209              		.thumb_func
 210              		.type	mmc_release, %function
 211              	mmc_release:
 212              	.LFB11:
  54:.\mmc.c       **** 	//gpio_set(mmc->cs_port, mmc->cs_pin);
 213              		.loc 1 54 0
 214              		.cfi_startproc
 215              	.LVL25:
 216 0000 08B5     		push	{r3, lr}
 217              		.cfi_def_cfa_offset 8
 218              		.cfi_offset 3, -8
 219              		.cfi_offset 14, -4
  57:.\mmc.c       **** 	SPI_SendByte( 0xFF);  
 220              		.loc 1 57 0
 221 0002 FFF7FEFF 		bl	ChipDeselect
 222              	.LVL26:
  58:.\mmc.c       **** }
 223              		.loc 1 58 0
 224 0006 FF20     		mov	r0, #255
 225 0008 FFF7FEFF 		bl	SPI_SendByte
 226              	.LVL27:
  59:.\mmc.c       **** 
 227              		.loc 1 59 0
 228              		@ sp needed
 229 000c 08BD     		pop	{r3, pc}
 230              		.cfi_endproc
 231              	.LFE11:
 232              		.size	mmc_release, .-mmc_release
 233 000e C046     		.section	.text.mmc_init,"ax",%progbits
 234              		.align	2
 235              		.global	mmc_init
 236              		.code	16
 237              		.thumb_func
 238              		.type	mmc_init, %function
 239              	mmc_init:
 240              	.LFB20:
 143:.\mmc.c       **** 
 144:.\mmc.c       **** static uint16_t mmc_get_sector_size(const struct block_device *dev)
 145:.\mmc.c       **** {
 146:.\mmc.c       **** 	(void)dev;
 147:.\mmc.c       **** 	return MMC_SECTOR_SIZE;
ARM GAS  C:\Users\Petro\AppData\Local\Temp\ccZXS8FI.s 			page 8


 148:.\mmc.c       **** }
 149:.\mmc.c       **** 
 150:.\mmc.c       **** static int mmc_read_sectors(const struct block_device *bldev,
 151:.\mmc.c       **** 		uint32_t sector, uint32_t count, void *buf)
 152:.\mmc.c       **** {
 153:.\mmc.c       **** 	const struct mmc_port *mmc = (void*)bldev;
 154:.\mmc.c       **** 	uint32_t i;
 155:.\mmc.c       ****  
 156:.\mmc.c       **** 	mmc_select(mmc);
 157:.\mmc.c       **** 	for(i = 0; i < count; i++) {
 158:.\mmc.c       **** 		mmc_command(0, MMC_READ_SINGLE_BLOCK, 
 159:.\mmc.c       **** 				(sector + i) * MMC_SECTOR_SIZE);
 160:.\mmc.c       **** 		mmc_receive_block(mmc, buf, MMC_SECTOR_SIZE);
 161:.\mmc.c       **** 		buf += MMC_SECTOR_SIZE;
 162:.\mmc.c       **** 	}
 163:.\mmc.c       **** 	mmc_release(mmc);
 164:.\mmc.c       **** 
 165:.\mmc.c       **** 	return i;
 166:.\mmc.c       **** }
 167:.\mmc.c       **** 
 168:.\mmc.c       **** static int mmc_write_sectors(const struct block_device *bldev,
 169:.\mmc.c       **** 		uint32_t sector, uint32_t count, const void *buf)
 170:.\mmc.c       **** {
 171:.\mmc.c       **** 	const struct mmc_port *mmc = (void*)bldev;
 172:.\mmc.c       **** 	uint32_t i;
 173:.\mmc.c       ****  
 174:.\mmc.c       **** 	mmc_select(mmc);
 175:.\mmc.c       **** 	for(i = 0; i < count; i++) {
 176:.\mmc.c       **** 		mmc_command(0, MMC_WRITE_BLOCK, 
 177:.\mmc.c       **** 				(sector + i) * MMC_SECTOR_SIZE);
 178:.\mmc.c       **** 		mmc_transmit_block(mmc, buf, MMC_SECTOR_SIZE);
 179:.\mmc.c       **** 		buf += MMC_SECTOR_SIZE;
 180:.\mmc.c       **** 	}
 181:.\mmc.c       **** 	mmc_release(mmc);
 182:.\mmc.c       **** 
 183:.\mmc.c       **** 	return i;
 184:.\mmc.c       **** }
 185:.\mmc.c       **** 
 186:.\mmc.c       **** int 
 187:.\mmc.c       **** mmc_init(void)
 188:.\mmc.c       **** {
 241              		.loc 1 188 0
 242              		.cfi_startproc
 243 0000 10B5     		push	{r4, lr}
 244              		.cfi_def_cfa_offset 8
 245              		.cfi_offset 4, -8
 246              		.cfi_offset 14, -4
 247 0002 82B0     		sub	sp, sp, #8
 248              		.cfi_def_cfa_offset 16
 189:.\mmc.c       **** 	uint8_t ocr[4];
 190:.\mmc.c       **** 
 191:.\mmc.c       **** 	/* Intialise structure */
 192:.\mmc.c       **** 	//memset(mmc, 0, sizeof(*mmc));
 193:.\mmc.c       **** 
 194:.\mmc.c       **** 	/* Block device methods */
 195:.\mmc.c       **** 	/*mmc->bldev.get_sector_size = mmc_get_sector_size;
 196:.\mmc.c       **** 	mmc->bldev.read_sectors = mmc_read_sectors;
ARM GAS  C:\Users\Petro\AppData\Local\Temp\ccZXS8FI.s 			page 9


 197:.\mmc.c       **** 	mmc->bldev.write_sectors = mmc_write_sectors;
 198:.\mmc.c       ****     
 199:.\mmc.c       **** 	mmc->spi = spi;
 200:.\mmc.c       **** 	mmc->cs_port = cs_port;
 201:.\mmc.c       **** 	mmc->cs_pin = cs_pin;*/
 202:.\mmc.c       **** 
 203:.\mmc.c       **** 	/* Do hardware init */
 204:.\mmc.c       **** 	/* Peripheral clocks must already be enabled.  
 205:.\mmc.c       **** 	 * SPI pins must already be configured. */
 206:.\mmc.c       **** 	/*spi_init_master(mmc->spi, 
 207:.\mmc.c       **** 			SPI_CR1_BAUDRATE_FPCLK_DIV_2, 
 208:.\mmc.c       **** 			SPI_CR1_CPOL_CLK_TO_1_WHEN_IDLE, 
 209:.\mmc.c       **** 			SPI_CR1_CPHA_CLK_TRANSITION_2, 
 210:.\mmc.c       **** 			SPI_CR1_CRCL_8BIT,
 211:.\mmc.c       **** 			SPI_CR1_MSBFIRST);*/
 212:.\mmc.c       **** 	/* Ignore the stupid NSS pin */
 213:.\mmc.c       **** 	/*spi_enable_software_slave_management(mmc->spi);
 214:.\mmc.c       **** 	spi_set_nss_high(mmc->spi);
 215:.\mmc.c       ****     
 216:.\mmc.c       **** 	spi_enable(mmc->spi);*/
 217:.\mmc.c       **** 
 218:.\mmc.c       **** 	/* SD nCS pin init */
 219:.\mmc.c       **** 	/*gpio_mode_setup(mmc->cs_port, GPIO_MODE_OUTPUT, 
 220:.\mmc.c       **** 			GPIO_PUPD_NONE, mmc->cs_pin);*/
 221:.\mmc.c       ****     SPI_Init();
 249              		.loc 1 221 0
 250 0004 FFF7FEFF 		bl	SPI_Init
 251              	.LVL28:
 222:.\mmc.c       **** 	/* Do card init ... */
 223:.\mmc.c       ****     int i;
 224:.\mmc.c       **** 	for( i = 0 ; i < 80; i++) SPI_SendByte( 0xff);
 252              		.loc 1 224 0
 253 0008 0024     		mov	r4, #0
 254 000a 03E0     		b	.L14
 255              	.LVL29:
 256              	.L15:
 257              		.loc 1 224 0 is_stmt 0 discriminator 3
 258 000c FF20     		mov	r0, #255
 259 000e FFF7FEFF 		bl	SPI_SendByte
 260              	.LVL30:
 261 0012 0134     		add	r4, r4, #1
 262              	.LVL31:
 263              	.L14:
 264              		.loc 1 224 0 discriminator 1
 265 0014 4F2C     		cmp	r4, #79
 266 0016 F9DD     		ble	.L15
 225:.\mmc.c       **** 
 226:.\mmc.c       **** 	if(mmc_command(0, MMC_GO_IDLE_STATE, 0) != 1) 
 267              		.loc 1 226 0 is_stmt 1
 268 0018 0020     		mov	r0, #0
 269 001a 0021     		mov	r1, #0
 270 001c 0022     		mov	r2, #0
 271 001e FFF7FEFF 		bl	mmc_command
 272              	.LVL32:
 273 0022 0128     		cmp	r0, #1
 274 0024 16D1     		bne	.L18
 275              	.L17:
ARM GAS  C:\Users\Petro\AppData\Local\Temp\ccZXS8FI.s 			page 10


 227:.\mmc.c       **** 		return -1; /* Can't reset card? */
 228:.\mmc.c       **** 
 229:.\mmc.c       **** 	/* Wait for card to initialize */
 230:.\mmc.c       **** 	while(mmc_command(0, MMC_SEND_OP_COND, 0) != 1);
 276              		.loc 1 230 0 discriminator 1
 277 0026 0020     		mov	r0, #0
 278 0028 0121     		mov	r1, #1
 279 002a 0022     		mov	r2, #0
 280 002c FFF7FEFF 		bl	mmc_command
 281              	.LVL33:
 282 0030 0128     		cmp	r0, #1
 283 0032 F8D1     		bne	.L17
 231:.\mmc.c       **** 
 232:.\mmc.c       **** 	if(mmc_command(0, MMC_READ_OCR, 0) != 0) 
 284              		.loc 1 232 0
 285 0034 0020     		mov	r0, #0
 286 0036 3A21     		mov	r1, #58
 287 0038 0022     		mov	r2, #0
 288 003a FFF7FEFF 		bl	mmc_command
 289              	.LVL34:
 290 003e 0028     		cmp	r0, #0
 291 0040 0BD1     		bne	.L19
 233:.\mmc.c       **** 		return -1; /* Can't read OCR? */
 234:.\mmc.c       **** 
 235:.\mmc.c       **** 	mmc_read_buffer(0, ocr, sizeof(ocr));
 292              		.loc 1 235 0
 293 0042 01A9     		add	r1, sp, #4
 294 0044 0422     		mov	r2, #4
 295 0046 FFF7FEFF 		bl	mmc_read_buffer
 296              	.LVL35:
 236:.\mmc.c       **** 	/* FIXME: Check OCR for acceptable voltage range... */
 237:.\mmc.c       **** 
 238:.\mmc.c       **** 	
 239:.\mmc.c       **** 	/* All cards support 512 byte block access and this is the default
 240:.\mmc.c       **** 	 * after reset.  If disk size or other info is needed this can
 241:.\mmc.c       **** 	 * be read from CSD in future.
 242:.\mmc.c       **** 	 */
 243:.\mmc.c       **** 	if(0) {
 244:.\mmc.c       **** 		uint8_t csd[16];
 245:.\mmc.c       **** 		if(mmc_command(0, MMC_SEND_CSD, 0) != 0) 
 246:.\mmc.c       **** 			return -1; /* Can't read CSD? */
 247:.\mmc.c       **** 		mmc_receive_block(0, csd, sizeof(csd));
 248:.\mmc.c       **** 
 249:.\mmc.c       **** 		uint32_t read_bl_len = csd[5] & 0x0F;
 250:.\mmc.c       **** 		uint32_t c_size = (csd[8] >> 6) + (csd[7] << 3) + 
 251:.\mmc.c       **** 				((csd[6] & 0x03) << 10);
 252:.\mmc.c       **** 		uint32_t c_size_mult = ((csd[10] & 0x80) >> 7) + 
 253:.\mmc.c       **** 				((csd[9] & 0x03) << 1);
 254:.\mmc.c       **** 		uint32_t blocknr = (c_size + 1) << (c_size_mult + 2 + read_bl_len);
 255:.\mmc.c       **** 		(void)blocknr;
 256:.\mmc.c       **** 	}
 257:.\mmc.c       **** 
 258:.\mmc.c       **** 	mmc_release(0);
 297              		.loc 1 258 0
 298 004a 0020     		mov	r0, #0
 299 004c FFF7FEFF 		bl	mmc_release
 300              	.LVL36:
ARM GAS  C:\Users\Petro\AppData\Local\Temp\ccZXS8FI.s 			page 11


 259:.\mmc.c       **** 
 260:.\mmc.c       **** 	return 0;
 301              		.loc 1 260 0
 302 0050 0020     		mov	r0, #0
 303 0052 04E0     		b	.L16
 304              	.L18:
 227:.\mmc.c       **** 
 305              		.loc 1 227 0
 306 0054 0120     		mov	r0, #1
 307 0056 4042     		neg	r0, r0
 308 0058 01E0     		b	.L16
 309              	.L19:
 233:.\mmc.c       **** 
 310              		.loc 1 233 0
 311 005a 0120     		mov	r0, #1
 312 005c 4042     		neg	r0, r0
 313              	.L16:
 261:.\mmc.c       **** }
 314              		.loc 1 261 0
 315 005e 02B0     		add	sp, sp, #8
 316              		@ sp needed
 317              	.LVL37:
 318 0060 10BD     		pop	{r4, pc}
 319              		.cfi_endproc
 320              	.LFE20:
 321              		.size	mmc_init, .-mmc_init
 322 0062 C046     		.text
 323              	.Letext0:
 324              		.file 2 "c:\\program files (x86)\\cypress\\psoc creator\\3.3\\psoc creator\\import\\gnu\\arm\\4.9.
 325              		.file 3 "c:\\program files (x86)\\cypress\\psoc creator\\3.3\\psoc creator\\import\\gnu\\arm\\4.9.
 326              		.file 4 ".\\openfat/blockdev.h"
 327              		.file 5 ".\\mmc.h"
 328              		.file 6 ".\\HW_SPI.h"
 329              		.section	.debug_info,"",%progbits
 330              	.Ldebug_info0:
 331 0000 A2040000 		.4byte	0x4a2
 332 0004 0400     		.2byte	0x4
 333 0006 00000000 		.4byte	.Ldebug_abbrev0
 334 000a 04       		.byte	0x4
 335 000b 01       		.uleb128 0x1
 336 000c 9E010000 		.4byte	.LASF33
 337 0010 01       		.byte	0x1
 338 0011 1E010000 		.4byte	.LASF34
 339 0015 22000000 		.4byte	.LASF35
 340 0019 00000000 		.4byte	.Ldebug_ranges0+0
 341 001d 00000000 		.4byte	0
 342 0021 00000000 		.4byte	.Ldebug_line0
 343 0025 02       		.uleb128 0x2
 344 0026 01       		.byte	0x1
 345 0027 06       		.byte	0x6
 346 0028 7A020000 		.4byte	.LASF0
 347 002c 03       		.uleb128 0x3
 348 002d 00000000 		.4byte	.LASF3
 349 0031 02       		.byte	0x2
 350 0032 1D       		.byte	0x1d
 351 0033 37000000 		.4byte	0x37
 352 0037 02       		.uleb128 0x2
ARM GAS  C:\Users\Petro\AppData\Local\Temp\ccZXS8FI.s 			page 12


 353 0038 01       		.byte	0x1
 354 0039 08       		.byte	0x8
 355 003a 91000000 		.4byte	.LASF1
 356 003e 02       		.uleb128 0x2
 357 003f 02       		.byte	0x2
 358 0040 05       		.byte	0x5
 359 0041 42020000 		.4byte	.LASF2
 360 0045 03       		.uleb128 0x3
 361 0046 02010000 		.4byte	.LASF4
 362 004a 02       		.byte	0x2
 363 004b 2B       		.byte	0x2b
 364 004c 50000000 		.4byte	0x50
 365 0050 02       		.uleb128 0x2
 366 0051 02       		.byte	0x2
 367 0052 07       		.byte	0x7
 368 0053 C7000000 		.4byte	.LASF5
 369 0057 02       		.uleb128 0x2
 370 0058 04       		.byte	0x4
 371 0059 05       		.byte	0x5
 372 005a 6C020000 		.4byte	.LASF6
 373 005e 03       		.uleb128 0x3
 374 005f 26010000 		.4byte	.LASF7
 375 0063 02       		.byte	0x2
 376 0064 41       		.byte	0x41
 377 0065 69000000 		.4byte	0x69
 378 0069 02       		.uleb128 0x2
 379 006a 04       		.byte	0x4
 380 006b 07       		.byte	0x7
 381 006c AC000000 		.4byte	.LASF8
 382 0070 02       		.uleb128 0x2
 383 0071 08       		.byte	0x8
 384 0072 05       		.byte	0x5
 385 0073 74010000 		.4byte	.LASF9
 386 0077 02       		.uleb128 0x2
 387 0078 08       		.byte	0x8
 388 0079 07       		.byte	0x7
 389 007a 3E010000 		.4byte	.LASF10
 390 007e 04       		.uleb128 0x4
 391 007f 04       		.byte	0x4
 392 0080 05       		.byte	0x5
 393 0081 696E7400 		.ascii	"int\000"
 394 0085 02       		.uleb128 0x2
 395 0086 04       		.byte	0x4
 396 0087 07       		.byte	0x7
 397 0088 31010000 		.4byte	.LASF11
 398 008c 03       		.uleb128 0x3
 399 008d 0A000000 		.4byte	.LASF12
 400 0091 03       		.byte	0x3
 401 0092 15       		.byte	0x15
 402 0093 2C000000 		.4byte	0x2c
 403 0097 03       		.uleb128 0x3
 404 0098 4C020000 		.4byte	.LASF13
 405 009c 03       		.byte	0x3
 406 009d 21       		.byte	0x21
 407 009e 45000000 		.4byte	0x45
 408 00a2 03       		.uleb128 0x3
 409 00a3 63020000 		.4byte	.LASF14
ARM GAS  C:\Users\Petro\AppData\Local\Temp\ccZXS8FI.s 			page 13


 410 00a7 03       		.byte	0x3
 411 00a8 2D       		.byte	0x2d
 412 00a9 5E000000 		.4byte	0x5e
 413 00ad 02       		.uleb128 0x2
 414 00ae 04       		.byte	0x4
 415 00af 07       		.byte	0x7
 416 00b0 6B010000 		.4byte	.LASF15
 417 00b4 05       		.uleb128 0x5
 418 00b5 04       		.byte	0x4
 419 00b6 02       		.uleb128 0x2
 420 00b7 01       		.byte	0x1
 421 00b8 08       		.byte	0x8
 422 00b9 75020000 		.4byte	.LASF16
 423 00bd 06       		.uleb128 0x6
 424 00be 73000000 		.4byte	.LASF20
 425 00c2 0C       		.byte	0xc
 426 00c3 04       		.byte	0x4
 427 00c4 22       		.byte	0x22
 428 00c5 EE000000 		.4byte	0xee
 429 00c9 07       		.uleb128 0x7
 430 00ca E7000000 		.4byte	.LASF17
 431 00ce 04       		.byte	0x4
 432 00cf 25       		.byte	0x25
 433 00d0 08010000 		.4byte	0x108
 434 00d4 00       		.byte	0
 435 00d5 07       		.uleb128 0x7
 436 00d6 35020000 		.4byte	.LASF18
 437 00da 04       		.byte	0x4
 438 00db 2A       		.byte	0x2a
 439 00dc 2C010000 		.4byte	0x12c
 440 00e0 04       		.byte	0x4
 441 00e1 07       		.uleb128 0x7
 442 00e2 55020000 		.4byte	.LASF19
 443 00e6 04       		.byte	0x4
 444 00e7 2D       		.byte	0x2d
 445 00e8 57010000 		.4byte	0x157
 446 00ec 08       		.byte	0x8
 447 00ed 00       		.byte	0
 448 00ee 08       		.uleb128 0x8
 449 00ef 97000000 		.4byte	0x97
 450 00f3 FD000000 		.4byte	0xfd
 451 00f7 09       		.uleb128 0x9
 452 00f8 FD000000 		.4byte	0xfd
 453 00fc 00       		.byte	0
 454 00fd 0A       		.uleb128 0xa
 455 00fe 04       		.byte	0x4
 456 00ff 03010000 		.4byte	0x103
 457 0103 0B       		.uleb128 0xb
 458 0104 BD000000 		.4byte	0xbd
 459 0108 0A       		.uleb128 0xa
 460 0109 04       		.byte	0x4
 461 010a EE000000 		.4byte	0xee
 462 010e 08       		.uleb128 0x8
 463 010f 7E000000 		.4byte	0x7e
 464 0113 2C010000 		.4byte	0x12c
 465 0117 09       		.uleb128 0x9
 466 0118 FD000000 		.4byte	0xfd
ARM GAS  C:\Users\Petro\AppData\Local\Temp\ccZXS8FI.s 			page 14


 467 011c 09       		.uleb128 0x9
 468 011d A2000000 		.4byte	0xa2
 469 0121 09       		.uleb128 0x9
 470 0122 A2000000 		.4byte	0xa2
 471 0126 09       		.uleb128 0x9
 472 0127 B4000000 		.4byte	0xb4
 473 012b 00       		.byte	0
 474 012c 0A       		.uleb128 0xa
 475 012d 04       		.byte	0x4
 476 012e 0E010000 		.4byte	0x10e
 477 0132 08       		.uleb128 0x8
 478 0133 7E000000 		.4byte	0x7e
 479 0137 50010000 		.4byte	0x150
 480 013b 09       		.uleb128 0x9
 481 013c FD000000 		.4byte	0xfd
 482 0140 09       		.uleb128 0x9
 483 0141 A2000000 		.4byte	0xa2
 484 0145 09       		.uleb128 0x9
 485 0146 A2000000 		.4byte	0xa2
 486 014a 09       		.uleb128 0x9
 487 014b 50010000 		.4byte	0x150
 488 014f 00       		.byte	0
 489 0150 0A       		.uleb128 0xa
 490 0151 04       		.byte	0x4
 491 0152 56010000 		.4byte	0x156
 492 0156 0C       		.uleb128 0xc
 493 0157 0A       		.uleb128 0xa
 494 0158 04       		.byte	0x4
 495 0159 32010000 		.4byte	0x132
 496 015d 06       		.uleb128 0x6
 497 015e BE000000 		.4byte	.LASF21
 498 0162 18       		.byte	0x18
 499 0163 05       		.byte	0x5
 500 0164 1F       		.byte	0x1f
 501 0165 9A010000 		.4byte	0x19a
 502 0169 07       		.uleb128 0x7
 503 016a 55010000 		.4byte	.LASF22
 504 016e 05       		.byte	0x5
 505 016f 20       		.byte	0x20
 506 0170 BD000000 		.4byte	0xbd
 507 0174 00       		.byte	0
 508 0175 0D       		.uleb128 0xd
 509 0176 73706900 		.ascii	"spi\000"
 510 017a 05       		.byte	0x5
 511 017b 22       		.byte	0x22
 512 017c A2000000 		.4byte	0xa2
 513 0180 0C       		.byte	0xc
 514 0181 07       		.uleb128 0x7
 515 0182 96010000 		.4byte	.LASF23
 516 0186 05       		.byte	0x5
 517 0187 23       		.byte	0x23
 518 0188 A2000000 		.4byte	0xa2
 519 018c 10       		.byte	0x10
 520 018d 07       		.uleb128 0x7
 521 018e 82010000 		.4byte	.LASF24
 522 0192 05       		.byte	0x5
 523 0193 24       		.byte	0x24
ARM GAS  C:\Users\Petro\AppData\Local\Temp\ccZXS8FI.s 			page 15


 524 0194 97000000 		.4byte	0x97
 525 0198 14       		.byte	0x14
 526 0199 00       		.byte	0
 527 019a 02       		.uleb128 0x2
 528 019b 04       		.byte	0x4
 529 019c 04       		.byte	0x4
 530 019d 8B000000 		.4byte	.LASF25
 531 01a1 02       		.uleb128 0x2
 532 01a2 08       		.byte	0x8
 533 01a3 04       		.byte	0x4
 534 01a4 1B000000 		.4byte	.LASF26
 535 01a8 0E       		.uleb128 0xe
 536 01a9 0D010000 		.4byte	.LASF27
 537 01ad 01       		.byte	0x1
 538 01ae 3E       		.byte	0x3e
 539 01af 00000000 		.4byte	.LFB12
 540 01b3 18000000 		.4byte	.LFE12-.LFB12
 541 01b7 01       		.uleb128 0x1
 542 01b8 9C       		.byte	0x9c
 543 01b9 F4010000 		.4byte	0x1f4
 544 01bd 0F       		.uleb128 0xf
 545 01be 6D6D6300 		.ascii	"mmc\000"
 546 01c2 01       		.byte	0x1
 547 01c3 3E       		.byte	0x3e
 548 01c4 F4010000 		.4byte	0x1f4
 549 01c8 00000000 		.4byte	.LLST0
 550 01cc 0F       		.uleb128 0xf
 551 01cd 62756600 		.ascii	"buf\000"
 552 01d1 01       		.byte	0x1
 553 01d2 3E       		.byte	0x3e
 554 01d3 FF010000 		.4byte	0x1ff
 555 01d7 21000000 		.4byte	.LLST1
 556 01db 0F       		.uleb128 0xf
 557 01dc 6C656E00 		.ascii	"len\000"
 558 01e0 01       		.byte	0x1
 559 01e1 3E       		.byte	0x3e
 560 01e2 7E000000 		.4byte	0x7e
 561 01e6 4A000000 		.4byte	.LLST2
 562 01ea 10       		.uleb128 0x10
 563 01eb 0C000000 		.4byte	.LVL3
 564 01ef 68040000 		.4byte	0x468
 565 01f3 00       		.byte	0
 566 01f4 0A       		.uleb128 0xa
 567 01f5 04       		.byte	0x4
 568 01f6 FA010000 		.4byte	0x1fa
 569 01fa 0B       		.uleb128 0xb
 570 01fb 5D010000 		.4byte	0x15d
 571 01ff 0A       		.uleb128 0xa
 572 0200 04       		.byte	0x4
 573 0201 05020000 		.4byte	0x205
 574 0205 0B       		.uleb128 0xb
 575 0206 8C000000 		.4byte	0x8c
 576 020a 0E       		.uleb128 0xe
 577 020b 5B010000 		.4byte	.LASF28
 578 020f 01       		.byte	0x1
 579 0210 45       		.byte	0x45
 580 0211 00000000 		.4byte	.LFB13
ARM GAS  C:\Users\Petro\AppData\Local\Temp\ccZXS8FI.s 			page 16


 581 0215 1A000000 		.4byte	.LFE13-.LFB13
 582 0219 01       		.uleb128 0x1
 583 021a 9C       		.byte	0x9c
 584 021b 56020000 		.4byte	0x256
 585 021f 0F       		.uleb128 0xf
 586 0220 6D6D6300 		.ascii	"mmc\000"
 587 0224 01       		.byte	0x1
 588 0225 45       		.byte	0x45
 589 0226 F4010000 		.4byte	0x1f4
 590 022a 8B000000 		.4byte	.LLST3
 591 022e 0F       		.uleb128 0xf
 592 022f 62756600 		.ascii	"buf\000"
 593 0233 01       		.byte	0x1
 594 0234 45       		.byte	0x45
 595 0235 56020000 		.4byte	0x256
 596 0239 AC000000 		.4byte	.LLST4
 597 023d 0F       		.uleb128 0xf
 598 023e 6C656E00 		.ascii	"len\000"
 599 0242 01       		.byte	0x1
 600 0243 45       		.byte	0x45
 601 0244 7E000000 		.4byte	0x7e
 602 0248 E0000000 		.4byte	.LLST5
 603 024c 10       		.uleb128 0x10
 604 024d 0C000000 		.4byte	.LVL10
 605 0251 79040000 		.4byte	0x479
 606 0255 00       		.byte	0
 607 0256 0A       		.uleb128 0xa
 608 0257 04       		.byte	0x4
 609 0258 8C000000 		.4byte	0x8c
 610 025c 0E       		.uleb128 0xe
 611 025d 80000000 		.4byte	.LASF29
 612 0261 01       		.byte	0x1
 613 0262 2C       		.byte	0x2c
 614 0263 00000000 		.4byte	.LFB10
 615 0267 0E000000 		.4byte	.LFE10-.LFB10
 616 026b 01       		.uleb128 0x1
 617 026c 9C       		.byte	0x9c
 618 026d 9A020000 		.4byte	0x29a
 619 0271 0F       		.uleb128 0xf
 620 0272 6D6D6300 		.ascii	"mmc\000"
 621 0276 01       		.byte	0x1
 622 0277 2C       		.byte	0x2c
 623 0278 F4010000 		.4byte	0x1f4
 624 027c 21010000 		.4byte	.LLST6
 625 0280 10       		.uleb128 0x10
 626 0281 06000000 		.4byte	.LVL16
 627 0285 84040000 		.4byte	0x484
 628 0289 11       		.uleb128 0x11
 629 028a 0C000000 		.4byte	.LVL17
 630 028e 68040000 		.4byte	0x468
 631 0292 12       		.uleb128 0x12
 632 0293 01       		.uleb128 0x1
 633 0294 50       		.byte	0x50
 634 0295 02       		.uleb128 0x2
 635 0296 09       		.byte	0x9
 636 0297 FF       		.byte	0xff
 637 0298 00       		.byte	0
ARM GAS  C:\Users\Petro\AppData\Local\Temp\ccZXS8FI.s 			page 17


 638 0299 00       		.byte	0
 639 029a 13       		.uleb128 0x13
 640 029b 92020000 		.4byte	.LASF36
 641 029f 01       		.byte	0x1
 642 02a0 79       		.byte	0x79
 643 02a1 8C000000 		.4byte	0x8c
 644 02a5 00000000 		.4byte	.LFB16
 645 02a9 46000000 		.4byte	.LFE16-.LFB16
 646 02ad 01       		.uleb128 0x1
 647 02ae 9C       		.byte	0x9c
 648 02af 38030000 		.4byte	0x338
 649 02b3 0F       		.uleb128 0xf
 650 02b4 6D6D6300 		.ascii	"mmc\000"
 651 02b8 01       		.byte	0x1
 652 02b9 79       		.byte	0x79
 653 02ba F4010000 		.4byte	0x1f4
 654 02be 42010000 		.4byte	.LLST7
 655 02c2 0F       		.uleb128 0xf
 656 02c3 636D6400 		.ascii	"cmd\000"
 657 02c7 01       		.byte	0x1
 658 02c8 79       		.byte	0x79
 659 02c9 8C000000 		.4byte	0x8c
 660 02cd 6E010000 		.4byte	.LLST8
 661 02d1 0F       		.uleb128 0xf
 662 02d2 61726700 		.ascii	"arg\000"
 663 02d6 01       		.byte	0x1
 664 02d7 79       		.byte	0x79
 665 02d8 A2000000 		.4byte	0xa2
 666 02dc 8F010000 		.4byte	.LLST9
 667 02e0 14       		.uleb128 0x14
 668 02e1 62756600 		.ascii	"buf\000"
 669 02e5 01       		.byte	0x1
 670 02e6 7B       		.byte	0x7b
 671 02e7 38030000 		.4byte	0x338
 672 02eb 02       		.uleb128 0x2
 673 02ec 91       		.byte	0x91
 674 02ed 70       		.sleb128 -16
 675 02ee 14       		.uleb128 0x14
 676 02ef 72657400 		.ascii	"ret\000"
 677 02f3 01       		.byte	0x1
 678 02f4 7C       		.byte	0x7c
 679 02f5 8C000000 		.4byte	0x8c
 680 02f9 01       		.uleb128 0x1
 681 02fa 50       		.byte	0x50
 682 02fb 15       		.uleb128 0x15
 683 02fc 30000000 		.4byte	.LVL21
 684 0300 5C020000 		.4byte	0x25c
 685 0304 0F030000 		.4byte	0x30f
 686 0308 12       		.uleb128 0x12
 687 0309 01       		.uleb128 0x1
 688 030a 50       		.byte	0x50
 689 030b 02       		.uleb128 0x2
 690 030c 74       		.byte	0x74
 691 030d 00       		.sleb128 0
 692 030e 00       		.byte	0
 693 030f 15       		.uleb128 0x15
 694 0310 3A000000 		.4byte	.LVL22
ARM GAS  C:\Users\Petro\AppData\Local\Temp\ccZXS8FI.s 			page 18


 695 0314 A8010000 		.4byte	0x1a8
 696 0318 2E030000 		.4byte	0x32e
 697 031c 12       		.uleb128 0x12
 698 031d 01       		.uleb128 0x1
 699 031e 52       		.byte	0x52
 700 031f 01       		.uleb128 0x1
 701 0320 36       		.byte	0x36
 702 0321 12       		.uleb128 0x12
 703 0322 01       		.uleb128 0x1
 704 0323 51       		.byte	0x51
 705 0324 02       		.uleb128 0x2
 706 0325 7D       		.byte	0x7d
 707 0326 00       		.sleb128 0
 708 0327 12       		.uleb128 0x12
 709 0328 01       		.uleb128 0x1
 710 0329 50       		.byte	0x50
 711 032a 02       		.uleb128 0x2
 712 032b 74       		.byte	0x74
 713 032c 00       		.sleb128 0
 714 032d 00       		.byte	0
 715 032e 10       		.uleb128 0x10
 716 032f 3E000000 		.4byte	.LVL23
 717 0333 79040000 		.4byte	0x479
 718 0337 00       		.byte	0
 719 0338 16       		.uleb128 0x16
 720 0339 8C000000 		.4byte	0x8c
 721 033d 48030000 		.4byte	0x348
 722 0341 17       		.uleb128 0x17
 723 0342 AD000000 		.4byte	0xad
 724 0346 05       		.byte	0x5
 725 0347 00       		.byte	0
 726 0348 0E       		.uleb128 0xe
 727 0349 86020000 		.4byte	.LASF30
 728 034d 01       		.byte	0x1
 729 034e 35       		.byte	0x35
 730 034f 00000000 		.4byte	.LFB11
 731 0353 0E000000 		.4byte	.LFE11-.LFB11
 732 0357 01       		.uleb128 0x1
 733 0358 9C       		.byte	0x9c
 734 0359 86030000 		.4byte	0x386
 735 035d 0F       		.uleb128 0xf
 736 035e 6D6D6300 		.ascii	"mmc\000"
 737 0362 01       		.byte	0x1
 738 0363 35       		.byte	0x35
 739 0364 F4010000 		.4byte	0x1f4
 740 0368 B0010000 		.4byte	.LLST10
 741 036c 10       		.uleb128 0x10
 742 036d 06000000 		.4byte	.LVL26
 743 0371 91040000 		.4byte	0x491
 744 0375 11       		.uleb128 0x11
 745 0376 0C000000 		.4byte	.LVL27
 746 037a 68040000 		.4byte	0x468
 747 037e 12       		.uleb128 0x12
 748 037f 01       		.uleb128 0x1
 749 0380 50       		.byte	0x50
 750 0381 02       		.uleb128 0x2
 751 0382 09       		.byte	0x9
ARM GAS  C:\Users\Petro\AppData\Local\Temp\ccZXS8FI.s 			page 19


 752 0383 FF       		.byte	0xff
 753 0384 00       		.byte	0
 754 0385 00       		.byte	0
 755 0386 18       		.uleb128 0x18
 756 0387 2C020000 		.4byte	.LASF37
 757 038b 01       		.byte	0x1
 758 038c BB       		.byte	0xbb
 759 038d 7E000000 		.4byte	0x7e
 760 0391 00000000 		.4byte	.LFB20
 761 0395 62000000 		.4byte	.LFE20-.LFB20
 762 0399 01       		.uleb128 0x1
 763 039a 9C       		.byte	0x9c
 764 039b 58040000 		.4byte	0x458
 765 039f 14       		.uleb128 0x14
 766 03a0 6F637200 		.ascii	"ocr\000"
 767 03a4 01       		.byte	0x1
 768 03a5 BD       		.byte	0xbd
 769 03a6 58040000 		.4byte	0x458
 770 03aa 02       		.uleb128 0x2
 771 03ab 91       		.byte	0x91
 772 03ac 74       		.sleb128 -12
 773 03ad 19       		.uleb128 0x19
 774 03ae 6900     		.ascii	"i\000"
 775 03b0 01       		.byte	0x1
 776 03b1 DF       		.byte	0xdf
 777 03b2 7E000000 		.4byte	0x7e
 778 03b6 D1010000 		.4byte	.LLST11
 779 03ba 10       		.uleb128 0x10
 780 03bb 08000000 		.4byte	.LVL28
 781 03bf 9E040000 		.4byte	0x49e
 782 03c3 15       		.uleb128 0x15
 783 03c4 12000000 		.4byte	.LVL30
 784 03c8 68040000 		.4byte	0x468
 785 03cc D7030000 		.4byte	0x3d7
 786 03d0 12       		.uleb128 0x12
 787 03d1 01       		.uleb128 0x1
 788 03d2 50       		.byte	0x50
 789 03d3 02       		.uleb128 0x2
 790 03d4 09       		.byte	0x9
 791 03d5 FF       		.byte	0xff
 792 03d6 00       		.byte	0
 793 03d7 15       		.uleb128 0x15
 794 03d8 22000000 		.4byte	.LVL32
 795 03dc 9A020000 		.4byte	0x29a
 796 03e0 F4030000 		.4byte	0x3f4
 797 03e4 12       		.uleb128 0x12
 798 03e5 01       		.uleb128 0x1
 799 03e6 52       		.byte	0x52
 800 03e7 01       		.uleb128 0x1
 801 03e8 30       		.byte	0x30
 802 03e9 12       		.uleb128 0x12
 803 03ea 01       		.uleb128 0x1
 804 03eb 51       		.byte	0x51
 805 03ec 01       		.uleb128 0x1
 806 03ed 30       		.byte	0x30
 807 03ee 12       		.uleb128 0x12
 808 03ef 01       		.uleb128 0x1
ARM GAS  C:\Users\Petro\AppData\Local\Temp\ccZXS8FI.s 			page 20


 809 03f0 50       		.byte	0x50
 810 03f1 01       		.uleb128 0x1
 811 03f2 30       		.byte	0x30
 812 03f3 00       		.byte	0
 813 03f4 15       		.uleb128 0x15
 814 03f5 30000000 		.4byte	.LVL33
 815 03f9 9A020000 		.4byte	0x29a
 816 03fd 11040000 		.4byte	0x411
 817 0401 12       		.uleb128 0x12
 818 0402 01       		.uleb128 0x1
 819 0403 52       		.byte	0x52
 820 0404 01       		.uleb128 0x1
 821 0405 30       		.byte	0x30
 822 0406 12       		.uleb128 0x12
 823 0407 01       		.uleb128 0x1
 824 0408 51       		.byte	0x51
 825 0409 01       		.uleb128 0x1
 826 040a 31       		.byte	0x31
 827 040b 12       		.uleb128 0x12
 828 040c 01       		.uleb128 0x1
 829 040d 50       		.byte	0x50
 830 040e 01       		.uleb128 0x1
 831 040f 30       		.byte	0x30
 832 0410 00       		.byte	0
 833 0411 15       		.uleb128 0x15
 834 0412 3E000000 		.4byte	.LVL34
 835 0416 9A020000 		.4byte	0x29a
 836 041a 2F040000 		.4byte	0x42f
 837 041e 12       		.uleb128 0x12
 838 041f 01       		.uleb128 0x1
 839 0420 52       		.byte	0x52
 840 0421 01       		.uleb128 0x1
 841 0422 30       		.byte	0x30
 842 0423 12       		.uleb128 0x12
 843 0424 01       		.uleb128 0x1
 844 0425 51       		.byte	0x51
 845 0426 02       		.uleb128 0x2
 846 0427 08       		.byte	0x8
 847 0428 3A       		.byte	0x3a
 848 0429 12       		.uleb128 0x12
 849 042a 01       		.uleb128 0x1
 850 042b 50       		.byte	0x50
 851 042c 01       		.uleb128 0x1
 852 042d 30       		.byte	0x30
 853 042e 00       		.byte	0
 854 042f 15       		.uleb128 0x15
 855 0430 4A000000 		.4byte	.LVL35
 856 0434 0A020000 		.4byte	0x20a
 857 0438 48040000 		.4byte	0x448
 858 043c 12       		.uleb128 0x12
 859 043d 01       		.uleb128 0x1
 860 043e 52       		.byte	0x52
 861 043f 01       		.uleb128 0x1
 862 0440 34       		.byte	0x34
 863 0441 12       		.uleb128 0x12
 864 0442 01       		.uleb128 0x1
 865 0443 51       		.byte	0x51
ARM GAS  C:\Users\Petro\AppData\Local\Temp\ccZXS8FI.s 			page 21


 866 0444 02       		.uleb128 0x2
 867 0445 91       		.byte	0x91
 868 0446 74       		.sleb128 -12
 869 0447 00       		.byte	0
 870 0448 11       		.uleb128 0x11
 871 0449 50000000 		.4byte	.LVL36
 872 044d 48030000 		.4byte	0x348
 873 0451 12       		.uleb128 0x12
 874 0452 01       		.uleb128 0x1
 875 0453 50       		.byte	0x50
 876 0454 01       		.uleb128 0x1
 877 0455 30       		.byte	0x30
 878 0456 00       		.byte	0
 879 0457 00       		.byte	0
 880 0458 16       		.uleb128 0x16
 881 0459 8C000000 		.4byte	0x8c
 882 045d 68040000 		.4byte	0x468
 883 0461 17       		.uleb128 0x17
 884 0462 AD000000 		.4byte	0xad
 885 0466 03       		.byte	0x3
 886 0467 00       		.byte	0
 887 0468 1A       		.uleb128 0x1a
 888 0469 9F000000 		.4byte	.LASF38
 889 046d 06       		.byte	0x6
 890 046e 19       		.byte	0x19
 891 046f 79040000 		.4byte	0x479
 892 0473 09       		.uleb128 0x9
 893 0474 8C000000 		.4byte	0x8c
 894 0478 00       		.byte	0
 895 0479 1B       		.uleb128 0x1b
 896 047a DA000000 		.4byte	.LASF39
 897 047e 06       		.byte	0x6
 898 047f 1B       		.byte	0x1b
 899 0480 8C000000 		.4byte	0x8c
 900 0484 1C       		.uleb128 0x1c
 901 0485 F7000000 		.4byte	.LASF31
 902 0489 06       		.byte	0x6
 903 048a 15       		.byte	0x15
 904 048b 91040000 		.4byte	0x491
 905 048f 1D       		.uleb128 0x1d
 906 0490 00       		.byte	0
 907 0491 1C       		.uleb128 0x1c
 908 0492 89010000 		.4byte	.LASF32
 909 0496 06       		.byte	0x6
 910 0497 16       		.byte	0x16
 911 0498 9E040000 		.4byte	0x49e
 912 049c 1D       		.uleb128 0x1d
 913 049d 00       		.byte	0
 914 049e 1E       		.uleb128 0x1e
 915 049f 12000000 		.4byte	.LASF40
 916 04a3 06       		.byte	0x6
 917 04a4 13       		.byte	0x13
 918 04a5 00       		.byte	0
 919              		.section	.debug_abbrev,"",%progbits
 920              	.Ldebug_abbrev0:
 921 0000 01       		.uleb128 0x1
 922 0001 11       		.uleb128 0x11
ARM GAS  C:\Users\Petro\AppData\Local\Temp\ccZXS8FI.s 			page 22


 923 0002 01       		.byte	0x1
 924 0003 25       		.uleb128 0x25
 925 0004 0E       		.uleb128 0xe
 926 0005 13       		.uleb128 0x13
 927 0006 0B       		.uleb128 0xb
 928 0007 03       		.uleb128 0x3
 929 0008 0E       		.uleb128 0xe
 930 0009 1B       		.uleb128 0x1b
 931 000a 0E       		.uleb128 0xe
 932 000b 55       		.uleb128 0x55
 933 000c 17       		.uleb128 0x17
 934 000d 11       		.uleb128 0x11
 935 000e 01       		.uleb128 0x1
 936 000f 10       		.uleb128 0x10
 937 0010 17       		.uleb128 0x17
 938 0011 00       		.byte	0
 939 0012 00       		.byte	0
 940 0013 02       		.uleb128 0x2
 941 0014 24       		.uleb128 0x24
 942 0015 00       		.byte	0
 943 0016 0B       		.uleb128 0xb
 944 0017 0B       		.uleb128 0xb
 945 0018 3E       		.uleb128 0x3e
 946 0019 0B       		.uleb128 0xb
 947 001a 03       		.uleb128 0x3
 948 001b 0E       		.uleb128 0xe
 949 001c 00       		.byte	0
 950 001d 00       		.byte	0
 951 001e 03       		.uleb128 0x3
 952 001f 16       		.uleb128 0x16
 953 0020 00       		.byte	0
 954 0021 03       		.uleb128 0x3
 955 0022 0E       		.uleb128 0xe
 956 0023 3A       		.uleb128 0x3a
 957 0024 0B       		.uleb128 0xb
 958 0025 3B       		.uleb128 0x3b
 959 0026 0B       		.uleb128 0xb
 960 0027 49       		.uleb128 0x49
 961 0028 13       		.uleb128 0x13
 962 0029 00       		.byte	0
 963 002a 00       		.byte	0
 964 002b 04       		.uleb128 0x4
 965 002c 24       		.uleb128 0x24
 966 002d 00       		.byte	0
 967 002e 0B       		.uleb128 0xb
 968 002f 0B       		.uleb128 0xb
 969 0030 3E       		.uleb128 0x3e
 970 0031 0B       		.uleb128 0xb
 971 0032 03       		.uleb128 0x3
 972 0033 08       		.uleb128 0x8
 973 0034 00       		.byte	0
 974 0035 00       		.byte	0
 975 0036 05       		.uleb128 0x5
 976 0037 0F       		.uleb128 0xf
 977 0038 00       		.byte	0
 978 0039 0B       		.uleb128 0xb
 979 003a 0B       		.uleb128 0xb
ARM GAS  C:\Users\Petro\AppData\Local\Temp\ccZXS8FI.s 			page 23


 980 003b 00       		.byte	0
 981 003c 00       		.byte	0
 982 003d 06       		.uleb128 0x6
 983 003e 13       		.uleb128 0x13
 984 003f 01       		.byte	0x1
 985 0040 03       		.uleb128 0x3
 986 0041 0E       		.uleb128 0xe
 987 0042 0B       		.uleb128 0xb
 988 0043 0B       		.uleb128 0xb
 989 0044 3A       		.uleb128 0x3a
 990 0045 0B       		.uleb128 0xb
 991 0046 3B       		.uleb128 0x3b
 992 0047 0B       		.uleb128 0xb
 993 0048 01       		.uleb128 0x1
 994 0049 13       		.uleb128 0x13
 995 004a 00       		.byte	0
 996 004b 00       		.byte	0
 997 004c 07       		.uleb128 0x7
 998 004d 0D       		.uleb128 0xd
 999 004e 00       		.byte	0
 1000 004f 03       		.uleb128 0x3
 1001 0050 0E       		.uleb128 0xe
 1002 0051 3A       		.uleb128 0x3a
 1003 0052 0B       		.uleb128 0xb
 1004 0053 3B       		.uleb128 0x3b
 1005 0054 0B       		.uleb128 0xb
 1006 0055 49       		.uleb128 0x49
 1007 0056 13       		.uleb128 0x13
 1008 0057 38       		.uleb128 0x38
 1009 0058 0B       		.uleb128 0xb
 1010 0059 00       		.byte	0
 1011 005a 00       		.byte	0
 1012 005b 08       		.uleb128 0x8
 1013 005c 15       		.uleb128 0x15
 1014 005d 01       		.byte	0x1
 1015 005e 27       		.uleb128 0x27
 1016 005f 19       		.uleb128 0x19
 1017 0060 49       		.uleb128 0x49
 1018 0061 13       		.uleb128 0x13
 1019 0062 01       		.uleb128 0x1
 1020 0063 13       		.uleb128 0x13
 1021 0064 00       		.byte	0
 1022 0065 00       		.byte	0
 1023 0066 09       		.uleb128 0x9
 1024 0067 05       		.uleb128 0x5
 1025 0068 00       		.byte	0
 1026 0069 49       		.uleb128 0x49
 1027 006a 13       		.uleb128 0x13
 1028 006b 00       		.byte	0
 1029 006c 00       		.byte	0
 1030 006d 0A       		.uleb128 0xa
 1031 006e 0F       		.uleb128 0xf
 1032 006f 00       		.byte	0
 1033 0070 0B       		.uleb128 0xb
 1034 0071 0B       		.uleb128 0xb
 1035 0072 49       		.uleb128 0x49
 1036 0073 13       		.uleb128 0x13
ARM GAS  C:\Users\Petro\AppData\Local\Temp\ccZXS8FI.s 			page 24


 1037 0074 00       		.byte	0
 1038 0075 00       		.byte	0
 1039 0076 0B       		.uleb128 0xb
 1040 0077 26       		.uleb128 0x26
 1041 0078 00       		.byte	0
 1042 0079 49       		.uleb128 0x49
 1043 007a 13       		.uleb128 0x13
 1044 007b 00       		.byte	0
 1045 007c 00       		.byte	0
 1046 007d 0C       		.uleb128 0xc
 1047 007e 26       		.uleb128 0x26
 1048 007f 00       		.byte	0
 1049 0080 00       		.byte	0
 1050 0081 00       		.byte	0
 1051 0082 0D       		.uleb128 0xd
 1052 0083 0D       		.uleb128 0xd
 1053 0084 00       		.byte	0
 1054 0085 03       		.uleb128 0x3
 1055 0086 08       		.uleb128 0x8
 1056 0087 3A       		.uleb128 0x3a
 1057 0088 0B       		.uleb128 0xb
 1058 0089 3B       		.uleb128 0x3b
 1059 008a 0B       		.uleb128 0xb
 1060 008b 49       		.uleb128 0x49
 1061 008c 13       		.uleb128 0x13
 1062 008d 38       		.uleb128 0x38
 1063 008e 0B       		.uleb128 0xb
 1064 008f 00       		.byte	0
 1065 0090 00       		.byte	0
 1066 0091 0E       		.uleb128 0xe
 1067 0092 2E       		.uleb128 0x2e
 1068 0093 01       		.byte	0x1
 1069 0094 03       		.uleb128 0x3
 1070 0095 0E       		.uleb128 0xe
 1071 0096 3A       		.uleb128 0x3a
 1072 0097 0B       		.uleb128 0xb
 1073 0098 3B       		.uleb128 0x3b
 1074 0099 0B       		.uleb128 0xb
 1075 009a 27       		.uleb128 0x27
 1076 009b 19       		.uleb128 0x19
 1077 009c 11       		.uleb128 0x11
 1078 009d 01       		.uleb128 0x1
 1079 009e 12       		.uleb128 0x12
 1080 009f 06       		.uleb128 0x6
 1081 00a0 40       		.uleb128 0x40
 1082 00a1 18       		.uleb128 0x18
 1083 00a2 9742     		.uleb128 0x2117
 1084 00a4 19       		.uleb128 0x19
 1085 00a5 01       		.uleb128 0x1
 1086 00a6 13       		.uleb128 0x13
 1087 00a7 00       		.byte	0
 1088 00a8 00       		.byte	0
 1089 00a9 0F       		.uleb128 0xf
 1090 00aa 05       		.uleb128 0x5
 1091 00ab 00       		.byte	0
 1092 00ac 03       		.uleb128 0x3
 1093 00ad 08       		.uleb128 0x8
ARM GAS  C:\Users\Petro\AppData\Local\Temp\ccZXS8FI.s 			page 25


 1094 00ae 3A       		.uleb128 0x3a
 1095 00af 0B       		.uleb128 0xb
 1096 00b0 3B       		.uleb128 0x3b
 1097 00b1 0B       		.uleb128 0xb
 1098 00b2 49       		.uleb128 0x49
 1099 00b3 13       		.uleb128 0x13
 1100 00b4 02       		.uleb128 0x2
 1101 00b5 17       		.uleb128 0x17
 1102 00b6 00       		.byte	0
 1103 00b7 00       		.byte	0
 1104 00b8 10       		.uleb128 0x10
 1105 00b9 898201   		.uleb128 0x4109
 1106 00bc 00       		.byte	0
 1107 00bd 11       		.uleb128 0x11
 1108 00be 01       		.uleb128 0x1
 1109 00bf 31       		.uleb128 0x31
 1110 00c0 13       		.uleb128 0x13
 1111 00c1 00       		.byte	0
 1112 00c2 00       		.byte	0
 1113 00c3 11       		.uleb128 0x11
 1114 00c4 898201   		.uleb128 0x4109
 1115 00c7 01       		.byte	0x1
 1116 00c8 11       		.uleb128 0x11
 1117 00c9 01       		.uleb128 0x1
 1118 00ca 31       		.uleb128 0x31
 1119 00cb 13       		.uleb128 0x13
 1120 00cc 00       		.byte	0
 1121 00cd 00       		.byte	0
 1122 00ce 12       		.uleb128 0x12
 1123 00cf 8A8201   		.uleb128 0x410a
 1124 00d2 00       		.byte	0
 1125 00d3 02       		.uleb128 0x2
 1126 00d4 18       		.uleb128 0x18
 1127 00d5 9142     		.uleb128 0x2111
 1128 00d7 18       		.uleb128 0x18
 1129 00d8 00       		.byte	0
 1130 00d9 00       		.byte	0
 1131 00da 13       		.uleb128 0x13
 1132 00db 2E       		.uleb128 0x2e
 1133 00dc 01       		.byte	0x1
 1134 00dd 03       		.uleb128 0x3
 1135 00de 0E       		.uleb128 0xe
 1136 00df 3A       		.uleb128 0x3a
 1137 00e0 0B       		.uleb128 0xb
 1138 00e1 3B       		.uleb128 0x3b
 1139 00e2 0B       		.uleb128 0xb
 1140 00e3 27       		.uleb128 0x27
 1141 00e4 19       		.uleb128 0x19
 1142 00e5 49       		.uleb128 0x49
 1143 00e6 13       		.uleb128 0x13
 1144 00e7 11       		.uleb128 0x11
 1145 00e8 01       		.uleb128 0x1
 1146 00e9 12       		.uleb128 0x12
 1147 00ea 06       		.uleb128 0x6
 1148 00eb 40       		.uleb128 0x40
 1149 00ec 18       		.uleb128 0x18
 1150 00ed 9742     		.uleb128 0x2117
ARM GAS  C:\Users\Petro\AppData\Local\Temp\ccZXS8FI.s 			page 26


 1151 00ef 19       		.uleb128 0x19
 1152 00f0 01       		.uleb128 0x1
 1153 00f1 13       		.uleb128 0x13
 1154 00f2 00       		.byte	0
 1155 00f3 00       		.byte	0
 1156 00f4 14       		.uleb128 0x14
 1157 00f5 34       		.uleb128 0x34
 1158 00f6 00       		.byte	0
 1159 00f7 03       		.uleb128 0x3
 1160 00f8 08       		.uleb128 0x8
 1161 00f9 3A       		.uleb128 0x3a
 1162 00fa 0B       		.uleb128 0xb
 1163 00fb 3B       		.uleb128 0x3b
 1164 00fc 0B       		.uleb128 0xb
 1165 00fd 49       		.uleb128 0x49
 1166 00fe 13       		.uleb128 0x13
 1167 00ff 02       		.uleb128 0x2
 1168 0100 18       		.uleb128 0x18
 1169 0101 00       		.byte	0
 1170 0102 00       		.byte	0
 1171 0103 15       		.uleb128 0x15
 1172 0104 898201   		.uleb128 0x4109
 1173 0107 01       		.byte	0x1
 1174 0108 11       		.uleb128 0x11
 1175 0109 01       		.uleb128 0x1
 1176 010a 31       		.uleb128 0x31
 1177 010b 13       		.uleb128 0x13
 1178 010c 01       		.uleb128 0x1
 1179 010d 13       		.uleb128 0x13
 1180 010e 00       		.byte	0
 1181 010f 00       		.byte	0
 1182 0110 16       		.uleb128 0x16
 1183 0111 01       		.uleb128 0x1
 1184 0112 01       		.byte	0x1
 1185 0113 49       		.uleb128 0x49
 1186 0114 13       		.uleb128 0x13
 1187 0115 01       		.uleb128 0x1
 1188 0116 13       		.uleb128 0x13
 1189 0117 00       		.byte	0
 1190 0118 00       		.byte	0
 1191 0119 17       		.uleb128 0x17
 1192 011a 21       		.uleb128 0x21
 1193 011b 00       		.byte	0
 1194 011c 49       		.uleb128 0x49
 1195 011d 13       		.uleb128 0x13
 1196 011e 2F       		.uleb128 0x2f
 1197 011f 0B       		.uleb128 0xb
 1198 0120 00       		.byte	0
 1199 0121 00       		.byte	0
 1200 0122 18       		.uleb128 0x18
 1201 0123 2E       		.uleb128 0x2e
 1202 0124 01       		.byte	0x1
 1203 0125 3F       		.uleb128 0x3f
 1204 0126 19       		.uleb128 0x19
 1205 0127 03       		.uleb128 0x3
 1206 0128 0E       		.uleb128 0xe
 1207 0129 3A       		.uleb128 0x3a
ARM GAS  C:\Users\Petro\AppData\Local\Temp\ccZXS8FI.s 			page 27


 1208 012a 0B       		.uleb128 0xb
 1209 012b 3B       		.uleb128 0x3b
 1210 012c 0B       		.uleb128 0xb
 1211 012d 27       		.uleb128 0x27
 1212 012e 19       		.uleb128 0x19
 1213 012f 49       		.uleb128 0x49
 1214 0130 13       		.uleb128 0x13
 1215 0131 11       		.uleb128 0x11
 1216 0132 01       		.uleb128 0x1
 1217 0133 12       		.uleb128 0x12
 1218 0134 06       		.uleb128 0x6
 1219 0135 40       		.uleb128 0x40
 1220 0136 18       		.uleb128 0x18
 1221 0137 9742     		.uleb128 0x2117
 1222 0139 19       		.uleb128 0x19
 1223 013a 01       		.uleb128 0x1
 1224 013b 13       		.uleb128 0x13
 1225 013c 00       		.byte	0
 1226 013d 00       		.byte	0
 1227 013e 19       		.uleb128 0x19
 1228 013f 34       		.uleb128 0x34
 1229 0140 00       		.byte	0
 1230 0141 03       		.uleb128 0x3
 1231 0142 08       		.uleb128 0x8
 1232 0143 3A       		.uleb128 0x3a
 1233 0144 0B       		.uleb128 0xb
 1234 0145 3B       		.uleb128 0x3b
 1235 0146 0B       		.uleb128 0xb
 1236 0147 49       		.uleb128 0x49
 1237 0148 13       		.uleb128 0x13
 1238 0149 02       		.uleb128 0x2
 1239 014a 17       		.uleb128 0x17
 1240 014b 00       		.byte	0
 1241 014c 00       		.byte	0
 1242 014d 1A       		.uleb128 0x1a
 1243 014e 2E       		.uleb128 0x2e
 1244 014f 01       		.byte	0x1
 1245 0150 3F       		.uleb128 0x3f
 1246 0151 19       		.uleb128 0x19
 1247 0152 03       		.uleb128 0x3
 1248 0153 0E       		.uleb128 0xe
 1249 0154 3A       		.uleb128 0x3a
 1250 0155 0B       		.uleb128 0xb
 1251 0156 3B       		.uleb128 0x3b
 1252 0157 0B       		.uleb128 0xb
 1253 0158 27       		.uleb128 0x27
 1254 0159 19       		.uleb128 0x19
 1255 015a 3C       		.uleb128 0x3c
 1256 015b 19       		.uleb128 0x19
 1257 015c 01       		.uleb128 0x1
 1258 015d 13       		.uleb128 0x13
 1259 015e 00       		.byte	0
 1260 015f 00       		.byte	0
 1261 0160 1B       		.uleb128 0x1b
 1262 0161 2E       		.uleb128 0x2e
 1263 0162 00       		.byte	0
 1264 0163 3F       		.uleb128 0x3f
ARM GAS  C:\Users\Petro\AppData\Local\Temp\ccZXS8FI.s 			page 28


 1265 0164 19       		.uleb128 0x19
 1266 0165 03       		.uleb128 0x3
 1267 0166 0E       		.uleb128 0xe
 1268 0167 3A       		.uleb128 0x3a
 1269 0168 0B       		.uleb128 0xb
 1270 0169 3B       		.uleb128 0x3b
 1271 016a 0B       		.uleb128 0xb
 1272 016b 27       		.uleb128 0x27
 1273 016c 19       		.uleb128 0x19
 1274 016d 49       		.uleb128 0x49
 1275 016e 13       		.uleb128 0x13
 1276 016f 3C       		.uleb128 0x3c
 1277 0170 19       		.uleb128 0x19
 1278 0171 00       		.byte	0
 1279 0172 00       		.byte	0
 1280 0173 1C       		.uleb128 0x1c
 1281 0174 2E       		.uleb128 0x2e
 1282 0175 01       		.byte	0x1
 1283 0176 3F       		.uleb128 0x3f
 1284 0177 19       		.uleb128 0x19
 1285 0178 03       		.uleb128 0x3
 1286 0179 0E       		.uleb128 0xe
 1287 017a 3A       		.uleb128 0x3a
 1288 017b 0B       		.uleb128 0xb
 1289 017c 3B       		.uleb128 0x3b
 1290 017d 0B       		.uleb128 0xb
 1291 017e 3C       		.uleb128 0x3c
 1292 017f 19       		.uleb128 0x19
 1293 0180 01       		.uleb128 0x1
 1294 0181 13       		.uleb128 0x13
 1295 0182 00       		.byte	0
 1296 0183 00       		.byte	0
 1297 0184 1D       		.uleb128 0x1d
 1298 0185 18       		.uleb128 0x18
 1299 0186 00       		.byte	0
 1300 0187 00       		.byte	0
 1301 0188 00       		.byte	0
 1302 0189 1E       		.uleb128 0x1e
 1303 018a 2E       		.uleb128 0x2e
 1304 018b 00       		.byte	0
 1305 018c 3F       		.uleb128 0x3f
 1306 018d 19       		.uleb128 0x19
 1307 018e 03       		.uleb128 0x3
 1308 018f 0E       		.uleb128 0xe
 1309 0190 3A       		.uleb128 0x3a
 1310 0191 0B       		.uleb128 0xb
 1311 0192 3B       		.uleb128 0x3b
 1312 0193 0B       		.uleb128 0xb
 1313 0194 27       		.uleb128 0x27
 1314 0195 19       		.uleb128 0x19
 1315 0196 3C       		.uleb128 0x3c
 1316 0197 19       		.uleb128 0x19
 1317 0198 00       		.byte	0
 1318 0199 00       		.byte	0
 1319 019a 00       		.byte	0
 1320              		.section	.debug_loc,"",%progbits
 1321              	.Ldebug_loc0:
ARM GAS  C:\Users\Petro\AppData\Local\Temp\ccZXS8FI.s 			page 29


 1322              	.LLST0:
 1323 0000 00000000 		.4byte	.LVL0
 1324 0004 04000000 		.4byte	.LVL1
 1325 0008 0100     		.2byte	0x1
 1326 000a 50       		.byte	0x50
 1327 000b 04000000 		.4byte	.LVL1
 1328 000f 18000000 		.4byte	.LFE12
 1329 0013 0400     		.2byte	0x4
 1330 0015 F3       		.byte	0xf3
 1331 0016 01       		.uleb128 0x1
 1332 0017 50       		.byte	0x50
 1333 0018 9F       		.byte	0x9f
 1334 0019 00000000 		.4byte	0
 1335 001d 00000000 		.4byte	0
 1336              	.LLST1:
 1337 0021 00000000 		.4byte	.LVL0
 1338 0025 06000000 		.4byte	.LVL2
 1339 0029 0100     		.2byte	0x1
 1340 002b 51       		.byte	0x51
 1341 002c 06000000 		.4byte	.LVL2
 1342 0030 10000000 		.4byte	.LVL4
 1343 0034 0100     		.2byte	0x1
 1344 0036 55       		.byte	0x55
 1345 0037 10000000 		.4byte	.LVL4
 1346 003b 18000000 		.4byte	.LFE12
 1347 003f 0100     		.2byte	0x1
 1348 0041 51       		.byte	0x51
 1349 0042 00000000 		.4byte	0
 1350 0046 00000000 		.4byte	0
 1351              	.LLST2:
 1352 004a 00000000 		.4byte	.LVL0
 1353 004e 04000000 		.4byte	.LVL1
 1354 0052 0100     		.2byte	0x1
 1355 0054 52       		.byte	0x52
 1356 0055 04000000 		.4byte	.LVL1
 1357 0059 10000000 		.4byte	.LVL4
 1358 005d 0100     		.2byte	0x1
 1359 005f 54       		.byte	0x54
 1360 0060 10000000 		.4byte	.LVL4
 1361 0064 12000000 		.4byte	.LVL5
 1362 0068 0100     		.2byte	0x1
 1363 006a 52       		.byte	0x52
 1364 006b 12000000 		.4byte	.LVL5
 1365 006f 16000000 		.4byte	.LVL6
 1366 0073 0100     		.2byte	0x1
 1367 0075 54       		.byte	0x54
 1368 0076 16000000 		.4byte	.LVL6
 1369 007a 18000000 		.4byte	.LFE12
 1370 007e 0300     		.2byte	0x3
 1371 0080 72       		.byte	0x72
 1372 0081 7F       		.sleb128 -1
 1373 0082 9F       		.byte	0x9f
 1374 0083 00000000 		.4byte	0
 1375 0087 00000000 		.4byte	0
 1376              	.LLST3:
 1377 008b 00000000 		.4byte	.LVL7
 1378 008f 06000000 		.4byte	.LVL8
ARM GAS  C:\Users\Petro\AppData\Local\Temp\ccZXS8FI.s 			page 30


 1379 0093 0100     		.2byte	0x1
 1380 0095 50       		.byte	0x50
 1381 0096 06000000 		.4byte	.LVL8
 1382 009a 1A000000 		.4byte	.LFE13
 1383 009e 0400     		.2byte	0x4
 1384 00a0 F3       		.byte	0xf3
 1385 00a1 01       		.uleb128 0x1
 1386 00a2 50       		.byte	0x50
 1387 00a3 9F       		.byte	0x9f
 1388 00a4 00000000 		.4byte	0
 1389 00a8 00000000 		.4byte	0
 1390              	.LLST4:
 1391 00ac 00000000 		.4byte	.LVL7
 1392 00b0 06000000 		.4byte	.LVL8
 1393 00b4 0100     		.2byte	0x1
 1394 00b6 51       		.byte	0x51
 1395 00b7 06000000 		.4byte	.LVL8
 1396 00bb 08000000 		.4byte	.LVL9
 1397 00bf 0100     		.2byte	0x1
 1398 00c1 54       		.byte	0x54
 1399 00c2 08000000 		.4byte	.LVL9
 1400 00c6 12000000 		.4byte	.LVL11
 1401 00ca 0100     		.2byte	0x1
 1402 00cc 56       		.byte	0x56
 1403 00cd 12000000 		.4byte	.LVL11
 1404 00d1 18000000 		.4byte	.LVL13
 1405 00d5 0100     		.2byte	0x1
 1406 00d7 54       		.byte	0x54
 1407 00d8 00000000 		.4byte	0
 1408 00dc 00000000 		.4byte	0
 1409              	.LLST5:
 1410 00e0 00000000 		.4byte	.LVL7
 1411 00e4 06000000 		.4byte	.LVL8
 1412 00e8 0100     		.2byte	0x1
 1413 00ea 52       		.byte	0x52
 1414 00eb 06000000 		.4byte	.LVL8
 1415 00ef 12000000 		.4byte	.LVL11
 1416 00f3 0100     		.2byte	0x1
 1417 00f5 55       		.byte	0x55
 1418 00f6 12000000 		.4byte	.LVL11
 1419 00fa 14000000 		.4byte	.LVL12
 1420 00fe 0100     		.2byte	0x1
 1421 0100 52       		.byte	0x52
 1422 0101 14000000 		.4byte	.LVL12
 1423 0105 18000000 		.4byte	.LVL14
 1424 0109 0100     		.2byte	0x1
 1425 010b 55       		.byte	0x55
 1426 010c 18000000 		.4byte	.LVL14
 1427 0110 1A000000 		.4byte	.LFE13
 1428 0114 0300     		.2byte	0x3
 1429 0116 72       		.byte	0x72
 1430 0117 7F       		.sleb128 -1
 1431 0118 9F       		.byte	0x9f
 1432 0119 00000000 		.4byte	0
 1433 011d 00000000 		.4byte	0
 1434              	.LLST6:
 1435 0121 00000000 		.4byte	.LVL15
ARM GAS  C:\Users\Petro\AppData\Local\Temp\ccZXS8FI.s 			page 31


 1436 0125 05000000 		.4byte	.LVL16-1
 1437 0129 0100     		.2byte	0x1
 1438 012b 50       		.byte	0x50
 1439 012c 05000000 		.4byte	.LVL16-1
 1440 0130 0E000000 		.4byte	.LFE10
 1441 0134 0400     		.2byte	0x4
 1442 0136 F3       		.byte	0xf3
 1443 0137 01       		.uleb128 0x1
 1444 0138 50       		.byte	0x50
 1445 0139 9F       		.byte	0x9f
 1446 013a 00000000 		.4byte	0
 1447 013e 00000000 		.4byte	0
 1448              	.LLST7:
 1449 0142 00000000 		.4byte	.LVL18
 1450 0146 0C000000 		.4byte	.LVL19
 1451 014a 0100     		.2byte	0x1
 1452 014c 50       		.byte	0x50
 1453 014d 0C000000 		.4byte	.LVL19
 1454 0151 44000000 		.4byte	.LVL24
 1455 0155 0100     		.2byte	0x1
 1456 0157 54       		.byte	0x54
 1457 0158 44000000 		.4byte	.LVL24
 1458 015c 46000000 		.4byte	.LFE16
 1459 0160 0400     		.2byte	0x4
 1460 0162 F3       		.byte	0xf3
 1461 0163 01       		.uleb128 0x1
 1462 0164 50       		.byte	0x50
 1463 0165 9F       		.byte	0x9f
 1464 0166 00000000 		.4byte	0
 1465 016a 00000000 		.4byte	0
 1466              	.LLST8:
 1467 016e 00000000 		.4byte	.LVL18
 1468 0172 2F000000 		.4byte	.LVL21-1
 1469 0176 0100     		.2byte	0x1
 1470 0178 51       		.byte	0x51
 1471 0179 2F000000 		.4byte	.LVL21-1
 1472 017d 46000000 		.4byte	.LFE16
 1473 0181 0400     		.2byte	0x4
 1474 0183 F3       		.byte	0xf3
 1475 0184 01       		.uleb128 0x1
 1476 0185 51       		.byte	0x51
 1477 0186 9F       		.byte	0x9f
 1478 0187 00000000 		.4byte	0
 1479 018b 00000000 		.4byte	0
 1480              	.LLST9:
 1481 018f 00000000 		.4byte	.LVL18
 1482 0193 28000000 		.4byte	.LVL20
 1483 0197 0100     		.2byte	0x1
 1484 0199 52       		.byte	0x52
 1485 019a 28000000 		.4byte	.LVL20
 1486 019e 46000000 		.4byte	.LFE16
 1487 01a2 0400     		.2byte	0x4
 1488 01a4 F3       		.byte	0xf3
 1489 01a5 01       		.uleb128 0x1
 1490 01a6 52       		.byte	0x52
 1491 01a7 9F       		.byte	0x9f
 1492 01a8 00000000 		.4byte	0
ARM GAS  C:\Users\Petro\AppData\Local\Temp\ccZXS8FI.s 			page 32


 1493 01ac 00000000 		.4byte	0
 1494              	.LLST10:
 1495 01b0 00000000 		.4byte	.LVL25
 1496 01b4 05000000 		.4byte	.LVL26-1
 1497 01b8 0100     		.2byte	0x1
 1498 01ba 50       		.byte	0x50
 1499 01bb 05000000 		.4byte	.LVL26-1
 1500 01bf 0E000000 		.4byte	.LFE11
 1501 01c3 0400     		.2byte	0x4
 1502 01c5 F3       		.byte	0xf3
 1503 01c6 01       		.uleb128 0x1
 1504 01c7 50       		.byte	0x50
 1505 01c8 9F       		.byte	0x9f
 1506 01c9 00000000 		.4byte	0
 1507 01cd 00000000 		.4byte	0
 1508              	.LLST11:
 1509 01d1 08000000 		.4byte	.LVL28
 1510 01d5 0C000000 		.4byte	.LVL29
 1511 01d9 0200     		.2byte	0x2
 1512 01db 30       		.byte	0x30
 1513 01dc 9F       		.byte	0x9f
 1514 01dd 0C000000 		.4byte	.LVL29
 1515 01e1 60000000 		.4byte	.LVL37
 1516 01e5 0100     		.2byte	0x1
 1517 01e7 54       		.byte	0x54
 1518 01e8 00000000 		.4byte	0
 1519 01ec 00000000 		.4byte	0
 1520              		.section	.debug_aranges,"",%progbits
 1521 0000 44000000 		.4byte	0x44
 1522 0004 0200     		.2byte	0x2
 1523 0006 00000000 		.4byte	.Ldebug_info0
 1524 000a 04       		.byte	0x4
 1525 000b 00       		.byte	0
 1526 000c 0000     		.2byte	0
 1527 000e 0000     		.2byte	0
 1528 0010 00000000 		.4byte	.LFB12
 1529 0014 18000000 		.4byte	.LFE12-.LFB12
 1530 0018 00000000 		.4byte	.LFB13
 1531 001c 1A000000 		.4byte	.LFE13-.LFB13
 1532 0020 00000000 		.4byte	.LFB10
 1533 0024 0E000000 		.4byte	.LFE10-.LFB10
 1534 0028 00000000 		.4byte	.LFB16
 1535 002c 46000000 		.4byte	.LFE16-.LFB16
 1536 0030 00000000 		.4byte	.LFB11
 1537 0034 0E000000 		.4byte	.LFE11-.LFB11
 1538 0038 00000000 		.4byte	.LFB20
 1539 003c 62000000 		.4byte	.LFE20-.LFB20
 1540 0040 00000000 		.4byte	0
 1541 0044 00000000 		.4byte	0
 1542              		.section	.debug_ranges,"",%progbits
 1543              	.Ldebug_ranges0:
 1544 0000 00000000 		.4byte	.LFB12
 1545 0004 18000000 		.4byte	.LFE12
 1546 0008 00000000 		.4byte	.LFB13
 1547 000c 1A000000 		.4byte	.LFE13
 1548 0010 00000000 		.4byte	.LFB10
 1549 0014 0E000000 		.4byte	.LFE10
ARM GAS  C:\Users\Petro\AppData\Local\Temp\ccZXS8FI.s 			page 33


 1550 0018 00000000 		.4byte	.LFB16
 1551 001c 46000000 		.4byte	.LFE16
 1552 0020 00000000 		.4byte	.LFB11
 1553 0024 0E000000 		.4byte	.LFE11
 1554 0028 00000000 		.4byte	.LFB20
 1555 002c 62000000 		.4byte	.LFE20
 1556 0030 00000000 		.4byte	0
 1557 0034 00000000 		.4byte	0
 1558              		.section	.debug_line,"",%progbits
 1559              	.Ldebug_line0:
 1560 0000 01020000 		.section	.debug_str,"MS",%progbits,1
 1560      02004701 
 1560      00000201 
 1560      FB0E0D00 
 1560      01010101 
 1561              	.LASF3:
 1562 0000 5F5F7569 		.ascii	"__uint8_t\000"
 1562      6E74385F 
 1562      7400
 1563              	.LASF12:
 1564 000a 75696E74 		.ascii	"uint8_t\000"
 1564      385F7400 
 1565              	.LASF40:
 1566 0012 5350495F 		.ascii	"SPI_Init\000"
 1566      496E6974 
 1566      00
 1567              	.LASF26:
 1568 001b 646F7562 		.ascii	"double\000"
 1568      6C6500
 1569              	.LASF35:
 1570 0022 443A5C43 		.ascii	"D:\\Cypress\\system-start-finish\\vesion 2\\fw\\fin"
 1570      79707265 
 1570      73735C73 
 1570      79737465 
 1570      6D2D7374 
 1571 0050 6973685C 		.ascii	"ish\\sandbox\\v2\\SD\\sd_openFat.cydsn\000"
 1571      73616E64 
 1571      626F785C 
 1571      76325C53 
 1571      445C7364 
 1572              	.LASF20:
 1573 0073 626C6F63 		.ascii	"block_device\000"
 1573      6B5F6465 
 1573      76696365 
 1573      00
 1574              	.LASF29:
 1575 0080 6D6D635F 		.ascii	"mmc_select\000"
 1575      73656C65 
 1575      637400
 1576              	.LASF25:
 1577 008b 666C6F61 		.ascii	"float\000"
 1577      7400
 1578              	.LASF1:
 1579 0091 756E7369 		.ascii	"unsigned char\000"
 1579      676E6564 
 1579      20636861 
 1579      7200
ARM GAS  C:\Users\Petro\AppData\Local\Temp\ccZXS8FI.s 			page 34


 1580              	.LASF38:
 1581 009f 5350495F 		.ascii	"SPI_SendByte\000"
 1581      53656E64 
 1581      42797465 
 1581      00
 1582              	.LASF8:
 1583 00ac 6C6F6E67 		.ascii	"long unsigned int\000"
 1583      20756E73 
 1583      69676E65 
 1583      6420696E 
 1583      7400
 1584              	.LASF21:
 1585 00be 6D6D635F 		.ascii	"mmc_port\000"
 1585      706F7274 
 1585      00
 1586              	.LASF5:
 1587 00c7 73686F72 		.ascii	"short unsigned int\000"
 1587      7420756E 
 1587      7369676E 
 1587      65642069 
 1587      6E7400
 1588              	.LASF39:
 1589 00da 5350495F 		.ascii	"SPI_RecvByte\000"
 1589      52656376 
 1589      42797465 
 1589      00
 1590              	.LASF17:
 1591 00e7 6765745F 		.ascii	"get_sector_size\000"
 1591      73656374 
 1591      6F725F73 
 1591      697A6500 
 1592              	.LASF31:
 1593 00f7 43686970 		.ascii	"ChipSelect\000"
 1593      53656C65 
 1593      637400
 1594              	.LASF4:
 1595 0102 5F5F7569 		.ascii	"__uint16_t\000"
 1595      6E743136 
 1595      5F7400
 1596              	.LASF27:
 1597 010d 6D6D635F 		.ascii	"mmc_write_buffer\000"
 1597      77726974 
 1597      655F6275 
 1597      66666572 
 1597      00
 1598              	.LASF34:
 1599 011e 2E5C6D6D 		.ascii	".\\mmc.c\000"
 1599      632E6300 
 1600              	.LASF7:
 1601 0126 5F5F7569 		.ascii	"__uint32_t\000"
 1601      6E743332 
 1601      5F7400
 1602              	.LASF11:
 1603 0131 756E7369 		.ascii	"unsigned int\000"
 1603      676E6564 
 1603      20696E74 
 1603      00
ARM GAS  C:\Users\Petro\AppData\Local\Temp\ccZXS8FI.s 			page 35


 1604              	.LASF10:
 1605 013e 6C6F6E67 		.ascii	"long long unsigned int\000"
 1605      206C6F6E 
 1605      6720756E 
 1605      7369676E 
 1605      65642069 
 1606              	.LASF22:
 1607 0155 626C6465 		.ascii	"bldev\000"
 1607      7600
 1608              	.LASF28:
 1609 015b 6D6D635F 		.ascii	"mmc_read_buffer\000"
 1609      72656164 
 1609      5F627566 
 1609      66657200 
 1610              	.LASF15:
 1611 016b 73697A65 		.ascii	"sizetype\000"
 1611      74797065 
 1611      00
 1612              	.LASF9:
 1613 0174 6C6F6E67 		.ascii	"long long int\000"
 1613      206C6F6E 
 1613      6720696E 
 1613      7400
 1614              	.LASF24:
 1615 0182 63735F70 		.ascii	"cs_pin\000"
 1615      696E00
 1616              	.LASF32:
 1617 0189 43686970 		.ascii	"ChipDeselect\000"
 1617      44657365 
 1617      6C656374 
 1617      00
 1618              	.LASF23:
 1619 0196 63735F70 		.ascii	"cs_port\000"
 1619      6F727400 
 1620              	.LASF33:
 1621 019e 474E5520 		.ascii	"GNU C 4.9.3 20150303 (release) [ARM/embedded-4_9-br"
 1621      4320342E 
 1621      392E3320 
 1621      32303135 
 1621      30333033 
 1622 01d1 616E6368 		.ascii	"anch revision 221220] -mcpu=cortex-m0 -mthumb -g -O"
 1622      20726576 
 1622      6973696F 
 1622      6E203232 
 1622      31323230 
 1623 0204 67202D66 		.ascii	"g -ffunction-sections -ffat-lto-objects\000"
 1623      66756E63 
 1623      74696F6E 
 1623      2D736563 
 1623      74696F6E 
 1624              	.LASF37:
 1625 022c 6D6D635F 		.ascii	"mmc_init\000"
 1625      696E6974 
 1625      00
 1626              	.LASF18:
 1627 0235 72656164 		.ascii	"read_sectors\000"
 1627      5F736563 
ARM GAS  C:\Users\Petro\AppData\Local\Temp\ccZXS8FI.s 			page 36


 1627      746F7273 
 1627      00
 1628              	.LASF2:
 1629 0242 73686F72 		.ascii	"short int\000"
 1629      7420696E 
 1629      7400
 1630              	.LASF13:
 1631 024c 75696E74 		.ascii	"uint16_t\000"
 1631      31365F74 
 1631      00
 1632              	.LASF19:
 1633 0255 77726974 		.ascii	"write_sectors\000"
 1633      655F7365 
 1633      63746F72 
 1633      7300
 1634              	.LASF14:
 1635 0263 75696E74 		.ascii	"uint32_t\000"
 1635      33325F74 
 1635      00
 1636              	.LASF6:
 1637 026c 6C6F6E67 		.ascii	"long int\000"
 1637      20696E74 
 1637      00
 1638              	.LASF16:
 1639 0275 63686172 		.ascii	"char\000"
 1639      00
 1640              	.LASF0:
 1641 027a 7369676E 		.ascii	"signed char\000"
 1641      65642063 
 1641      68617200 
 1642              	.LASF30:
 1643 0286 6D6D635F 		.ascii	"mmc_release\000"
 1643      72656C65 
 1643      61736500 
 1644              	.LASF36:
 1645 0292 6D6D635F 		.ascii	"mmc_command\000"
 1645      636F6D6D 
 1645      616E6400 
 1646              		.ident	"GCC: (GNU Tools for ARM Embedded Processors) 4.9.3 20150303 (release) [ARM/embedded-4_9-br
