--------------- Build Started: 08/04/2016 11:42:27 Project: netMaster_v0, Configuration: ARM GCC 4.9-2015-q1-update Debug ---------------
The code generation step is up to date.
arm-none-eabi-gcc.exe -mcpu=cortex-m0 -mthumb -Wno-main -I. -IGenerated_Source\PSoC4 -Wa,-alh=.\CortexM0\ARM_GCC_493\Debug/network.lst -g -D DEBUG -Wall -ffunction-sections -O0 -ffat-lto-objects -c .\lib_Network\network.c -o .\CortexM0\ARM_GCC_493\Debug\network.o
.\lib_Network\network.c: In function 'AppDelay':
.\lib_Network\network.c:70:9: warning: format '%u' expects argument of type 'unsigned int', but argument 3 has type 'uint32_t' [-Wformat=]
         sprintf(buffer,"time send data %u\n\r", (runTime));
         ^
.\lib_Network\network.c:70:9: warning: format '%u' expects argument of type 'unsigned int', but argument 3 has type 'uint32_t' [-Wformat=]
.\lib_Network\network.c: In function 'SendData':
.\lib_Network\network.c:95:9: warning: unused variable 'i' [-Wunused-variable]
     int i;
         ^
.\lib_Network\network.c: In function 'ReceiveData':
.\lib_Network\network.c:115:9: warning: unused variable 'i' [-Wunused-variable]
     int i;
         ^
.\lib_Network\network.c:114:14: warning: variable 'result' set but not used [-Wunused-but-set-variable]
     uint32_t result = 0;
              ^
.\lib_Network\network.c: In function 'AppDelay':
.\lib_Network\network.c:46:21: warning: 'runTime' may be used uninitialized in this function [-Wmaybe-uninitialized]
         if((delayMs - runTime) > MIN_DELAYMS)
                     ^
arm-none-eabi-gcc.exe -mcpu=cortex-m0 -mthumb -Wno-main -I. -IGenerated_Source\PSoC4 -Wa,-alh=.\CortexM0\ARM_GCC_493\Debug/main.lst -g -D DEBUG -Wall -ffunction-sections -O0 -ffat-lto-objects -c .\main.c -o .\CortexM0\ARM_GCC_493\Debug\main.o
In file included from .\main.c:13:0:
.\lib_Network\network.h:71:17: warning: 'networkStatus' defined but not used [-Wunused-variable]
 static uint32_t networkStatus;
                 ^
.\lib_Network\network.h:73:12: warning: 'numAttemps' defined but not used [-Wunused-variable]
 static int numAttemps ;
            ^
.\lib_Network\network.h:74:12: warning: 'noConnect' defined but not used [-Wunused-variable]
 static int noConnect;
            ^
arm-none-eabi-ar.exe -rs .\CortexM0\ARM_GCC_493\Debug\netMaster_v0.a .\CortexM0\ARM_GCC_493\Debug\cyfitter_cfg.o .\CortexM0\ARM_GCC_493\Debug\UART_XB.o .\CortexM0\ARM_GCC_493\Debug\UART_XB_SPI_UART.o .\CortexM0\ARM_GCC_493\Debug\UART_XB_SPI_UART_INT.o .\CortexM0\ARM_GCC_493\Debug\UART_XB_PM.o .\CortexM0\ARM_GCC_493\Debug\UART_XB_UART.o .\CortexM0\ARM_GCC_493\Debug\UART_XB_BOOT.o .\CortexM0\ARM_GCC_493\Debug\UART_XB_UART_BOOT.o .\CortexM0\ARM_GCC_493\Debug\SW_UART_DEBUG_AsmGnu.o .\CortexM0\ARM_GCC_493\Debug\SW_UART_DEBUG.o .\CortexM0\ARM_GCC_493\Debug\UART_XB_SCBCLK.o .\CortexM0\ARM_GCC_493\Debug\UART_XB_tx.o .\CortexM0\ARM_GCC_493\Debug\UART_XB_tx_PM.o .\CortexM0\ARM_GCC_493\Debug\UART_XB_SCB_IRQ.o .\CortexM0\ARM_GCC_493\Debug\UART_XB_rx.o .\CortexM0\ARM_GCC_493\Debug\UART_XB_rx_PM.o .\CortexM0\ARM_GCC_493\Debug\CyBootAsmGnu.o .\CortexM0\ARM_GCC_493\Debug\CyFlash.o .\CortexM0\ARM_GCC_493\Debug\CyLib.o .\CortexM0\ARM_GCC_493\Debug\cyPm.o .\CortexM0\ARM_GCC_493\Debug\cyutils.o .\CortexM0\ARM_GCC_493\Debug\CyLFClk.o .\CortexM0\ARM_GCC_493\Debug\appDelay.o .\CortexM0\ARM_GCC_493\Debug\appDelay_PM.o
arm-none-eabi-ar.exe: creating .\CortexM0\ARM_GCC_493\Debug\netMaster_v0.a
arm-none-eabi-gcc.exe -Wl,--start-group -o .\CortexM0\ARM_GCC_493\Debug\netMaster_v0.elf .\CortexM0\ARM_GCC_493\Debug\network.o .\CortexM0\ARM_GCC_493\Debug\svt.o .\CortexM0\ARM_GCC_493\Debug\crc32.o .\CortexM0\ARM_GCC_493\Debug\main.o .\CortexM0\ARM_GCC_493\Debug\cymetadata.o .\CortexM0\ARM_GCC_493\Debug\Cm0Start.o .\CortexM0\ARM_GCC_493\Debug\netMaster_v0.a "C:\Program Files (x86)\Cypress\PSoC Creator\3.3\PSoC Creator\psoc\content\cycomponentlibrary\CyComponentLibrary.cylib\CortexM0\ARM_GCC_493\Debug\CyComponentLibrary.a" -mcpu=cortex-m0 -mthumb -g -ffunction-sections -O0 -ffat-lto-objects -L Generated_Source\PSoC4 -Wl,-Map,.\CortexM0\ARM_GCC_493\Debug/netMaster_v0.map -T Generated_Source\PSoC4\cm0gcc.ld -specs=nano.specs -Wl,--gc-sections -Wl,--end-group
cyelftool.exe -C "D:\Cypress\system-start-finish\vesion 2\fw\finish\sandbox\v2\Network\netMaster_v0.cydsn\CortexM0\ARM_GCC_493\Debug\netMaster_v0.elf" --flash_row_size 128 --flash_size 131072
cyelftool.exe -S "D:\Cypress\system-start-finish\vesion 2\fw\finish\sandbox\v2\Network\netMaster_v0.cydsn\CortexM0\ARM_GCC_493\Debug\netMaster_v0.elf"
Flash used: 15104 of 131072 bytes (11,5%).
SRAM used: 3948 of 16384 bytes (24,1%). Stack: 2048 bytes. Heap: 128 bytes.
--------------- Build Succeeded: 08/04/2016 11:42:29 ---------------
