ARM GAS  C:\Users\Petro\AppData\Local\Temp\cc0qSBiE.s 			page 1


   1              		.cpu cortex-m0
   2              		.fpu softvfp
   3              		.eabi_attribute 20, 1
   4              		.eabi_attribute 21, 1
   5              		.eabi_attribute 23, 3
   6              		.eabi_attribute 24, 1
   7              		.eabi_attribute 25, 1
   8              		.eabi_attribute 26, 1
   9              		.eabi_attribute 30, 6
  10              		.eabi_attribute 34, 0
  11              		.eabi_attribute 18, 4
  12              		.code	16
  13              		.file	"main.c"
  14              		.text
  15              	.Ltext0:
  16              		.cfi_sections	.debug_frame
  17              		.comm	PROTO_STATE,1,1
  18              		.comm	LenD1,1,1
  19              		.comm	LenD2,1,1
  20              		.comm	LenD3,1,1
  21              		.comm	LenSeq,1,1
  22              		.comm	LenChS,1,1
  23              		.comm	LenC,1,1
  24              		.comm	outData,24,8
  25              		.comm	inData,24,8
  26              		.bss
  27              		.align	2
  28              	networkStatus:
  29 0000 00000000 		.space	4
  30              		.align	2
  31              	numAttemps:
  32 0004 00000000 		.space	4
  33              		.align	2
  34              	noConnect:
  35 0008 00000000 		.space	4
  36              		.section	.text.main,"ax",%progbits
  37              		.align	2
  38              		.global	main
  39              		.code	16
  40              		.thumb_func
  41              		.type	main, %function
  42              	main:
  43              	.LFB37:
  44              		.file 1 ".\\main.c"
   1:.\main.c      **** /* ========================================
   2:.\main.c      ****  *
   3:.\main.c      ****  * Copyright YOUR COMPANY, THE YEAR
   4:.\main.c      ****  * All Rights Reserved
   5:.\main.c      ****  * UNPUBLISHED, LICENSED SOFTWARE.
   6:.\main.c      ****  *
   7:.\main.c      ****  * CONFIDENTIAL AND PROPRIETARY INFORMATION
   8:.\main.c      ****  * WHICH IS THE PROPERTY OF your company.
   9:.\main.c      ****  *
  10:.\main.c      ****  * ========================================
  11:.\main.c      **** */
  12:.\main.c      **** #include <project.h>
  13:.\main.c      **** #include "lib_Network\network.h"
ARM GAS  C:\Users\Petro\AppData\Local\Temp\cc0qSBiE.s 			page 2


  14:.\main.c      **** 
  15:.\main.c      **** int main()
  16:.\main.c      **** {
  45              		.loc 1 16 0
  46              		.cfi_startproc
  47 0000 80B5     		push	{r7, lr}
  48              		.cfi_def_cfa_offset 8
  49              		.cfi_offset 7, -8
  50              		.cfi_offset 14, -4
  51 0002 00AF     		add	r7, sp, #0
  52              		.cfi_def_cfa_register 7
  17:.\main.c      ****     CyGlobalIntEnable; /* Enable global interrupts. */
  53              		.loc 1 17 0
  54              	@ 17 ".\main.c" 1
  55 0004 62B6     		CPSIE   i
  56              	@ 0 "" 2
  18:.\main.c      **** 
  19:.\main.c      ****     InitNetwork();
  57              		.loc 1 19 0
  58              		.code	16
  59 0006 FFF7FEFF 		bl	InitNetwork
  60              	.L2:
  20:.\main.c      ****     for(;;)
  21:.\main.c      ****     {
  22:.\main.c      ****         AppDelay(1500);
  61              		.loc 1 22 0 discriminator 1
  62 000a 024B     		ldr	r3, .L3
  63 000c 181C     		mov	r0, r3
  64 000e FFF7FEFF 		bl	AppDelay
  23:.\main.c      ****         
  24:.\main.c      ****     }
  65              		.loc 1 24 0 discriminator 1
  66 0012 FAE7     		b	.L2
  67              	.L4:
  68              		.align	2
  69              	.L3:
  70 0014 DC050000 		.word	1500
  71              		.cfi_endproc
  72              	.LFE37:
  73              		.size	main, .-main
  74              		.text
  75              	.Letext0:
  76              		.file 2 "c:\\program files (x86)\\cypress\\psoc creator\\3.3\\psoc creator\\import\\gnu\\arm\\4.9.
  77              		.file 3 "c:\\program files (x86)\\cypress\\psoc creator\\3.3\\psoc creator\\import\\gnu\\arm\\4.9.
  78              		.file 4 ".\\lib_Network\\network.h"
  79              		.file 5 "./lib_Network\\svt.h"
  80              		.section	.debug_info,"",%progbits
  81              	.Ldebug_info0:
  82 0000 75020000 		.4byte	0x275
  83 0004 0400     		.2byte	0x4
  84 0006 00000000 		.4byte	.Ldebug_abbrev0
  85 000a 04       		.byte	0x4
  86 000b 01       		.uleb128 0x1
  87 000c 00000000 		.4byte	.LASF46
  88 0010 01       		.byte	0x1
  89 0011 34010000 		.4byte	.LASF47
  90 0015 54020000 		.4byte	.LASF48
ARM GAS  C:\Users\Petro\AppData\Local\Temp\cc0qSBiE.s 			page 3


  91 0019 00000000 		.4byte	.Ldebug_ranges0+0
  92 001d 00000000 		.4byte	0
  93 0021 00000000 		.4byte	.Ldebug_line0
  94 0025 02       		.uleb128 0x2
  95 0026 01       		.byte	0x1
  96 0027 06       		.byte	0x6
  97 0028 F3000000 		.4byte	.LASF0
  98 002c 03       		.uleb128 0x3
  99 002d 8E000000 		.4byte	.LASF3
 100 0031 02       		.byte	0x2
 101 0032 1D       		.byte	0x1d
 102 0033 37000000 		.4byte	0x37
 103 0037 02       		.uleb128 0x2
 104 0038 01       		.byte	0x1
 105 0039 08       		.byte	0x8
 106 003a FF000000 		.4byte	.LASF1
 107 003e 02       		.uleb128 0x2
 108 003f 02       		.byte	0x2
 109 0040 05       		.byte	0x5
 110 0041 18020000 		.4byte	.LASF2
 111 0045 03       		.uleb128 0x3
 112 0046 49010000 		.4byte	.LASF4
 113 004a 02       		.byte	0x2
 114 004b 2B       		.byte	0x2b
 115 004c 50000000 		.4byte	0x50
 116 0050 02       		.uleb128 0x2
 117 0051 02       		.byte	0x2
 118 0052 07       		.byte	0x7
 119 0053 21010000 		.4byte	.LASF5
 120 0057 02       		.uleb128 0x2
 121 0058 04       		.byte	0x4
 122 0059 05       		.byte	0x5
 123 005a A8000000 		.4byte	.LASF6
 124 005e 03       		.uleb128 0x3
 125 005f 74010000 		.4byte	.LASF7
 126 0063 02       		.byte	0x2
 127 0064 41       		.byte	0x41
 128 0065 69000000 		.4byte	0x69
 129 0069 02       		.uleb128 0x2
 130 006a 04       		.byte	0x4
 131 006b 07       		.byte	0x7
 132 006c 54010000 		.4byte	.LASF8
 133 0070 02       		.uleb128 0x2
 134 0071 08       		.byte	0x8
 135 0072 05       		.byte	0x5
 136 0073 E2010000 		.4byte	.LASF9
 137 0077 03       		.uleb128 0x3
 138 0078 22020000 		.4byte	.LASF10
 139 007c 02       		.byte	0x2
 140 007d 5B       		.byte	0x5b
 141 007e 82000000 		.4byte	0x82
 142 0082 02       		.uleb128 0x2
 143 0083 08       		.byte	0x8
 144 0084 07       		.byte	0x7
 145 0085 AF010000 		.4byte	.LASF11
 146 0089 04       		.uleb128 0x4
 147 008a 04       		.byte	0x4
ARM GAS  C:\Users\Petro\AppData\Local\Temp\cc0qSBiE.s 			page 4


 148 008b 05       		.byte	0x5
 149 008c 696E7400 		.ascii	"int\000"
 150 0090 02       		.uleb128 0x2
 151 0091 04       		.byte	0x4
 152 0092 07       		.byte	0x7
 153 0093 97010000 		.4byte	.LASF12
 154 0097 03       		.uleb128 0x3
 155 0098 C6010000 		.4byte	.LASF13
 156 009c 03       		.byte	0x3
 157 009d 15       		.byte	0x15
 158 009e 2C000000 		.4byte	0x2c
 159 00a2 03       		.uleb128 0x3
 160 00a3 2D020000 		.4byte	.LASF14
 161 00a7 03       		.byte	0x3
 162 00a8 21       		.byte	0x21
 163 00a9 45000000 		.4byte	0x45
 164 00ad 03       		.uleb128 0x3
 165 00ae 40020000 		.4byte	.LASF15
 166 00b2 03       		.byte	0x3
 167 00b3 2D       		.byte	0x2d
 168 00b4 5E000000 		.4byte	0x5e
 169 00b8 03       		.uleb128 0x3
 170 00b9 C7000000 		.4byte	.LASF16
 171 00bd 03       		.byte	0x3
 172 00be 39       		.byte	0x39
 173 00bf 77000000 		.4byte	0x77
 174 00c3 02       		.uleb128 0x2
 175 00c4 04       		.byte	0x4
 176 00c5 04       		.byte	0x4
 177 00c6 E7000000 		.4byte	.LASF17
 178 00ca 02       		.uleb128 0x2
 179 00cb 08       		.byte	0x8
 180 00cc 04       		.byte	0x4
 181 00cd C0000000 		.4byte	.LASF18
 182 00d1 02       		.uleb128 0x2
 183 00d2 01       		.byte	0x1
 184 00d3 08       		.byte	0x8
 185 00d4 F8010000 		.4byte	.LASF19
 186 00d8 02       		.uleb128 0x2
 187 00d9 04       		.byte	0x4
 188 00da 07       		.byte	0x7
 189 00db D9010000 		.4byte	.LASF20
 190 00df 05       		.uleb128 0x5
 191 00e0 18       		.byte	0x18
 192 00e1 04       		.byte	0x4
 193 00e2 30       		.byte	0x30
 194 00e3 3C010000 		.4byte	0x13c
 195 00e7 06       		.uleb128 0x6
 196 00e8 98000000 		.4byte	.LASF21
 197 00ec 04       		.byte	0x4
 198 00ed 32       		.byte	0x32
 199 00ee 97000000 		.4byte	0x97
 200 00f2 00       		.byte	0
 201 00f3 06       		.uleb128 0x6
 202 00f4 1B010000 		.4byte	.LASF22
 203 00f8 04       		.byte	0x4
 204 00f9 33       		.byte	0x33
ARM GAS  C:\Users\Petro\AppData\Local\Temp\cc0qSBiE.s 			page 5


 205 00fa 97000000 		.4byte	0x97
 206 00fe 01       		.byte	0x1
 207 00ff 06       		.uleb128 0x6
 208 0100 8B010000 		.4byte	.LASF23
 209 0104 04       		.byte	0x4
 210 0105 34       		.byte	0x34
 211 0106 97000000 		.4byte	0x97
 212 010a 02       		.byte	0x2
 213 010b 06       		.uleb128 0x6
 214 010c 0C020000 		.4byte	.LASF24
 215 0110 04       		.byte	0x4
 216 0111 35       		.byte	0x35
 217 0112 97000000 		.4byte	0x97
 218 0116 03       		.byte	0x3
 219 0117 06       		.uleb128 0x6
 220 0118 F0010000 		.4byte	.LASF25
 221 011c 04       		.byte	0x4
 222 011d 36       		.byte	0x36
 223 011e B8000000 		.4byte	0xb8
 224 0122 08       		.byte	0x8
 225 0123 06       		.uleb128 0x6
 226 0124 36020000 		.4byte	.LASF26
 227 0128 04       		.byte	0x4
 228 0129 37       		.byte	0x37
 229 012a A2000000 		.4byte	0xa2
 230 012e 10       		.byte	0x10
 231 012f 06       		.uleb128 0x6
 232 0130 7F010000 		.4byte	.LASF27
 233 0134 04       		.byte	0x4
 234 0135 38       		.byte	0x38
 235 0136 97000000 		.4byte	0x97
 236 013a 12       		.byte	0x12
 237 013b 00       		.byte	0
 238 013c 03       		.uleb128 0x3
 239 013d A4010000 		.4byte	.LASF28
 240 0141 04       		.byte	0x4
 241 0142 39       		.byte	0x39
 242 0143 DF000000 		.4byte	0xdf
 243 0147 05       		.uleb128 0x5
 244 0148 18       		.byte	0x18
 245 0149 04       		.byte	0x4
 246 014a 3B       		.byte	0x3b
 247 014b 8C010000 		.4byte	0x18c
 248 014f 06       		.uleb128 0x6
 249 0150 98000000 		.4byte	.LASF21
 250 0154 04       		.byte	0x4
 251 0155 3D       		.byte	0x3d
 252 0156 97000000 		.4byte	0x97
 253 015a 00       		.byte	0
 254 015b 06       		.uleb128 0x6
 255 015c 0D010000 		.4byte	.LASF29
 256 0160 04       		.byte	0x4
 257 0161 3E       		.byte	0x3e
 258 0162 B8000000 		.4byte	0xb8
 259 0166 08       		.byte	0x8
 260 0167 06       		.uleb128 0x6
 261 0168 B3020000 		.4byte	.LASF30
ARM GAS  C:\Users\Petro\AppData\Local\Temp\cc0qSBiE.s 			page 6


 262 016c 04       		.byte	0x4
 263 016d 3F       		.byte	0x3f
 264 016e A2000000 		.4byte	0xa2
 265 0172 10       		.byte	0x10
 266 0173 06       		.uleb128 0x6
 267 0174 CE010000 		.4byte	.LASF31
 268 0178 04       		.byte	0x4
 269 0179 40       		.byte	0x40
 270 017a 97000000 		.4byte	0x97
 271 017e 12       		.byte	0x12
 272 017f 06       		.uleb128 0x6
 273 0180 D6000000 		.4byte	.LASF32
 274 0184 04       		.byte	0x4
 275 0185 41       		.byte	0x41
 276 0186 97000000 		.4byte	0x97
 277 018a 13       		.byte	0x13
 278 018b 00       		.byte	0
 279 018c 03       		.uleb128 0x3
 280 018d BF020000 		.4byte	.LASF33
 281 0191 04       		.byte	0x4
 282 0192 42       		.byte	0x42
 283 0193 47010000 		.4byte	0x147
 284 0197 07       		.uleb128 0x7
 285 0198 92010000 		.4byte	.LASF49
 286 019c 01       		.byte	0x1
 287 019d 0F       		.byte	0xf
 288 019e 89000000 		.4byte	0x89
 289 01a2 00000000 		.4byte	.LFB37
 290 01a6 18000000 		.4byte	.LFE37-.LFB37
 291 01aa 01       		.uleb128 0x1
 292 01ab 9C       		.byte	0x9c
 293 01ac 08       		.uleb128 0x8
 294 01ad 66010000 		.4byte	.LASF34
 295 01b1 04       		.byte	0x4
 296 01b2 47       		.byte	0x47
 297 01b3 AD000000 		.4byte	0xad
 298 01b7 05       		.uleb128 0x5
 299 01b8 03       		.byte	0x3
 300 01b9 00000000 		.4byte	networkStatus
 301 01bd 08       		.uleb128 0x8
 302 01be 49020000 		.4byte	.LASF35
 303 01c2 04       		.byte	0x4
 304 01c3 49       		.byte	0x49
 305 01c4 89000000 		.4byte	0x89
 306 01c8 05       		.uleb128 0x5
 307 01c9 03       		.byte	0x3
 308 01ca 04000000 		.4byte	numAttemps
 309 01ce 08       		.uleb128 0x8
 310 01cf FD010000 		.4byte	.LASF36
 311 01d3 04       		.byte	0x4
 312 01d4 4A       		.byte	0x4a
 313 01d5 89000000 		.4byte	0x89
 314 01d9 05       		.uleb128 0x5
 315 01da 03       		.byte	0x3
 316 01db 08000000 		.4byte	noConnect
 317 01df 09       		.uleb128 0x9
 318 01e0 3D010000 		.4byte	.LASF37
ARM GAS  C:\Users\Petro\AppData\Local\Temp\cc0qSBiE.s 			page 7


 319 01e4 05       		.byte	0x5
 320 01e5 49       		.byte	0x49
 321 01e6 97000000 		.4byte	0x97
 322 01ea 05       		.uleb128 0x5
 323 01eb 03       		.byte	0x3
 324 01ec 00000000 		.4byte	PROTO_STATE
 325 01f0 09       		.uleb128 0x9
 326 01f1 E1000000 		.4byte	.LASF38
 327 01f5 05       		.byte	0x5
 328 01f6 49       		.byte	0x49
 329 01f7 97000000 		.4byte	0x97
 330 01fb 05       		.uleb128 0x5
 331 01fc 03       		.byte	0x3
 332 01fd 00000000 		.4byte	LenD1
 333 0201 09       		.uleb128 0x9
 334 0202 D0000000 		.4byte	.LASF39
 335 0206 05       		.byte	0x5
 336 0207 49       		.byte	0x49
 337 0208 97000000 		.4byte	0x97
 338 020c 05       		.uleb128 0x5
 339 020d 03       		.byte	0x3
 340 020e 00000000 		.4byte	LenD2
 341 0212 09       		.uleb128 0x9
 342 0213 ED000000 		.4byte	.LASF40
 343 0217 05       		.byte	0x5
 344 0218 49       		.byte	0x49
 345 0219 97000000 		.4byte	0x97
 346 021d 05       		.uleb128 0x5
 347 021e 03       		.byte	0x3
 348 021f 00000000 		.4byte	LenD3
 349 0223 09       		.uleb128 0x9
 350 0224 A1000000 		.4byte	.LASF41
 351 0228 05       		.byte	0x5
 352 0229 49       		.byte	0x49
 353 022a 97000000 		.4byte	0x97
 354 022e 05       		.uleb128 0x5
 355 022f 03       		.byte	0x3
 356 0230 00000000 		.4byte	LenSeq
 357 0234 09       		.uleb128 0x9
 358 0235 AC020000 		.4byte	.LASF42
 359 0239 05       		.byte	0x5
 360 023a 49       		.byte	0x49
 361 023b 97000000 		.4byte	0x97
 362 023f 05       		.uleb128 0x5
 363 0240 03       		.byte	0x3
 364 0241 00000000 		.4byte	LenChS
 365 0245 09       		.uleb128 0x9
 366 0246 07020000 		.4byte	.LASF43
 367 024a 05       		.byte	0x5
 368 024b 49       		.byte	0x49
 369 024c 97000000 		.4byte	0x97
 370 0250 05       		.uleb128 0x5
 371 0251 03       		.byte	0x3
 372 0252 00000000 		.4byte	LenC
 373 0256 09       		.uleb128 0x9
 374 0257 B8000000 		.4byte	.LASF44
 375 025b 04       		.byte	0x4
ARM GAS  C:\Users\Petro\AppData\Local\Temp\cc0qSBiE.s 			page 8


 376 025c 44       		.byte	0x44
 377 025d 3C010000 		.4byte	0x13c
 378 0261 05       		.uleb128 0x5
 379 0262 03       		.byte	0x3
 380 0263 00000000 		.4byte	outData
 381 0267 09       		.uleb128 0x9
 382 0268 B1000000 		.4byte	.LASF45
 383 026c 04       		.byte	0x4
 384 026d 45       		.byte	0x45
 385 026e 8C010000 		.4byte	0x18c
 386 0272 05       		.uleb128 0x5
 387 0273 03       		.byte	0x3
 388 0274 00000000 		.4byte	inData
 389 0278 00       		.byte	0
 390              		.section	.debug_abbrev,"",%progbits
 391              	.Ldebug_abbrev0:
 392 0000 01       		.uleb128 0x1
 393 0001 11       		.uleb128 0x11
 394 0002 01       		.byte	0x1
 395 0003 25       		.uleb128 0x25
 396 0004 0E       		.uleb128 0xe
 397 0005 13       		.uleb128 0x13
 398 0006 0B       		.uleb128 0xb
 399 0007 03       		.uleb128 0x3
 400 0008 0E       		.uleb128 0xe
 401 0009 1B       		.uleb128 0x1b
 402 000a 0E       		.uleb128 0xe
 403 000b 55       		.uleb128 0x55
 404 000c 17       		.uleb128 0x17
 405 000d 11       		.uleb128 0x11
 406 000e 01       		.uleb128 0x1
 407 000f 10       		.uleb128 0x10
 408 0010 17       		.uleb128 0x17
 409 0011 00       		.byte	0
 410 0012 00       		.byte	0
 411 0013 02       		.uleb128 0x2
 412 0014 24       		.uleb128 0x24
 413 0015 00       		.byte	0
 414 0016 0B       		.uleb128 0xb
 415 0017 0B       		.uleb128 0xb
 416 0018 3E       		.uleb128 0x3e
 417 0019 0B       		.uleb128 0xb
 418 001a 03       		.uleb128 0x3
 419 001b 0E       		.uleb128 0xe
 420 001c 00       		.byte	0
 421 001d 00       		.byte	0
 422 001e 03       		.uleb128 0x3
 423 001f 16       		.uleb128 0x16
 424 0020 00       		.byte	0
 425 0021 03       		.uleb128 0x3
 426 0022 0E       		.uleb128 0xe
 427 0023 3A       		.uleb128 0x3a
 428 0024 0B       		.uleb128 0xb
 429 0025 3B       		.uleb128 0x3b
 430 0026 0B       		.uleb128 0xb
 431 0027 49       		.uleb128 0x49
 432 0028 13       		.uleb128 0x13
ARM GAS  C:\Users\Petro\AppData\Local\Temp\cc0qSBiE.s 			page 9


 433 0029 00       		.byte	0
 434 002a 00       		.byte	0
 435 002b 04       		.uleb128 0x4
 436 002c 24       		.uleb128 0x24
 437 002d 00       		.byte	0
 438 002e 0B       		.uleb128 0xb
 439 002f 0B       		.uleb128 0xb
 440 0030 3E       		.uleb128 0x3e
 441 0031 0B       		.uleb128 0xb
 442 0032 03       		.uleb128 0x3
 443 0033 08       		.uleb128 0x8
 444 0034 00       		.byte	0
 445 0035 00       		.byte	0
 446 0036 05       		.uleb128 0x5
 447 0037 13       		.uleb128 0x13
 448 0038 01       		.byte	0x1
 449 0039 0B       		.uleb128 0xb
 450 003a 0B       		.uleb128 0xb
 451 003b 3A       		.uleb128 0x3a
 452 003c 0B       		.uleb128 0xb
 453 003d 3B       		.uleb128 0x3b
 454 003e 0B       		.uleb128 0xb
 455 003f 01       		.uleb128 0x1
 456 0040 13       		.uleb128 0x13
 457 0041 00       		.byte	0
 458 0042 00       		.byte	0
 459 0043 06       		.uleb128 0x6
 460 0044 0D       		.uleb128 0xd
 461 0045 00       		.byte	0
 462 0046 03       		.uleb128 0x3
 463 0047 0E       		.uleb128 0xe
 464 0048 3A       		.uleb128 0x3a
 465 0049 0B       		.uleb128 0xb
 466 004a 3B       		.uleb128 0x3b
 467 004b 0B       		.uleb128 0xb
 468 004c 49       		.uleb128 0x49
 469 004d 13       		.uleb128 0x13
 470 004e 38       		.uleb128 0x38
 471 004f 0B       		.uleb128 0xb
 472 0050 00       		.byte	0
 473 0051 00       		.byte	0
 474 0052 07       		.uleb128 0x7
 475 0053 2E       		.uleb128 0x2e
 476 0054 00       		.byte	0
 477 0055 3F       		.uleb128 0x3f
 478 0056 19       		.uleb128 0x19
 479 0057 03       		.uleb128 0x3
 480 0058 0E       		.uleb128 0xe
 481 0059 3A       		.uleb128 0x3a
 482 005a 0B       		.uleb128 0xb
 483 005b 3B       		.uleb128 0x3b
 484 005c 0B       		.uleb128 0xb
 485 005d 49       		.uleb128 0x49
 486 005e 13       		.uleb128 0x13
 487 005f 11       		.uleb128 0x11
 488 0060 01       		.uleb128 0x1
 489 0061 12       		.uleb128 0x12
ARM GAS  C:\Users\Petro\AppData\Local\Temp\cc0qSBiE.s 			page 10


 490 0062 06       		.uleb128 0x6
 491 0063 40       		.uleb128 0x40
 492 0064 18       		.uleb128 0x18
 493 0065 9642     		.uleb128 0x2116
 494 0067 19       		.uleb128 0x19
 495 0068 00       		.byte	0
 496 0069 00       		.byte	0
 497 006a 08       		.uleb128 0x8
 498 006b 34       		.uleb128 0x34
 499 006c 00       		.byte	0
 500 006d 03       		.uleb128 0x3
 501 006e 0E       		.uleb128 0xe
 502 006f 3A       		.uleb128 0x3a
 503 0070 0B       		.uleb128 0xb
 504 0071 3B       		.uleb128 0x3b
 505 0072 0B       		.uleb128 0xb
 506 0073 49       		.uleb128 0x49
 507 0074 13       		.uleb128 0x13
 508 0075 02       		.uleb128 0x2
 509 0076 18       		.uleb128 0x18
 510 0077 00       		.byte	0
 511 0078 00       		.byte	0
 512 0079 09       		.uleb128 0x9
 513 007a 34       		.uleb128 0x34
 514 007b 00       		.byte	0
 515 007c 03       		.uleb128 0x3
 516 007d 0E       		.uleb128 0xe
 517 007e 3A       		.uleb128 0x3a
 518 007f 0B       		.uleb128 0xb
 519 0080 3B       		.uleb128 0x3b
 520 0081 0B       		.uleb128 0xb
 521 0082 49       		.uleb128 0x49
 522 0083 13       		.uleb128 0x13
 523 0084 3F       		.uleb128 0x3f
 524 0085 19       		.uleb128 0x19
 525 0086 02       		.uleb128 0x2
 526 0087 18       		.uleb128 0x18
 527 0088 00       		.byte	0
 528 0089 00       		.byte	0
 529 008a 00       		.byte	0
 530              		.section	.debug_aranges,"",%progbits
 531 0000 1C000000 		.4byte	0x1c
 532 0004 0200     		.2byte	0x2
 533 0006 00000000 		.4byte	.Ldebug_info0
 534 000a 04       		.byte	0x4
 535 000b 00       		.byte	0
 536 000c 0000     		.2byte	0
 537 000e 0000     		.2byte	0
 538 0010 00000000 		.4byte	.LFB37
 539 0014 18000000 		.4byte	.LFE37-.LFB37
 540 0018 00000000 		.4byte	0
 541 001c 00000000 		.4byte	0
 542              		.section	.debug_ranges,"",%progbits
 543              	.Ldebug_ranges0:
 544 0000 00000000 		.4byte	.LFB37
 545 0004 18000000 		.4byte	.LFE37
 546 0008 00000000 		.4byte	0
ARM GAS  C:\Users\Petro\AppData\Local\Temp\cc0qSBiE.s 			page 11


 547 000c 00000000 		.4byte	0
 548              		.section	.debug_line,"",%progbits
 549              	.Ldebug_line0:
 550 0000 5C010000 		.section	.debug_str,"MS",%progbits,1
 550      02003B01 
 550      00000201 
 550      FB0E0D00 
 550      01010101 
 551              	.LASF46:
 552 0000 474E5520 		.ascii	"GNU C 4.9.3 20150303 (release) [ARM/embedded-4_9-br"
 552      4320342E 
 552      392E3320 
 552      32303135 
 552      30333033 
 553 0033 616E6368 		.ascii	"anch revision 221220] -mcpu=cortex-m0 -mthumb -g -O"
 553      20726576 
 553      6973696F 
 553      6E203232 
 553      31323230 
 554 0066 30202D66 		.ascii	"0 -ffunction-sections -ffat-lto-objects\000"
 554      66756E63 
 554      74696F6E 
 554      2D736563 
 554      74696F6E 
 555              	.LASF3:
 556 008e 5F5F7569 		.ascii	"__uint8_t\000"
 556      6E74385F 
 556      7400
 557              	.LASF21:
 558 0098 49447061 		.ascii	"IDpacket\000"
 558      636B6574 
 558      00
 559              	.LASF41:
 560 00a1 4C656E53 		.ascii	"LenSeq\000"
 560      657100
 561              	.LASF6:
 562 00a8 6C6F6E67 		.ascii	"long int\000"
 562      20696E74 
 562      00
 563              	.LASF45:
 564 00b1 696E4461 		.ascii	"inData\000"
 564      746100
 565              	.LASF44:
 566 00b8 6F757444 		.ascii	"outData\000"
 566      61746100 
 567              	.LASF18:
 568 00c0 646F7562 		.ascii	"double\000"
 568      6C6500
 569              	.LASF16:
 570 00c7 75696E74 		.ascii	"uint64_t\000"
 570      36345F74 
 570      00
 571              	.LASF39:
 572 00d0 4C656E44 		.ascii	"LenD2\000"
 572      3200
 573              	.LASF32:
 574 00d6 72656164 		.ascii	"readStatus\000"
ARM GAS  C:\Users\Petro\AppData\Local\Temp\cc0qSBiE.s 			page 12


 574      53746174 
 574      757300
 575              	.LASF38:
 576 00e1 4C656E44 		.ascii	"LenD1\000"
 576      3100
 577              	.LASF17:
 578 00e7 666C6F61 		.ascii	"float\000"
 578      7400
 579              	.LASF40:
 580 00ed 4C656E44 		.ascii	"LenD3\000"
 580      3300
 581              	.LASF0:
 582 00f3 7369676E 		.ascii	"signed char\000"
 582      65642063 
 582      68617200 
 583              	.LASF1:
 584 00ff 756E7369 		.ascii	"unsigned char\000"
 584      676E6564 
 584      20636861 
 584      7200
 585              	.LASF29:
 586 010d 756E6978 		.ascii	"unixStartTime\000"
 586      53746172 
 586      7454696D 
 586      6500
 587              	.LASF22:
 588 011b 72656164 		.ascii	"ready\000"
 588      7900
 589              	.LASF5:
 590 0121 73686F72 		.ascii	"short unsigned int\000"
 590      7420756E 
 590      7369676E 
 590      65642069 
 590      6E7400
 591              	.LASF47:
 592 0134 2E5C6D61 		.ascii	".\\main.c\000"
 592      696E2E63 
 592      00
 593              	.LASF37:
 594 013d 50524F54 		.ascii	"PROTO_STATE\000"
 594      4F5F5354 
 594      41544500 
 595              	.LASF4:
 596 0149 5F5F7569 		.ascii	"__uint16_t\000"
 596      6E743136 
 596      5F7400
 597              	.LASF8:
 598 0154 6C6F6E67 		.ascii	"long unsigned int\000"
 598      20756E73 
 598      69676E65 
 598      6420696E 
 598      7400
 599              	.LASF34:
 600 0166 6E657477 		.ascii	"networkStatus\000"
 600      6F726B53 
 600      74617475 
 600      7300
ARM GAS  C:\Users\Petro\AppData\Local\Temp\cc0qSBiE.s 			page 13


 601              	.LASF7:
 602 0174 5F5F7569 		.ascii	"__uint32_t\000"
 602      6E743332 
 602      5F7400
 603              	.LASF27:
 604 017f 77726974 		.ascii	"writeStatus\000"
 604      65537461 
 604      74757300 
 605              	.LASF23:
 606 018b 7265626F 		.ascii	"reboot\000"
 606      6F7400
 607              	.LASF49:
 608 0192 6D61696E 		.ascii	"main\000"
 608      00
 609              	.LASF12:
 610 0197 756E7369 		.ascii	"unsigned int\000"
 610      676E6564 
 610      20696E74 
 610      00
 611              	.LASF28:
 612 01a4 46696E69 		.ascii	"FinishData\000"
 612      73684461 
 612      746100
 613              	.LASF11:
 614 01af 6C6F6E67 		.ascii	"long long unsigned int\000"
 614      206C6F6E 
 614      6720756E 
 614      7369676E 
 614      65642069 
 615              	.LASF13:
 616 01c6 75696E74 		.ascii	"uint8_t\000"
 616      385F7400 
 617              	.LASF31:
 618 01ce 67617465 		.ascii	"gateStatus\000"
 618      53746174 
 618      757300
 619              	.LASF20:
 620 01d9 73697A65 		.ascii	"sizetype\000"
 620      74797065 
 620      00
 621              	.LASF9:
 622 01e2 6C6F6E67 		.ascii	"long long int\000"
 622      206C6F6E 
 622      6720696E 
 622      7400
 623              	.LASF25:
 624 01f0 746D7054 		.ascii	"tmpTime\000"
 624      696D6500 
 625              	.LASF19:
 626 01f8 63686172 		.ascii	"char\000"
 626      00
 627              	.LASF36:
 628 01fd 6E6F436F 		.ascii	"noConnect\000"
 628      6E6E6563 
 628      7400
 629              	.LASF43:
 630 0207 4C656E43 		.ascii	"LenC\000"
ARM GAS  C:\Users\Petro\AppData\Local\Temp\cc0qSBiE.s 			page 14


 630      00
 631              	.LASF24:
 632 020c 636F756E 		.ascii	"countSkiers\000"
 632      74536B69 
 632      65727300 
 633              	.LASF2:
 634 0218 73686F72 		.ascii	"short int\000"
 634      7420696E 
 634      7400
 635              	.LASF10:
 636 0222 5F5F7569 		.ascii	"__uint64_t\000"
 636      6E743634 
 636      5F7400
 637              	.LASF14:
 638 022d 75696E74 		.ascii	"uint16_t\000"
 638      31365F74 
 638      00
 639              	.LASF26:
 640 0236 746D704D 		.ascii	"tmpMsTime\000"
 640      7354696D 
 640      6500
 641              	.LASF15:
 642 0240 75696E74 		.ascii	"uint32_t\000"
 642      33325F74 
 642      00
 643              	.LASF35:
 644 0249 6E756D41 		.ascii	"numAttemps\000"
 644      7474656D 
 644      707300
 645              	.LASF48:
 646 0254 443A5C43 		.ascii	"D:\\Cypress\\system-start-finish\\vesion 2\\fw\\fin"
 646      79707265 
 646      73735C73 
 646      79737465 
 646      6D2D7374 
 647 0282 6973685C 		.ascii	"ish\\sandbox\\v2\\Network\\netMaster_v0.cydsn\000"
 647      73616E64 
 647      626F785C 
 647      76325C4E 
 647      6574776F 
 648              	.LASF42:
 649 02ac 4C656E43 		.ascii	"LenChS\000"
 649      685300
 650              	.LASF30:
 651 02b3 73746172 		.ascii	"startMsTime\000"
 651      744D7354 
 651      696D6500 
 652              	.LASF33:
 653 02bf 53746172 		.ascii	"StartData\000"
 653      74446174 
 653      6100
 654              		.ident	"GCC: (GNU Tools for ARM Embedded Processors) 4.9.3 20150303 (release) [ARM/embedded-4_9-br
