ARM GAS  C:\Users\Petro\AppData\Local\Temp\ccvir1iW.s 			page 1


   1              		.cpu cortex-m0
   2              		.fpu softvfp
   3              		.eabi_attribute 20, 1
   4              		.eabi_attribute 21, 1
   5              		.eabi_attribute 23, 3
   6              		.eabi_attribute 24, 1
   7              		.eabi_attribute 25, 1
   8              		.eabi_attribute 26, 1
   9              		.eabi_attribute 30, 6
  10              		.eabi_attribute 34, 0
  11              		.eabi_attribute 18, 4
  12              		.code	16
  13              		.file	"network.c"
  14              		.text
  15              	.Ltext0:
  16              		.cfi_sections	.debug_frame
  17              		.comm	PROTO_STATE,1,1
  18              		.comm	LenD1,1,1
  19              		.comm	LenD2,1,1
  20              		.comm	LenD3,1,1
  21              		.comm	LenSeq,1,1
  22              		.comm	LenChS,1,1
  23              		.comm	LenC,1,1
  24              		.comm	outData,24,8
  25              		.comm	inData,24,8
  26              		.section	.text.InitNetwork,"ax",%progbits
  27              		.align	2
  28              		.global	InitNetwork
  29              		.code	16
  30              		.thumb_func
  31              		.type	InitNetwork, %function
  32              	InitNetwork:
  33              	.LFB37:
  34              		.file 1 ".\\lib_Network\\network.c"
   1:.\lib_Network/network.c **** /* ========================================
   2:.\lib_Network/network.c ****  *
   3:.\lib_Network/network.c ****  * Copyright YOUR COMPANY, THE YEAR
   4:.\lib_Network/network.c ****  * All Rights Reserved
   5:.\lib_Network/network.c ****  * UNPUBLISHED, LICENSED SOFTWARE.
   6:.\lib_Network/network.c ****  *
   7:.\lib_Network/network.c ****  * CONFIDENTIAL AND PROPRIETARY INFORMATION
   8:.\lib_Network/network.c ****  * WHICH IS THE PROPERTY OF your company.
   9:.\lib_Network/network.c ****  *
  10:.\lib_Network/network.c ****  * ========================================
  11:.\lib_Network/network.c **** */
  12:.\lib_Network/network.c **** #include "lib_Network\network.h"
  13:.\lib_Network/network.c **** 
  14:.\lib_Network/network.c **** 
  15:.\lib_Network/network.c **** 
  16:.\lib_Network/network.c **** void InitNetwork(void)
  17:.\lib_Network/network.c **** {
  35              		.loc 1 17 0
  36              		.cfi_startproc
  37 0000 80B5     		push	{r7, lr}
  38              		.cfi_def_cfa_offset 8
  39              		.cfi_offset 7, -8
  40              		.cfi_offset 14, -4
ARM GAS  C:\Users\Petro\AppData\Local\Temp\ccvir1iW.s 			page 2


  41 0002 00AF     		add	r7, sp, #0
  42              		.cfi_def_cfa_register 7
  18:.\lib_Network/network.c ****     UART_XB_Start();
  43              		.loc 1 18 0
  44 0004 FFF7FEFF 		bl	UART_XB_Start
  19:.\lib_Network/network.c ****     
  20:.\lib_Network/network.c ****     #ifdef DEBUG_PC
  21:.\lib_Network/network.c ****     SW_UART_DEBUG_Start();
  45              		.loc 1 21 0
  46 0008 FFF7FEFF 		bl	SW_UART_DEBUG_Start
  22:.\lib_Network/network.c ****     #endif
  23:.\lib_Network/network.c ****     
  24:.\lib_Network/network.c ****     inData.readStatus = READ_OK;
  47              		.loc 1 24 0
  48 000c 034B     		ldr	r3, .L2
  49 000e 0122     		mov	r2, #1
  50 0010 DA74     		strb	r2, [r3, #19]
  25:.\lib_Network/network.c ****     outData.writeStatus = NO_WRITE;
  51              		.loc 1 25 0
  52 0012 034B     		ldr	r3, .L2+4
  53 0014 0022     		mov	r2, #0
  54 0016 9A74     		strb	r2, [r3, #18]
  26:.\lib_Network/network.c ****     
  27:.\lib_Network/network.c **** }
  55              		.loc 1 27 0
  56 0018 BD46     		mov	sp, r7
  57              		@ sp needed
  58 001a 80BD     		pop	{r7, pc}
  59              	.L3:
  60              		.align	2
  61              	.L2:
  62 001c 00000000 		.word	inData
  63 0020 00000000 		.word	outData
  64              		.cfi_endproc
  65              	.LFE37:
  66              		.size	InitNetwork, .-InitNetwork
  67              		.global	__aeabi_ui2d
  68              		.global	__aeabi_ddiv
  69              		.global	__aeabi_d2uiz
  70              		.section	.rodata
  71              		.align	2
  72              	.LC4:
  73 0000 74696D65 		.ascii	"time send data %u\012\015\000"
  73      2073656E 
  73      64206461 
  73      74612025 
  73      750A0D00 
  74              		.section	.text.AppDelay,"ax",%progbits
  75              		.align	2
  76              		.global	AppDelay
  77              		.code	16
  78              		.thumb_func
  79              		.type	AppDelay, %function
  80              	AppDelay:
  81              	.LFB38:
  28:.\lib_Network/network.c **** 
  29:.\lib_Network/network.c **** void AppDelay(uint32_t delayMs)
ARM GAS  C:\Users\Petro\AppData\Local\Temp\ccvir1iW.s 			page 3


  30:.\lib_Network/network.c **** {
  82              		.loc 1 30 0
  83              		.cfi_startproc
  84 0000 90B5     		push	{r4, r7, lr}
  85              		.cfi_def_cfa_offset 12
  86              		.cfi_offset 4, -12
  87              		.cfi_offset 7, -8
  88              		.cfi_offset 14, -4
  89 0002 9FB0     		sub	sp, sp, #124
  90              		.cfi_def_cfa_offset 136
  91 0004 00AF     		add	r7, sp, #0
  92              		.cfi_def_cfa_register 7
  93 0006 7860     		str	r0, [r7, #4]
  31:.\lib_Network/network.c ****     uint32_t runTime;
  32:.\lib_Network/network.c ****     
  33:.\lib_Network/network.c ****     if(delayMs < MIN_DELAYMS)
  94              		.loc 1 33 0
  95 0008 7B68     		ldr	r3, [r7, #4]
  96 000a 952B     		cmp	r3, #149
  97 000c 04D8     		bhi	.L5
  34:.\lib_Network/network.c ****     {
  35:.\lib_Network/network.c ****         CyDelay(delayMs);
  98              		.loc 1 35 0
  99 000e 7B68     		ldr	r3, [r7, #4]
 100 0010 181C     		mov	r0, r3
 101 0012 FFF7FEFF 		bl	CyDelay
 102 0016 66E0     		b	.L4
 103              	.L5:
 104              	.LBB2:
  36:.\lib_Network/network.c ****     }else
  37:.\lib_Network/network.c ****     {
  38:.\lib_Network/network.c ****         AppDelay_WriteCounter(131071);
 105              		.loc 1 38 0
 106 0018 344B     		ldr	r3, .L11
 107 001a 181C     		mov	r0, r3
 108 001c FFF7FEFF 		bl	AppDelay_WriteCounter
  39:.\lib_Network/network.c ****         uint32_t counter = AppDelay_ReadCounter();
 109              		.loc 1 39 0
 110 0020 FFF7FEFF 		bl	AppDelay_ReadCounter
 111 0024 031C     		mov	r3, r0
 112 0026 3B67     		str	r3, [r7, #112]
  40:.\lib_Network/network.c ****         //AppDelay_Wakeup();
  41:.\lib_Network/network.c ****         //AppDelay_Enable();
  42:.\lib_Network/network.c ****         AppDelay_Start();
 113              		.loc 1 42 0
 114 0028 FFF7FEFF 		bl	AppDelay_Start
  43:.\lib_Network/network.c ****         
  44:.\lib_Network/network.c ****         if((delayMs - runTime) > MIN_DELAYMS)
 115              		.loc 1 44 0
 116 002c 7A68     		ldr	r2, [r7, #4]
 117 002e 7B6F     		ldr	r3, [r7, #116]
 118 0030 D31A     		sub	r3, r2, r3
 119 0032 962B     		cmp	r3, #150
 120 0034 34D9     		bls	.L7
 121              	.LBB3:
  45:.\lib_Network/network.c ****         {
  46:.\lib_Network/network.c ****             /*user function*/      
ARM GAS  C:\Users\Petro\AppData\Local\Temp\ccvir1iW.s 			page 4


  47:.\lib_Network/network.c ****             if(inData.readStatus == READ_OK && outData.writeStatus == NO_WRITE)
 122              		.loc 1 47 0
 123 0036 2E4B     		ldr	r3, .L11+4
 124 0038 DB7C     		ldrb	r3, [r3, #19]
 125 003a 012B     		cmp	r3, #1
 126 003c 05D1     		bne	.L8
 127              		.loc 1 47 0 is_stmt 0 discriminator 1
 128 003e 2D4B     		ldr	r3, .L11+8
 129 0040 9B7C     		ldrb	r3, [r3, #18]
 130 0042 002B     		cmp	r3, #0
 131 0044 01D1     		bne	.L8
  48:.\lib_Network/network.c ****             {
  49:.\lib_Network/network.c ****                 SendData();           
 132              		.loc 1 49 0 is_stmt 1
 133 0046 FFF7FEFF 		bl	SendData
 134              	.L8:
  50:.\lib_Network/network.c ****             }
  51:.\lib_Network/network.c ****             
  52:.\lib_Network/network.c ****             if(inData.readStatus == READ_OK &&outData.writeStatus == WRITE_OK)
 135              		.loc 1 52 0
 136 004a 294B     		ldr	r3, .L11+4
 137 004c DB7C     		ldrb	r3, [r3, #19]
 138 004e 012B     		cmp	r3, #1
 139 0050 08D1     		bne	.L9
 140              		.loc 1 52 0 is_stmt 0 discriminator 1
 141 0052 284B     		ldr	r3, .L11+8
 142 0054 9B7C     		ldrb	r3, [r3, #18]
 143 0056 012B     		cmp	r3, #1
 144 0058 04D1     		bne	.L9
  53:.\lib_Network/network.c ****             {
  54:.\lib_Network/network.c ****                 ReceiveData();
 145              		.loc 1 54 0 is_stmt 1
 146 005a FFF7FEFF 		bl	ReceiveData
  55:.\lib_Network/network.c ****                 
  56:.\lib_Network/network.c ****                 #ifdef DEBUG_PC
  57:.\lib_Network/network.c ****                 inData.readStatus = READ_OK;
 147              		.loc 1 57 0
 148 005e 244B     		ldr	r3, .L11+4
 149 0060 0122     		mov	r2, #1
 150 0062 DA74     		strb	r2, [r3, #19]
 151              	.L9:
  58:.\lib_Network/network.c ****                 #endif
  59:.\lib_Network/network.c ****             }
  60:.\lib_Network/network.c ****             uint32_t period = AppDelay_ReadPeriod();;
 152              		.loc 1 60 0
 153 0064 FFF7FEFF 		bl	AppDelay_ReadPeriod
 154 0068 031C     		mov	r3, r0
 155 006a FB66     		str	r3, [r7, #108]
  61:.\lib_Network/network.c ****             counter = AppDelay_ReadCounter();
 156              		.loc 1 61 0
 157 006c FFF7FEFF 		bl	AppDelay_ReadCounter
 158 0070 031C     		mov	r3, r0
 159 0072 3B67     		str	r3, [r7, #112]
  62:.\lib_Network/network.c ****             runTime = (period -  counter)/32.768;
 160              		.loc 1 62 0
 161 0074 FA6E     		ldr	r2, [r7, #108]
 162 0076 3B6F     		ldr	r3, [r7, #112]
ARM GAS  C:\Users\Petro\AppData\Local\Temp\ccvir1iW.s 			page 5


 163 0078 D31A     		sub	r3, r2, r3
 164 007a 181C     		mov	r0, r3
 165 007c FFF7FEFF 		bl	__aeabi_ui2d
 166 0080 031C     		mov	r3, r0
 167 0082 0C1C     		mov	r4, r1
 168 0084 181C     		mov	r0, r3
 169 0086 211C     		mov	r1, r4
 170 0088 1B4A     		ldr	r2, .L11+12
 171 008a 1C4B     		ldr	r3, .L11+16
 172 008c FFF7FEFF 		bl	__aeabi_ddiv
 173 0090 031C     		mov	r3, r0
 174 0092 0C1C     		mov	r4, r1
 175 0094 181C     		mov	r0, r3
 176 0096 211C     		mov	r1, r4
 177 0098 FFF7FEFF 		bl	__aeabi_d2uiz
 178 009c 031C     		mov	r3, r0
 179 009e 7B67     		str	r3, [r7, #116]
 180              	.L7:
 181              	.LBE3:
  63:.\lib_Network/network.c ****         }
  64:.\lib_Network/network.c ****         AppDelay_Stop();
 182              		.loc 1 64 0
 183 00a0 FFF7FEFF 		bl	AppDelay_Stop
  65:.\lib_Network/network.c ****         
  66:.\lib_Network/network.c ****     #ifdef DEBUG_PC
  67:.\lib_Network/network.c ****     char buffer[100];
  68:.\lib_Network/network.c ****     sprintf(buffer,"time send data %u\n\r", (runTime));
 184              		.loc 1 68 0
 185 00a4 0823     		mov	r3, #8
 186 00a6 F918     		add	r1, r7, r3
 187 00a8 154A     		ldr	r2, .L11+20
 188 00aa 7B6F     		ldr	r3, [r7, #116]
 189 00ac 081C     		mov	r0, r1
 190 00ae 111C     		mov	r1, r2
 191 00b0 1A1C     		mov	r2, r3
 192 00b2 FFF7FEFF 		bl	sprintf
  69:.\lib_Network/network.c ****     SW_UART_DEBUG_PutString(buffer);
 193              		.loc 1 69 0
 194 00b6 0823     		mov	r3, #8
 195 00b8 FB18     		add	r3, r7, r3
 196 00ba 181C     		mov	r0, r3
 197 00bc FFF7FEFF 		bl	SW_UART_DEBUG_PutString
  70:.\lib_Network/network.c ****     static int i ;
  71:.\lib_Network/network.c ****     if(i++ >10)
 198              		.loc 1 71 0
 199 00c0 104B     		ldr	r3, .L11+24
 200 00c2 1B68     		ldr	r3, [r3]
 201 00c4 591C     		add	r1, r3, #1
 202 00c6 0F4A     		ldr	r2, .L11+24
 203 00c8 1160     		str	r1, [r2]
 204 00ca 0A2B     		cmp	r3, #10
 205 00cc 05DD     		ble	.L10
  72:.\lib_Network/network.c ****     {
  73:.\lib_Network/network.c ****         i=0;
 206              		.loc 1 73 0
 207 00ce 0D4B     		ldr	r3, .L11+24
 208 00d0 0022     		mov	r2, #0
ARM GAS  C:\Users\Petro\AppData\Local\Temp\ccvir1iW.s 			page 6


 209 00d2 1A60     		str	r2, [r3]
  74:.\lib_Network/network.c ****         outData.writeStatus = NO_WRITE;
 210              		.loc 1 74 0
 211 00d4 074B     		ldr	r3, .L11+8
 212 00d6 0022     		mov	r2, #0
 213 00d8 9A74     		strb	r2, [r3, #18]
 214              	.L10:
  75:.\lib_Network/network.c ****     }
  76:.\lib_Network/network.c ****     #endif
  77:.\lib_Network/network.c ****         
  78:.\lib_Network/network.c ****         CyDelay(delayMs - runTime);
 215              		.loc 1 78 0
 216 00da 7A68     		ldr	r2, [r7, #4]
 217 00dc 7B6F     		ldr	r3, [r7, #116]
 218 00de D31A     		sub	r3, r2, r3
 219 00e0 181C     		mov	r0, r3
 220 00e2 FFF7FEFF 		bl	CyDelay
 221              	.L4:
 222              	.LBE2:
  79:.\lib_Network/network.c ****     }
  80:.\lib_Network/network.c ****     
  81:.\lib_Network/network.c **** 
  82:.\lib_Network/network.c **** }
 223              		.loc 1 82 0
 224 00e6 BD46     		mov	sp, r7
 225 00e8 1FB0     		add	sp, sp, #124
 226              		@ sp needed
 227 00ea 90BD     		pop	{r4, r7, pc}
 228              	.L12:
 229              		.align	2
 230              	.L11:
 231 00ec FFFF0100 		.word	131071
 232 00f0 00000000 		.word	inData
 233 00f4 00000000 		.word	outData
 234 00f8 FCA9F1D2 		.word	-755914244
 235 00fc 4D624040 		.word	1077961293
 236 0100 00000000 		.word	.LC4
 237 0104 00000000 		.word	i.6528
 238              		.cfi_endproc
 239              	.LFE38:
 240              		.size	AppDelay, .-AppDelay
 241              		.section	.rodata
 242              		.align	2
 243              	.LC8:
 244 0014 25303258 		.ascii	"%02X:%016X%02X%02X%02X\000"
 244      3A253031 
 244      36582530 
 244      32582530 
 244      32582530 
 245 002b 00       		.align	2
 246              	.LC10:
 247 002c 6F757420 		.ascii	"out data - \000"
 247      64617461 
 247      202D2000 
 248              		.align	2
 249              	.LC12:
 250 0038 0A0D00   		.ascii	"\012\015\000"
ARM GAS  C:\Users\Petro\AppData\Local\Temp\ccvir1iW.s 			page 7


 251              		.section	.text.SendData,"ax",%progbits
 252              		.align	2
 253              		.global	SendData
 254              		.code	16
 255              		.thumb_func
 256              		.type	SendData, %function
 257              	SendData:
 258              	.LFB39:
  83:.\lib_Network/network.c **** 
  84:.\lib_Network/network.c **** void SendData(void)
  85:.\lib_Network/network.c **** {
 259              		.loc 1 85 0
 260              		.cfi_startproc
 261 0000 90B5     		push	{r4, r7, lr}
 262              		.cfi_def_cfa_offset 12
 263              		.cfi_offset 4, -12
 264              		.cfi_offset 7, -8
 265              		.cfi_offset 14, -4
 266 0002 9FB0     		sub	sp, sp, #124
 267              		.cfi_def_cfa_offset 136
 268 0004 04AF     		add	r7, sp, #16
 269              		.cfi_def_cfa 7, 120
  86:.\lib_Network/network.c ****     char sendBuffer[DATA_BUFFER];
  87:.\lib_Network/network.c ****     char sendData[DATA_BUFFER];
  88:.\lib_Network/network.c ****     int i;
  89:.\lib_Network/network.c ****     
  90:.\lib_Network/network.c ****     /*pack data*/
  91:.\lib_Network/network.c ****     sprintf(sendData,"%02X:%016X%02X%02X%02X", 0u, 0u, outData.ready, outData.reboot, outData.count
 270              		.loc 1 91 0
 271 0006 1B4B     		ldr	r3, .L14
 272 0008 5B78     		ldrb	r3, [r3, #1]
 273 000a 1C1C     		mov	r4, r3
 274 000c 194B     		ldr	r3, .L14
 275 000e 9B78     		ldrb	r3, [r3, #2]
 276 0010 181C     		mov	r0, r3
 277 0012 184B     		ldr	r3, .L14
 278 0014 DB78     		ldrb	r3, [r3, #3]
 279 0016 191C     		mov	r1, r3
 280 0018 3A1C     		mov	r2, r7
 281 001a 174B     		ldr	r3, .L14+4
 282 001c 0094     		str	r4, [sp]
 283 001e 0190     		str	r0, [sp, #4]
 284 0020 0291     		str	r1, [sp, #8]
 285 0022 101C     		mov	r0, r2
 286 0024 191C     		mov	r1, r3
 287 0026 0022     		mov	r2, #0
 288 0028 0023     		mov	r3, #0
 289 002a FFF7FEFF 		bl	sprintf
  92:.\lib_Network/network.c ****     
  93:.\lib_Network/network.c ****     PackData(sendBuffer, (uint8_t *)sendData, outData.IDpacket);
 290              		.loc 1 93 0
 291 002e 114B     		ldr	r3, .L14
 292 0030 1B78     		ldrb	r3, [r3]
 293 0032 1C1C     		mov	r4, r3
 294 0034 3423     		mov	r3, #52
 295 0036 FA18     		add	r2, r7, r3
 296 0038 3B1C     		mov	r3, r7
ARM GAS  C:\Users\Petro\AppData\Local\Temp\ccvir1iW.s 			page 8


 297 003a 101C     		mov	r0, r2
 298 003c 191C     		mov	r1, r3
 299 003e 221C     		mov	r2, r4
 300 0040 FFF7FEFF 		bl	PackData
  94:.\lib_Network/network.c ****     UART_XB_UartPutString(sendBuffer);
 301              		.loc 1 94 0
 302 0044 3423     		mov	r3, #52
 303 0046 FB18     		add	r3, r7, r3
 304 0048 181C     		mov	r0, r3
 305 004a FFF7FEFF 		bl	UART_XB_UartPutString
  95:.\lib_Network/network.c ****     outData.writeStatus = WRITE_OK;
 306              		.loc 1 95 0
 307 004e 094B     		ldr	r3, .L14
 308 0050 0122     		mov	r2, #1
 309 0052 9A74     		strb	r2, [r3, #18]
  96:.\lib_Network/network.c ****     
  97:.\lib_Network/network.c ****     #ifdef DEBUG_PC
  98:.\lib_Network/network.c ****     SW_UART_DEBUG_PutString("out data - "); 
 310              		.loc 1 98 0
 311 0054 094B     		ldr	r3, .L14+8
 312 0056 181C     		mov	r0, r3
 313 0058 FFF7FEFF 		bl	SW_UART_DEBUG_PutString
  99:.\lib_Network/network.c ****     SW_UART_DEBUG_PutString(sendBuffer);   
 314              		.loc 1 99 0
 315 005c 3423     		mov	r3, #52
 316 005e FB18     		add	r3, r7, r3
 317 0060 181C     		mov	r0, r3
 318 0062 FFF7FEFF 		bl	SW_UART_DEBUG_PutString
 100:.\lib_Network/network.c ****     SW_UART_DEBUG_PutString("\n\r");
 319              		.loc 1 100 0
 320 0066 064B     		ldr	r3, .L14+12
 321 0068 181C     		mov	r0, r3
 322 006a FFF7FEFF 		bl	SW_UART_DEBUG_PutString
 101:.\lib_Network/network.c ****     #endif   
 102:.\lib_Network/network.c **** }
 323              		.loc 1 102 0
 324 006e BD46     		mov	sp, r7
 325 0070 1BB0     		add	sp, sp, #108
 326              		@ sp needed
 327 0072 90BD     		pop	{r4, r7, pc}
 328              	.L15:
 329              		.align	2
 330              	.L14:
 331 0074 00000000 		.word	outData
 332 0078 14000000 		.word	.LC8
 333 007c 2C000000 		.word	.LC10
 334 0080 38000000 		.word	.LC12
 335              		.cfi_endproc
 336              	.LFE39:
 337              		.size	SendData, .-SendData
 338              		.section	.rodata
 339 003b 00       		.align	2
 340              	.LC16:
 341 003c 20202020 		.ascii	"       READ DATA OKEY\000"
 341      20202052 
 341      45414420 
 341      44415441 
ARM GAS  C:\Users\Petro\AppData\Local\Temp\ccvir1iW.s 			page 9


 341      204F4B45 
 342 0052 0000     		.align	2
 343              	.LC19:
 344 0054 4552524F 		.ascii	"ERROR READ!!!!\000"
 344      52205245 
 344      41442121 
 344      212100
 345 0063 00       		.section	.text.ReceiveData,"ax",%progbits
 346              		.align	2
 347              		.global	ReceiveData
 348              		.code	16
 349              		.thumb_func
 350              		.type	ReceiveData, %function
 351              	ReceiveData:
 352              	.LFB40:
 103:.\lib_Network/network.c **** 
 104:.\lib_Network/network.c **** 
 105:.\lib_Network/network.c **** uint32_t ReceiveData(void)
 106:.\lib_Network/network.c **** {
 353              		.loc 1 106 0
 354              		.cfi_startproc
 355 0000 90B5     		push	{r4, r7, lr}
 356              		.cfi_def_cfa_offset 12
 357              		.cfi_offset 4, -12
 358              		.cfi_offset 7, -8
 359              		.cfi_offset 14, -4
 360 0002 8BB0     		sub	sp, sp, #44
 361              		.cfi_def_cfa_offset 56
 362 0004 00AF     		add	r7, sp, #0
 363              		.cfi_def_cfa_register 7
 107:.\lib_Network/network.c ****     uint32_t result = 0;
 364              		.loc 1 107 0
 365 0006 0023     		mov	r3, #0
 366 0008 7B62     		str	r3, [r7, #36]
 108:.\lib_Network/network.c ****     int i;
 109:.\lib_Network/network.c ****     uint8_t byte;
 110:.\lib_Network/network.c ****     struct Resp recvData;
 111:.\lib_Network/network.c ****       
 112:.\lib_Network/network.c ****     while((byte=UART_XB_UartGetChar()) != 0)
 367              		.loc 1 112 0
 368 000a 3CE0     		b	.L17
 369              	.L19:
 113:.\lib_Network/network.c ****     { 
 114:.\lib_Network/network.c ****         result = UnpackData(&recvData, (uint8_t)(byte & 0xFF));
 370              		.loc 1 114 0
 371 000c 3A1C     		mov	r2, r7
 372 000e 2323     		mov	r3, #35
 373 0010 FB18     		add	r3, r7, r3
 374 0012 1B78     		ldrb	r3, [r3]
 375 0014 101C     		mov	r0, r2
 376 0016 191C     		mov	r1, r3
 377 0018 FFF7FEFF 		bl	UnpackData
 378 001c 031C     		mov	r3, r0
 379 001e 7B62     		str	r3, [r7, #36]
 115:.\lib_Network/network.c ****         
 116:.\lib_Network/network.c ****         #ifdef DEBUG_PC
 117:.\lib_Network/network.c ****         SW_UART_DEBUG_PutChar(byte);
ARM GAS  C:\Users\Petro\AppData\Local\Temp\ccvir1iW.s 			page 10


 380              		.loc 1 117 0
 381 0020 2323     		mov	r3, #35
 382 0022 FB18     		add	r3, r7, r3
 383 0024 1B78     		ldrb	r3, [r3]
 384 0026 181C     		mov	r0, r3
 385 0028 FFF7FEFF 		bl	SW_UART_DEBUG_PutChar
 118:.\lib_Network/network.c ****         #endif
 119:.\lib_Network/network.c ****         if(recvData.EndPacket == 1)
 386              		.loc 1 119 0
 387 002c 3B1C     		mov	r3, r7
 388 002e 1B7E     		ldrb	r3, [r3, #24]
 389 0030 012B     		cmp	r3, #1
 390 0032 28D1     		bne	.L17
 120:.\lib_Network/network.c ****         {
 121:.\lib_Network/network.c ****             inData.IDpacket = recvData.Seq;
 391              		.loc 1 121 0
 392 0034 3B1C     		mov	r3, r7
 393 0036 1B88     		ldrh	r3, [r3]
 394 0038 DAB2     		uxtb	r2, r3
 395 003a 1F4B     		ldr	r3, .L21
 396 003c 1A70     		strb	r2, [r3]
 122:.\lib_Network/network.c ****             
 123:.\lib_Network/network.c ****             /*id packet ok*/
 124:.\lib_Network/network.c ****             if(inData.IDpacket == inData.IDpacket)
 125:.\lib_Network/network.c ****             {
 126:.\lib_Network/network.c ****                 inData.readStatus = NO_READ;
 397              		.loc 1 126 0
 398 003e 1E4B     		ldr	r3, .L21
 399 0040 0022     		mov	r2, #0
 400 0042 DA74     		strb	r2, [r3, #19]
 127:.\lib_Network/network.c ****                 outData.writeStatus = NO_WRITE;
 401              		.loc 1 127 0
 402 0044 1D4B     		ldr	r3, .L21+4
 403 0046 0022     		mov	r2, #0
 404 0048 9A74     		strb	r2, [r3, #18]
 128:.\lib_Network/network.c ****                 /*write data*/
 129:.\lib_Network/network.c ****                 inData.gateStatus = recvData.Data3;
 405              		.loc 1 129 0
 406 004a 3B1C     		mov	r3, r7
 407 004c 9A7C     		ldrb	r2, [r3, #18]
 408 004e 1A4B     		ldr	r3, .L21
 409 0050 9A74     		strb	r2, [r3, #18]
 130:.\lib_Network/network.c ****                 inData.unixStartTime = recvData.Data1;
 410              		.loc 1 130 0
 411 0052 3B1C     		mov	r3, r7
 412 0054 DC68     		ldr	r4, [r3, #12]
 413 0056 9B68     		ldr	r3, [r3, #8]
 414 0058 174A     		ldr	r2, .L21
 415 005a 9360     		str	r3, [r2, #8]
 416 005c D460     		str	r4, [r2, #12]
 131:.\lib_Network/network.c ****                 inData.startMsTime = recvData.Data2;
 417              		.loc 1 131 0
 418 005e 3B1C     		mov	r3, r7
 419 0060 1A8A     		ldrh	r2, [r3, #16]
 420 0062 154B     		ldr	r3, .L21
 421 0064 1A82     		strh	r2, [r3, #16]
 132:.\lib_Network/network.c ****                 /*next packet*/
ARM GAS  C:\Users\Petro\AppData\Local\Temp\ccvir1iW.s 			page 11


 133:.\lib_Network/network.c ****                 outData.IDpacket++;
 422              		.loc 1 133 0
 423 0066 154B     		ldr	r3, .L21+4
 424 0068 1B78     		ldrb	r3, [r3]
 425 006a 0133     		add	r3, r3, #1
 426 006c DAB2     		uxtb	r2, r3
 427 006e 134B     		ldr	r3, .L21+4
 428 0070 1A70     		strb	r2, [r3]
 134:.\lib_Network/network.c ****                 #ifdef DEBUG_PC
 135:.\lib_Network/network.c ****                 SW_UART_DEBUG_PutString("       READ DATA OKEY");   
 429              		.loc 1 135 0
 430 0072 134B     		ldr	r3, .L21+8
 431 0074 181C     		mov	r0, r3
 432 0076 FFF7FEFF 		bl	SW_UART_DEBUG_PutString
 136:.\lib_Network/network.c ****                 SW_UART_DEBUG_PutString("\n\r");
 433              		.loc 1 136 0
 434 007a 124B     		ldr	r3, .L21+12
 435 007c 181C     		mov	r0, r3
 436 007e FFF7FEFF 		bl	SW_UART_DEBUG_PutString
 137:.\lib_Network/network.c ****                 #endif 
 138:.\lib_Network/network.c ****             }  
 139:.\lib_Network/network.c ****             return  NO_ERROR;  
 437              		.loc 1 139 0
 438 0082 0123     		mov	r3, #1
 439 0084 13E0     		b	.L20
 440              	.L17:
 112:.\lib_Network/network.c ****     { 
 441              		.loc 1 112 0
 442 0086 FFF7FEFF 		bl	UART_XB_UartGetChar
 443 008a 021C     		mov	r2, r0
 444 008c 2323     		mov	r3, #35
 445 008e FB18     		add	r3, r7, r3
 446 0090 1A70     		strb	r2, [r3]
 447 0092 2323     		mov	r3, #35
 448 0094 FB18     		add	r3, r7, r3
 449 0096 1B78     		ldrb	r3, [r3]
 450 0098 002B     		cmp	r3, #0
 451 009a B7D1     		bne	.L19
 140:.\lib_Network/network.c ****         }
 141:.\lib_Network/network.c ****     }
 142:.\lib_Network/network.c ****     
 143:.\lib_Network/network.c ****     #ifdef DEBUG_PC
 144:.\lib_Network/network.c ****     SW_UART_DEBUG_PutString("ERROR READ!!!!");   
 452              		.loc 1 144 0
 453 009c 0A4B     		ldr	r3, .L21+16
 454 009e 181C     		mov	r0, r3
 455 00a0 FFF7FEFF 		bl	SW_UART_DEBUG_PutString
 145:.\lib_Network/network.c ****     SW_UART_DEBUG_PutString("\n\r");
 456              		.loc 1 145 0
 457 00a4 074B     		ldr	r3, .L21+12
 458 00a6 181C     		mov	r0, r3
 459 00a8 FFF7FEFF 		bl	SW_UART_DEBUG_PutString
 146:.\lib_Network/network.c ****     #endif 
 147:.\lib_Network/network.c ****     return  ERROR;
 460              		.loc 1 147 0
 461 00ac 0023     		mov	r3, #0
 462              	.L20:
ARM GAS  C:\Users\Petro\AppData\Local\Temp\ccvir1iW.s 			page 12


 148:.\lib_Network/network.c **** }
 463              		.loc 1 148 0 discriminator 1
 464 00ae 181C     		mov	r0, r3
 465 00b0 BD46     		mov	sp, r7
 466 00b2 0BB0     		add	sp, sp, #44
 467              		@ sp needed
 468 00b4 90BD     		pop	{r4, r7, pc}
 469              	.L22:
 470 00b6 C046     		.align	2
 471              	.L21:
 472 00b8 00000000 		.word	inData
 473 00bc 00000000 		.word	outData
 474 00c0 3C000000 		.word	.LC16
 475 00c4 38000000 		.word	.LC12
 476 00c8 54000000 		.word	.LC19
 477              		.cfi_endproc
 478              	.LFE40:
 479              		.size	ReceiveData, .-ReceiveData
 480              		.bss
 481              		.align	2
 482              	i.6528:
 483 0000 00000000 		.space	4
 484              		.text
 485              	.Letext0:
 486              		.file 2 "c:\\program files (x86)\\cypress\\psoc creator\\3.3\\psoc creator\\import\\gnu\\arm\\4.9.
 487              		.file 3 "c:\\program files (x86)\\cypress\\psoc creator\\3.3\\psoc creator\\import\\gnu\\arm\\4.9.
 488              		.file 4 "./lib_Network\\svt.h"
 489              		.file 5 "./lib_Network\\network.h"
 490              		.section	.debug_info,"",%progbits
 491              	.Ldebug_info0:
 492 0000 CA030000 		.4byte	0x3ca
 493 0004 0400     		.2byte	0x4
 494 0006 00000000 		.4byte	.Ldebug_abbrev0
 495 000a 04       		.byte	0x4
 496 000b 01       		.uleb128 0x1
 497 000c 4E020000 		.4byte	.LASF60
 498 0010 01       		.byte	0x1
 499 0011 51010000 		.4byte	.LASF61
 500 0015 D7000000 		.4byte	.LASF62
 501 0019 00000000 		.4byte	.Ldebug_ranges0+0
 502 001d 00000000 		.4byte	0
 503 0021 00000000 		.4byte	.Ldebug_line0
 504 0025 02       		.uleb128 0x2
 505 0026 01       		.byte	0x1
 506 0027 06       		.byte	0x6
 507 0028 B8010000 		.4byte	.LASF0
 508 002c 03       		.uleb128 0x3
 509 002d 69010000 		.4byte	.LASF3
 510 0031 02       		.byte	0x2
 511 0032 1D       		.byte	0x1d
 512 0033 37000000 		.4byte	0x37
 513 0037 02       		.uleb128 0x2
 514 0038 01       		.byte	0x1
 515 0039 08       		.byte	0x8
 516 003a 96010000 		.4byte	.LASF1
 517 003e 02       		.uleb128 0x2
 518 003f 02       		.byte	0x2
ARM GAS  C:\Users\Petro\AppData\Local\Temp\ccvir1iW.s 			page 13


 519 0040 05       		.byte	0x5
 520 0041 29000000 		.4byte	.LASF2
 521 0045 03       		.uleb128 0x3
 522 0046 71000000 		.4byte	.LASF4
 523 004a 02       		.byte	0x2
 524 004b 2B       		.byte	0x2b
 525 004c 50000000 		.4byte	0x50
 526 0050 02       		.uleb128 0x2
 527 0051 02       		.byte	0x2
 528 0052 07       		.byte	0x7
 529 0053 EA020000 		.4byte	.LASF5
 530 0057 02       		.uleb128 0x2
 531 0058 04       		.byte	0x4
 532 0059 05       		.byte	0x5
 533 005a 2F010000 		.4byte	.LASF6
 534 005e 03       		.uleb128 0x3
 535 005f 66000000 		.4byte	.LASF7
 536 0063 02       		.byte	0x2
 537 0064 41       		.byte	0x41
 538 0065 69000000 		.4byte	0x69
 539 0069 02       		.uleb128 0x2
 540 006a 04       		.byte	0x4
 541 006b 07       		.byte	0x7
 542 006c F8010000 		.4byte	.LASF8
 543 0070 02       		.uleb128 0x2
 544 0071 08       		.byte	0x8
 545 0072 05       		.byte	0x5
 546 0073 BE000000 		.4byte	.LASF9
 547 0077 03       		.uleb128 0x3
 548 0078 09030000 		.4byte	.LASF10
 549 007c 02       		.byte	0x2
 550 007d 5B       		.byte	0x5b
 551 007e 82000000 		.4byte	0x82
 552 0082 02       		.uleb128 0x2
 553 0083 08       		.byte	0x8
 554 0084 07       		.byte	0x7
 555 0085 C4010000 		.4byte	.LASF11
 556 0089 04       		.uleb128 0x4
 557 008a 04       		.byte	0x4
 558 008b 05       		.byte	0x5
 559 008c 696E7400 		.ascii	"int\000"
 560 0090 02       		.uleb128 0x2
 561 0091 04       		.byte	0x4
 562 0092 07       		.byte	0x7
 563 0093 E4010000 		.4byte	.LASF12
 564 0097 03       		.uleb128 0x3
 565 0098 87000000 		.4byte	.LASF13
 566 009c 03       		.byte	0x3
 567 009d 15       		.byte	0x15
 568 009e 2C000000 		.4byte	0x2c
 569 00a2 03       		.uleb128 0x3
 570 00a3 3F020000 		.4byte	.LASF14
 571 00a7 03       		.byte	0x3
 572 00a8 21       		.byte	0x21
 573 00a9 45000000 		.4byte	0x45
 574 00ad 03       		.uleb128 0x3
 575 00ae DB010000 		.4byte	.LASF15
ARM GAS  C:\Users\Petro\AppData\Local\Temp\ccvir1iW.s 			page 14


 576 00b2 03       		.byte	0x3
 577 00b3 2D       		.byte	0x2d
 578 00b4 5E000000 		.4byte	0x5e
 579 00b8 03       		.uleb128 0x3
 580 00b9 20000000 		.4byte	.LASF16
 581 00bd 03       		.byte	0x3
 582 00be 39       		.byte	0x39
 583 00bf 77000000 		.4byte	0x77
 584 00c3 02       		.uleb128 0x2
 585 00c4 04       		.byte	0x4
 586 00c5 04       		.byte	0x4
 587 00c6 AC000000 		.4byte	.LASF17
 588 00ca 02       		.uleb128 0x2
 589 00cb 08       		.byte	0x8
 590 00cc 04       		.byte	0x4
 591 00cd 1B030000 		.4byte	.LASF18
 592 00d1 02       		.uleb128 0x2
 593 00d2 01       		.byte	0x1
 594 00d3 08       		.byte	0x8
 595 00d4 3A020000 		.4byte	.LASF19
 596 00d8 02       		.uleb128 0x2
 597 00d9 04       		.byte	0x4
 598 00da 07       		.byte	0x7
 599 00db 42000000 		.4byte	.LASF20
 600 00df 05       		.uleb128 0x5
 601 00e0 40010000 		.4byte	.LASF63
 602 00e4 20       		.byte	0x20
 603 00e5 04       		.byte	0x4
 604 00e6 0B       		.byte	0xb
 605 00e7 40010000 		.4byte	0x140
 606 00eb 06       		.uleb128 0x6
 607 00ec 53657100 		.ascii	"Seq\000"
 608 00f0 04       		.byte	0x4
 609 00f1 0D       		.byte	0xd
 610 00f2 A2000000 		.4byte	0xa2
 611 00f6 00       		.byte	0
 612 00f7 07       		.uleb128 0x7
 613 00f8 27020000 		.4byte	.LASF21
 614 00fc 04       		.byte	0x4
 615 00fd 0E       		.byte	0xe
 616 00fe 89000000 		.4byte	0x89
 617 0102 04       		.byte	0x4
 618 0103 07       		.uleb128 0x7
 619 0104 FD020000 		.4byte	.LASF22
 620 0108 04       		.byte	0x4
 621 0109 0F       		.byte	0xf
 622 010a B8000000 		.4byte	0xb8
 623 010e 08       		.byte	0x8
 624 010f 07       		.uleb128 0x7
 625 0110 03030000 		.4byte	.LASF23
 626 0114 04       		.byte	0x4
 627 0115 10       		.byte	0x10
 628 0116 A2000000 		.4byte	0xa2
 629 011a 10       		.byte	0x10
 630 011b 07       		.uleb128 0x7
 631 011c 27030000 		.4byte	.LASF24
 632 0120 04       		.byte	0x4
ARM GAS  C:\Users\Petro\AppData\Local\Temp\ccvir1iW.s 			page 15


 633 0121 11       		.byte	0x11
 634 0122 97000000 		.4byte	0x97
 635 0126 12       		.byte	0x12
 636 0127 07       		.uleb128 0x7
 637 0128 8D010000 		.4byte	.LASF25
 638 012c 04       		.byte	0x4
 639 012d 12       		.byte	0x12
 640 012e AD000000 		.4byte	0xad
 641 0132 14       		.byte	0x14
 642 0133 07       		.uleb128 0x7
 643 0134 40030000 		.4byte	.LASF26
 644 0138 04       		.byte	0x4
 645 0139 13       		.byte	0x13
 646 013a 97000000 		.4byte	0x97
 647 013e 18       		.byte	0x18
 648 013f 00       		.byte	0
 649 0140 08       		.uleb128 0x8
 650 0141 18       		.byte	0x18
 651 0142 05       		.byte	0x5
 652 0143 2C       		.byte	0x2c
 653 0144 9D010000 		.4byte	0x19d
 654 0148 07       		.uleb128 0x7
 655 0149 1E020000 		.4byte	.LASF27
 656 014d 05       		.byte	0x5
 657 014e 2E       		.byte	0x2e
 658 014f 97000000 		.4byte	0x97
 659 0153 00       		.byte	0
 660 0154 07       		.uleb128 0x7
 661 0155 48020000 		.4byte	.LASF28
 662 0159 05       		.byte	0x5
 663 015a 2F       		.byte	0x2f
 664 015b 97000000 		.4byte	0x97
 665 015f 01       		.byte	0x1
 666 0160 07       		.uleb128 0x7
 667 0161 3B000000 		.4byte	.LASF29
 668 0165 05       		.byte	0x5
 669 0166 30       		.byte	0x30
 670 0167 97000000 		.4byte	0x97
 671 016b 02       		.byte	0x2
 672 016c 07       		.uleb128 0x7
 673 016d 4F030000 		.4byte	.LASF30
 674 0171 05       		.byte	0x5
 675 0172 31       		.byte	0x31
 676 0173 97000000 		.4byte	0x97
 677 0177 03       		.byte	0x3
 678 0178 07       		.uleb128 0x7
 679 0179 16020000 		.4byte	.LASF31
 680 017d 05       		.byte	0x5
 681 017e 32       		.byte	0x32
 682 017f B8000000 		.4byte	0xb8
 683 0183 08       		.byte	0x8
 684 0184 07       		.uleb128 0x7
 685 0185 83010000 		.4byte	.LASF32
 686 0189 05       		.byte	0x5
 687 018a 33       		.byte	0x33
 688 018b A2000000 		.4byte	0xa2
 689 018f 10       		.byte	0x10
ARM GAS  C:\Users\Petro\AppData\Local\Temp\ccvir1iW.s 			page 16


 690 0190 07       		.uleb128 0x7
 691 0191 45010000 		.4byte	.LASF33
 692 0195 05       		.byte	0x5
 693 0196 34       		.byte	0x34
 694 0197 97000000 		.4byte	0x97
 695 019b 12       		.byte	0x12
 696 019c 00       		.byte	0
 697 019d 03       		.uleb128 0x3
 698 019e CC000000 		.4byte	.LASF34
 699 01a2 05       		.byte	0x5
 700 01a3 35       		.byte	0x35
 701 01a4 40010000 		.4byte	0x140
 702 01a8 08       		.uleb128 0x8
 703 01a9 18       		.byte	0x18
 704 01aa 05       		.byte	0x5
 705 01ab 37       		.byte	0x37
 706 01ac ED010000 		.4byte	0x1ed
 707 01b0 07       		.uleb128 0x7
 708 01b1 1E020000 		.4byte	.LASF27
 709 01b5 05       		.byte	0x5
 710 01b6 39       		.byte	0x39
 711 01b7 97000000 		.4byte	0x97
 712 01bb 00       		.byte	0
 713 01bc 07       		.uleb128 0x7
 714 01bd DC020000 		.4byte	.LASF35
 715 01c1 05       		.byte	0x5
 716 01c2 3A       		.byte	0x3a
 717 01c3 B8000000 		.4byte	0xb8
 718 01c7 08       		.byte	0x8
 719 01c8 07       		.uleb128 0x7
 720 01c9 5A000000 		.4byte	.LASF36
 721 01cd 05       		.byte	0x5
 722 01ce 3B       		.byte	0x3b
 723 01cf A2000000 		.4byte	0xa2
 724 01d3 10       		.byte	0x10
 725 01d4 07       		.uleb128 0x7
 726 01d5 A1000000 		.4byte	.LASF37
 727 01d9 05       		.byte	0x5
 728 01da 3C       		.byte	0x3c
 729 01db 97000000 		.4byte	0x97
 730 01df 12       		.byte	0x12
 731 01e0 07       		.uleb128 0x7
 732 01e1 2F020000 		.4byte	.LASF38
 733 01e5 05       		.byte	0x5
 734 01e6 3D       		.byte	0x3d
 735 01e7 97000000 		.4byte	0x97
 736 01eb 13       		.byte	0x13
 737 01ec 00       		.byte	0
 738 01ed 03       		.uleb128 0x3
 739 01ee 8F000000 		.4byte	.LASF39
 740 01f2 05       		.byte	0x5
 741 01f3 3E       		.byte	0x3e
 742 01f4 A8010000 		.4byte	0x1a8
 743 01f8 09       		.uleb128 0x9
 744 01f9 0A020000 		.4byte	.LASF64
 745 01fd 01       		.byte	0x1
 746 01fe 10       		.byte	0x10
ARM GAS  C:\Users\Petro\AppData\Local\Temp\ccvir1iW.s 			page 17


 747 01ff 00000000 		.4byte	.LFB37
 748 0203 24000000 		.4byte	.LFE37-.LFB37
 749 0207 01       		.uleb128 0x1
 750 0208 9C       		.byte	0x9c
 751 0209 0A       		.uleb128 0xa
 752 020a 73010000 		.4byte	.LASF44
 753 020e 01       		.byte	0x1
 754 020f 1D       		.byte	0x1d
 755 0210 00000000 		.4byte	.LFB38
 756 0214 08010000 		.4byte	.LFE38-.LFB38
 757 0218 01       		.uleb128 0x1
 758 0219 9C       		.byte	0x9c
 759 021a 8A020000 		.4byte	0x28a
 760 021e 0B       		.uleb128 0xb
 761 021f 33000000 		.4byte	.LASF65
 762 0223 01       		.byte	0x1
 763 0224 1D       		.byte	0x1d
 764 0225 AD000000 		.4byte	0xad
 765 0229 03       		.uleb128 0x3
 766 022a 91       		.byte	0x91
 767 022b FC7E     		.sleb128 -132
 768 022d 0C       		.uleb128 0xc
 769 022e 99000000 		.4byte	.LASF40
 770 0232 01       		.byte	0x1
 771 0233 1F       		.byte	0x1f
 772 0234 AD000000 		.4byte	0xad
 773 0238 02       		.uleb128 0x2
 774 0239 91       		.byte	0x91
 775 023a 6C       		.sleb128 -20
 776 023b 0D       		.uleb128 0xd
 777 023c 18000000 		.4byte	.LBB2
 778 0240 CE000000 		.4byte	.LBE2-.LBB2
 779 0244 0C       		.uleb128 0xc
 780 0245 AA010000 		.4byte	.LASF41
 781 0249 01       		.byte	0x1
 782 024a 27       		.byte	0x27
 783 024b AD000000 		.4byte	0xad
 784 024f 02       		.uleb128 0x2
 785 0250 91       		.byte	0x91
 786 0251 68       		.sleb128 -24
 787 0252 0C       		.uleb128 0xc
 788 0253 14030000 		.4byte	.LASF42
 789 0257 01       		.byte	0x1
 790 0258 43       		.byte	0x43
 791 0259 8A020000 		.4byte	0x28a
 792 025d 03       		.uleb128 0x3
 793 025e 91       		.byte	0x91
 794 025f 807F     		.sleb128 -128
 795 0261 0E       		.uleb128 0xe
 796 0262 6900     		.ascii	"i\000"
 797 0264 01       		.byte	0x1
 798 0265 46       		.byte	0x46
 799 0266 89000000 		.4byte	0x89
 800 026a 05       		.uleb128 0x5
 801 026b 03       		.byte	0x3
 802 026c 00000000 		.4byte	i.6528
 803 0270 0D       		.uleb128 0xd
ARM GAS  C:\Users\Petro\AppData\Local\Temp\ccvir1iW.s 			page 18


 804 0271 36000000 		.4byte	.LBB3
 805 0275 6A000000 		.4byte	.LBE3-.LBB3
 806 0279 0C       		.uleb128 0xc
 807 027a 2D030000 		.4byte	.LASF43
 808 027e 01       		.byte	0x1
 809 027f 3C       		.byte	0x3c
 810 0280 AD000000 		.4byte	0xad
 811 0284 02       		.uleb128 0x2
 812 0285 91       		.byte	0x91
 813 0286 64       		.sleb128 -28
 814 0287 00       		.byte	0
 815 0288 00       		.byte	0
 816 0289 00       		.byte	0
 817 028a 0F       		.uleb128 0xf
 818 028b D1000000 		.4byte	0xd1
 819 028f 9A020000 		.4byte	0x29a
 820 0293 10       		.uleb128 0x10
 821 0294 D8000000 		.4byte	0xd8
 822 0298 63       		.byte	0x63
 823 0299 00       		.byte	0
 824 029a 0A       		.uleb128 0xa
 825 029b 0E000000 		.4byte	.LASF45
 826 029f 01       		.byte	0x1
 827 02a0 54       		.byte	0x54
 828 02a1 00000000 		.4byte	.LFB39
 829 02a5 84000000 		.4byte	.LFE39-.LFB39
 830 02a9 01       		.uleb128 0x1
 831 02aa 9C       		.byte	0x9c
 832 02ab D7020000 		.4byte	0x2d7
 833 02af 0C       		.uleb128 0xc
 834 02b0 7C000000 		.4byte	.LASF46
 835 02b4 01       		.byte	0x1
 836 02b5 56       		.byte	0x56
 837 02b6 D7020000 		.4byte	0x2d7
 838 02ba 03       		.uleb128 0x3
 839 02bb 91       		.byte	0x91
 840 02bc BC7F     		.sleb128 -68
 841 02be 0C       		.uleb128 0xc
 842 02bf 17000000 		.4byte	.LASF47
 843 02c3 01       		.byte	0x1
 844 02c4 57       		.byte	0x57
 845 02c5 D7020000 		.4byte	0x2d7
 846 02c9 03       		.uleb128 0x3
 847 02ca 91       		.byte	0x91
 848 02cb 887F     		.sleb128 -120
 849 02cd 11       		.uleb128 0x11
 850 02ce 6900     		.ascii	"i\000"
 851 02d0 01       		.byte	0x1
 852 02d1 58       		.byte	0x58
 853 02d2 89000000 		.4byte	0x89
 854 02d6 00       		.byte	0
 855 02d7 0F       		.uleb128 0xf
 856 02d8 D1000000 		.4byte	0xd1
 857 02dc E7020000 		.4byte	0x2e7
 858 02e0 10       		.uleb128 0x10
 859 02e1 D8000000 		.4byte	0xd8
 860 02e5 31       		.byte	0x31
ARM GAS  C:\Users\Petro\AppData\Local\Temp\ccvir1iW.s 			page 19


 861 02e6 00       		.byte	0
 862 02e7 12       		.uleb128 0x12
 863 02e8 34030000 		.4byte	.LASF66
 864 02ec 01       		.byte	0x1
 865 02ed 69       		.byte	0x69
 866 02ee AD000000 		.4byte	0xad
 867 02f2 00000000 		.4byte	.LFB40
 868 02f6 CC000000 		.4byte	.LFE40-.LFB40
 869 02fa 01       		.uleb128 0x1
 870 02fb 9C       		.byte	0x9c
 871 02fc 34030000 		.4byte	0x334
 872 0300 0C       		.uleb128 0xc
 873 0301 00000000 		.4byte	.LASF48
 874 0305 01       		.byte	0x1
 875 0306 6B       		.byte	0x6b
 876 0307 AD000000 		.4byte	0xad
 877 030b 02       		.uleb128 0x2
 878 030c 91       		.byte	0x91
 879 030d 6C       		.sleb128 -20
 880 030e 11       		.uleb128 0x11
 881 030f 6900     		.ascii	"i\000"
 882 0311 01       		.byte	0x1
 883 0312 6C       		.byte	0x6c
 884 0313 89000000 		.4byte	0x89
 885 0317 0C       		.uleb128 0xc
 886 0318 22030000 		.4byte	.LASF49
 887 031c 01       		.byte	0x1
 888 031d 6D       		.byte	0x6d
 889 031e 97000000 		.4byte	0x97
 890 0322 02       		.uleb128 0x2
 891 0323 91       		.byte	0x91
 892 0324 6B       		.sleb128 -21
 893 0325 0C       		.uleb128 0xc
 894 0326 4B000000 		.4byte	.LASF50
 895 032a 01       		.byte	0x1
 896 032b 6E       		.byte	0x6e
 897 032c DF000000 		.4byte	0xdf
 898 0330 02       		.uleb128 0x2
 899 0331 91       		.byte	0x91
 900 0332 48       		.sleb128 -56
 901 0333 00       		.byte	0
 902 0334 13       		.uleb128 0x13
 903 0335 B2000000 		.4byte	.LASF51
 904 0339 04       		.byte	0x4
 905 033a 49       		.byte	0x49
 906 033b 97000000 		.4byte	0x97
 907 033f 05       		.uleb128 0x5
 908 0340 03       		.byte	0x3
 909 0341 00000000 		.4byte	PROTO_STATE
 910 0345 13       		.uleb128 0x13
 911 0346 A4010000 		.4byte	.LASF52
 912 034a 04       		.byte	0x4
 913 034b 49       		.byte	0x49
 914 034c 97000000 		.4byte	0x97
 915 0350 05       		.uleb128 0x5
 916 0351 03       		.byte	0x3
 917 0352 00000000 		.4byte	LenD1
ARM GAS  C:\Users\Petro\AppData\Local\Temp\ccvir1iW.s 			page 20


 918 0356 13       		.uleb128 0x13
 919 0357 54000000 		.4byte	.LASF53
 920 035b 04       		.byte	0x4
 921 035c 49       		.byte	0x49
 922 035d 97000000 		.4byte	0x97
 923 0361 05       		.uleb128 0x5
 924 0362 03       		.byte	0x3
 925 0363 00000000 		.4byte	LenD2
 926 0367 13       		.uleb128 0x13
 927 0368 B2010000 		.4byte	.LASF54
 928 036c 04       		.byte	0x4
 929 036d 49       		.byte	0x49
 930 036e 97000000 		.4byte	0x97
 931 0372 05       		.uleb128 0x5
 932 0373 03       		.byte	0x3
 933 0374 00000000 		.4byte	LenD3
 934 0378 13       		.uleb128 0x13
 935 0379 07000000 		.4byte	.LASF55
 936 037d 04       		.byte	0x4
 937 037e 49       		.byte	0x49
 938 037f 97000000 		.4byte	0x97
 939 0383 05       		.uleb128 0x5
 940 0384 03       		.byte	0x3
 941 0385 00000000 		.4byte	LenSeq
 942 0389 13       		.uleb128 0x13
 943 038a F1010000 		.4byte	.LASF56
 944 038e 04       		.byte	0x4
 945 038f 49       		.byte	0x49
 946 0390 97000000 		.4byte	0x97
 947 0394 05       		.uleb128 0x5
 948 0395 03       		.byte	0x3
 949 0396 00000000 		.4byte	LenChS
 950 039a 13       		.uleb128 0x13
 951 039b 4A030000 		.4byte	.LASF57
 952 039f 04       		.byte	0x4
 953 03a0 49       		.byte	0x49
 954 03a1 97000000 		.4byte	0x97
 955 03a5 05       		.uleb128 0x5
 956 03a6 03       		.byte	0x3
 957 03a7 00000000 		.4byte	LenC
 958 03ab 13       		.uleb128 0x13
 959 03ac 38010000 		.4byte	.LASF58
 960 03b0 05       		.byte	0x5
 961 03b1 40       		.byte	0x40
 962 03b2 9D010000 		.4byte	0x19d
 963 03b6 05       		.uleb128 0x5
 964 03b7 03       		.byte	0x3
 965 03b8 00000000 		.4byte	outData
 966 03bc 13       		.uleb128 0x13
 967 03bd 7C010000 		.4byte	.LASF59
 968 03c1 05       		.byte	0x5
 969 03c2 41       		.byte	0x41
 970 03c3 ED010000 		.4byte	0x1ed
 971 03c7 05       		.uleb128 0x5
 972 03c8 03       		.byte	0x3
 973 03c9 00000000 		.4byte	inData
 974 03cd 00       		.byte	0
ARM GAS  C:\Users\Petro\AppData\Local\Temp\ccvir1iW.s 			page 21


 975              		.section	.debug_abbrev,"",%progbits
 976              	.Ldebug_abbrev0:
 977 0000 01       		.uleb128 0x1
 978 0001 11       		.uleb128 0x11
 979 0002 01       		.byte	0x1
 980 0003 25       		.uleb128 0x25
 981 0004 0E       		.uleb128 0xe
 982 0005 13       		.uleb128 0x13
 983 0006 0B       		.uleb128 0xb
 984 0007 03       		.uleb128 0x3
 985 0008 0E       		.uleb128 0xe
 986 0009 1B       		.uleb128 0x1b
 987 000a 0E       		.uleb128 0xe
 988 000b 55       		.uleb128 0x55
 989 000c 17       		.uleb128 0x17
 990 000d 11       		.uleb128 0x11
 991 000e 01       		.uleb128 0x1
 992 000f 10       		.uleb128 0x10
 993 0010 17       		.uleb128 0x17
 994 0011 00       		.byte	0
 995 0012 00       		.byte	0
 996 0013 02       		.uleb128 0x2
 997 0014 24       		.uleb128 0x24
 998 0015 00       		.byte	0
 999 0016 0B       		.uleb128 0xb
 1000 0017 0B       		.uleb128 0xb
 1001 0018 3E       		.uleb128 0x3e
 1002 0019 0B       		.uleb128 0xb
 1003 001a 03       		.uleb128 0x3
 1004 001b 0E       		.uleb128 0xe
 1005 001c 00       		.byte	0
 1006 001d 00       		.byte	0
 1007 001e 03       		.uleb128 0x3
 1008 001f 16       		.uleb128 0x16
 1009 0020 00       		.byte	0
 1010 0021 03       		.uleb128 0x3
 1011 0022 0E       		.uleb128 0xe
 1012 0023 3A       		.uleb128 0x3a
 1013 0024 0B       		.uleb128 0xb
 1014 0025 3B       		.uleb128 0x3b
 1015 0026 0B       		.uleb128 0xb
 1016 0027 49       		.uleb128 0x49
 1017 0028 13       		.uleb128 0x13
 1018 0029 00       		.byte	0
 1019 002a 00       		.byte	0
 1020 002b 04       		.uleb128 0x4
 1021 002c 24       		.uleb128 0x24
 1022 002d 00       		.byte	0
 1023 002e 0B       		.uleb128 0xb
 1024 002f 0B       		.uleb128 0xb
 1025 0030 3E       		.uleb128 0x3e
 1026 0031 0B       		.uleb128 0xb
 1027 0032 03       		.uleb128 0x3
 1028 0033 08       		.uleb128 0x8
 1029 0034 00       		.byte	0
 1030 0035 00       		.byte	0
 1031 0036 05       		.uleb128 0x5
ARM GAS  C:\Users\Petro\AppData\Local\Temp\ccvir1iW.s 			page 22


 1032 0037 13       		.uleb128 0x13
 1033 0038 01       		.byte	0x1
 1034 0039 03       		.uleb128 0x3
 1035 003a 0E       		.uleb128 0xe
 1036 003b 0B       		.uleb128 0xb
 1037 003c 0B       		.uleb128 0xb
 1038 003d 3A       		.uleb128 0x3a
 1039 003e 0B       		.uleb128 0xb
 1040 003f 3B       		.uleb128 0x3b
 1041 0040 0B       		.uleb128 0xb
 1042 0041 01       		.uleb128 0x1
 1043 0042 13       		.uleb128 0x13
 1044 0043 00       		.byte	0
 1045 0044 00       		.byte	0
 1046 0045 06       		.uleb128 0x6
 1047 0046 0D       		.uleb128 0xd
 1048 0047 00       		.byte	0
 1049 0048 03       		.uleb128 0x3
 1050 0049 08       		.uleb128 0x8
 1051 004a 3A       		.uleb128 0x3a
 1052 004b 0B       		.uleb128 0xb
 1053 004c 3B       		.uleb128 0x3b
 1054 004d 0B       		.uleb128 0xb
 1055 004e 49       		.uleb128 0x49
 1056 004f 13       		.uleb128 0x13
 1057 0050 38       		.uleb128 0x38
 1058 0051 0B       		.uleb128 0xb
 1059 0052 00       		.byte	0
 1060 0053 00       		.byte	0
 1061 0054 07       		.uleb128 0x7
 1062 0055 0D       		.uleb128 0xd
 1063 0056 00       		.byte	0
 1064 0057 03       		.uleb128 0x3
 1065 0058 0E       		.uleb128 0xe
 1066 0059 3A       		.uleb128 0x3a
 1067 005a 0B       		.uleb128 0xb
 1068 005b 3B       		.uleb128 0x3b
 1069 005c 0B       		.uleb128 0xb
 1070 005d 49       		.uleb128 0x49
 1071 005e 13       		.uleb128 0x13
 1072 005f 38       		.uleb128 0x38
 1073 0060 0B       		.uleb128 0xb
 1074 0061 00       		.byte	0
 1075 0062 00       		.byte	0
 1076 0063 08       		.uleb128 0x8
 1077 0064 13       		.uleb128 0x13
 1078 0065 01       		.byte	0x1
 1079 0066 0B       		.uleb128 0xb
 1080 0067 0B       		.uleb128 0xb
 1081 0068 3A       		.uleb128 0x3a
 1082 0069 0B       		.uleb128 0xb
 1083 006a 3B       		.uleb128 0x3b
 1084 006b 0B       		.uleb128 0xb
 1085 006c 01       		.uleb128 0x1
 1086 006d 13       		.uleb128 0x13
 1087 006e 00       		.byte	0
 1088 006f 00       		.byte	0
ARM GAS  C:\Users\Petro\AppData\Local\Temp\ccvir1iW.s 			page 23


 1089 0070 09       		.uleb128 0x9
 1090 0071 2E       		.uleb128 0x2e
 1091 0072 00       		.byte	0
 1092 0073 3F       		.uleb128 0x3f
 1093 0074 19       		.uleb128 0x19
 1094 0075 03       		.uleb128 0x3
 1095 0076 0E       		.uleb128 0xe
 1096 0077 3A       		.uleb128 0x3a
 1097 0078 0B       		.uleb128 0xb
 1098 0079 3B       		.uleb128 0x3b
 1099 007a 0B       		.uleb128 0xb
 1100 007b 27       		.uleb128 0x27
 1101 007c 19       		.uleb128 0x19
 1102 007d 11       		.uleb128 0x11
 1103 007e 01       		.uleb128 0x1
 1104 007f 12       		.uleb128 0x12
 1105 0080 06       		.uleb128 0x6
 1106 0081 40       		.uleb128 0x40
 1107 0082 18       		.uleb128 0x18
 1108 0083 9642     		.uleb128 0x2116
 1109 0085 19       		.uleb128 0x19
 1110 0086 00       		.byte	0
 1111 0087 00       		.byte	0
 1112 0088 0A       		.uleb128 0xa
 1113 0089 2E       		.uleb128 0x2e
 1114 008a 01       		.byte	0x1
 1115 008b 3F       		.uleb128 0x3f
 1116 008c 19       		.uleb128 0x19
 1117 008d 03       		.uleb128 0x3
 1118 008e 0E       		.uleb128 0xe
 1119 008f 3A       		.uleb128 0x3a
 1120 0090 0B       		.uleb128 0xb
 1121 0091 3B       		.uleb128 0x3b
 1122 0092 0B       		.uleb128 0xb
 1123 0093 27       		.uleb128 0x27
 1124 0094 19       		.uleb128 0x19
 1125 0095 11       		.uleb128 0x11
 1126 0096 01       		.uleb128 0x1
 1127 0097 12       		.uleb128 0x12
 1128 0098 06       		.uleb128 0x6
 1129 0099 40       		.uleb128 0x40
 1130 009a 18       		.uleb128 0x18
 1131 009b 9642     		.uleb128 0x2116
 1132 009d 19       		.uleb128 0x19
 1133 009e 01       		.uleb128 0x1
 1134 009f 13       		.uleb128 0x13
 1135 00a0 00       		.byte	0
 1136 00a1 00       		.byte	0
 1137 00a2 0B       		.uleb128 0xb
 1138 00a3 05       		.uleb128 0x5
 1139 00a4 00       		.byte	0
 1140 00a5 03       		.uleb128 0x3
 1141 00a6 0E       		.uleb128 0xe
 1142 00a7 3A       		.uleb128 0x3a
 1143 00a8 0B       		.uleb128 0xb
 1144 00a9 3B       		.uleb128 0x3b
 1145 00aa 0B       		.uleb128 0xb
ARM GAS  C:\Users\Petro\AppData\Local\Temp\ccvir1iW.s 			page 24


 1146 00ab 49       		.uleb128 0x49
 1147 00ac 13       		.uleb128 0x13
 1148 00ad 02       		.uleb128 0x2
 1149 00ae 18       		.uleb128 0x18
 1150 00af 00       		.byte	0
 1151 00b0 00       		.byte	0
 1152 00b1 0C       		.uleb128 0xc
 1153 00b2 34       		.uleb128 0x34
 1154 00b3 00       		.byte	0
 1155 00b4 03       		.uleb128 0x3
 1156 00b5 0E       		.uleb128 0xe
 1157 00b6 3A       		.uleb128 0x3a
 1158 00b7 0B       		.uleb128 0xb
 1159 00b8 3B       		.uleb128 0x3b
 1160 00b9 0B       		.uleb128 0xb
 1161 00ba 49       		.uleb128 0x49
 1162 00bb 13       		.uleb128 0x13
 1163 00bc 02       		.uleb128 0x2
 1164 00bd 18       		.uleb128 0x18
 1165 00be 00       		.byte	0
 1166 00bf 00       		.byte	0
 1167 00c0 0D       		.uleb128 0xd
 1168 00c1 0B       		.uleb128 0xb
 1169 00c2 01       		.byte	0x1
 1170 00c3 11       		.uleb128 0x11
 1171 00c4 01       		.uleb128 0x1
 1172 00c5 12       		.uleb128 0x12
 1173 00c6 06       		.uleb128 0x6
 1174 00c7 00       		.byte	0
 1175 00c8 00       		.byte	0
 1176 00c9 0E       		.uleb128 0xe
 1177 00ca 34       		.uleb128 0x34
 1178 00cb 00       		.byte	0
 1179 00cc 03       		.uleb128 0x3
 1180 00cd 08       		.uleb128 0x8
 1181 00ce 3A       		.uleb128 0x3a
 1182 00cf 0B       		.uleb128 0xb
 1183 00d0 3B       		.uleb128 0x3b
 1184 00d1 0B       		.uleb128 0xb
 1185 00d2 49       		.uleb128 0x49
 1186 00d3 13       		.uleb128 0x13
 1187 00d4 02       		.uleb128 0x2
 1188 00d5 18       		.uleb128 0x18
 1189 00d6 00       		.byte	0
 1190 00d7 00       		.byte	0
 1191 00d8 0F       		.uleb128 0xf
 1192 00d9 01       		.uleb128 0x1
 1193 00da 01       		.byte	0x1
 1194 00db 49       		.uleb128 0x49
 1195 00dc 13       		.uleb128 0x13
 1196 00dd 01       		.uleb128 0x1
 1197 00de 13       		.uleb128 0x13
 1198 00df 00       		.byte	0
 1199 00e0 00       		.byte	0
 1200 00e1 10       		.uleb128 0x10
 1201 00e2 21       		.uleb128 0x21
 1202 00e3 00       		.byte	0
ARM GAS  C:\Users\Petro\AppData\Local\Temp\ccvir1iW.s 			page 25


 1203 00e4 49       		.uleb128 0x49
 1204 00e5 13       		.uleb128 0x13
 1205 00e6 2F       		.uleb128 0x2f
 1206 00e7 0B       		.uleb128 0xb
 1207 00e8 00       		.byte	0
 1208 00e9 00       		.byte	0
 1209 00ea 11       		.uleb128 0x11
 1210 00eb 34       		.uleb128 0x34
 1211 00ec 00       		.byte	0
 1212 00ed 03       		.uleb128 0x3
 1213 00ee 08       		.uleb128 0x8
 1214 00ef 3A       		.uleb128 0x3a
 1215 00f0 0B       		.uleb128 0xb
 1216 00f1 3B       		.uleb128 0x3b
 1217 00f2 0B       		.uleb128 0xb
 1218 00f3 49       		.uleb128 0x49
 1219 00f4 13       		.uleb128 0x13
 1220 00f5 00       		.byte	0
 1221 00f6 00       		.byte	0
 1222 00f7 12       		.uleb128 0x12
 1223 00f8 2E       		.uleb128 0x2e
 1224 00f9 01       		.byte	0x1
 1225 00fa 3F       		.uleb128 0x3f
 1226 00fb 19       		.uleb128 0x19
 1227 00fc 03       		.uleb128 0x3
 1228 00fd 0E       		.uleb128 0xe
 1229 00fe 3A       		.uleb128 0x3a
 1230 00ff 0B       		.uleb128 0xb
 1231 0100 3B       		.uleb128 0x3b
 1232 0101 0B       		.uleb128 0xb
 1233 0102 27       		.uleb128 0x27
 1234 0103 19       		.uleb128 0x19
 1235 0104 49       		.uleb128 0x49
 1236 0105 13       		.uleb128 0x13
 1237 0106 11       		.uleb128 0x11
 1238 0107 01       		.uleb128 0x1
 1239 0108 12       		.uleb128 0x12
 1240 0109 06       		.uleb128 0x6
 1241 010a 40       		.uleb128 0x40
 1242 010b 18       		.uleb128 0x18
 1243 010c 9642     		.uleb128 0x2116
 1244 010e 19       		.uleb128 0x19
 1245 010f 01       		.uleb128 0x1
 1246 0110 13       		.uleb128 0x13
 1247 0111 00       		.byte	0
 1248 0112 00       		.byte	0
 1249 0113 13       		.uleb128 0x13
 1250 0114 34       		.uleb128 0x34
 1251 0115 00       		.byte	0
 1252 0116 03       		.uleb128 0x3
 1253 0117 0E       		.uleb128 0xe
 1254 0118 3A       		.uleb128 0x3a
 1255 0119 0B       		.uleb128 0xb
 1256 011a 3B       		.uleb128 0x3b
 1257 011b 0B       		.uleb128 0xb
 1258 011c 49       		.uleb128 0x49
 1259 011d 13       		.uleb128 0x13
ARM GAS  C:\Users\Petro\AppData\Local\Temp\ccvir1iW.s 			page 26


 1260 011e 3F       		.uleb128 0x3f
 1261 011f 19       		.uleb128 0x19
 1262 0120 02       		.uleb128 0x2
 1263 0121 18       		.uleb128 0x18
 1264 0122 00       		.byte	0
 1265 0123 00       		.byte	0
 1266 0124 00       		.byte	0
 1267              		.section	.debug_aranges,"",%progbits
 1268 0000 34000000 		.4byte	0x34
 1269 0004 0200     		.2byte	0x2
 1270 0006 00000000 		.4byte	.Ldebug_info0
 1271 000a 04       		.byte	0x4
 1272 000b 00       		.byte	0
 1273 000c 0000     		.2byte	0
 1274 000e 0000     		.2byte	0
 1275 0010 00000000 		.4byte	.LFB37
 1276 0014 24000000 		.4byte	.LFE37-.LFB37
 1277 0018 00000000 		.4byte	.LFB38
 1278 001c 08010000 		.4byte	.LFE38-.LFB38
 1279 0020 00000000 		.4byte	.LFB39
 1280 0024 84000000 		.4byte	.LFE39-.LFB39
 1281 0028 00000000 		.4byte	.LFB40
 1282 002c CC000000 		.4byte	.LFE40-.LFB40
 1283 0030 00000000 		.4byte	0
 1284 0034 00000000 		.4byte	0
 1285              		.section	.debug_ranges,"",%progbits
 1286              	.Ldebug_ranges0:
 1287 0000 00000000 		.4byte	.LFB37
 1288 0004 24000000 		.4byte	.LFE37
 1289 0008 00000000 		.4byte	.LFB38
 1290 000c 08010000 		.4byte	.LFE38
 1291 0010 00000000 		.4byte	.LFB39
 1292 0014 84000000 		.4byte	.LFE39
 1293 0018 00000000 		.4byte	.LFB40
 1294 001c CC000000 		.4byte	.LFE40
 1295 0020 00000000 		.4byte	0
 1296 0024 00000000 		.4byte	0
 1297              		.section	.debug_line,"",%progbits
 1298              	.Ldebug_line0:
 1299 0000 CE010000 		.section	.debug_str,"MS",%progbits,1
 1299      02003C01 
 1299      00000201 
 1299      FB0E0D00 
 1299      01010101 
 1300              	.LASF48:
 1301 0000 72657375 		.ascii	"result\000"
 1301      6C7400
 1302              	.LASF55:
 1303 0007 4C656E53 		.ascii	"LenSeq\000"
 1303      657100
 1304              	.LASF45:
 1305 000e 53656E64 		.ascii	"SendData\000"
 1305      44617461 
 1305      00
 1306              	.LASF47:
 1307 0017 73656E64 		.ascii	"sendData\000"
 1307      44617461 
ARM GAS  C:\Users\Petro\AppData\Local\Temp\ccvir1iW.s 			page 27


 1307      00
 1308              	.LASF16:
 1309 0020 75696E74 		.ascii	"uint64_t\000"
 1309      36345F74 
 1309      00
 1310              	.LASF2:
 1311 0029 73686F72 		.ascii	"short int\000"
 1311      7420696E 
 1311      7400
 1312              	.LASF65:
 1313 0033 64656C61 		.ascii	"delayMs\000"
 1313      794D7300 
 1314              	.LASF29:
 1315 003b 7265626F 		.ascii	"reboot\000"
 1315      6F7400
 1316              	.LASF20:
 1317 0042 73697A65 		.ascii	"sizetype\000"
 1317      74797065 
 1317      00
 1318              	.LASF50:
 1319 004b 72656376 		.ascii	"recvData\000"
 1319      44617461 
 1319      00
 1320              	.LASF53:
 1321 0054 4C656E44 		.ascii	"LenD2\000"
 1321      3200
 1322              	.LASF36:
 1323 005a 73746172 		.ascii	"startMsTime\000"
 1323      744D7354 
 1323      696D6500 
 1324              	.LASF7:
 1325 0066 5F5F7569 		.ascii	"__uint32_t\000"
 1325      6E743332 
 1325      5F7400
 1326              	.LASF4:
 1327 0071 5F5F7569 		.ascii	"__uint16_t\000"
 1327      6E743136 
 1327      5F7400
 1328              	.LASF46:
 1329 007c 73656E64 		.ascii	"sendBuffer\000"
 1329      42756666 
 1329      657200
 1330              	.LASF13:
 1331 0087 75696E74 		.ascii	"uint8_t\000"
 1331      385F7400 
 1332              	.LASF39:
 1333 008f 53746172 		.ascii	"StartData\000"
 1333      74446174 
 1333      6100
 1334              	.LASF40:
 1335 0099 72756E54 		.ascii	"runTime\000"
 1335      696D6500 
 1336              	.LASF37:
 1337 00a1 67617465 		.ascii	"gateStatus\000"
 1337      53746174 
 1337      757300
 1338              	.LASF17:
ARM GAS  C:\Users\Petro\AppData\Local\Temp\ccvir1iW.s 			page 28


 1339 00ac 666C6F61 		.ascii	"float\000"
 1339      7400
 1340              	.LASF51:
 1341 00b2 50524F54 		.ascii	"PROTO_STATE\000"
 1341      4F5F5354 
 1341      41544500 
 1342              	.LASF9:
 1343 00be 6C6F6E67 		.ascii	"long long int\000"
 1343      206C6F6E 
 1343      6720696E 
 1343      7400
 1344              	.LASF34:
 1345 00cc 46696E69 		.ascii	"FinishData\000"
 1345      73684461 
 1345      746100
 1346              	.LASF62:
 1347 00d7 443A5C43 		.ascii	"D:\\Cypress\\system-start-finish\\vesion 2\\fw\\fin"
 1347      79707265 
 1347      73735C73 
 1347      79737465 
 1347      6D2D7374 
 1348 0105 6973685C 		.ascii	"ish\\sandbox\\v2\\Network\\netMaster_v0.cydsn\000"
 1348      73616E64 
 1348      626F785C 
 1348      76325C4E 
 1348      6574776F 
 1349              	.LASF6:
 1350 012f 6C6F6E67 		.ascii	"long int\000"
 1350      20696E74 
 1350      00
 1351              	.LASF58:
 1352 0138 6F757444 		.ascii	"outData\000"
 1352      61746100 
 1353              	.LASF63:
 1354 0140 52657370 		.ascii	"Resp\000"
 1354      00
 1355              	.LASF33:
 1356 0145 77726974 		.ascii	"writeStatus\000"
 1356      65537461 
 1356      74757300 
 1357              	.LASF61:
 1358 0151 2E5C6C69 		.ascii	".\\lib_Network\\network.c\000"
 1358      625F4E65 
 1358      74776F72 
 1358      6B5C6E65 
 1358      74776F72 
 1359              	.LASF3:
 1360 0169 5F5F7569 		.ascii	"__uint8_t\000"
 1360      6E74385F 
 1360      7400
 1361              	.LASF44:
 1362 0173 41707044 		.ascii	"AppDelay\000"
 1362      656C6179 
 1362      00
 1363              	.LASF59:
 1364 017c 696E4461 		.ascii	"inData\000"
 1364      746100
ARM GAS  C:\Users\Petro\AppData\Local\Temp\ccvir1iW.s 			page 29


 1365              	.LASF32:
 1366 0183 746D704D 		.ascii	"tmpMsTime\000"
 1366      7354696D 
 1366      6500
 1367              	.LASF25:
 1368 018d 43686563 		.ascii	"CheckSum\000"
 1368      6B53756D 
 1368      00
 1369              	.LASF1:
 1370 0196 756E7369 		.ascii	"unsigned char\000"
 1370      676E6564 
 1370      20636861 
 1370      7200
 1371              	.LASF52:
 1372 01a4 4C656E44 		.ascii	"LenD1\000"
 1372      3100
 1373              	.LASF41:
 1374 01aa 636F756E 		.ascii	"counter\000"
 1374      74657200 
 1375              	.LASF54:
 1376 01b2 4C656E44 		.ascii	"LenD3\000"
 1376      3300
 1377              	.LASF0:
 1378 01b8 7369676E 		.ascii	"signed char\000"
 1378      65642063 
 1378      68617200 
 1379              	.LASF11:
 1380 01c4 6C6F6E67 		.ascii	"long long unsigned int\000"
 1380      206C6F6E 
 1380      6720756E 
 1380      7369676E 
 1380      65642069 
 1381              	.LASF15:
 1382 01db 75696E74 		.ascii	"uint32_t\000"
 1382      33325F74 
 1382      00
 1383              	.LASF12:
 1384 01e4 756E7369 		.ascii	"unsigned int\000"
 1384      676E6564 
 1384      20696E74 
 1384      00
 1385              	.LASF56:
 1386 01f1 4C656E43 		.ascii	"LenChS\000"
 1386      685300
 1387              	.LASF8:
 1388 01f8 6C6F6E67 		.ascii	"long unsigned int\000"
 1388      20756E73 
 1388      69676E65 
 1388      6420696E 
 1388      7400
 1389              	.LASF64:
 1390 020a 496E6974 		.ascii	"InitNetwork\000"
 1390      4E657477 
 1390      6F726B00 
 1391              	.LASF31:
 1392 0216 746D7054 		.ascii	"tmpTime\000"
 1392      696D6500 
ARM GAS  C:\Users\Petro\AppData\Local\Temp\ccvir1iW.s 			page 30


 1393              	.LASF27:
 1394 021e 49447061 		.ascii	"IDpacket\000"
 1394      636B6574 
 1394      00
 1395              	.LASF21:
 1396 0227 436F6D6D 		.ascii	"Command\000"
 1396      616E6400 
 1397              	.LASF38:
 1398 022f 72656164 		.ascii	"readStatus\000"
 1398      53746174 
 1398      757300
 1399              	.LASF19:
 1400 023a 63686172 		.ascii	"char\000"
 1400      00
 1401              	.LASF14:
 1402 023f 75696E74 		.ascii	"uint16_t\000"
 1402      31365F74 
 1402      00
 1403              	.LASF28:
 1404 0248 72656164 		.ascii	"ready\000"
 1404      7900
 1405              	.LASF60:
 1406 024e 474E5520 		.ascii	"GNU C 4.9.3 20150303 (release) [ARM/embedded-4_9-br"
 1406      4320342E 
 1406      392E3320 
 1406      32303135 
 1406      30333033 
 1407 0281 616E6368 		.ascii	"anch revision 221220] -mcpu=cortex-m0 -mthumb -g -O"
 1407      20726576 
 1407      6973696F 
 1407      6E203232 
 1407      31323230 
 1408 02b4 30202D66 		.ascii	"0 -ffunction-sections -ffat-lto-objects\000"
 1408      66756E63 
 1408      74696F6E 
 1408      2D736563 
 1408      74696F6E 
 1409              	.LASF35:
 1410 02dc 756E6978 		.ascii	"unixStartTime\000"
 1410      53746172 
 1410      7454696D 
 1410      6500
 1411              	.LASF5:
 1412 02ea 73686F72 		.ascii	"short unsigned int\000"
 1412      7420756E 
 1412      7369676E 
 1412      65642069 
 1412      6E7400
 1413              	.LASF22:
 1414 02fd 44617461 		.ascii	"Data1\000"
 1414      3100
 1415              	.LASF23:
 1416 0303 44617461 		.ascii	"Data2\000"
 1416      3200
 1417              	.LASF10:
 1418 0309 5F5F7569 		.ascii	"__uint64_t\000"
 1418      6E743634 
ARM GAS  C:\Users\Petro\AppData\Local\Temp\ccvir1iW.s 			page 31


 1418      5F7400
 1419              	.LASF42:
 1420 0314 62756666 		.ascii	"buffer\000"
 1420      657200
 1421              	.LASF18:
 1422 031b 646F7562 		.ascii	"double\000"
 1422      6C6500
 1423              	.LASF49:
 1424 0322 62797465 		.ascii	"byte\000"
 1424      00
 1425              	.LASF24:
 1426 0327 44617461 		.ascii	"Data3\000"
 1426      3300
 1427              	.LASF43:
 1428 032d 70657269 		.ascii	"period\000"
 1428      6F6400
 1429              	.LASF66:
 1430 0334 52656365 		.ascii	"ReceiveData\000"
 1430      69766544 
 1430      61746100 
 1431              	.LASF26:
 1432 0340 456E6450 		.ascii	"EndPacket\000"
 1432      61636B65 
 1432      7400
 1433              	.LASF57:
 1434 034a 4C656E43 		.ascii	"LenC\000"
 1434      00
 1435              	.LASF30:
 1436 034f 636F756E 		.ascii	"countSkiers\000"
 1436      74536B69 
 1436      65727300 
 1437              		.ident	"GCC: (GNU Tools for ARM Embedded Processors) 4.9.3 20150303 (release) [ARM/embedded-4_9-br
