--------------- Rebuild Started: 08/03/2016 14:07:38 Project: netMaster_v0, Configuration: ARM GCC 4.9-2015-q1-update Debug ---------------
Deleting file ".\CortexM0\ARM_GCC_493\Debug\network.o"
Deleting file ".\CortexM0\ARM_GCC_493\Debug\svt.o"
Deleting file ".\CortexM0\ARM_GCC_493\Debug\crc32.o"
Deleting file ".\CortexM0\ARM_GCC_493\Debug\main.o"
Deleting file ".\CortexM0\ARM_GCC_493\Debug\cyfitter_cfg.o"
Deleting file ".\CortexM0\ARM_GCC_493\Debug\cymetadata.o"
Deleting file ".\CortexM0\ARM_GCC_493\Debug\UART_XB.o"
Deleting file ".\CortexM0\ARM_GCC_493\Debug\UART_XB_SPI_UART.o"
Deleting file ".\CortexM0\ARM_GCC_493\Debug\UART_XB_SPI_UART_INT.o"
Deleting file ".\CortexM0\ARM_GCC_493\Debug\UART_XB_PM.o"
Deleting file ".\CortexM0\ARM_GCC_493\Debug\UART_XB_UART.o"
Deleting file ".\CortexM0\ARM_GCC_493\Debug\UART_XB_BOOT.o"
Deleting file ".\CortexM0\ARM_GCC_493\Debug\UART_XB_UART_BOOT.o"
Deleting file ".\CortexM0\ARM_GCC_493\Debug\SW_UART_DEBUG_AsmGnu.o"
Deleting file ".\CortexM0\ARM_GCC_493\Debug\SW_UART_DEBUG.o"
Deleting file ".\CortexM0\ARM_GCC_493\Debug\UART_XB_SCBCLK.o"
Deleting file ".\CortexM0\ARM_GCC_493\Debug\UART_XB_tx.o"
Deleting file ".\CortexM0\ARM_GCC_493\Debug\UART_XB_tx_PM.o"
Deleting file ".\CortexM0\ARM_GCC_493\Debug\UART_XB_SCB_IRQ.o"
Deleting file ".\CortexM0\ARM_GCC_493\Debug\UART_XB_rx.o"
Deleting file ".\CortexM0\ARM_GCC_493\Debug\UART_XB_rx_PM.o"
Deleting file ".\CortexM0\ARM_GCC_493\Debug\Cm0Start.o"
Deleting file ".\CortexM0\ARM_GCC_493\Debug\CyBootAsmGnu.o"
Deleting file ".\CortexM0\ARM_GCC_493\Debug\CyFlash.o"
Deleting file ".\CortexM0\ARM_GCC_493\Debug\CyLib.o"
Deleting file ".\CortexM0\ARM_GCC_493\Debug\cyPm.o"
Deleting file ".\CortexM0\ARM_GCC_493\Debug\cyutils.o"
Deleting file ".\CortexM0\ARM_GCC_493\Debug\CyLFClk.o"
Deleting file ".\CortexM0\ARM_GCC_493\Debug\appDelay.o"
Deleting file ".\CortexM0\ARM_GCC_493\Debug\appDelay_PM.o"
Deleting file ".\CortexM0\ARM_GCC_493\Debug\netMaster_v0.map"
Deleting file ".\netMaster_v0.cycdx"
Deleting file ".\netMaster_v0.svd"
Deleting file ".\netMaster_v0.rpt"
Deleting file ".\netMaster_v0_timing.html"
Deleting file ".\CortexM0\ARM_GCC_493\Debug\.deps\C_FILE.P"
Deleting file ".\CortexM0\ARM_GCC_493\Debug\.deps\ARM_C_FILE.P"
Deleting file ".\CortexM0\ARM_GCC_493\Debug\.deps\GNU_ARM_ASM_FILE.P"
cydsfit.exe -.appdatapath "C:\Users\Petro\AppData\Local\Cypress Semiconductor\PSoC Creator\3.3" -.fdsnotice -.fdswarpdepfile=warp_dependencies.txt -.fdselabdepfile=elab_dependencies.txt -.fdsbldfile=generated_files.txt -p "D:\Cypress\system-start-finish\vesion 2\fw\finish\sandbox\v2\Network\netMaster_v0.cydsn\netMaster_v0.cyprj" -d CY8C4247LQI-BL483 -s "D:\Cypress\system-start-finish\vesion 2\fw\finish\sandbox\v2\Network\netMaster_v0.cydsn\Generated_Source\PSoC4" -- -yv2 -q10 -ygs -o2 -v3 -.fftcfgtype=LE
Elaborating Design...
HDL Generation ...
Synthesis ...
Place and Route ...
Tech mapping ...
Analog Placement ...
Analog Routing ...
Analog Code Generation ...
Digital Placement ...
Digital Routing ...
Bitstream Generation ...
Static timing analysis ...
Warning: sta.M0019: netMaster_v0_timing.html: Warning-1366: Setup time violation found in a path from clock ( CyHFCLK ) to clock ( CyHFCLK ). (File=D:\Cypress\system-start-finish\vesion 2\fw\finish\sandbox\v2\Network\netMaster_v0.cydsn\netMaster_v0_timing.html)
API Generation ...
Dependency Generation ...
Clean Temporary Files ...
arm-none-eabi-gcc.exe -mcpu=cortex-m0 -mthumb -Wno-main -I. -IGenerated_Source\PSoC4 -Wa,-alh=.\CortexM0\ARM_GCC_493\Debug/network.lst -g -D DEBUG -Wall -ffunction-sections -Og -ffat-lto-objects -c .\lib_Network\network.c -o .\CortexM0\ARM_GCC_493\Debug\network.o
.\lib_Network\network.c: In function 'AppDelay':
.\lib_Network\network.c:48:5: warning: format '%u' expects argument of type 'unsigned int', but argument 3 has type 'uint32_t' [-Wformat=]
     sprintf(buffer,"%u\n\r", (runTime));
     ^
.\lib_Network\network.c:48:5: warning: format '%u' expects argument of type 'unsigned int', but argument 3 has type 'uint32_t' [-Wformat=]
.\lib_Network\network.c: In function 'SendData':
.\lib_Network\network.c:58:9: warning: unused variable 'i' [-Wunused-variable]
     int i;
         ^
.\lib_Network\network.c:72:5: warning: 'result' is used uninitialized in this function [-Wuninitialized]
     return result;
     ^
.\lib_Network\network.c: In function 'AppDelay':
.\lib_Network\network.c:48:5: warning: 'runTime' may be used uninitialized in this function [-Wmaybe-uninitialized]
     sprintf(buffer,"%u\n\r", (runTime));
     ^
arm-none-eabi-gcc.exe -mcpu=cortex-m0 -mthumb -Wno-main -I. -IGenerated_Source\PSoC4 -Wa,-alh=.\CortexM0\ARM_GCC_493\Debug/svt.lst -g -D DEBUG -Wall -ffunction-sections -Og -ffat-lto-objects -c .\lib_Network\svt.c -o .\CortexM0\ARM_GCC_493\Debug\svt.o
.\lib_Network\svt.c: In function 'PackData':
.\lib_Network\svt.c:292:5: warning: format '%X' expects argument of type 'unsigned int', but argument 3 has type 'uint32_t' [-Wformat=]
     sprintf(szCheckSum, "%08X", _crc);
     ^
.\lib_Network\svt.c:292:5: warning: format '%X' expects argument of type 'unsigned int', but argument 3 has type 'uint32_t' [-Wformat=]
arm-none-eabi-gcc.exe -mcpu=cortex-m0 -mthumb -Wno-main -I. -IGenerated_Source\PSoC4 -Wa,-alh=.\CortexM0\ARM_GCC_493\Debug/crc32.lst -g -D DEBUG -Wall -ffunction-sections -Og -ffat-lto-objects -c .\lib_Network\crc32.c -o .\CortexM0\ARM_GCC_493\Debug\crc32.o
arm-none-eabi-gcc.exe -mcpu=cortex-m0 -mthumb -Wno-main -I. -IGenerated_Source\PSoC4 -Wa,-alh=.\CortexM0\ARM_GCC_493\Debug/main.lst -g -D DEBUG -Wall -ffunction-sections -Og -ffat-lto-objects -c .\main.c -o .\CortexM0\ARM_GCC_493\Debug\main.o
arm-none-eabi-gcc.exe -mcpu=cortex-m0 -mthumb -Wno-main -I. -IGenerated_Source\PSoC4 -Wa,-alh=.\CortexM0\ARM_GCC_493\Debug/cyfitter_cfg.lst -g -D DEBUG -Wall -ffunction-sections -Og -ffat-lto-objects -c .\Generated_Source\PSoC4\cyfitter_cfg.c -o .\CortexM0\ARM_GCC_493\Debug\cyfitter_cfg.o
arm-none-eabi-gcc.exe -mcpu=cortex-m0 -mthumb -Wno-main -I. -IGenerated_Source\PSoC4 -Wa,-alh=.\CortexM0\ARM_GCC_493\Debug/cymetadata.lst -g -D DEBUG -Wall -ffunction-sections -Og -ffat-lto-objects -c .\Generated_Source\PSoC4\cymetadata.c -o .\CortexM0\ARM_GCC_493\Debug\cymetadata.o
arm-none-eabi-gcc.exe -mcpu=cortex-m0 -mthumb -Wno-main -I. -IGenerated_Source\PSoC4 -Wa,-alh=.\CortexM0\ARM_GCC_493\Debug/UART_XB.lst -g -D DEBUG -Wall -ffunction-sections -Og -ffat-lto-objects -c .\Generated_Source\PSoC4\UART_XB.c -o .\CortexM0\ARM_GCC_493\Debug\UART_XB.o
arm-none-eabi-gcc.exe -mcpu=cortex-m0 -mthumb -Wno-main -I. -IGenerated_Source\PSoC4 -Wa,-alh=.\CortexM0\ARM_GCC_493\Debug/UART_XB_SPI_UART.lst -g -D DEBUG -Wall -ffunction-sections -Og -ffat-lto-objects -c .\Generated_Source\PSoC4\UART_XB_SPI_UART.c -o .\CortexM0\ARM_GCC_493\Debug\UART_XB_SPI_UART.o
arm-none-eabi-gcc.exe -mcpu=cortex-m0 -mthumb -Wno-main -I. -IGenerated_Source\PSoC4 -Wa,-alh=.\CortexM0\ARM_GCC_493\Debug/UART_XB_SPI_UART_INT.lst -g -D DEBUG -Wall -ffunction-sections -Og -ffat-lto-objects -c .\Generated_Source\PSoC4\UART_XB_SPI_UART_INT.c -o .\CortexM0\ARM_GCC_493\Debug\UART_XB_SPI_UART_INT.o
arm-none-eabi-gcc.exe -mcpu=cortex-m0 -mthumb -Wno-main -I. -IGenerated_Source\PSoC4 -Wa,-alh=.\CortexM0\ARM_GCC_493\Debug/UART_XB_PM.lst -g -D DEBUG -Wall -ffunction-sections -Og -ffat-lto-objects -c .\Generated_Source\PSoC4\UART_XB_PM.c -o .\CortexM0\ARM_GCC_493\Debug\UART_XB_PM.o
arm-none-eabi-gcc.exe -mcpu=cortex-m0 -mthumb -Wno-main -I. -IGenerated_Source\PSoC4 -Wa,-alh=.\CortexM0\ARM_GCC_493\Debug/UART_XB_UART.lst -g -D DEBUG -Wall -ffunction-sections -Og -ffat-lto-objects -c .\Generated_Source\PSoC4\UART_XB_UART.c -o .\CortexM0\ARM_GCC_493\Debug\UART_XB_UART.o
arm-none-eabi-gcc.exe -mcpu=cortex-m0 -mthumb -Wno-main -I. -IGenerated_Source\PSoC4 -Wa,-alh=.\CortexM0\ARM_GCC_493\Debug/UART_XB_BOOT.lst -g -D DEBUG -Wall -ffunction-sections -Og -ffat-lto-objects -c .\Generated_Source\PSoC4\UART_XB_BOOT.c -o .\CortexM0\ARM_GCC_493\Debug\UART_XB_BOOT.o
arm-none-eabi-gcc.exe -mcpu=cortex-m0 -mthumb -Wno-main -I. -IGenerated_Source\PSoC4 -Wa,-alh=.\CortexM0\ARM_GCC_493\Debug/UART_XB_UART_BOOT.lst -g -D DEBUG -Wall -ffunction-sections -Og -ffat-lto-objects -c .\Generated_Source\PSoC4\UART_XB_UART_BOOT.c -o .\CortexM0\ARM_GCC_493\Debug\UART_XB_UART_BOOT.o
arm-none-eabi-as.exe -mcpu=cortex-m0 -mthumb -I. -IGenerated_Source\PSoC4 -alh=.\CortexM0\ARM_GCC_493\Debug/SW_UART_DEBUG_AsmGnu.lst -g -W -o .\CortexM0\ARM_GCC_493\Debug\SW_UART_DEBUG_AsmGnu.o .\Generated_Source\PSoC4\SW_UART_DEBUG_AsmGnu.s
arm-none-eabi-gcc.exe -mcpu=cortex-m0 -mthumb -Wno-main -I. -IGenerated_Source\PSoC4 -Wa,-alh=.\CortexM0\ARM_GCC_493\Debug/SW_UART_DEBUG.lst -g -D DEBUG -Wall -ffunction-sections -Og -ffat-lto-objects -c .\Generated_Source\PSoC4\SW_UART_DEBUG.c -o .\CortexM0\ARM_GCC_493\Debug\SW_UART_DEBUG.o
arm-none-eabi-gcc.exe -mcpu=cortex-m0 -mthumb -Wno-main -I. -IGenerated_Source\PSoC4 -Wa,-alh=.\CortexM0\ARM_GCC_493\Debug/UART_XB_SCBCLK.lst -g -D DEBUG -Wall -ffunction-sections -Og -ffat-lto-objects -c .\Generated_Source\PSoC4\UART_XB_SCBCLK.c -o .\CortexM0\ARM_GCC_493\Debug\UART_XB_SCBCLK.o
arm-none-eabi-gcc.exe -mcpu=cortex-m0 -mthumb -Wno-main -I. -IGenerated_Source\PSoC4 -Wa,-alh=.\CortexM0\ARM_GCC_493\Debug/UART_XB_tx.lst -g -D DEBUG -Wall -ffunction-sections -Og -ffat-lto-objects -c .\Generated_Source\PSoC4\UART_XB_tx.c -o .\CortexM0\ARM_GCC_493\Debug\UART_XB_tx.o
arm-none-eabi-gcc.exe -mcpu=cortex-m0 -mthumb -Wno-main -I. -IGenerated_Source\PSoC4 -Wa,-alh=.\CortexM0\ARM_GCC_493\Debug/UART_XB_tx_PM.lst -g -D DEBUG -Wall -ffunction-sections -Og -ffat-lto-objects -c .\Generated_Source\PSoC4\UART_XB_tx_PM.c -o .\CortexM0\ARM_GCC_493\Debug\UART_XB_tx_PM.o
arm-none-eabi-gcc.exe -mcpu=cortex-m0 -mthumb -Wno-main -I. -IGenerated_Source\PSoC4 -Wa,-alh=.\CortexM0\ARM_GCC_493\Debug/UART_XB_SCB_IRQ.lst -g -D DEBUG -Wall -ffunction-sections -Og -ffat-lto-objects -c .\Generated_Source\PSoC4\UART_XB_SCB_IRQ.c -o .\CortexM0\ARM_GCC_493\Debug\UART_XB_SCB_IRQ.o
arm-none-eabi-gcc.exe -mcpu=cortex-m0 -mthumb -Wno-main -I. -IGenerated_Source\PSoC4 -Wa,-alh=.\CortexM0\ARM_GCC_493\Debug/UART_XB_rx.lst -g -D DEBUG -Wall -ffunction-sections -Og -ffat-lto-objects -c .\Generated_Source\PSoC4\UART_XB_rx.c -o .\CortexM0\ARM_GCC_493\Debug\UART_XB_rx.o
arm-none-eabi-gcc.exe -mcpu=cortex-m0 -mthumb -Wno-main -I. -IGenerated_Source\PSoC4 -Wa,-alh=.\CortexM0\ARM_GCC_493\Debug/UART_XB_rx_PM.lst -g -D DEBUG -Wall -ffunction-sections -Og -ffat-lto-objects -c .\Generated_Source\PSoC4\UART_XB_rx_PM.c -o .\CortexM0\ARM_GCC_493\Debug\UART_XB_rx_PM.o
arm-none-eabi-gcc.exe -mcpu=cortex-m0 -mthumb -Wno-main -I. -IGenerated_Source\PSoC4 -Wa,-alh=.\CortexM0\ARM_GCC_493\Debug/Cm0Start.lst -g -D DEBUG -Wall -ffunction-sections -Og -ffat-lto-objects -c .\Generated_Source\PSoC4\Cm0Start.c -o .\CortexM0\ARM_GCC_493\Debug\Cm0Start.o
arm-none-eabi-as.exe -mcpu=cortex-m0 -mthumb -I. -IGenerated_Source\PSoC4 -alh=.\CortexM0\ARM_GCC_493\Debug/CyBootAsmGnu.lst -g -W -o .\CortexM0\ARM_GCC_493\Debug\CyBootAsmGnu.o .\Generated_Source\PSoC4\CyBootAsmGnu.s
arm-none-eabi-gcc.exe -mcpu=cortex-m0 -mthumb -Wno-main -I. -IGenerated_Source\PSoC4 -Wa,-alh=.\CortexM0\ARM_GCC_493\Debug/CyFlash.lst -g -D DEBUG -Wall -ffunction-sections -Og -ffat-lto-objects -c .\Generated_Source\PSoC4\CyFlash.c -o .\CortexM0\ARM_GCC_493\Debug\CyFlash.o
arm-none-eabi-gcc.exe -mcpu=cortex-m0 -mthumb -Wno-main -I. -IGenerated_Source\PSoC4 -Wa,-alh=.\CortexM0\ARM_GCC_493\Debug/CyLib.lst -g -D DEBUG -Wall -ffunction-sections -Og -ffat-lto-objects -c .\Generated_Source\PSoC4\CyLib.c -o .\CortexM0\ARM_GCC_493\Debug\CyLib.o
arm-none-eabi-gcc.exe -mcpu=cortex-m0 -mthumb -Wno-main -I. -IGenerated_Source\PSoC4 -Wa,-alh=.\CortexM0\ARM_GCC_493\Debug/cyPm.lst -g -D DEBUG -Wall -ffunction-sections -Og -ffat-lto-objects -c .\Generated_Source\PSoC4\cyPm.c -o .\CortexM0\ARM_GCC_493\Debug\cyPm.o
arm-none-eabi-gcc.exe -mcpu=cortex-m0 -mthumb -Wno-main -I. -IGenerated_Source\PSoC4 -Wa,-alh=.\CortexM0\ARM_GCC_493\Debug/cyutils.lst -g -D DEBUG -Wall -ffunction-sections -Og -ffat-lto-objects -c .\Generated_Source\PSoC4\cyutils.c -o .\CortexM0\ARM_GCC_493\Debug\cyutils.o
arm-none-eabi-gcc.exe -mcpu=cortex-m0 -mthumb -Wno-main -I. -IGenerated_Source\PSoC4 -Wa,-alh=.\CortexM0\ARM_GCC_493\Debug/CyLFClk.lst -g -D DEBUG -Wall -ffunction-sections -Og -ffat-lto-objects -c .\Generated_Source\PSoC4\CyLFClk.c -o .\CortexM0\ARM_GCC_493\Debug\CyLFClk.o
arm-none-eabi-gcc.exe -mcpu=cortex-m0 -mthumb -Wno-main -I. -IGenerated_Source\PSoC4 -Wa,-alh=.\CortexM0\ARM_GCC_493\Debug/appDelay.lst -g -D DEBUG -Wall -ffunction-sections -Og -ffat-lto-objects -c .\Generated_Source\PSoC4\appDelay.c -o .\CortexM0\ARM_GCC_493\Debug\appDelay.o
arm-none-eabi-gcc.exe -mcpu=cortex-m0 -mthumb -Wno-main -I. -IGenerated_Source\PSoC4 -Wa,-alh=.\CortexM0\ARM_GCC_493\Debug/appDelay_PM.lst -g -D DEBUG -Wall -ffunction-sections -Og -ffat-lto-objects -c .\Generated_Source\PSoC4\appDelay_PM.c -o .\CortexM0\ARM_GCC_493\Debug\appDelay_PM.o
arm-none-eabi-ar.exe -rs .\CortexM0\ARM_GCC_493\Debug\netMaster_v0.a .\CortexM0\ARM_GCC_493\Debug\cyfitter_cfg.o .\CortexM0\ARM_GCC_493\Debug\UART_XB.o .\CortexM0\ARM_GCC_493\Debug\UART_XB_SPI_UART.o .\CortexM0\ARM_GCC_493\Debug\UART_XB_SPI_UART_INT.o .\CortexM0\ARM_GCC_493\Debug\UART_XB_PM.o .\CortexM0\ARM_GCC_493\Debug\UART_XB_UART.o .\CortexM0\ARM_GCC_493\Debug\UART_XB_BOOT.o .\CortexM0\ARM_GCC_493\Debug\UART_XB_UART_BOOT.o .\CortexM0\ARM_GCC_493\Debug\SW_UART_DEBUG_AsmGnu.o .\CortexM0\ARM_GCC_493\Debug\SW_UART_DEBUG.o .\CortexM0\ARM_GCC_493\Debug\UART_XB_SCBCLK.o .\CortexM0\ARM_GCC_493\Debug\UART_XB_tx.o .\CortexM0\ARM_GCC_493\Debug\UART_XB_tx_PM.o .\CortexM0\ARM_GCC_493\Debug\UART_XB_SCB_IRQ.o .\CortexM0\ARM_GCC_493\Debug\UART_XB_rx.o .\CortexM0\ARM_GCC_493\Debug\UART_XB_rx_PM.o .\CortexM0\ARM_GCC_493\Debug\CyBootAsmGnu.o .\CortexM0\ARM_GCC_493\Debug\CyFlash.o .\CortexM0\ARM_GCC_493\Debug\CyLib.o .\CortexM0\ARM_GCC_493\Debug\cyPm.o .\CortexM0\ARM_GCC_493\Debug\cyutils.o .\CortexM0\ARM_GCC_493\Debug\CyLFClk.o .\CortexM0\ARM_GCC_493\Debug\appDelay.o .\CortexM0\ARM_GCC_493\Debug\appDelay_PM.o
arm-none-eabi-ar.exe: creating .\CortexM0\ARM_GCC_493\Debug\netMaster_v0.a
arm-none-eabi-gcc.exe -Wl,--start-group -o .\CortexM0\ARM_GCC_493\Debug\netMaster_v0.elf .\CortexM0\ARM_GCC_493\Debug\network.o .\CortexM0\ARM_GCC_493\Debug\svt.o .\CortexM0\ARM_GCC_493\Debug\crc32.o .\CortexM0\ARM_GCC_493\Debug\main.o .\CortexM0\ARM_GCC_493\Debug\cymetadata.o .\CortexM0\ARM_GCC_493\Debug\Cm0Start.o .\CortexM0\ARM_GCC_493\Debug\netMaster_v0.a "C:\Program Files (x86)\Cypress\PSoC Creator\3.3\PSoC Creator\psoc\content\cycomponentlibrary\CyComponentLibrary.cylib\CortexM0\ARM_GCC_493\Debug\CyComponentLibrary.a" -mcpu=cortex-m0 -mthumb -g -ffunction-sections -Og -ffat-lto-objects -L Generated_Source\PSoC4 -Wl,-Map,.\CortexM0\ARM_GCC_493\Debug/netMaster_v0.map -T Generated_Source\PSoC4\cm0gcc.ld -specs=nano.specs -Wl,--gc-sections -Wl,--end-group
cyelftool.exe -C "D:\Cypress\system-start-finish\vesion 2\fw\finish\sandbox\v2\Network\netMaster_v0.cydsn\CortexM0\ARM_GCC_493\Debug\netMaster_v0.elf" --flash_row_size 128 --flash_size 131072
cyelftool.exe -S "D:\Cypress\system-start-finish\vesion 2\fw\finish\sandbox\v2\Network\netMaster_v0.cydsn\CortexM0\ARM_GCC_493\Debug\netMaster_v0.elf"
Flash used: 11392 of 131072 bytes (8,7%).
SRAM used: 3772 of 16384 bytes (23,0%). Stack: 2048 bytes. Heap: 128 bytes.
--------------- Rebuild Succeeded: 08/03/2016 14:07:50 ---------------
