ARM GAS  C:\Users\Petro\AppData\Local\Temp\ccr1oEfb.s 			page 1


   1              		.cpu cortex-m0
   2              		.fpu softvfp
   3              		.eabi_attribute 20, 1
   4              		.eabi_attribute 21, 1
   5              		.eabi_attribute 23, 3
   6              		.eabi_attribute 24, 1
   7              		.eabi_attribute 25, 1
   8              		.eabi_attribute 26, 1
   9              		.eabi_attribute 30, 1
  10              		.eabi_attribute 34, 0
  11              		.eabi_attribute 18, 4
  12              		.code	16
  13              		.file	"main.c"
  14              		.text
  15              	.Ltext0:
  16              		.cfi_sections	.debug_frame
  17              		.section	.text.finishHandler,"ax",%progbits
  18              		.align	2
  19              		.global	finishHandler
  20              		.code	16
  21              		.thumb_func
  22              		.type	finishHandler, %function
  23              	finishHandler:
  24              	.LFB34:
  25              		.file 1 ".\\main.c"
   1:.\main.c      **** #include <project.h>
   2:.\main.c      **** #include <stdio.h>          //include for sprintf()
   3:.\main.c      **** #include <string.h>         //include for memset()
   4:.\main.c      **** #define MAXSKIER 9          //max skier in distance
   5:.\main.c      **** 
   6:.\main.c      **** void show_time(int number_skier);       //out time
   7:.\main.c      **** void led_indication(void);  
   8:.\main.c      **** 
   9:.\main.c      **** typedef enum {false, true} bool;
  10:.\main.c      **** struct time{            //struct for saved time
  11:.\main.c      ****     uint16_t hour;
  12:.\main.c      ****     uint16_t min;
  13:.\main.c      ****     uint16_t sec;
  14:.\main.c      ****     uint16_t msec;
  15:.\main.c      **** };
  16:.\main.c      **** 
  17:.\main.c      **** struct time first[9] = {0,0,0,0};  //hh.mm.ss.uuu  array struct
  18:.\main.c      **** bool crossFin = false;      //flag cross the finish
  19:.\main.c      **** bool runStopwach = false;     //flag run stopwatch
  20:.\main.c      **** bool writeStatus = false;
  21:.\main.c      **** int skier = 0;
  22:.\main.c      **** char lastPressed;       //for read number skiers for add or delet
  23:.\main.c      **** int write_time;         //number skiers should display
  24:.\main.c      **** 
  25:.\main.c      **** 
  26:.\main.c      **** CY_ISR(finishHandler)
  27:.\main.c      **** {
  26              		.loc 1 27 0
  27              		.cfi_startproc
  28 0000 08B5     		push	{r3, lr}
  29              		.cfi_def_cfa_offset 8
  30              		.cfi_offset 3, -8
ARM GAS  C:\Users\Petro\AppData\Local\Temp\ccr1oEfb.s 			page 2


  31              		.cfi_offset 14, -4
  28:.\main.c      ****     crossFin = true;
  32              		.loc 1 28 0
  33 0002 094B     		ldr	r3, .L4
  34 0004 0122     		mov	r2, #1
  35 0006 1A70     		strb	r2, [r3]
  29:.\main.c      ****     
  30:.\main.c      ****     if(skier)skier--;
  36              		.loc 1 30 0
  37 0008 5B68     		ldr	r3, [r3, #4]
  38 000a 002B     		cmp	r3, #0
  39 000c 02D0     		beq	.L2
  40              		.loc 1 30 0 is_stmt 0 discriminator 1
  41 000e 013B     		sub	r3, r3, #1
  42 0010 054A     		ldr	r2, .L4
  43 0012 5360     		str	r3, [r2, #4]
  44              	.L2:
  31:.\main.c      ****     if(!skier) runStopwach = false;     //stop stopwath
  45              		.loc 1 31 0 is_stmt 1
  46 0014 044B     		ldr	r3, .L4
  47 0016 5B68     		ldr	r3, [r3, #4]
  48 0018 002B     		cmp	r3, #0
  49 001a 02D1     		bne	.L3
  50              		.loc 1 31 0 is_stmt 0 discriminator 1
  51 001c 0022     		mov	r2, #0
  52 001e 024B     		ldr	r3, .L4
  53 0020 1A72     		strb	r2, [r3, #8]
  54              	.L3:
  32:.\main.c      ****     
  33:.\main.c      ****     finish_ClearInterrupt();
  55              		.loc 1 33 0 is_stmt 1
  56 0022 FFF7FEFF 		bl	finish_ClearInterrupt
  57              	.LVL0:
  34:.\main.c      **** }
  58              		.loc 1 34 0
  59              		@ sp needed
  60 0026 08BD     		pop	{r3, pc}
  61              	.L5:
  62              		.align	2
  63              	.L4:
  64 0028 00000000 		.word	.LANCHOR0
  65              		.cfi_endproc
  66              	.LFE34:
  67              		.size	finishHandler, .-finishHandler
  68              		.section	.text.timerHandler,"ax",%progbits
  69              		.align	2
  70              		.global	timerHandler
  71              		.code	16
  72              		.thumb_func
  73              		.type	timerHandler, %function
  74              	timerHandler:
  75              	.LFB35:
  35:.\main.c      **** 
  36:.\main.c      **** CY_ISR(timerHandler)
  37:.\main.c      **** {
  76              		.loc 1 37 0
  77              		.cfi_startproc
ARM GAS  C:\Users\Petro\AppData\Local\Temp\ccr1oEfb.s 			page 3


  78 0000 08B5     		push	{r3, lr}
  79              		.cfi_def_cfa_offset 8
  80              		.cfi_offset 3, -8
  81              		.cfi_offset 14, -4
  38:.\main.c      ****     if(runStopwach){        //if run stopwach, timer start
  82              		.loc 1 38 0
  83 0002 144B     		ldr	r3, .L9
  84 0004 1B7A     		ldrb	r3, [r3, #8]
  85 0006 002B     		cmp	r3, #0
  86 0008 1FD0     		beq	.L7
  39:.\main.c      ****         if (++first[1].sec==59){
  87              		.loc 1 39 0
  88 000a 124A     		ldr	r2, .L9
  89 000c 138B     		ldrh	r3, [r2, #24]
  90 000e 0133     		add	r3, r3, #1
  91 0010 9BB2     		uxth	r3, r3
  92 0012 1383     		strh	r3, [r2, #24]
  93 0014 3B2B     		cmp	r3, #59
  94 0016 12D1     		bne	.L8
  40:.\main.c      ****             first[1].sec = 0;   
  95              		.loc 1 40 0
  96 0018 0023     		mov	r3, #0
  97 001a 1383     		strh	r3, [r2, #24]
  41:.\main.c      ****             if (++first[1].min==59){
  98              		.loc 1 41 0
  99 001c D38A     		ldrh	r3, [r2, #22]
 100 001e 0133     		add	r3, r3, #1
 101 0020 9BB2     		uxth	r3, r3
 102 0022 D382     		strh	r3, [r2, #22]
 103 0024 3B2B     		cmp	r3, #59
 104 0026 0AD1     		bne	.L8
  42:.\main.c      ****                 first[1].min = 0;    
 105              		.loc 1 42 0
 106 0028 0023     		mov	r3, #0
 107 002a D382     		strh	r3, [r2, #22]
  43:.\main.c      ****                 if (++first[1].hour==24) 
 108              		.loc 1 43 0
 109 002c 938A     		ldrh	r3, [r2, #20]
 110 002e 0133     		add	r3, r3, #1
 111 0030 9BB2     		uxth	r3, r3
 112 0032 9382     		strh	r3, [r2, #20]
 113 0034 182B     		cmp	r3, #24
 114 0036 02D1     		bne	.L8
  44:.\main.c      ****                     first[1].hour = 0;   
 115              		.loc 1 44 0
 116 0038 0022     		mov	r2, #0
 117 003a 064B     		ldr	r3, .L9
 118 003c 9A82     		strh	r2, [r3, #20]
 119              	.L8:
  45:.\main.c      ****             }  
  46:.\main.c      ****         }
  47:.\main.c      ****         led_green_Write(0);
 120              		.loc 1 47 0
 121 003e 0020     		mov	r0, #0
 122 0040 FFF7FEFF 		bl	led_green_Write
 123              	.LVL1:
  48:.\main.c      ****         CyDelay(5);
ARM GAS  C:\Users\Petro\AppData\Local\Temp\ccr1oEfb.s 			page 4


 124              		.loc 1 48 0
 125 0044 0520     		mov	r0, #5
 126 0046 FFF7FEFF 		bl	CyDelay
 127              	.LVL2:
 128              	.L7:
  49:.\main.c      ****     }
  50:.\main.c      ****     
  51:.\main.c      ****     timer_ClearInterrupt(timer_INTR_MASK_CC_MATCH); //delet interrupt timer
 129              		.loc 1 51 0
 130 004a 0220     		mov	r0, #2
 131 004c FFF7FEFF 		bl	timer_ClearInterrupt
 132              	.LVL3:
  52:.\main.c      **** }
 133              		.loc 1 52 0
 134              		@ sp needed
 135 0050 08BD     		pop	{r3, pc}
 136              	.L10:
 137 0052 C046     		.align	2
 138              	.L9:
 139 0054 00000000 		.word	.LANCHOR0
 140              		.cfi_endproc
 141              	.LFE35:
 142              		.size	timerHandler, .-timerHandler
 143              		.section	.text.xbeeHandler,"ax",%progbits
 144              		.align	2
 145              		.global	xbeeHandler
 146              		.code	16
 147              		.thumb_func
 148              		.type	xbeeHandler, %function
 149              	xbeeHandler:
 150              	.LFB36:
  53:.\main.c      **** 
  54:.\main.c      **** CY_ISR(xbeeHandler)
  55:.\main.c      **** {
 151              		.loc 1 55 0
 152              		.cfi_startproc
 153 0000 10B5     		push	{r4, lr}
 154              		.cfi_def_cfa_offset 8
 155              		.cfi_offset 4, -8
 156              		.cfi_offset 14, -4
  56:.\main.c      ****     char input = xbee_GetChar();
 157              		.loc 1 56 0
 158 0002 FFF7FEFF 		bl	xbee_GetChar
 159              	.LVL4:
 160 0006 041E     		sub	r4, r0, #0
 161              	.LVL5:
  57:.\main.c      ****     
  58:.\main.c      ****     switch (input){
 162              		.loc 1 58 0
 163 0008 722C     		cmp	r4, #114
 164 000a 2ED0     		beq	.L13
 165 000c 7328     		cmp	r0, #115
 166 000e 02D0     		beq	.L14
 167 0010 6328     		cmp	r0, #99
 168 0012 0FD1     		bne	.L18
 169 0014 06E0     		b	.L15
 170              	.L14:
ARM GAS  C:\Users\Petro\AppData\Local\Temp\ccr1oEfb.s 			page 5


  59:.\main.c      ****         case 's':       //xbee recived start
  60:.\main.c      ****             first[1].msec = timer_ReadCounter();
 171              		.loc 1 60 0
 172 0016 FFF7FEFF 		bl	timer_ReadCounter
 173              	.LVL6:
 174 001a 154B     		ldr	r3, .L19
 175 001c 5883     		strh	r0, [r3, #26]
  61:.\main.c      ****             runStopwach = true;
 176              		.loc 1 61 0
 177 001e 0122     		mov	r2, #1
 178 0020 1A72     		strb	r2, [r3, #8]
  62:.\main.c      ****             break;
 179              		.loc 1 62 0
 180 0022 22E0     		b	.L13
 181              	.LVL7:
 182              	.L15:
  63:.\main.c      ****         case 'c':       //xbee resived cancel
  64:.\main.c      ****             if(!skier)runStopwach = false;
 183              		.loc 1 64 0
 184 0024 124B     		ldr	r3, .L19
 185 0026 5B68     		ldr	r3, [r3, #4]
 186 0028 002B     		cmp	r3, #0
 187 002a 1ED1     		bne	.L13
 188              		.loc 1 64 0 is_stmt 0 discriminator 1
 189 002c 0022     		mov	r2, #0
 190 002e 104B     		ldr	r3, .L19
 191 0030 1A72     		strb	r2, [r3, #8]
 192 0032 1AE0     		b	.L13
 193              	.L18:
  65:.\main.c      ****             break;
  66:.\main.c      ****         case 'r':
  67:.\main.c      ****             break;
  68:.\main.c      ****         default:
  69:.\main.c      ****             if(lastPressed == 's')skier = input-'0';    //write number skier add distance
 194              		.loc 1 69 0 is_stmt 1
 195 0034 0F4B     		ldr	r3, .L19+4
 196 0036 1B78     		ldrb	r3, [r3]
 197 0038 732B     		cmp	r3, #115
 198 003a 03D1     		bne	.L16
 199              		.loc 1 69 0 is_stmt 0 discriminator 1
 200 003c 0C49     		ldr	r1, .L19
 201 003e 021C     		mov	r2, r0
 202 0040 303A     		sub	r2, r2, #48
 203 0042 4A60     		str	r2, [r1, #4]
 204              	.L16:
  70:.\main.c      ****             if(lastPressed == 'c')            //delet number skier
 205              		.loc 1 70 0 is_stmt 1
 206 0044 632B     		cmp	r3, #99
 207 0046 06D1     		bne	.L17
  71:.\main.c      ****                     if(skier)skier--;
 208              		.loc 1 71 0
 209 0048 094A     		ldr	r2, .L19
 210 004a 5268     		ldr	r2, [r2, #4]
 211 004c 002A     		cmp	r2, #0
 212 004e 02D0     		beq	.L17
 213              		.loc 1 71 0 is_stmt 0 discriminator 1
 214 0050 013A     		sub	r2, r2, #1
ARM GAS  C:\Users\Petro\AppData\Local\Temp\ccr1oEfb.s 			page 6


 215 0052 0749     		ldr	r1, .L19
 216 0054 4A60     		str	r2, [r1, #4]
 217              	.L17:
  72:.\main.c      ****             if(lastPressed == 'r') {
 218              		.loc 1 72 0 is_stmt 1
 219 0056 722B     		cmp	r3, #114
 220 0058 07D1     		bne	.L13
  73:.\main.c      ****                 write_time = (input-'0');      //out time skier
 221              		.loc 1 73 0
 222 005a 074A     		ldr	r2, .L19+8
 223 005c 231C     		mov	r3, r4
 224 005e 303B     		sub	r3, r3, #48
 225 0060 1360     		str	r3, [r2]
  74:.\main.c      ****                 writeStatus = true;
 226              		.loc 1 74 0
 227 0062 0121     		mov	r1, #1
 228 0064 5423     		mov	r3, #84
 229 0066 024A     		ldr	r2, .L19
 230 0068 D154     		strb	r1, [r2, r3]
 231              	.LVL8:
 232              	.L13:
  75:.\main.c      ****             }
  76:.\main.c      ****             break;       
  77:.\main.c      ****     }
  78:.\main.c      ****     lastPressed = input;
 233              		.loc 1 78 0
 234 006a 024B     		ldr	r3, .L19+4
 235 006c 1C70     		strb	r4, [r3]
  79:.\main.c      **** }
 236              		.loc 1 79 0
 237              		@ sp needed
 238 006e 10BD     		pop	{r4, pc}
 239              	.L20:
 240              		.align	2
 241              	.L19:
 242 0070 00000000 		.word	.LANCHOR0
 243 0074 00000000 		.word	lastPressed
 244 0078 00000000 		.word	write_time
 245              		.cfi_endproc
 246              	.LFE36:
 247              		.size	xbeeHandler, .-xbeeHandler
 248              		.section	.text.show_time,"ax",%progbits
 249              		.align	2
 250              		.global	show_time
 251              		.code	16
 252              		.thumb_func
 253              		.type	show_time, %function
 254              	show_time:
 255              	.LFB38:
  80:.\main.c      **** 
  81:.\main.c      **** 
  82:.\main.c      **** int main()
  83:.\main.c      **** {
  84:.\main.c      ****     CyGlobalIntEnable; /* Enable global interrupts. */
  85:.\main.c      ****     timer_Start();
  86:.\main.c      ****     xbee_Start();
  87:.\main.c      **** 
ARM GAS  C:\Users\Petro\AppData\Local\Temp\ccr1oEfb.s 			page 7


  88:.\main.c      ****     isr_finish_StartEx(finishHandler);      //interrupt for button finish
  89:.\main.c      ****     isr_timer_StartEx(timerHandler);        //interrupt for counter timer 
  90:.\main.c      ****     isr_xbee_StartEx(xbeeHandler);          //interrupt for input simbol from xbee
  91:.\main.c      ****     
  92:.\main.c      ****     for(;;)
  93:.\main.c      ****     {
  94:.\main.c      ****         led_indication();   //blink led (period - 1s)
  95:.\main.c      ****         if(writeStatus)show_time(write_time);
  96:.\main.c      ****         //if(!runStopwach)memset(&first,0,sizeof(first));     //reset struct first
  97:.\main.c      ****     }
  98:.\main.c      **** }
  99:.\main.c      **** 
 100:.\main.c      **** 
 101:.\main.c      **** void show_time(int num)
 102:.\main.c      **** {
 256              		.loc 1 102 0
 257              		.cfi_startproc
 258              	.LVL9:
 259 0000 10B5     		push	{r4, lr}
 260              		.cfi_def_cfa_offset 8
 261              		.cfi_offset 4, -8
 262              		.cfi_offset 14, -4
 263 0002 86B0     		sub	sp, sp, #24
 264              		.cfi_def_cfa_offset 32
 103:.\main.c      ****     char buffer[16];    ////buffer for two rows
 104:.\main.c      ****     
 105:.\main.c      ****     sprintf(buffer, "%d:%d:%d:%d\n\r",first[num].hour, first[num].min, first[num].sec ,first[num].m
 265              		.loc 1 105 0
 266 0004 0C4C     		ldr	r4, .L22
 267 0006 C000     		lsl	r0, r0, #3
 268              	.LVL10:
 269 0008 2018     		add	r0, r4, r0
 270 000a 011C     		mov	r1, r0
 271 000c 8289     		ldrh	r2, [r0, #12]
 272 000e C389     		ldrh	r3, [r0, #14]
 273 0010 008A     		ldrh	r0, [r0, #16]
 274 0012 0C31     		add	r1, r1, #12
 275 0014 C988     		ldrh	r1, [r1, #6]
 276 0016 0090     		str	r0, [sp]
 277 0018 0191     		str	r1, [sp, #4]
 278 001a 02A8     		add	r0, sp, #8
 279 001c 0749     		ldr	r1, .L22+4
 280 001e FFF7FEFF 		bl	sprintf
 281              	.LVL11:
 106:.\main.c      ****     xbee_PutString(buffer);
 282              		.loc 1 106 0
 283 0022 02A8     		add	r0, sp, #8
 284 0024 FFF7FEFF 		bl	xbee_PutString
 285              	.LVL12:
 107:.\main.c      ****     CyDelay(100);
 286              		.loc 1 107 0
 287 0028 6420     		mov	r0, #100
 288 002a FFF7FEFF 		bl	CyDelay
 289              	.LVL13:
 108:.\main.c      ****     writeStatus = false;
 290              		.loc 1 108 0
 291 002e 0022     		mov	r2, #0
ARM GAS  C:\Users\Petro\AppData\Local\Temp\ccr1oEfb.s 			page 8


 292 0030 5423     		mov	r3, #84
 293 0032 E254     		strb	r2, [r4, r3]
 109:.\main.c      **** }
 294              		.loc 1 109 0
 295 0034 06B0     		add	sp, sp, #24
 296              		@ sp needed
 297 0036 10BD     		pop	{r4, pc}
 298              	.L23:
 299              		.align	2
 300              	.L22:
 301 0038 00000000 		.word	.LANCHOR0
 302 003c 00000000 		.word	.LC6
 303              		.cfi_endproc
 304              	.LFE38:
 305              		.size	show_time, .-show_time
 306              		.section	.text.led_indication,"ax",%progbits
 307              		.align	2
 308              		.global	led_indication
 309              		.code	16
 310              		.thumb_func
 311              		.type	led_indication, %function
 312              	led_indication:
 313              	.LFB39:
 110:.\main.c      **** 
 111:.\main.c      **** void led_indication()
 112:.\main.c      **** {
 314              		.loc 1 112 0
 315              		.cfi_startproc
 316 0000 08B5     		push	{r3, lr}
 317              		.cfi_def_cfa_offset 8
 318              		.cfi_offset 3, -8
 319              		.cfi_offset 14, -4
 113:.\main.c      ****     led_green_Write(1);     //off led(on in interrupt in timer)
 320              		.loc 1 113 0
 321 0002 0120     		mov	r0, #1
 322 0004 FFF7FEFF 		bl	led_green_Write
 323              	.LVL14:
 114:.\main.c      **** }...
 324              		.loc 1 114 0
 325              		@ sp needed
 326 0008 08BD     		pop	{r3, pc}
 327              		.cfi_endproc
 328              	.LFE39:
 329              		.size	led_indication, .-led_indication
 330 000a C046     		.section	.text.main,"ax",%progbits
 331              		.align	2
 332              		.global	main
 333              		.code	16
 334              		.thumb_func
 335              		.type	main, %function
 336              	main:
 337              	.LFB37:
  83:.\main.c      **** {
 338              		.loc 1 83 0
 339              		.cfi_startproc
 340 0000 08B5     		push	{r3, lr}
 341              		.cfi_def_cfa_offset 8
ARM GAS  C:\Users\Petro\AppData\Local\Temp\ccr1oEfb.s 			page 9


 342              		.cfi_offset 3, -8
 343              		.cfi_offset 14, -4
  84:.\main.c      ****     CyGlobalIntEnable; /* Enable global interrupts. */
 344              		.loc 1 84 0
 345              	@ 84 ".\main.c" 1
 346 0002 62B6     		CPSIE   i
 347              	@ 0 "" 2
  85:.\main.c      ****     timer_Start();
 348              		.loc 1 85 0
 349              		.code	16
 350 0004 FFF7FEFF 		bl	timer_Start
 351              	.LVL15:
  86:.\main.c      ****     xbee_Start();
 352              		.loc 1 86 0
 353 0008 FFF7FEFF 		bl	xbee_Start
 354              	.LVL16:
  88:.\main.c      ****     isr_finish_StartEx(finishHandler);      //interrupt for button finish
 355              		.loc 1 88 0
 356 000c 0A48     		ldr	r0, .L28
 357 000e FFF7FEFF 		bl	isr_finish_StartEx
 358              	.LVL17:
  89:.\main.c      ****     isr_timer_StartEx(timerHandler);        //interrupt for counter timer 
 359              		.loc 1 89 0
 360 0012 0A48     		ldr	r0, .L28+4
 361 0014 FFF7FEFF 		bl	isr_timer_StartEx
 362              	.LVL18:
  90:.\main.c      ****     isr_xbee_StartEx(xbeeHandler);          //interrupt for input simbol from xbee
 363              		.loc 1 90 0
 364 0018 0948     		ldr	r0, .L28+8
 365 001a FFF7FEFF 		bl	isr_xbee_StartEx
 366              	.LVL19:
 367              	.L26:
  94:.\main.c      ****         led_indication();   //blink led (period - 1s)
 368              		.loc 1 94 0
 369 001e FFF7FEFF 		bl	led_indication
 370              	.LVL20:
  95:.\main.c      ****         if(writeStatus)show_time(write_time);
 371              		.loc 1 95 0
 372 0022 5423     		mov	r3, #84
 373 0024 074A     		ldr	r2, .L28+12
 374 0026 D35C     		ldrb	r3, [r2, r3]
 375 0028 002B     		cmp	r3, #0
 376 002a F8D0     		beq	.L26
  95:.\main.c      ****         if(writeStatus)show_time(write_time);
 377              		.loc 1 95 0 is_stmt 0 discriminator 1
 378 002c 064B     		ldr	r3, .L28+16
 379 002e 1868     		ldr	r0, [r3]
 380 0030 FFF7FEFF 		bl	show_time
 381              	.LVL21:
 382 0034 F3E7     		b	.L26
 383              	.L29:
 384 0036 C046     		.align	2
 385              	.L28:
 386 0038 00000000 		.word	finishHandler
 387 003c 00000000 		.word	timerHandler
 388 0040 00000000 		.word	xbeeHandler
 389 0044 00000000 		.word	.LANCHOR0
ARM GAS  C:\Users\Petro\AppData\Local\Temp\ccr1oEfb.s 			page 10


 390 0048 00000000 		.word	write_time
 391              		.cfi_endproc
 392              	.LFE37:
 393              		.size	main, .-main
 394              		.comm	write_time,4,4
 395              		.comm	lastPressed,1,1
 396              		.global	skier
 397              		.global	writeStatus
 398              		.global	runStopwach
 399              		.global	crossFin
 400              		.global	first
 401              		.section	.rodata.str1.4,"aMS",%progbits,1
 402              		.align	2
 403              	.LC6:
 404 0000 25643A25 		.ascii	"%d:%d:%d:%d\012\015\000"
 404      643A2564 
 404      3A25640A 
 404      0D00
 405 000e 0000     		.bss
 406              		.align	2
 407              		.set	.LANCHOR0,. + 0
 408              		.type	crossFin, %object
 409              		.size	crossFin, 1
 410              	crossFin:
 411 0000 00       		.space	1
 412 0001 000000   		.space	3
 413              		.type	skier, %object
 414              		.size	skier, 4
 415              	skier:
 416 0004 00000000 		.space	4
 417              		.type	runStopwach, %object
 418              		.size	runStopwach, 1
 419              	runStopwach:
 420 0008 00       		.space	1
 421 0009 000000   		.space	3
 422              		.type	first, %object
 423              		.size	first, 72
 424              	first:
 425 000c 00000000 		.space	72
 425      00000000 
 425      00000000 
 425      00000000 
 425      00000000 
 426              		.type	writeStatus, %object
 427              		.size	writeStatus, 1
 428              	writeStatus:
 429 0054 00       		.space	1
 430 0055 000000   		.text
 431              	.Letext0:
 432              		.file 2 "c:\\program files (x86)\\cypress\\psoc creator\\3.3\\psoc creator\\import\\gnu\\arm\\4.9.
 433              		.file 3 "c:\\program files (x86)\\cypress\\psoc creator\\3.3\\psoc creator\\import\\gnu\\arm\\4.9.
 434              		.file 4 "Generated_Source\\PSoC4/cytypes.h"
 435              		.file 5 "Generated_Source\\PSoC4/led_green.h"
 436              		.file 6 "Generated_Source\\PSoC4/CyLib.h"
 437              		.file 7 "Generated_Source\\PSoC4/timer.h"
 438              		.file 8 "Generated_Source\\PSoC4/finish.h"
 439              		.file 9 "Generated_Source\\PSoC4/xbee.h"
ARM GAS  C:\Users\Petro\AppData\Local\Temp\ccr1oEfb.s 			page 11


 440              		.file 10 "Generated_Source\\PSoC4/isr_finish.h"
 441              		.file 11 "Generated_Source\\PSoC4/isr_timer.h"
 442              		.file 12 "c:\\program files (x86)\\cypress\\psoc creator\\3.3\\psoc creator\\import\\gnu\\arm\\4.9
 443              		.file 13 "Generated_Source\\PSoC4/isr_xbee.h"
 444              		.section	.debug_info,"",%progbits
 445              	.Ldebug_info0:
 446 0000 5E040000 		.4byte	0x45e
 447 0004 0400     		.2byte	0x4
 448 0006 00000000 		.4byte	.Ldebug_abbrev0
 449 000a 04       		.byte	0x4
 450 000b 01       		.uleb128 0x1
 451 000c 47020000 		.4byte	.LASF50
 452 0010 01       		.byte	0x1
 453 0011 94010000 		.4byte	.LASF51
 454 0015 41010000 		.4byte	.LASF52
 455 0019 00000000 		.4byte	.Ldebug_ranges0+0
 456 001d 00000000 		.4byte	0
 457 0021 00000000 		.4byte	.Ldebug_line0
 458 0025 02       		.uleb128 0x2
 459 0026 01       		.byte	0x1
 460 0027 06       		.byte	0x6
 461 0028 11030000 		.4byte	.LASF0
 462 002c 02       		.uleb128 0x2
 463 002d 01       		.byte	0x1
 464 002e 08       		.byte	0x8
 465 002f BB000000 		.4byte	.LASF1
 466 0033 02       		.uleb128 0x2
 467 0034 02       		.byte	0x2
 468 0035 05       		.byte	0x5
 469 0036 DE020000 		.4byte	.LASF2
 470 003a 03       		.uleb128 0x3
 471 003b 2F010000 		.4byte	.LASF9
 472 003f 02       		.byte	0x2
 473 0040 2B       		.byte	0x2b
 474 0041 45000000 		.4byte	0x45
 475 0045 02       		.uleb128 0x2
 476 0046 02       		.byte	0x2
 477 0047 07       		.byte	0x7
 478 0048 40000000 		.4byte	.LASF3
 479 004c 02       		.uleb128 0x2
 480 004d 04       		.byte	0x4
 481 004e 05       		.byte	0x5
 482 004f F5020000 		.4byte	.LASF4
 483 0053 02       		.uleb128 0x2
 484 0054 04       		.byte	0x4
 485 0055 07       		.byte	0x7
 486 0056 D5000000 		.4byte	.LASF5
 487 005a 02       		.uleb128 0x2
 488 005b 08       		.byte	0x8
 489 005c 05       		.byte	0x5
 490 005d 27020000 		.4byte	.LASF6
 491 0061 02       		.uleb128 0x2
 492 0062 08       		.byte	0x8
 493 0063 07       		.byte	0x7
 494 0064 C7010000 		.4byte	.LASF7
 495 0068 04       		.uleb128 0x4
 496 0069 04       		.byte	0x4
ARM GAS  C:\Users\Petro\AppData\Local\Temp\ccr1oEfb.s 			page 12


 497 006a 05       		.byte	0x5
 498 006b 696E7400 		.ascii	"int\000"
 499 006f 02       		.uleb128 0x2
 500 0070 04       		.byte	0x4
 501 0071 07       		.byte	0x7
 502 0072 BA010000 		.4byte	.LASF8
 503 0076 03       		.uleb128 0x3
 504 0077 D5020000 		.4byte	.LASF10
 505 007b 03       		.byte	0x3
 506 007c 21       		.byte	0x21
 507 007d 3A000000 		.4byte	0x3a
 508 0081 05       		.uleb128 0x5
 509 0082 EF020000 		.4byte	.LASF11
 510 0086 04       		.byte	0x4
 511 0087 3801     		.2byte	0x138
 512 0089 2C000000 		.4byte	0x2c
 513 008d 05       		.uleb128 0x5
 514 008e AE010000 		.4byte	.LASF12
 515 0092 04       		.byte	0x4
 516 0093 3A01     		.2byte	0x13a
 517 0095 53000000 		.4byte	0x53
 518 0099 02       		.uleb128 0x2
 519 009a 04       		.byte	0x4
 520 009b 04       		.byte	0x4
 521 009c A3000000 		.4byte	.LASF13
 522 00a0 02       		.uleb128 0x2
 523 00a1 08       		.byte	0x8
 524 00a2 04       		.byte	0x4
 525 00a3 3A010000 		.4byte	.LASF14
 526 00a7 05       		.uleb128 0x5
 527 00a8 CF000000 		.4byte	.LASF15
 528 00ac 04       		.byte	0x4
 529 00ad 4901     		.2byte	0x149
 530 00af B3000000 		.4byte	0xb3
 531 00b3 02       		.uleb128 0x2
 532 00b4 01       		.byte	0x1
 533 00b5 08       		.byte	0x8
 534 00b6 0A000000 		.4byte	.LASF16
 535 00ba 05       		.uleb128 0x5
 536 00bb F6010000 		.4byte	.LASF17
 537 00bf 04       		.byte	0x4
 538 00c0 F401     		.2byte	0x1f4
 539 00c2 C6000000 		.4byte	0xc6
 540 00c6 06       		.uleb128 0x6
 541 00c7 04       		.byte	0x4
 542 00c8 CC000000 		.4byte	0xcc
 543 00cc 07       		.uleb128 0x7
 544 00cd 02       		.uleb128 0x2
 545 00ce 04       		.byte	0x4
 546 00cf 07       		.byte	0x7
 547 00d0 08020000 		.4byte	.LASF18
 548 00d4 06       		.uleb128 0x6
 549 00d5 04       		.byte	0x4
 550 00d6 B3000000 		.4byte	0xb3
 551 00da 06       		.uleb128 0x6
 552 00db 04       		.byte	0x4
 553 00dc E0000000 		.4byte	0xe0
ARM GAS  C:\Users\Petro\AppData\Local\Temp\ccr1oEfb.s 			page 13


 554 00e0 08       		.uleb128 0x8
 555 00e1 B3000000 		.4byte	0xb3
 556 00e5 09       		.uleb128 0x9
 557 00e6 01       		.byte	0x1
 558 00e7 01       		.byte	0x1
 559 00e8 09       		.byte	0x9
 560 00e9 FA000000 		.4byte	0xfa
 561 00ed 0A       		.uleb128 0xa
 562 00ee 41020000 		.4byte	.LASF19
 563 00f2 00       		.sleb128 0
 564 00f3 0A       		.uleb128 0xa
 565 00f4 00000000 		.4byte	.LASF20
 566 00f8 01       		.sleb128 1
 567 00f9 00       		.byte	0
 568 00fa 03       		.uleb128 0x3
 569 00fb 05000000 		.4byte	.LASF21
 570 00ff 01       		.byte	0x1
 571 0100 09       		.byte	0x9
 572 0101 E5000000 		.4byte	0xe5
 573 0105 0B       		.uleb128 0xb
 574 0106 03020000 		.4byte	.LASF53
 575 010a 08       		.byte	0x8
 576 010b 01       		.byte	0x1
 577 010c 0A       		.byte	0xa
 578 010d 42010000 		.4byte	0x142
 579 0111 0C       		.uleb128 0xc
 580 0112 F1010000 		.4byte	.LASF22
 581 0116 01       		.byte	0x1
 582 0117 0B       		.byte	0xb
 583 0118 76000000 		.4byte	0x76
 584 011c 00       		.byte	0
 585 011d 0D       		.uleb128 0xd
 586 011e 6D696E00 		.ascii	"min\000"
 587 0122 01       		.byte	0x1
 588 0123 0C       		.byte	0xc
 589 0124 76000000 		.4byte	0x76
 590 0128 02       		.byte	0x2
 591 0129 0D       		.uleb128 0xd
 592 012a 73656300 		.ascii	"sec\000"
 593 012e 01       		.byte	0x1
 594 012f 0D       		.byte	0xd
 595 0130 76000000 		.4byte	0x76
 596 0134 04       		.byte	0x4
 597 0135 0C       		.uleb128 0xc
 598 0136 A9010000 		.4byte	.LASF23
 599 013a 01       		.byte	0x1
 600 013b 0E       		.byte	0xe
 601 013c 76000000 		.4byte	0x76
 602 0140 06       		.byte	0x6
 603 0141 00       		.byte	0
 604 0142 0E       		.uleb128 0xe
 605 0143 21010000 		.4byte	.LASF24
 606 0147 01       		.byte	0x1
 607 0148 1A       		.byte	0x1a
 608 0149 00000000 		.4byte	.LFB34
 609 014d 2C000000 		.4byte	.LFE34-.LFB34
 610 0151 01       		.uleb128 0x1
ARM GAS  C:\Users\Petro\AppData\Local\Temp\ccr1oEfb.s 			page 14


 611 0152 9C       		.byte	0x9c
 612 0153 61010000 		.4byte	0x161
 613 0157 0F       		.uleb128 0xf
 614 0158 26000000 		.4byte	.LVL0
 615 015c 96030000 		.4byte	0x396
 616 0160 00       		.byte	0
 617 0161 0E       		.uleb128 0xe
 618 0162 08010000 		.4byte	.LASF25
 619 0166 01       		.byte	0x1
 620 0167 24       		.byte	0x24
 621 0168 00000000 		.4byte	.LFB35
 622 016c 58000000 		.4byte	.LFE35-.LFB35
 623 0170 01       		.uleb128 0x1
 624 0171 9C       		.byte	0x9c
 625 0172 AC010000 		.4byte	0x1ac
 626 0176 10       		.uleb128 0x10
 627 0177 44000000 		.4byte	.LVL1
 628 017b A1030000 		.4byte	0x3a1
 629 017f 89010000 		.4byte	0x189
 630 0183 11       		.uleb128 0x11
 631 0184 01       		.uleb128 0x1
 632 0185 50       		.byte	0x50
 633 0186 01       		.uleb128 0x1
 634 0187 30       		.byte	0x30
 635 0188 00       		.byte	0
 636 0189 10       		.uleb128 0x10
 637 018a 4A000000 		.4byte	.LVL2
 638 018e B2030000 		.4byte	0x3b2
 639 0192 9C010000 		.4byte	0x19c
 640 0196 11       		.uleb128 0x11
 641 0197 01       		.uleb128 0x1
 642 0198 50       		.byte	0x50
 643 0199 01       		.uleb128 0x1
 644 019a 35       		.byte	0x35
 645 019b 00       		.byte	0
 646 019c 12       		.uleb128 0x12
 647 019d 50000000 		.4byte	.LVL3
 648 01a1 C3030000 		.4byte	0x3c3
 649 01a5 11       		.uleb128 0x11
 650 01a6 01       		.uleb128 0x1
 651 01a7 50       		.byte	0x50
 652 01a8 01       		.uleb128 0x1
 653 01a9 32       		.byte	0x32
 654 01aa 00       		.byte	0
 655 01ab 00       		.byte	0
 656 01ac 0E       		.uleb128 0xe
 657 01ad 7C000000 		.4byte	.LASF26
 658 01b1 01       		.byte	0x1
 659 01b2 36       		.byte	0x36
 660 01b3 00000000 		.4byte	.LFB36
 661 01b7 7C000000 		.4byte	.LFE36-.LFB36
 662 01bb 01       		.uleb128 0x1
 663 01bc 9C       		.byte	0x9c
 664 01bd E3010000 		.4byte	0x1e3
 665 01c1 13       		.uleb128 0x13
 666 01c2 C9000000 		.4byte	.LASF28
 667 01c6 01       		.byte	0x1
ARM GAS  C:\Users\Petro\AppData\Local\Temp\ccr1oEfb.s 			page 15


 668 01c7 38       		.byte	0x38
 669 01c8 B3000000 		.4byte	0xb3
 670 01cc 00000000 		.4byte	.LLST0
 671 01d0 0F       		.uleb128 0xf
 672 01d1 06000000 		.4byte	.LVL4
 673 01d5 D5030000 		.4byte	0x3d5
 674 01d9 0F       		.uleb128 0xf
 675 01da 1A000000 		.4byte	.LVL6
 676 01de E0030000 		.4byte	0x3e0
 677 01e2 00       		.byte	0
 678 01e3 0E       		.uleb128 0xe
 679 01e4 07030000 		.4byte	.LASF27
 680 01e8 01       		.byte	0x1
 681 01e9 65       		.byte	0x65
 682 01ea 00000000 		.4byte	.LFB38
 683 01ee 40000000 		.4byte	.LFE38-.LFB38
 684 01f2 01       		.uleb128 0x1
 685 01f3 9C       		.byte	0x9c
 686 01f4 57020000 		.4byte	0x257
 687 01f8 14       		.uleb128 0x14
 688 01f9 6E756D00 		.ascii	"num\000"
 689 01fd 01       		.byte	0x1
 690 01fe 65       		.byte	0x65
 691 01ff 68000000 		.4byte	0x68
 692 0203 1E000000 		.4byte	.LLST1
 693 0207 15       		.uleb128 0x15
 694 0208 E8020000 		.4byte	.LASF29
 695 020c 01       		.byte	0x1
 696 020d 67       		.byte	0x67
 697 020e 57020000 		.4byte	0x257
 698 0212 02       		.uleb128 0x2
 699 0213 91       		.byte	0x91
 700 0214 68       		.sleb128 -24
 701 0215 10       		.uleb128 0x10
 702 0216 22000000 		.4byte	.LVL11
 703 021a EC030000 		.4byte	0x3ec
 704 021e 32020000 		.4byte	0x232
 705 0222 11       		.uleb128 0x11
 706 0223 01       		.uleb128 0x1
 707 0224 51       		.byte	0x51
 708 0225 05       		.uleb128 0x5
 709 0226 03       		.byte	0x3
 710 0227 00000000 		.4byte	.LC6
 711 022b 11       		.uleb128 0x11
 712 022c 01       		.uleb128 0x1
 713 022d 50       		.byte	0x50
 714 022e 02       		.uleb128 0x2
 715 022f 91       		.byte	0x91
 716 0230 68       		.sleb128 -24
 717 0231 00       		.byte	0
 718 0232 10       		.uleb128 0x10
 719 0233 28000000 		.4byte	.LVL12
 720 0237 07040000 		.4byte	0x407
 721 023b 46020000 		.4byte	0x246
 722 023f 11       		.uleb128 0x11
 723 0240 01       		.uleb128 0x1
 724 0241 50       		.byte	0x50
ARM GAS  C:\Users\Petro\AppData\Local\Temp\ccr1oEfb.s 			page 16


 725 0242 02       		.uleb128 0x2
 726 0243 91       		.byte	0x91
 727 0244 68       		.sleb128 -24
 728 0245 00       		.byte	0
 729 0246 12       		.uleb128 0x12
 730 0247 2E000000 		.4byte	.LVL13
 731 024b B2030000 		.4byte	0x3b2
 732 024f 11       		.uleb128 0x11
 733 0250 01       		.uleb128 0x1
 734 0251 50       		.byte	0x50
 735 0252 02       		.uleb128 0x2
 736 0253 08       		.byte	0x8
 737 0254 64       		.byte	0x64
 738 0255 00       		.byte	0
 739 0256 00       		.byte	0
 740 0257 16       		.uleb128 0x16
 741 0258 B3000000 		.4byte	0xb3
 742 025c 67020000 		.4byte	0x267
 743 0260 17       		.uleb128 0x17
 744 0261 CD000000 		.4byte	0xcd
 745 0265 0F       		.byte	0xf
 746 0266 00       		.byte	0
 747 0267 0E       		.uleb128 0xe
 748 0268 94000000 		.4byte	.LASF30
 749 026c 01       		.byte	0x1
 750 026d 6F       		.byte	0x6f
 751 026e 00000000 		.4byte	.LFB39
 752 0272 0A000000 		.4byte	.LFE39-.LFB39
 753 0276 01       		.uleb128 0x1
 754 0277 9C       		.byte	0x9c
 755 0278 8C020000 		.4byte	0x28c
 756 027c 12       		.uleb128 0x12
 757 027d 08000000 		.4byte	.LVL14
 758 0281 A1030000 		.4byte	0x3a1
 759 0285 11       		.uleb128 0x11
 760 0286 01       		.uleb128 0x1
 761 0287 50       		.byte	0x50
 762 0288 01       		.uleb128 0x1
 763 0289 31       		.byte	0x31
 764 028a 00       		.byte	0
 765 028b 00       		.byte	0
 766 028c 18       		.uleb128 0x18
 767 028d B5010000 		.4byte	.LASF31
 768 0291 01       		.byte	0x1
 769 0292 52       		.byte	0x52
 770 0293 68000000 		.4byte	0x68
 771 0297 00000000 		.4byte	.LFB37
 772 029b 4C000000 		.4byte	.LFE37-.LFB37
 773 029f 01       		.uleb128 0x1
 774 02a0 9C       		.byte	0x9c
 775 02a1 0F030000 		.4byte	0x30f
 776 02a5 0F       		.uleb128 0xf
 777 02a6 08000000 		.4byte	.LVL15
 778 02aa 23040000 		.4byte	0x423
 779 02ae 0F       		.uleb128 0xf
 780 02af 0C000000 		.4byte	.LVL16
 781 02b3 2B040000 		.4byte	0x42b
ARM GAS  C:\Users\Petro\AppData\Local\Temp\ccr1oEfb.s 			page 17


 782 02b7 10       		.uleb128 0x10
 783 02b8 12000000 		.4byte	.LVL17
 784 02bc 32040000 		.4byte	0x432
 785 02c0 CE020000 		.4byte	0x2ce
 786 02c4 11       		.uleb128 0x11
 787 02c5 01       		.uleb128 0x1
 788 02c6 50       		.byte	0x50
 789 02c7 05       		.uleb128 0x5
 790 02c8 03       		.byte	0x3
 791 02c9 00000000 		.4byte	finishHandler
 792 02cd 00       		.byte	0
 793 02ce 10       		.uleb128 0x10
 794 02cf 18000000 		.4byte	.LVL18
 795 02d3 43040000 		.4byte	0x443
 796 02d7 E5020000 		.4byte	0x2e5
 797 02db 11       		.uleb128 0x11
 798 02dc 01       		.uleb128 0x1
 799 02dd 50       		.byte	0x50
 800 02de 05       		.uleb128 0x5
 801 02df 03       		.byte	0x3
 802 02e0 00000000 		.4byte	timerHandler
 803 02e4 00       		.byte	0
 804 02e5 10       		.uleb128 0x10
 805 02e6 1E000000 		.4byte	.LVL19
 806 02ea 54040000 		.4byte	0x454
 807 02ee FC020000 		.4byte	0x2fc
 808 02f2 11       		.uleb128 0x11
 809 02f3 01       		.uleb128 0x1
 810 02f4 50       		.byte	0x50
 811 02f5 05       		.uleb128 0x5
 812 02f6 03       		.byte	0x3
 813 02f7 00000000 		.4byte	xbeeHandler
 814 02fb 00       		.byte	0
 815 02fc 0F       		.uleb128 0xf
 816 02fd 22000000 		.4byte	.LVL20
 817 0301 67020000 		.4byte	0x267
 818 0305 0F       		.uleb128 0xf
 819 0306 34000000 		.4byte	.LVL21
 820 030a E3010000 		.4byte	0x1e3
 821 030e 00       		.byte	0
 822 030f 16       		.uleb128 0x16
 823 0310 05010000 		.4byte	0x105
 824 0314 1F030000 		.4byte	0x31f
 825 0318 17       		.uleb128 0x17
 826 0319 CD000000 		.4byte	0xcd
 827 031d 08       		.byte	0x8
 828 031e 00       		.byte	0
 829 031f 19       		.uleb128 0x19
 830 0320 0F000000 		.4byte	.LASF32
 831 0324 01       		.byte	0x1
 832 0325 11       		.byte	0x11
 833 0326 0F030000 		.4byte	0x30f
 834 032a 05       		.uleb128 0x5
 835 032b 03       		.byte	0x3
 836 032c 00000000 		.4byte	first
 837 0330 19       		.uleb128 0x19
 838 0331 FE020000 		.4byte	.LASF33
ARM GAS  C:\Users\Petro\AppData\Local\Temp\ccr1oEfb.s 			page 18


 839 0335 01       		.byte	0x1
 840 0336 12       		.byte	0x12
 841 0337 FA000000 		.4byte	0xfa
 842 033b 05       		.uleb128 0x5
 843 033c 03       		.byte	0x3
 844 033d 00000000 		.4byte	crossFin
 845 0341 19       		.uleb128 0x19
 846 0342 15010000 		.4byte	.LASF34
 847 0346 01       		.byte	0x1
 848 0347 13       		.byte	0x13
 849 0348 FA000000 		.4byte	0xfa
 850 034c 05       		.uleb128 0x5
 851 034d 03       		.byte	0x3
 852 034e 00000000 		.4byte	runStopwach
 853 0352 19       		.uleb128 0x19
 854 0353 9D010000 		.4byte	.LASF35
 855 0357 01       		.byte	0x1
 856 0358 14       		.byte	0x14
 857 0359 FA000000 		.4byte	0xfa
 858 035d 05       		.uleb128 0x5
 859 035e 03       		.byte	0x3
 860 035f 00000000 		.4byte	writeStatus
 861 0363 19       		.uleb128 0x19
 862 0364 3A000000 		.4byte	.LASF36
 863 0368 01       		.byte	0x1
 864 0369 15       		.byte	0x15
 865 036a 68000000 		.4byte	0x68
 866 036e 05       		.uleb128 0x5
 867 036f 03       		.byte	0x3
 868 0370 00000000 		.4byte	skier
 869 0374 19       		.uleb128 0x19
 870 0375 88000000 		.4byte	.LASF37
 871 0379 01       		.byte	0x1
 872 037a 16       		.byte	0x16
 873 037b B3000000 		.4byte	0xb3
 874 037f 05       		.uleb128 0x5
 875 0380 03       		.byte	0x3
 876 0381 00000000 		.4byte	lastPressed
 877 0385 19       		.uleb128 0x19
 878 0386 1D030000 		.4byte	.LASF38
 879 038a 01       		.byte	0x1
 880 038b 17       		.byte	0x17
 881 038c 68000000 		.4byte	0x68
 882 0390 05       		.uleb128 0x5
 883 0391 03       		.byte	0x3
 884 0392 00000000 		.4byte	write_time
 885 0396 1A       		.uleb128 0x1a
 886 0397 11020000 		.4byte	.LASF42
 887 039b 08       		.byte	0x8
 888 039c 39       		.byte	0x39
 889 039d 81000000 		.4byte	0x81
 890 03a1 1B       		.uleb128 0x1b
 891 03a2 15000000 		.4byte	.LASF39
 892 03a6 05       		.byte	0x5
 893 03a7 33       		.byte	0x33
 894 03a8 B2030000 		.4byte	0x3b2
 895 03ac 1C       		.uleb128 0x1c
ARM GAS  C:\Users\Petro\AppData\Local\Temp\ccr1oEfb.s 			page 19


 896 03ad 81000000 		.4byte	0x81
 897 03b1 00       		.byte	0
 898 03b2 1B       		.uleb128 0x1b
 899 03b3 30030000 		.4byte	.LASF40
 900 03b7 06       		.byte	0x6
 901 03b8 5A       		.byte	0x5a
 902 03b9 C3030000 		.4byte	0x3c3
 903 03bd 1C       		.uleb128 0x1c
 904 03be 8D000000 		.4byte	0x8d
 905 03c2 00       		.byte	0
 906 03c3 1D       		.uleb128 0x1d
 907 03c4 25000000 		.4byte	.LASF41
 908 03c8 07       		.byte	0x7
 909 03c9 4701     		.2byte	0x147
 910 03cb D5030000 		.4byte	0x3d5
 911 03cf 1C       		.uleb128 0x1c
 912 03d0 8D000000 		.4byte	0x8d
 913 03d4 00       		.byte	0
 914 03d5 1A       		.uleb128 0x1a
 915 03d6 64000000 		.4byte	.LASF43
 916 03da 09       		.byte	0x9
 917 03db 71       		.byte	0x71
 918 03dc 81000000 		.4byte	0x81
 919 03e0 1E       		.uleb128 0x1e
 920 03e1 A9000000 		.4byte	.LASF44
 921 03e5 07       		.byte	0x7
 922 03e6 4B01     		.2byte	0x14b
 923 03e8 8D000000 		.4byte	0x8d
 924 03ec 1F       		.uleb128 0x1f
 925 03ed 28030000 		.4byte	.LASF54
 926 03f1 0C       		.byte	0xc
 927 03f2 DE       		.byte	0xde
 928 03f3 68000000 		.4byte	0x68
 929 03f7 07040000 		.4byte	0x407
 930 03fb 1C       		.uleb128 0x1c
 931 03fc D4000000 		.4byte	0xd4
 932 0400 1C       		.uleb128 0x1c
 933 0401 DA000000 		.4byte	0xda
 934 0405 20       		.uleb128 0x20
 935 0406 00       		.byte	0
 936 0407 1B       		.uleb128 0x1b
 937 0408 E7000000 		.4byte	.LASF45
 938 040c 09       		.byte	0x9
 939 040d 8B       		.byte	0x8b
 940 040e 18040000 		.4byte	0x418
 941 0412 1C       		.uleb128 0x1c
 942 0413 18040000 		.4byte	0x418
 943 0417 00       		.byte	0
 944 0418 06       		.uleb128 0x6
 945 0419 04       		.byte	0x4
 946 041a 1E040000 		.4byte	0x41e
 947 041e 08       		.uleb128 0x8
 948 041f A7000000 		.4byte	0xa7
 949 0423 21       		.uleb128 0x21
 950 0424 35020000 		.4byte	.LASF46
 951 0428 07       		.byte	0x7
 952 0429 3201     		.2byte	0x132
ARM GAS  C:\Users\Petro\AppData\Local\Temp\ccr1oEfb.s 			page 20


 953 042b 22       		.uleb128 0x22
 954 042c 71000000 		.4byte	.LASF47
 955 0430 09       		.byte	0x9
 956 0431 54       		.byte	0x54
 957 0432 1B       		.uleb128 0x1b
 958 0433 DE010000 		.4byte	.LASF48
 959 0437 0A       		.byte	0xa
 960 0438 18       		.byte	0x18
 961 0439 43040000 		.4byte	0x443
 962 043d 1C       		.uleb128 0x1c
 963 043e BA000000 		.4byte	0xba
 964 0442 00       		.byte	0
 965 0443 1B       		.uleb128 0x1b
 966 0444 F6000000 		.4byte	.LASF49
 967 0448 0B       		.byte	0xb
 968 0449 18       		.byte	0x18
 969 044a 54040000 		.4byte	0x454
 970 044e 1C       		.uleb128 0x1c
 971 044f BA000000 		.4byte	0xba
 972 0453 00       		.byte	0
 973 0454 23       		.uleb128 0x23
 974 0455 53000000 		.4byte	.LASF55
 975 0459 0D       		.byte	0xd
 976 045a 18       		.byte	0x18
 977 045b 1C       		.uleb128 0x1c
 978 045c BA000000 		.4byte	0xba
 979 0460 00       		.byte	0
 980 0461 00       		.byte	0
 981              		.section	.debug_abbrev,"",%progbits
 982              	.Ldebug_abbrev0:
 983 0000 01       		.uleb128 0x1
 984 0001 11       		.uleb128 0x11
 985 0002 01       		.byte	0x1
 986 0003 25       		.uleb128 0x25
 987 0004 0E       		.uleb128 0xe
 988 0005 13       		.uleb128 0x13
 989 0006 0B       		.uleb128 0xb
 990 0007 03       		.uleb128 0x3
 991 0008 0E       		.uleb128 0xe
 992 0009 1B       		.uleb128 0x1b
 993 000a 0E       		.uleb128 0xe
 994 000b 55       		.uleb128 0x55
 995 000c 17       		.uleb128 0x17
 996 000d 11       		.uleb128 0x11
 997 000e 01       		.uleb128 0x1
 998 000f 10       		.uleb128 0x10
 999 0010 17       		.uleb128 0x17
 1000 0011 00       		.byte	0
 1001 0012 00       		.byte	0
 1002 0013 02       		.uleb128 0x2
 1003 0014 24       		.uleb128 0x24
 1004 0015 00       		.byte	0
 1005 0016 0B       		.uleb128 0xb
 1006 0017 0B       		.uleb128 0xb
 1007 0018 3E       		.uleb128 0x3e
 1008 0019 0B       		.uleb128 0xb
 1009 001a 03       		.uleb128 0x3
ARM GAS  C:\Users\Petro\AppData\Local\Temp\ccr1oEfb.s 			page 21


 1010 001b 0E       		.uleb128 0xe
 1011 001c 00       		.byte	0
 1012 001d 00       		.byte	0
 1013 001e 03       		.uleb128 0x3
 1014 001f 16       		.uleb128 0x16
 1015 0020 00       		.byte	0
 1016 0021 03       		.uleb128 0x3
 1017 0022 0E       		.uleb128 0xe
 1018 0023 3A       		.uleb128 0x3a
 1019 0024 0B       		.uleb128 0xb
 1020 0025 3B       		.uleb128 0x3b
 1021 0026 0B       		.uleb128 0xb
 1022 0027 49       		.uleb128 0x49
 1023 0028 13       		.uleb128 0x13
 1024 0029 00       		.byte	0
 1025 002a 00       		.byte	0
 1026 002b 04       		.uleb128 0x4
 1027 002c 24       		.uleb128 0x24
 1028 002d 00       		.byte	0
 1029 002e 0B       		.uleb128 0xb
 1030 002f 0B       		.uleb128 0xb
 1031 0030 3E       		.uleb128 0x3e
 1032 0031 0B       		.uleb128 0xb
 1033 0032 03       		.uleb128 0x3
 1034 0033 08       		.uleb128 0x8
 1035 0034 00       		.byte	0
 1036 0035 00       		.byte	0
 1037 0036 05       		.uleb128 0x5
 1038 0037 16       		.uleb128 0x16
 1039 0038 00       		.byte	0
 1040 0039 03       		.uleb128 0x3
 1041 003a 0E       		.uleb128 0xe
 1042 003b 3A       		.uleb128 0x3a
 1043 003c 0B       		.uleb128 0xb
 1044 003d 3B       		.uleb128 0x3b
 1045 003e 05       		.uleb128 0x5
 1046 003f 49       		.uleb128 0x49
 1047 0040 13       		.uleb128 0x13
 1048 0041 00       		.byte	0
 1049 0042 00       		.byte	0
 1050 0043 06       		.uleb128 0x6
 1051 0044 0F       		.uleb128 0xf
 1052 0045 00       		.byte	0
 1053 0046 0B       		.uleb128 0xb
 1054 0047 0B       		.uleb128 0xb
 1055 0048 49       		.uleb128 0x49
 1056 0049 13       		.uleb128 0x13
 1057 004a 00       		.byte	0
 1058 004b 00       		.byte	0
 1059 004c 07       		.uleb128 0x7
 1060 004d 15       		.uleb128 0x15
 1061 004e 00       		.byte	0
 1062 004f 27       		.uleb128 0x27
 1063 0050 19       		.uleb128 0x19
 1064 0051 00       		.byte	0
 1065 0052 00       		.byte	0
 1066 0053 08       		.uleb128 0x8
ARM GAS  C:\Users\Petro\AppData\Local\Temp\ccr1oEfb.s 			page 22


 1067 0054 26       		.uleb128 0x26
 1068 0055 00       		.byte	0
 1069 0056 49       		.uleb128 0x49
 1070 0057 13       		.uleb128 0x13
 1071 0058 00       		.byte	0
 1072 0059 00       		.byte	0
 1073 005a 09       		.uleb128 0x9
 1074 005b 04       		.uleb128 0x4
 1075 005c 01       		.byte	0x1
 1076 005d 0B       		.uleb128 0xb
 1077 005e 0B       		.uleb128 0xb
 1078 005f 3A       		.uleb128 0x3a
 1079 0060 0B       		.uleb128 0xb
 1080 0061 3B       		.uleb128 0x3b
 1081 0062 0B       		.uleb128 0xb
 1082 0063 01       		.uleb128 0x1
 1083 0064 13       		.uleb128 0x13
 1084 0065 00       		.byte	0
 1085 0066 00       		.byte	0
 1086 0067 0A       		.uleb128 0xa
 1087 0068 28       		.uleb128 0x28
 1088 0069 00       		.byte	0
 1089 006a 03       		.uleb128 0x3
 1090 006b 0E       		.uleb128 0xe
 1091 006c 1C       		.uleb128 0x1c
 1092 006d 0D       		.uleb128 0xd
 1093 006e 00       		.byte	0
 1094 006f 00       		.byte	0
 1095 0070 0B       		.uleb128 0xb
 1096 0071 13       		.uleb128 0x13
 1097 0072 01       		.byte	0x1
 1098 0073 03       		.uleb128 0x3
 1099 0074 0E       		.uleb128 0xe
 1100 0075 0B       		.uleb128 0xb
 1101 0076 0B       		.uleb128 0xb
 1102 0077 3A       		.uleb128 0x3a
 1103 0078 0B       		.uleb128 0xb
 1104 0079 3B       		.uleb128 0x3b
 1105 007a 0B       		.uleb128 0xb
 1106 007b 01       		.uleb128 0x1
 1107 007c 13       		.uleb128 0x13
 1108 007d 00       		.byte	0
 1109 007e 00       		.byte	0
 1110 007f 0C       		.uleb128 0xc
 1111 0080 0D       		.uleb128 0xd
 1112 0081 00       		.byte	0
 1113 0082 03       		.uleb128 0x3
 1114 0083 0E       		.uleb128 0xe
 1115 0084 3A       		.uleb128 0x3a
 1116 0085 0B       		.uleb128 0xb
 1117 0086 3B       		.uleb128 0x3b
 1118 0087 0B       		.uleb128 0xb
 1119 0088 49       		.uleb128 0x49
 1120 0089 13       		.uleb128 0x13
 1121 008a 38       		.uleb128 0x38
 1122 008b 0B       		.uleb128 0xb
 1123 008c 00       		.byte	0
ARM GAS  C:\Users\Petro\AppData\Local\Temp\ccr1oEfb.s 			page 23


 1124 008d 00       		.byte	0
 1125 008e 0D       		.uleb128 0xd
 1126 008f 0D       		.uleb128 0xd
 1127 0090 00       		.byte	0
 1128 0091 03       		.uleb128 0x3
 1129 0092 08       		.uleb128 0x8
 1130 0093 3A       		.uleb128 0x3a
 1131 0094 0B       		.uleb128 0xb
 1132 0095 3B       		.uleb128 0x3b
 1133 0096 0B       		.uleb128 0xb
 1134 0097 49       		.uleb128 0x49
 1135 0098 13       		.uleb128 0x13
 1136 0099 38       		.uleb128 0x38
 1137 009a 0B       		.uleb128 0xb
 1138 009b 00       		.byte	0
 1139 009c 00       		.byte	0
 1140 009d 0E       		.uleb128 0xe
 1141 009e 2E       		.uleb128 0x2e
 1142 009f 01       		.byte	0x1
 1143 00a0 3F       		.uleb128 0x3f
 1144 00a1 19       		.uleb128 0x19
 1145 00a2 03       		.uleb128 0x3
 1146 00a3 0E       		.uleb128 0xe
 1147 00a4 3A       		.uleb128 0x3a
 1148 00a5 0B       		.uleb128 0xb
 1149 00a6 3B       		.uleb128 0x3b
 1150 00a7 0B       		.uleb128 0xb
 1151 00a8 27       		.uleb128 0x27
 1152 00a9 19       		.uleb128 0x19
 1153 00aa 11       		.uleb128 0x11
 1154 00ab 01       		.uleb128 0x1
 1155 00ac 12       		.uleb128 0x12
 1156 00ad 06       		.uleb128 0x6
 1157 00ae 40       		.uleb128 0x40
 1158 00af 18       		.uleb128 0x18
 1159 00b0 9742     		.uleb128 0x2117
 1160 00b2 19       		.uleb128 0x19
 1161 00b3 01       		.uleb128 0x1
 1162 00b4 13       		.uleb128 0x13
 1163 00b5 00       		.byte	0
 1164 00b6 00       		.byte	0
 1165 00b7 0F       		.uleb128 0xf
 1166 00b8 898201   		.uleb128 0x4109
 1167 00bb 00       		.byte	0
 1168 00bc 11       		.uleb128 0x11
 1169 00bd 01       		.uleb128 0x1
 1170 00be 31       		.uleb128 0x31
 1171 00bf 13       		.uleb128 0x13
 1172 00c0 00       		.byte	0
 1173 00c1 00       		.byte	0
 1174 00c2 10       		.uleb128 0x10
 1175 00c3 898201   		.uleb128 0x4109
 1176 00c6 01       		.byte	0x1
 1177 00c7 11       		.uleb128 0x11
 1178 00c8 01       		.uleb128 0x1
 1179 00c9 31       		.uleb128 0x31
 1180 00ca 13       		.uleb128 0x13
ARM GAS  C:\Users\Petro\AppData\Local\Temp\ccr1oEfb.s 			page 24


 1181 00cb 01       		.uleb128 0x1
 1182 00cc 13       		.uleb128 0x13
 1183 00cd 00       		.byte	0
 1184 00ce 00       		.byte	0
 1185 00cf 11       		.uleb128 0x11
 1186 00d0 8A8201   		.uleb128 0x410a
 1187 00d3 00       		.byte	0
 1188 00d4 02       		.uleb128 0x2
 1189 00d5 18       		.uleb128 0x18
 1190 00d6 9142     		.uleb128 0x2111
 1191 00d8 18       		.uleb128 0x18
 1192 00d9 00       		.byte	0
 1193 00da 00       		.byte	0
 1194 00db 12       		.uleb128 0x12
 1195 00dc 898201   		.uleb128 0x4109
 1196 00df 01       		.byte	0x1
 1197 00e0 11       		.uleb128 0x11
 1198 00e1 01       		.uleb128 0x1
 1199 00e2 31       		.uleb128 0x31
 1200 00e3 13       		.uleb128 0x13
 1201 00e4 00       		.byte	0
 1202 00e5 00       		.byte	0
 1203 00e6 13       		.uleb128 0x13
 1204 00e7 34       		.uleb128 0x34
 1205 00e8 00       		.byte	0
 1206 00e9 03       		.uleb128 0x3
 1207 00ea 0E       		.uleb128 0xe
 1208 00eb 3A       		.uleb128 0x3a
 1209 00ec 0B       		.uleb128 0xb
 1210 00ed 3B       		.uleb128 0x3b
 1211 00ee 0B       		.uleb128 0xb
 1212 00ef 49       		.uleb128 0x49
 1213 00f0 13       		.uleb128 0x13
 1214 00f1 02       		.uleb128 0x2
 1215 00f2 17       		.uleb128 0x17
 1216 00f3 00       		.byte	0
 1217 00f4 00       		.byte	0
 1218 00f5 14       		.uleb128 0x14
 1219 00f6 05       		.uleb128 0x5
 1220 00f7 00       		.byte	0
 1221 00f8 03       		.uleb128 0x3
 1222 00f9 08       		.uleb128 0x8
 1223 00fa 3A       		.uleb128 0x3a
 1224 00fb 0B       		.uleb128 0xb
 1225 00fc 3B       		.uleb128 0x3b
 1226 00fd 0B       		.uleb128 0xb
 1227 00fe 49       		.uleb128 0x49
 1228 00ff 13       		.uleb128 0x13
 1229 0100 02       		.uleb128 0x2
 1230 0101 17       		.uleb128 0x17
 1231 0102 00       		.byte	0
 1232 0103 00       		.byte	0
 1233 0104 15       		.uleb128 0x15
 1234 0105 34       		.uleb128 0x34
 1235 0106 00       		.byte	0
 1236 0107 03       		.uleb128 0x3
 1237 0108 0E       		.uleb128 0xe
ARM GAS  C:\Users\Petro\AppData\Local\Temp\ccr1oEfb.s 			page 25


 1238 0109 3A       		.uleb128 0x3a
 1239 010a 0B       		.uleb128 0xb
 1240 010b 3B       		.uleb128 0x3b
 1241 010c 0B       		.uleb128 0xb
 1242 010d 49       		.uleb128 0x49
 1243 010e 13       		.uleb128 0x13
 1244 010f 02       		.uleb128 0x2
 1245 0110 18       		.uleb128 0x18
 1246 0111 00       		.byte	0
 1247 0112 00       		.byte	0
 1248 0113 16       		.uleb128 0x16
 1249 0114 01       		.uleb128 0x1
 1250 0115 01       		.byte	0x1
 1251 0116 49       		.uleb128 0x49
 1252 0117 13       		.uleb128 0x13
 1253 0118 01       		.uleb128 0x1
 1254 0119 13       		.uleb128 0x13
 1255 011a 00       		.byte	0
 1256 011b 00       		.byte	0
 1257 011c 17       		.uleb128 0x17
 1258 011d 21       		.uleb128 0x21
 1259 011e 00       		.byte	0
 1260 011f 49       		.uleb128 0x49
 1261 0120 13       		.uleb128 0x13
 1262 0121 2F       		.uleb128 0x2f
 1263 0122 0B       		.uleb128 0xb
 1264 0123 00       		.byte	0
 1265 0124 00       		.byte	0
 1266 0125 18       		.uleb128 0x18
 1267 0126 2E       		.uleb128 0x2e
 1268 0127 01       		.byte	0x1
 1269 0128 3F       		.uleb128 0x3f
 1270 0129 19       		.uleb128 0x19
 1271 012a 03       		.uleb128 0x3
 1272 012b 0E       		.uleb128 0xe
 1273 012c 3A       		.uleb128 0x3a
 1274 012d 0B       		.uleb128 0xb
 1275 012e 3B       		.uleb128 0x3b
 1276 012f 0B       		.uleb128 0xb
 1277 0130 49       		.uleb128 0x49
 1278 0131 13       		.uleb128 0x13
 1279 0132 11       		.uleb128 0x11
 1280 0133 01       		.uleb128 0x1
 1281 0134 12       		.uleb128 0x12
 1282 0135 06       		.uleb128 0x6
 1283 0136 40       		.uleb128 0x40
 1284 0137 18       		.uleb128 0x18
 1285 0138 9742     		.uleb128 0x2117
 1286 013a 19       		.uleb128 0x19
 1287 013b 01       		.uleb128 0x1
 1288 013c 13       		.uleb128 0x13
 1289 013d 00       		.byte	0
 1290 013e 00       		.byte	0
 1291 013f 19       		.uleb128 0x19
 1292 0140 34       		.uleb128 0x34
 1293 0141 00       		.byte	0
 1294 0142 03       		.uleb128 0x3
ARM GAS  C:\Users\Petro\AppData\Local\Temp\ccr1oEfb.s 			page 26


 1295 0143 0E       		.uleb128 0xe
 1296 0144 3A       		.uleb128 0x3a
 1297 0145 0B       		.uleb128 0xb
 1298 0146 3B       		.uleb128 0x3b
 1299 0147 0B       		.uleb128 0xb
 1300 0148 49       		.uleb128 0x49
 1301 0149 13       		.uleb128 0x13
 1302 014a 3F       		.uleb128 0x3f
 1303 014b 19       		.uleb128 0x19
 1304 014c 02       		.uleb128 0x2
 1305 014d 18       		.uleb128 0x18
 1306 014e 00       		.byte	0
 1307 014f 00       		.byte	0
 1308 0150 1A       		.uleb128 0x1a
 1309 0151 2E       		.uleb128 0x2e
 1310 0152 00       		.byte	0
 1311 0153 3F       		.uleb128 0x3f
 1312 0154 19       		.uleb128 0x19
 1313 0155 03       		.uleb128 0x3
 1314 0156 0E       		.uleb128 0xe
 1315 0157 3A       		.uleb128 0x3a
 1316 0158 0B       		.uleb128 0xb
 1317 0159 3B       		.uleb128 0x3b
 1318 015a 0B       		.uleb128 0xb
 1319 015b 27       		.uleb128 0x27
 1320 015c 19       		.uleb128 0x19
 1321 015d 49       		.uleb128 0x49
 1322 015e 13       		.uleb128 0x13
 1323 015f 3C       		.uleb128 0x3c
 1324 0160 19       		.uleb128 0x19
 1325 0161 00       		.byte	0
 1326 0162 00       		.byte	0
 1327 0163 1B       		.uleb128 0x1b
 1328 0164 2E       		.uleb128 0x2e
 1329 0165 01       		.byte	0x1
 1330 0166 3F       		.uleb128 0x3f
 1331 0167 19       		.uleb128 0x19
 1332 0168 03       		.uleb128 0x3
 1333 0169 0E       		.uleb128 0xe
 1334 016a 3A       		.uleb128 0x3a
 1335 016b 0B       		.uleb128 0xb
 1336 016c 3B       		.uleb128 0x3b
 1337 016d 0B       		.uleb128 0xb
 1338 016e 27       		.uleb128 0x27
 1339 016f 19       		.uleb128 0x19
 1340 0170 3C       		.uleb128 0x3c
 1341 0171 19       		.uleb128 0x19
 1342 0172 01       		.uleb128 0x1
 1343 0173 13       		.uleb128 0x13
 1344 0174 00       		.byte	0
 1345 0175 00       		.byte	0
 1346 0176 1C       		.uleb128 0x1c
 1347 0177 05       		.uleb128 0x5
 1348 0178 00       		.byte	0
 1349 0179 49       		.uleb128 0x49
 1350 017a 13       		.uleb128 0x13
 1351 017b 00       		.byte	0
ARM GAS  C:\Users\Petro\AppData\Local\Temp\ccr1oEfb.s 			page 27


 1352 017c 00       		.byte	0
 1353 017d 1D       		.uleb128 0x1d
 1354 017e 2E       		.uleb128 0x2e
 1355 017f 01       		.byte	0x1
 1356 0180 3F       		.uleb128 0x3f
 1357 0181 19       		.uleb128 0x19
 1358 0182 03       		.uleb128 0x3
 1359 0183 0E       		.uleb128 0xe
 1360 0184 3A       		.uleb128 0x3a
 1361 0185 0B       		.uleb128 0xb
 1362 0186 3B       		.uleb128 0x3b
 1363 0187 05       		.uleb128 0x5
 1364 0188 27       		.uleb128 0x27
 1365 0189 19       		.uleb128 0x19
 1366 018a 3C       		.uleb128 0x3c
 1367 018b 19       		.uleb128 0x19
 1368 018c 01       		.uleb128 0x1
 1369 018d 13       		.uleb128 0x13
 1370 018e 00       		.byte	0
 1371 018f 00       		.byte	0
 1372 0190 1E       		.uleb128 0x1e
 1373 0191 2E       		.uleb128 0x2e
 1374 0192 00       		.byte	0
 1375 0193 3F       		.uleb128 0x3f
 1376 0194 19       		.uleb128 0x19
 1377 0195 03       		.uleb128 0x3
 1378 0196 0E       		.uleb128 0xe
 1379 0197 3A       		.uleb128 0x3a
 1380 0198 0B       		.uleb128 0xb
 1381 0199 3B       		.uleb128 0x3b
 1382 019a 05       		.uleb128 0x5
 1383 019b 27       		.uleb128 0x27
 1384 019c 19       		.uleb128 0x19
 1385 019d 49       		.uleb128 0x49
 1386 019e 13       		.uleb128 0x13
 1387 019f 3C       		.uleb128 0x3c
 1388 01a0 19       		.uleb128 0x19
 1389 01a1 00       		.byte	0
 1390 01a2 00       		.byte	0
 1391 01a3 1F       		.uleb128 0x1f
 1392 01a4 2E       		.uleb128 0x2e
 1393 01a5 01       		.byte	0x1
 1394 01a6 3F       		.uleb128 0x3f
 1395 01a7 19       		.uleb128 0x19
 1396 01a8 03       		.uleb128 0x3
 1397 01a9 0E       		.uleb128 0xe
 1398 01aa 3A       		.uleb128 0x3a
 1399 01ab 0B       		.uleb128 0xb
 1400 01ac 3B       		.uleb128 0x3b
 1401 01ad 0B       		.uleb128 0xb
 1402 01ae 27       		.uleb128 0x27
 1403 01af 19       		.uleb128 0x19
 1404 01b0 49       		.uleb128 0x49
 1405 01b1 13       		.uleb128 0x13
 1406 01b2 3C       		.uleb128 0x3c
 1407 01b3 19       		.uleb128 0x19
 1408 01b4 01       		.uleb128 0x1
ARM GAS  C:\Users\Petro\AppData\Local\Temp\ccr1oEfb.s 			page 28


 1409 01b5 13       		.uleb128 0x13
 1410 01b6 00       		.byte	0
 1411 01b7 00       		.byte	0
 1412 01b8 20       		.uleb128 0x20
 1413 01b9 18       		.uleb128 0x18
 1414 01ba 00       		.byte	0
 1415 01bb 00       		.byte	0
 1416 01bc 00       		.byte	0
 1417 01bd 21       		.uleb128 0x21
 1418 01be 2E       		.uleb128 0x2e
 1419 01bf 00       		.byte	0
 1420 01c0 3F       		.uleb128 0x3f
 1421 01c1 19       		.uleb128 0x19
 1422 01c2 03       		.uleb128 0x3
 1423 01c3 0E       		.uleb128 0xe
 1424 01c4 3A       		.uleb128 0x3a
 1425 01c5 0B       		.uleb128 0xb
 1426 01c6 3B       		.uleb128 0x3b
 1427 01c7 05       		.uleb128 0x5
 1428 01c8 27       		.uleb128 0x27
 1429 01c9 19       		.uleb128 0x19
 1430 01ca 3C       		.uleb128 0x3c
 1431 01cb 19       		.uleb128 0x19
 1432 01cc 00       		.byte	0
 1433 01cd 00       		.byte	0
 1434 01ce 22       		.uleb128 0x22
 1435 01cf 2E       		.uleb128 0x2e
 1436 01d0 00       		.byte	0
 1437 01d1 3F       		.uleb128 0x3f
 1438 01d2 19       		.uleb128 0x19
 1439 01d3 03       		.uleb128 0x3
 1440 01d4 0E       		.uleb128 0xe
 1441 01d5 3A       		.uleb128 0x3a
 1442 01d6 0B       		.uleb128 0xb
 1443 01d7 3B       		.uleb128 0x3b
 1444 01d8 0B       		.uleb128 0xb
 1445 01d9 27       		.uleb128 0x27
 1446 01da 19       		.uleb128 0x19
 1447 01db 3C       		.uleb128 0x3c
 1448 01dc 19       		.uleb128 0x19
 1449 01dd 00       		.byte	0
 1450 01de 00       		.byte	0
 1451 01df 23       		.uleb128 0x23
 1452 01e0 2E       		.uleb128 0x2e
 1453 01e1 01       		.byte	0x1
 1454 01e2 3F       		.uleb128 0x3f
 1455 01e3 19       		.uleb128 0x19
 1456 01e4 03       		.uleb128 0x3
 1457 01e5 0E       		.uleb128 0xe
 1458 01e6 3A       		.uleb128 0x3a
 1459 01e7 0B       		.uleb128 0xb
 1460 01e8 3B       		.uleb128 0x3b
 1461 01e9 0B       		.uleb128 0xb
 1462 01ea 27       		.uleb128 0x27
 1463 01eb 19       		.uleb128 0x19
 1464 01ec 3C       		.uleb128 0x3c
 1465 01ed 19       		.uleb128 0x19
ARM GAS  C:\Users\Petro\AppData\Local\Temp\ccr1oEfb.s 			page 29


 1466 01ee 00       		.byte	0
 1467 01ef 00       		.byte	0
 1468 01f0 00       		.byte	0
 1469              		.section	.debug_loc,"",%progbits
 1470              	.Ldebug_loc0:
 1471              	.LLST0:
 1472 0000 08000000 		.4byte	.LVL5
 1473 0004 19000000 		.4byte	.LVL6-1
 1474 0008 0100     		.2byte	0x1
 1475 000a 50       		.byte	0x50
 1476 000b 24000000 		.4byte	.LVL7
 1477 000f 6A000000 		.4byte	.LVL8
 1478 0013 0100     		.2byte	0x1
 1479 0015 50       		.byte	0x50
 1480 0016 00000000 		.4byte	0
 1481 001a 00000000 		.4byte	0
 1482              	.LLST1:
 1483 001e 00000000 		.4byte	.LVL9
 1484 0022 08000000 		.4byte	.LVL10
 1485 0026 0100     		.2byte	0x1
 1486 0028 50       		.byte	0x50
 1487 0029 08000000 		.4byte	.LVL10
 1488 002d 40000000 		.4byte	.LFE38
 1489 0031 0400     		.2byte	0x4
 1490 0033 F3       		.byte	0xf3
 1491 0034 01       		.uleb128 0x1
 1492 0035 50       		.byte	0x50
 1493 0036 9F       		.byte	0x9f
 1494 0037 00000000 		.4byte	0
 1495 003b 00000000 		.4byte	0
 1496              		.section	.debug_aranges,"",%progbits
 1497 0000 44000000 		.4byte	0x44
 1498 0004 0200     		.2byte	0x2
 1499 0006 00000000 		.4byte	.Ldebug_info0
 1500 000a 04       		.byte	0x4
 1501 000b 00       		.byte	0
 1502 000c 0000     		.2byte	0
 1503 000e 0000     		.2byte	0
 1504 0010 00000000 		.4byte	.LFB34
 1505 0014 2C000000 		.4byte	.LFE34-.LFB34
 1506 0018 00000000 		.4byte	.LFB35
 1507 001c 58000000 		.4byte	.LFE35-.LFB35
 1508 0020 00000000 		.4byte	.LFB36
 1509 0024 7C000000 		.4byte	.LFE36-.LFB36
 1510 0028 00000000 		.4byte	.LFB38
 1511 002c 40000000 		.4byte	.LFE38-.LFB38
 1512 0030 00000000 		.4byte	.LFB39
 1513 0034 0A000000 		.4byte	.LFE39-.LFB39
 1514 0038 00000000 		.4byte	.LFB37
 1515 003c 4C000000 		.4byte	.LFE37-.LFB37
 1516 0040 00000000 		.4byte	0
 1517 0044 00000000 		.4byte	0
 1518              		.section	.debug_ranges,"",%progbits
 1519              	.Ldebug_ranges0:
 1520 0000 00000000 		.4byte	.LFB34
 1521 0004 2C000000 		.4byte	.LFE34
 1522 0008 00000000 		.4byte	.LFB35
ARM GAS  C:\Users\Petro\AppData\Local\Temp\ccr1oEfb.s 			page 30


 1523 000c 58000000 		.4byte	.LFE35
 1524 0010 00000000 		.4byte	.LFB36
 1525 0014 7C000000 		.4byte	.LFE36
 1526 0018 00000000 		.4byte	.LFB38
 1527 001c 40000000 		.4byte	.LFE38
 1528 0020 00000000 		.4byte	.LFB39
 1529 0024 0A000000 		.4byte	.LFE39
 1530 0028 00000000 		.4byte	.LFB37
 1531 002c 4C000000 		.4byte	.LFE37
 1532 0030 00000000 		.4byte	0
 1533 0034 00000000 		.4byte	0
 1534              		.section	.debug_line,"",%progbits
 1535              	.Ldebug_line0:
 1536 0000 67020000 		.section	.debug_str,"MS",%progbits,1
 1536      0200AE01 
 1536      00000201 
 1536      FB0E0D00 
 1536      01010101 
 1537              	.LASF20:
 1538 0000 74727565 		.ascii	"true\000"
 1538      00
 1539              	.LASF21:
 1540 0005 626F6F6C 		.ascii	"bool\000"
 1540      00
 1541              	.LASF16:
 1542 000a 63686172 		.ascii	"char\000"
 1542      00
 1543              	.LASF32:
 1544 000f 66697273 		.ascii	"first\000"
 1544      7400
 1545              	.LASF39:
 1546 0015 6C65645F 		.ascii	"led_green_Write\000"
 1546      67726565 
 1546      6E5F5772 
 1546      69746500 
 1547              	.LASF41:
 1548 0025 74696D65 		.ascii	"timer_ClearInterrupt\000"
 1548      725F436C 
 1548      65617249 
 1548      6E746572 
 1548      72757074 
 1549              	.LASF36:
 1550 003a 736B6965 		.ascii	"skier\000"
 1550      7200
 1551              	.LASF3:
 1552 0040 73686F72 		.ascii	"short unsigned int\000"
 1552      7420756E 
 1552      7369676E 
 1552      65642069 
 1552      6E7400
 1553              	.LASF55:
 1554 0053 6973725F 		.ascii	"isr_xbee_StartEx\000"
 1554      78626565 
 1554      5F537461 
 1554      72744578 
 1554      00
 1555              	.LASF43:
ARM GAS  C:\Users\Petro\AppData\Local\Temp\ccr1oEfb.s 			page 31


 1556 0064 78626565 		.ascii	"xbee_GetChar\000"
 1556      5F476574 
 1556      43686172 
 1556      00
 1557              	.LASF47:
 1558 0071 78626565 		.ascii	"xbee_Start\000"
 1558      5F537461 
 1558      727400
 1559              	.LASF26:
 1560 007c 78626565 		.ascii	"xbeeHandler\000"
 1560      48616E64 
 1560      6C657200 
 1561              	.LASF37:
 1562 0088 6C617374 		.ascii	"lastPressed\000"
 1562      50726573 
 1562      73656400 
 1563              	.LASF30:
 1564 0094 6C65645F 		.ascii	"led_indication\000"
 1564      696E6469 
 1564      63617469 
 1564      6F6E00
 1565              	.LASF13:
 1566 00a3 666C6F61 		.ascii	"float\000"
 1566      7400
 1567              	.LASF44:
 1568 00a9 74696D65 		.ascii	"timer_ReadCounter\000"
 1568      725F5265 
 1568      6164436F 
 1568      756E7465 
 1568      7200
 1569              	.LASF1:
 1570 00bb 756E7369 		.ascii	"unsigned char\000"
 1570      676E6564 
 1570      20636861 
 1570      7200
 1571              	.LASF28:
 1572 00c9 696E7075 		.ascii	"input\000"
 1572      7400
 1573              	.LASF15:
 1574 00cf 63686172 		.ascii	"char8\000"
 1574      3800
 1575              	.LASF5:
 1576 00d5 6C6F6E67 		.ascii	"long unsigned int\000"
 1576      20756E73 
 1576      69676E65 
 1576      6420696E 
 1576      7400
 1577              	.LASF45:
 1578 00e7 78626565 		.ascii	"xbee_PutString\000"
 1578      5F507574 
 1578      53747269 
 1578      6E6700
 1579              	.LASF49:
 1580 00f6 6973725F 		.ascii	"isr_timer_StartEx\000"
 1580      74696D65 
 1580      725F5374 
 1580      61727445 
ARM GAS  C:\Users\Petro\AppData\Local\Temp\ccr1oEfb.s 			page 32


 1580      7800
 1581              	.LASF25:
 1582 0108 74696D65 		.ascii	"timerHandler\000"
 1582      7248616E 
 1582      646C6572 
 1582      00
 1583              	.LASF34:
 1584 0115 72756E53 		.ascii	"runStopwach\000"
 1584      746F7077 
 1584      61636800 
 1585              	.LASF24:
 1586 0121 66696E69 		.ascii	"finishHandler\000"
 1586      73684861 
 1586      6E646C65 
 1586      7200
 1587              	.LASF9:
 1588 012f 5F5F7569 		.ascii	"__uint16_t\000"
 1588      6E743136 
 1588      5F7400
 1589              	.LASF14:
 1590 013a 646F7562 		.ascii	"double\000"
 1590      6C6500
 1591              	.LASF52:
 1592 0141 443A5C43 		.ascii	"D:\\Cypress\\system-start-finish\\fw\\finish\\sandb"
 1592      79707265 
 1592      73735C73 
 1592      79737465 
 1592      6D2D7374 
 1593 016f 6F785C57 		.ascii	"ox\\Workspace_finish_1\\finish01.cydsn\000"
 1593      6F726B73 
 1593      70616365 
 1593      5F66696E 
 1593      6973685F 
 1594              	.LASF51:
 1595 0194 2E5C6D61 		.ascii	".\\main.c\000"
 1595      696E2E63 
 1595      00
 1596              	.LASF35:
 1597 019d 77726974 		.ascii	"writeStatus\000"
 1597      65537461 
 1597      74757300 
 1598              	.LASF23:
 1599 01a9 6D736563 		.ascii	"msec\000"
 1599      00
 1600              	.LASF12:
 1601 01ae 75696E74 		.ascii	"uint32\000"
 1601      333200
 1602              	.LASF31:
 1603 01b5 6D61696E 		.ascii	"main\000"
 1603      00
 1604              	.LASF8:
 1605 01ba 756E7369 		.ascii	"unsigned int\000"
 1605      676E6564 
 1605      20696E74 
 1605      00
 1606              	.LASF7:
 1607 01c7 6C6F6E67 		.ascii	"long long unsigned int\000"
ARM GAS  C:\Users\Petro\AppData\Local\Temp\ccr1oEfb.s 			page 33


 1607      206C6F6E 
 1607      6720756E 
 1607      7369676E 
 1607      65642069 
 1608              	.LASF48:
 1609 01de 6973725F 		.ascii	"isr_finish_StartEx\000"
 1609      66696E69 
 1609      73685F53 
 1609      74617274 
 1609      457800
 1610              	.LASF22:
 1611 01f1 686F7572 		.ascii	"hour\000"
 1611      00
 1612              	.LASF17:
 1613 01f6 63796973 		.ascii	"cyisraddress\000"
 1613      72616464 
 1613      72657373 
 1613      00
 1614              	.LASF53:
 1615 0203 74696D65 		.ascii	"time\000"
 1615      00
 1616              	.LASF18:
 1617 0208 73697A65 		.ascii	"sizetype\000"
 1617      74797065 
 1617      00
 1618              	.LASF42:
 1619 0211 66696E69 		.ascii	"finish_ClearInterrupt\000"
 1619      73685F43 
 1619      6C656172 
 1619      496E7465 
 1619      72727570 
 1620              	.LASF6:
 1621 0227 6C6F6E67 		.ascii	"long long int\000"
 1621      206C6F6E 
 1621      6720696E 
 1621      7400
 1622              	.LASF46:
 1623 0235 74696D65 		.ascii	"timer_Start\000"
 1623      725F5374 
 1623      61727400 
 1624              	.LASF19:
 1625 0241 66616C73 		.ascii	"false\000"
 1625      6500
 1626              	.LASF50:
 1627 0247 474E5520 		.ascii	"GNU C 4.9.3 20150303 (release) [ARM/embedded-4_9-br"
 1627      4320342E 
 1627      392E3320 
 1627      32303135 
 1627      30333033 
 1628 027a 616E6368 		.ascii	"anch revision 221220] -mcpu=cortex-m0 -mthumb -g -O"
 1628      20726576 
 1628      6973696F 
 1628      6E203232 
 1628      31323230 
 1629 02ad 67202D66 		.ascii	"g -ffunction-sections -ffat-lto-objects\000"
 1629      66756E63 
 1629      74696F6E 
ARM GAS  C:\Users\Petro\AppData\Local\Temp\ccr1oEfb.s 			page 34


 1629      2D736563 
 1629      74696F6E 
 1630              	.LASF10:
 1631 02d5 75696E74 		.ascii	"uint16_t\000"
 1631      31365F74 
 1631      00
 1632              	.LASF2:
 1633 02de 73686F72 		.ascii	"short int\000"
 1633      7420696E 
 1633      7400
 1634              	.LASF29:
 1635 02e8 62756666 		.ascii	"buffer\000"
 1635      657200
 1636              	.LASF11:
 1637 02ef 75696E74 		.ascii	"uint8\000"
 1637      3800
 1638              	.LASF4:
 1639 02f5 6C6F6E67 		.ascii	"long int\000"
 1639      20696E74 
 1639      00
 1640              	.LASF33:
 1641 02fe 63726F73 		.ascii	"crossFin\000"
 1641      7346696E 
 1641      00
 1642              	.LASF27:
 1643 0307 73686F77 		.ascii	"show_time\000"
 1643      5F74696D 
 1643      6500
 1644              	.LASF0:
 1645 0311 7369676E 		.ascii	"signed char\000"
 1645      65642063 
 1645      68617200 
 1646              	.LASF38:
 1647 031d 77726974 		.ascii	"write_time\000"
 1647      655F7469 
 1647      6D6500
 1648              	.LASF54:
 1649 0328 73707269 		.ascii	"sprintf\000"
 1649      6E746600 
 1650              	.LASF40:
 1651 0330 43794465 		.ascii	"CyDelay\000"
 1651      6C617900 
 1652              		.ident	"GCC: (GNU Tools for ARM Embedded Processors) 4.9.3 20150303 (release) [ARM/embedded-4_9-br
