--------------- Build Started: 02/02/2017 17:41:18 Project: start_v10, Configuration: ARM GCC 4.9-2015-q1-update Debug ---------------
The code generation step is up to date.
arm-none-eabi-gcc.exe -mcpu=cortex-m0 -mthumb -I. -IGenerated_Source\PSoC4 -Wa,-alh=.\CortexM0\ARM_GCC_493\Debug/main.lst -g -D DEBUG -Wall -ffunction-sections -O0 -ffat-lto-objects -c main.c -o .\CortexM0\ARM_GCC_493\Debug\main.o
In file included from Generated_Source\PSoC4/project.h:63:0,
                 from appGlobal.h:2,
                 from main.c:1:
Generated_Source\PSoC4/SwSPI_Master_PVT.h:140:8: warning: "/*" within comment [-Wcomment]
 #endif /* (0 == SwSPI_Master_LCDPort__SHIFT) */
 ^
Generated_Source\PSoC4/SwSPI_Master_PVT.h:153:5: warning: multi-line comment [-Wcomment]
     //#define SwSPI_Master_HIGH_Z_DATA_DM           ((0x00000249ul) << (SwSPI_Master_OUTPORT_SHIFT *\
     ^
Generated_Source\PSoC4/SwSPI_Master_PVT.h:155:5: warning: multi-line comment [-Wcomment]
     //#define SwSPI_Master_STRONG_DATA_DM           ((0x00000DB6ul) << (SwSPI_Master_OUTPORT_SHIFT *\
     ^
Generated_Source\PSoC4/SwSPI_Master_PVT.h:158:5: warning: multi-line comment [-Wcomment]
     //#define SwSPI_Master_DM_DATA_MASK             ((uint32) (SwSPI_Master_DATA_PINS_MASK << \
     ^
arm-none-eabi-ar.exe -rs .\CortexM0\ARM_GCC_493\Debug\start_v10.a .\CortexM0\ARM_GCC_493\Debug\cyfitter_cfg.o .\CortexM0\ARM_GCC_493\Debug\CyFlash.o .\CortexM0\ARM_GCC_493\Debug\CyLib.o .\CortexM0\ARM_GCC_493\Debug\cyPm.o .\CortexM0\ARM_GCC_493\Debug\cyutils.o .\CortexM0\ARM_GCC_493\Debug\CyLFClk.o .\CortexM0\ARM_GCC_493\Debug\RTC.o .\CortexM0\ARM_GCC_493\Debug\GatePin.o .\CortexM0\ARM_GCC_493\Debug\GatePin_PM.o .\CortexM0\ARM_GCC_493\Debug\Timer_LED.o .\CortexM0\ARM_GCC_493\Debug\Timer_LED_PM.o .\CortexM0\ARM_GCC_493\Debug\Int_Timer_Led.o .\CortexM0\ARM_GCC_493\Debug\timer_clock.o .\CortexM0\ARM_GCC_493\Debug\UART_XB.o .\CortexM0\ARM_GCC_493\Debug\UART_XB_SPI_UART.o .\CortexM0\ARM_GCC_493\Debug\UART_XB_SPI_UART_INT.o .\CortexM0\ARM_GCC_493\Debug\UART_XB_PM.o .\CortexM0\ARM_GCC_493\Debug\UART_XB_UART.o .\CortexM0\ARM_GCC_493\Debug\UART_XB_BOOT.o .\CortexM0\ARM_GCC_493\Debug\UART_XB_UART_BOOT.o .\CortexM0\ARM_GCC_493\Debug\UART_XB_SCBCLK.o .\CortexM0\ARM_GCC_493\Debug\UART_XB_tx.o .\CortexM0\ARM_GCC_493\Debug\UART_XB_tx_PM.o .\CortexM0\ARM_GCC_493\Debug\UART_XB_rx.o .\CortexM0\ARM_GCC_493\Debug\UART_XB_rx_PM.o .\CortexM0\ARM_GCC_493\Debug\SwSPI_Master.o .\CortexM0\ARM_GCC_493\Debug\UART_XB_SCB_IRQ.o .\CortexM0\ARM_GCC_493\Debug\GATE_INT.o .\CortexM0\ARM_GCC_493\Debug\AppDelay.o .\CortexM0\ARM_GCC_493\Debug\AppDelay_PM.o .\CortexM0\ARM_GCC_493\Debug\debug.o .\CortexM0\ARM_GCC_493\Debug\debug_PM.o .\CortexM0\ARM_GCC_493\Debug\debugntp.o .\CortexM0\ARM_GCC_493\Debug\debugntp_PM.o .\CortexM0\ARM_GCC_493\Debug\ADC.o .\CortexM0\ARM_GCC_493\Debug\ADC_PM.o .\CortexM0\ARM_GCC_493\Debug\ADC_INT.o .\CortexM0\ARM_GCC_493\Debug\voltage.o .\CortexM0\ARM_GCC_493\Debug\voltage_PM.o .\CortexM0\ARM_GCC_493\Debug\ADC_IRQ.o .\CortexM0\ARM_GCC_493\Debug\ADC_intClock.o .\CortexM0\ARM_GCC_493\Debug\CE.o .\CortexM0\ARM_GCC_493\Debug\CE_PM.o .\CortexM0\ARM_GCC_493\Debug\RST.o .\CortexM0\ARM_GCC_493\Debug\RST_PM.o .\CortexM0\ARM_GCC_493\Debug\DC.o .\CortexM0\ARM_GCC_493\Debug\DC_PM.o .\CortexM0\ARM_GCC_493\Debug\LCD_BL.o .\CortexM0\ARM_GCC_493\Debug\LCD_BL_PM.o .\CortexM0\ARM_GCC_493\Debug\timer_clock_2.o .\CortexM0\ARM_GCC_493\Debug\TimerTestMode.o .\CortexM0\ARM_GCC_493\Debug\TimerTestMode_PM.o .\CortexM0\ARM_GCC_493\Debug\Clock_3.o .\CortexM0\ARM_GCC_493\Debug\Int_timerTestMode.o .\CortexM0\ARM_GCC_493\Debug\Pin_testMode.o .\CortexM0\ARM_GCC_493\Debug\Pin_testMode_PM.o .\CortexM0\ARM_GCC_493\Debug\SW_RunTestMode.o .\CortexM0\ARM_GCC_493\Debug\SW_RunTestMode_PM.o .\CortexM0\ARM_GCC_493\Debug\LED_RED_PIN.o .\CortexM0\ARM_GCC_493\Debug\LED_RED_PIN_PM.o .\CortexM0\ARM_GCC_493\Debug\LED_GREEN_PIN.o .\CortexM0\ARM_GCC_493\Debug\LED_GREEN_PIN_PM.o .\CortexM0\ARM_GCC_493\Debug\SwSPI_Master_SPI_MISO.o .\CortexM0\ARM_GCC_493\Debug\SwSPI_Master_SPI_MISO_PM.o .\CortexM0\ARM_GCC_493\Debug\SwSPI_Master_SPI_CS.o .\CortexM0\ARM_GCC_493\Debug\SwSPI_Master_SPI_CS_PM.o .\CortexM0\ARM_GCC_493\Debug\SwSPI_Master_SPI_MOSI.o .\CortexM0\ARM_GCC_493\Debug\SwSPI_Master_SPI_MOSI_PM.o .\CortexM0\ARM_GCC_493\Debug\SwSPI_Master_SPI_SCK.o .\CortexM0\ARM_GCC_493\Debug\SwSPI_Master_SPI_SCK_PM.o .\CortexM0\ARM_GCC_493\Debug\CyBootAsmGnu.o
arm-none-eabi-ar.exe: creating .\CortexM0\ARM_GCC_493\Debug\start_v10.a
arm-none-eabi-gcc.exe -Wl,--start-group -o .\CortexM0\ARM_GCC_493\Debug\start_v10.elf .\CortexM0\ARM_GCC_493\Debug\RTC_WDT.o .\CortexM0\ARM_GCC_493\Debug\display.o .\CortexM0\ARM_GCC_493\Debug\DefaultFonts.o .\CortexM0\ARM_GCC_493\Debug\Graphics.o .\CortexM0\ARM_GCC_493\Debug\LCD5110_Graph.o .\CortexM0\ARM_GCC_493\Debug\gate.o .\CortexM0\ARM_GCC_493\Debug\LED.o .\CortexM0\ARM_GCC_493\Debug\crc32.o .\CortexM0\ARM_GCC_493\Debug\svt.o .\CortexM0\ARM_GCC_493\Debug\ntp.o .\CortexM0\ARM_GCC_493\Debug\network.o .\CortexM0\ARM_GCC_493\Debug\myDelay.o .\CortexM0\ARM_GCC_493\Debug\batt.o .\CortexM0\ARM_GCC_493\Debug\testMode.o .\CortexM0\ARM_GCC_493\Debug\main.o .\CortexM0\ARM_GCC_493\Debug\cymetadata.o .\CortexM0\ARM_GCC_493\Debug\Cm0Start.o .\CortexM0\ARM_GCC_493\Debug\start_v10.a "C:\Program Files (x86)\Cypress\PSoC Creator\4.0\PSoC Creator\psoc\content\cycomponentlibrary\CyComponentLibrary.cylib\CortexM0\ARM_GCC_493\Debug\CyComponentLibrary.a" -mcpu=cortex-m0 -mthumb -g -ffunction-sections -O0 -ffat-lto-objects -L Generated_Source\PSoC4 -Wl,-Map,.\CortexM0\ARM_GCC_493\Debug/start_v10.map -T "D:\Cypress\system-start-finish\vesion 2\fw\start\sandbox\v10_fix_network\start_v10.cydsn\Generated_Source\PSoC4\cm0gcc.ld" -u _printf_float -Wl,--gc-sections -u _printf_float -Wl,--end-group
cyelftool.exe -C "D:\Cypress\system-start-finish\vesion 2\fw\start\sandbox\v10_fix_network\start_v10.cydsn\CortexM0\ARM_GCC_493\Debug\start_v10.elf" --flash_row_size 128 --flash_size 131072
cyelftool.exe -S "D:\Cypress\system-start-finish\vesion 2\fw\start\sandbox\v10_fix_network\start_v10.cydsn\CortexM0\ARM_GCC_493\Debug\start_v10.elf"
Flash used: 54228 of 131072 bytes (41,4%).
SRAM used: 10964 of 16384 bytes (66,9%). Stack: 2048 bytes. Heap: 4096 bytes.
--------------- Build Succeeded: 02/02/2017 17:41:19 ---------------
