ARM GAS  C:\Users\Petro\AppData\Local\Temp\cc05hLAd.s 			page 1


   1              		.cpu cortex-m0
   2              		.fpu softvfp
   3              		.eabi_attribute 20, 1
   4              		.eabi_attribute 21, 1
   5              		.eabi_attribute 23, 3
   6              		.eabi_attribute 24, 1
   7              		.eabi_attribute 25, 1
   8              		.eabi_attribute 26, 1
   9              		.eabi_attribute 30, 6
  10              		.eabi_attribute 34, 0
  11              		.eabi_attribute 18, 4
  12              		.code	16
  13              		.file	"main.c"
  14              		.text
  15              	.Ltext0:
  16              		.cfi_sections	.debug_frame
  17              		.comm	currentState,1,1
  18              		.bss
  19              		.align	2
  20              	result:
  21 0000 00000000 		.space	4
  22              		.section	.text.main,"ax",%progbits
  23              		.align	2
  24              		.global	main
  25              		.code	16
  26              		.thumb_func
  27              		.type	main, %function
  28              	main:
  29              	.LFB63:
  30              		.file 1 "main.c"
   1:main.c        **** #include "appGlobal.h"
   2:main.c        **** 
   3:main.c        **** int main()
   4:main.c        **** {
  31              		.loc 1 4 0
  32              		.cfi_startproc
  33 0000 80B5     		push	{r7, lr}
  34              		.cfi_def_cfa_offset 8
  35              		.cfi_offset 7, -8
  36              		.cfi_offset 14, -4
  37 0002 00AF     		add	r7, sp, #0
  38              		.cfi_def_cfa_register 7
   5:main.c        ****     SystemInit();
  39              		.loc 1 5 0
  40 0004 FFF7FEFF 		bl	SystemInit
   6:main.c        ****     currentState = TIME_SYNC;
  41              		.loc 1 6 0
  42 0008 294B     		ldr	r3, .L14
  43 000a 0022     		mov	r2, #0
  44 000c 1A70     		strb	r2, [r3]
  45              	.L13:
   7:main.c        **** 
   8:main.c        ****     for(;;)
   9:main.c        ****     {
  10:main.c        ****         switch (currentState)
  46              		.loc 1 10 0
  47 000e 284B     		ldr	r3, .L14
ARM GAS  C:\Users\Petro\AppData\Local\Temp\cc05hLAd.s 			page 2


  48 0010 1B78     		ldrb	r3, [r3]
  49 0012 012B     		cmp	r3, #1
  50 0014 16D0     		beq	.L3
  51 0016 02DC     		bgt	.L4
  52 0018 002B     		cmp	r3, #0
  53 001a 05D0     		beq	.L5
  54 001c 42E0     		b	.L2
  55              	.L4:
  56 001e 022B     		cmp	r3, #2
  57 0020 26D0     		beq	.L6
  58 0022 032B     		cmp	r3, #3
  59 0024 35D0     		beq	.L7
  60 0026 3DE0     		b	.L2
  61              	.L5:
  11:main.c        ****         {
  12:main.c        ****             case TIME_SYNC:
  13:main.c        ****             {
  14:main.c        ****                 result = TimeSynchronize();
  62              		.loc 1 14 0
  63 0028 FFF7FEFF 		bl	TimeSynchronize
  64 002c 021C     		mov	r2, r0
  65 002e 214B     		ldr	r3, .L14+4
  66 0030 1A60     		str	r2, [r3]
  15:main.c        ****                 if(result == TIME_SYNC_OK)
  67              		.loc 1 15 0
  68 0032 204B     		ldr	r3, .L14+4
  69 0034 1B68     		ldr	r3, [r3]
  70 0036 002B     		cmp	r3, #0
  71 0038 03D1     		bne	.L8
  16:main.c        ****                 {
  17:main.c        ****                     currentState = GET_FIN_STATUS;
  72              		.loc 1 17 0
  73 003a 1D4B     		ldr	r3, .L14
  74 003c 0122     		mov	r2, #1
  75 003e 1A70     		strb	r2, [r3]
  18:main.c        ****                 }
  19:main.c        ****                 break;
  76              		.loc 1 19 0
  77 0040 30E0     		b	.L2
  78              	.L8:
  79 0042 2FE0     		b	.L2
  80              	.L3:
  20:main.c        ****             }
  21:main.c        ****             case GET_FIN_STATUS:
  22:main.c        ****             {
  23:main.c        ****                 result = GetFinishStatus();
  81              		.loc 1 23 0
  82 0044 FFF7FEFF 		bl	GetFinishStatus
  83 0048 021C     		mov	r2, r0
  84 004a 1A4B     		ldr	r3, .L14+4
  85 004c 1A60     		str	r2, [r3]
  24:main.c        **** 
  25:main.c        ****                 if(result == NO_ERROR)
  86              		.loc 1 25 0
  87 004e 194B     		ldr	r3, .L14+4
  88 0050 1B68     		ldr	r3, [r3]
  89 0052 012B     		cmp	r3, #1
ARM GAS  C:\Users\Petro\AppData\Local\Temp\cc05hLAd.s 			page 3


  90 0054 03D1     		bne	.L9
  26:main.c        ****                 {
  27:main.c        ****                     currentState = CHECK_GATE;                   
  91              		.loc 1 27 0
  92 0056 164B     		ldr	r3, .L14
  93 0058 0222     		mov	r2, #2
  94 005a 1A70     		strb	r2, [r3]
  95 005c 07E0     		b	.L10
  96              	.L9:
  28:main.c        ****                 }
  29:main.c        ****                 else if(result == REBOOT)  
  97              		.loc 1 29 0
  98 005e 154B     		ldr	r3, .L14+4
  99 0060 1B68     		ldr	r3, [r3]
 100 0062 FF2B     		cmp	r3, #255
 101 0064 03D1     		bne	.L10
  30:main.c        ****                 {
  31:main.c        ****                     currentState = TIME_SYNC;
 102              		.loc 1 31 0
 103 0066 124B     		ldr	r3, .L14
 104 0068 0022     		mov	r2, #0
 105 006a 1A70     		strb	r2, [r3]
  32:main.c        ****                 }
  33:main.c        ****                 break;
 106              		.loc 1 33 0
 107 006c 1AE0     		b	.L2
 108              	.L10:
 109 006e 19E0     		b	.L2
 110              	.L6:
  34:main.c        ****             }
  35:main.c        ****             case CHECK_GATE:
  36:main.c        ****             {
  37:main.c        ****                 result = CheckGate();
 111              		.loc 1 37 0
 112 0070 FFF7FEFF 		bl	CheckGate
 113 0074 021C     		mov	r2, r0
 114 0076 0F4B     		ldr	r3, .L14+4
 115 0078 1A60     		str	r2, [r3]
  38:main.c        ****                 if(result == GATE_OPEN)
 116              		.loc 1 38 0
 117 007a 0E4B     		ldr	r3, .L14+4
 118 007c 1B68     		ldr	r3, [r3]
 119 007e 012B     		cmp	r3, #1
 120 0080 03D1     		bne	.L11
  39:main.c        ****                 {
  40:main.c        ****                     currentState = SAVE_RESULT;
 121              		.loc 1 40 0
 122 0082 0B4B     		ldr	r3, .L14
 123 0084 0322     		mov	r2, #3
 124 0086 1A70     		strb	r2, [r3]
  41:main.c        ****                 }
  42:main.c        ****                 else
  43:main.c        ****                 {
  44:main.c        ****                     currentState = GET_FIN_STATUS;
  45:main.c        ****                 }
  46:main.c        ****                 break;
 125              		.loc 1 46 0
ARM GAS  C:\Users\Petro\AppData\Local\Temp\cc05hLAd.s 			page 4


 126 0088 0CE0     		b	.L2
 127              	.L11:
  44:main.c        ****                 }
 128              		.loc 1 44 0
 129 008a 094B     		ldr	r3, .L14
 130 008c 0122     		mov	r2, #1
 131 008e 1A70     		strb	r2, [r3]
 132              		.loc 1 46 0
 133 0090 08E0     		b	.L2
 134              	.L7:
  47:main.c        ****             }
  48:main.c        ****             case SAVE_RESULT:
  49:main.c        ****             {
  50:main.c        ****                 result = SaveResult();
 135              		.loc 1 50 0
 136 0092 FFF7FEFF 		bl	SaveResult
 137 0096 021C     		mov	r2, r0
 138 0098 064B     		ldr	r3, .L14+4
 139 009a 1A60     		str	r2, [r3]
  51:main.c        ****                 currentState = GET_FIN_STATUS;
 140              		.loc 1 51 0
 141 009c 044B     		ldr	r3, .L14
 142 009e 0122     		mov	r2, #1
 143 00a0 1A70     		strb	r2, [r3]
  52:main.c        ****     
  53:main.c        ****                 break;
 144              		.loc 1 53 0
 145 00a2 C046     		mov	r8, r8
 146              	.L2:
  54:main.c        ****             }           
  55:main.c        ****         }
  56:main.c        ****         MyDelay(TIMEOUT_STATE);
 147              		.loc 1 56 0
 148 00a4 FA23     		mov	r3, #250
 149 00a6 5B00     		lsl	r3, r3, #1
 150 00a8 181C     		mov	r0, r3
 151 00aa FFF7FEFF 		bl	MyDelay
  57:main.c        ****     }
 152              		.loc 1 57 0
 153 00ae AEE7     		b	.L13
 154              	.L15:
 155              		.align	2
 156              	.L14:
 157 00b0 00000000 		.word	currentState
 158 00b4 00000000 		.word	result
 159              		.cfi_endproc
 160              	.LFE63:
 161              		.size	main, .-main
 162              		.section	.rodata
 163              		.align	2
 164              	.LC2:
 165 0000 53797374 		.ascii	"System init...\000"
 165      656D2069 
 165      6E69742E 
 165      2E2E00
 166              		.section	.text.SystemInit,"ax",%progbits
 167              		.align	2
ARM GAS  C:\Users\Petro\AppData\Local\Temp\cc05hLAd.s 			page 5


 168              		.global	SystemInit
 169              		.code	16
 170              		.thumb_func
 171              		.type	SystemInit, %function
 172              	SystemInit:
 173              	.LFB64:
  58:main.c        **** }
  59:main.c        **** 
  60:main.c        **** void  SystemInit(void)
  61:main.c        **** {   
 174              		.loc 1 61 0
 175              		.cfi_startproc
 176 0000 80B5     		push	{r7, lr}
 177              		.cfi_def_cfa_offset 8
 178              		.cfi_offset 7, -8
 179              		.cfi_offset 14, -4
 180 0002 00AF     		add	r7, sp, #0
 181              		.cfi_def_cfa_register 7
  62:main.c        ****     SetRebootFlag();
 182              		.loc 1 62 0
 183 0004 FFF7FEFF 		bl	SetRebootFlag
  63:main.c        ****     LedInit();
 184              		.loc 1 63 0
 185 0008 FFF7FEFF 		bl	LedInit
  64:main.c        ****     //LedRedBlink(FREQ_INIT_BLINK);
  65:main.c        ****     SetLedsState(LED_ENABLE, LED_DISABLE);
 186              		.loc 1 65 0
 187 000c 0120     		mov	r0, #1
 188 000e 0021     		mov	r1, #0
 189 0010 FFF7FEFF 		bl	SetLedsState
  66:main.c        ****     
  67:main.c        ****     DisplayStart();
 190              		.loc 1 67 0
 191 0014 FFF7FEFF 		bl	DisplayStart
  68:main.c        ****     Display("System init...");
 192              		.loc 1 68 0
 193 0018 084B     		ldr	r3, .L17
 194 001a 181C     		mov	r0, r3
 195 001c FFF7FEFF 		bl	Display
  69:main.c        ****     DisplaBacklightOn();
 196              		.loc 1 69 0
 197 0020 FFF7FEFF 		bl	DisplaBacklightOn
  70:main.c        ****     
  71:main.c        ****     RTC_WDT_Init(); 
 198              		.loc 1 71 0
 199 0024 FFF7FEFF 		bl	RTC_WDT_Init
  72:main.c        ****     InitNetwork();
 200              		.loc 1 72 0
 201 0028 FFF7FEFF 		bl	InitNetwork
  73:main.c        ****     GateInit();
 202              		.loc 1 73 0
 203 002c FFF7FEFF 		bl	GateInit
  74:main.c        ****     BattADC_Init();
 204              		.loc 1 74 0
 205 0030 FFF7FEFF 		bl	BattADC_Init
  75:main.c        ****     
  76:main.c        ****     /* Enable global interrupts. */ 
ARM GAS  C:\Users\Petro\AppData\Local\Temp\cc05hLAd.s 			page 6


  77:main.c        ****     CyGlobalIntEnable; 
 206              		.loc 1 77 0
 207              	@ 77 "main.c" 1
 208 0034 62B6     		CPSIE   i
 209              	@ 0 "" 2
  78:main.c        ****     
  79:main.c        **** }
 210              		.loc 1 79 0
 211              		.code	16
 212 0036 BD46     		mov	sp, r7
 213              		@ sp needed
 214 0038 80BD     		pop	{r7, pc}
 215              	.L18:
 216 003a C046     		.align	2
 217              	.L17:
 218 003c 00000000 		.word	.LC2
 219              		.cfi_endproc
 220              	.LFE64:
 221              		.size	SystemInit, .-SystemInit
 222              		.section	.rodata
 223 000f 00       		.align	2
 224              	.LC4:
 225 0010 4E657477 		.ascii	"Network conn...\000"
 225      6F726B20 
 225      636F6E6E 
 225      2E2E2E00 
 226              		.align	2
 227              	.LC6:
 228 0020 53796E63 		.ascii	"Sync time...\000"
 228      2074696D 
 228      652E2E2E 
 228      00
 229 002d 000000   		.align	2
 230              	.LC8:
 231 0030 53796E63 		.ascii	"Sync ok\000"
 231      206F6B00 
 232              		.align	2
 233              	.LC10:
 234 0038 53796E63 		.ascii	"Sync time error\000"
 234      2074696D 
 234      65206572 
 234      726F7200 
 235              		.section	.text.TimeSynchronize,"ax",%progbits
 236              		.align	2
 237              		.global	TimeSynchronize
 238              		.code	16
 239              		.thumb_func
 240              		.type	TimeSynchronize, %function
 241              	TimeSynchronize:
 242              	.LFB65:
  80:main.c        **** 
  81:main.c        **** uint32_t TimeSynchronize(void)
  82:main.c        **** {
 243              		.loc 1 82 0
 244              		.cfi_startproc
 245 0000 80B5     		push	{r7, lr}
 246              		.cfi_def_cfa_offset 8
ARM GAS  C:\Users\Petro\AppData\Local\Temp\cc05hLAd.s 			page 7


 247              		.cfi_offset 7, -8
 248              		.cfi_offset 14, -4
 249 0002 82B0     		sub	sp, sp, #8
 250              		.cfi_def_cfa_offset 16
 251 0004 00AF     		add	r7, sp, #0
 252              		.cfi_def_cfa_register 7
  83:main.c        ****     uint32_t result;
  84:main.c        ****     
  85:main.c        ****     //LedRedBlink(FREQ_INIT_BLINK);
  86:main.c        ****     SetLedsState(LED_ENABLE, LED_DISABLE);
 253              		.loc 1 86 0
 254 0006 0120     		mov	r0, #1
 255 0008 0021     		mov	r1, #0
 256 000a FFF7FEFF 		bl	SetLedsState
  87:main.c        ****     
  88:main.c        ****     /*network connect*/
  89:main.c        ****     if(NetworkStatus() == NETWORK_DISCONN)
 257              		.loc 1 89 0
 258 000e FFF7FEFF 		bl	NetworkStatus
 259 0012 031E     		sub	r3, r0, #0
 260 0014 09D1     		bne	.L20
  90:main.c        ****     {
  91:main.c        ****         Display("Network conn...");
 261              		.loc 1 91 0
 262 0016 194B     		ldr	r3, .L24
 263 0018 181C     		mov	r0, r3
 264 001a FFF7FEFF 		bl	Display
  92:main.c        ****         MyDelay(TIMEOUT_STATE);
 265              		.loc 1 92 0
 266 001e FA23     		mov	r3, #250
 267 0020 5B00     		lsl	r3, r3, #1
 268 0022 181C     		mov	r0, r3
 269 0024 FFF7FEFF 		bl	MyDelay
 270 0028 22E0     		b	.L21
 271              	.L20:
  93:main.c        ****     }
  94:main.c        ****     else
  95:main.c        ****     {
  96:main.c        ****         /*time sync*/
  97:main.c        ****         Display("Sync time...");
 272              		.loc 1 97 0
 273 002a 154B     		ldr	r3, .L24+4
 274 002c 181C     		mov	r0, r3
 275 002e FFF7FEFF 		bl	Display
  98:main.c        ****         
  99:main.c        ****         if(NTPsync() == TIME_SYNC_OK)
 276              		.loc 1 99 0
 277 0032 FFF7FEFF 		bl	NTPsync
 278 0036 031E     		sub	r3, r0, #0
 279 0038 0DD1     		bne	.L22
 100:main.c        ****         {
 101:main.c        ****             Display("Sync ok");
 280              		.loc 1 101 0
 281 003a 124B     		ldr	r3, .L24+8
 282 003c 181C     		mov	r0, r3
 283 003e FFF7FEFF 		bl	Display
 102:main.c        ****             ClearRebootFlag();
ARM GAS  C:\Users\Petro\AppData\Local\Temp\cc05hLAd.s 			page 8


 284              		.loc 1 102 0
 285 0042 FFF7FEFF 		bl	ClearRebootFlag
 103:main.c        ****             MyDelay(4*TIMEOUT_USER_READ_INFO);
 286              		.loc 1 103 0
 287 0046 FA23     		mov	r3, #250
 288 0048 DB00     		lsl	r3, r3, #3
 289 004a 181C     		mov	r0, r3
 290 004c FFF7FEFF 		bl	MyDelay
 104:main.c        ****             
 105:main.c        ****             result = TIME_SYNC_OK;
 291              		.loc 1 105 0
 292 0050 0023     		mov	r3, #0
 293 0052 7B60     		str	r3, [r7, #4]
 294 0054 0CE0     		b	.L21
 295              	.L22:
 106:main.c        ****         }
 107:main.c        ****         else
 108:main.c        ****         {
 109:main.c        ****             Display("Sync time error");
 296              		.loc 1 109 0
 297 0056 0C4B     		ldr	r3, .L24+12
 298 0058 181C     		mov	r0, r3
 299 005a FFF7FEFF 		bl	Display
 110:main.c        ****             SetRebootFlag();
 300              		.loc 1 110 0
 301 005e FFF7FEFF 		bl	SetRebootFlag
 111:main.c        ****             MyDelay(TIMEOUT_USER_READ_INFO);
 302              		.loc 1 111 0
 303 0062 FA23     		mov	r3, #250
 304 0064 5B00     		lsl	r3, r3, #1
 305 0066 181C     		mov	r0, r3
 306 0068 FFF7FEFF 		bl	MyDelay
 112:main.c        ****       
 113:main.c        ****             result = TIME_SYNC_ERR;
 307              		.loc 1 113 0
 308 006c 0123     		mov	r3, #1
 309 006e 7B60     		str	r3, [r7, #4]
 310              	.L21:
 114:main.c        ****         }
 115:main.c        ****     }
 116:main.c        ****     
 117:main.c        ****     return result;
 311              		.loc 1 117 0
 312 0070 7B68     		ldr	r3, [r7, #4]
 118:main.c        **** }
 313              		.loc 1 118 0
 314 0072 181C     		mov	r0, r3
 315 0074 BD46     		mov	sp, r7
 316 0076 02B0     		add	sp, sp, #8
 317              		@ sp needed
 318 0078 80BD     		pop	{r7, pc}
 319              	.L25:
 320 007a C046     		.align	2
 321              	.L24:
 322 007c 10000000 		.word	.LC4
 323 0080 20000000 		.word	.LC6
 324 0084 30000000 		.word	.LC8
ARM GAS  C:\Users\Petro\AppData\Local\Temp\cc05hLAd.s 			page 9


 325 0088 38000000 		.word	.LC10
 326              		.cfi_endproc
 327              	.LFE65:
 328              		.size	TimeSynchronize, .-TimeSynchronize
 329              		.section	.rodata
 330              		.align	2
 331              	.LC12:
 332 0048 46696E20 		.ascii	"Fin no ready\000"
 332      6E6F2072 
 332      65616479 
 332      00
 333              		.section	.text.GetFinishStatus,"ax",%progbits
 334              		.align	2
 335              		.global	GetFinishStatus
 336              		.code	16
 337              		.thumb_func
 338              		.type	GetFinishStatus, %function
 339              	GetFinishStatus:
 340              	.LFB66:
 119:main.c        **** 
 120:main.c        **** uint32_t GetFinishStatus(void)
 121:main.c        **** {
 341              		.loc 1 121 0
 342              		.cfi_startproc
 343 0000 80B5     		push	{r7, lr}
 344              		.cfi_def_cfa_offset 8
 345              		.cfi_offset 7, -8
 346              		.cfi_offset 14, -4
 347 0002 82B0     		sub	sp, sp, #8
 348              		.cfi_def_cfa_offset 16
 349 0004 00AF     		add	r7, sp, #0
 350              		.cfi_def_cfa_register 7
 122:main.c        ****     uint32_t result;
 123:main.c        ****     
 124:main.c        ****     if (NetworkStatus() == NETWORK_DISCONN || FinWriteInDB() == NO_WRITE || FinReady() == NO_READY)
 351              		.loc 1 124 0
 352 0006 FFF7FEFF 		bl	NetworkStatus
 353 000a 031E     		sub	r3, r0, #0
 354 000c 07D0     		beq	.L27
 355              		.loc 1 124 0 is_stmt 0 discriminator 1
 356 000e FFF7FEFF 		bl	FinWriteInDB
 357 0012 031E     		sub	r3, r0, #0
 358 0014 03D0     		beq	.L27
 359              		.loc 1 124 0 discriminator 2
 360 0016 FFF7FEFF 		bl	FinReady
 361 001a 031E     		sub	r3, r0, #0
 362 001c 11D1     		bne	.L28
 363              	.L27:
 125:main.c        ****     {
 126:main.c        ****         //LedRedBlink(FREQ_ERR_BLINK);
 127:main.c        ****         SetLedsState(LED_ENABLE, LED_DISABLE);
 364              		.loc 1 127 0 is_stmt 1
 365 001e 0120     		mov	r0, #1
 366 0020 0021     		mov	r1, #0
 367 0022 FFF7FEFF 		bl	SetLedsState
 128:main.c        ****         Display("Fin no ready");
 368              		.loc 1 128 0
ARM GAS  C:\Users\Petro\AppData\Local\Temp\cc05hLAd.s 			page 10


 369 0026 0F4B     		ldr	r3, .L32
 370 0028 181C     		mov	r0, r3
 371 002a FFF7FEFF 		bl	Display
 129:main.c        ****         DisAllowNextSkier();
 372              		.loc 1 129 0
 373 002e FFF7FEFF 		bl	DisAllowNextSkier
 130:main.c        ****         MyDelay(TIMEOUT_USER_READ_INFO);
 374              		.loc 1 130 0
 375 0032 FA23     		mov	r3, #250
 376 0034 5B00     		lsl	r3, r3, #1
 377 0036 181C     		mov	r0, r3
 378 0038 FFF7FEFF 		bl	MyDelay
 131:main.c        ****         result = ERROR;
 379              		.loc 1 131 0
 380 003c 0023     		mov	r3, #0
 381 003e 7B60     		str	r3, [r7, #4]
 382 0040 01E0     		b	.L29
 383              	.L28:
 132:main.c        ****     }
 133:main.c        ****     else
 134:main.c        ****     {
 135:main.c        ****         result = NO_ERROR;
 384              		.loc 1 135 0
 385 0042 0123     		mov	r3, #1
 386 0044 7B60     		str	r3, [r7, #4]
 387              	.L29:
 136:main.c        ****     }
 137:main.c        ****     
 138:main.c        ****     if(IsRebootFinishFlag() == REBOOT)
 388              		.loc 1 138 0
 389 0046 FFF7FEFF 		bl	IsRebootFinishFlag
 390 004a 031E     		sub	r3, r0, #0
 391 004c FF2B     		cmp	r3, #255
 392 004e 01D1     		bne	.L30
 139:main.c        ****     {
 140:main.c        ****         result = REBOOT;    
 393              		.loc 1 140 0
 394 0050 FF23     		mov	r3, #255
 395 0052 7B60     		str	r3, [r7, #4]
 396              	.L30:
 141:main.c        ****     }
 142:main.c        ****     
 143:main.c        ****     newFuncTestMode();
 397              		.loc 1 143 0
 398 0054 FFF7FEFF 		bl	newFuncTestMode
 144:main.c        ****     
 145:main.c        ****     return result;
 399              		.loc 1 145 0
 400 0058 7B68     		ldr	r3, [r7, #4]
 146:main.c        ****     
 147:main.c        **** }
 401              		.loc 1 147 0
 402 005a 181C     		mov	r0, r3
 403 005c BD46     		mov	sp, r7
 404 005e 02B0     		add	sp, sp, #8
 405              		@ sp needed
 406 0060 80BD     		pop	{r7, pc}
ARM GAS  C:\Users\Petro\AppData\Local\Temp\cc05hLAd.s 			page 11


 407              	.L33:
 408 0062 C046     		.align	2
 409              	.L32:
 410 0064 48000000 		.word	.LC12
 411              		.cfi_endproc
 412              	.LFE66:
 413              		.size	GetFinishStatus, .-GetFinishStatus
 414              		.section	.rodata
 415 0055 000000   		.align	2
 416              	.LC14:
 417 0058 536B6965 		.ascii	"Skier Started\000"
 417      72205374 
 417      61727465 
 417      6400
 418 0066 0000     		.align	2
 419              	.LC16:
 420 0068 53746172 		.ascii	"Start ready\000"
 420      74207265 
 420      61647900 
 421              		.section	.text.CheckGate,"ax",%progbits
 422              		.align	2
 423              		.global	CheckGate
 424              		.code	16
 425              		.thumb_func
 426              		.type	CheckGate, %function
 427              	CheckGate:
 428              	.LFB67:
 148:main.c        **** 
 149:main.c        **** uint32_t CheckGate(void)
 150:main.c        **** {
 429              		.loc 1 150 0
 430              		.cfi_startproc
 431 0000 80B5     		push	{r7, lr}
 432              		.cfi_def_cfa_offset 8
 433              		.cfi_offset 7, -8
 434              		.cfi_offset 14, -4
 435 0002 82B0     		sub	sp, sp, #8
 436              		.cfi_def_cfa_offset 16
 437 0004 00AF     		add	r7, sp, #0
 438              		.cfi_def_cfa_register 7
 151:main.c        ****     uint32_t result;
 152:main.c        ****     
 153:main.c        ****     result = GateIsOpen();
 439              		.loc 1 153 0
 440 0006 FFF7FEFF 		bl	GateIsOpen
 441 000a 031C     		mov	r3, r0
 442 000c 7B60     		str	r3, [r7, #4]
 154:main.c        ****     
 155:main.c        ****     if(result == GATE_OPEN)
 443              		.loc 1 155 0
 444 000e 7B68     		ldr	r3, [r7, #4]
 445 0010 012B     		cmp	r3, #1
 446 0012 0DD1     		bne	.L35
 156:main.c        ****     {
 157:main.c        ****         Display("Skier Started");
 447              		.loc 1 157 0
 448 0014 0E4B     		ldr	r3, .L38
ARM GAS  C:\Users\Petro\AppData\Local\Temp\cc05hLAd.s 			page 12


 449 0016 181C     		mov	r0, r3
 450 0018 FFF7FEFF 		bl	Display
 158:main.c        ****         //LedRedBlink(FREQ_INIT_BLINK);
 159:main.c        ****         SetLedsState(LED_ENABLE, LED_DISABLE);
 451              		.loc 1 159 0
 452 001c 0120     		mov	r0, #1
 453 001e 0021     		mov	r1, #0
 454 0020 FFF7FEFF 		bl	SetLedsState
 160:main.c        ****         MyDelay(TIMEOUT_USER_READ_INFO);
 455              		.loc 1 160 0
 456 0024 FA23     		mov	r3, #250
 457 0026 5B00     		lsl	r3, r3, #1
 458 0028 181C     		mov	r0, r3
 459 002a FFF7FEFF 		bl	MyDelay
 460 002e 09E0     		b	.L36
 461              	.L35:
 161:main.c        **** 
 162:main.c        ****     }
 163:main.c        ****     else
 164:main.c        ****     {
 165:main.c        ****         Display("Start ready");
 462              		.loc 1 165 0
 463 0030 084B     		ldr	r3, .L38+4
 464 0032 181C     		mov	r0, r3
 465 0034 FFF7FEFF 		bl	Display
 166:main.c        ****         SetLedsState(LED_DISABLE, LED_ENABLE);
 466              		.loc 1 166 0
 467 0038 0020     		mov	r0, #0
 468 003a 0121     		mov	r1, #1
 469 003c FFF7FEFF 		bl	SetLedsState
 167:main.c        ****         AllowNextSkier();
 470              		.loc 1 167 0
 471 0040 FFF7FEFF 		bl	AllowNextSkier
 472              	.L36:
 168:main.c        **** 
 169:main.c        ****     }
 170:main.c        **** 
 171:main.c        ****     return result;
 473              		.loc 1 171 0
 474 0044 7B68     		ldr	r3, [r7, #4]
 172:main.c        ****     
 173:main.c        **** }
 475              		.loc 1 173 0
 476 0046 181C     		mov	r0, r3
 477 0048 BD46     		mov	sp, r7
 478 004a 02B0     		add	sp, sp, #8
 479              		@ sp needed
 480 004c 80BD     		pop	{r7, pc}
 481              	.L39:
 482 004e C046     		.align	2
 483              	.L38:
 484 0050 58000000 		.word	.LC14
 485 0054 68000000 		.word	.LC16
 486              		.cfi_endproc
 487              	.LFE67:
 488              		.size	CheckGate, .-CheckGate
 489              		.section	.rodata
ARM GAS  C:\Users\Petro\AppData\Local\Temp\cc05hLAd.s 			page 13


 490              		.align	2
 491              	.LC18:
 492 0074 53617665 		.ascii	"Save result\000"
 492      20726573 
 492      756C7400 
 493              		.align	2
 494              	.LC20:
 495 0080 57616974 		.ascii	"Wait next skier\000"
 495      206E6578 
 495      7420736B 
 495      69657200 
 496              		.section	.text.SaveResult,"ax",%progbits
 497              		.align	2
 498              		.global	SaveResult
 499              		.code	16
 500              		.thumb_func
 501              		.type	SaveResult, %function
 502              	SaveResult:
 503              	.LFB68:
 174:main.c        **** 
 175:main.c        **** uint32_t SaveResult(void)
 176:main.c        **** {
 504              		.loc 1 176 0
 505              		.cfi_startproc
 506 0000 90B5     		push	{r4, r7, lr}
 507              		.cfi_def_cfa_offset 12
 508              		.cfi_offset 4, -12
 509              		.cfi_offset 7, -8
 510              		.cfi_offset 14, -4
 511 0002 87B0     		sub	sp, sp, #28
 512              		.cfi_def_cfa_offset 40
 513 0004 00AF     		add	r7, sp, #0
 514              		.cfi_def_cfa_register 7
 177:main.c        ****     uint32_t result;
 178:main.c        ****     uint64_t startUnixTime;
 179:main.c        ****     uint32_t startRecentMs;
 180:main.c        ****     
 181:main.c        ****     //LedRedBlink(FREQ_INIT_BLINK);
 182:main.c        ****     SetLedsState(LED_ENABLE, LED_DISABLE);
 515              		.loc 1 182 0
 516 0006 0120     		mov	r0, #1
 517 0008 0021     		mov	r1, #0
 518 000a FFF7FEFF 		bl	SetLedsState
 183:main.c        ****     
 184:main.c        ****     Display("Save result");
 519              		.loc 1 184 0
 520 000e 134B     		ldr	r3, .L42
 521 0010 181C     		mov	r0, r3
 522 0012 FFF7FEFF 		bl	Display
 185:main.c        ****     
 186:main.c        ****     GetStartTime(&startUnixTime, &startRecentMs);
 523              		.loc 1 186 0
 524 0016 0823     		mov	r3, #8
 525 0018 FA18     		add	r2, r7, r3
 526 001a 3B1D     		add	r3, r7, #4
 527 001c 101C     		mov	r0, r2
 528 001e 191C     		mov	r1, r3
ARM GAS  C:\Users\Petro\AppData\Local\Temp\cc05hLAd.s 			page 14


 529 0020 FFF7FEFF 		bl	GetStartTime
 187:main.c        ****     SendSkierStart(startUnixTime, startRecentMs);
 530              		.loc 1 187 0
 531 0024 BB68     		ldr	r3, [r7, #8]
 532 0026 FC68     		ldr	r4, [r7, #12]
 533 0028 7A68     		ldr	r2, [r7, #4]
 534 002a 181C     		mov	r0, r3
 535 002c 211C     		mov	r1, r4
 536 002e FFF7FEFF 		bl	SendSkierStart
 188:main.c        ****     MyDelay(TIMEOUT_USER_READ_INFO);
 537              		.loc 1 188 0
 538 0032 FA23     		mov	r3, #250
 539 0034 5B00     		lsl	r3, r3, #1
 540 0036 181C     		mov	r0, r3
 541 0038 FFF7FEFF 		bl	MyDelay
 189:main.c        ****     
 190:main.c        ****     Display("Wait next skier");
 542              		.loc 1 190 0
 543 003c 084B     		ldr	r3, .L42+4
 544 003e 181C     		mov	r0, r3
 545 0040 FFF7FEFF 		bl	Display
 191:main.c        ****     MyDelay(TIMEOUT_NEXT_SKIER);
 546              		.loc 1 191 0
 547 0044 074B     		ldr	r3, .L42+8
 548 0046 181C     		mov	r0, r3
 549 0048 FFF7FEFF 		bl	MyDelay
 192:main.c        ****     
 193:main.c        ****     result = NO_ERROR;
 550              		.loc 1 193 0
 551 004c 0123     		mov	r3, #1
 552 004e 7B61     		str	r3, [r7, #20]
 194:main.c        ****     
 195:main.c        ****     return result;
 553              		.loc 1 195 0
 554 0050 7B69     		ldr	r3, [r7, #20]
 196:main.c        ****     
 197:main.c        **** }
 555              		.loc 1 197 0
 556 0052 181C     		mov	r0, r3
 557 0054 BD46     		mov	sp, r7
 558 0056 07B0     		add	sp, sp, #28
 559              		@ sp needed
 560 0058 90BD     		pop	{r4, r7, pc}
 561              	.L43:
 562 005a C046     		.align	2
 563              	.L42:
 564 005c 74000000 		.word	.LC18
 565 0060 80000000 		.word	.LC20
 566 0064 B80B0000 		.word	3000
 567              		.cfi_endproc
 568              	.LFE68:
 569              		.size	SaveResult, .-SaveResult
 570              		.text
 571              	.Letext0:
 572              		.file 2 "c:\\program files (x86)\\cypress\\psoc creator\\4.0\\psoc creator\\import\\gnu\\arm\\4.9.
 573              		.file 3 "c:\\program files (x86)\\cypress\\psoc creator\\4.0\\psoc creator\\import\\gnu\\arm\\4.9.
 574              		.file 4 "appGlobal.h"
ARM GAS  C:\Users\Petro\AppData\Local\Temp\cc05hLAd.s 			page 15


 575              		.section	.debug_info,"",%progbits
 576              	.Ldebug_info0:
 577 0000 E0010000 		.4byte	0x1e0
 578 0004 0400     		.2byte	0x4
 579 0006 00000000 		.4byte	.Ldebug_abbrev0
 580 000a 04       		.byte	0x4
 581 000b 01       		.uleb128 0x1
 582 000c 9F000000 		.4byte	.LASF31
 583 0010 01       		.byte	0x1
 584 0011 C0010000 		.4byte	.LASF32
 585 0015 E1010000 		.4byte	.LASF33
 586 0019 00000000 		.4byte	.Ldebug_ranges0+0
 587 001d 00000000 		.4byte	0
 588 0021 00000000 		.4byte	.Ldebug_line0
 589 0025 02       		.uleb128 0x2
 590 0026 01       		.byte	0x1
 591 0027 06       		.byte	0x6
 592 0028 4C020000 		.4byte	.LASF0
 593 002c 02       		.uleb128 0x2
 594 002d 01       		.byte	0x1
 595 002e 08       		.byte	0x8
 596 002f 45000000 		.4byte	.LASF1
 597 0033 02       		.uleb128 0x2
 598 0034 02       		.byte	0x2
 599 0035 05       		.byte	0x5
 600 0036 CC010000 		.4byte	.LASF2
 601 003a 02       		.uleb128 0x2
 602 003b 02       		.byte	0x2
 603 003c 07       		.byte	0x7
 604 003d 65000000 		.4byte	.LASF3
 605 0041 02       		.uleb128 0x2
 606 0042 04       		.byte	0x4
 607 0043 05       		.byte	0x5
 608 0044 43020000 		.4byte	.LASF4
 609 0048 03       		.uleb128 0x3
 610 0049 94000000 		.4byte	.LASF7
 611 004d 02       		.byte	0x2
 612 004e 41       		.byte	0x41
 613 004f 53000000 		.4byte	0x53
 614 0053 02       		.uleb128 0x2
 615 0054 04       		.byte	0x4
 616 0055 07       		.byte	0x7
 617 0056 53000000 		.4byte	.LASF5
 618 005a 02       		.uleb128 0x2
 619 005b 08       		.byte	0x8
 620 005c 05       		.byte	0x5
 621 005d B2010000 		.4byte	.LASF6
 622 0061 03       		.uleb128 0x3
 623 0062 D6010000 		.4byte	.LASF8
 624 0066 02       		.byte	0x2
 625 0067 5B       		.byte	0x5b
 626 0068 6C000000 		.4byte	0x6c
 627 006c 02       		.uleb128 0x2
 628 006d 08       		.byte	0x8
 629 006e 07       		.byte	0x7
 630 006f 67010000 		.4byte	.LASF9
 631 0073 04       		.uleb128 0x4
ARM GAS  C:\Users\Petro\AppData\Local\Temp\cc05hLAd.s 			page 16


 632 0074 04       		.byte	0x4
 633 0075 05       		.byte	0x5
 634 0076 696E7400 		.ascii	"int\000"
 635 007a 02       		.uleb128 0x2
 636 007b 04       		.byte	0x4
 637 007c 07       		.byte	0x7
 638 007d 5A010000 		.4byte	.LASF10
 639 0081 03       		.uleb128 0x3
 640 0082 3A020000 		.4byte	.LASF11
 641 0086 03       		.byte	0x3
 642 0087 2D       		.byte	0x2d
 643 0088 48000000 		.4byte	0x48
 644 008c 03       		.uleb128 0x3
 645 008d 36000000 		.4byte	.LASF12
 646 0091 03       		.byte	0x3
 647 0092 39       		.byte	0x39
 648 0093 61000000 		.4byte	0x61
 649 0097 02       		.uleb128 0x2
 650 0098 04       		.byte	0x4
 651 0099 04       		.byte	0x4
 652 009a 3F000000 		.4byte	.LASF13
 653 009e 02       		.uleb128 0x2
 654 009f 08       		.byte	0x8
 655 00a0 04       		.byte	0x4
 656 00a1 83000000 		.4byte	.LASF14
 657 00a5 02       		.uleb128 0x2
 658 00a6 01       		.byte	0x1
 659 00a7 08       		.byte	0x8
 660 00a8 C7010000 		.4byte	.LASF15
 661 00ac 02       		.uleb128 0x2
 662 00ad 04       		.byte	0x4
 663 00ae 07       		.byte	0x7
 664 00af A9010000 		.4byte	.LASF16
 665 00b3 05       		.uleb128 0x5
 666 00b4 01       		.byte	0x1
 667 00b5 04       		.byte	0x4
 668 00b6 14       		.byte	0x14
 669 00b7 D4000000 		.4byte	0xd4
 670 00bb 06       		.uleb128 0x6
 671 00bc 8A000000 		.4byte	.LASF17
 672 00c0 00       		.sleb128 0
 673 00c1 06       		.uleb128 0x6
 674 00c2 00000000 		.4byte	.LASF18
 675 00c6 01       		.sleb128 1
 676 00c7 06       		.uleb128 0x6
 677 00c8 78000000 		.4byte	.LASF19
 678 00cc 02       		.sleb128 2
 679 00cd 06       		.uleb128 0x6
 680 00ce 58020000 		.4byte	.LASF20
 681 00d2 03       		.sleb128 3
 682 00d3 00       		.byte	0
 683 00d4 03       		.uleb128 0x3
 684 00d5 2D010000 		.4byte	.LASF21
 685 00d9 04       		.byte	0x4
 686 00da 14       		.byte	0x14
 687 00db B3000000 		.4byte	0xb3
 688 00df 07       		.uleb128 0x7
ARM GAS  C:\Users\Petro\AppData\Local\Temp\cc05hLAd.s 			page 17


 689 00e0 55010000 		.4byte	.LASF22
 690 00e4 01       		.byte	0x1
 691 00e5 03       		.byte	0x3
 692 00e6 73000000 		.4byte	0x73
 693 00ea 00000000 		.4byte	.LFB63
 694 00ee B8000000 		.4byte	.LFE63-.LFB63
 695 00f2 01       		.uleb128 0x1
 696 00f3 9C       		.byte	0x9c
 697 00f4 08       		.uleb128 0x8
 698 00f5 90010000 		.4byte	.LASF23
 699 00f9 01       		.byte	0x1
 700 00fa 3C       		.byte	0x3c
 701 00fb 00000000 		.4byte	.LFB64
 702 00ff 40000000 		.4byte	.LFE64-.LFB64
 703 0103 01       		.uleb128 0x1
 704 0104 9C       		.byte	0x9c
 705 0105 09       		.uleb128 0x9
 706 0106 45010000 		.4byte	.LASF24
 707 010a 01       		.byte	0x1
 708 010b 51       		.byte	0x51
 709 010c 81000000 		.4byte	0x81
 710 0110 00000000 		.4byte	.LFB65
 711 0114 8C000000 		.4byte	.LFE65-.LFB65
 712 0118 01       		.uleb128 0x1
 713 0119 9C       		.byte	0x9c
 714 011a 2D010000 		.4byte	0x12d
 715 011e 0A       		.uleb128 0xa
 716 011f 89010000 		.4byte	.LASF26
 717 0123 01       		.byte	0x1
 718 0124 53       		.byte	0x53
 719 0125 81000000 		.4byte	0x81
 720 0129 02       		.uleb128 0x2
 721 012a 91       		.byte	0x91
 722 012b 74       		.sleb128 -12
 723 012c 00       		.byte	0
 724 012d 09       		.uleb128 0x9
 725 012e 1C000000 		.4byte	.LASF25
 726 0132 01       		.byte	0x1
 727 0133 78       		.byte	0x78
 728 0134 81000000 		.4byte	0x81
 729 0138 00000000 		.4byte	.LFB66
 730 013c 68000000 		.4byte	.LFE66-.LFB66
 731 0140 01       		.uleb128 0x1
 732 0141 9C       		.byte	0x9c
 733 0142 55010000 		.4byte	0x155
 734 0146 0A       		.uleb128 0xa
 735 0147 89010000 		.4byte	.LASF26
 736 014b 01       		.byte	0x1
 737 014c 7A       		.byte	0x7a
 738 014d 81000000 		.4byte	0x81
 739 0151 02       		.uleb128 0x2
 740 0152 91       		.byte	0x91
 741 0153 74       		.sleb128 -12
 742 0154 00       		.byte	0
 743 0155 09       		.uleb128 0x9
 744 0156 2C000000 		.4byte	.LASF27
 745 015a 01       		.byte	0x1
ARM GAS  C:\Users\Petro\AppData\Local\Temp\cc05hLAd.s 			page 18


 746 015b 95       		.byte	0x95
 747 015c 81000000 		.4byte	0x81
 748 0160 00000000 		.4byte	.LFB67
 749 0164 58000000 		.4byte	.LFE67-.LFB67
 750 0168 01       		.uleb128 0x1
 751 0169 9C       		.byte	0x9c
 752 016a 7D010000 		.4byte	0x17d
 753 016e 0A       		.uleb128 0xa
 754 016f 89010000 		.4byte	.LASF26
 755 0173 01       		.byte	0x1
 756 0174 97       		.byte	0x97
 757 0175 81000000 		.4byte	0x81
 758 0179 02       		.uleb128 0x2
 759 017a 91       		.byte	0x91
 760 017b 74       		.sleb128 -12
 761 017c 00       		.byte	0
 762 017d 09       		.uleb128 0x9
 763 017e 7E010000 		.4byte	.LASF28
 764 0182 01       		.byte	0x1
 765 0183 AF       		.byte	0xaf
 766 0184 81000000 		.4byte	0x81
 767 0188 00000000 		.4byte	.LFB68
 768 018c 68000000 		.4byte	.LFE68-.LFB68
 769 0190 01       		.uleb128 0x1
 770 0191 9C       		.byte	0x9c
 771 0192 C1010000 		.4byte	0x1c1
 772 0196 0A       		.uleb128 0xa
 773 0197 89010000 		.4byte	.LASF26
 774 019b 01       		.byte	0x1
 775 019c B1       		.byte	0xb1
 776 019d 81000000 		.4byte	0x81
 777 01a1 02       		.uleb128 0x2
 778 01a2 91       		.byte	0x91
 779 01a3 6C       		.sleb128 -20
 780 01a4 0A       		.uleb128 0xa
 781 01a5 9B010000 		.4byte	.LASF29
 782 01a9 01       		.byte	0x1
 783 01aa B2       		.byte	0xb2
 784 01ab 8C000000 		.4byte	0x8c
 785 01af 02       		.uleb128 0x2
 786 01b0 91       		.byte	0x91
 787 01b1 60       		.sleb128 -32
 788 01b2 0A       		.uleb128 0xa
 789 01b3 37010000 		.4byte	.LASF30
 790 01b7 01       		.byte	0x1
 791 01b8 B3       		.byte	0xb3
 792 01b9 81000000 		.4byte	0x81
 793 01bd 02       		.uleb128 0x2
 794 01be 91       		.byte	0x91
 795 01bf 5C       		.sleb128 -36
 796 01c0 00       		.byte	0
 797 01c1 0A       		.uleb128 0xa
 798 01c2 89010000 		.4byte	.LASF26
 799 01c6 04       		.byte	0x4
 800 01c7 17       		.byte	0x17
 801 01c8 81000000 		.4byte	0x81
 802 01cc 05       		.uleb128 0x5
ARM GAS  C:\Users\Petro\AppData\Local\Temp\cc05hLAd.s 			page 19


 803 01cd 03       		.byte	0x3
 804 01ce 00000000 		.4byte	result
 805 01d2 0B       		.uleb128 0xb
 806 01d3 0F000000 		.4byte	.LASF34
 807 01d7 04       		.byte	0x4
 808 01d8 15       		.byte	0x15
 809 01d9 D4000000 		.4byte	0xd4
 810 01dd 05       		.uleb128 0x5
 811 01de 03       		.byte	0x3
 812 01df 00000000 		.4byte	currentState
 813 01e3 00       		.byte	0
 814              		.section	.debug_abbrev,"",%progbits
 815              	.Ldebug_abbrev0:
 816 0000 01       		.uleb128 0x1
 817 0001 11       		.uleb128 0x11
 818 0002 01       		.byte	0x1
 819 0003 25       		.uleb128 0x25
 820 0004 0E       		.uleb128 0xe
 821 0005 13       		.uleb128 0x13
 822 0006 0B       		.uleb128 0xb
 823 0007 03       		.uleb128 0x3
 824 0008 0E       		.uleb128 0xe
 825 0009 1B       		.uleb128 0x1b
 826 000a 0E       		.uleb128 0xe
 827 000b 55       		.uleb128 0x55
 828 000c 17       		.uleb128 0x17
 829 000d 11       		.uleb128 0x11
 830 000e 01       		.uleb128 0x1
 831 000f 10       		.uleb128 0x10
 832 0010 17       		.uleb128 0x17
 833 0011 00       		.byte	0
 834 0012 00       		.byte	0
 835 0013 02       		.uleb128 0x2
 836 0014 24       		.uleb128 0x24
 837 0015 00       		.byte	0
 838 0016 0B       		.uleb128 0xb
 839 0017 0B       		.uleb128 0xb
 840 0018 3E       		.uleb128 0x3e
 841 0019 0B       		.uleb128 0xb
 842 001a 03       		.uleb128 0x3
 843 001b 0E       		.uleb128 0xe
 844 001c 00       		.byte	0
 845 001d 00       		.byte	0
 846 001e 03       		.uleb128 0x3
 847 001f 16       		.uleb128 0x16
 848 0020 00       		.byte	0
 849 0021 03       		.uleb128 0x3
 850 0022 0E       		.uleb128 0xe
 851 0023 3A       		.uleb128 0x3a
 852 0024 0B       		.uleb128 0xb
 853 0025 3B       		.uleb128 0x3b
 854 0026 0B       		.uleb128 0xb
 855 0027 49       		.uleb128 0x49
 856 0028 13       		.uleb128 0x13
 857 0029 00       		.byte	0
 858 002a 00       		.byte	0
 859 002b 04       		.uleb128 0x4
ARM GAS  C:\Users\Petro\AppData\Local\Temp\cc05hLAd.s 			page 20


 860 002c 24       		.uleb128 0x24
 861 002d 00       		.byte	0
 862 002e 0B       		.uleb128 0xb
 863 002f 0B       		.uleb128 0xb
 864 0030 3E       		.uleb128 0x3e
 865 0031 0B       		.uleb128 0xb
 866 0032 03       		.uleb128 0x3
 867 0033 08       		.uleb128 0x8
 868 0034 00       		.byte	0
 869 0035 00       		.byte	0
 870 0036 05       		.uleb128 0x5
 871 0037 04       		.uleb128 0x4
 872 0038 01       		.byte	0x1
 873 0039 0B       		.uleb128 0xb
 874 003a 0B       		.uleb128 0xb
 875 003b 3A       		.uleb128 0x3a
 876 003c 0B       		.uleb128 0xb
 877 003d 3B       		.uleb128 0x3b
 878 003e 0B       		.uleb128 0xb
 879 003f 01       		.uleb128 0x1
 880 0040 13       		.uleb128 0x13
 881 0041 00       		.byte	0
 882 0042 00       		.byte	0
 883 0043 06       		.uleb128 0x6
 884 0044 28       		.uleb128 0x28
 885 0045 00       		.byte	0
 886 0046 03       		.uleb128 0x3
 887 0047 0E       		.uleb128 0xe
 888 0048 1C       		.uleb128 0x1c
 889 0049 0D       		.uleb128 0xd
 890 004a 00       		.byte	0
 891 004b 00       		.byte	0
 892 004c 07       		.uleb128 0x7
 893 004d 2E       		.uleb128 0x2e
 894 004e 00       		.byte	0
 895 004f 3F       		.uleb128 0x3f
 896 0050 19       		.uleb128 0x19
 897 0051 03       		.uleb128 0x3
 898 0052 0E       		.uleb128 0xe
 899 0053 3A       		.uleb128 0x3a
 900 0054 0B       		.uleb128 0xb
 901 0055 3B       		.uleb128 0x3b
 902 0056 0B       		.uleb128 0xb
 903 0057 49       		.uleb128 0x49
 904 0058 13       		.uleb128 0x13
 905 0059 11       		.uleb128 0x11
 906 005a 01       		.uleb128 0x1
 907 005b 12       		.uleb128 0x12
 908 005c 06       		.uleb128 0x6
 909 005d 40       		.uleb128 0x40
 910 005e 18       		.uleb128 0x18
 911 005f 9642     		.uleb128 0x2116
 912 0061 19       		.uleb128 0x19
 913 0062 00       		.byte	0
 914 0063 00       		.byte	0
 915 0064 08       		.uleb128 0x8
 916 0065 2E       		.uleb128 0x2e
ARM GAS  C:\Users\Petro\AppData\Local\Temp\cc05hLAd.s 			page 21


 917 0066 00       		.byte	0
 918 0067 3F       		.uleb128 0x3f
 919 0068 19       		.uleb128 0x19
 920 0069 03       		.uleb128 0x3
 921 006a 0E       		.uleb128 0xe
 922 006b 3A       		.uleb128 0x3a
 923 006c 0B       		.uleb128 0xb
 924 006d 3B       		.uleb128 0x3b
 925 006e 0B       		.uleb128 0xb
 926 006f 27       		.uleb128 0x27
 927 0070 19       		.uleb128 0x19
 928 0071 11       		.uleb128 0x11
 929 0072 01       		.uleb128 0x1
 930 0073 12       		.uleb128 0x12
 931 0074 06       		.uleb128 0x6
 932 0075 40       		.uleb128 0x40
 933 0076 18       		.uleb128 0x18
 934 0077 9642     		.uleb128 0x2116
 935 0079 19       		.uleb128 0x19
 936 007a 00       		.byte	0
 937 007b 00       		.byte	0
 938 007c 09       		.uleb128 0x9
 939 007d 2E       		.uleb128 0x2e
 940 007e 01       		.byte	0x1
 941 007f 3F       		.uleb128 0x3f
 942 0080 19       		.uleb128 0x19
 943 0081 03       		.uleb128 0x3
 944 0082 0E       		.uleb128 0xe
 945 0083 3A       		.uleb128 0x3a
 946 0084 0B       		.uleb128 0xb
 947 0085 3B       		.uleb128 0x3b
 948 0086 0B       		.uleb128 0xb
 949 0087 27       		.uleb128 0x27
 950 0088 19       		.uleb128 0x19
 951 0089 49       		.uleb128 0x49
 952 008a 13       		.uleb128 0x13
 953 008b 11       		.uleb128 0x11
 954 008c 01       		.uleb128 0x1
 955 008d 12       		.uleb128 0x12
 956 008e 06       		.uleb128 0x6
 957 008f 40       		.uleb128 0x40
 958 0090 18       		.uleb128 0x18
 959 0091 9642     		.uleb128 0x2116
 960 0093 19       		.uleb128 0x19
 961 0094 01       		.uleb128 0x1
 962 0095 13       		.uleb128 0x13
 963 0096 00       		.byte	0
 964 0097 00       		.byte	0
 965 0098 0A       		.uleb128 0xa
 966 0099 34       		.uleb128 0x34
 967 009a 00       		.byte	0
 968 009b 03       		.uleb128 0x3
 969 009c 0E       		.uleb128 0xe
 970 009d 3A       		.uleb128 0x3a
 971 009e 0B       		.uleb128 0xb
 972 009f 3B       		.uleb128 0x3b
 973 00a0 0B       		.uleb128 0xb
ARM GAS  C:\Users\Petro\AppData\Local\Temp\cc05hLAd.s 			page 22


 974 00a1 49       		.uleb128 0x49
 975 00a2 13       		.uleb128 0x13
 976 00a3 02       		.uleb128 0x2
 977 00a4 18       		.uleb128 0x18
 978 00a5 00       		.byte	0
 979 00a6 00       		.byte	0
 980 00a7 0B       		.uleb128 0xb
 981 00a8 34       		.uleb128 0x34
 982 00a9 00       		.byte	0
 983 00aa 03       		.uleb128 0x3
 984 00ab 0E       		.uleb128 0xe
 985 00ac 3A       		.uleb128 0x3a
 986 00ad 0B       		.uleb128 0xb
 987 00ae 3B       		.uleb128 0x3b
 988 00af 0B       		.uleb128 0xb
 989 00b0 49       		.uleb128 0x49
 990 00b1 13       		.uleb128 0x13
 991 00b2 3F       		.uleb128 0x3f
 992 00b3 19       		.uleb128 0x19
 993 00b4 02       		.uleb128 0x2
 994 00b5 18       		.uleb128 0x18
 995 00b6 00       		.byte	0
 996 00b7 00       		.byte	0
 997 00b8 00       		.byte	0
 998              		.section	.debug_aranges,"",%progbits
 999 0000 44000000 		.4byte	0x44
 1000 0004 0200     		.2byte	0x2
 1001 0006 00000000 		.4byte	.Ldebug_info0
 1002 000a 04       		.byte	0x4
 1003 000b 00       		.byte	0
 1004 000c 0000     		.2byte	0
 1005 000e 0000     		.2byte	0
 1006 0010 00000000 		.4byte	.LFB63
 1007 0014 B8000000 		.4byte	.LFE63-.LFB63
 1008 0018 00000000 		.4byte	.LFB64
 1009 001c 40000000 		.4byte	.LFE64-.LFB64
 1010 0020 00000000 		.4byte	.LFB65
 1011 0024 8C000000 		.4byte	.LFE65-.LFB65
 1012 0028 00000000 		.4byte	.LFB66
 1013 002c 68000000 		.4byte	.LFE66-.LFB66
 1014 0030 00000000 		.4byte	.LFB67
 1015 0034 58000000 		.4byte	.LFE67-.LFB67
 1016 0038 00000000 		.4byte	.LFB68
 1017 003c 68000000 		.4byte	.LFE68-.LFB68
 1018 0040 00000000 		.4byte	0
 1019 0044 00000000 		.4byte	0
 1020              		.section	.debug_ranges,"",%progbits
 1021              	.Ldebug_ranges0:
 1022 0000 00000000 		.4byte	.LFB63
 1023 0004 B8000000 		.4byte	.LFE63
 1024 0008 00000000 		.4byte	.LFB64
 1025 000c 40000000 		.4byte	.LFE64
 1026 0010 00000000 		.4byte	.LFB65
 1027 0014 8C000000 		.4byte	.LFE65
 1028 0018 00000000 		.4byte	.LFB66
 1029 001c 68000000 		.4byte	.LFE66
 1030 0020 00000000 		.4byte	.LFB67
ARM GAS  C:\Users\Petro\AppData\Local\Temp\cc05hLAd.s 			page 23


 1031 0024 58000000 		.4byte	.LFE67
 1032 0028 00000000 		.4byte	.LFB68
 1033 002c 68000000 		.4byte	.LFE68
 1034 0030 00000000 		.4byte	0
 1035 0034 00000000 		.4byte	0
 1036              		.section	.debug_line,"",%progbits
 1037              	.Ldebug_line0:
 1038 0000 E6010000 		.section	.debug_str,"MS",%progbits,1
 1038      02002401 
 1038      00000201 
 1038      FB0E0D00 
 1038      01010101 
 1039              	.LASF18:
 1040 0000 4745545F 		.ascii	"GET_FIN_STATUS\000"
 1040      46494E5F 
 1040      53544154 
 1040      555300
 1041              	.LASF34:
 1042 000f 63757272 		.ascii	"currentState\000"
 1042      656E7453 
 1042      74617465 
 1042      00
 1043              	.LASF25:
 1044 001c 47657446 		.ascii	"GetFinishStatus\000"
 1044      696E6973 
 1044      68537461 
 1044      74757300 
 1045              	.LASF27:
 1046 002c 43686563 		.ascii	"CheckGate\000"
 1046      6B476174 
 1046      6500
 1047              	.LASF12:
 1048 0036 75696E74 		.ascii	"uint64_t\000"
 1048      36345F74 
 1048      00
 1049              	.LASF13:
 1050 003f 666C6F61 		.ascii	"float\000"
 1050      7400
 1051              	.LASF1:
 1052 0045 756E7369 		.ascii	"unsigned char\000"
 1052      676E6564 
 1052      20636861 
 1052      7200
 1053              	.LASF5:
 1054 0053 6C6F6E67 		.ascii	"long unsigned int\000"
 1054      20756E73 
 1054      69676E65 
 1054      6420696E 
 1054      7400
 1055              	.LASF3:
 1056 0065 73686F72 		.ascii	"short unsigned int\000"
 1056      7420756E 
 1056      7369676E 
 1056      65642069 
 1056      6E7400
 1057              	.LASF19:
 1058 0078 43484543 		.ascii	"CHECK_GATE\000"
ARM GAS  C:\Users\Petro\AppData\Local\Temp\cc05hLAd.s 			page 24


 1058      4B5F4741 
 1058      544500
 1059              	.LASF14:
 1060 0083 646F7562 		.ascii	"double\000"
 1060      6C6500
 1061              	.LASF17:
 1062 008a 54494D45 		.ascii	"TIME_SYNC\000"
 1062      5F53594E 
 1062      4300
 1063              	.LASF7:
 1064 0094 5F5F7569 		.ascii	"__uint32_t\000"
 1064      6E743332 
 1064      5F7400
 1065              	.LASF31:
 1066 009f 474E5520 		.ascii	"GNU C 4.9.3 20150303 (release) [ARM/embedded-4_9-br"
 1066      4320342E 
 1066      392E3320 
 1066      32303135 
 1066      30333033 
 1067 00d2 616E6368 		.ascii	"anch revision 221220] -mcpu=cortex-m0 -mthumb -g -O"
 1067      20726576 
 1067      6973696F 
 1067      6E203232 
 1067      31323230 
 1068 0105 30202D66 		.ascii	"0 -ffunction-sections -ffat-lto-objects\000"
 1068      66756E63 
 1068      74696F6E 
 1068      2D736563 
 1068      74696F6E 
 1069              	.LASF21:
 1070 012d 53746174 		.ascii	"StateType\000"
 1070      65547970 
 1070      6500
 1071              	.LASF30:
 1072 0137 73746172 		.ascii	"startRecentMs\000"
 1072      74526563 
 1072      656E744D 
 1072      7300
 1073              	.LASF24:
 1074 0145 54696D65 		.ascii	"TimeSynchronize\000"
 1074      53796E63 
 1074      68726F6E 
 1074      697A6500 
 1075              	.LASF22:
 1076 0155 6D61696E 		.ascii	"main\000"
 1076      00
 1077              	.LASF10:
 1078 015a 756E7369 		.ascii	"unsigned int\000"
 1078      676E6564 
 1078      20696E74 
 1078      00
 1079              	.LASF9:
 1080 0167 6C6F6E67 		.ascii	"long long unsigned int\000"
 1080      206C6F6E 
 1080      6720756E 
 1080      7369676E 
 1080      65642069 
ARM GAS  C:\Users\Petro\AppData\Local\Temp\cc05hLAd.s 			page 25


 1081              	.LASF28:
 1082 017e 53617665 		.ascii	"SaveResult\000"
 1082      52657375 
 1082      6C7400
 1083              	.LASF26:
 1084 0189 72657375 		.ascii	"result\000"
 1084      6C7400
 1085              	.LASF23:
 1086 0190 53797374 		.ascii	"SystemInit\000"
 1086      656D496E 
 1086      697400
 1087              	.LASF29:
 1088 019b 73746172 		.ascii	"startUnixTime\000"
 1088      74556E69 
 1088      7854696D 
 1088      6500
 1089              	.LASF16:
 1090 01a9 73697A65 		.ascii	"sizetype\000"
 1090      74797065 
 1090      00
 1091              	.LASF6:
 1092 01b2 6C6F6E67 		.ascii	"long long int\000"
 1092      206C6F6E 
 1092      6720696E 
 1092      7400
 1093              	.LASF32:
 1094 01c0 6D61696E 		.ascii	"main.c\000"
 1094      2E6300
 1095              	.LASF15:
 1096 01c7 63686172 		.ascii	"char\000"
 1096      00
 1097              	.LASF2:
 1098 01cc 73686F72 		.ascii	"short int\000"
 1098      7420696E 
 1098      7400
 1099              	.LASF8:
 1100 01d6 5F5F7569 		.ascii	"__uint64_t\000"
 1100      6E743634 
 1100      5F7400
 1101              	.LASF33:
 1102 01e1 443A5C43 		.ascii	"D:\\Cypress\\system-start-finish\\vesion 2\\fw\\sta"
 1102      79707265 
 1102      73735C73 
 1102      79737465 
 1102      6D2D7374 
 1103 020f 72745C73 		.ascii	"rt\\sandbox\\v10_fix_network\\start_v10.cydsn\000"
 1103      616E6462 
 1103      6F785C76 
 1103      31305F66 
 1103      69785F6E 
 1104              	.LASF11:
 1105 023a 75696E74 		.ascii	"uint32_t\000"
 1105      33325F74 
 1105      00
 1106              	.LASF4:
 1107 0243 6C6F6E67 		.ascii	"long int\000"
 1107      20696E74 
ARM GAS  C:\Users\Petro\AppData\Local\Temp\cc05hLAd.s 			page 26


 1107      00
 1108              	.LASF0:
 1109 024c 7369676E 		.ascii	"signed char\000"
 1109      65642063 
 1109      68617200 
 1110              	.LASF20:
 1111 0258 53415645 		.ascii	"SAVE_RESULT\000"
 1111      5F524553 
 1111      554C5400 
 1112              		.ident	"GCC: (GNU Tools for ARM Embedded Processors) 4.9.3 20150303 (release) [ARM/embedded-4_9-br
