--------------- Clean Started: 06/25/2016 21:11:51 Project: Start-Finish_System, Configuration: ARM GCC 4.9-2015-q1-update Debug ---------------
Deleting file ".\CortexM0\ARM_GCC_493\Debug\main.o"
Deleting file ".\CortexM0\ARM_GCC_493\Debug\LED.o"
Deleting file ".\CortexM0\ARM_GCC_493\Debug\cyfitter_cfg.o"
Deleting file ".\CortexM0\ARM_GCC_493\Debug\cymetadata.o"
Deleting file ".\CortexM0\ARM_GCC_493\Debug\Timer_LED.o"
Deleting file ".\CortexM0\ARM_GCC_493\Debug\Timer_LED_PM.o"
Deleting file ".\CortexM0\ARM_GCC_493\Debug\LCD_1.o"
Deleting file ".\CortexM0\ARM_GCC_493\Debug\LCD_1_PM.o"
Deleting file ".\CortexM0\ARM_GCC_493\Debug\LCD_1_CustChars.o"
Deleting file ".\CortexM0\ARM_GCC_493\Debug\RTC_1.o"
Deleting file ".\CortexM0\ARM_GCC_493\Debug\UART_1.o"
Deleting file ".\CortexM0\ARM_GCC_493\Debug\UART_1_SPI_UART.o"
Deleting file ".\CortexM0\ARM_GCC_493\Debug\UART_1_SPI_UART_INT.o"
Deleting file ".\CortexM0\ARM_GCC_493\Debug\UART_1_PM.o"
Deleting file ".\CortexM0\ARM_GCC_493\Debug\UART_1_UART.o"
Deleting file ".\CortexM0\ARM_GCC_493\Debug\UART_1_BOOT.o"
Deleting file ".\CortexM0\ARM_GCC_493\Debug\UART_1_UART_BOOT.o"
Deleting file ".\CortexM0\ARM_GCC_493\Debug\Int_Timer_Led.o"
Deleting file ".\CortexM0\ARM_GCC_493\Debug\LED_PIN.o"
Deleting file ".\CortexM0\ARM_GCC_493\Debug\LED_PIN_PM.o"
Deleting file ".\CortexM0\ARM_GCC_493\Debug\LCD_1_LCDPort.o"
Deleting file ".\CortexM0\ARM_GCC_493\Debug\LCD_1_LCDPort_PM.o"
Deleting file ".\CortexM0\ARM_GCC_493\Debug\UART_1_SCBCLK.o"
Deleting file ".\CortexM0\ARM_GCC_493\Debug\UART_1_tx.o"
Deleting file ".\CortexM0\ARM_GCC_493\Debug\UART_1_tx_PM.o"
Deleting file ".\CortexM0\ARM_GCC_493\Debug\UART_1_rx.o"
Deleting file ".\CortexM0\ARM_GCC_493\Debug\UART_1_rx_PM.o"
Deleting file ".\CortexM0\ARM_GCC_493\Debug\Cm0Start.o"
Deleting file ".\CortexM0\ARM_GCC_493\Debug\CyBootAsmGnu.o"
Deleting file ".\CortexM0\ARM_GCC_493\Debug\CyFlash.o"
Deleting file ".\CortexM0\ARM_GCC_493\Debug\CyLib.o"
Deleting file ".\CortexM0\ARM_GCC_493\Debug\cyPm.o"
Deleting file ".\CortexM0\ARM_GCC_493\Debug\cyutils.o"
Deleting file ".\CortexM0\ARM_GCC_493\Debug\CyLFClk.o"
Deleting file ".\CortexM0\ARM_GCC_493\Debug\Start-Finish_System.hex"
Deleting file ".\CortexM0\ARM_GCC_493\Debug\Start-Finish_System.elf"
Deleting file ".\CortexM0\ARM_GCC_493\Debug\Start-Finish_System.map"
Deleting file ".\Start-Finish_System.cycdx"
Deleting file ".\Start-Finish_System.svd"
Deleting file ".\Start-Finish_System.rpt"
Deleting file ".\Start-Finish_System_timing.html"
Deleting file ".\CortexM0\ARM_GCC_493\Debug\.deps\C_FILE.P"
Deleting file ".\CortexM0\ARM_GCC_493\Debug\.deps\ARM_C_FILE.P"
Deleting file ".\CortexM0\ARM_GCC_493\Debug\.deps\GNU_ARM_ASM_FILE.P"
--------------- Clean Succeeded: 06/25/2016 21:11:51 ---------------
