ARM GAS  C:\DOCUME~1\9335~1\LOCALS~1\Temp\cchFi2WB.s 			page 1


   1              		.cpu cortex-m0
   2              		.fpu softvfp
   3              		.eabi_attribute 20, 1
   4              		.eabi_attribute 21, 1
   5              		.eabi_attribute 23, 3
   6              		.eabi_attribute 24, 1
   7              		.eabi_attribute 25, 1
   8              		.eabi_attribute 26, 1
   9              		.eabi_attribute 30, 6
  10              		.eabi_attribute 34, 0
  11              		.eabi_attribute 18, 4
  12              		.code	16
  13              		.file	"main.c"
  14              		.text
  15              	.Ltext0:
  16              		.cfi_sections	.debug_frame
  17              		.section	.rodata
  18              		.align	2
  19              		.type	default_format, %object
  20              		.size	default_format, 15
  21              	default_format:
  22 0000 25612025 		.ascii	"%a %b %d %Y %T\000"
  22      62202564 
  22      20255920 
  22      255400
  23 000f 00       		.align	2
  24              		.type	ERR_RTC_SYNC, %object
  25              		.size	ERR_RTC_SYNC, 13
  26              	ERR_RTC_SYNC:
  27 0010 52544320 		.ascii	"RTC Not Sync\000"
  27      4E6F7420 
  27      53796E63 
  27      00
  28 001d 000000   		.align	2
  29              		.type	ERR_CHECK_CON, %object
  30              		.size	ERR_CHECK_CON, 16
  31              	ERR_CHECK_CON:
  32 0020 4E6F2043 		.ascii	"No Conn wth Fin\000"
  32      6F6E6E20 
  32      77746820 
  32      46696E00 
  33              		.align	2
  34              		.type	LR, %object
  35              		.size	LR, 3
  36              	LR:
  37 0030 0D0A00   		.ascii	"\015\012\000"
  38              		.comm	ResTime,32,4
  39              		.comm	lt,36,4
  40              		.comm	buff,50,4
  41              		.comm	GateState,1,1
  42              		.comm	InChar,4,4
  43              		.comm	UTime,8,8
  44              		.comm	PROTO_STATE,1,1
  45              		.comm	LenD1,1,1
  46              		.comm	LenD2,1,1
  47              		.comm	LenSeq,1,1
  48              		.comm	LenChS,1,1
ARM GAS  C:\DOCUME~1\9335~1\LOCALS~1\Temp\cchFi2WB.s 			page 2


  49              		.comm	LenC,1,1
  50              		.comm	szSeq,20,4
  51              		.comm	szData,20,4
  52              		.comm	szCheckSum,20,4
  53              		.comm	TX_RESP,32,8
  54              		.comm	RXSTATUS,1,1
  55              		.comm	RespBuff,50,4
  56 0033 00       		.align	2
  57              	.LC0:
  58 0034 20202020 		.ascii	"                \000"
  58      20202020 
  58      20202020 
  58      20202020 
  58      00
  59 0045 000000   		.align	2
  60              	.LC2:
  61 0048 53797374 		.ascii	"SystemNotInit\000"
  61      656D4E6F 
  61      74496E69 
  61      7400
  62 0056 0000     		.align	2
  63              	.LC5:
  64 0058 53797374 		.ascii	"SystemInit\000"
  64      656D496E 
  64      697400
  65 0063 00       		.align	2
  66              	.LC7:
  67 0064 436F6E6E 		.ascii	"Conn Success\000"
  67      20537563 
  67      63657373 
  67      00
  68 0071 000000   		.align	2
  69              	.LC9:
  70 0074 436F6E6E 		.ascii	"Conn UnSuccess\000"
  70      20556E53 
  70      75636365 
  70      737300
  71              		.section	.text.main,"ax",%progbits
  72              		.align	2
  73              		.global	main
  74              		.code	16
  75              		.thumb_func
  76              		.type	main, %function
  77              	main:
  78              	.LFB63:
  79              		.file 1 ".\\main.c"
   1:.\main.c      **** /* ========================================
   2:.\main.c      ****  *
   3:.\main.c      ****  * Copyright YOUR COMPANY, THE YEAR
   4:.\main.c      ****  * All Rights Reserved
   5:.\main.c      ****  * UNPUBLISHED, LICENSED SOFTWARE.
   6:.\main.c      ****  *
   7:.\main.c      ****  * CONFIDENTIAL AND PROPRIETARY INFORMATION
   8:.\main.c      ****  * WHICH IS THE PROPERTY OF your company.
   9:.\main.c      ****  *
  10:.\main.c      ****  * ========================================
  11:.\main.c      **** */
ARM GAS  C:\DOCUME~1\9335~1\LOCALS~1\Temp\cchFi2WB.s 			page 3


  12:.\main.c      **** 
  13:.\main.c      **** /* 
  14:.\main.c      ****     CARCAS FINISH SYSTEM
  15:.\main.c      **** */
  16:.\main.c      **** 
  17:.\main.c      **** #include "AppGlobal.h"
  18:.\main.c      **** #include "LED.h"
  19:.\main.c      **** #include "test.h"
  20:.\main.c      **** #include "RTC_WDT.h"
  21:.\main.c      **** #include "network.h"
  22:.\main.c      **** 
  23:.\main.c      **** int main()
  24:.\main.c      **** {
  80              		.loc 1 24 0
  81              		.cfi_startproc
  82 0000 90B5     		push	{r4, r7, lr}
  83              		.cfi_def_cfa_offset 12
  84              		.cfi_offset 4, -12
  85              		.cfi_offset 7, -8
  86              		.cfi_offset 14, -4
  87 0002 83B0     		sub	sp, sp, #12
  88              		.cfi_def_cfa_offset 24
  89 0004 00AF     		add	r7, sp, #0
  90              		.cfi_def_cfa_register 7
  25:.\main.c      ****     CyGlobalIntEnable; /* Enable global interrupts. */
  91              		.loc 1 25 0
  92              	@ 25 ".\main.c" 1
  93 0006 62B6     		CPSIE   i
  94              	@ 0 "" 2
  26:.\main.c      ****     uint8_t GateState;
  27:.\main.c      ****     SystemInit();
  95              		.loc 1 27 0
  96              		.code	16
  97 0008 FFF7FEFF 		bl	SystemInit
  28:.\main.c      ****     
  29:.\main.c      ****     while (!SystemStart())
  98              		.loc 1 29 0
  99 000c 17E0     		b	.L2
 100              	.L3:
  30:.\main.c      ****     {
  31:.\main.c      ****         LCD_1_PrintString("                ");
 101              		.loc 1 31 0
 102 000e 2B4B     		ldr	r3, .L7
 103 0010 181C     		mov	r0, r3
 104 0012 FFF7FEFF 		bl	LCD_1_PrintString
  32:.\main.c      ****         LCD_1_Position(CURSOR_ROW_1, CURSOR_COL_0);
 105              		.loc 1 32 0
 106 0016 0120     		mov	r0, #1
 107 0018 0021     		mov	r1, #0
 108 001a FFF7FEFF 		bl	LCD_1_Position
  33:.\main.c      ****         LCD_1_PrintString("SystemNotInit");
 109              		.loc 1 33 0
 110 001e 284B     		ldr	r3, .L7+4
 111 0020 181C     		mov	r0, r3
 112 0022 FFF7FEFF 		bl	LCD_1_PrintString
  34:.\main.c      ****             #ifdef DEBUG_W_UART
  35:.\main.c      ****                 UART_PC_UartPutString("SystemNotInit");
ARM GAS  C:\DOCUME~1\9335~1\LOCALS~1\Temp\cchFi2WB.s 			page 4


 113              		.loc 1 35 0
 114 0026 264B     		ldr	r3, .L7+4
 115 0028 181C     		mov	r0, r3
 116 002a FFF7FEFF 		bl	UART_PC_UartPutString
  36:.\main.c      ****                 UART_PC_UartPutString(LR);
 117              		.loc 1 36 0
 118 002e 254B     		ldr	r3, .L7+8
 119 0030 181C     		mov	r0, r3
 120 0032 FFF7FEFF 		bl	UART_PC_UartPutString
  37:.\main.c      ****             #endif
  38:.\main.c      ****         // If System Can't Be inited Then try again after 1s 
  39:.\main.c      ****         CyDelay(10000);
 121              		.loc 1 39 0
 122 0036 244B     		ldr	r3, .L7+12
 123 0038 181C     		mov	r0, r3
 124 003a FFF7FEFF 		bl	CyDelay
 125              	.L2:
  29:.\main.c      ****     {
 126              		.loc 1 29 0
 127 003e FFF7FEFF 		bl	SystemStart
 128 0042 031E     		sub	r3, r0, #0
 129 0044 E3D0     		beq	.L3
  40:.\main.c      ****     }
  41:.\main.c      ****     
  42:.\main.c      ****     LCD_1_PrintString("                ");
 130              		.loc 1 42 0
 131 0046 1D4B     		ldr	r3, .L7
 132 0048 181C     		mov	r0, r3
 133 004a FFF7FEFF 		bl	LCD_1_PrintString
  43:.\main.c      ****     LCD_1_Position(CURSOR_ROW_1, CURSOR_COL_0);
 134              		.loc 1 43 0
 135 004e 0120     		mov	r0, #1
 136 0050 0021     		mov	r1, #0
 137 0052 FFF7FEFF 		bl	LCD_1_Position
  44:.\main.c      ****     LCD_1_PrintString("SystemInit");
 138              		.loc 1 44 0
 139 0056 1D4B     		ldr	r3, .L7+16
 140 0058 181C     		mov	r0, r3
 141 005a FFF7FEFF 		bl	LCD_1_PrintString
  45:.\main.c      ****     
  46:.\main.c      ****     #ifdef DEBUG_W_UART
  47:.\main.c      ****         UART_PC_UartPutString("SystemInit");
 142              		.loc 1 47 0
 143 005e 1B4B     		ldr	r3, .L7+16
 144 0060 181C     		mov	r0, r3
 145 0062 FFF7FEFF 		bl	UART_PC_UartPutString
  48:.\main.c      ****         UART_PC_UartPutString(LR);
 146              		.loc 1 48 0
 147 0066 174B     		ldr	r3, .L7+8
 148 0068 181C     		mov	r0, r3
 149 006a FFF7FEFF 		bl	UART_PC_UartPutString
 150              	.L6:
  49:.\main.c      ****     #endif
  50:.\main.c      ****     
  51:.\main.c      ****     
  52:.\main.c      ****     for(;;)
  53:.\main.c      ****     {
ARM GAS  C:\DOCUME~1\9335~1\LOCALS~1\Temp\cchFi2WB.s 			page 5


  54:.\main.c      ****         GateState = Gate_Start_Read();
 151              		.loc 1 54 0
 152 006e FC1D     		add	r4, r7, #7
 153 0070 FFF7FEFF 		bl	Gate_Start_Read
 154 0074 031C     		mov	r3, r0
 155 0076 2370     		strb	r3, [r4]
  55:.\main.c      ****         if (!GateState)
 156              		.loc 1 55 0
 157 0078 FB1D     		add	r3, r7, #7
 158 007a 1B78     		ldrb	r3, [r3]
 159 007c 002B     		cmp	r3, #0
 160 007e 1CD1     		bne	.L4
  56:.\main.c      ****         {
  57:.\main.c      ****             if (CheckConnection())
 161              		.loc 1 57 0
 162 0080 FFF7FEFF 		bl	CheckConnection
 163 0084 031E     		sub	r3, r0, #0
 164 0086 0CD0     		beq	.L5
  58:.\main.c      ****             {
  59:.\main.c      ****                 LCD_1_PrintString("                ");
 165              		.loc 1 59 0
 166 0088 0C4B     		ldr	r3, .L7
 167 008a 181C     		mov	r0, r3
 168 008c FFF7FEFF 		bl	LCD_1_PrintString
  60:.\main.c      ****                 LCD_1_Position(CURSOR_ROW_0, CURSOR_COL_0);
 169              		.loc 1 60 0
 170 0090 0020     		mov	r0, #0
 171 0092 0021     		mov	r1, #0
 172 0094 FFF7FEFF 		bl	LCD_1_Position
  61:.\main.c      ****                 LCD_1_PrintString("Conn Success");
 173              		.loc 1 61 0
 174 0098 0D4B     		ldr	r3, .L7+20
 175 009a 181C     		mov	r0, r3
 176 009c FFF7FEFF 		bl	LCD_1_PrintString
 177 00a0 0BE0     		b	.L4
 178              	.L5:
  62:.\main.c      ****             }
  63:.\main.c      ****             else
  64:.\main.c      ****             {
  65:.\main.c      ****                 LCD_1_PrintString("                ");
 179              		.loc 1 65 0
 180 00a2 064B     		ldr	r3, .L7
 181 00a4 181C     		mov	r0, r3
 182 00a6 FFF7FEFF 		bl	LCD_1_PrintString
  66:.\main.c      ****                 LCD_1_Position(CURSOR_ROW_0, CURSOR_COL_0);
 183              		.loc 1 66 0
 184 00aa 0020     		mov	r0, #0
 185 00ac 0021     		mov	r1, #0
 186 00ae FFF7FEFF 		bl	LCD_1_Position
  67:.\main.c      ****                 LCD_1_PrintString("Conn UnSuccess");
 187              		.loc 1 67 0
 188 00b2 084B     		ldr	r3, .L7+24
 189 00b4 181C     		mov	r0, r3
 190 00b6 FFF7FEFF 		bl	LCD_1_PrintString
 191              	.L4:
  68:.\main.c      ****             }
  69:.\main.c      ****         }
ARM GAS  C:\DOCUME~1\9335~1\LOCALS~1\Temp\cchFi2WB.s 			page 6


  70:.\main.c      ****         /* Application Here */
  71:.\main.c      ****     }
 192              		.loc 1 71 0
 193 00ba D8E7     		b	.L6
 194              	.L8:
 195              		.align	2
 196              	.L7:
 197 00bc 34000000 		.word	.LC0
 198 00c0 48000000 		.word	.LC2
 199 00c4 30000000 		.word	LR
 200 00c8 10270000 		.word	10000
 201 00cc 58000000 		.word	.LC5
 202 00d0 64000000 		.word	.LC7
 203 00d4 74000000 		.word	.LC9
 204              		.cfi_endproc
 205              	.LFE63:
 206              		.size	main, .-main
 207              		.section	.rodata
 208 0083 00       		.align	2
 209              	.LC11:
 210 0084 50432043 		.ascii	"PC COM Test Succeful\000"
 210      4F4D2054 
 210      65737420 
 210      53756363 
 210      6566756C 
 211 0099 000000   		.align	2
 212              	.LC14:
 213 009c 55415254 		.ascii	"UART Translator v1.0\000"
 213      20547261 
 213      6E736C61 
 213      746F7220 
 213      76312E30 
 214              		.section	.text.SystemInit,"ax",%progbits
 215              		.align	2
 216              		.global	SystemInit
 217              		.code	16
 218              		.thumb_func
 219              		.type	SystemInit, %function
 220              	SystemInit:
 221              	.LFB64:
  72:.\main.c      **** }
  73:.\main.c      **** 
  74:.\main.c      **** void SystemInit()
  75:.\main.c      **** {
 222              		.loc 1 75 0
 223              		.cfi_startproc
 224 0000 80B5     		push	{r7, lr}
 225              		.cfi_def_cfa_offset 8
 226              		.cfi_offset 7, -8
 227              		.cfi_offset 14, -4
 228 0002 00AF     		add	r7, sp, #0
 229              		.cfi_def_cfa_register 7
  76:.\main.c      ****     // UARTPC ----> To PC
  77:.\main.c      ****     UART_PC_Start();
 230              		.loc 1 77 0
 231 0004 FFF7FEFF 		bl	UART_PC_Start
  78:.\main.c      ****     // UARTXP ----> To Xbee Module
ARM GAS  C:\DOCUME~1\9335~1\LOCALS~1\Temp\cchFi2WB.s 			page 7


  79:.\main.c      ****     UART_XB_Start();
 232              		.loc 1 79 0
 233 0008 FFF7FEFF 		bl	UART_XB_Start
  80:.\main.c      ****     // RTC With WatchDog Timer.
  81:.\main.c      ****     // Up Resolution to 1ms. 
  82:.\main.c      ****     RTC_WDT_Init();
 234              		.loc 1 82 0
 235 000c FFF7FEFF 		bl	RTC_WDT_Init
  83:.\main.c      ****     // Init Timer for Blink LED
  84:.\main.c      ****     LedInit();
 236              		.loc 1 84 0
 237 0010 FFF7FEFF 		bl	LedInit
  85:.\main.c      ****     LCD_1_Init();
 238              		.loc 1 85 0
 239 0014 FFF7FEFF 		bl	LCD_1_Init
  86:.\main.c      ****     LCD_1_Enable();
 240              		.loc 1 86 0
 241 0018 FFF7FEFF 		bl	LCD_1_Enable
  87:.\main.c      ****     LCD_1_DisplayOn();
 242              		.loc 1 87 0
 243 001c 0C20     		mov	r0, #12
 244 001e FFF7FEFF 		bl	LCD_1_WriteControl
  88:.\main.c      ****     LCD_1_WriteControl(LCD_1_CURSOR_BLINK);
 245              		.loc 1 88 0
 246 0022 0F20     		mov	r0, #15
 247 0024 FFF7FEFF 		bl	LCD_1_WriteControl
  89:.\main.c      ****     
  90:.\main.c      ****     NetworkInit();
 248              		.loc 1 90 0
 249 0028 FFF7FEFF 		bl	NetworkInit
  91:.\main.c      ****     /*
  92:.\main.c      ****     UART_XB_UartPutString("XB COM Test Succeful");
  93:.\main.c      ****     UART_XB_UartPutString(LR);
  94:.\main.c      ****     */
  95:.\main.c      ****     
  96:.\main.c      ****     #ifdef DEBUG_W_UART
  97:.\main.c      ****     UART_PC_UartPutString("PC COM Test Succeful");
 250              		.loc 1 97 0
 251 002c 084B     		ldr	r3, .L10
 252 002e 181C     		mov	r0, r3
 253 0030 FFF7FEFF 		bl	UART_PC_UartPutString
  98:.\main.c      ****     UART_PC_UartPutString(LR);
 254              		.loc 1 98 0
 255 0034 074B     		ldr	r3, .L10+4
 256 0036 181C     		mov	r0, r3
 257 0038 FFF7FEFF 		bl	UART_PC_UartPutString
  99:.\main.c      ****     UART_PC_UartPutString("UART Translator v1.0");
 258              		.loc 1 99 0
 259 003c 064B     		ldr	r3, .L10+8
 260 003e 181C     		mov	r0, r3
 261 0040 FFF7FEFF 		bl	UART_PC_UartPutString
 100:.\main.c      ****     UART_PC_UartPutString(LR);
 262              		.loc 1 100 0
 263 0044 034B     		ldr	r3, .L10+4
 264 0046 181C     		mov	r0, r3
 265 0048 FFF7FEFF 		bl	UART_PC_UartPutString
 101:.\main.c      ****     #endif
ARM GAS  C:\DOCUME~1\9335~1\LOCALS~1\Temp\cchFi2WB.s 			page 8


 102:.\main.c      **** }
 266              		.loc 1 102 0
 267 004c BD46     		mov	sp, r7
 268              		@ sp needed
 269 004e 80BD     		pop	{r7, pc}
 270              	.L11:
 271              		.align	2
 272              	.L10:
 273 0050 84000000 		.word	.LC11
 274 0054 30000000 		.word	LR
 275 0058 9C000000 		.word	.LC14
 276              		.cfi_endproc
 277              	.LFE64:
 278              		.size	SystemInit, .-SystemInit
 279              		.section	.rodata
 280 00b1 000000   		.align	2
 281              	.LC16:
 282 00b4 54727920 		.ascii	"Try Start System...\000"
 282      53746172 
 282      74205379 
 282      7374656D 
 282      2E2E2E00 
 283              		.section	.text.SystemStart,"ax",%progbits
 284              		.align	2
 285              		.global	SystemStart
 286              		.code	16
 287              		.thumb_func
 288              		.type	SystemStart, %function
 289              	SystemStart:
 290              	.LFB65:
 103:.\main.c      ****     
 104:.\main.c      **** 
 105:.\main.c      **** uint32_t SystemStart(void) 
 106:.\main.c      **** {
 291              		.loc 1 106 0
 292              		.cfi_startproc
 293 0000 80B5     		push	{r7, lr}
 294              		.cfi_def_cfa_offset 8
 295              		.cfi_offset 7, -8
 296              		.cfi_offset 14, -4
 297 0002 82B0     		sub	sp, sp, #8
 298              		.cfi_def_cfa_offset 16
 299 0004 00AF     		add	r7, sp, #0
 300              		.cfi_def_cfa_register 7
 107:.\main.c      ****     uint32_t SysStat = 1;
 301              		.loc 1 107 0
 302 0006 0123     		mov	r3, #1
 303 0008 7B60     		str	r3, [r7, #4]
 108:.\main.c      ****     
 109:.\main.c      ****     #ifdef DEBUG_W_UART
 110:.\main.c      ****         UART_PC_UartPutString("Try Start System...");
 304              		.loc 1 110 0
 305 000a 1C4B     		ldr	r3, .L16
 306 000c 181C     		mov	r0, r3
 307 000e FFF7FEFF 		bl	UART_PC_UartPutString
 111:.\main.c      ****         UART_PC_UartPutString(LR);
 308              		.loc 1 111 0
ARM GAS  C:\DOCUME~1\9335~1\LOCALS~1\Temp\cchFi2WB.s 			page 9


 309 0012 1B4B     		ldr	r3, .L16+4
 310 0014 181C     		mov	r0, r3
 311 0016 FFF7FEFF 		bl	UART_PC_UartPutString
 112:.\main.c      ****     #endif
 113:.\main.c      ****     
 114:.\main.c      ****     LedBlink(FREQ_INIT_BLINK);
 312              		.loc 1 114 0
 313 001a 0320     		mov	r0, #3
 314 001c FFF7FEFF 		bl	LedBlink
 115:.\main.c      ****     LCD_1_Position(CURSOR_ROW_0, CURSOR_COL_0);
 315              		.loc 1 115 0
 316 0020 0020     		mov	r0, #0
 317 0022 0021     		mov	r1, #0
 318 0024 FFF7FEFF 		bl	LCD_1_Position
 116:.\main.c      ****     
 117:.\main.c      ****     if (!CheckConnection()){
 319              		.loc 1 117 0
 320 0028 FFF7FEFF 		bl	CheckConnection
 321 002c 031E     		sub	r3, r0, #0
 322 002e 0DD1     		bne	.L13
 118:.\main.c      ****         SysStat = 0;
 323              		.loc 1 118 0
 324 0030 0023     		mov	r3, #0
 325 0032 7B60     		str	r3, [r7, #4]
 119:.\main.c      ****         LCD_1_PrintString(ERR_CHECK_CON);
 326              		.loc 1 119 0
 327 0034 134B     		ldr	r3, .L16+8
 328 0036 181C     		mov	r0, r3
 329 0038 FFF7FEFF 		bl	LCD_1_PrintString
 120:.\main.c      ****         #ifdef DEBUG_W_UART
 121:.\main.c      ****             UART_PC_UartPutString(ERR_CHECK_CON);
 330              		.loc 1 121 0
 331 003c 114B     		ldr	r3, .L16+8
 332 003e 181C     		mov	r0, r3
 333 0040 FFF7FEFF 		bl	UART_PC_UartPutString
 122:.\main.c      ****             UART_PC_UartPutString(LR);
 334              		.loc 1 122 0
 335 0044 0E4B     		ldr	r3, .L16+4
 336 0046 181C     		mov	r0, r3
 337 0048 FFF7FEFF 		bl	UART_PC_UartPutString
 338              	.L13:
 123:.\main.c      ****         #endif
 124:.\main.c      ****         
 125:.\main.c      ****     }
 126:.\main.c      ****     
 127:.\main.c      ****     /* RTC SYNC NO NEED ON START MODULE
 128:.\main.c      ****     if (!RTCSync()){
 129:.\main.c      ****         SysStat = 0;
 130:.\main.c      ****         LCD_1_PrintString(ERR_RTC_SYNC);
 131:.\main.c      ****         #ifdef DEBUG_W_UART
 132:.\main.c      ****             UART_PC_UartPutString(ERR_RTC_SYNC);
 133:.\main.c      ****             UART_PC_UartPutString(LR);
 134:.\main.c      ****         #endif
 135:.\main.c      ****     }
 136:.\main.c      ****     */
 137:.\main.c      ****     if (SysStat)
 339              		.loc 1 137 0
ARM GAS  C:\DOCUME~1\9335~1\LOCALS~1\Temp\cchFi2WB.s 			page 10


 340 004c 7B68     		ldr	r3, [r7, #4]
 341 004e 002B     		cmp	r3, #0
 342 0050 0BD0     		beq	.L14
 138:.\main.c      ****     {
 139:.\main.c      ****         LCD_1_PrintString("                ");
 343              		.loc 1 139 0
 344 0052 0D4B     		ldr	r3, .L16+12
 345 0054 181C     		mov	r0, r3
 346 0056 FFF7FEFF 		bl	LCD_1_PrintString
 140:.\main.c      ****         LCD_1_Position(CURSOR_ROW_0, CURSOR_COL_0);
 347              		.loc 1 140 0
 348 005a 0020     		mov	r0, #0
 349 005c 0021     		mov	r1, #0
 350 005e FFF7FEFF 		bl	LCD_1_Position
 141:.\main.c      ****         LCD_1_PrintString("Conn Success");
 351              		.loc 1 141 0
 352 0062 0A4B     		ldr	r3, .L16+16
 353 0064 181C     		mov	r0, r3
 354 0066 FFF7FEFF 		bl	LCD_1_PrintString
 355              	.L14:
 142:.\main.c      ****     }
 143:.\main.c      ****     LCD_1_Position(CURSOR_ROW_1, CURSOR_COL_0);
 356              		.loc 1 143 0
 357 006a 0120     		mov	r0, #1
 358 006c 0021     		mov	r1, #0
 359 006e FFF7FEFF 		bl	LCD_1_Position
 144:.\main.c      ****     // 0u or 1u 
 145:.\main.c      ****     //SysStat = 0;
 146:.\main.c      ****     return SysStat;   
 360              		.loc 1 146 0
 361 0072 7B68     		ldr	r3, [r7, #4]
 147:.\main.c      **** }
 362              		.loc 1 147 0
 363 0074 181C     		mov	r0, r3
 364 0076 BD46     		mov	sp, r7
 365 0078 02B0     		add	sp, sp, #8
 366              		@ sp needed
 367 007a 80BD     		pop	{r7, pc}
 368              	.L17:
 369              		.align	2
 370              	.L16:
 371 007c B4000000 		.word	.LC16
 372 0080 30000000 		.word	LR
 373 0084 20000000 		.word	ERR_CHECK_CON
 374 0088 34000000 		.word	.LC0
 375 008c 64000000 		.word	.LC7
 376              		.cfi_endproc
 377              	.LFE65:
 378              		.size	SystemStart, .-SystemStart
 379              		.text
 380              	.Letext0:
 381              		.file 2 "c:\\program files\\cypress\\psoc creator\\3.3\\psoc creator\\import\\gnu\\arm\\4.9.3\\arm
 382              		.file 3 "c:\\program files\\cypress\\psoc creator\\3.3\\psoc creator\\import\\gnu\\arm\\4.9.3\\arm
 383              		.file 4 "c:\\program files\\cypress\\psoc creator\\3.3\\psoc creator\\import\\gnu\\arm\\4.9.3\\arm
 384              		.file 5 "./svt.h"
 385              		.file 6 ".\\AppGlobal.h"
 386              		.file 7 ".\\network.h"
ARM GAS  C:\DOCUME~1\9335~1\LOCALS~1\Temp\cchFi2WB.s 			page 11


 387              		.section	.debug_info,"",%progbits
 388              	.Ldebug_info0:
 389 0000 02040000 		.4byte	0x402
 390 0004 0400     		.2byte	0x4
 391 0006 00000000 		.4byte	.Ldebug_abbrev0
 392 000a 04       		.byte	0x4
 393 000b 01       		.uleb128 0x1
 394 000c EA010000 		.4byte	.LASF57
 395 0010 01       		.byte	0x1
 396 0011 CF020000 		.4byte	.LASF58
 397 0015 6F000000 		.4byte	.LASF59
 398 0019 00000000 		.4byte	.Ldebug_ranges0+0
 399 001d 00000000 		.4byte	0
 400 0021 00000000 		.4byte	.Ldebug_line0
 401 0025 02       		.uleb128 0x2
 402 0026 01       		.byte	0x1
 403 0027 06       		.byte	0x6
 404 0028 45010000 		.4byte	.LASF0
 405 002c 03       		.uleb128 0x3
 406 002d 18010000 		.4byte	.LASF3
 407 0031 02       		.byte	0x2
 408 0032 1D       		.byte	0x1d
 409 0033 37000000 		.4byte	0x37
 410 0037 02       		.uleb128 0x2
 411 0038 01       		.byte	0x1
 412 0039 08       		.byte	0x8
 413 003a 31010000 		.4byte	.LASF1
 414 003e 02       		.uleb128 0x2
 415 003f 02       		.byte	0x2
 416 0040 05       		.byte	0x5
 417 0041 22000000 		.4byte	.LASF2
 418 0045 03       		.uleb128 0x3
 419 0046 55000000 		.4byte	.LASF4
 420 004a 02       		.byte	0x2
 421 004b 2B       		.byte	0x2b
 422 004c 50000000 		.4byte	0x50
 423 0050 02       		.uleb128 0x2
 424 0051 02       		.byte	0x2
 425 0052 07       		.byte	0x7
 426 0053 C1010000 		.4byte	.LASF5
 427 0057 02       		.uleb128 0x2
 428 0058 04       		.byte	0x4
 429 0059 05       		.byte	0x5
 430 005a FB000000 		.4byte	.LASF6
 431 005e 03       		.uleb128 0x3
 432 005f 45000000 		.4byte	.LASF7
 433 0063 02       		.byte	0x2
 434 0064 41       		.byte	0x41
 435 0065 69000000 		.4byte	0x69
 436 0069 02       		.uleb128 0x2
 437 006a 04       		.byte	0x4
 438 006b 07       		.byte	0x7
 439 006c 9D010000 		.4byte	.LASF8
 440 0070 02       		.uleb128 0x2
 441 0071 08       		.byte	0x8
 442 0072 05       		.byte	0x5
 443 0073 E0000000 		.4byte	.LASF9
ARM GAS  C:\DOCUME~1\9335~1\LOCALS~1\Temp\cchFi2WB.s 			page 12


 444 0077 03       		.uleb128 0x3
 445 0078 8C020000 		.4byte	.LASF10
 446 007c 02       		.byte	0x2
 447 007d 5B       		.byte	0x5b
 448 007e 82000000 		.4byte	0x82
 449 0082 02       		.uleb128 0x2
 450 0083 08       		.byte	0x8
 451 0084 07       		.byte	0x7
 452 0085 59010000 		.4byte	.LASF11
 453 0089 04       		.uleb128 0x4
 454 008a 04       		.byte	0x4
 455 008b 05       		.byte	0x5
 456 008c 696E7400 		.ascii	"int\000"
 457 0090 02       		.uleb128 0x2
 458 0091 04       		.byte	0x4
 459 0092 07       		.byte	0x7
 460 0093 81010000 		.4byte	.LASF12
 461 0097 02       		.uleb128 0x2
 462 0098 04       		.byte	0x4
 463 0099 07       		.byte	0x7
 464 009a E1020000 		.4byte	.LASF13
 465 009e 02       		.uleb128 0x2
 466 009f 01       		.byte	0x1
 467 00a0 08       		.byte	0x8
 468 00a1 DC010000 		.4byte	.LASF14
 469 00a5 03       		.uleb128 0x3
 470 00a6 67000000 		.4byte	.LASF15
 471 00aa 03       		.byte	0x3
 472 00ab 15       		.byte	0x15
 473 00ac 2C000000 		.4byte	0x2c
 474 00b0 03       		.uleb128 0x3
 475 00b1 9E020000 		.4byte	.LASF16
 476 00b5 03       		.byte	0x3
 477 00b6 21       		.byte	0x21
 478 00b7 45000000 		.4byte	0x45
 479 00bb 03       		.uleb128 0x3
 480 00bc 70010000 		.4byte	.LASF17
 481 00c0 03       		.byte	0x3
 482 00c1 2D       		.byte	0x2d
 483 00c2 5E000000 		.4byte	0x5e
 484 00c6 03       		.uleb128 0x3
 485 00c7 19000000 		.4byte	.LASF18
 486 00cb 03       		.byte	0x3
 487 00cc 39       		.byte	0x39
 488 00cd 77000000 		.4byte	0x77
 489 00d1 02       		.uleb128 0x2
 490 00d2 04       		.byte	0x4
 491 00d3 04       		.byte	0x4
 492 00d4 C7000000 		.4byte	.LASF19
 493 00d8 02       		.uleb128 0x2
 494 00d9 08       		.byte	0x8
 495 00da 04       		.byte	0x4
 496 00db B0020000 		.4byte	.LASF20
 497 00df 05       		.uleb128 0x5
 498 00e0 746D00   		.ascii	"tm\000"
 499 00e3 24       		.byte	0x24
 500 00e4 04       		.byte	0x4
ARM GAS  C:\DOCUME~1\9335~1\LOCALS~1\Temp\cchFi2WB.s 			page 13


 501 00e5 1F       		.byte	0x1f
 502 00e6 57010000 		.4byte	0x157
 503 00ea 06       		.uleb128 0x6
 504 00eb 60000000 		.4byte	.LASF21
 505 00ef 04       		.byte	0x4
 506 00f0 21       		.byte	0x21
 507 00f1 89000000 		.4byte	0x89
 508 00f5 00       		.byte	0
 509 00f6 06       		.uleb128 0x6
 510 00f7 97020000 		.4byte	.LASF22
 511 00fb 04       		.byte	0x4
 512 00fc 22       		.byte	0x22
 513 00fd 89000000 		.4byte	0x89
 514 0101 04       		.byte	0x4
 515 0102 06       		.uleb128 0x6
 516 0103 BF000000 		.4byte	.LASF23
 517 0107 04       		.byte	0x4
 518 0108 23       		.byte	0x23
 519 0109 89000000 		.4byte	0x89
 520 010d 08       		.byte	0x8
 521 010e 06       		.uleb128 0x6
 522 010f 95010000 		.4byte	.LASF24
 523 0113 04       		.byte	0x4
 524 0114 24       		.byte	0x24
 525 0115 89000000 		.4byte	0x89
 526 0119 0C       		.byte	0xc
 527 011a 06       		.uleb128 0x6
 528 011b CD000000 		.4byte	.LASF25
 529 011f 04       		.byte	0x4
 530 0120 25       		.byte	0x25
 531 0121 89000000 		.4byte	0x89
 532 0125 10       		.byte	0x10
 533 0126 06       		.uleb128 0x6
 534 0127 51010000 		.4byte	.LASF26
 535 012b 04       		.byte	0x4
 536 012c 26       		.byte	0x26
 537 012d 89000000 		.4byte	0x89
 538 0131 14       		.byte	0x14
 539 0132 06       		.uleb128 0x6
 540 0133 38000000 		.4byte	.LASF27
 541 0137 04       		.byte	0x4
 542 0138 27       		.byte	0x27
 543 0139 89000000 		.4byte	0x89
 544 013d 18       		.byte	0x18
 545 013e 06       		.uleb128 0x6
 546 013f 78020000 		.4byte	.LASF28
 547 0143 04       		.byte	0x4
 548 0144 28       		.byte	0x28
 549 0145 89000000 		.4byte	0x89
 550 0149 1C       		.byte	0x1c
 551 014a 06       		.uleb128 0x6
 552 014b A7020000 		.4byte	.LASF29
 553 014f 04       		.byte	0x4
 554 0150 29       		.byte	0x29
 555 0151 89000000 		.4byte	0x89
 556 0155 20       		.byte	0x20
 557 0156 00       		.byte	0
ARM GAS  C:\DOCUME~1\9335~1\LOCALS~1\Temp\cchFi2WB.s 			page 14


 558 0157 07       		.uleb128 0x7
 559 0158 04010000 		.4byte	.LASF30
 560 015c 20       		.byte	0x20
 561 015d 05       		.byte	0x5
 562 015e 09       		.byte	0x9
 563 015f AC010000 		.4byte	0x1ac
 564 0163 08       		.uleb128 0x8
 565 0164 53657100 		.ascii	"Seq\000"
 566 0168 05       		.byte	0x5
 567 0169 0B       		.byte	0xb
 568 016a B0000000 		.4byte	0xb0
 569 016e 00       		.byte	0
 570 016f 06       		.uleb128 0x6
 571 0170 D4010000 		.4byte	.LASF31
 572 0174 05       		.byte	0x5
 573 0175 0C       		.byte	0xc
 574 0176 89000000 		.4byte	0x89
 575 017a 04       		.byte	0x4
 576 017b 06       		.uleb128 0x6
 577 017c 80020000 		.4byte	.LASF32
 578 0180 05       		.byte	0x5
 579 0181 0D       		.byte	0xd
 580 0182 C6000000 		.4byte	0xc6
 581 0186 08       		.byte	0x8
 582 0187 06       		.uleb128 0x6
 583 0188 86020000 		.4byte	.LASF33
 584 018c 05       		.byte	0x5
 585 018d 0E       		.byte	0xe
 586 018e A5000000 		.4byte	0xa5
 587 0192 10       		.byte	0x10
 588 0193 06       		.uleb128 0x6
 589 0194 28010000 		.4byte	.LASF34
 590 0198 05       		.byte	0x5
 591 0199 0F       		.byte	0xf
 592 019a BB000000 		.4byte	0xbb
 593 019e 14       		.byte	0x14
 594 019f 06       		.uleb128 0x6
 595 01a0 EA020000 		.4byte	.LASF35
 596 01a4 05       		.byte	0x5
 597 01a5 10       		.byte	0x10
 598 01a6 A5000000 		.4byte	0xa5
 599 01aa 18       		.byte	0x18
 600 01ab 00       		.byte	0
 601 01ac 09       		.uleb128 0x9
 602 01ad 40000000 		.4byte	.LASF60
 603 01b1 01       		.byte	0x1
 604 01b2 17       		.byte	0x17
 605 01b3 89000000 		.4byte	0x89
 606 01b7 00000000 		.4byte	.LFB63
 607 01bb D8000000 		.4byte	.LFE63-.LFB63
 608 01bf 01       		.uleb128 0x1
 609 01c0 9C       		.byte	0x9c
 610 01c1 D4010000 		.4byte	0x1d4
 611 01c5 0A       		.uleb128 0xa
 612 01c6 B7020000 		.4byte	.LASF36
 613 01ca 01       		.byte	0x1
 614 01cb 1A       		.byte	0x1a
ARM GAS  C:\DOCUME~1\9335~1\LOCALS~1\Temp\cchFi2WB.s 			page 15


 615 01cc A5000000 		.4byte	0xa5
 616 01d0 02       		.uleb128 0x2
 617 01d1 91       		.byte	0x91
 618 01d2 6F       		.sleb128 -17
 619 01d3 00       		.byte	0
 620 01d4 0B       		.uleb128 0xb
 621 01d5 B6010000 		.4byte	.LASF61
 622 01d9 01       		.byte	0x1
 623 01da 4A       		.byte	0x4a
 624 01db 00000000 		.4byte	.LFB64
 625 01df 5C000000 		.4byte	.LFE64-.LFB64
 626 01e3 01       		.uleb128 0x1
 627 01e4 9C       		.byte	0x9c
 628 01e5 0C       		.uleb128 0xc
 629 01e6 2C000000 		.4byte	.LASF62
 630 01ea 01       		.byte	0x1
 631 01eb 69       		.byte	0x69
 632 01ec BB000000 		.4byte	0xbb
 633 01f0 00000000 		.4byte	.LFB65
 634 01f4 90000000 		.4byte	.LFE65-.LFB65
 635 01f8 01       		.uleb128 0x1
 636 01f9 9C       		.byte	0x9c
 637 01fa 0D020000 		.4byte	0x20d
 638 01fe 0A       		.uleb128 0xa
 639 01ff FF020000 		.4byte	.LASF37
 640 0203 01       		.byte	0x1
 641 0204 6B       		.byte	0x6b
 642 0205 BB000000 		.4byte	0xbb
 643 0209 02       		.uleb128 0x2
 644 020a 91       		.byte	0x91
 645 020b 74       		.sleb128 -12
 646 020c 00       		.byte	0
 647 020d 0D       		.uleb128 0xd
 648 020e 9E000000 		.4byte	0x9e
 649 0212 1D020000 		.4byte	0x21d
 650 0216 0E       		.uleb128 0xe
 651 0217 97000000 		.4byte	0x97
 652 021b 0E       		.byte	0xe
 653 021c 00       		.byte	0
 654 021d 0A       		.uleb128 0xa
 655 021e 09010000 		.4byte	.LASF38
 656 0222 06       		.byte	0x6
 657 0223 1F       		.byte	0x1f
 658 0224 2E020000 		.4byte	0x22e
 659 0228 05       		.uleb128 0x5
 660 0229 03       		.byte	0x3
 661 022a 00000000 		.4byte	default_format
 662 022e 0F       		.uleb128 0xf
 663 022f 0D020000 		.4byte	0x20d
 664 0233 0D       		.uleb128 0xd
 665 0234 9E000000 		.4byte	0x9e
 666 0238 43020000 		.4byte	0x243
 667 023c 0E       		.uleb128 0xe
 668 023d 97000000 		.4byte	0x97
 669 0241 0C       		.byte	0xc
 670 0242 00       		.byte	0
 671 0243 0A       		.uleb128 0xa
ARM GAS  C:\DOCUME~1\9335~1\LOCALS~1\Temp\cchFi2WB.s 			page 16


 672 0244 EE000000 		.4byte	.LASF39
 673 0248 06       		.byte	0x6
 674 0249 20       		.byte	0x20
 675 024a 54020000 		.4byte	0x254
 676 024e 05       		.uleb128 0x5
 677 024f 03       		.byte	0x3
 678 0250 10000000 		.4byte	ERR_RTC_SYNC
 679 0254 0F       		.uleb128 0xf
 680 0255 33020000 		.4byte	0x233
 681 0259 0D       		.uleb128 0xd
 682 025a 9E000000 		.4byte	0x9e
 683 025e 69020000 		.4byte	0x269
 684 0262 0E       		.uleb128 0xe
 685 0263 97000000 		.4byte	0x97
 686 0267 0F       		.byte	0xf
 687 0268 00       		.byte	0
 688 0269 0A       		.uleb128 0xa
 689 026a C1020000 		.4byte	.LASF40
 690 026e 06       		.byte	0x6
 691 026f 21       		.byte	0x21
 692 0270 7A020000 		.4byte	0x27a
 693 0274 05       		.uleb128 0x5
 694 0275 03       		.byte	0x3
 695 0276 20000000 		.4byte	ERR_CHECK_CON
 696 027a 0F       		.uleb128 0xf
 697 027b 59020000 		.4byte	0x259
 698 027f 0D       		.uleb128 0xd
 699 0280 9E000000 		.4byte	0x9e
 700 0284 8F020000 		.4byte	0x28f
 701 0288 0E       		.uleb128 0xe
 702 0289 97000000 		.4byte	0x97
 703 028d 02       		.byte	0x2
 704 028e 00       		.byte	0
 705 028f 10       		.uleb128 0x10
 706 0290 4C5200   		.ascii	"LR\000"
 707 0293 06       		.byte	0x6
 708 0294 22       		.byte	0x22
 709 0295 9F020000 		.4byte	0x29f
 710 0299 05       		.uleb128 0x5
 711 029a 03       		.byte	0x3
 712 029b 30000000 		.4byte	LR
 713 029f 0F       		.uleb128 0xf
 714 02a0 7F020000 		.4byte	0x27f
 715 02a4 0D       		.uleb128 0xd
 716 02a5 9E000000 		.4byte	0x9e
 717 02a9 B4020000 		.4byte	0x2b4
 718 02ad 0E       		.uleb128 0xe
 719 02ae 97000000 		.4byte	0x97
 720 02b2 1F       		.byte	0x1f
 721 02b3 00       		.byte	0
 722 02b4 11       		.uleb128 0x11
 723 02b5 B1000000 		.4byte	.LASF41
 724 02b9 06       		.byte	0x6
 725 02ba 24       		.byte	0x24
 726 02bb A4020000 		.4byte	0x2a4
 727 02bf 05       		.uleb128 0x5
 728 02c0 03       		.byte	0x3
ARM GAS  C:\DOCUME~1\9335~1\LOCALS~1\Temp\cchFi2WB.s 			page 17


 729 02c1 00000000 		.4byte	ResTime
 730 02c5 12       		.uleb128 0x12
 731 02c6 6C7400   		.ascii	"lt\000"
 732 02c9 06       		.byte	0x6
 733 02ca 25       		.byte	0x25
 734 02cb DF000000 		.4byte	0xdf
 735 02cf 05       		.uleb128 0x5
 736 02d0 03       		.byte	0x3
 737 02d1 00000000 		.4byte	lt
 738 02d5 0D       		.uleb128 0xd
 739 02d6 9E000000 		.4byte	0x9e
 740 02da E5020000 		.4byte	0x2e5
 741 02de 0E       		.uleb128 0xe
 742 02df 97000000 		.4byte	0x97
 743 02e3 31       		.byte	0x31
 744 02e4 00       		.byte	0
 745 02e5 11       		.uleb128 0x11
 746 02e6 50000000 		.4byte	.LASF42
 747 02ea 06       		.byte	0x6
 748 02eb 27       		.byte	0x27
 749 02ec D5020000 		.4byte	0x2d5
 750 02f0 05       		.uleb128 0x5
 751 02f1 03       		.byte	0x3
 752 02f2 00000000 		.4byte	buff
 753 02f6 11       		.uleb128 0x11
 754 02f7 B7020000 		.4byte	.LASF36
 755 02fb 06       		.byte	0x6
 756 02fc 28       		.byte	0x28
 757 02fd A5000000 		.4byte	0xa5
 758 0301 05       		.uleb128 0x5
 759 0302 03       		.byte	0x3
 760 0303 00000000 		.4byte	GateState
 761 0307 11       		.uleb128 0x11
 762 0308 AF010000 		.4byte	.LASF43
 763 030c 06       		.byte	0x6
 764 030d 29       		.byte	0x29
 765 030e BB000000 		.4byte	0xbb
 766 0312 05       		.uleb128 0x5
 767 0313 03       		.byte	0x3
 768 0314 00000000 		.4byte	InChar
 769 0318 11       		.uleb128 0x11
 770 0319 F9020000 		.4byte	.LASF44
 771 031d 06       		.byte	0x6
 772 031e 2A       		.byte	0x2a
 773 031f C6000000 		.4byte	0xc6
 774 0323 05       		.uleb128 0x5
 775 0324 03       		.byte	0x3
 776 0325 00000000 		.4byte	UTime
 777 0329 11       		.uleb128 0x11
 778 032a D4000000 		.4byte	.LASF45
 779 032e 05       		.byte	0x5
 780 032f 3F       		.byte	0x3f
 781 0330 A5000000 		.4byte	0xa5
 782 0334 05       		.uleb128 0x5
 783 0335 03       		.byte	0x3
 784 0336 00000000 		.4byte	PROTO_STATE
 785 033a 11       		.uleb128 0x11
ARM GAS  C:\DOCUME~1\9335~1\LOCALS~1\Temp\cchFi2WB.s 			page 18


 786 033b 22010000 		.4byte	.LASF46
 787 033f 05       		.byte	0x5
 788 0340 3F       		.byte	0x3f
 789 0341 A5000000 		.4byte	0xa5
 790 0345 05       		.uleb128 0x5
 791 0346 03       		.byte	0x3
 792 0347 00000000 		.4byte	LenD1
 793 034b 11       		.uleb128 0x11
 794 034c 3F010000 		.4byte	.LASF47
 795 0350 05       		.byte	0x5
 796 0351 3F       		.byte	0x3f
 797 0352 A5000000 		.4byte	0xa5
 798 0356 05       		.uleb128 0x5
 799 0357 03       		.byte	0x3
 800 0358 00000000 		.4byte	LenD2
 801 035c 11       		.uleb128 0x11
 802 035d 00000000 		.4byte	.LASF48
 803 0361 05       		.byte	0x5
 804 0362 3F       		.byte	0x3f
 805 0363 A5000000 		.4byte	0xa5
 806 0367 05       		.uleb128 0x5
 807 0368 03       		.byte	0x3
 808 0369 00000000 		.4byte	LenSeq
 809 036d 11       		.uleb128 0x11
 810 036e 8E010000 		.4byte	.LASF49
 811 0372 05       		.byte	0x5
 812 0373 3F       		.byte	0x3f
 813 0374 A5000000 		.4byte	0xa5
 814 0378 05       		.uleb128 0x5
 815 0379 03       		.byte	0x3
 816 037a 00000000 		.4byte	LenChS
 817 037e 11       		.uleb128 0x11
 818 037f F4020000 		.4byte	.LASF50
 819 0383 05       		.byte	0x5
 820 0384 3F       		.byte	0x3f
 821 0385 A5000000 		.4byte	0xa5
 822 0389 05       		.uleb128 0x5
 823 038a 03       		.byte	0x3
 824 038b 00000000 		.4byte	LenC
 825 038f 0D       		.uleb128 0xd
 826 0390 9E000000 		.4byte	0x9e
 827 0394 9F030000 		.4byte	0x39f
 828 0398 0E       		.uleb128 0xe
 829 0399 97000000 		.4byte	0x97
 830 039d 13       		.byte	0x13
 831 039e 00       		.byte	0
 832 039f 11       		.uleb128 0x11
 833 03a0 B9000000 		.4byte	.LASF51
 834 03a4 07       		.byte	0x7
 835 03a5 2B       		.byte	0x2b
 836 03a6 8F030000 		.4byte	0x38f
 837 03aa 05       		.uleb128 0x5
 838 03ab 03       		.byte	0x3
 839 03ac 00000000 		.4byte	szSeq
 840 03b0 11       		.uleb128 0x11
 841 03b1 12000000 		.4byte	.LASF52
 842 03b5 07       		.byte	0x7
ARM GAS  C:\DOCUME~1\9335~1\LOCALS~1\Temp\cchFi2WB.s 			page 19


 843 03b6 2C       		.byte	0x2c
 844 03b7 8F030000 		.4byte	0x38f
 845 03bb 05       		.uleb128 0x5
 846 03bc 03       		.byte	0x3
 847 03bd 00000000 		.4byte	szData
 848 03c1 11       		.uleb128 0x11
 849 03c2 07000000 		.4byte	.LASF53
 850 03c6 07       		.byte	0x7
 851 03c7 2D       		.byte	0x2d
 852 03c8 8F030000 		.4byte	0x38f
 853 03cc 05       		.uleb128 0x5
 854 03cd 03       		.byte	0x3
 855 03ce 00000000 		.4byte	szCheckSum
 856 03d2 11       		.uleb128 0x11
 857 03d3 79010000 		.4byte	.LASF54
 858 03d7 07       		.byte	0x7
 859 03d8 2F       		.byte	0x2f
 860 03d9 57010000 		.4byte	0x157
 861 03dd 05       		.uleb128 0x5
 862 03de 03       		.byte	0x3
 863 03df 00000000 		.4byte	TX_RESP
 864 03e3 11       		.uleb128 0x11
 865 03e4 E1010000 		.4byte	.LASF55
 866 03e8 07       		.byte	0x7
 867 03e9 30       		.byte	0x30
 868 03ea A5000000 		.4byte	0xa5
 869 03ee 05       		.uleb128 0x5
 870 03ef 03       		.byte	0x3
 871 03f0 00000000 		.4byte	RXSTATUS
 872 03f4 11       		.uleb128 0x11
 873 03f5 D8020000 		.4byte	.LASF56
 874 03f9 07       		.byte	0x7
 875 03fa 31       		.byte	0x31
 876 03fb D5020000 		.4byte	0x2d5
 877 03ff 05       		.uleb128 0x5
 878 0400 03       		.byte	0x3
 879 0401 00000000 		.4byte	RespBuff
 880 0405 00       		.byte	0
 881              		.section	.debug_abbrev,"",%progbits
 882              	.Ldebug_abbrev0:
 883 0000 01       		.uleb128 0x1
 884 0001 11       		.uleb128 0x11
 885 0002 01       		.byte	0x1
 886 0003 25       		.uleb128 0x25
 887 0004 0E       		.uleb128 0xe
 888 0005 13       		.uleb128 0x13
 889 0006 0B       		.uleb128 0xb
 890 0007 03       		.uleb128 0x3
 891 0008 0E       		.uleb128 0xe
 892 0009 1B       		.uleb128 0x1b
 893 000a 0E       		.uleb128 0xe
 894 000b 55       		.uleb128 0x55
 895 000c 17       		.uleb128 0x17
 896 000d 11       		.uleb128 0x11
 897 000e 01       		.uleb128 0x1
 898 000f 10       		.uleb128 0x10
 899 0010 17       		.uleb128 0x17
ARM GAS  C:\DOCUME~1\9335~1\LOCALS~1\Temp\cchFi2WB.s 			page 20


 900 0011 00       		.byte	0
 901 0012 00       		.byte	0
 902 0013 02       		.uleb128 0x2
 903 0014 24       		.uleb128 0x24
 904 0015 00       		.byte	0
 905 0016 0B       		.uleb128 0xb
 906 0017 0B       		.uleb128 0xb
 907 0018 3E       		.uleb128 0x3e
 908 0019 0B       		.uleb128 0xb
 909 001a 03       		.uleb128 0x3
 910 001b 0E       		.uleb128 0xe
 911 001c 00       		.byte	0
 912 001d 00       		.byte	0
 913 001e 03       		.uleb128 0x3
 914 001f 16       		.uleb128 0x16
 915 0020 00       		.byte	0
 916 0021 03       		.uleb128 0x3
 917 0022 0E       		.uleb128 0xe
 918 0023 3A       		.uleb128 0x3a
 919 0024 0B       		.uleb128 0xb
 920 0025 3B       		.uleb128 0x3b
 921 0026 0B       		.uleb128 0xb
 922 0027 49       		.uleb128 0x49
 923 0028 13       		.uleb128 0x13
 924 0029 00       		.byte	0
 925 002a 00       		.byte	0
 926 002b 04       		.uleb128 0x4
 927 002c 24       		.uleb128 0x24
 928 002d 00       		.byte	0
 929 002e 0B       		.uleb128 0xb
 930 002f 0B       		.uleb128 0xb
 931 0030 3E       		.uleb128 0x3e
 932 0031 0B       		.uleb128 0xb
 933 0032 03       		.uleb128 0x3
 934 0033 08       		.uleb128 0x8
 935 0034 00       		.byte	0
 936 0035 00       		.byte	0
 937 0036 05       		.uleb128 0x5
 938 0037 13       		.uleb128 0x13
 939 0038 01       		.byte	0x1
 940 0039 03       		.uleb128 0x3
 941 003a 08       		.uleb128 0x8
 942 003b 0B       		.uleb128 0xb
 943 003c 0B       		.uleb128 0xb
 944 003d 3A       		.uleb128 0x3a
 945 003e 0B       		.uleb128 0xb
 946 003f 3B       		.uleb128 0x3b
 947 0040 0B       		.uleb128 0xb
 948 0041 01       		.uleb128 0x1
 949 0042 13       		.uleb128 0x13
 950 0043 00       		.byte	0
 951 0044 00       		.byte	0
 952 0045 06       		.uleb128 0x6
 953 0046 0D       		.uleb128 0xd
 954 0047 00       		.byte	0
 955 0048 03       		.uleb128 0x3
 956 0049 0E       		.uleb128 0xe
ARM GAS  C:\DOCUME~1\9335~1\LOCALS~1\Temp\cchFi2WB.s 			page 21


 957 004a 3A       		.uleb128 0x3a
 958 004b 0B       		.uleb128 0xb
 959 004c 3B       		.uleb128 0x3b
 960 004d 0B       		.uleb128 0xb
 961 004e 49       		.uleb128 0x49
 962 004f 13       		.uleb128 0x13
 963 0050 38       		.uleb128 0x38
 964 0051 0B       		.uleb128 0xb
 965 0052 00       		.byte	0
 966 0053 00       		.byte	0
 967 0054 07       		.uleb128 0x7
 968 0055 13       		.uleb128 0x13
 969 0056 01       		.byte	0x1
 970 0057 03       		.uleb128 0x3
 971 0058 0E       		.uleb128 0xe
 972 0059 0B       		.uleb128 0xb
 973 005a 0B       		.uleb128 0xb
 974 005b 3A       		.uleb128 0x3a
 975 005c 0B       		.uleb128 0xb
 976 005d 3B       		.uleb128 0x3b
 977 005e 0B       		.uleb128 0xb
 978 005f 01       		.uleb128 0x1
 979 0060 13       		.uleb128 0x13
 980 0061 00       		.byte	0
 981 0062 00       		.byte	0
 982 0063 08       		.uleb128 0x8
 983 0064 0D       		.uleb128 0xd
 984 0065 00       		.byte	0
 985 0066 03       		.uleb128 0x3
 986 0067 08       		.uleb128 0x8
 987 0068 3A       		.uleb128 0x3a
 988 0069 0B       		.uleb128 0xb
 989 006a 3B       		.uleb128 0x3b
 990 006b 0B       		.uleb128 0xb
 991 006c 49       		.uleb128 0x49
 992 006d 13       		.uleb128 0x13
 993 006e 38       		.uleb128 0x38
 994 006f 0B       		.uleb128 0xb
 995 0070 00       		.byte	0
 996 0071 00       		.byte	0
 997 0072 09       		.uleb128 0x9
 998 0073 2E       		.uleb128 0x2e
 999 0074 01       		.byte	0x1
 1000 0075 3F       		.uleb128 0x3f
 1001 0076 19       		.uleb128 0x19
 1002 0077 03       		.uleb128 0x3
 1003 0078 0E       		.uleb128 0xe
 1004 0079 3A       		.uleb128 0x3a
 1005 007a 0B       		.uleb128 0xb
 1006 007b 3B       		.uleb128 0x3b
 1007 007c 0B       		.uleb128 0xb
 1008 007d 49       		.uleb128 0x49
 1009 007e 13       		.uleb128 0x13
 1010 007f 11       		.uleb128 0x11
 1011 0080 01       		.uleb128 0x1
 1012 0081 12       		.uleb128 0x12
 1013 0082 06       		.uleb128 0x6
ARM GAS  C:\DOCUME~1\9335~1\LOCALS~1\Temp\cchFi2WB.s 			page 22


 1014 0083 40       		.uleb128 0x40
 1015 0084 18       		.uleb128 0x18
 1016 0085 9642     		.uleb128 0x2116
 1017 0087 19       		.uleb128 0x19
 1018 0088 01       		.uleb128 0x1
 1019 0089 13       		.uleb128 0x13
 1020 008a 00       		.byte	0
 1021 008b 00       		.byte	0
 1022 008c 0A       		.uleb128 0xa
 1023 008d 34       		.uleb128 0x34
 1024 008e 00       		.byte	0
 1025 008f 03       		.uleb128 0x3
 1026 0090 0E       		.uleb128 0xe
 1027 0091 3A       		.uleb128 0x3a
 1028 0092 0B       		.uleb128 0xb
 1029 0093 3B       		.uleb128 0x3b
 1030 0094 0B       		.uleb128 0xb
 1031 0095 49       		.uleb128 0x49
 1032 0096 13       		.uleb128 0x13
 1033 0097 02       		.uleb128 0x2
 1034 0098 18       		.uleb128 0x18
 1035 0099 00       		.byte	0
 1036 009a 00       		.byte	0
 1037 009b 0B       		.uleb128 0xb
 1038 009c 2E       		.uleb128 0x2e
 1039 009d 00       		.byte	0
 1040 009e 3F       		.uleb128 0x3f
 1041 009f 19       		.uleb128 0x19
 1042 00a0 03       		.uleb128 0x3
 1043 00a1 0E       		.uleb128 0xe
 1044 00a2 3A       		.uleb128 0x3a
 1045 00a3 0B       		.uleb128 0xb
 1046 00a4 3B       		.uleb128 0x3b
 1047 00a5 0B       		.uleb128 0xb
 1048 00a6 27       		.uleb128 0x27
 1049 00a7 19       		.uleb128 0x19
 1050 00a8 11       		.uleb128 0x11
 1051 00a9 01       		.uleb128 0x1
 1052 00aa 12       		.uleb128 0x12
 1053 00ab 06       		.uleb128 0x6
 1054 00ac 40       		.uleb128 0x40
 1055 00ad 18       		.uleb128 0x18
 1056 00ae 9642     		.uleb128 0x2116
 1057 00b0 19       		.uleb128 0x19
 1058 00b1 00       		.byte	0
 1059 00b2 00       		.byte	0
 1060 00b3 0C       		.uleb128 0xc
 1061 00b4 2E       		.uleb128 0x2e
 1062 00b5 01       		.byte	0x1
 1063 00b6 3F       		.uleb128 0x3f
 1064 00b7 19       		.uleb128 0x19
 1065 00b8 03       		.uleb128 0x3
 1066 00b9 0E       		.uleb128 0xe
 1067 00ba 3A       		.uleb128 0x3a
 1068 00bb 0B       		.uleb128 0xb
 1069 00bc 3B       		.uleb128 0x3b
 1070 00bd 0B       		.uleb128 0xb
ARM GAS  C:\DOCUME~1\9335~1\LOCALS~1\Temp\cchFi2WB.s 			page 23


 1071 00be 27       		.uleb128 0x27
 1072 00bf 19       		.uleb128 0x19
 1073 00c0 49       		.uleb128 0x49
 1074 00c1 13       		.uleb128 0x13
 1075 00c2 11       		.uleb128 0x11
 1076 00c3 01       		.uleb128 0x1
 1077 00c4 12       		.uleb128 0x12
 1078 00c5 06       		.uleb128 0x6
 1079 00c6 40       		.uleb128 0x40
 1080 00c7 18       		.uleb128 0x18
 1081 00c8 9642     		.uleb128 0x2116
 1082 00ca 19       		.uleb128 0x19
 1083 00cb 01       		.uleb128 0x1
 1084 00cc 13       		.uleb128 0x13
 1085 00cd 00       		.byte	0
 1086 00ce 00       		.byte	0
 1087 00cf 0D       		.uleb128 0xd
 1088 00d0 01       		.uleb128 0x1
 1089 00d1 01       		.byte	0x1
 1090 00d2 49       		.uleb128 0x49
 1091 00d3 13       		.uleb128 0x13
 1092 00d4 01       		.uleb128 0x1
 1093 00d5 13       		.uleb128 0x13
 1094 00d6 00       		.byte	0
 1095 00d7 00       		.byte	0
 1096 00d8 0E       		.uleb128 0xe
 1097 00d9 21       		.uleb128 0x21
 1098 00da 00       		.byte	0
 1099 00db 49       		.uleb128 0x49
 1100 00dc 13       		.uleb128 0x13
 1101 00dd 2F       		.uleb128 0x2f
 1102 00de 0B       		.uleb128 0xb
 1103 00df 00       		.byte	0
 1104 00e0 00       		.byte	0
 1105 00e1 0F       		.uleb128 0xf
 1106 00e2 26       		.uleb128 0x26
 1107 00e3 00       		.byte	0
 1108 00e4 49       		.uleb128 0x49
 1109 00e5 13       		.uleb128 0x13
 1110 00e6 00       		.byte	0
 1111 00e7 00       		.byte	0
 1112 00e8 10       		.uleb128 0x10
 1113 00e9 34       		.uleb128 0x34
 1114 00ea 00       		.byte	0
 1115 00eb 03       		.uleb128 0x3
 1116 00ec 08       		.uleb128 0x8
 1117 00ed 3A       		.uleb128 0x3a
 1118 00ee 0B       		.uleb128 0xb
 1119 00ef 3B       		.uleb128 0x3b
 1120 00f0 0B       		.uleb128 0xb
 1121 00f1 49       		.uleb128 0x49
 1122 00f2 13       		.uleb128 0x13
 1123 00f3 02       		.uleb128 0x2
 1124 00f4 18       		.uleb128 0x18
 1125 00f5 00       		.byte	0
 1126 00f6 00       		.byte	0
 1127 00f7 11       		.uleb128 0x11
ARM GAS  C:\DOCUME~1\9335~1\LOCALS~1\Temp\cchFi2WB.s 			page 24


 1128 00f8 34       		.uleb128 0x34
 1129 00f9 00       		.byte	0
 1130 00fa 03       		.uleb128 0x3
 1131 00fb 0E       		.uleb128 0xe
 1132 00fc 3A       		.uleb128 0x3a
 1133 00fd 0B       		.uleb128 0xb
 1134 00fe 3B       		.uleb128 0x3b
 1135 00ff 0B       		.uleb128 0xb
 1136 0100 49       		.uleb128 0x49
 1137 0101 13       		.uleb128 0x13
 1138 0102 3F       		.uleb128 0x3f
 1139 0103 19       		.uleb128 0x19
 1140 0104 02       		.uleb128 0x2
 1141 0105 18       		.uleb128 0x18
 1142 0106 00       		.byte	0
 1143 0107 00       		.byte	0
 1144 0108 12       		.uleb128 0x12
 1145 0109 34       		.uleb128 0x34
 1146 010a 00       		.byte	0
 1147 010b 03       		.uleb128 0x3
 1148 010c 08       		.uleb128 0x8
 1149 010d 3A       		.uleb128 0x3a
 1150 010e 0B       		.uleb128 0xb
 1151 010f 3B       		.uleb128 0x3b
 1152 0110 0B       		.uleb128 0xb
 1153 0111 49       		.uleb128 0x49
 1154 0112 13       		.uleb128 0x13
 1155 0113 3F       		.uleb128 0x3f
 1156 0114 19       		.uleb128 0x19
 1157 0115 02       		.uleb128 0x2
 1158 0116 18       		.uleb128 0x18
 1159 0117 00       		.byte	0
 1160 0118 00       		.byte	0
 1161 0119 00       		.byte	0
 1162              		.section	.debug_aranges,"",%progbits
 1163 0000 2C000000 		.4byte	0x2c
 1164 0004 0200     		.2byte	0x2
 1165 0006 00000000 		.4byte	.Ldebug_info0
 1166 000a 04       		.byte	0x4
 1167 000b 00       		.byte	0
 1168 000c 0000     		.2byte	0
 1169 000e 0000     		.2byte	0
 1170 0010 00000000 		.4byte	.LFB63
 1171 0014 D8000000 		.4byte	.LFE63-.LFB63
 1172 0018 00000000 		.4byte	.LFB64
 1173 001c 5C000000 		.4byte	.LFE64-.LFB64
 1174 0020 00000000 		.4byte	.LFB65
 1175 0024 90000000 		.4byte	.LFE65-.LFB65
 1176 0028 00000000 		.4byte	0
 1177 002c 00000000 		.4byte	0
 1178              		.section	.debug_ranges,"",%progbits
 1179              	.Ldebug_ranges0:
 1180 0000 00000000 		.4byte	.LFB63
 1181 0004 D8000000 		.4byte	.LFE63
 1182 0008 00000000 		.4byte	.LFB64
 1183 000c 5C000000 		.4byte	.LFE64
 1184 0010 00000000 		.4byte	.LFB65
ARM GAS  C:\DOCUME~1\9335~1\LOCALS~1\Temp\cchFi2WB.s 			page 25


 1185 0014 90000000 		.4byte	.LFE65
 1186 0018 00000000 		.4byte	0
 1187 001c 00000000 		.4byte	0
 1188              		.section	.debug_line,"",%progbits
 1189              	.Ldebug_line0:
 1190 0000 B3010000 		.section	.debug_str,"MS",%progbits,1
 1190      02004001 
 1190      00000201 
 1190      FB0E0D00 
 1190      01010101 
 1191              	.LASF48:
 1192 0000 4C656E53 		.ascii	"LenSeq\000"
 1192      657100
 1193              	.LASF53:
 1194 0007 737A4368 		.ascii	"szCheckSum\000"
 1194      65636B53 
 1194      756D00
 1195              	.LASF52:
 1196 0012 737A4461 		.ascii	"szData\000"
 1196      746100
 1197              	.LASF18:
 1198 0019 75696E74 		.ascii	"uint64_t\000"
 1198      36345F74 
 1198      00
 1199              	.LASF2:
 1200 0022 73686F72 		.ascii	"short int\000"
 1200      7420696E 
 1200      7400
 1201              	.LASF62:
 1202 002c 53797374 		.ascii	"SystemStart\000"
 1202      656D5374 
 1202      61727400 
 1203              	.LASF27:
 1204 0038 746D5F77 		.ascii	"tm_wday\000"
 1204      64617900 
 1205              	.LASF60:
 1206 0040 6D61696E 		.ascii	"main\000"
 1206      00
 1207              	.LASF7:
 1208 0045 5F5F7569 		.ascii	"__uint32_t\000"
 1208      6E743332 
 1208      5F7400
 1209              	.LASF42:
 1210 0050 62756666 		.ascii	"buff\000"
 1210      00
 1211              	.LASF4:
 1212 0055 5F5F7569 		.ascii	"__uint16_t\000"
 1212      6E743136 
 1212      5F7400
 1213              	.LASF21:
 1214 0060 746D5F73 		.ascii	"tm_sec\000"
 1214      656300
 1215              	.LASF15:
 1216 0067 75696E74 		.ascii	"uint8_t\000"
 1216      385F7400 
 1217              	.LASF59:
 1218 006f 433A5C43 		.ascii	"C:\\Cypress\\Cypress_Projects\\Start-Finish_System_"
ARM GAS  C:\DOCUME~1\9335~1\LOCALS~1\Temp\cchFi2WB.s 			page 26


 1218      79707265 
 1218      73735C43 
 1218      79707265 
 1218      73735F50 
 1219 009f 53746172 		.ascii	"StartModule.cydsn\000"
 1219      744D6F64 
 1219      756C652E 
 1219      63796473 
 1219      6E00
 1220              	.LASF41:
 1221 00b1 52657354 		.ascii	"ResTime\000"
 1221      696D6500 
 1222              	.LASF51:
 1223 00b9 737A5365 		.ascii	"szSeq\000"
 1223      7100
 1224              	.LASF23:
 1225 00bf 746D5F68 		.ascii	"tm_hour\000"
 1225      6F757200 
 1226              	.LASF19:
 1227 00c7 666C6F61 		.ascii	"float\000"
 1227      7400
 1228              	.LASF25:
 1229 00cd 746D5F6D 		.ascii	"tm_mon\000"
 1229      6F6E00
 1230              	.LASF45:
 1231 00d4 50524F54 		.ascii	"PROTO_STATE\000"
 1231      4F5F5354 
 1231      41544500 
 1232              	.LASF9:
 1233 00e0 6C6F6E67 		.ascii	"long long int\000"
 1233      206C6F6E 
 1233      6720696E 
 1233      7400
 1234              	.LASF39:
 1235 00ee 4552525F 		.ascii	"ERR_RTC_SYNC\000"
 1235      5254435F 
 1235      53594E43 
 1235      00
 1236              	.LASF6:
 1237 00fb 6C6F6E67 		.ascii	"long int\000"
 1237      20696E74 
 1237      00
 1238              	.LASF30:
 1239 0104 52657370 		.ascii	"Resp\000"
 1239      00
 1240              	.LASF38:
 1241 0109 64656661 		.ascii	"default_format\000"
 1241      756C745F 
 1241      666F726D 
 1241      617400
 1242              	.LASF3:
 1243 0118 5F5F7569 		.ascii	"__uint8_t\000"
 1243      6E74385F 
 1243      7400
 1244              	.LASF46:
 1245 0122 4C656E44 		.ascii	"LenD1\000"
 1245      3100
ARM GAS  C:\DOCUME~1\9335~1\LOCALS~1\Temp\cchFi2WB.s 			page 27


 1246              	.LASF34:
 1247 0128 43686563 		.ascii	"CheckSum\000"
 1247      6B53756D 
 1247      00
 1248              	.LASF1:
 1249 0131 756E7369 		.ascii	"unsigned char\000"
 1249      676E6564 
 1249      20636861 
 1249      7200
 1250              	.LASF47:
 1251 013f 4C656E44 		.ascii	"LenD2\000"
 1251      3200
 1252              	.LASF0:
 1253 0145 7369676E 		.ascii	"signed char\000"
 1253      65642063 
 1253      68617200 
 1254              	.LASF26:
 1255 0151 746D5F79 		.ascii	"tm_year\000"
 1255      65617200 
 1256              	.LASF11:
 1257 0159 6C6F6E67 		.ascii	"long long unsigned int\000"
 1257      206C6F6E 
 1257      6720756E 
 1257      7369676E 
 1257      65642069 
 1258              	.LASF17:
 1259 0170 75696E74 		.ascii	"uint32_t\000"
 1259      33325F74 
 1259      00
 1260              	.LASF54:
 1261 0179 54585F52 		.ascii	"TX_RESP\000"
 1261      45535000 
 1262              	.LASF12:
 1263 0181 756E7369 		.ascii	"unsigned int\000"
 1263      676E6564 
 1263      20696E74 
 1263      00
 1264              	.LASF49:
 1265 018e 4C656E43 		.ascii	"LenChS\000"
 1265      685300
 1266              	.LASF24:
 1267 0195 746D5F6D 		.ascii	"tm_mday\000"
 1267      64617900 
 1268              	.LASF8:
 1269 019d 6C6F6E67 		.ascii	"long unsigned int\000"
 1269      20756E73 
 1269      69676E65 
 1269      6420696E 
 1269      7400
 1270              	.LASF43:
 1271 01af 496E4368 		.ascii	"InChar\000"
 1271      617200
 1272              	.LASF61:
 1273 01b6 53797374 		.ascii	"SystemInit\000"
 1273      656D496E 
 1273      697400
 1274              	.LASF5:
ARM GAS  C:\DOCUME~1\9335~1\LOCALS~1\Temp\cchFi2WB.s 			page 28


 1275 01c1 73686F72 		.ascii	"short unsigned int\000"
 1275      7420756E 
 1275      7369676E 
 1275      65642069 
 1275      6E7400
 1276              	.LASF31:
 1277 01d4 436F6D6D 		.ascii	"Command\000"
 1277      616E6400 
 1278              	.LASF14:
 1279 01dc 63686172 		.ascii	"char\000"
 1279      00
 1280              	.LASF55:
 1281 01e1 52585354 		.ascii	"RXSTATUS\000"
 1281      41545553 
 1281      00
 1282              	.LASF57:
 1283 01ea 474E5520 		.ascii	"GNU C 4.9.3 20150303 (release) [ARM/embedded-4_9-br"
 1283      4320342E 
 1283      392E3320 
 1283      32303135 
 1283      30333033 
 1284 021d 616E6368 		.ascii	"anch revision 221220] -mcpu=cortex-m0 -mthumb -g -O"
 1284      20726576 
 1284      6973696F 
 1284      6E203232 
 1284      31323230 
 1285 0250 30202D66 		.ascii	"0 -ffunction-sections -ffat-lto-objects\000"
 1285      66756E63 
 1285      74696F6E 
 1285      2D736563 
 1285      74696F6E 
 1286              	.LASF28:
 1287 0278 746D5F79 		.ascii	"tm_yday\000"
 1287      64617900 
 1288              	.LASF32:
 1289 0280 44617461 		.ascii	"Data1\000"
 1289      3100
 1290              	.LASF33:
 1291 0286 44617461 		.ascii	"Data2\000"
 1291      3200
 1292              	.LASF10:
 1293 028c 5F5F7569 		.ascii	"__uint64_t\000"
 1293      6E743634 
 1293      5F7400
 1294              	.LASF22:
 1295 0297 746D5F6D 		.ascii	"tm_min\000"
 1295      696E00
 1296              	.LASF16:
 1297 029e 75696E74 		.ascii	"uint16_t\000"
 1297      31365F74 
 1297      00
 1298              	.LASF29:
 1299 02a7 746D5F69 		.ascii	"tm_isdst\000"
 1299      73647374 
 1299      00
 1300              	.LASF20:
 1301 02b0 646F7562 		.ascii	"double\000"
ARM GAS  C:\DOCUME~1\9335~1\LOCALS~1\Temp\cchFi2WB.s 			page 29


 1301      6C6500
 1302              	.LASF36:
 1303 02b7 47617465 		.ascii	"GateState\000"
 1303      53746174 
 1303      6500
 1304              	.LASF40:
 1305 02c1 4552525F 		.ascii	"ERR_CHECK_CON\000"
 1305      43484543 
 1305      4B5F434F 
 1305      4E00
 1306              	.LASF58:
 1307 02cf 2E5C6D61 		.ascii	".\\main.c\000"
 1307      696E2E63 
 1307      00
 1308              	.LASF56:
 1309 02d8 52657370 		.ascii	"RespBuff\000"
 1309      42756666 
 1309      00
 1310              	.LASF13:
 1311 02e1 73697A65 		.ascii	"sizetype\000"
 1311      74797065 
 1311      00
 1312              	.LASF35:
 1313 02ea 456E6450 		.ascii	"EndPacket\000"
 1313      61636B65 
 1313      7400
 1314              	.LASF50:
 1315 02f4 4C656E43 		.ascii	"LenC\000"
 1315      00
 1316              	.LASF44:
 1317 02f9 5554696D 		.ascii	"UTime\000"
 1317      6500
 1318              	.LASF37:
 1319 02ff 53797353 		.ascii	"SysStat\000"
 1319      74617400 
 1320              		.ident	"GCC: (GNU Tools for ARM Embedded Processors) 4.9.3 20150303 (release) [ARM/embedded-4_9-br
