Loading plugins phase: Elapsed time ==> 2s.055ms
Initializing data phase: Elapsed time ==> 0s.000ms
<CYPRESSTAG name="CyDsfit arguments...">
cydsfit arguments: -.fdsnotice -.fdswarpdepfile=warp_dependencies.txt -.fdselabdepfile=elab_dependencies.txt -.fdsbldfile=generated_files.txt -p D:\Cypress\system-start-finish\fw\finish\sandbox\UART_Tx01\UART_Tx01.cydsn\UART_Tx01.cyprj -d CY8C4247LQI-BL483 -s D:\Cypress\system-start-finish\fw\finish\sandbox\UART_Tx01\UART_Tx01.cydsn\Generated_Source\PSoC4 -- -yv2 -q10 -ygs -o2 -v3 -.fftcfgtype=LE</CYPRESSTAG>
<CYPRESSTAG name="Design elaboration results...">
</CYPRESSTAG>
Elaboration phase: Elapsed time ==> 1s.933ms
<CYPRESSTAG name="HDL generation results...">
</CYPRESSTAG>
HDL generation phase: Elapsed time ==> 0s.043ms
<CYPRESSTAG name="Synthesis results...">

     | | | | | | |
   _________________
  -|               |-
  -|               |-
  -|               |-
  -|    CYPRESS    |-
  -|               |-
  -|               |-   Warp Verilog Synthesis Compiler: Version 6.3 IR 41
  -|               |-   Copyright (C) 1991-2001 Cypress Semiconductor
   |_______________|
     | | | | | | |

======================================================================
Compiling:  UART_Tx01.v
Program  :   C:\Program Files (x86)\Cypress\PSoC Creator\3.3\PSoC Creator\warp\bin/warp.exe
Options  :    -yv2 -q10 -ygs -o2 -v3 -.fftcfgtype=LE -ya -.fftprj=D:\Cypress\system-start-finish\fw\finish\sandbox\UART_Tx01\UART_Tx01.cydsn\UART_Tx01.cyprj -dcpsoc3 UART_Tx01.v -verilog
======================================================================

======================================================================
Compiling:  UART_Tx01.v
Program  :   C:\Program Files (x86)\Cypress\PSoC Creator\3.3\PSoC Creator\warp\bin/warp.exe
Options  :    -yv2 -q10 -ygs -o2 -v3 -.fftcfgtype=LE -ya -.fftprj=D:\Cypress\system-start-finish\fw\finish\sandbox\UART_Tx01\UART_Tx01.cydsn\UART_Tx01.cyprj -dcpsoc3 UART_Tx01.v -verilog
======================================================================

======================================================================
Compiling:  UART_Tx01.v
Program  :   vlogfe
Options  :    -yv2 -q10 -ygs -o2 -v3 -.fftcfgtype=LE -ya -.fftprj=D:\Cypress\system-start-finish\fw\finish\sandbox\UART_Tx01\UART_Tx01.cydsn\UART_Tx01.cyprj -dcpsoc3 -verilog UART_Tx01.v
======================================================================

vlogfe V6.3 IR 41:  Verilog parser
Thu Apr 28 11:09:12 2016


======================================================================
Compiling:  UART_Tx01.v
Program  :   vpp
Options  :    -yv2 -q10 UART_Tx01.v
======================================================================

vpp V6.3 IR 41:  Verilog Pre-Processor
Thu Apr 28 11:09:12 2016

Flattening file 'C:\Program Files (x86)\Cypress\PSoC Creator\3.3\PSoC Creator\psoc\content\cyprimitives\CyPrimitives.cylib\cy_virtualmux_v1_0\cy_virtualmux_v1_0.v'
Flattening file 'C:\Program Files (x86)\Cypress\PSoC Creator\3.3\PSoC Creator\psoc\content\cycomponentlibrary\CyComponentLibrary.cylib\B_UART_v2_50\B_UART_v2_50.v'
Flattening file 'C:\Program Files (x86)\Cypress\PSoC Creator\3.3\PSoC Creator\warp\lib\common\cypress.v'
Flattening file 'C:\Program Files (x86)\Cypress\PSoC Creator\3.3\PSoC Creator\warp\lib\common\cy_psoc3_inc.v'
Flattening file 'C:\Program Files (x86)\Cypress\PSoC Creator\3.3\PSoC Creator\psoc\content\cyprimitives\CyPrimitives.cylib\ZeroTerminal\ZeroTerminal.v'

vpp:  No errors.

Library 'work' => directory 'lcpsoc3'
General_symbol_table
General_symbol_table
Linking 'C:\Program Files (x86)\Cypress\PSoC Creator\3.3\PSoC Creator\warp\lib\common\std.vhd'.
Linking 'C:\Program Files (x86)\Cypress\PSoC Creator\3.3\PSoC Creator\warp\lib\common\cypress.vhd'.
Linking 'C:\Program Files (x86)\Cypress\PSoC Creator\3.3\PSoC Creator\warp\lib\common\work\cypress.vif'.
Linking 'C:\Program Files (x86)\Cypress\PSoC Creator\3.3\PSoC Creator\warp\lib\ieee\work\stdlogic.vif'.
Linking 'C:\Program Files (x86)\Cypress\PSoC Creator\3.3\PSoC Creator\warp\lib\common\stdlogic\lpmpkg.vif'.
Linking 'C:\Program Files (x86)\Cypress\PSoC Creator\3.3\PSoC Creator\warp\lib\common\stdlogic\rtlpkg.vif'.
Linking 'C:\Program Files (x86)\Cypress\PSoC Creator\3.3\PSoC Creator\warp\lib\common\stdlogic\mod_cnst.vif'.
Linking 'C:\Program Files (x86)\Cypress\PSoC Creator\3.3\PSoC Creator\warp\lib\common\stdlogic\mod_mthv.vif'.
Linking 'C:\Program Files (x86)\Cypress\PSoC Creator\3.3\PSoC Creator\warp\lib\common\stdlogic\mod_genv.vif'.
Using control file 'UART_Tx01.ctl'.
C:\Program Files (x86)\Cypress\PSoC Creator\3.3\PSoC Creator\psoc\content\cycomponentlibrary\CyComponentLibrary.cylib\B_UART_v2_50\B_UART_v2_50.v (line 1113, col 55):  Note: Substituting module 'add_vv_vv' for '+'.
C:\Program Files (x86)\Cypress\PSoC Creator\3.3\PSoC Creator\psoc\content\cycomponentlibrary\CyComponentLibrary.cylib\B_UART_v2_50\B_UART_v2_50.v (line 1122, col 48):  Note: Substituting module 'cmp_vv_vv' for '<'.
C:\Program Files (x86)\Cypress\PSoC Creator\3.3\PSoC Creator\psoc\content\cycomponentlibrary\CyComponentLibrary.cylib\B_UART_v2_50\B_UART_v2_50.v (line 1122, col 77):  Note: Substituting module 'cmp_vv_vv' for '<'.
C:\Program Files (x86)\Cypress\PSoC Creator\3.3\PSoC Creator\psoc\content\cycomponentlibrary\CyComponentLibrary.cylib\B_UART_v2_50\B_UART_v2_50.v (line 1389, col 59):  Note: Substituting module 'cmp_vv_vv' for '<'.
C:\Program Files (x86)\Cypress\PSoC Creator\3.3\PSoC Creator\psoc\content\cycomponentlibrary\CyComponentLibrary.cylib\B_UART_v2_50\B_UART_v2_50.v (line 1424, col 61):  Note: Substituting module 'cmp_vv_vv' for '/='.
C:\Program Files (x86)\Cypress\PSoC Creator\3.3\PSoC Creator\psoc\content\cycomponentlibrary\CyComponentLibrary.cylib\B_UART_v2_50\B_UART_v2_50.v (line 1547, col 106):  Note: Substituting module 'cmp_vv_vv' for '<'.
C:\Program Files (x86)\Cypress\PSoC Creator\3.3\PSoC Creator\psoc\content\cycomponentlibrary\CyComponentLibrary.cylib\B_UART_v2_50\B_UART_v2_50.v (line 1603, col 68):  Note: Substituting module 'cmp_vv_vv' for '<'.
C:\Program Files (x86)\Cypress\PSoC Creator\3.3\PSoC Creator\psoc\content\cycomponentlibrary\CyComponentLibrary.cylib\B_UART_v2_50\B_UART_v2_50.v (line 1604, col 68):  Note: Substituting module 'cmp_vv_vv' for '<'.
Linking 'C:\Program Files (x86)\Cypress\PSoC Creator\3.3\PSoC Creator\warp\lib\common\stdlogic\cy_psoc3pkg.vif'.
Linking 'C:\Program Files (x86)\Cypress\PSoC Creator\3.3\PSoC Creator\warp\lib\common\stdlogic\cy_psoc3.vif'.

vlogfe:  No errors.


======================================================================
Compiling:  UART_Tx01.v
Program  :   tovif
Options  :    -yv2 -q10 -ygs -o2 -v3 -.fftcfgtype=LE -ya -.fftprj=D:\Cypress\system-start-finish\fw\finish\sandbox\UART_Tx01\UART_Tx01.cydsn\UART_Tx01.cyprj -dcpsoc3 -verilog UART_Tx01.v
======================================================================

tovif V6.3 IR 41:  High-level synthesis
Thu Apr 28 11:09:13 2016

Linking 'C:\Program Files (x86)\Cypress\PSoC Creator\3.3\PSoC Creator\warp\lib\common\std.vhd'.
Linking 'C:\Program Files (x86)\Cypress\PSoC Creator\3.3\PSoC Creator\warp\lib\common\cypress.vhd'.
Linking 'C:\Program Files (x86)\Cypress\PSoC Creator\3.3\PSoC Creator\warp\lib\common\work\cypress.vif'.
Linking 'C:\Program Files (x86)\Cypress\PSoC Creator\3.3\PSoC Creator\warp\lib\ieee\work\stdlogic.vif'.
Linking 'C:\Program Files (x86)\Cypress\PSoC Creator\3.3\PSoC Creator\warp\lib\common\stdlogic\lpmpkg.vif'.
Linking 'C:\Program Files (x86)\Cypress\PSoC Creator\3.3\PSoC Creator\warp\lib\common\stdlogic\rtlpkg.vif'.
Linking 'C:\Program Files (x86)\Cypress\PSoC Creator\3.3\PSoC Creator\warp\lib\common\stdlogic\mod_cnst.vif'.
Linking 'C:\Program Files (x86)\Cypress\PSoC Creator\3.3\PSoC Creator\warp\lib\common\stdlogic\mod_mthv.vif'.
Linking 'C:\Program Files (x86)\Cypress\PSoC Creator\3.3\PSoC Creator\warp\lib\common\stdlogic\mod_genv.vif'.
Linking 'D:\Cypress\system-start-finish\fw\finish\sandbox\UART_Tx01\UART_Tx01.cydsn\codegentemp\UART_Tx01.ctl'.
Linking 'C:\Program Files (x86)\Cypress\PSoC Creator\3.3\PSoC Creator\psoc\content\cyprimitives\CyPrimitives.cylib\cy_virtualmux_v1_0\cy_virtualmux_v1_0.v'.
Linking 'D:\Cypress\system-start-finish\fw\finish\sandbox\UART_Tx01\UART_Tx01.cydsn\codegentemp\UART_Tx01.v'.
Linking 'C:\Program Files (x86)\Cypress\PSoC Creator\3.3\PSoC Creator\psoc\content\cycomponentlibrary\CyComponentLibrary.cylib\B_UART_v2_50\B_UART_v2_50.v'.
Linking 'C:\Program Files (x86)\Cypress\PSoC Creator\3.3\PSoC Creator\warp\lib\common\cypress.v'.
Linking 'C:\Program Files (x86)\Cypress\PSoC Creator\3.3\PSoC Creator\warp\lib\common\cy_psoc3_inc.v'.
Linking 'C:\Program Files (x86)\Cypress\PSoC Creator\3.3\PSoC Creator\psoc\content\cyprimitives\CyPrimitives.cylib\ZeroTerminal\ZeroTerminal.v'.
Linking 'C:\Program Files (x86)\Cypress\PSoC Creator\3.3\PSoC Creator\warp\lib\common\stdlogic\cy_psoc3pkg.vif'.
Linking 'C:\Program Files (x86)\Cypress\PSoC Creator\3.3\PSoC Creator\warp\lib\common\stdlogic\cy_psoc3.vif'.

tovif:  No errors.


======================================================================
Compiling:  UART_Tx01.v
Program  :   topld
Options  :    -yv2 -q10 -ygs -o2 -v3 -.fftcfgtype=LE -ya -.fftprj=D:\Cypress\system-start-finish\fw\finish\sandbox\UART_Tx01\UART_Tx01.cydsn\UART_Tx01.cyprj -dcpsoc3 -verilog UART_Tx01.v
======================================================================

topld V6.3 IR 41:  Synthesis and optimization
Thu Apr 28 11:09:13 2016

Linking 'C:\Program Files (x86)\Cypress\PSoC Creator\3.3\PSoC Creator\warp\lib\common\std.vhd'.
Linking 'C:\Program Files (x86)\Cypress\PSoC Creator\3.3\PSoC Creator\warp\lib\common\cypress.vhd'.
Linking 'C:\Program Files (x86)\Cypress\PSoC Creator\3.3\PSoC Creator\warp\lib\common\work\cypress.vif'.
Linking 'C:\Program Files (x86)\Cypress\PSoC Creator\3.3\PSoC Creator\warp\lib\ieee\work\stdlogic.vif'.
Linking 'C:\Program Files (x86)\Cypress\PSoC Creator\3.3\PSoC Creator\warp\lib\common\stdlogic\lpmpkg.vif'.
Linking 'C:\Program Files (x86)\Cypress\PSoC Creator\3.3\PSoC Creator\warp\lib\common\stdlogic\rtlpkg.vif'.
Linking 'C:\Program Files (x86)\Cypress\PSoC Creator\3.3\PSoC Creator\warp\lib\common\stdlogic\mod_cnst.vif'.
Linking 'C:\Program Files (x86)\Cypress\PSoC Creator\3.3\PSoC Creator\warp\lib\common\stdlogic\mod_mthv.vif'.
Linking 'C:\Program Files (x86)\Cypress\PSoC Creator\3.3\PSoC Creator\warp\lib\common\stdlogic\mod_genv.vif'.
Linking 'D:\Cypress\system-start-finish\fw\finish\sandbox\UART_Tx01\UART_Tx01.cydsn\codegentemp\UART_Tx01.ctl'.
Linking 'C:\Program Files (x86)\Cypress\PSoC Creator\3.3\PSoC Creator\psoc\content\cyprimitives\CyPrimitives.cylib\cy_virtualmux_v1_0\cy_virtualmux_v1_0.v'.
Linking 'D:\Cypress\system-start-finish\fw\finish\sandbox\UART_Tx01\UART_Tx01.cydsn\codegentemp\UART_Tx01.v'.
Linking 'C:\Program Files (x86)\Cypress\PSoC Creator\3.3\PSoC Creator\psoc\content\cycomponentlibrary\CyComponentLibrary.cylib\B_UART_v2_50\B_UART_v2_50.v'.
Linking 'C:\Program Files (x86)\Cypress\PSoC Creator\3.3\PSoC Creator\warp\lib\common\cypress.v'.
Linking 'C:\Program Files (x86)\Cypress\PSoC Creator\3.3\PSoC Creator\warp\lib\common\cy_psoc3_inc.v'.
Linking 'C:\Program Files (x86)\Cypress\PSoC Creator\3.3\PSoC Creator\psoc\content\cyprimitives\CyPrimitives.cylib\ZeroTerminal\ZeroTerminal.v'.
Linking 'C:\Program Files (x86)\Cypress\PSoC Creator\3.3\PSoC Creator\warp\lib\common\stdlogic\cy_psoc3pkg.vif'.
Linking 'C:\Program Files (x86)\Cypress\PSoC Creator\3.3\PSoC Creator\warp\lib\common\stdlogic\cy_psoc3.vif'.
Linking 'C:\Program Files (x86)\Cypress\PSoC Creator\3.3\PSoC Creator\warp\lib\lcpsoc3\stdlogic\cpsoc3.vif'.

----------------------------------------------------------
Detecting unused logic.
----------------------------------------------------------
    User names
	\UART_1:BUART:HalfDuplexSend\
	\UART_1:BUART:FinalAddrMode_2\
	\UART_1:BUART:FinalAddrMode_1\
	\UART_1:BUART:FinalAddrMode_0\
	\UART_1:BUART:reset_sr\
	Net_35


Deleted 6 User equations/components.
Deleted 0 Synthesized equations/components.

------------------------------------------------------
Alias Detection
------------------------------------------------------
Aliasing \UART_1:BUART:tx_hd_send_break\ to Net_32
Aliasing \UART_1:BUART:FinalParityType_1\ to Net_32
Aliasing \UART_1:BUART:FinalParityType_0\ to Net_32
Aliasing \UART_1:BUART:tx_ctrl_mark\ to Net_32
Aliasing zero to Net_32
Aliasing \UART_1:BUART:tx_count7_enable\ to one
Aliasing \UART_1:BUART:tx_status_6\ to Net_32
Aliasing \UART_1:BUART:tx_status_5\ to Net_32
Aliasing \UART_1:BUART:tx_status_4\ to Net_32
Aliasing \LCD_Char_1:tmpOE__LCDPort_net_6\ to one
Aliasing \LCD_Char_1:tmpOE__LCDPort_net_5\ to one
Aliasing \LCD_Char_1:tmpOE__LCDPort_net_4\ to one
Aliasing \LCD_Char_1:tmpOE__LCDPort_net_3\ to one
Aliasing \LCD_Char_1:tmpOE__LCDPort_net_2\ to one
Aliasing \LCD_Char_1:tmpOE__LCDPort_net_1\ to one
Aliasing \LCD_Char_1:tmpOE__LCDPort_net_0\ to one
Aliasing tmpOE__TX_net_0 to one
Aliasing Net_31D to Net_32
Removing Lhs of wire \UART_1:Net_61\[0] = Net_24[1]
Removing Lhs of wire \UART_1:BUART:tx_hd_send_break\[7] = Net_32[6]
Removing Lhs of wire \UART_1:BUART:FinalParityType_1\[9] = Net_32[6]
Removing Lhs of wire \UART_1:BUART:FinalParityType_0\[10] = Net_32[6]
Removing Lhs of wire \UART_1:BUART:tx_ctrl_mark\[17] = Net_32[6]
Removing Rhs of wire Net_34[22] = \UART_1:BUART:tx_interrupt_out\[23]
Removing Lhs of wire zero[29] = Net_32[6]
Removing Lhs of wire \UART_1:BUART:tx_count7_enable\[65] = one[3]
Removing Lhs of wire \UART_1:BUART:tx_status_6\[75] = Net_32[6]
Removing Lhs of wire \UART_1:BUART:tx_status_5\[76] = Net_32[6]
Removing Lhs of wire \UART_1:BUART:tx_status_4\[77] = Net_32[6]
Removing Lhs of wire \UART_1:BUART:tx_status_1\[79] = \UART_1:BUART:tx_fifo_empty\[43]
Removing Lhs of wire \UART_1:BUART:tx_status_3\[81] = \UART_1:BUART:tx_fifo_notfull\[42]
Removing Lhs of wire \LCD_Char_1:tmpOE__LCDPort_net_6\[88] = one[3]
Removing Lhs of wire \LCD_Char_1:tmpOE__LCDPort_net_5\[89] = one[3]
Removing Lhs of wire \LCD_Char_1:tmpOE__LCDPort_net_4\[90] = one[3]
Removing Lhs of wire \LCD_Char_1:tmpOE__LCDPort_net_3\[91] = one[3]
Removing Lhs of wire \LCD_Char_1:tmpOE__LCDPort_net_2\[92] = one[3]
Removing Lhs of wire \LCD_Char_1:tmpOE__LCDPort_net_1\[93] = one[3]
Removing Lhs of wire \LCD_Char_1:tmpOE__LCDPort_net_0\[94] = one[3]
Removing Lhs of wire tmpOE__TX_net_0[112] = one[3]
Removing Lhs of wire \UART_1:BUART:reset_reg\\D\[119] = Net_32[6]
Removing Lhs of wire \UART_1:BUART:tx_bitclk\\D\[124] = \UART_1:BUART:tx_bitclk_enable_pre\[28]
Removing Lhs of wire Net_31D[125] = Net_32[6]

------------------------------------------------------
Aliased 0 equations, 24 wires.
------------------------------------------------------

----------------------------------------------------------
Circuit simplification
----------------------------------------------------------

Substituting virtuals - pass 1:

Note:  Expanding virtual equation for 'Net_32' (cost = 0):
Net_32 <=  ('0') ;


Substituting virtuals - pass 2:


----------------------------------------------------------
Circuit simplification results:

	Expanded 1 signals.
	Turned 0 signals into soft nodes.
	Maximum default expansion cost was set at 3.
----------------------------------------------------------

------------------------------------------------------
Alias Detection
------------------------------------------------------
Removing Lhs of wire \UART_1:BUART:tx_ctrl_mark_last\\D\[126] = \UART_1:BUART:tx_ctrl_mark_last\[84]

------------------------------------------------------
Aliased 0 equations, 1 wires.
------------------------------------------------------

----------------------------------------------------------
Circuit simplification
----------------------------------------------------------

Eliminating unused logic - pass 1:


Eliminating unused logic - pass 2:


Substituting virtuals - pass 1:


----------------------------------------------------------
Circuit simplification results:

	Expanded 0 signals.
	Turned 0 signals into soft nodes.
	Maximum default expansion cost was set at 3.
----------------------------------------------------------

topld:  No errors.

CYPRESS_DIR    : C:\Program Files (x86)\Cypress\PSoC Creator\3.3\PSoC Creator\warp
Warp Program   : C:\Program Files (x86)\Cypress\PSoC Creator\3.3\PSoC Creator\warp\bin/warp.exe
Warp Arguments : -yv2 -q10 -ygs -o2 -v3 -.fftcfgtype=LE -ya -.fftprj=D:\Cypress\system-start-finish\fw\finish\sandbox\UART_Tx01\UART_Tx01.cydsn\UART_Tx01.cyprj -dcpsoc3 UART_Tx01.v -verilog
</CYPRESSTAG>
Warp synthesis phase: Elapsed time ==> 0s.547ms
<CYPRESSTAG name="Fitter results...">
<CYPRESSTAG name="Fitter startup details...">
cyp3fit: V3.3.0.7343, Family: PSoC3, Started at: Thursday, 28 April 2016 11:09:13
Options: -yv2 -q10 -ygs -o2 -v3 -.fftcfgtype=LE -ya -.fftprj=D:\Cypress\system-start-finish\fw\finish\sandbox\UART_Tx01\UART_Tx01.cydsn\UART_Tx01.cyprj -d CY8C4247LQI-BL483 UART_Tx01.v -verilog
</CYPRESSTAG>
<CYPRESSTAG name="Design parsing">
Design parsing phase: Elapsed time ==> 0s.007ms
</CYPRESSTAG>
<CYPRESSTAG name="Tech mapping">
<CYPRESSTAG name="Initial Mapping" icon="FILE_RPT_TECHM">
    Converted constant MacroCell: \UART_1:BUART:reset_reg\ from registered to combinatorial
    Converted constant MacroCell: Net_31 from registered to combinatorial

Removing unused cells resulting from optimization
Done removing unused cells.
<CYPRESSTAG name="Global Clock Selection" icon="FILE_RPT_TECHM">
    Digital Clock 0: Automatic-assigning  clock 'Clock_1'. Fanout=1, Signal=Net_24_digital
<CYPRESSTAG name="UDB Clock/Enable Remapping Results">
    UDB Clk/Enable \UART_1:BUART:ClkSync\: with output requested to be synchronous
        ClockIn: ClockGenBlock:m0s8clockgenblockcell.gen_clk_out_0 was determined to be a global clock that is synchronous to HFCLK
        EnableIn: Constant 1 was determined to be synchronous to ClockIn
        ClockOut: ClockGenBlock:m0s8clockgenblockcell.gen_clk_out_0, EnableOut: Constant 1
</CYPRESSTAG>
</CYPRESSTAG>

Removing unused cells resulting from optimization
Done removing unused cells.
<CYPRESSTAG name="Duplicate Macrocell detection">
</CYPRESSTAG>
</CYPRESSTAG>
<CYPRESSTAG name="Duplicate Macrocell detection">

Removing duplicate macrocells
    Removing \UART_1:BUART:tx_parity_bit\, Duplicate of \UART_1:BUART:tx_ctrl_mark_last\ 
    MacroCell: Name=\UART_1:BUART:tx_parity_bit\, Mode=(T-Register)
        Total # of inputs        : 0
        Total # of product terms : 0
        List of special equations: 
            Clock  = (Net_24_digital) => Global
            Clock Enable: True
        Main Equation            : 0 pterms
        (
            0
        );
        Output = \UART_1:BUART:tx_parity_bit\ (fanout=0)

    Removing \UART_1:BUART:tx_mark\, Duplicate of \UART_1:BUART:tx_ctrl_mark_last\ 
    MacroCell: Name=\UART_1:BUART:tx_mark\, Mode=(T-Register)
        Total # of inputs        : 0
        Total # of product terms : 0
        List of special equations: 
            Clock  = (Net_24_digital) => Global
            Clock Enable: True
        Main Equation            : 0 pterms
        (
            0
        );
        Output = \UART_1:BUART:tx_mark\ (fanout=0)


Removing unused cells resulting from optimization
Done removing unused cells.
End removing duplicate macrocells: used 1 pass
</CYPRESSTAG>
<CYPRESSTAG name="Design Equations" icon="FILE_RPT_EQUATION">

------------------------------------------------------------
Design Equations
------------------------------------------------------------
    <CYPRESSTAG name="Pin listing">

    ------------------------------------------------------------
    Pin listing
    ------------------------------------------------------------

    Pin : Name = \LCD_Char_1:LCDPort(0)\
        Attributes:
            In Group/Port: True
            In Sync Option: AUTO
            Out Sync Option: NOSYNC
            Interrupt generated: False
            Interrupt mode: NONE
            Drive mode: CMOS_OUT
            VTrip: EITHER
            Slew: FAST
            Input Sync needed: False
            Output Sync needed: False
            SC shield enabled: False
            POR State: ANY
            LCD Mode: COMMON
            Register Mode: RegComb
            CaSense Mode: NEITHER
            Treat as pin: False
            Is OE Registered: False
            Uses Analog: False
            Can contain Digital: True
            Is SIO: False
            SIO Output Buf: NONREGULATED
            SIO Input Buf: SINGLE_ENDED
            SIO HiFreq: LOW
            SIO Hyst: DISABLED
            SIO Vtrip: MULTIPLIER_0_5
            SIO Multiplier Index: 0
            SIO RefSel: VCC_IO
            Required Capabilitites: DIGITAL
            Initial Value: 0
            IO Voltage: 0
        PORT MAP (
            pa_out => \LCD_Char_1:LCDPort(0)\__PA ,
            pad => \LCD_Char_1:LCDPort(0)_PAD\ );
        Properties:
        {
        }

    Pin : Name = \LCD_Char_1:LCDPort(1)\
        Attributes:
            In Group/Port: True
            In Sync Option: AUTO
            Out Sync Option: NOSYNC
            Interrupt generated: False
            Interrupt mode: NONE
            Drive mode: CMOS_OUT
            VTrip: EITHER
            Slew: FAST
            Input Sync needed: False
            Output Sync needed: False
            SC shield enabled: False
            POR State: ANY
            LCD Mode: COMMON
            Register Mode: RegComb
            CaSense Mode: NEITHER
            Treat as pin: False
            Is OE Registered: False
            Uses Analog: False
            Can contain Digital: True
            Is SIO: False
            SIO Output Buf: NONREGULATED
            SIO Input Buf: SINGLE_ENDED
            SIO HiFreq: LOW
            SIO Hyst: DISABLED
            SIO Vtrip: MULTIPLIER_0_5
            SIO Multiplier Index: 0
            SIO RefSel: VCC_IO
            Required Capabilitites: DIGITAL
            Initial Value: 0
            IO Voltage: 0
        PORT MAP (
            pa_out => \LCD_Char_1:LCDPort(1)\__PA ,
            pad => \LCD_Char_1:LCDPort(1)_PAD\ );
        Properties:
        {
        }

    Pin : Name = \LCD_Char_1:LCDPort(2)\
        Attributes:
            In Group/Port: True
            In Sync Option: AUTO
            Out Sync Option: NOSYNC
            Interrupt generated: False
            Interrupt mode: NONE
            Drive mode: CMOS_OUT
            VTrip: EITHER
            Slew: FAST
            Input Sync needed: False
            Output Sync needed: False
            SC shield enabled: False
            POR State: ANY
            LCD Mode: COMMON
            Register Mode: RegComb
            CaSense Mode: NEITHER
            Treat as pin: False
            Is OE Registered: False
            Uses Analog: False
            Can contain Digital: True
            Is SIO: False
            SIO Output Buf: NONREGULATED
            SIO Input Buf: SINGLE_ENDED
            SIO HiFreq: LOW
            SIO Hyst: DISABLED
            SIO Vtrip: MULTIPLIER_0_5
            SIO Multiplier Index: 0
            SIO RefSel: VCC_IO
            Required Capabilitites: DIGITAL
            Initial Value: 0
            IO Voltage: 0
        PORT MAP (
            pa_out => \LCD_Char_1:LCDPort(2)\__PA ,
            pad => \LCD_Char_1:LCDPort(2)_PAD\ );
        Properties:
        {
        }

    Pin : Name = \LCD_Char_1:LCDPort(3)\
        Attributes:
            In Group/Port: True
            In Sync Option: AUTO
            Out Sync Option: NOSYNC
            Interrupt generated: False
            Interrupt mode: NONE
            Drive mode: CMOS_OUT
            VTrip: EITHER
            Slew: FAST
            Input Sync needed: False
            Output Sync needed: False
            SC shield enabled: False
            POR State: ANY
            LCD Mode: COMMON
            Register Mode: RegComb
            CaSense Mode: NEITHER
            Treat as pin: False
            Is OE Registered: False
            Uses Analog: False
            Can contain Digital: True
            Is SIO: False
            SIO Output Buf: NONREGULATED
            SIO Input Buf: SINGLE_ENDED
            SIO HiFreq: LOW
            SIO Hyst: DISABLED
            SIO Vtrip: MULTIPLIER_0_5
            SIO Multiplier Index: 0
            SIO RefSel: VCC_IO
            Required Capabilitites: DIGITAL
            Initial Value: 0
            IO Voltage: 0
        PORT MAP (
            pa_out => \LCD_Char_1:LCDPort(3)\__PA ,
            pad => \LCD_Char_1:LCDPort(3)_PAD\ );
        Properties:
        {
        }

    Pin : Name = \LCD_Char_1:LCDPort(4)\
        Attributes:
            In Group/Port: True
            In Sync Option: AUTO
            Out Sync Option: NOSYNC
            Interrupt generated: False
            Interrupt mode: NONE
            Drive mode: CMOS_OUT
            VTrip: EITHER
            Slew: FAST
            Input Sync needed: False
            Output Sync needed: False
            SC shield enabled: False
            POR State: ANY
            LCD Mode: COMMON
            Register Mode: RegComb
            CaSense Mode: NEITHER
            Treat as pin: False
            Is OE Registered: False
            Uses Analog: False
            Can contain Digital: True
            Is SIO: False
            SIO Output Buf: NONREGULATED
            SIO Input Buf: SINGLE_ENDED
            SIO HiFreq: LOW
            SIO Hyst: DISABLED
            SIO Vtrip: MULTIPLIER_0_5
            SIO Multiplier Index: 0
            SIO RefSel: VCC_IO
            Required Capabilitites: DIGITAL
            Initial Value: 0
            IO Voltage: 0
        PORT MAP (
            pa_out => \LCD_Char_1:LCDPort(4)\__PA ,
            pad => \LCD_Char_1:LCDPort(4)_PAD\ );
        Properties:
        {
        }

    Pin : Name = \LCD_Char_1:LCDPort(5)\
        Attributes:
            In Group/Port: True
            In Sync Option: AUTO
            Out Sync Option: NOSYNC
            Interrupt generated: False
            Interrupt mode: NONE
            Drive mode: CMOS_OUT
            VTrip: EITHER
            Slew: FAST
            Input Sync needed: False
            Output Sync needed: False
            SC shield enabled: False
            POR State: ANY
            LCD Mode: COMMON
            Register Mode: RegComb
            CaSense Mode: NEITHER
            Treat as pin: False
            Is OE Registered: False
            Uses Analog: False
            Can contain Digital: True
            Is SIO: False
            SIO Output Buf: NONREGULATED
            SIO Input Buf: SINGLE_ENDED
            SIO HiFreq: LOW
            SIO Hyst: DISABLED
            SIO Vtrip: MULTIPLIER_0_5
            SIO Multiplier Index: 0
            SIO RefSel: VCC_IO
            Required Capabilitites: DIGITAL
            Initial Value: 0
            IO Voltage: 0
        PORT MAP (
            pa_out => \LCD_Char_1:LCDPort(5)\__PA ,
            pad => \LCD_Char_1:LCDPort(5)_PAD\ );
        Properties:
        {
        }

    Pin : Name = \LCD_Char_1:LCDPort(6)\
        Attributes:
            In Group/Port: True
            In Sync Option: AUTO
            Out Sync Option: NOSYNC
            Interrupt generated: False
            Interrupt mode: NONE
            Drive mode: CMOS_OUT
            VTrip: EITHER
            Slew: FAST
            Input Sync needed: False
            Output Sync needed: False
            SC shield enabled: False
            POR State: ANY
            LCD Mode: COMMON
            Register Mode: RegComb
            CaSense Mode: NEITHER
            Treat as pin: False
            Is OE Registered: False
            Uses Analog: False
            Can contain Digital: True
            Is SIO: False
            SIO Output Buf: NONREGULATED
            SIO Input Buf: SINGLE_ENDED
            SIO HiFreq: LOW
            SIO Hyst: DISABLED
            SIO Vtrip: MULTIPLIER_0_5
            SIO Multiplier Index: 0
            SIO RefSel: VCC_IO
            Required Capabilitites: DIGITAL
            Initial Value: 0
            IO Voltage: 0
        PORT MAP (
            pa_out => \LCD_Char_1:LCDPort(6)\__PA ,
            pad => \LCD_Char_1:LCDPort(6)_PAD\ );
        Properties:
        {
        }

    Pin : Name = TX(0)
        Attributes:
            In Group/Port: True
            In Sync Option: AUTO
            Out Sync Option: NOSYNC
            Interrupt generated: False
            Interrupt mode: NONE
            Drive mode: CMOS_OUT
            VTrip: EITHER
            Slew: FAST
            Input Sync needed: False
            Output Sync needed: False
            SC shield enabled: False
            POR State: ANY
            LCD Mode: COMMON
            Register Mode: RegComb
            CaSense Mode: NEITHER
            Treat as pin: True
            Is OE Registered: False
            Uses Analog: False
            Can contain Digital: True
            Is SIO: False
            SIO Output Buf: NONREGULATED
            SIO Input Buf: SINGLE_ENDED
            SIO HiFreq: LOW
            SIO Hyst: DISABLED
            SIO Vtrip: MULTIPLIER_0_5
            SIO Multiplier Index: 0
            SIO RefSel: VCC_IO
            Required Capabilitites: DIGITAL, ROUTABLE
            Initial Value: 1
            IO Voltage: 0
        PORT MAP (
            pa_out => TX(0)__PA ,
            input => Net_29 ,
            pad => TX(0)_PAD );
        Properties:
        {
        }
    </CYPRESSTAG>
    <CYPRESSTAG name="Macrocell listing" icon="FILE_RPT_EQUATION">

    ------------------------------------------------------------
    Macrocell listing
    ------------------------------------------------------------

    MacroCell: Name=Net_29, Mode=(Combinatorial)
        Total # of inputs        : 1
        Total # of product terms : 1
            Clock Enable: True
        Main Equation            : 1 pterm
        (
              !\UART_1:BUART:txn\
        );
        Output = Net_29 (fanout=1)

    MacroCell: Name=\UART_1:BUART:counter_load\, Mode=(Combinatorial)
        Total # of inputs        : 4
        Total # of product terms : 2
            Clock Enable: True
        Main Equation            : 2 pterms
        (
              !\UART_1:BUART:tx_state_1\ * !\UART_1:BUART:tx_state_0\ * 
              !\UART_1:BUART:tx_state_2\
            + !\UART_1:BUART:tx_state_1\ * !\UART_1:BUART:tx_state_0\ * 
              \UART_1:BUART:tx_bitclk\
        );
        Output = \UART_1:BUART:counter_load\ (fanout=1)

    MacroCell: Name=\UART_1:BUART:tx_bitclk_enable_pre\, Mode=(Combinatorial)
        Total # of inputs        : 6
        Total # of product terms : 4
            Clock Enable: True
        Main Equation            : 4 pterms
        (
              !\UART_1:BUART:tx_state_1\ * !\UART_1:BUART:tx_state_0\ * 
              \UART_1:BUART:tx_state_2\ * !\UART_1:BUART:txbitcount_2\ * 
              !\UART_1:BUART:txbitcount_1\ * \UART_1:BUART:txbitcount_0\
            + \UART_1:BUART:tx_state_1\ * !\UART_1:BUART:txbitcount_2\ * 
              !\UART_1:BUART:txbitcount_1\ * !\UART_1:BUART:txbitcount_0\
            + \UART_1:BUART:tx_state_0\ * !\UART_1:BUART:txbitcount_2\ * 
              !\UART_1:BUART:txbitcount_1\ * !\UART_1:BUART:txbitcount_0\
            + !\UART_1:BUART:tx_state_2\ * !\UART_1:BUART:txbitcount_2\ * 
              !\UART_1:BUART:txbitcount_1\ * !\UART_1:BUART:txbitcount_0\
        );
        Output = \UART_1:BUART:tx_bitclk_enable_pre\ (fanout=1)

    MacroCell: Name=\UART_1:BUART:tx_status_0\, Mode=(Combinatorial)
        Total # of inputs        : 5
        Total # of product terms : 1
            Clock Enable: True
        Main Equation            : 1 pterm
        (
              !\UART_1:BUART:tx_state_1\ * !\UART_1:BUART:tx_state_0\ * 
              \UART_1:BUART:tx_fifo_empty\ * \UART_1:BUART:tx_state_2\ * 
              \UART_1:BUART:tx_bitclk\
        );
        Output = \UART_1:BUART:tx_status_0\ (fanout=1)

    MacroCell: Name=\UART_1:BUART:tx_status_2\, Mode=(Combinatorial)
        Total # of inputs        : 1
        Total # of product terms : 1
            Clock Enable: True
        Main Equation            : 1 pterm
        (
              !\UART_1:BUART:tx_fifo_notfull\
        );
        Output = \UART_1:BUART:tx_status_2\ (fanout=1)

    MacroCell: Name=\UART_1:BUART:txn\, Mode=(D-Register)
        Total # of inputs        : 7
        Total # of product terms : 5
        List of special equations: 
            Clock  = (Net_24_digital) => Global
            Clock Enable: True
        Main Equation            : 5 pterms
        (
              \UART_1:BUART:txn\ * \UART_1:BUART:tx_state_1\ * 
              !\UART_1:BUART:tx_bitclk\
            + \UART_1:BUART:txn\ * \UART_1:BUART:tx_state_2\
            + !\UART_1:BUART:tx_state_1\ * \UART_1:BUART:tx_state_0\ * 
              !\UART_1:BUART:tx_shift_out\ * !\UART_1:BUART:tx_state_2\
            + !\UART_1:BUART:tx_state_1\ * \UART_1:BUART:tx_state_0\ * 
              !\UART_1:BUART:tx_state_2\ * !\UART_1:BUART:tx_bitclk\
            + \UART_1:BUART:tx_state_1\ * !\UART_1:BUART:tx_state_0\ * 
              !\UART_1:BUART:tx_shift_out\ * !\UART_1:BUART:tx_state_2\ * 
              \UART_1:BUART:tx_bitclk\ * !\UART_1:BUART:tx_counter_tc\
        );
        Output = \UART_1:BUART:txn\ (fanout=2)

    MacroCell: Name=\UART_1:BUART:tx_state_1\, Mode=(T-Register)
        Total # of inputs        : 5
        Total # of product terms : 3
        List of special equations: 
            Clock  = (Net_24_digital) => Global
            Clock Enable: True
        Main Equation            : 3 pterms
        (
              \UART_1:BUART:tx_state_1\ * \UART_1:BUART:tx_state_0\ * 
              \UART_1:BUART:tx_bitclk\
            + \UART_1:BUART:tx_state_1\ * !\UART_1:BUART:tx_state_2\ * 
              \UART_1:BUART:tx_bitclk\ * \UART_1:BUART:tx_counter_tc\
            + \UART_1:BUART:tx_state_0\ * !\UART_1:BUART:tx_state_2\ * 
              \UART_1:BUART:tx_bitclk\
        );
        Output = \UART_1:BUART:tx_state_1\ (fanout=9)

    MacroCell: Name=\UART_1:BUART:tx_state_0\, Mode=(T-Register)
        Total # of inputs        : 5
        Total # of product terms : 4
        List of special equations: 
            Clock  = (Net_24_digital) => Global
            Clock Enable: True
        Main Equation            : 4 pterms
        (
              !\UART_1:BUART:tx_state_1\ * !\UART_1:BUART:tx_state_0\ * 
              !\UART_1:BUART:tx_fifo_empty\ * !\UART_1:BUART:tx_state_2\
            + !\UART_1:BUART:tx_state_1\ * !\UART_1:BUART:tx_state_0\ * 
              !\UART_1:BUART:tx_fifo_empty\ * \UART_1:BUART:tx_bitclk\
            + \UART_1:BUART:tx_state_1\ * \UART_1:BUART:tx_state_0\ * 
              \UART_1:BUART:tx_fifo_empty\ * \UART_1:BUART:tx_bitclk\
            + \UART_1:BUART:tx_state_0\ * !\UART_1:BUART:tx_state_2\ * 
              \UART_1:BUART:tx_bitclk\
        );
        Output = \UART_1:BUART:tx_state_0\ (fanout=9)

    MacroCell: Name=\UART_1:BUART:tx_state_2\, Mode=(T-Register)
        Total # of inputs        : 5
        Total # of product terms : 3
        List of special equations: 
            Clock  = (Net_24_digital) => Global
            Clock Enable: True
        Main Equation            : 3 pterms
        (
              !\UART_1:BUART:tx_state_1\ * !\UART_1:BUART:tx_state_0\ * 
              \UART_1:BUART:tx_state_2\ * \UART_1:BUART:tx_bitclk\
            + \UART_1:BUART:tx_state_1\ * \UART_1:BUART:tx_state_0\ * 
              \UART_1:BUART:tx_bitclk\
            + \UART_1:BUART:tx_state_1\ * !\UART_1:BUART:tx_state_2\ * 
              \UART_1:BUART:tx_bitclk\ * \UART_1:BUART:tx_counter_tc\
        );
        Output = \UART_1:BUART:tx_state_2\ (fanout=8)

    MacroCell: Name=\UART_1:BUART:tx_bitclk\, Mode=(D-Register)
        Total # of inputs        : 6
        Total # of product terms : 4
        List of special equations: 
            Clock  = (Net_24_digital) => Global
            Clock Enable: True
        Main Equation            : 4 pterms
        (
              !\UART_1:BUART:tx_state_1\ * !\UART_1:BUART:tx_state_0\ * 
              \UART_1:BUART:tx_state_2\ * !\UART_1:BUART:txbitcount_2\ * 
              !\UART_1:BUART:txbitcount_1\ * \UART_1:BUART:txbitcount_0\
            + \UART_1:BUART:tx_state_1\ * !\UART_1:BUART:txbitcount_2\ * 
              !\UART_1:BUART:txbitcount_1\ * !\UART_1:BUART:txbitcount_0\
            + \UART_1:BUART:tx_state_0\ * !\UART_1:BUART:txbitcount_2\ * 
              !\UART_1:BUART:txbitcount_1\ * !\UART_1:BUART:txbitcount_0\
            + !\UART_1:BUART:tx_state_2\ * !\UART_1:BUART:txbitcount_2\ * 
              !\UART_1:BUART:txbitcount_1\ * !\UART_1:BUART:txbitcount_0\
        );
        Output = \UART_1:BUART:tx_bitclk\ (fanout=6)
    </CYPRESSTAG>
    <CYPRESSTAG name="Datapath listing">

    ------------------------------------------------------------
    Datapath listing
    ------------------------------------------------------------

    datapathcell: Name =\UART_1:BUART:sTX:TxShifter:u0\
        PORT MAP (
            clock => Net_24_digital ,
            cs_addr_2 => \UART_1:BUART:tx_state_1\ ,
            cs_addr_1 => \UART_1:BUART:tx_state_0\ ,
            cs_addr_0 => \UART_1:BUART:tx_bitclk_enable_pre\ ,
            so_comb => \UART_1:BUART:tx_shift_out\ ,
            f0_bus_stat_comb => \UART_1:BUART:tx_fifo_notfull\ ,
            f0_blk_stat_comb => \UART_1:BUART:tx_fifo_empty\ );
        Properties:
        {
            a0_init = "00000000"
            a1_init = "00000000"
            ce0_sync = 1
            ce1_sync = 1
            cl0_sync = 1
            cl1_sync = 1
            cmsb_sync = 1
            co_msb_sync = 1
            cy_dpconfig = "0000000000000000000000000000000000000000000000000000000011000000000000000000000000000010010000000000000000000000000000000000000011111111000000001111111111111111000000000000000001000100111100000000000000001100"
            d0_init = "00000000"
            d1_init = "00000000"
            f0_blk_sync = 1
            f0_bus_sync = 1
            f1_blk_sync = 1
            f1_bus_sync = 1
            ff0_sync = 1
            ff1_sync = 1
            ov_msb_sync = 1
            so_sync = 1
            z0_sync = 1
            z1_sync = 1
        }
        Clock Polarity: Active High
        Clock Enable: True
    </CYPRESSTAG>
    <CYPRESSTAG name="Status register listing">
    </CYPRESSTAG>
    <CYPRESSTAG name="StatusI register listing">

    ------------------------------------------------------------
    StatusI register listing
    ------------------------------------------------------------

    statusicell: Name =\UART_1:BUART:sTX:TxSts\
        PORT MAP (
            clock => Net_24_digital ,
            status_3 => \UART_1:BUART:tx_fifo_notfull\ ,
            status_2 => \UART_1:BUART:tx_status_2\ ,
            status_1 => \UART_1:BUART:tx_fifo_empty\ ,
            status_0 => \UART_1:BUART:tx_status_0\ ,
            interrupt => Net_34 );
        Properties:
        {
            cy_force_order = 1
            cy_int_mask = "1111111"
            cy_md_select = "0000001"
        }
        Clock Polarity: Active High
        Clock Enable: True
    </CYPRESSTAG>
    <CYPRESSTAG name="Sync listing">
    </CYPRESSTAG>
    <CYPRESSTAG name="Control register listing">
    </CYPRESSTAG>
    <CYPRESSTAG name="Count7 listing">

    ------------------------------------------------------------
    Count7 listing
    ------------------------------------------------------------

    count7cell: Name =\UART_1:BUART:sTX:sCLOCK:TxBitCounter\
        PORT MAP (
            clock => Net_24_digital ,
            load => \UART_1:BUART:counter_load\ ,
            count_6 => \UART_1:BUART:txbitcount_6\ ,
            count_5 => \UART_1:BUART:txbitcount_5\ ,
            count_4 => \UART_1:BUART:txbitcount_4\ ,
            count_3 => \UART_1:BUART:txbitcount_3\ ,
            count_2 => \UART_1:BUART:txbitcount_2\ ,
            count_1 => \UART_1:BUART:txbitcount_1\ ,
            count_0 => \UART_1:BUART:txbitcount_0\ ,
            tc => \UART_1:BUART:tx_counter_tc\ );
        Properties:
        {
            cy_alt_mode = 0
            cy_init_value = "0000000"
            cy_period = "1000111"
            cy_route_en = 1
            cy_route_ld = 1
        }
        Clock Polarity: Active High
        Clock Enable: True
    </CYPRESSTAG>
    <CYPRESSTAG name="DRQ listing">
    </CYPRESSTAG>
    <CYPRESSTAG name="Interrupt listing">

    ------------------------------------------------------------
    Interrupt listing
    ------------------------------------------------------------

    interrupt: Name =isr_1
        PORT MAP (
            interrupt => Net_34 );
        Properties:
        {
            int_type = "10"
        }
    </CYPRESSTAG>
</CYPRESSTAG>
<CYPRESSTAG name="Technology mapping summary" expanded>

------------------------------------------------------------
Technology mapping summary
------------------------------------------------------------

Resource Type                 : Used : Free :  Max :  % Used
============================================================
Digital Clocks                :    1 :    3 :    4 : 25.00 %
Interrupts                    :    1 :   31 :   32 :  3.13 %
IO                            :   12 :   26 :   38 : 31.58 %
Segment LCD                   :    0 :    1 :    1 :  0.00 %
CapSense                      :    0 :    1 :    1 :  0.00 %
Die Temp                      :    0 :    1 :    1 :  0.00 %
Serial Communication (SCB)    :    0 :    2 :    2 :  0.00 %
BLE                           :    0 :    1 :    1 :  0.00 %
Timer/Counter/PWM             :    0 :    4 :    4 :  0.00 %
UDB                           :      :      :      :        
  Macrocells                  :   10 :   22 :   32 : 31.25 %
  Unique P-terms              :   21 :   43 :   64 : 32.81 %
  Total P-terms               :   28 :      :      :        
  Datapath Cells              :    1 :    3 :    4 : 25.00 %
  Status Cells                :    2 :    2 :    4 : 50.00 %
    StatusI Registers         :    1 :      :      :        
    Routed Count7 Load/Enable :    1 :      :      :        
  Control Cells               :    1 :    3 :    4 : 25.00 %
    Count7 Cells              :    1 :      :      :        
Comparator/Opamp              :    0 :    4 :    4 :  0.00 %
LP Comparator                 :    0 :    2 :    2 :  0.00 %
SAR ADC                       :    0 :    1 :    1 :  0.00 %
DAC                           :      :      :      :        
  7-bit IDAC                  :    0 :    1 :    1 :  0.00 %
  8-bit IDAC                  :    0 :    1 :    1 :  0.00 %
</CYPRESSTAG>
Technology Mapping: Elapsed time ==> 0s.035ms
Tech mapping phase: Elapsed time ==> 0s.062ms
</CYPRESSTAG>
<CYPRESSTAG name="Analog Placement">
<CYPRESSTAG name="Analog Placement">
Elapsed time ==> 0.3779761s
</CYPRESSTAG>
Analog Placement phase: Elapsed time ==> 0s.608ms
</CYPRESSTAG>
<CYPRESSTAG name="Analog Routing">
<CYPRESSTAG name="Analog Routing">
Route success=True, Iterations=1 Elapsed=0.0017073 secs
</CYPRESSTAG>
Analog Routing phase: Elapsed time ==> 0s.002ms
</CYPRESSTAG>
<CYPRESSTAG name="Analog Code Generation">
============ Analog Final Answer Routes ============
Dump of CyAnalogRoutingResultsDB
Map of net to items {
}
Map of item to net {
}
Mux Info {
}
Analog Code Generation phase: Elapsed time ==> 0s.093ms
</CYPRESSTAG>
<CYPRESSTAG name="Digital Placement">
<CYPRESSTAG name="Detailed placement messages">
I2076: Total run-time: 0.9 sec.

</CYPRESSTAG>
<CYPRESSTAG name="PLD Packing">
<CYPRESSTAG name="PLD Packing Summary" expanded>

------------------------------------------------------------
PLD Packing Summary
------------------------------------------------------------
            Resource Type : Used : Free :  Max :  % Used
    ====================================================
                     PLDs :    4 :    4 :    8 :  50.00%

<CYPRESSTAG name="PLD Statistics">

        PLD Resource Type :     Average/LAB
    =======================================
                   Inputs :            5.75
                   Pterms :            5.75
               Macrocells :            2.50
</CYPRESSTAG>
<CYPRESSTAG name="Packed PLD Contents">
Packed PLD Contents not displayed at this verbose level.</CYPRESSTAG>
</CYPRESSTAG>
PLD Packing: Elapsed time ==> 0s.025ms
</CYPRESSTAG>
<CYPRESSTAG name="Partitioning">
<CYPRESSTAG name="Initial Partitioning Summary">
Initial Partitioning Summary not displayed at this verbose level.</CYPRESSTAG>
<CYPRESSTAG name="Final Partitioning Summary">
Final Partitioning Summary not displayed at this verbose level.</CYPRESSTAG>
Partitioning: Elapsed time ==> 0s.125ms
</CYPRESSTAG>
<CYPRESSTAG name="Simulated Annealing">
Annealing: Elapsed time ==> 0s.014ms
<CYPRESSTAG name="Simulated Annealing Results">
The seed used for moves was 114161200.
Inital cost was 40, final cost is 40 (0.00% improvement).</CYPRESSTAG>
</CYPRESSTAG>
<CYPRESSTAG name="Final Placement Summary">

------------------------------------------------------------
Final Placement Summary
------------------------------------------------------------

       Resource Type :      Count : Avg Inputs : Avg Outputs
    ========================================================
                 UDB :          2 :       8.50 :       5.00
<CYPRESSTAG name="Final Placement Details">
<CYPRESSTAG name="Component Details">

------------------------------------------------------------
Component Placement Details
------------------------------------------------------------
UDB [UDB=(0,0)] contents:
LAB@[UDB=(0,0)][LB=0] #macrocells=2, #inputs=7, #pterms=7
{
    [McSlotId=0]:     MacroCell: Name=\UART_1:BUART:txn\, Mode=(D-Register) @ [UDB=(0,0)][LB=0][MC=0]
        Total # of inputs        : 7
        Total # of product terms : 5
        List of special equations: 
            Clock  = (Net_24_digital) => Global
            Clock Enable: True
        Main Equation            : 5 pterms
        (
              \UART_1:BUART:txn\ * \UART_1:BUART:tx_state_1\ * 
              !\UART_1:BUART:tx_bitclk\
            + \UART_1:BUART:txn\ * \UART_1:BUART:tx_state_2\
            + !\UART_1:BUART:tx_state_1\ * \UART_1:BUART:tx_state_0\ * 
              !\UART_1:BUART:tx_shift_out\ * !\UART_1:BUART:tx_state_2\
            + !\UART_1:BUART:tx_state_1\ * \UART_1:BUART:tx_state_0\ * 
              !\UART_1:BUART:tx_state_2\ * !\UART_1:BUART:tx_bitclk\
            + \UART_1:BUART:tx_state_1\ * !\UART_1:BUART:tx_state_0\ * 
              !\UART_1:BUART:tx_shift_out\ * !\UART_1:BUART:tx_state_2\ * 
              \UART_1:BUART:tx_bitclk\ * !\UART_1:BUART:tx_counter_tc\
        );
        Output = \UART_1:BUART:txn\ (fanout=2)
        Properties               : 
        {
        }

    [McSlotId=1]:     MacroCell: Name=\UART_1:BUART:counter_load\, Mode=(Combinatorial) @ [UDB=(0,0)][LB=0][MC=1]
        Total # of inputs        : 4
        Total # of product terms : 2
            Clock Enable: True
        Main Equation            : 2 pterms
        (
              !\UART_1:BUART:tx_state_1\ * !\UART_1:BUART:tx_state_0\ * 
              !\UART_1:BUART:tx_state_2\
            + !\UART_1:BUART:tx_state_1\ * !\UART_1:BUART:tx_state_0\ * 
              \UART_1:BUART:tx_bitclk\
        );
        Output = \UART_1:BUART:counter_load\ (fanout=2)
        Properties               : 
        {
        }

    [McSlotId=2]: (empty)
    [McSlotId=3]: (empty)
}

LAB@[UDB=(0,0)][LB=1] #macrocells=4, #inputs=9, #pterms=8
{
    [McSlotId=0]:     MacroCell: Name=\UART_1:BUART:tx_bitclk_enable_pre\, Mode=(Combinatorial) @ [UDB=(0,0)][LB=1][MC=0]
        Total # of inputs        : 6
        Total # of product terms : 4
            Clock Enable: True
        Main Equation            : 4 pterms
        (
              !\UART_1:BUART:tx_state_1\ * !\UART_1:BUART:tx_state_0\ * 
              \UART_1:BUART:tx_state_2\ * !\UART_1:BUART:txbitcount_2\ * 
              !\UART_1:BUART:txbitcount_1\ * \UART_1:BUART:txbitcount_0\
            + \UART_1:BUART:tx_state_1\ * !\UART_1:BUART:txbitcount_2\ * 
              !\UART_1:BUART:txbitcount_1\ * !\UART_1:BUART:txbitcount_0\
            + \UART_1:BUART:tx_state_0\ * !\UART_1:BUART:txbitcount_2\ * 
              !\UART_1:BUART:txbitcount_1\ * !\UART_1:BUART:txbitcount_0\
            + !\UART_1:BUART:tx_state_2\ * !\UART_1:BUART:txbitcount_2\ * 
              !\UART_1:BUART:txbitcount_1\ * !\UART_1:BUART:txbitcount_0\
        );
        Output = \UART_1:BUART:tx_bitclk_enable_pre\ (fanout=1)
        Properties               : 
        {
        }

    [McSlotId=1]:     MacroCell: Name=\UART_1:BUART:tx_state_2\, Mode=(T-Register) @ [UDB=(0,0)][LB=1][MC=1]
        Total # of inputs        : 5
        Total # of product terms : 3
        List of special equations: 
            Clock  = (Net_24_digital) => Global
            Clock Enable: True
        Main Equation            : 3 pterms
        (
              !\UART_1:BUART:tx_state_1\ * !\UART_1:BUART:tx_state_0\ * 
              \UART_1:BUART:tx_state_2\ * \UART_1:BUART:tx_bitclk\
            + \UART_1:BUART:tx_state_1\ * \UART_1:BUART:tx_state_0\ * 
              \UART_1:BUART:tx_bitclk\
            + \UART_1:BUART:tx_state_1\ * !\UART_1:BUART:tx_state_2\ * 
              \UART_1:BUART:tx_bitclk\ * \UART_1:BUART:tx_counter_tc\
        );
        Output = \UART_1:BUART:tx_state_2\ (fanout=8)
        Properties               : 
        {
        }

    [McSlotId=2]:     MacroCell: Name=\UART_1:BUART:tx_bitclk\, Mode=(D-Register) @ [UDB=(0,0)][LB=1][MC=2]
        Total # of inputs        : 6
        Total # of product terms : 4
        List of special equations: 
            Clock  = (Net_24_digital) => Global
            Clock Enable: True
        Main Equation            : 4 pterms
        (
              !\UART_1:BUART:tx_state_1\ * !\UART_1:BUART:tx_state_0\ * 
              \UART_1:BUART:tx_state_2\ * !\UART_1:BUART:txbitcount_2\ * 
              !\UART_1:BUART:txbitcount_1\ * \UART_1:BUART:txbitcount_0\
            + \UART_1:BUART:tx_state_1\ * !\UART_1:BUART:txbitcount_2\ * 
              !\UART_1:BUART:txbitcount_1\ * !\UART_1:BUART:txbitcount_0\
            + \UART_1:BUART:tx_state_0\ * !\UART_1:BUART:txbitcount_2\ * 
              !\UART_1:BUART:txbitcount_1\ * !\UART_1:BUART:txbitcount_0\
            + !\UART_1:BUART:tx_state_2\ * !\UART_1:BUART:txbitcount_2\ * 
              !\UART_1:BUART:txbitcount_1\ * !\UART_1:BUART:txbitcount_0\
        );
        Output = \UART_1:BUART:tx_bitclk\ (fanout=6)
        Properties               : 
        {
        }

    [McSlotId=3]:     MacroCell: Name=Net_29, Mode=(Combinatorial) @ [UDB=(0,0)][LB=1][MC=3]
        Total # of inputs        : 1
        Total # of product terms : 1
            Clock Enable: True
        Main Equation            : 1 pterm
        (
              !\UART_1:BUART:txn\
        );
        Output = Net_29 (fanout=1)
        Properties               : 
        {
        }
}

count7cell: Name =\UART_1:BUART:sTX:sCLOCK:TxBitCounter\
    PORT MAP (
        clock => Net_24_digital ,
        load => \UART_1:BUART:counter_load\ ,
        count_6 => \UART_1:BUART:txbitcount_6\ ,
        count_5 => \UART_1:BUART:txbitcount_5\ ,
        count_4 => \UART_1:BUART:txbitcount_4\ ,
        count_3 => \UART_1:BUART:txbitcount_3\ ,
        count_2 => \UART_1:BUART:txbitcount_2\ ,
        count_1 => \UART_1:BUART:txbitcount_1\ ,
        count_0 => \UART_1:BUART:txbitcount_0\ ,
        tc => \UART_1:BUART:tx_counter_tc\ );
    Properties:
    {
        cy_alt_mode = 0
        cy_init_value = "0000000"
        cy_period = "1000111"
        cy_route_en = 1
        cy_route_ld = 1
    }
    Clock Polarity: Active High
    Clock Enable: True

UDB [UDB=(0,1)] is empty.
UDB [UDB=(1,0)] contents:
LAB@[UDB=(1,0)][LB=0] #macrocells=3, #inputs=6, #pterms=7
{
    [McSlotId=0]:     MacroCell: Name=\UART_1:BUART:tx_state_1\, Mode=(T-Register) @ [UDB=(1,0)][LB=0][MC=0]
        Total # of inputs        : 5
        Total # of product terms : 3
        List of special equations: 
            Clock  = (Net_24_digital) => Global
            Clock Enable: True
        Main Equation            : 3 pterms
        (
              \UART_1:BUART:tx_state_1\ * \UART_1:BUART:tx_state_0\ * 
              \UART_1:BUART:tx_bitclk\
            + \UART_1:BUART:tx_state_1\ * !\UART_1:BUART:tx_state_2\ * 
              \UART_1:BUART:tx_bitclk\ * \UART_1:BUART:tx_counter_tc\
            + \UART_1:BUART:tx_state_0\ * !\UART_1:BUART:tx_state_2\ * 
              \UART_1:BUART:tx_bitclk\
        );
        Output = \UART_1:BUART:tx_state_1\ (fanout=9)
        Properties               : 
        {
        }

    [McSlotId=1]:     MacroCell: Name=\UART_1:BUART:tx_state_0\, Mode=(T-Register) @ [UDB=(1,0)][LB=0][MC=1]
        Total # of inputs        : 5
        Total # of product terms : 4
        List of special equations: 
            Clock  = (Net_24_digital) => Global
            Clock Enable: True
        Main Equation            : 4 pterms
        (
              !\UART_1:BUART:tx_state_1\ * !\UART_1:BUART:tx_state_0\ * 
              !\UART_1:BUART:tx_fifo_empty\ * !\UART_1:BUART:tx_state_2\
            + !\UART_1:BUART:tx_state_1\ * !\UART_1:BUART:tx_state_0\ * 
              !\UART_1:BUART:tx_fifo_empty\ * \UART_1:BUART:tx_bitclk\
            + \UART_1:BUART:tx_state_1\ * \UART_1:BUART:tx_state_0\ * 
              \UART_1:BUART:tx_fifo_empty\ * \UART_1:BUART:tx_bitclk\
            + \UART_1:BUART:tx_state_0\ * !\UART_1:BUART:tx_state_2\ * 
              \UART_1:BUART:tx_bitclk\
        );
        Output = \UART_1:BUART:tx_state_0\ (fanout=9)
        Properties               : 
        {
        }

    [McSlotId=2]:     MacroCell: Name=\UART_1:BUART:tx_status_0\, Mode=(Combinatorial) @ [UDB=(1,0)][LB=0][MC=2]
        Total # of inputs        : 5
        Total # of product terms : 1
            Clock Enable: True
        Main Equation            : 1 pterm
        (
              !\UART_1:BUART:tx_state_1\ * !\UART_1:BUART:tx_state_0\ * 
              \UART_1:BUART:tx_fifo_empty\ * \UART_1:BUART:tx_state_2\ * 
              \UART_1:BUART:tx_bitclk\
        );
        Output = \UART_1:BUART:tx_status_0\ (fanout=1)
        Properties               : 
        {
        }

    [McSlotId=3]: (empty)
}

LAB@[UDB=(1,0)][LB=1] #macrocells=1, #inputs=1, #pterms=1
{
    [McSlotId=0]:     MacroCell: Name=\UART_1:BUART:tx_status_2\, Mode=(Combinatorial) @ [UDB=(1,0)][LB=1][MC=0]
        Total # of inputs        : 1
        Total # of product terms : 1
            Clock Enable: True
        Main Equation            : 1 pterm
        (
              !\UART_1:BUART:tx_fifo_notfull\
        );
        Output = \UART_1:BUART:tx_status_2\ (fanout=1)
        Properties               : 
        {
        }

    [McSlotId=1]: (empty)
    [McSlotId=2]: (empty)
    [McSlotId=3]: (empty)
}

datapathcell: Name =\UART_1:BUART:sTX:TxShifter:u0\
    PORT MAP (
        clock => Net_24_digital ,
        cs_addr_2 => \UART_1:BUART:tx_state_1\ ,
        cs_addr_1 => \UART_1:BUART:tx_state_0\ ,
        cs_addr_0 => \UART_1:BUART:tx_bitclk_enable_pre\ ,
        so_comb => \UART_1:BUART:tx_shift_out\ ,
        f0_bus_stat_comb => \UART_1:BUART:tx_fifo_notfull\ ,
        f0_blk_stat_comb => \UART_1:BUART:tx_fifo_empty\ );
    Properties:
    {
        a0_init = "00000000"
        a1_init = "00000000"
        ce0_sync = 1
        ce1_sync = 1
        cl0_sync = 1
        cl1_sync = 1
        cmsb_sync = 1
        co_msb_sync = 1
        cy_dpconfig = "0000000000000000000000000000000000000000000000000000000011000000000000000000000000000010010000000000000000000000000000000000000011111111000000001111111111111111000000000000000001000100111100000000000000001100"
        d0_init = "00000000"
        d1_init = "00000000"
        f0_blk_sync = 1
        f0_bus_sync = 1
        f1_blk_sync = 1
        f1_bus_sync = 1
        ff0_sync = 1
        ff1_sync = 1
        ov_msb_sync = 1
        so_sync = 1
        z0_sync = 1
        z1_sync = 1
    }
    Clock Polarity: Active High
    Clock Enable: True

statusicell: Name =\UART_1:BUART:sTX:TxSts\
    PORT MAP (
        clock => Net_24_digital ,
        status_3 => \UART_1:BUART:tx_fifo_notfull\ ,
        status_2 => \UART_1:BUART:tx_status_2\ ,
        status_1 => \UART_1:BUART:tx_fifo_empty\ ,
        status_0 => \UART_1:BUART:tx_status_0\ ,
        interrupt => Net_34 );
    Properties:
    {
        cy_force_order = 1
        cy_int_mask = "1111111"
        cy_md_select = "0000001"
    }
    Clock Polarity: Active High
    Clock Enable: True

UDB [UDB=(1,1)] is empty.
Intr container @ [IntrContainer=(0)]: 
  Intr@ [IntrContainer=(0)][IntrId=(1)] 
    interrupt: Name =isr_1
        PORT MAP (
            interrupt => Net_34 );
        Properties:
        {
            int_type = "10"
        }
Port 0 contains the following IO cells:
[IoId=1]: 
Pin : Name = TX(0)
    Attributes:
        In Group/Port: True
        In Sync Option: AUTO
        Out Sync Option: NOSYNC
        Interrupt generated: False
        Interrupt mode: NONE
        Drive mode: CMOS_OUT
        VTrip: EITHER
        Slew: FAST
        Input Sync needed: False
        Output Sync needed: False
        SC shield enabled: False
        POR State: ANY
        LCD Mode: COMMON
        Register Mode: RegComb
        CaSense Mode: NEITHER
        Treat as pin: True
        Is OE Registered: False
        Uses Analog: False
        Can contain Digital: True
        Is SIO: False
        SIO Output Buf: NONREGULATED
        SIO Input Buf: SINGLE_ENDED
        SIO HiFreq: LOW
        SIO Hyst: DISABLED
        SIO Vtrip: MULTIPLIER_0_5
        SIO Multiplier Index: 0
        SIO RefSel: VCC_IO
        Required Capabilitites: DIGITAL, ROUTABLE
        Initial Value: 1
        IO Voltage: 0
    PORT MAP (
        pa_out => TX(0)__PA ,
        input => Net_29 ,
        pad => TX(0)_PAD );
    Properties:
    {
    }

Port 1 is empty
Port 2 contains the following IO cells:
[IoId=0]: 
Pin : Name = \LCD_Char_1:LCDPort(0)\
    Attributes:
        In Group/Port: True
        In Sync Option: AUTO
        Out Sync Option: NOSYNC
        Interrupt generated: False
        Interrupt mode: NONE
        Drive mode: CMOS_OUT
        VTrip: EITHER
        Slew: FAST
        Input Sync needed: False
        Output Sync needed: False
        SC shield enabled: False
        POR State: ANY
        LCD Mode: COMMON
        Register Mode: RegComb
        CaSense Mode: NEITHER
        Treat as pin: False
        Is OE Registered: False
        Uses Analog: False
        Can contain Digital: True
        Is SIO: False
        SIO Output Buf: NONREGULATED
        SIO Input Buf: SINGLE_ENDED
        SIO HiFreq: LOW
        SIO Hyst: DISABLED
        SIO Vtrip: MULTIPLIER_0_5
        SIO Multiplier Index: 0
        SIO RefSel: VCC_IO
        Required Capabilitites: DIGITAL
        Initial Value: 0
        IO Voltage: 0
    PORT MAP (
        pa_out => \LCD_Char_1:LCDPort(0)\__PA ,
        pad => \LCD_Char_1:LCDPort(0)_PAD\ );
    Properties:
    {
    }

[IoId=1]: 
Pin : Name = \LCD_Char_1:LCDPort(1)\
    Attributes:
        In Group/Port: True
        In Sync Option: AUTO
        Out Sync Option: NOSYNC
        Interrupt generated: False
        Interrupt mode: NONE
        Drive mode: CMOS_OUT
        VTrip: EITHER
        Slew: FAST
        Input Sync needed: False
        Output Sync needed: False
        SC shield enabled: False
        POR State: ANY
        LCD Mode: COMMON
        Register Mode: RegComb
        CaSense Mode: NEITHER
        Treat as pin: False
        Is OE Registered: False
        Uses Analog: False
        Can contain Digital: True
        Is SIO: False
        SIO Output Buf: NONREGULATED
        SIO Input Buf: SINGLE_ENDED
        SIO HiFreq: LOW
        SIO Hyst: DISABLED
        SIO Vtrip: MULTIPLIER_0_5
        SIO Multiplier Index: 0
        SIO RefSel: VCC_IO
        Required Capabilitites: DIGITAL
        Initial Value: 0
        IO Voltage: 0
    PORT MAP (
        pa_out => \LCD_Char_1:LCDPort(1)\__PA ,
        pad => \LCD_Char_1:LCDPort(1)_PAD\ );
    Properties:
    {
    }

[IoId=2]: 
Pin : Name = \LCD_Char_1:LCDPort(2)\
    Attributes:
        In Group/Port: True
        In Sync Option: AUTO
        Out Sync Option: NOSYNC
        Interrupt generated: False
        Interrupt mode: NONE
        Drive mode: CMOS_OUT
        VTrip: EITHER
        Slew: FAST
        Input Sync needed: False
        Output Sync needed: False
        SC shield enabled: False
        POR State: ANY
        LCD Mode: COMMON
        Register Mode: RegComb
        CaSense Mode: NEITHER
        Treat as pin: False
        Is OE Registered: False
        Uses Analog: False
        Can contain Digital: True
        Is SIO: False
        SIO Output Buf: NONREGULATED
        SIO Input Buf: SINGLE_ENDED
        SIO HiFreq: LOW
        SIO Hyst: DISABLED
        SIO Vtrip: MULTIPLIER_0_5
        SIO Multiplier Index: 0
        SIO RefSel: VCC_IO
        Required Capabilitites: DIGITAL
        Initial Value: 0
        IO Voltage: 0
    PORT MAP (
        pa_out => \LCD_Char_1:LCDPort(2)\__PA ,
        pad => \LCD_Char_1:LCDPort(2)_PAD\ );
    Properties:
    {
    }

[IoId=3]: 
Pin : Name = \LCD_Char_1:LCDPort(3)\
    Attributes:
        In Group/Port: True
        In Sync Option: AUTO
        Out Sync Option: NOSYNC
        Interrupt generated: False
        Interrupt mode: NONE
        Drive mode: CMOS_OUT
        VTrip: EITHER
        Slew: FAST
        Input Sync needed: False
        Output Sync needed: False
        SC shield enabled: False
        POR State: ANY
        LCD Mode: COMMON
        Register Mode: RegComb
        CaSense Mode: NEITHER
        Treat as pin: False
        Is OE Registered: False
        Uses Analog: False
        Can contain Digital: True
        Is SIO: False
        SIO Output Buf: NONREGULATED
        SIO Input Buf: SINGLE_ENDED
        SIO HiFreq: LOW
        SIO Hyst: DISABLED
        SIO Vtrip: MULTIPLIER_0_5
        SIO Multiplier Index: 0
        SIO RefSel: VCC_IO
        Required Capabilitites: DIGITAL
        Initial Value: 0
        IO Voltage: 0
    PORT MAP (
        pa_out => \LCD_Char_1:LCDPort(3)\__PA ,
        pad => \LCD_Char_1:LCDPort(3)_PAD\ );
    Properties:
    {
    }

[IoId=4]: 
Pin : Name = \LCD_Char_1:LCDPort(4)\
    Attributes:
        In Group/Port: True
        In Sync Option: AUTO
        Out Sync Option: NOSYNC
        Interrupt generated: False
        Interrupt mode: NONE
        Drive mode: CMOS_OUT
        VTrip: EITHER
        Slew: FAST
        Input Sync needed: False
        Output Sync needed: False
        SC shield enabled: False
        POR State: ANY
        LCD Mode: COMMON
        Register Mode: RegComb
        CaSense Mode: NEITHER
        Treat as pin: False
        Is OE Registered: False
        Uses Analog: False
        Can contain Digital: True
        Is SIO: False
        SIO Output Buf: NONREGULATED
        SIO Input Buf: SINGLE_ENDED
        SIO HiFreq: LOW
        SIO Hyst: DISABLED
        SIO Vtrip: MULTIPLIER_0_5
        SIO Multiplier Index: 0
        SIO RefSel: VCC_IO
        Required Capabilitites: DIGITAL
        Initial Value: 0
        IO Voltage: 0
    PORT MAP (
        pa_out => \LCD_Char_1:LCDPort(4)\__PA ,
        pad => \LCD_Char_1:LCDPort(4)_PAD\ );
    Properties:
    {
    }

[IoId=5]: 
Pin : Name = \LCD_Char_1:LCDPort(5)\
    Attributes:
        In Group/Port: True
        In Sync Option: AUTO
        Out Sync Option: NOSYNC
        Interrupt generated: False
        Interrupt mode: NONE
        Drive mode: CMOS_OUT
        VTrip: EITHER
        Slew: FAST
        Input Sync needed: False
        Output Sync needed: False
        SC shield enabled: False
        POR State: ANY
        LCD Mode: COMMON
        Register Mode: RegComb
        CaSense Mode: NEITHER
        Treat as pin: False
        Is OE Registered: False
        Uses Analog: False
        Can contain Digital: True
        Is SIO: False
        SIO Output Buf: NONREGULATED
        SIO Input Buf: SINGLE_ENDED
        SIO HiFreq: LOW
        SIO Hyst: DISABLED
        SIO Vtrip: MULTIPLIER_0_5
        SIO Multiplier Index: 0
        SIO RefSel: VCC_IO
        Required Capabilitites: DIGITAL
        Initial Value: 0
        IO Voltage: 0
    PORT MAP (
        pa_out => \LCD_Char_1:LCDPort(5)\__PA ,
        pad => \LCD_Char_1:LCDPort(5)_PAD\ );
    Properties:
    {
    }

[IoId=6]: 
Pin : Name = \LCD_Char_1:LCDPort(6)\
    Attributes:
        In Group/Port: True
        In Sync Option: AUTO
        Out Sync Option: NOSYNC
        Interrupt generated: False
        Interrupt mode: NONE
        Drive mode: CMOS_OUT
        VTrip: EITHER
        Slew: FAST
        Input Sync needed: False
        Output Sync needed: False
        SC shield enabled: False
        POR State: ANY
        LCD Mode: COMMON
        Register Mode: RegComb
        CaSense Mode: NEITHER
        Treat as pin: False
        Is OE Registered: False
        Uses Analog: False
        Can contain Digital: True
        Is SIO: False
        SIO Output Buf: NONREGULATED
        SIO Input Buf: SINGLE_ENDED
        SIO HiFreq: LOW
        SIO Hyst: DISABLED
        SIO Vtrip: MULTIPLIER_0_5
        SIO Multiplier Index: 0
        SIO RefSel: VCC_IO
        Required Capabilitites: DIGITAL
        Initial Value: 0
        IO Voltage: 0
    PORT MAP (
        pa_out => \LCD_Char_1:LCDPort(6)\__PA ,
        pad => \LCD_Char_1:LCDPort(6)_PAD\ );
    Properties:
    {
    }

Port 3 is empty
Port 4 is empty
Port 5 is empty
Port 6 is empty
Clock group 0: 
    M0S8 Clock Block @ F(Clock,0): 
    m0s8clockblockcell: Name =ClockBlock
        PORT MAP (
            hfclk => ClockBlock_HFCLK ,
            imo => ClockBlock_IMO ,
            ext => ClockBlock_EXTCLK ,
            sysclk => ClockBlock_SYSCLK ,
            eco => ClockBlock_ECO ,
            ilo => ClockBlock_ILO ,
            lfclk => ClockBlock_LFCLK ,
            wco => ClockBlock_WCO ,
            dsi_in_0 => ClockBlock_Routed1 ,
            udb_div_0 => dclk_to_genclk );
        Properties:
        {
        }
PM group 0: empty
SPC group 0: empty
WDT group 0: empty
FSS group 0: empty
LP Comparator group 0: empty
Serial Communication (SCB) group 0: empty
CapSense group 0: empty
8-bit IDAC group 0: empty
7-bit IDAC group 0: empty
Timer/Counter/PWM group 0: empty
Comparator/Opamp group 0: empty
Die Temp group 0: empty
SAR ADC group 0: empty
Segment LCD group 0: empty
CLK_GEN group 0: 
    M0S8 Clock Gen Block @ F(CLK_GEN,0): 
    m0s8clockgenblockcell: Name =ClockGenBlock
        PORT MAP (
            gen_clk_out_0 => Net_24_digital ,
            gen_clk_in_0 => dclk_to_genclk );
        Properties:
        {
        }
LPCOMPBLOCK group 0: empty
PASSBLOCK group 0: empty
ANAPUMP group 0: empty
BLE group 0: empty
GANGED_PICU group 0: empty
</CYPRESSTAG>
<CYPRESSTAG name="Port Configuration Details">

------------------------------------------------------------
Port Configuration report
------------------------------------------------------------
     |     |       | Interrupt |                  |                         | 
Port | Pin | Fixed |      Type |       Drive Mode |                    Name | Connections
-----+-----+-------+-----------+------------------+-------------------------+------------
   0 |   1 |     * |      NONE |         CMOS_OUT |                   TX(0) | In(Net_29)
-----+-----+-------+-----------+------------------+-------------------------+------------
   2 |   0 |     * |      NONE |         CMOS_OUT | \LCD_Char_1:LCDPort(0)\ | 
     |   1 |     * |      NONE |         CMOS_OUT | \LCD_Char_1:LCDPort(1)\ | 
     |   2 |     * |      NONE |         CMOS_OUT | \LCD_Char_1:LCDPort(2)\ | 
     |   3 |     * |      NONE |         CMOS_OUT | \LCD_Char_1:LCDPort(3)\ | 
     |   4 |     * |      NONE |         CMOS_OUT | \LCD_Char_1:LCDPort(4)\ | 
     |   5 |     * |      NONE |         CMOS_OUT | \LCD_Char_1:LCDPort(5)\ | 
     |   6 |     * |      NONE |         CMOS_OUT | \LCD_Char_1:LCDPort(6)\ | 
-----------------------------------------------------------------------------------------
</CYPRESSTAG>
</CYPRESSTAG>
</CYPRESSTAG>
Digital component placer commit/Report: Elapsed time ==> 0s.003ms
Digital Placement phase: Elapsed time ==> 2s.222ms
</CYPRESSTAG>
<CYPRESSTAG name="Digital Routing">
Routing successful.
Digital Routing phase: Elapsed time ==> 0s.763ms
</CYPRESSTAG>
<CYPRESSTAG name="Bitstream and API generation">
Bitstream and API generation phase: Elapsed time ==> 0s.475ms
</CYPRESSTAG>
<CYPRESSTAG name="Bitstream verification">
Bitstream verification phase: Elapsed time ==> 0s.047ms
</CYPRESSTAG>
<CYPRESSTAG name="Static timing analysis">
Timing report is in UART_Tx01_timing.html.
Static timing analysis phase: Elapsed time ==> 0s.499ms
</CYPRESSTAG>
<CYPRESSTAG name="Data reporting">
Data reporting phase: Elapsed time ==> 0s.000ms
</CYPRESSTAG>
<CYPRESSTAG name="Database update...">
Design database save phase: Elapsed time ==> 0s.165ms
</CYPRESSTAG>
cydsfit: Elapsed time ==> 4s.966ms
</CYPRESSTAG>
Fitter phase: Elapsed time ==> 5s.122ms
API generation phase: Elapsed time ==> 2s.256ms
Dependency generation phase: Elapsed time ==> 0s.060ms
Cleanup phase: Elapsed time ==> 0s.000ms
