--------------- Build Started: 09/02/2016 16:06:17 Project: start_v0, Configuration: ARM GCC 4.9-2015-q1-update Debug ---------------
The code generation step is up to date.
arm-none-eabi-gcc.exe -mcpu=cortex-m0 -mthumb -Wno-main -I. -IGenerated_Source\PSoC4 -Wa,-alh=.\CortexM0\ARM_GCC_493\Debug/network.lst -g -D DEBUG -Wall -ffunction-sections -O0 -ffat-lto-objects -c .\lib_Network\network.c -o .\CortexM0\ARM_GCC_493\Debug\network.o
.\lib_Network\network.c: In function 'SendData':
.\lib_Network\network.c:154:21: warning: format '%X' expects argument of type 'unsigned int', but argument 4 has type 'long unsigned int' [-Wformat=]
                     outData.reboot);
                     ^
.\lib_Network\network.c:154:21: warning: format '%X' expects argument of type 'unsigned int', but argument 5 has type 'long unsigned int' [-Wformat=]
.\lib_Network\network.c:154:21: warning: format '%X' expects argument of type 'unsigned int', but argument 4 has type 'long unsigned int' [-Wformat=]
.\lib_Network\network.c:154:21: warning: format '%X' expects argument of type 'unsigned int', but argument 5 has type 'long unsigned int' [-Wformat=]
.\lib_Network\network.c: In function 'NTPsync':
.\lib_Network\network.c:377:21: warning: format '%u' expects argument of type 'unsigned int', but argument 3 has type 'uint32_t' [-Wformat=]
                     sprintf(uartBuff,"receive delivery time %u:%u\n\r", unixTime[T2], millisTime[T2]); 
                     ^
.\lib_Network\network.c:377:21: warning: format '%u' expects argument of type 'unsigned int', but argument 3 has type 'uint32_t' [-Wformat=]
.\lib_Network\network.c:401:21: warning: format '%u' expects argument of type 'unsigned int', but argument 3 has type 'uint32_t' [-Wformat=]
                     sprintf(uartBuff,"\n\rT3 %u:%u\n\r",unixTime[T3],millisTime[T3]); 
                     ^
.\lib_Network\network.c:401:21: warning: format '%u' expects argument of type 'unsigned int', but argument 3 has type 'uint32_t' [-Wformat=]
.\lib_Network\network.c:410:25: warning: format '%u' expects argument of type 'unsigned int', but argument 3 has type 'uint32_t' [-Wformat=]
                         sprintf(uartBuff,"receive and send time %u:%u - %u:%u\n\r",unixTime[T2],millisTime[T2],unixTime[T3],millisTime[T3]); 
                         ^
.\lib_Network\network.c:410:25: warning: format '%u' expects argument of type 'unsigned int', but argument 5 has type 'uint32_t' [-Wformat=]
.\lib_Network\network.c:410:25: warning: format '%u' expects argument of type 'unsigned int', but argument 3 has type 'uint32_t' [-Wformat=]
.\lib_Network\network.c:410:25: warning: format '%u' expects argument of type 'unsigned int', but argument 5 has type 'uint32_t' [-Wformat=]
.\lib_Network\network.c:320:14: warning: variable 'lastIDpacket' set but not used [-Wunused-but-set-variable]
     uint16_t lastIDpacket;
              ^
.\lib_Network\network.c: In function 'ReceiveRealTime':
.\lib_Network\network.c:471:17: warning: format '%u' expects argument of type 'unsigned int', but argument 3 has type 'uint32_t' [-Wformat=]
                 sprintf(uartBuff,"set time %u:%u\n\r",unixTime[T1],millisTime[T1]);
                 ^
.\lib_Network\network.c:471:17: warning: format '%u' expects argument of type 'unsigned int', but argument 3 has type 'uint32_t' [-Wformat=]
.\lib_Network\network.c: In function 'NTPreceiveTime':
.\lib_Network\network.c:540:21: warning: format '%u' expects argument of type 'unsigned int', but argument 3 has type 'uint32_t' [-Wformat=]
                     sprintf(uartBuff,"\n\rT2 %u:%u\n\r",*unixTime2,*millisTime2); 
                     ^
.\lib_Network\network.c:540:21: warning: format '%u' expects argument of type 'unsigned int', but argument 3 has type 'uint32_t' [-Wformat=]
.\lib_Network\network.c: In function 'NTPsendTime':
.\lib_Network\network.c:574:5: warning: format '%X' expects argument of type 'unsigned int', but argument 3 has type 'uint32_t' [-Wformat=]
     sprintf(sendData,"%08X%03X%08X%03X", unixTime2, millis2, unixTime3, millis3); 
     ^
.\lib_Network\network.c:574:5: warning: format '%X' expects argument of type 'unsigned int', but argument 5 has type 'uint32_t' [-Wformat=]
.\lib_Network\network.c:574:5: warning: format '%X' expects argument of type 'unsigned int', but argument 3 has type 'uint32_t' [-Wformat=]
.\lib_Network\network.c:574:5: warning: format '%X' expects argument of type 'unsigned int', but argument 5 has type 'uint32_t' [-Wformat=]
.\lib_Network\network.c: At top level:
.\lib_Network\network.c:84:12: warning: 'finNoReady' defined but not used [-Wunused-variable]
 static int finNoReady;
            ^
arm-none-eabi-ar.exe -rs .\CortexM0\ARM_GCC_493\Debug\start_v0.a .\CortexM0\ARM_GCC_493\Debug\cyfitter_cfg.o .\CortexM0\ARM_GCC_493\Debug\CyBootAsmGnu.o .\CortexM0\ARM_GCC_493\Debug\CyFlash.o .\CortexM0\ARM_GCC_493\Debug\CyLib.o .\CortexM0\ARM_GCC_493\Debug\cyPm.o .\CortexM0\ARM_GCC_493\Debug\cyutils.o .\CortexM0\ARM_GCC_493\Debug\CyLFClk.o .\CortexM0\ARM_GCC_493\Debug\RTC.o .\CortexM0\ARM_GCC_493\Debug\LCD.o .\CortexM0\ARM_GCC_493\Debug\LCD_PM.o .\CortexM0\ARM_GCC_493\Debug\LCD_CustChars.o .\CortexM0\ARM_GCC_493\Debug\LCD_LCDPort.o .\CortexM0\ARM_GCC_493\Debug\LCD_LCDPort_PM.o .\CortexM0\ARM_GCC_493\Debug\GatePin.o .\CortexM0\ARM_GCC_493\Debug\GatePin_PM.o .\CortexM0\ARM_GCC_493\Debug\Timer_LED.o .\CortexM0\ARM_GCC_493\Debug\Timer_LED_PM.o .\CortexM0\ARM_GCC_493\Debug\Int_Timer_Led.o .\CortexM0\ARM_GCC_493\Debug\timer_clock.o .\CortexM0\ARM_GCC_493\Debug\LED_PIN.o .\CortexM0\ARM_GCC_493\Debug\LED_PIN_PM.o .\CortexM0\ARM_GCC_493\Debug\UART_XB.o .\CortexM0\ARM_GCC_493\Debug\UART_XB_SPI_UART.o .\CortexM0\ARM_GCC_493\Debug\UART_XB_SPI_UART_INT.o .\CortexM0\ARM_GCC_493\Debug\UART_XB_PM.o .\CortexM0\ARM_GCC_493\Debug\UART_XB_UART.o .\CortexM0\ARM_GCC_493\Debug\UART_XB_BOOT.o .\CortexM0\ARM_GCC_493\Debug\UART_XB_UART_BOOT.o .\CortexM0\ARM_GCC_493\Debug\UART_XB_SCBCLK.o .\CortexM0\ARM_GCC_493\Debug\UART_XB_tx.o .\CortexM0\ARM_GCC_493\Debug\UART_XB_tx_PM.o .\CortexM0\ARM_GCC_493\Debug\UART_XB_rx.o .\CortexM0\ARM_GCC_493\Debug\UART_XB_rx_PM.o .\CortexM0\ARM_GCC_493\Debug\UART_XB_SCB_IRQ.o .\CortexM0\ARM_GCC_493\Debug\GATE_INT.o .\CortexM0\ARM_GCC_493\Debug\AppDelay.o .\CortexM0\ARM_GCC_493\Debug\AppDelay_PM.o .\CortexM0\ARM_GCC_493\Debug\SW_UART_DEBUG_AsmGnu.o .\CortexM0\ARM_GCC_493\Debug\SW_UART_DEBUG.o .\CortexM0\ARM_GCC_493\Debug\debug.o .\CortexM0\ARM_GCC_493\Debug\debug_PM.o .\CortexM0\ARM_GCC_493\Debug\debugntp.o .\CortexM0\ARM_GCC_493\Debug\debugntp_PM.o
arm-none-eabi-ar.exe: creating .\CortexM0\ARM_GCC_493\Debug\start_v0.a
arm-none-eabi-gcc.exe -Wl,--start-group -o .\CortexM0\ARM_GCC_493\Debug\start_v0.elf .\CortexM0\ARM_GCC_493\Debug\RTC_WDT.o .\CortexM0\ARM_GCC_493\Debug\display.o .\CortexM0\ARM_GCC_493\Debug\gate.o .\CortexM0\ARM_GCC_493\Debug\LED.o .\CortexM0\ARM_GCC_493\Debug\crc32.o .\CortexM0\ARM_GCC_493\Debug\network.o .\CortexM0\ARM_GCC_493\Debug\svt.o .\CortexM0\ARM_GCC_493\Debug\ntp.o .\CortexM0\ARM_GCC_493\Debug\myDelay.o .\CortexM0\ARM_GCC_493\Debug\main.o .\CortexM0\ARM_GCC_493\Debug\cymetadata.o .\CortexM0\ARM_GCC_493\Debug\Cm0Start.o .\CortexM0\ARM_GCC_493\Debug\start_v0.a "C:\Program Files (x86)\Cypress\PSoC Creator\3.3\PSoC Creator\psoc\content\cycomponentlibrary\CyComponentLibrary.cylib\CortexM0\ARM_GCC_493\Debug\CyComponentLibrary.a" -mcpu=cortex-m0 -mthumb -g -ffunction-sections -O0 -ffat-lto-objects -L Generated_Source\PSoC4 -Wl,-Map,.\CortexM0\ARM_GCC_493\Debug/start_v0.map -T Generated_Source\PSoC4\cm0gcc.ld -specs=nano.specs -Wl,--gc-sections -Wl,--end-group
cyelftool.exe -C "D:\Cypress\system-start-finish\vesion 2\fw\start\sandbox\v4\Start(state machine)\start_v0.cydsn\CortexM0\ARM_GCC_493\Debug\start_v0.elf" --flash_row_size 128 --flash_size 131072
cyelftool.exe -S "D:\Cypress\system-start-finish\vesion 2\fw\start\sandbox\v4\Start(state machine)\start_v0.cydsn\CortexM0\ARM_GCC_493\Debug\start_v0.elf"
Flash used: 25600 of 131072 bytes (19,5%).
SRAM used: 4332 of 16384 bytes (26,4%). Stack: 2048 bytes. Heap: 128 bytes.
--------------- Build Succeeded: 09/02/2016 16:06:18 ---------------
