ARM GAS  C:\Users\Petro\AppData\Local\Temp\ccovDbpy.s 			page 1


   1              		.cpu cortex-m0
   2              		.fpu softvfp
   3              		.eabi_attribute 20, 1
   4              		.eabi_attribute 21, 1
   5              		.eabi_attribute 23, 3
   6              		.eabi_attribute 24, 1
   7              		.eabi_attribute 25, 1
   8              		.eabi_attribute 26, 1
   9              		.eabi_attribute 30, 1
  10              		.eabi_attribute 34, 0
  11              		.eabi_attribute 18, 4
  12              		.code	16
  13              		.file	"gate.c"
  14              		.text
  15              	.Ltext0:
  16              		.cfi_sections	.debug_frame
  17              		.section	.text.GateOpen,"ax",%progbits
  18              		.align	2
  19              		.global	GateOpen
  20              		.code	16
  21              		.thumb_func
  22              		.type	GateOpen, %function
  23              	GateOpen:
  24              	.LFB2:
  25              		.file 1 ".\\gate.c"
   1:.\gate.c      **** /* ========================================
   2:.\gate.c      ****  *
   3:.\gate.c      ****  * Copyright YOUR COMPANY, THE YEAR
   4:.\gate.c      ****  * All Rights Reserved
   5:.\gate.c      ****  * UNPUBLISHED, LICENSED SOFTWARE.
   6:.\gate.c      ****  *
   7:.\gate.c      ****  * CONFIDENTIAL AND PROPRIETARY INFORMATION
   8:.\gate.c      ****  * WHICH IS THE PROPERTY OF your company.
   9:.\gate.c      ****  *
  10:.\gate.c      ****  * ========================================
  11:.\gate.c      **** */
  12:.\gate.c      **** #include "gate.h"
  13:.\gate.c      **** 
  14:.\gate.c      **** /*******************************************************************************
  15:.\gate.c      **** * Function Name: GateOpen
  16:.\gate.c      **** ********************************************************************************
  17:.\gate.c      **** *
  18:.\gate.c      **** * * verification or gate closed
  19:.\gate.c      **** *
  20:.\gate.c      **** * Return:
  21:.\gate.c      **** *  true(gate closed) or false(gate not closed))
  22:.\gate.c      **** *******************************************************************************/
  23:.\gate.c      **** bool GateOpen(void)
  24:.\gate.c      **** {
  26              		.loc 1 24 0
  27              		.cfi_startproc
  28 0000 08B5     		push	{r3, lr}
  29              		.cfi_def_cfa_offset 8
  30              		.cfi_offset 3, -8
  31              		.cfi_offset 14, -4
  25:.\gate.c      ****     if(!GatePin_Read())
  32              		.loc 1 25 0
ARM GAS  C:\Users\Petro\AppData\Local\Temp\ccovDbpy.s 			page 2


  33 0002 FFF7FEFF 		bl	GatePin_Read
  34              	.LVL0:
  35 0006 0028     		cmp	r0, #0
  36 0008 01D1     		bne	.L3
  26:.\gate.c      ****     {
  27:.\gate.c      ****         return true;
  37              		.loc 1 27 0
  38 000a 0130     		add	r0, r0, #1
  39 000c 00E0     		b	.L2
  40              	.L3:
  28:.\gate.c      ****     }
  29:.\gate.c      ****     else{
  30:.\gate.c      ****         return false;
  41              		.loc 1 30 0
  42 000e 0020     		mov	r0, #0
  43              	.L2:
  31:.\gate.c      ****     }
  32:.\gate.c      **** }
  44              		.loc 1 32 0
  45              		@ sp needed
  46 0010 08BD     		pop	{r3, pc}
  47              		.cfi_endproc
  48              	.LFE2:
  49              		.size	GateOpen, .-GateOpen
  50 0012 C046     		.text
  51              	.Letext0:
  52              		.file 2 "Generated_Source\\PSoC4/cytypes.h"
  53              		.file 3 "Generated_Source\\PSoC4/GatePin.h"
  54              		.section	.debug_info,"",%progbits
  55              	.Ldebug_info0:
  56 0000 C5000000 		.4byte	0xc5
  57 0004 0400     		.2byte	0x4
  58 0006 00000000 		.4byte	.Ldebug_abbrev0
  59 000a 04       		.byte	0x4
  60 000b 01       		.uleb128 0x1
  61 000c 0F010000 		.4byte	.LASF14
  62 0010 01       		.byte	0x1
  63 0011 C1000000 		.4byte	.LASF15
  64 0015 5E000000 		.4byte	.LASF16
  65 0019 00000000 		.4byte	.Ldebug_ranges0+0
  66 001d 00000000 		.4byte	0
  67 0021 00000000 		.4byte	.Ldebug_line0
  68 0025 02       		.uleb128 0x2
  69 0026 01       		.byte	0x1
  70 0027 06       		.byte	0x6
  71 0028 F6000000 		.4byte	.LASF0
  72 002c 02       		.uleb128 0x2
  73 002d 01       		.byte	0x1
  74 002e 08       		.byte	0x8
  75 002f 1B000000 		.4byte	.LASF1
  76 0033 02       		.uleb128 0x2
  77 0034 02       		.byte	0x2
  78 0035 05       		.byte	0x5
  79 0036 9D010000 		.4byte	.LASF2
  80 003a 02       		.uleb128 0x2
  81 003b 02       		.byte	0x2
  82 003c 07       		.byte	0x7
ARM GAS  C:\Users\Petro\AppData\Local\Temp\ccovDbpy.s 			page 3


  83 003d E3000000 		.4byte	.LASF3
  84 0041 02       		.uleb128 0x2
  85 0042 04       		.byte	0x4
  86 0043 05       		.byte	0x5
  87 0044 CA000000 		.4byte	.LASF4
  88 0048 02       		.uleb128 0x2
  89 0049 04       		.byte	0x4
  90 004a 07       		.byte	0x7
  91 004b 2F000000 		.4byte	.LASF5
  92 004f 02       		.uleb128 0x2
  93 0050 08       		.byte	0x8
  94 0051 05       		.byte	0x5
  95 0052 00000000 		.4byte	.LASF6
  96 0056 02       		.uleb128 0x2
  97 0057 08       		.byte	0x8
  98 0058 07       		.byte	0x7
  99 0059 41000000 		.4byte	.LASF7
 100 005d 03       		.uleb128 0x3
 101 005e 04       		.byte	0x4
 102 005f 05       		.byte	0x5
 103 0060 696E7400 		.ascii	"int\000"
 104 0064 02       		.uleb128 0x2
 105 0065 04       		.byte	0x4
 106 0066 07       		.byte	0x7
 107 0067 0E000000 		.4byte	.LASF8
 108 006b 04       		.uleb128 0x4
 109 006c 29000000 		.4byte	.LASF17
 110 0070 02       		.byte	0x2
 111 0071 9801     		.2byte	0x198
 112 0073 2C000000 		.4byte	0x2c
 113 0077 02       		.uleb128 0x2
 114 0078 04       		.byte	0x4
 115 0079 04       		.byte	0x4
 116 007a 58000000 		.4byte	.LASF9
 117 007e 02       		.uleb128 0x2
 118 007f 08       		.byte	0x8
 119 0080 04       		.byte	0x4
 120 0081 DC000000 		.4byte	.LASF10
 121 0085 02       		.uleb128 0x2
 122 0086 01       		.byte	0x1
 123 0087 08       		.byte	0x8
 124 0088 BC000000 		.4byte	.LASF11
 125 008c 02       		.uleb128 0x2
 126 008d 04       		.byte	0x4
 127 008e 07       		.byte	0x7
 128 008f A7010000 		.4byte	.LASF12
 129 0093 05       		.uleb128 0x5
 130 0094 D3000000 		.4byte	.LASF18
 131 0098 01       		.byte	0x1
 132 0099 17       		.byte	0x17
 133 009a B6000000 		.4byte	0xb6
 134 009e 00000000 		.4byte	.LFB2
 135 00a2 12000000 		.4byte	.LFE2-.LFB2
 136 00a6 01       		.uleb128 0x1
 137 00a7 9C       		.byte	0x9c
 138 00a8 B6000000 		.4byte	0xb6
 139 00ac 06       		.uleb128 0x6
ARM GAS  C:\Users\Petro\AppData\Local\Temp\ccovDbpy.s 			page 4


 140 00ad 06000000 		.4byte	.LVL0
 141 00b1 BD000000 		.4byte	0xbd
 142 00b5 00       		.byte	0
 143 00b6 02       		.uleb128 0x2
 144 00b7 01       		.byte	0x1
 145 00b8 02       		.byte	0x2
 146 00b9 B6000000 		.4byte	.LASF13
 147 00bd 07       		.uleb128 0x7
 148 00be 02010000 		.4byte	.LASF19
 149 00c2 03       		.byte	0x3
 150 00c3 32       		.byte	0x32
 151 00c4 6B000000 		.4byte	0x6b
 152 00c8 00       		.byte	0
 153              		.section	.debug_abbrev,"",%progbits
 154              	.Ldebug_abbrev0:
 155 0000 01       		.uleb128 0x1
 156 0001 11       		.uleb128 0x11
 157 0002 01       		.byte	0x1
 158 0003 25       		.uleb128 0x25
 159 0004 0E       		.uleb128 0xe
 160 0005 13       		.uleb128 0x13
 161 0006 0B       		.uleb128 0xb
 162 0007 03       		.uleb128 0x3
 163 0008 0E       		.uleb128 0xe
 164 0009 1B       		.uleb128 0x1b
 165 000a 0E       		.uleb128 0xe
 166 000b 55       		.uleb128 0x55
 167 000c 17       		.uleb128 0x17
 168 000d 11       		.uleb128 0x11
 169 000e 01       		.uleb128 0x1
 170 000f 10       		.uleb128 0x10
 171 0010 17       		.uleb128 0x17
 172 0011 00       		.byte	0
 173 0012 00       		.byte	0
 174 0013 02       		.uleb128 0x2
 175 0014 24       		.uleb128 0x24
 176 0015 00       		.byte	0
 177 0016 0B       		.uleb128 0xb
 178 0017 0B       		.uleb128 0xb
 179 0018 3E       		.uleb128 0x3e
 180 0019 0B       		.uleb128 0xb
 181 001a 03       		.uleb128 0x3
 182 001b 0E       		.uleb128 0xe
 183 001c 00       		.byte	0
 184 001d 00       		.byte	0
 185 001e 03       		.uleb128 0x3
 186 001f 24       		.uleb128 0x24
 187 0020 00       		.byte	0
 188 0021 0B       		.uleb128 0xb
 189 0022 0B       		.uleb128 0xb
 190 0023 3E       		.uleb128 0x3e
 191 0024 0B       		.uleb128 0xb
 192 0025 03       		.uleb128 0x3
 193 0026 08       		.uleb128 0x8
 194 0027 00       		.byte	0
 195 0028 00       		.byte	0
 196 0029 04       		.uleb128 0x4
ARM GAS  C:\Users\Petro\AppData\Local\Temp\ccovDbpy.s 			page 5


 197 002a 16       		.uleb128 0x16
 198 002b 00       		.byte	0
 199 002c 03       		.uleb128 0x3
 200 002d 0E       		.uleb128 0xe
 201 002e 3A       		.uleb128 0x3a
 202 002f 0B       		.uleb128 0xb
 203 0030 3B       		.uleb128 0x3b
 204 0031 05       		.uleb128 0x5
 205 0032 49       		.uleb128 0x49
 206 0033 13       		.uleb128 0x13
 207 0034 00       		.byte	0
 208 0035 00       		.byte	0
 209 0036 05       		.uleb128 0x5
 210 0037 2E       		.uleb128 0x2e
 211 0038 01       		.byte	0x1
 212 0039 3F       		.uleb128 0x3f
 213 003a 19       		.uleb128 0x19
 214 003b 03       		.uleb128 0x3
 215 003c 0E       		.uleb128 0xe
 216 003d 3A       		.uleb128 0x3a
 217 003e 0B       		.uleb128 0xb
 218 003f 3B       		.uleb128 0x3b
 219 0040 0B       		.uleb128 0xb
 220 0041 27       		.uleb128 0x27
 221 0042 19       		.uleb128 0x19
 222 0043 49       		.uleb128 0x49
 223 0044 13       		.uleb128 0x13
 224 0045 11       		.uleb128 0x11
 225 0046 01       		.uleb128 0x1
 226 0047 12       		.uleb128 0x12
 227 0048 06       		.uleb128 0x6
 228 0049 40       		.uleb128 0x40
 229 004a 18       		.uleb128 0x18
 230 004b 9742     		.uleb128 0x2117
 231 004d 19       		.uleb128 0x19
 232 004e 01       		.uleb128 0x1
 233 004f 13       		.uleb128 0x13
 234 0050 00       		.byte	0
 235 0051 00       		.byte	0
 236 0052 06       		.uleb128 0x6
 237 0053 898201   		.uleb128 0x4109
 238 0056 00       		.byte	0
 239 0057 11       		.uleb128 0x11
 240 0058 01       		.uleb128 0x1
 241 0059 31       		.uleb128 0x31
 242 005a 13       		.uleb128 0x13
 243 005b 00       		.byte	0
 244 005c 00       		.byte	0
 245 005d 07       		.uleb128 0x7
 246 005e 2E       		.uleb128 0x2e
 247 005f 00       		.byte	0
 248 0060 3F       		.uleb128 0x3f
 249 0061 19       		.uleb128 0x19
 250 0062 03       		.uleb128 0x3
 251 0063 0E       		.uleb128 0xe
 252 0064 3A       		.uleb128 0x3a
 253 0065 0B       		.uleb128 0xb
ARM GAS  C:\Users\Petro\AppData\Local\Temp\ccovDbpy.s 			page 6


 254 0066 3B       		.uleb128 0x3b
 255 0067 0B       		.uleb128 0xb
 256 0068 27       		.uleb128 0x27
 257 0069 19       		.uleb128 0x19
 258 006a 49       		.uleb128 0x49
 259 006b 13       		.uleb128 0x13
 260 006c 3C       		.uleb128 0x3c
 261 006d 19       		.uleb128 0x19
 262 006e 00       		.byte	0
 263 006f 00       		.byte	0
 264 0070 00       		.byte	0
 265              		.section	.debug_aranges,"",%progbits
 266 0000 1C000000 		.4byte	0x1c
 267 0004 0200     		.2byte	0x2
 268 0006 00000000 		.4byte	.Ldebug_info0
 269 000a 04       		.byte	0x4
 270 000b 00       		.byte	0
 271 000c 0000     		.2byte	0
 272 000e 0000     		.2byte	0
 273 0010 00000000 		.4byte	.LFB2
 274 0014 12000000 		.4byte	.LFE2-.LFB2
 275 0018 00000000 		.4byte	0
 276 001c 00000000 		.4byte	0
 277              		.section	.debug_ranges,"",%progbits
 278              	.Ldebug_ranges0:
 279 0000 00000000 		.4byte	.LFB2
 280 0004 12000000 		.4byte	.LFE2
 281 0008 00000000 		.4byte	0
 282 000c 00000000 		.4byte	0
 283              		.section	.debug_line,"",%progbits
 284              	.Ldebug_line0:
 285 0000 69000000 		.section	.debug_str,"MS",%progbits,1
 285      02005000 
 285      00000201 
 285      FB0E0D00 
 285      01010101 
 286              	.LASF6:
 287 0000 6C6F6E67 		.ascii	"long long int\000"
 287      206C6F6E 
 287      6720696E 
 287      7400
 288              	.LASF8:
 289 000e 756E7369 		.ascii	"unsigned int\000"
 289      676E6564 
 289      20696E74 
 289      00
 290              	.LASF1:
 291 001b 756E7369 		.ascii	"unsigned char\000"
 291      676E6564 
 291      20636861 
 291      7200
 292              	.LASF17:
 293 0029 75696E74 		.ascii	"uint8\000"
 293      3800
 294              	.LASF5:
 295 002f 6C6F6E67 		.ascii	"long unsigned int\000"
 295      20756E73 
ARM GAS  C:\Users\Petro\AppData\Local\Temp\ccovDbpy.s 			page 7


 295      69676E65 
 295      6420696E 
 295      7400
 296              	.LASF7:
 297 0041 6C6F6E67 		.ascii	"long long unsigned int\000"
 297      206C6F6E 
 297      6720756E 
 297      7369676E 
 297      65642069 
 298              	.LASF9:
 299 0058 666C6F61 		.ascii	"float\000"
 299      7400
 300              	.LASF16:
 301 005e 443A5C43 		.ascii	"D:\\Cypress\\system-start-finish\\vesion 2\\fw\\fin"
 301      79707265 
 301      73735C73 
 301      79737465 
 301      6D2D7374 
 302 008c 6973685C 		.ascii	"ish\\sandbox\\v1\\Workspace01\\finish01.cydsn\000"
 302      73616E64 
 302      626F785C 
 302      76315C57 
 302      6F726B73 
 303              	.LASF13:
 304 00b6 5F426F6F 		.ascii	"_Bool\000"
 304      6C00
 305              	.LASF11:
 306 00bc 63686172 		.ascii	"char\000"
 306      00
 307              	.LASF15:
 308 00c1 2E5C6761 		.ascii	".\\gate.c\000"
 308      74652E63 
 308      00
 309              	.LASF4:
 310 00ca 6C6F6E67 		.ascii	"long int\000"
 310      20696E74 
 310      00
 311              	.LASF18:
 312 00d3 47617465 		.ascii	"GateOpen\000"
 312      4F70656E 
 312      00
 313              	.LASF10:
 314 00dc 646F7562 		.ascii	"double\000"
 314      6C6500
 315              	.LASF3:
 316 00e3 73686F72 		.ascii	"short unsigned int\000"
 316      7420756E 
 316      7369676E 
 316      65642069 
 316      6E7400
 317              	.LASF0:
 318 00f6 7369676E 		.ascii	"signed char\000"
 318      65642063 
 318      68617200 
 319              	.LASF19:
 320 0102 47617465 		.ascii	"GatePin_Read\000"
 320      50696E5F 
ARM GAS  C:\Users\Petro\AppData\Local\Temp\ccovDbpy.s 			page 8


 320      52656164 
 320      00
 321              	.LASF14:
 322 010f 474E5520 		.ascii	"GNU C 4.9.3 20150303 (release) [ARM/embedded-4_9-br"
 322      4320342E 
 322      392E3320 
 322      32303135 
 322      30333033 
 323 0142 616E6368 		.ascii	"anch revision 221220] -mcpu=cortex-m0 -mthumb -g -O"
 323      20726576 
 323      6973696F 
 323      6E203232 
 323      31323230 
 324 0175 67202D66 		.ascii	"g -ffunction-sections -ffat-lto-objects\000"
 324      66756E63 
 324      74696F6E 
 324      2D736563 
 324      74696F6E 
 325              	.LASF2:
 326 019d 73686F72 		.ascii	"short int\000"
 326      7420696E 
 326      7400
 327              	.LASF12:
 328 01a7 73697A65 		.ascii	"sizetype\000"
 328      74797065 
 328      00
 329              		.ident	"GCC: (GNU Tools for ARM Embedded Processors) 4.9.3 20150303 (release) [ARM/embedded-4_9-br
