ARM GAS  C:\Users\Petro\AppData\Local\Temp\ccGVsLIg.s 			page 1


   1              		.cpu cortex-m0
   2              		.fpu softvfp
   3              		.eabi_attribute 20, 1
   4              		.eabi_attribute 21, 1
   5              		.eabi_attribute 23, 3
   6              		.eabi_attribute 24, 1
   7              		.eabi_attribute 25, 1
   8              		.eabi_attribute 26, 1
   9              		.eabi_attribute 30, 1
  10              		.eabi_attribute 34, 0
  11              		.eabi_attribute 18, 4
  12              		.code	16
  13              		.file	"UART_XB_SPI_UART_INT.c"
  14              		.text
  15              	.Ltext0:
  16              		.cfi_sections	.debug_frame
  17              		.section	.text.UART_XB_SPI_UART_ISR,"ax",%progbits
  18              		.align	2
  19              		.global	UART_XB_SPI_UART_ISR
  20              		.code	16
  21              		.thumb_func
  22              		.type	UART_XB_SPI_UART_ISR, %function
  23              	UART_XB_SPI_UART_ISR:
  24              	.LFB2:
  25              		.file 1 ".\\Generated_Source\\PSoC4\\UART_XB_SPI_UART_INT.c"
   1:.\Generated_Source\PSoC4/UART_XB_SPI_UART_INT.c **** /***************************************************************************//**
   2:.\Generated_Source\PSoC4/UART_XB_SPI_UART_INT.c **** * \file UART_XB_SPI_UART_INT.c
   3:.\Generated_Source\PSoC4/UART_XB_SPI_UART_INT.c **** * \version 3.20
   4:.\Generated_Source\PSoC4/UART_XB_SPI_UART_INT.c **** *
   5:.\Generated_Source\PSoC4/UART_XB_SPI_UART_INT.c **** * \brief
   6:.\Generated_Source\PSoC4/UART_XB_SPI_UART_INT.c **** *  This file provides the source code to the Interrupt Service Routine for
   7:.\Generated_Source\PSoC4/UART_XB_SPI_UART_INT.c **** *  the SCB Component in SPI and UART modes.
   8:.\Generated_Source\PSoC4/UART_XB_SPI_UART_INT.c **** *
   9:.\Generated_Source\PSoC4/UART_XB_SPI_UART_INT.c **** * Note:
  10:.\Generated_Source\PSoC4/UART_XB_SPI_UART_INT.c **** *
  11:.\Generated_Source\PSoC4/UART_XB_SPI_UART_INT.c **** ********************************************************************************
  12:.\Generated_Source\PSoC4/UART_XB_SPI_UART_INT.c **** * \copyright
  13:.\Generated_Source\PSoC4/UART_XB_SPI_UART_INT.c **** * Copyright 2013-2016, Cypress Semiconductor Corporation.  All rights reserved.
  14:.\Generated_Source\PSoC4/UART_XB_SPI_UART_INT.c **** * You may use this file only in accordance with the license, terms, conditions,
  15:.\Generated_Source\PSoC4/UART_XB_SPI_UART_INT.c **** * disclaimers, and limitations in the end user license agreement accompanying
  16:.\Generated_Source\PSoC4/UART_XB_SPI_UART_INT.c **** * the software package with which this file was provided.
  17:.\Generated_Source\PSoC4/UART_XB_SPI_UART_INT.c **** *******************************************************************************/
  18:.\Generated_Source\PSoC4/UART_XB_SPI_UART_INT.c **** 
  19:.\Generated_Source\PSoC4/UART_XB_SPI_UART_INT.c **** #include "UART_XB_PVT.h"
  20:.\Generated_Source\PSoC4/UART_XB_SPI_UART_INT.c **** #include "UART_XB_SPI_UART_PVT.h"
  21:.\Generated_Source\PSoC4/UART_XB_SPI_UART_INT.c **** #include "cyapicallbacks.h"
  22:.\Generated_Source\PSoC4/UART_XB_SPI_UART_INT.c **** 
  23:.\Generated_Source\PSoC4/UART_XB_SPI_UART_INT.c **** #if (UART_XB_SCB_IRQ_INTERNAL)
  24:.\Generated_Source\PSoC4/UART_XB_SPI_UART_INT.c **** /*******************************************************************************
  25:.\Generated_Source\PSoC4/UART_XB_SPI_UART_INT.c **** * Function Name: UART_XB_SPI_UART_ISR
  26:.\Generated_Source\PSoC4/UART_XB_SPI_UART_INT.c **** ****************************************************************************//**
  27:.\Generated_Source\PSoC4/UART_XB_SPI_UART_INT.c **** *
  28:.\Generated_Source\PSoC4/UART_XB_SPI_UART_INT.c **** *  Handles the Interrupt Service Routine for the SCB SPI or UART modes.
  29:.\Generated_Source\PSoC4/UART_XB_SPI_UART_INT.c **** *
  30:.\Generated_Source\PSoC4/UART_XB_SPI_UART_INT.c **** *******************************************************************************/
  31:.\Generated_Source\PSoC4/UART_XB_SPI_UART_INT.c **** CY_ISR(UART_XB_SPI_UART_ISR)
  32:.\Generated_Source\PSoC4/UART_XB_SPI_UART_INT.c **** {
ARM GAS  C:\Users\Petro\AppData\Local\Temp\ccGVsLIg.s 			page 2


  26              		.loc 1 32 0
  27              		.cfi_startproc
  28 0000 08B5     		push	{r3, lr}
  29              		.cfi_def_cfa_offset 8
  30              		.cfi_offset 3, -8
  31              		.cfi_offset 14, -4
  33:.\Generated_Source\PSoC4/UART_XB_SPI_UART_INT.c **** #if (UART_XB_INTERNAL_RX_SW_BUFFER_CONST)
  34:.\Generated_Source\PSoC4/UART_XB_SPI_UART_INT.c ****     uint32 locHead;
  35:.\Generated_Source\PSoC4/UART_XB_SPI_UART_INT.c **** #endif /* (UART_XB_INTERNAL_RX_SW_BUFFER_CONST) */
  36:.\Generated_Source\PSoC4/UART_XB_SPI_UART_INT.c **** 
  37:.\Generated_Source\PSoC4/UART_XB_SPI_UART_INT.c **** #if (UART_XB_INTERNAL_TX_SW_BUFFER_CONST)
  38:.\Generated_Source\PSoC4/UART_XB_SPI_UART_INT.c ****     uint32 locTail;
  39:.\Generated_Source\PSoC4/UART_XB_SPI_UART_INT.c **** #endif /* (UART_XB_INTERNAL_TX_SW_BUFFER_CONST) */
  40:.\Generated_Source\PSoC4/UART_XB_SPI_UART_INT.c **** 
  41:.\Generated_Source\PSoC4/UART_XB_SPI_UART_INT.c **** #ifdef UART_XB_SPI_UART_ISR_ENTRY_CALLBACK
  42:.\Generated_Source\PSoC4/UART_XB_SPI_UART_INT.c ****     UART_XB_SPI_UART_ISR_EntryCallback();
  43:.\Generated_Source\PSoC4/UART_XB_SPI_UART_INT.c **** #endif /* UART_XB_SPI_UART_ISR_ENTRY_CALLBACK */
  44:.\Generated_Source\PSoC4/UART_XB_SPI_UART_INT.c **** 
  45:.\Generated_Source\PSoC4/UART_XB_SPI_UART_INT.c ****     if (NULL != UART_XB_customIntrHandler)
  32              		.loc 1 45 0
  33 0002 034B     		ldr	r3, .L3
  34 0004 1B68     		ldr	r3, [r3]
  35 0006 002B     		cmp	r3, #0
  36 0008 00D0     		beq	.L1
  46:.\Generated_Source\PSoC4/UART_XB_SPI_UART_INT.c ****     {
  47:.\Generated_Source\PSoC4/UART_XB_SPI_UART_INT.c ****         UART_XB_customIntrHandler();
  37              		.loc 1 47 0
  38 000a 9847     		blx	r3
  39              	.LVL0:
  40              	.L1:
  48:.\Generated_Source\PSoC4/UART_XB_SPI_UART_INT.c ****     }
  49:.\Generated_Source\PSoC4/UART_XB_SPI_UART_INT.c **** 
  50:.\Generated_Source\PSoC4/UART_XB_SPI_UART_INT.c ****     #if(UART_XB_CHECK_SPI_WAKE_ENABLE)
  51:.\Generated_Source\PSoC4/UART_XB_SPI_UART_INT.c ****     {
  52:.\Generated_Source\PSoC4/UART_XB_SPI_UART_INT.c ****         /* Clear SPI wakeup source */
  53:.\Generated_Source\PSoC4/UART_XB_SPI_UART_INT.c ****         UART_XB_ClearSpiExtClkInterruptSource(UART_XB_INTR_SPI_EC_WAKE_UP);
  54:.\Generated_Source\PSoC4/UART_XB_SPI_UART_INT.c ****     }
  55:.\Generated_Source\PSoC4/UART_XB_SPI_UART_INT.c ****     #endif
  56:.\Generated_Source\PSoC4/UART_XB_SPI_UART_INT.c **** 
  57:.\Generated_Source\PSoC4/UART_XB_SPI_UART_INT.c ****     #if (UART_XB_CHECK_RX_SW_BUFFER)
  58:.\Generated_Source\PSoC4/UART_XB_SPI_UART_INT.c ****     {
  59:.\Generated_Source\PSoC4/UART_XB_SPI_UART_INT.c ****         if (UART_XB_CHECK_INTR_RX_MASKED(UART_XB_INTR_RX_NOT_EMPTY))
  60:.\Generated_Source\PSoC4/UART_XB_SPI_UART_INT.c ****         {
  61:.\Generated_Source\PSoC4/UART_XB_SPI_UART_INT.c ****             do
  62:.\Generated_Source\PSoC4/UART_XB_SPI_UART_INT.c ****             {
  63:.\Generated_Source\PSoC4/UART_XB_SPI_UART_INT.c ****                 /* Move local head index */
  64:.\Generated_Source\PSoC4/UART_XB_SPI_UART_INT.c ****                 locHead = (UART_XB_rxBufferHead + 1u);
  65:.\Generated_Source\PSoC4/UART_XB_SPI_UART_INT.c **** 
  66:.\Generated_Source\PSoC4/UART_XB_SPI_UART_INT.c ****                 /* Adjust local head index */
  67:.\Generated_Source\PSoC4/UART_XB_SPI_UART_INT.c ****                 if (UART_XB_INTERNAL_RX_BUFFER_SIZE == locHead)
  68:.\Generated_Source\PSoC4/UART_XB_SPI_UART_INT.c ****                 {
  69:.\Generated_Source\PSoC4/UART_XB_SPI_UART_INT.c ****                     locHead = 0u;
  70:.\Generated_Source\PSoC4/UART_XB_SPI_UART_INT.c ****                 }
  71:.\Generated_Source\PSoC4/UART_XB_SPI_UART_INT.c **** 
  72:.\Generated_Source\PSoC4/UART_XB_SPI_UART_INT.c ****                 if (locHead == UART_XB_rxBufferTail)
  73:.\Generated_Source\PSoC4/UART_XB_SPI_UART_INT.c ****                 {
  74:.\Generated_Source\PSoC4/UART_XB_SPI_UART_INT.c ****                     #if (UART_XB_CHECK_UART_RTS_CONTROL_FLOW)
ARM GAS  C:\Users\Petro\AppData\Local\Temp\ccGVsLIg.s 			page 3


  75:.\Generated_Source\PSoC4/UART_XB_SPI_UART_INT.c ****                     {
  76:.\Generated_Source\PSoC4/UART_XB_SPI_UART_INT.c ****                         /* There is no space in the software buffer - disable the
  77:.\Generated_Source\PSoC4/UART_XB_SPI_UART_INT.c ****                         * RX Not Empty interrupt source. The data elements are
  78:.\Generated_Source\PSoC4/UART_XB_SPI_UART_INT.c ****                         * still being received into the RX FIFO until the RTS signal
  79:.\Generated_Source\PSoC4/UART_XB_SPI_UART_INT.c ****                         * stops the transmitter. After the data element is read from the
  80:.\Generated_Source\PSoC4/UART_XB_SPI_UART_INT.c ****                         * buffer, the RX Not Empty interrupt source is enabled to
  81:.\Generated_Source\PSoC4/UART_XB_SPI_UART_INT.c ****                         * move the next data element in the software buffer.
  82:.\Generated_Source\PSoC4/UART_XB_SPI_UART_INT.c ****                         */
  83:.\Generated_Source\PSoC4/UART_XB_SPI_UART_INT.c ****                         UART_XB_INTR_RX_MASK_REG &= ~UART_XB_INTR_RX_NOT_EMPTY;
  84:.\Generated_Source\PSoC4/UART_XB_SPI_UART_INT.c ****                         break;
  85:.\Generated_Source\PSoC4/UART_XB_SPI_UART_INT.c ****                     }
  86:.\Generated_Source\PSoC4/UART_XB_SPI_UART_INT.c ****                     #else
  87:.\Generated_Source\PSoC4/UART_XB_SPI_UART_INT.c ****                     {
  88:.\Generated_Source\PSoC4/UART_XB_SPI_UART_INT.c ****                         /* Overflow: through away received data element */
  89:.\Generated_Source\PSoC4/UART_XB_SPI_UART_INT.c ****                         (void) UART_XB_RX_FIFO_RD_REG;
  90:.\Generated_Source\PSoC4/UART_XB_SPI_UART_INT.c ****                         UART_XB_rxBufferOverflow = (uint8) UART_XB_INTR_RX_OVERFLOW;
  91:.\Generated_Source\PSoC4/UART_XB_SPI_UART_INT.c ****                     }
  92:.\Generated_Source\PSoC4/UART_XB_SPI_UART_INT.c ****                     #endif
  93:.\Generated_Source\PSoC4/UART_XB_SPI_UART_INT.c ****                 }
  94:.\Generated_Source\PSoC4/UART_XB_SPI_UART_INT.c ****                 else
  95:.\Generated_Source\PSoC4/UART_XB_SPI_UART_INT.c ****                 {
  96:.\Generated_Source\PSoC4/UART_XB_SPI_UART_INT.c ****                     /* Store received data */
  97:.\Generated_Source\PSoC4/UART_XB_SPI_UART_INT.c ****                     UART_XB_PutWordInRxBuffer(locHead, UART_XB_RX_FIFO_RD_REG);
  98:.\Generated_Source\PSoC4/UART_XB_SPI_UART_INT.c **** 
  99:.\Generated_Source\PSoC4/UART_XB_SPI_UART_INT.c ****                     /* Move head index */
 100:.\Generated_Source\PSoC4/UART_XB_SPI_UART_INT.c ****                     UART_XB_rxBufferHead = locHead;
 101:.\Generated_Source\PSoC4/UART_XB_SPI_UART_INT.c ****                 }
 102:.\Generated_Source\PSoC4/UART_XB_SPI_UART_INT.c ****             }
 103:.\Generated_Source\PSoC4/UART_XB_SPI_UART_INT.c ****             while(0u != UART_XB_GET_RX_FIFO_ENTRIES);
 104:.\Generated_Source\PSoC4/UART_XB_SPI_UART_INT.c **** 
 105:.\Generated_Source\PSoC4/UART_XB_SPI_UART_INT.c ****             UART_XB_ClearRxInterruptSource(UART_XB_INTR_RX_NOT_EMPTY);
 106:.\Generated_Source\PSoC4/UART_XB_SPI_UART_INT.c ****         }
 107:.\Generated_Source\PSoC4/UART_XB_SPI_UART_INT.c ****     }
 108:.\Generated_Source\PSoC4/UART_XB_SPI_UART_INT.c ****     #endif
 109:.\Generated_Source\PSoC4/UART_XB_SPI_UART_INT.c **** 
 110:.\Generated_Source\PSoC4/UART_XB_SPI_UART_INT.c **** 
 111:.\Generated_Source\PSoC4/UART_XB_SPI_UART_INT.c ****     #if (UART_XB_CHECK_TX_SW_BUFFER)
 112:.\Generated_Source\PSoC4/UART_XB_SPI_UART_INT.c ****     {
 113:.\Generated_Source\PSoC4/UART_XB_SPI_UART_INT.c ****         if (UART_XB_CHECK_INTR_TX_MASKED(UART_XB_INTR_TX_NOT_FULL))
 114:.\Generated_Source\PSoC4/UART_XB_SPI_UART_INT.c ****         {
 115:.\Generated_Source\PSoC4/UART_XB_SPI_UART_INT.c ****             do
 116:.\Generated_Source\PSoC4/UART_XB_SPI_UART_INT.c ****             {
 117:.\Generated_Source\PSoC4/UART_XB_SPI_UART_INT.c ****                 /* Check for room in TX software buffer */
 118:.\Generated_Source\PSoC4/UART_XB_SPI_UART_INT.c ****                 if (UART_XB_txBufferHead != UART_XB_txBufferTail)
 119:.\Generated_Source\PSoC4/UART_XB_SPI_UART_INT.c ****                 {
 120:.\Generated_Source\PSoC4/UART_XB_SPI_UART_INT.c ****                     /* Move local tail index */
 121:.\Generated_Source\PSoC4/UART_XB_SPI_UART_INT.c ****                     locTail = (UART_XB_txBufferTail + 1u);
 122:.\Generated_Source\PSoC4/UART_XB_SPI_UART_INT.c **** 
 123:.\Generated_Source\PSoC4/UART_XB_SPI_UART_INT.c ****                     /* Adjust local tail index */
 124:.\Generated_Source\PSoC4/UART_XB_SPI_UART_INT.c ****                     if (UART_XB_TX_BUFFER_SIZE == locTail)
 125:.\Generated_Source\PSoC4/UART_XB_SPI_UART_INT.c ****                     {
 126:.\Generated_Source\PSoC4/UART_XB_SPI_UART_INT.c ****                         locTail = 0u;
 127:.\Generated_Source\PSoC4/UART_XB_SPI_UART_INT.c ****                     }
 128:.\Generated_Source\PSoC4/UART_XB_SPI_UART_INT.c **** 
 129:.\Generated_Source\PSoC4/UART_XB_SPI_UART_INT.c ****                     /* Put data into TX FIFO */
 130:.\Generated_Source\PSoC4/UART_XB_SPI_UART_INT.c ****                     UART_XB_TX_FIFO_WR_REG = UART_XB_GetWordFromTxBuffer(locTail);
 131:.\Generated_Source\PSoC4/UART_XB_SPI_UART_INT.c **** 
ARM GAS  C:\Users\Petro\AppData\Local\Temp\ccGVsLIg.s 			page 4


 132:.\Generated_Source\PSoC4/UART_XB_SPI_UART_INT.c ****                     /* Move tail index */
 133:.\Generated_Source\PSoC4/UART_XB_SPI_UART_INT.c ****                     UART_XB_txBufferTail = locTail;
 134:.\Generated_Source\PSoC4/UART_XB_SPI_UART_INT.c ****                 }
 135:.\Generated_Source\PSoC4/UART_XB_SPI_UART_INT.c ****                 else
 136:.\Generated_Source\PSoC4/UART_XB_SPI_UART_INT.c ****                 {
 137:.\Generated_Source\PSoC4/UART_XB_SPI_UART_INT.c ****                     /* TX software buffer is empty: complete transfer */
 138:.\Generated_Source\PSoC4/UART_XB_SPI_UART_INT.c ****                     UART_XB_DISABLE_INTR_TX(UART_XB_INTR_TX_NOT_FULL);
 139:.\Generated_Source\PSoC4/UART_XB_SPI_UART_INT.c ****                     break;
 140:.\Generated_Source\PSoC4/UART_XB_SPI_UART_INT.c ****                 }
 141:.\Generated_Source\PSoC4/UART_XB_SPI_UART_INT.c ****             }
 142:.\Generated_Source\PSoC4/UART_XB_SPI_UART_INT.c ****             while (UART_XB_SPI_UART_FIFO_SIZE != UART_XB_GET_TX_FIFO_ENTRIES);
 143:.\Generated_Source\PSoC4/UART_XB_SPI_UART_INT.c **** 
 144:.\Generated_Source\PSoC4/UART_XB_SPI_UART_INT.c ****             UART_XB_ClearTxInterruptSource(UART_XB_INTR_TX_NOT_FULL);
 145:.\Generated_Source\PSoC4/UART_XB_SPI_UART_INT.c ****         }
 146:.\Generated_Source\PSoC4/UART_XB_SPI_UART_INT.c ****     }
 147:.\Generated_Source\PSoC4/UART_XB_SPI_UART_INT.c ****     #endif
 148:.\Generated_Source\PSoC4/UART_XB_SPI_UART_INT.c **** 
 149:.\Generated_Source\PSoC4/UART_XB_SPI_UART_INT.c **** #ifdef UART_XB_SPI_UART_ISR_EXIT_CALLBACK
 150:.\Generated_Source\PSoC4/UART_XB_SPI_UART_INT.c ****     UART_XB_SPI_UART_ISR_ExitCallback();
 151:.\Generated_Source\PSoC4/UART_XB_SPI_UART_INT.c **** #endif /* UART_XB_SPI_UART_ISR_EXIT_CALLBACK */
 152:.\Generated_Source\PSoC4/UART_XB_SPI_UART_INT.c **** 
 153:.\Generated_Source\PSoC4/UART_XB_SPI_UART_INT.c **** }
  41              		.loc 1 153 0
  42              		@ sp needed
  43 000c 08BD     		pop	{r3, pc}
  44              	.L4:
  45 000e C046     		.align	2
  46              	.L3:
  47 0010 00000000 		.word	UART_XB_customIntrHandler
  48              		.cfi_endproc
  49              	.LFE2:
  50              		.size	UART_XB_SPI_UART_ISR, .-UART_XB_SPI_UART_ISR
  51              		.text
  52              	.Letext0:
  53              		.file 2 "Generated_Source\\PSoC4/cytypes.h"
  54              		.file 3 ".\\Generated_Source\\PSoC4\\UART_XB_PVT.h"
  55              		.section	.debug_info,"",%progbits
  56              	.Ldebug_info0:
  57 0000 B3000000 		.4byte	0xb3
  58 0004 0400     		.2byte	0x4
  59 0006 00000000 		.4byte	.Ldebug_abbrev0
  60 000a 04       		.byte	0x4
  61 000b 01       		.uleb128 0x1
  62 000c 50010000 		.4byte	.LASF13
  63 0010 01       		.byte	0x1
  64 0011 CF000000 		.4byte	.LASF14
  65 0015 4A000000 		.4byte	.LASF15
  66 0019 00000000 		.4byte	.Ldebug_ranges0+0
  67 001d 00000000 		.4byte	0
  68 0021 00000000 		.4byte	.Ldebug_line0
  69 0025 02       		.uleb128 0x2
  70 0026 01       		.byte	0x1
  71 0027 06       		.byte	0x6
  72 0028 44010000 		.4byte	.LASF0
  73 002c 02       		.uleb128 0x2
  74 002d 01       		.byte	0x1
  75 002e 08       		.byte	0x8
ARM GAS  C:\Users\Petro\AppData\Local\Temp\ccGVsLIg.s 			page 5


  76 002f C1000000 		.4byte	.LASF1
  77 0033 02       		.uleb128 0x2
  78 0034 02       		.byte	0x2
  79 0035 05       		.byte	0x5
  80 0036 DE010000 		.4byte	.LASF2
  81 003a 02       		.uleb128 0x2
  82 003b 02       		.byte	0x2
  83 003c 07       		.byte	0x7
  84 003d 31010000 		.4byte	.LASF3
  85 0041 02       		.uleb128 0x2
  86 0042 04       		.byte	0x4
  87 0043 05       		.byte	0x5
  88 0044 0C010000 		.4byte	.LASF4
  89 0048 02       		.uleb128 0x2
  90 0049 04       		.byte	0x4
  91 004a 07       		.byte	0x7
  92 004b 1B000000 		.4byte	.LASF5
  93 004f 02       		.uleb128 0x2
  94 0050 08       		.byte	0x8
  95 0051 05       		.byte	0x5
  96 0052 00000000 		.4byte	.LASF6
  97 0056 02       		.uleb128 0x2
  98 0057 08       		.byte	0x8
  99 0058 07       		.byte	0x7
 100 0059 2D000000 		.4byte	.LASF7
 101 005d 03       		.uleb128 0x3
 102 005e 04       		.byte	0x4
 103 005f 05       		.byte	0x5
 104 0060 696E7400 		.ascii	"int\000"
 105 0064 02       		.uleb128 0x2
 106 0065 04       		.byte	0x4
 107 0066 07       		.byte	0x7
 108 0067 0E000000 		.4byte	.LASF8
 109 006b 02       		.uleb128 0x2
 110 006c 04       		.byte	0x4
 111 006d 04       		.byte	0x4
 112 006e 44000000 		.4byte	.LASF9
 113 0072 02       		.uleb128 0x2
 114 0073 08       		.byte	0x8
 115 0074 04       		.byte	0x4
 116 0075 2A010000 		.4byte	.LASF10
 117 0079 02       		.uleb128 0x2
 118 007a 01       		.byte	0x1
 119 007b 08       		.byte	0x8
 120 007c A2000000 		.4byte	.LASF11
 121 0080 04       		.uleb128 0x4
 122 0081 FF000000 		.4byte	.LASF16
 123 0085 02       		.byte	0x2
 124 0086 5402     		.2byte	0x254
 125 0088 8C000000 		.4byte	0x8c
 126 008c 05       		.uleb128 0x5
 127 008d 04       		.byte	0x4
 128 008e 92000000 		.4byte	0x92
 129 0092 06       		.uleb128 0x6
 130 0093 02       		.uleb128 0x2
 131 0094 04       		.byte	0x4
 132 0095 07       		.byte	0x7
ARM GAS  C:\Users\Petro\AppData\Local\Temp\ccGVsLIg.s 			page 6


 133 0096 E8010000 		.4byte	.LASF12
 134 009a 07       		.uleb128 0x7
 135 009b 15010000 		.4byte	.LASF17
 136 009f 01       		.byte	0x1
 137 00a0 1F       		.byte	0x1f
 138 00a1 00000000 		.4byte	.LFB2
 139 00a5 14000000 		.4byte	.LFE2-.LFB2
 140 00a9 01       		.uleb128 0x1
 141 00aa 9C       		.byte	0x9c
 142 00ab 08       		.uleb128 0x8
 143 00ac A7000000 		.4byte	.LASF18
 144 00b0 03       		.byte	0x3
 145 00b1 3B       		.byte	0x3b
 146 00b2 80000000 		.4byte	0x80
 147 00b6 00       		.byte	0
 148              		.section	.debug_abbrev,"",%progbits
 149              	.Ldebug_abbrev0:
 150 0000 01       		.uleb128 0x1
 151 0001 11       		.uleb128 0x11
 152 0002 01       		.byte	0x1
 153 0003 25       		.uleb128 0x25
 154 0004 0E       		.uleb128 0xe
 155 0005 13       		.uleb128 0x13
 156 0006 0B       		.uleb128 0xb
 157 0007 03       		.uleb128 0x3
 158 0008 0E       		.uleb128 0xe
 159 0009 1B       		.uleb128 0x1b
 160 000a 0E       		.uleb128 0xe
 161 000b 55       		.uleb128 0x55
 162 000c 17       		.uleb128 0x17
 163 000d 11       		.uleb128 0x11
 164 000e 01       		.uleb128 0x1
 165 000f 10       		.uleb128 0x10
 166 0010 17       		.uleb128 0x17
 167 0011 00       		.byte	0
 168 0012 00       		.byte	0
 169 0013 02       		.uleb128 0x2
 170 0014 24       		.uleb128 0x24
 171 0015 00       		.byte	0
 172 0016 0B       		.uleb128 0xb
 173 0017 0B       		.uleb128 0xb
 174 0018 3E       		.uleb128 0x3e
 175 0019 0B       		.uleb128 0xb
 176 001a 03       		.uleb128 0x3
 177 001b 0E       		.uleb128 0xe
 178 001c 00       		.byte	0
 179 001d 00       		.byte	0
 180 001e 03       		.uleb128 0x3
 181 001f 24       		.uleb128 0x24
 182 0020 00       		.byte	0
 183 0021 0B       		.uleb128 0xb
 184 0022 0B       		.uleb128 0xb
 185 0023 3E       		.uleb128 0x3e
 186 0024 0B       		.uleb128 0xb
 187 0025 03       		.uleb128 0x3
 188 0026 08       		.uleb128 0x8
 189 0027 00       		.byte	0
ARM GAS  C:\Users\Petro\AppData\Local\Temp\ccGVsLIg.s 			page 7


 190 0028 00       		.byte	0
 191 0029 04       		.uleb128 0x4
 192 002a 16       		.uleb128 0x16
 193 002b 00       		.byte	0
 194 002c 03       		.uleb128 0x3
 195 002d 0E       		.uleb128 0xe
 196 002e 3A       		.uleb128 0x3a
 197 002f 0B       		.uleb128 0xb
 198 0030 3B       		.uleb128 0x3b
 199 0031 05       		.uleb128 0x5
 200 0032 49       		.uleb128 0x49
 201 0033 13       		.uleb128 0x13
 202 0034 00       		.byte	0
 203 0035 00       		.byte	0
 204 0036 05       		.uleb128 0x5
 205 0037 0F       		.uleb128 0xf
 206 0038 00       		.byte	0
 207 0039 0B       		.uleb128 0xb
 208 003a 0B       		.uleb128 0xb
 209 003b 49       		.uleb128 0x49
 210 003c 13       		.uleb128 0x13
 211 003d 00       		.byte	0
 212 003e 00       		.byte	0
 213 003f 06       		.uleb128 0x6
 214 0040 15       		.uleb128 0x15
 215 0041 00       		.byte	0
 216 0042 27       		.uleb128 0x27
 217 0043 19       		.uleb128 0x19
 218 0044 00       		.byte	0
 219 0045 00       		.byte	0
 220 0046 07       		.uleb128 0x7
 221 0047 2E       		.uleb128 0x2e
 222 0048 00       		.byte	0
 223 0049 3F       		.uleb128 0x3f
 224 004a 19       		.uleb128 0x19
 225 004b 03       		.uleb128 0x3
 226 004c 0E       		.uleb128 0xe
 227 004d 3A       		.uleb128 0x3a
 228 004e 0B       		.uleb128 0xb
 229 004f 3B       		.uleb128 0x3b
 230 0050 0B       		.uleb128 0xb
 231 0051 27       		.uleb128 0x27
 232 0052 19       		.uleb128 0x19
 233 0053 11       		.uleb128 0x11
 234 0054 01       		.uleb128 0x1
 235 0055 12       		.uleb128 0x12
 236 0056 06       		.uleb128 0x6
 237 0057 40       		.uleb128 0x40
 238 0058 18       		.uleb128 0x18
 239 0059 9642     		.uleb128 0x2116
 240 005b 19       		.uleb128 0x19
 241 005c 00       		.byte	0
 242 005d 00       		.byte	0
 243 005e 08       		.uleb128 0x8
 244 005f 34       		.uleb128 0x34
 245 0060 00       		.byte	0
 246 0061 03       		.uleb128 0x3
ARM GAS  C:\Users\Petro\AppData\Local\Temp\ccGVsLIg.s 			page 8


 247 0062 0E       		.uleb128 0xe
 248 0063 3A       		.uleb128 0x3a
 249 0064 0B       		.uleb128 0xb
 250 0065 3B       		.uleb128 0x3b
 251 0066 0B       		.uleb128 0xb
 252 0067 49       		.uleb128 0x49
 253 0068 13       		.uleb128 0x13
 254 0069 3F       		.uleb128 0x3f
 255 006a 19       		.uleb128 0x19
 256 006b 3C       		.uleb128 0x3c
 257 006c 19       		.uleb128 0x19
 258 006d 00       		.byte	0
 259 006e 00       		.byte	0
 260 006f 00       		.byte	0
 261              		.section	.debug_aranges,"",%progbits
 262 0000 1C000000 		.4byte	0x1c
 263 0004 0200     		.2byte	0x2
 264 0006 00000000 		.4byte	.Ldebug_info0
 265 000a 04       		.byte	0x4
 266 000b 00       		.byte	0
 267 000c 0000     		.2byte	0
 268 000e 0000     		.2byte	0
 269 0010 00000000 		.4byte	.LFB2
 270 0014 14000000 		.4byte	.LFE2-.LFB2
 271 0018 00000000 		.4byte	0
 272 001c 00000000 		.4byte	0
 273              		.section	.debug_ranges,"",%progbits
 274              	.Ldebug_ranges0:
 275 0000 00000000 		.4byte	.LFB2
 276 0004 14000000 		.4byte	.LFE2
 277 0008 00000000 		.4byte	0
 278 000c 00000000 		.4byte	0
 279              		.section	.debug_line,"",%progbits
 280              	.Ldebug_line0:
 281 0000 98000000 		.section	.debug_str,"MS",%progbits,1
 281      02007B00 
 281      00000201 
 281      FB0E0D00 
 281      01010101 
 282              	.LASF6:
 283 0000 6C6F6E67 		.ascii	"long long int\000"
 283      206C6F6E 
 283      6720696E 
 283      7400
 284              	.LASF8:
 285 000e 756E7369 		.ascii	"unsigned int\000"
 285      676E6564 
 285      20696E74 
 285      00
 286              	.LASF5:
 287 001b 6C6F6E67 		.ascii	"long unsigned int\000"
 287      20756E73 
 287      69676E65 
 287      6420696E 
 287      7400
 288              	.LASF7:
 289 002d 6C6F6E67 		.ascii	"long long unsigned int\000"
ARM GAS  C:\Users\Petro\AppData\Local\Temp\ccGVsLIg.s 			page 9


 289      206C6F6E 
 289      6720756E 
 289      7369676E 
 289      65642069 
 290              	.LASF9:
 291 0044 666C6F61 		.ascii	"float\000"
 291      7400
 292              	.LASF15:
 293 004a 443A5C43 		.ascii	"D:\\Cypress\\system-start-finish\\vesion 2\\fw\\fin"
 293      79707265 
 293      73735C73 
 293      79737465 
 293      6D2D7374 
 294 0078 6973685C 		.ascii	"ish\\sandbox\\v1\\Workspace01\\finish01.cydsn\000"
 294      73616E64 
 294      626F785C 
 294      76315C57 
 294      6F726B73 
 295              	.LASF11:
 296 00a2 63686172 		.ascii	"char\000"
 296      00
 297              	.LASF18:
 298 00a7 55415254 		.ascii	"UART_XB_customIntrHandler\000"
 298      5F58425F 
 298      63757374 
 298      6F6D496E 
 298      74724861 
 299              	.LASF1:
 300 00c1 756E7369 		.ascii	"unsigned char\000"
 300      676E6564 
 300      20636861 
 300      7200
 301              	.LASF14:
 302 00cf 2E5C4765 		.ascii	".\\Generated_Source\\PSoC4\\UART_XB_SPI_UART_INT.c\000"
 302      6E657261 
 302      7465645F 
 302      536F7572 
 302      63655C50 
 303              	.LASF16:
 304 00ff 63796973 		.ascii	"cyisraddress\000"
 304      72616464 
 304      72657373 
 304      00
 305              	.LASF4:
 306 010c 6C6F6E67 		.ascii	"long int\000"
 306      20696E74 
 306      00
 307              	.LASF17:
 308 0115 55415254 		.ascii	"UART_XB_SPI_UART_ISR\000"
 308      5F58425F 
 308      5350495F 
 308      55415254 
 308      5F495352 
 309              	.LASF10:
 310 012a 646F7562 		.ascii	"double\000"
 310      6C6500
 311              	.LASF3:
ARM GAS  C:\Users\Petro\AppData\Local\Temp\ccGVsLIg.s 			page 10


 312 0131 73686F72 		.ascii	"short unsigned int\000"
 312      7420756E 
 312      7369676E 
 312      65642069 
 312      6E7400
 313              	.LASF0:
 314 0144 7369676E 		.ascii	"signed char\000"
 314      65642063 
 314      68617200 
 315              	.LASF13:
 316 0150 474E5520 		.ascii	"GNU C 4.9.3 20150303 (release) [ARM/embedded-4_9-br"
 316      4320342E 
 316      392E3320 
 316      32303135 
 316      30333033 
 317 0183 616E6368 		.ascii	"anch revision 221220] -mcpu=cortex-m0 -mthumb -g -O"
 317      20726576 
 317      6973696F 
 317      6E203232 
 317      31323230 
 318 01b6 67202D66 		.ascii	"g -ffunction-sections -ffat-lto-objects\000"
 318      66756E63 
 318      74696F6E 
 318      2D736563 
 318      74696F6E 
 319              	.LASF2:
 320 01de 73686F72 		.ascii	"short int\000"
 320      7420696E 
 320      7400
 321              	.LASF12:
 322 01e8 73697A65 		.ascii	"sizetype\000"
 322      74797065 
 322      00
 323              		.ident	"GCC: (GNU Tools for ARM Embedded Processors) 4.9.3 20150303 (release) [ARM/embedded-4_9-br
