ARM GAS  C:\Users\Petro\AppData\Local\Temp\ccAfUlR5.s 			page 1


   1              		.cpu cortex-m0
   2              		.fpu softvfp
   3              		.eabi_attribute 20, 1
   4              		.eabi_attribute 21, 1
   5              		.eabi_attribute 23, 3
   6              		.eabi_attribute 24, 1
   7              		.eabi_attribute 25, 1
   8              		.eabi_attribute 26, 1
   9              		.eabi_attribute 30, 1
  10              		.eabi_attribute 34, 0
  11              		.eabi_attribute 18, 4
  12              		.code	16
  13              		.file	"cyfitter_cfg.c"
  14              		.text
  15              	.Ltext0:
  16              		.cfi_sections	.debug_frame
  17              		.section	.text.CYMEMZERO,"ax",%progbits
  18              		.align	2
  19              		.code	16
  20              		.thumb_func
  21              		.type	CYMEMZERO, %function
  22              	CYMEMZERO:
  23              	.LFB0:
  24              		.file 1 ".\\Generated_Source\\PSoC4\\cyfitter_cfg.c"
   1:.\Generated_Source\PSoC4/cyfitter_cfg.c **** /*******************************************************************************
   2:.\Generated_Source\PSoC4/cyfitter_cfg.c **** * File Name: cyfitter_cfg.c
   3:.\Generated_Source\PSoC4/cyfitter_cfg.c **** * 
   4:.\Generated_Source\PSoC4/cyfitter_cfg.c **** * PSoC Creator  3.3 SP1
   5:.\Generated_Source\PSoC4/cyfitter_cfg.c **** *
   6:.\Generated_Source\PSoC4/cyfitter_cfg.c **** * Description:
   7:.\Generated_Source\PSoC4/cyfitter_cfg.c **** * This file contains device initialization code.
   8:.\Generated_Source\PSoC4/cyfitter_cfg.c **** * Except for the user defined sections in CyClockStartupError(), this file should not be modified.
   9:.\Generated_Source\PSoC4/cyfitter_cfg.c **** * This file is automatically generated by PSoC Creator.
  10:.\Generated_Source\PSoC4/cyfitter_cfg.c **** *
  11:.\Generated_Source\PSoC4/cyfitter_cfg.c **** ********************************************************************************
  12:.\Generated_Source\PSoC4/cyfitter_cfg.c **** * Copyright (c) 2007-2015 Cypress Semiconductor.  All rights reserved.
  13:.\Generated_Source\PSoC4/cyfitter_cfg.c **** * You may use this file only in accordance with the license, terms, conditions, 
  14:.\Generated_Source\PSoC4/cyfitter_cfg.c **** * disclaimers, and limitations in the end user license agreement accompanying 
  15:.\Generated_Source\PSoC4/cyfitter_cfg.c **** * the software package with which this file was provided.
  16:.\Generated_Source\PSoC4/cyfitter_cfg.c **** ********************************************************************************/
  17:.\Generated_Source\PSoC4/cyfitter_cfg.c **** 
  18:.\Generated_Source\PSoC4/cyfitter_cfg.c **** #include <string.h>
  19:.\Generated_Source\PSoC4/cyfitter_cfg.c **** #include "cytypes.h"
  20:.\Generated_Source\PSoC4/cyfitter_cfg.c **** #include "cydevice_trm.h"
  21:.\Generated_Source\PSoC4/cyfitter_cfg.c **** #include "cyfitter.h"
  22:.\Generated_Source\PSoC4/cyfitter_cfg.c **** #include "CyLib.h"
  23:.\Generated_Source\PSoC4/cyfitter_cfg.c **** #include "CyLFClk.h"
  24:.\Generated_Source\PSoC4/cyfitter_cfg.c **** #include "cyfitter_cfg.h"
  25:.\Generated_Source\PSoC4/cyfitter_cfg.c **** 
  26:.\Generated_Source\PSoC4/cyfitter_cfg.c **** 
  27:.\Generated_Source\PSoC4/cyfitter_cfg.c **** #if defined(__GNUC__) || defined(__ARMCC_VERSION)
  28:.\Generated_Source\PSoC4/cyfitter_cfg.c ****     #define CYPACKED 
  29:.\Generated_Source\PSoC4/cyfitter_cfg.c ****     #define CYPACKED_ATTR __attribute__ ((packed))
  30:.\Generated_Source\PSoC4/cyfitter_cfg.c ****     #define CYALIGNED __attribute__ ((aligned))
  31:.\Generated_Source\PSoC4/cyfitter_cfg.c ****     #define CY_CFG_UNUSED __attribute__ ((unused))
  32:.\Generated_Source\PSoC4/cyfitter_cfg.c ****     #ifndef CY_CFG_SECTION
  33:.\Generated_Source\PSoC4/cyfitter_cfg.c ****         #define CY_CFG_SECTION __attribute__ ((section(".psocinit")))
ARM GAS  C:\Users\Petro\AppData\Local\Temp\ccAfUlR5.s 			page 2


  34:.\Generated_Source\PSoC4/cyfitter_cfg.c ****     #endif
  35:.\Generated_Source\PSoC4/cyfitter_cfg.c ****     
  36:.\Generated_Source\PSoC4/cyfitter_cfg.c ****     #if defined(__ARMCC_VERSION)
  37:.\Generated_Source\PSoC4/cyfitter_cfg.c ****         #define CY_CFG_MEMORY_BARRIER() __memory_changed()
  38:.\Generated_Source\PSoC4/cyfitter_cfg.c ****     #else
  39:.\Generated_Source\PSoC4/cyfitter_cfg.c ****         #define CY_CFG_MEMORY_BARRIER() __sync_synchronize()
  40:.\Generated_Source\PSoC4/cyfitter_cfg.c ****     #endif
  41:.\Generated_Source\PSoC4/cyfitter_cfg.c ****     
  42:.\Generated_Source\PSoC4/cyfitter_cfg.c **** #elif defined(__ICCARM__)
  43:.\Generated_Source\PSoC4/cyfitter_cfg.c ****     #include <intrinsics.h>
  44:.\Generated_Source\PSoC4/cyfitter_cfg.c **** 
  45:.\Generated_Source\PSoC4/cyfitter_cfg.c ****     #define CYPACKED __packed
  46:.\Generated_Source\PSoC4/cyfitter_cfg.c ****     #define CYPACKED_ATTR 
  47:.\Generated_Source\PSoC4/cyfitter_cfg.c ****     #define CYALIGNED _Pragma("data_alignment=4")
  48:.\Generated_Source\PSoC4/cyfitter_cfg.c ****     #define CY_CFG_UNUSED _Pragma("diag_suppress=Pe177")
  49:.\Generated_Source\PSoC4/cyfitter_cfg.c ****     #define CY_CFG_SECTION _Pragma("location=\".psocinit\"")
  50:.\Generated_Source\PSoC4/cyfitter_cfg.c ****     
  51:.\Generated_Source\PSoC4/cyfitter_cfg.c ****     #define CY_CFG_MEMORY_BARRIER() __DMB()
  52:.\Generated_Source\PSoC4/cyfitter_cfg.c ****     
  53:.\Generated_Source\PSoC4/cyfitter_cfg.c **** #else
  54:.\Generated_Source\PSoC4/cyfitter_cfg.c ****     #error Unsupported toolchain
  55:.\Generated_Source\PSoC4/cyfitter_cfg.c **** #endif
  56:.\Generated_Source\PSoC4/cyfitter_cfg.c **** 
  57:.\Generated_Source\PSoC4/cyfitter_cfg.c **** 
  58:.\Generated_Source\PSoC4/cyfitter_cfg.c **** CY_CFG_UNUSED
  59:.\Generated_Source\PSoC4/cyfitter_cfg.c **** static void CYMEMZERO(void *s, size_t n);
  60:.\Generated_Source\PSoC4/cyfitter_cfg.c **** CY_CFG_UNUSED
  61:.\Generated_Source\PSoC4/cyfitter_cfg.c **** static void CYMEMZERO(void *s, size_t n)
  62:.\Generated_Source\PSoC4/cyfitter_cfg.c **** {
  25              		.loc 1 62 0
  26              		.cfi_startproc
  27              	.LVL0:
  28 0000 08B5     		push	{r3, lr}
  29              		.cfi_def_cfa_offset 8
  30              		.cfi_offset 3, -8
  31              		.cfi_offset 14, -4
  32 0002 0A1C     		mov	r2, r1
  63:.\Generated_Source\PSoC4/cyfitter_cfg.c **** 	(void)memset(s, 0, n);
  33              		.loc 1 63 0
  34 0004 0021     		mov	r1, #0
  35              	.LVL1:
  36 0006 FFF7FEFF 		bl	memset
  37              	.LVL2:
  64:.\Generated_Source\PSoC4/cyfitter_cfg.c **** }
  38              		.loc 1 64 0
  39              		@ sp needed
  40 000a 08BD     		pop	{r3, pc}
  41              		.cfi_endproc
  42              	.LFE0:
  43              		.size	CYMEMZERO, .-CYMEMZERO
  44              		.section	.psocinit,"ax",%progbits
  45              		.align	2
  46              		.code	16
  47              		.thumb_func
  48              		.type	ClockSetup, %function
  49              	ClockSetup:
  50              	.LFB3:
ARM GAS  C:\Users\Petro\AppData\Local\Temp\ccAfUlR5.s 			page 3


  65:.\Generated_Source\PSoC4/cyfitter_cfg.c **** CY_CFG_UNUSED
  66:.\Generated_Source\PSoC4/cyfitter_cfg.c **** static void CYCONFIGCPY(void *dest, const void *src, size_t n);
  67:.\Generated_Source\PSoC4/cyfitter_cfg.c **** CY_CFG_UNUSED
  68:.\Generated_Source\PSoC4/cyfitter_cfg.c **** static void CYCONFIGCPY(void *dest, const void *src, size_t n)
  69:.\Generated_Source\PSoC4/cyfitter_cfg.c **** {
  70:.\Generated_Source\PSoC4/cyfitter_cfg.c **** 	(void)memcpy(dest, src, n);
  71:.\Generated_Source\PSoC4/cyfitter_cfg.c **** }
  72:.\Generated_Source\PSoC4/cyfitter_cfg.c **** CY_CFG_UNUSED
  73:.\Generated_Source\PSoC4/cyfitter_cfg.c **** static void CYCONFIGCPYCODE(void *dest, const void *src, size_t n);
  74:.\Generated_Source\PSoC4/cyfitter_cfg.c **** CY_CFG_UNUSED
  75:.\Generated_Source\PSoC4/cyfitter_cfg.c **** static void CYCONFIGCPYCODE(void *dest, const void *src, size_t n)
  76:.\Generated_Source\PSoC4/cyfitter_cfg.c **** {
  77:.\Generated_Source\PSoC4/cyfitter_cfg.c **** 	(void)memcpy(dest, src, n);
  78:.\Generated_Source\PSoC4/cyfitter_cfg.c **** }
  79:.\Generated_Source\PSoC4/cyfitter_cfg.c **** 
  80:.\Generated_Source\PSoC4/cyfitter_cfg.c **** 
  81:.\Generated_Source\PSoC4/cyfitter_cfg.c **** 
  82:.\Generated_Source\PSoC4/cyfitter_cfg.c **** /* Clock startup error codes                                                   */
  83:.\Generated_Source\PSoC4/cyfitter_cfg.c **** #define CYCLOCKSTART_NO_ERROR    0u
  84:.\Generated_Source\PSoC4/cyfitter_cfg.c **** #define CYCLOCKSTART_XTAL_ERROR  1u
  85:.\Generated_Source\PSoC4/cyfitter_cfg.c **** #define CYCLOCKSTART_32KHZ_ERROR 2u
  86:.\Generated_Source\PSoC4/cyfitter_cfg.c **** #define CYCLOCKSTART_PLL_ERROR   3u
  87:.\Generated_Source\PSoC4/cyfitter_cfg.c **** 
  88:.\Generated_Source\PSoC4/cyfitter_cfg.c **** #ifdef CY_NEED_CYCLOCKSTARTUPERROR
  89:.\Generated_Source\PSoC4/cyfitter_cfg.c **** /*******************************************************************************
  90:.\Generated_Source\PSoC4/cyfitter_cfg.c **** * Function Name: CyClockStartupError
  91:.\Generated_Source\PSoC4/cyfitter_cfg.c **** ********************************************************************************
  92:.\Generated_Source\PSoC4/cyfitter_cfg.c **** * Summary:
  93:.\Generated_Source\PSoC4/cyfitter_cfg.c **** *  If an error is encountered during clock configuration (crystal startup error,
  94:.\Generated_Source\PSoC4/cyfitter_cfg.c **** *  PLL lock error, etc.), the system will end up here.  Unless reimplemented by
  95:.\Generated_Source\PSoC4/cyfitter_cfg.c **** *  the customer, this function will stop in an infinite loop.
  96:.\Generated_Source\PSoC4/cyfitter_cfg.c **** *
  97:.\Generated_Source\PSoC4/cyfitter_cfg.c **** * Parameters:
  98:.\Generated_Source\PSoC4/cyfitter_cfg.c **** *   void
  99:.\Generated_Source\PSoC4/cyfitter_cfg.c **** *
 100:.\Generated_Source\PSoC4/cyfitter_cfg.c **** * Return:
 101:.\Generated_Source\PSoC4/cyfitter_cfg.c **** *   void
 102:.\Generated_Source\PSoC4/cyfitter_cfg.c **** *
 103:.\Generated_Source\PSoC4/cyfitter_cfg.c **** *******************************************************************************/
 104:.\Generated_Source\PSoC4/cyfitter_cfg.c **** CY_CFG_UNUSED
 105:.\Generated_Source\PSoC4/cyfitter_cfg.c **** static void CyClockStartupError(uint8 errorCode);
 106:.\Generated_Source\PSoC4/cyfitter_cfg.c **** CY_CFG_UNUSED
 107:.\Generated_Source\PSoC4/cyfitter_cfg.c **** static void CyClockStartupError(uint8 errorCode)
 108:.\Generated_Source\PSoC4/cyfitter_cfg.c **** {
 109:.\Generated_Source\PSoC4/cyfitter_cfg.c ****     /* To remove the compiler warning if errorCode not used.                */
 110:.\Generated_Source\PSoC4/cyfitter_cfg.c ****     errorCode = errorCode;
 111:.\Generated_Source\PSoC4/cyfitter_cfg.c **** 
 112:.\Generated_Source\PSoC4/cyfitter_cfg.c ****     /* `#START CyClockStartupError` */
 113:.\Generated_Source\PSoC4/cyfitter_cfg.c **** 
 114:.\Generated_Source\PSoC4/cyfitter_cfg.c ****     /* If we have a clock startup error (bad MHz crystal, PLL lock, etc.),  */
 115:.\Generated_Source\PSoC4/cyfitter_cfg.c ****     /* we will end up here to allow the customer to implement something to  */
 116:.\Generated_Source\PSoC4/cyfitter_cfg.c ****     /* deal with the clock condition.                                       */
 117:.\Generated_Source\PSoC4/cyfitter_cfg.c **** 
 118:.\Generated_Source\PSoC4/cyfitter_cfg.c ****     /* `#END` */
 119:.\Generated_Source\PSoC4/cyfitter_cfg.c **** 
 120:.\Generated_Source\PSoC4/cyfitter_cfg.c ****     /* If nothing else, stop here since the clocks have not started         */
 121:.\Generated_Source\PSoC4/cyfitter_cfg.c ****     /* correctly.                                                           */
ARM GAS  C:\Users\Petro\AppData\Local\Temp\ccAfUlR5.s 			page 4


 122:.\Generated_Source\PSoC4/cyfitter_cfg.c ****     while(1) {}
 123:.\Generated_Source\PSoC4/cyfitter_cfg.c **** }
 124:.\Generated_Source\PSoC4/cyfitter_cfg.c **** #endif
 125:.\Generated_Source\PSoC4/cyfitter_cfg.c **** 
 126:.\Generated_Source\PSoC4/cyfitter_cfg.c **** 
 127:.\Generated_Source\PSoC4/cyfitter_cfg.c **** 
 128:.\Generated_Source\PSoC4/cyfitter_cfg.c **** /*******************************************************************************
 129:.\Generated_Source\PSoC4/cyfitter_cfg.c **** * Function Name: ClockSetup
 130:.\Generated_Source\PSoC4/cyfitter_cfg.c **** ********************************************************************************
 131:.\Generated_Source\PSoC4/cyfitter_cfg.c **** *
 132:.\Generated_Source\PSoC4/cyfitter_cfg.c **** * Summary:
 133:.\Generated_Source\PSoC4/cyfitter_cfg.c **** *   Performs the initialization of all of the clocks in the device based on the
 134:.\Generated_Source\PSoC4/cyfitter_cfg.c **** *   settings in the Clock tab of the DWR.  This includes enabling the requested
 135:.\Generated_Source\PSoC4/cyfitter_cfg.c **** *   clocks and setting the necessary dividers to produce the desired frequency. 
 136:.\Generated_Source\PSoC4/cyfitter_cfg.c **** *
 137:.\Generated_Source\PSoC4/cyfitter_cfg.c **** * Parameters:
 138:.\Generated_Source\PSoC4/cyfitter_cfg.c **** *   void
 139:.\Generated_Source\PSoC4/cyfitter_cfg.c **** *
 140:.\Generated_Source\PSoC4/cyfitter_cfg.c **** * Return:
 141:.\Generated_Source\PSoC4/cyfitter_cfg.c **** *   void
 142:.\Generated_Source\PSoC4/cyfitter_cfg.c **** *
 143:.\Generated_Source\PSoC4/cyfitter_cfg.c **** *******************************************************************************/
 144:.\Generated_Source\PSoC4/cyfitter_cfg.c **** static void ClockSetup(void);
 145:.\Generated_Source\PSoC4/cyfitter_cfg.c **** CY_CFG_SECTION
 146:.\Generated_Source\PSoC4/cyfitter_cfg.c **** static void ClockSetup(void)
 147:.\Generated_Source\PSoC4/cyfitter_cfg.c **** {
  51              		.loc 1 147 0
  52              		.cfi_startproc
  53 0000 38B5     		push	{r3, r4, r5, lr}
  54              		.cfi_def_cfa_offset 16
  55              		.cfi_offset 3, -16
  56              		.cfi_offset 4, -12
  57              		.cfi_offset 5, -8
  58              		.cfi_offset 14, -4
 148:.\Generated_Source\PSoC4/cyfitter_cfg.c **** 	/* Enable HALF_EN before trimming for the flash accelerator. */
 149:.\Generated_Source\PSoC4/cyfitter_cfg.c **** 	CY_SET_REG32((void CYXDATA *)(CYREG_CLK_SELECT), (CY_GET_REG32((void *)CYREG_CLK_SELECT) | 0x00040
  59              		.loc 1 149 0
  60 0002 164C     		ldr	r4, .L3
  61 0004 2368     		ldr	r3, [r4]
  62 0006 8022     		mov	r2, #128
  63 0008 D202     		lsl	r2, r2, #11
  64 000a 1343     		orr	r3, r2
  65 000c 2360     		str	r3, [r4]
 150:.\Generated_Source\PSoC4/cyfitter_cfg.c **** 
 151:.\Generated_Source\PSoC4/cyfitter_cfg.c **** 	/* Setup and trim IMO based on desired frequency. */
 152:.\Generated_Source\PSoC4/cyfitter_cfg.c **** 	CySysClkWriteImoFreq(24u);
  66              		.loc 1 152 0
  67 000e 1820     		mov	r0, #24
  68 0010 FFF7FEFF 		bl	CySysClkWriteImoFreq
  69              	.LVL3:
 153:.\Generated_Source\PSoC4/cyfitter_cfg.c **** 
 154:.\Generated_Source\PSoC4/cyfitter_cfg.c **** 	/* Disable HALF_EN since it is not required at this IMO frequency. */
 155:.\Generated_Source\PSoC4/cyfitter_cfg.c **** 	CY_SET_REG32((void CYXDATA *)(CYREG_CLK_SELECT), (CY_GET_REG32((void *)CYREG_CLK_SELECT) & 0xFFFBF
  70              		.loc 1 155 0
  71 0014 2268     		ldr	r2, [r4]
  72 0016 124B     		ldr	r3, .L3+4
  73 0018 1340     		and	r3, r2
ARM GAS  C:\Users\Petro\AppData\Local\Temp\ccAfUlR5.s 			page 5


  74 001a 2360     		str	r3, [r4]
 156:.\Generated_Source\PSoC4/cyfitter_cfg.c **** 	/* CYDEV_CLK_ILO_CONFIG Starting address: CYDEV_CLK_ILO_CONFIG */
 157:.\Generated_Source\PSoC4/cyfitter_cfg.c **** 	CY_SET_XTND_REG32((void CYFAR *)(CYREG_CLK_ILO_CONFIG), 0x80000006u);
  75              		.loc 1 157 0
  76 001c 114A     		ldr	r2, .L3+8
  77 001e 124B     		ldr	r3, .L3+12
  78 0020 1A60     		str	r2, [r3]
 158:.\Generated_Source\PSoC4/cyfitter_cfg.c **** 
 159:.\Generated_Source\PSoC4/cyfitter_cfg.c **** 
 160:.\Generated_Source\PSoC4/cyfitter_cfg.c **** 	/* CYDEV_CLK_SELECT00 Starting address: CYDEV_CLK_SELECT00 */
 161:.\Generated_Source\PSoC4/cyfitter_cfg.c **** 	CY_SET_XTND_REG32((void CYFAR *)(CYREG_CLK_SELECT03), 0x00000010u);
  79              		.loc 1 161 0
  80 0022 1022     		mov	r2, #16
  81 0024 114B     		ldr	r3, .L3+16
  82 0026 1A60     		str	r2, [r3]
 162:.\Generated_Source\PSoC4/cyfitter_cfg.c **** 	CY_SET_XTND_REG32((void CYFAR *)(CYREG_CLK_SELECT08), 0x00000020u);
  83              		.loc 1 162 0
  84 0028 1032     		add	r2, r2, #16
  85 002a 114B     		ldr	r3, .L3+20
  86 002c 1A60     		str	r2, [r3]
 163:.\Generated_Source\PSoC4/cyfitter_cfg.c **** 
 164:.\Generated_Source\PSoC4/cyfitter_cfg.c **** 	/* CYDEV_CLK_IMO_CONFIG Starting address: CYDEV_CLK_IMO_CONFIG */
 165:.\Generated_Source\PSoC4/cyfitter_cfg.c **** 	CY_SET_XTND_REG32((void CYFAR *)(CYREG_CLK_IMO_CONFIG), 0x80000000u);
  87              		.loc 1 165 0
  88 002e 8022     		mov	r2, #128
  89 0030 1206     		lsl	r2, r2, #24
  90 0032 104B     		ldr	r3, .L3+24
  91 0034 1A60     		str	r2, [r3]
 166:.\Generated_Source\PSoC4/cyfitter_cfg.c **** 
 167:.\Generated_Source\PSoC4/cyfitter_cfg.c **** 	/* CYDEV_CLK_SELECT Starting address: CYDEV_CLK_SELECT */
 168:.\Generated_Source\PSoC4/cyfitter_cfg.c **** 	CY_SET_XTND_REG32((void CYFAR *)(CYREG_CLK_SELECT), 0x00000000u);
  92              		.loc 1 168 0
  93 0036 0025     		mov	r5, #0
  94 0038 2560     		str	r5, [r4]
 169:.\Generated_Source\PSoC4/cyfitter_cfg.c **** 
 170:.\Generated_Source\PSoC4/cyfitter_cfg.c **** 	/* CYDEV_CLK_DIVIDER_A00 Starting address: CYDEV_CLK_DIVIDER_A00 */
 171:.\Generated_Source\PSoC4/cyfitter_cfg.c **** 	CY_SET_XTND_REG32((void CYFAR *)(CYREG_CLK_DIVIDER_A00), 0x800000CFu);
  95              		.loc 1 171 0
  96 003a 0F4A     		ldr	r2, .L3+28
  97 003c 0F4B     		ldr	r3, .L3+32
  98 003e 1A60     		str	r2, [r3]
 172:.\Generated_Source\PSoC4/cyfitter_cfg.c **** 
 173:.\Generated_Source\PSoC4/cyfitter_cfg.c **** 	/* CYDEV_CLK_DIVIDER_B00 Starting address: CYDEV_CLK_DIVIDER_B00 */
 174:.\Generated_Source\PSoC4/cyfitter_cfg.c **** 	CY_SET_XTND_REG32((void CYFAR *)(CYREG_CLK_DIVIDER_B00), 0x80005DBFu);
  99              		.loc 1 174 0
 100 0040 0F4A     		ldr	r2, .L3+36
 101 0042 104B     		ldr	r3, .L3+40
 102 0044 1A60     		str	r2, [r3]
 175:.\Generated_Source\PSoC4/cyfitter_cfg.c **** 
 176:.\Generated_Source\PSoC4/cyfitter_cfg.c **** 	(void)CyIntSetVector(9u, &CySysWdtIsr);
 103              		.loc 1 176 0
 104 0046 0920     		mov	r0, #9
 105 0048 0F49     		ldr	r1, .L3+44
 106 004a FFF7FEFF 		bl	CyIntSetVector
 107              	.LVL4:
 177:.\Generated_Source\PSoC4/cyfitter_cfg.c **** 	CyIntEnable(9u);
 108              		.loc 1 177 0
ARM GAS  C:\Users\Petro\AppData\Local\Temp\ccAfUlR5.s 			page 6


 109 004e 0920     		mov	r0, #9
 110 0050 FFF7FEFF 		bl	CyIntEnable
 111              	.LVL5:
 178:.\Generated_Source\PSoC4/cyfitter_cfg.c **** 	CY_SET_XTND_REG32((void CYFAR *)(CYREG_WDT_CONFIG), 0x00000000u);
 112              		.loc 1 178 0
 113 0054 0D4B     		ldr	r3, .L3+48
 114 0056 1D60     		str	r5, [r3]
 179:.\Generated_Source\PSoC4/cyfitter_cfg.c **** }
 115              		.loc 1 179 0
 116              		@ sp needed
 117 0058 38BD     		pop	{r3, r4, r5, pc}
 118              	.L4:
 119 005a C046     		.align	2
 120              	.L3:
 121 005c 00010B40 		.word	1074462976
 122 0060 FFFFFBFF 		.word	-262145
 123 0064 06000080 		.word	-2147483642
 124 0068 04010B40 		.word	1074462980
 125 006c 0C020240 		.word	1073873420
 126 0070 20020240 		.word	1073873440
 127 0074 08010B40 		.word	1074462984
 128 0078 CF000080 		.word	-2147483441
 129 007c 00000240 		.word	1073872896
 130 0080 BF5D0080 		.word	-2147459649
 131 0084 40000240 		.word	1073872960
 132 0088 00000000 		.word	CySysWdtIsr
 133 008c 0C020B40 		.word	1074463244
 134              		.cfi_endproc
 135              	.LFE3:
 136              		.size	ClockSetup, .-ClockSetup
 137              		.align	2
 138              		.global	cyfitter_cfg
 139              		.code	16
 140              		.thumb_func
 141              		.type	cyfitter_cfg, %function
 142              	cyfitter_cfg:
 143              	.LFB5:
 180:.\Generated_Source\PSoC4/cyfitter_cfg.c **** 
 181:.\Generated_Source\PSoC4/cyfitter_cfg.c **** 
 182:.\Generated_Source\PSoC4/cyfitter_cfg.c **** /* Analog API Functions */
 183:.\Generated_Source\PSoC4/cyfitter_cfg.c **** 
 184:.\Generated_Source\PSoC4/cyfitter_cfg.c **** 
 185:.\Generated_Source\PSoC4/cyfitter_cfg.c **** /*******************************************************************************
 186:.\Generated_Source\PSoC4/cyfitter_cfg.c **** * Function Name: AnalogSetDefault
 187:.\Generated_Source\PSoC4/cyfitter_cfg.c **** ********************************************************************************
 188:.\Generated_Source\PSoC4/cyfitter_cfg.c **** *
 189:.\Generated_Source\PSoC4/cyfitter_cfg.c **** * Summary:
 190:.\Generated_Source\PSoC4/cyfitter_cfg.c **** *  Sets up the analog portions of the chip to default values based on chip
 191:.\Generated_Source\PSoC4/cyfitter_cfg.c **** *  configuration options from the project.
 192:.\Generated_Source\PSoC4/cyfitter_cfg.c **** *
 193:.\Generated_Source\PSoC4/cyfitter_cfg.c **** * Parameters:
 194:.\Generated_Source\PSoC4/cyfitter_cfg.c **** *  void
 195:.\Generated_Source\PSoC4/cyfitter_cfg.c **** *
 196:.\Generated_Source\PSoC4/cyfitter_cfg.c **** * Return:
 197:.\Generated_Source\PSoC4/cyfitter_cfg.c **** *  void
 198:.\Generated_Source\PSoC4/cyfitter_cfg.c **** *
 199:.\Generated_Source\PSoC4/cyfitter_cfg.c **** *******************************************************************************/
ARM GAS  C:\Users\Petro\AppData\Local\Temp\ccAfUlR5.s 			page 7


 200:.\Generated_Source\PSoC4/cyfitter_cfg.c **** static void AnalogSetDefault(void);
 201:.\Generated_Source\PSoC4/cyfitter_cfg.c **** static void AnalogSetDefault(void)
 202:.\Generated_Source\PSoC4/cyfitter_cfg.c **** {
 203:.\Generated_Source\PSoC4/cyfitter_cfg.c **** }
 204:.\Generated_Source\PSoC4/cyfitter_cfg.c **** 
 205:.\Generated_Source\PSoC4/cyfitter_cfg.c **** #define CY_AMUX_UNUSED CYREG_CM0_ROM_DWT
 206:.\Generated_Source\PSoC4/cyfitter_cfg.c **** 
 207:.\Generated_Source\PSoC4/cyfitter_cfg.c **** 
 208:.\Generated_Source\PSoC4/cyfitter_cfg.c **** /*******************************************************************************
 209:.\Generated_Source\PSoC4/cyfitter_cfg.c **** * Function Name: cyfitter_cfg
 210:.\Generated_Source\PSoC4/cyfitter_cfg.c **** ********************************************************************************
 211:.\Generated_Source\PSoC4/cyfitter_cfg.c **** * Summary:
 212:.\Generated_Source\PSoC4/cyfitter_cfg.c **** *  This function is called by the start-up code for the selected device. It
 213:.\Generated_Source\PSoC4/cyfitter_cfg.c **** *  performs all of the necessary device configuration based on the design
 214:.\Generated_Source\PSoC4/cyfitter_cfg.c **** *  settings.  This includes settings from the Design Wide Resources (DWR) such
 215:.\Generated_Source\PSoC4/cyfitter_cfg.c **** *  as Clocks and Pins as well as any component configuration that is necessary.
 216:.\Generated_Source\PSoC4/cyfitter_cfg.c **** *
 217:.\Generated_Source\PSoC4/cyfitter_cfg.c **** * Parameters:  
 218:.\Generated_Source\PSoC4/cyfitter_cfg.c **** *   void
 219:.\Generated_Source\PSoC4/cyfitter_cfg.c **** *
 220:.\Generated_Source\PSoC4/cyfitter_cfg.c **** * Return:
 221:.\Generated_Source\PSoC4/cyfitter_cfg.c **** *   void
 222:.\Generated_Source\PSoC4/cyfitter_cfg.c **** *
 223:.\Generated_Source\PSoC4/cyfitter_cfg.c **** *******************************************************************************/
 224:.\Generated_Source\PSoC4/cyfitter_cfg.c **** CY_CFG_SECTION
 225:.\Generated_Source\PSoC4/cyfitter_cfg.c **** void cyfitter_cfg(void)
 226:.\Generated_Source\PSoC4/cyfitter_cfg.c **** {
 144              		.loc 1 226 0
 145              		.cfi_startproc
 146 0090 10B5     		push	{r4, lr}
 147              		.cfi_def_cfa_offset 8
 148              		.cfi_offset 4, -8
 149              		.cfi_offset 14, -4
 227:.\Generated_Source\PSoC4/cyfitter_cfg.c **** 	/* Disable interrupts by default. Let user enable if/when they want. */
 228:.\Generated_Source\PSoC4/cyfitter_cfg.c **** 	CyGlobalIntDisable;
 150              		.loc 1 228 0
 151              	@ 228 ".\Generated_Source\PSoC4\cyfitter_cfg.c" 1
 152 0092 72B6     		CPSID   i
 153              	@ 0 "" 2
 154              	.LVL6:
 155              		.code	16
 156              	.LBB2:
 229:.\Generated_Source\PSoC4/cyfitter_cfg.c **** 
 230:.\Generated_Source\PSoC4/cyfitter_cfg.c **** 	{
 231:.\Generated_Source\PSoC4/cyfitter_cfg.c **** 
 232:.\Generated_Source\PSoC4/cyfitter_cfg.c **** 		CYPACKED typedef struct {
 233:.\Generated_Source\PSoC4/cyfitter_cfg.c **** 			void CYFAR *address;
 234:.\Generated_Source\PSoC4/cyfitter_cfg.c **** 			uint16 size;
 235:.\Generated_Source\PSoC4/cyfitter_cfg.c **** 		} CYPACKED_ATTR cfg_memset_t;
 236:.\Generated_Source\PSoC4/cyfitter_cfg.c **** 
 237:.\Generated_Source\PSoC4/cyfitter_cfg.c **** 		static const cfg_memset_t CYCODE cfg_memset_list [] = {
 238:.\Generated_Source\PSoC4/cyfitter_cfg.c **** 			/* address, size */
 239:.\Generated_Source\PSoC4/cyfitter_cfg.c **** 			{(void CYFAR *)(CYDEV_UDB_P0_U0_BASE), 1024u},
 240:.\Generated_Source\PSoC4/cyfitter_cfg.c **** 			{(void CYFAR *)(CYDEV_UDB_DSI0_BASE), 1024u},
 241:.\Generated_Source\PSoC4/cyfitter_cfg.c **** 		};
 242:.\Generated_Source\PSoC4/cyfitter_cfg.c **** 
 243:.\Generated_Source\PSoC4/cyfitter_cfg.c **** 		uint8 CYDATA i;
ARM GAS  C:\Users\Petro\AppData\Local\Temp\ccAfUlR5.s 			page 8


 244:.\Generated_Source\PSoC4/cyfitter_cfg.c **** 
 245:.\Generated_Source\PSoC4/cyfitter_cfg.c **** 		/* Zero out critical memory blocks before beginning configuration */
 246:.\Generated_Source\PSoC4/cyfitter_cfg.c **** 		for (i = 0u; i < (sizeof(cfg_memset_list)/sizeof(cfg_memset_list[0])); i++)
 157              		.loc 1 246 0
 158 0094 0024     		mov	r4, #0
 159 0096 10E0     		b	.L6
 160              	.LVL7:
 161              	.L7:
 162              	.LBB3:
 247:.\Generated_Source\PSoC4/cyfitter_cfg.c **** 		{
 248:.\Generated_Source\PSoC4/cyfitter_cfg.c **** 			const cfg_memset_t CYCODE * CYDATA ms = &cfg_memset_list[i];
 249:.\Generated_Source\PSoC4/cyfitter_cfg.c **** 			CYMEMZERO(ms->address, (size_t)(uint32)(ms->size));
 163              		.loc 1 249 0 discriminator 3
 164 0098 2A48     		ldr	r0, .L8
 165 009a 6300     		lsl	r3, r4, #1
 166 009c 1A19     		add	r2, r3, r4
 167 009e 5200     		lsl	r2, r2, #1
 168 00a0 8218     		add	r2, r0, r2
 169 00a2 9188     		ldrh	r1, [r2, #4]
 170 00a4 1B19     		add	r3, r3, r4
 171 00a6 5B00     		lsl	r3, r3, #1
 172 00a8 1A5A     		ldrh	r2, [r3, r0]
 173 00aa C318     		add	r3, r0, r3
 174 00ac 5888     		ldrh	r0, [r3, #2]
 175 00ae 0004     		lsl	r0, r0, #16
 176 00b0 1043     		orr	r0, r2
 177 00b2 FFF7FEFF 		bl	CYMEMZERO
 178              	.LVL8:
 179              	.LBE3:
 246:.\Generated_Source\PSoC4/cyfitter_cfg.c **** 		{
 180              		.loc 1 246 0 discriminator 3
 181 00b6 0134     		add	r4, r4, #1
 182              	.LVL9:
 183 00b8 E4B2     		uxtb	r4, r4
 184              	.LVL10:
 185              	.L6:
 246:.\Generated_Source\PSoC4/cyfitter_cfg.c **** 		{
 186              		.loc 1 246 0 is_stmt 0 discriminator 1
 187 00ba 012C     		cmp	r4, #1
 188 00bc ECD9     		bls	.L7
 250:.\Generated_Source\PSoC4/cyfitter_cfg.c **** 		}
 251:.\Generated_Source\PSoC4/cyfitter_cfg.c **** 
 252:.\Generated_Source\PSoC4/cyfitter_cfg.c **** 		/* HSIOM Starting address: CYDEV_HSIOM_BASE */
 253:.\Generated_Source\PSoC4/cyfitter_cfg.c **** 		CY_SET_XTND_REG32((void CYFAR *)(CYDEV_HSIOM_BASE), 0x00990000u);
 189              		.loc 1 253 0 is_stmt 1
 190 00be 9923     		mov	r3, #153
 191 00c0 1B04     		lsl	r3, r3, #16
 192 00c2 214A     		ldr	r2, .L8+4
 193 00c4 1360     		str	r3, [r2]
 254:.\Generated_Source\PSoC4/cyfitter_cfg.c **** 		CY_SET_XTND_REG32((void CYFAR *)(CYREG_HSIOM_PORT_SEL3), 0x0000EE00u);
 194              		.loc 1 254 0
 195 00c6 EE21     		mov	r1, #238
 196 00c8 0902     		lsl	r1, r1, #8
 197 00ca 204A     		ldr	r2, .L8+8
 198 00cc 1160     		str	r1, [r2]
 255:.\Generated_Source\PSoC4/cyfitter_cfg.c **** 
 256:.\Generated_Source\PSoC4/cyfitter_cfg.c **** 		/* UDB_PA_0 Starting address: CYDEV_UDB_PA0_BASE */
ARM GAS  C:\Users\Petro\AppData\Local\Temp\ccAfUlR5.s 			page 9


 257:.\Generated_Source\PSoC4/cyfitter_cfg.c **** 		CY_SET_XTND_REG32((void CYFAR *)(CYDEV_UDB_PA0_BASE), 0x00990000u);
 199              		.loc 1 257 0
 200 00ce 204A     		ldr	r2, .L8+12
 201 00d0 1360     		str	r3, [r2]
 258:.\Generated_Source\PSoC4/cyfitter_cfg.c **** 
 259:.\Generated_Source\PSoC4/cyfitter_cfg.c **** 		/* UDB_PA_1 Starting address: CYDEV_UDB_PA1_BASE */
 260:.\Generated_Source\PSoC4/cyfitter_cfg.c **** 		CY_SET_XTND_REG32((void CYFAR *)(CYDEV_UDB_PA1_BASE), 0x00990000u);
 202              		.loc 1 260 0
 203 00d2 204A     		ldr	r2, .L8+16
 204 00d4 1360     		str	r3, [r2]
 261:.\Generated_Source\PSoC4/cyfitter_cfg.c **** 
 262:.\Generated_Source\PSoC4/cyfitter_cfg.c **** 		/* UDB_PA_2 Starting address: CYDEV_UDB_PA2_BASE */
 263:.\Generated_Source\PSoC4/cyfitter_cfg.c **** 		CY_SET_XTND_REG32((void CYFAR *)(CYDEV_UDB_PA2_BASE), 0x00990000u);
 205              		.loc 1 263 0
 206 00d6 204A     		ldr	r2, .L8+20
 207 00d8 1360     		str	r3, [r2]
 264:.\Generated_Source\PSoC4/cyfitter_cfg.c **** 
 265:.\Generated_Source\PSoC4/cyfitter_cfg.c **** 		/* UDB_PA_3 Starting address: CYDEV_UDB_PA3_BASE */
 266:.\Generated_Source\PSoC4/cyfitter_cfg.c **** 		CY_SET_XTND_REG32((void CYFAR *)(CYDEV_UDB_PA3_BASE), 0x00990000u);
 208              		.loc 1 266 0
 209 00da 204A     		ldr	r2, .L8+24
 210 00dc 1360     		str	r3, [r2]
 267:.\Generated_Source\PSoC4/cyfitter_cfg.c **** 
 268:.\Generated_Source\PSoC4/cyfitter_cfg.c **** 		/* Enable digital routing */
 269:.\Generated_Source\PSoC4/cyfitter_cfg.c **** 		CY_SET_XTND_REG8((void *)CYREG_UDB_UDBIF_BANK_CTL, CY_GET_XTND_REG8((void *)CYREG_UDB_UDBIF_BANK_
 211              		.loc 1 269 0
 212 00de 204B     		ldr	r3, .L8+28
 213 00e0 1978     		ldrb	r1, [r3]
 214 00e2 0222     		mov	r2, #2
 215 00e4 0A43     		orr	r2, r1
 216 00e6 1A70     		strb	r2, [r3]
 270:.\Generated_Source\PSoC4/cyfitter_cfg.c **** 
 271:.\Generated_Source\PSoC4/cyfitter_cfg.c **** 		/* Enable UDB array */
 272:.\Generated_Source\PSoC4/cyfitter_cfg.c **** 		CY_SET_XTND_REG8((void *)CYREG_UDB_UDBIF_WAIT_CFG, (uint8)((CY_GET_XTND_REG8((void *)CYREG_UDB_UD
 217              		.loc 1 272 0
 218 00e8 1E48     		ldr	r0, .L8+32
 219 00ea 0278     		ldrb	r2, [r0]
 220 00ec 3C21     		mov	r1, #60
 221 00ee 8A43     		bic	r2, r1
 222 00f0 2839     		sub	r1, r1, #40
 223 00f2 0A43     		orr	r2, r1
 224 00f4 0270     		strb	r2, [r0]
 273:.\Generated_Source\PSoC4/cyfitter_cfg.c **** 		CY_SET_XTND_REG8((void *)CYREG_UDB_UDBIF_BANK_CTL, (uint8)(CY_GET_XTND_REG8((void *)CYREG_UDB_UDB
 225              		.loc 1 273 0
 226 00f6 1978     		ldrb	r1, [r3]
 227 00f8 1622     		mov	r2, #22
 228 00fa 0A43     		orr	r2, r1
 229 00fc 1A70     		strb	r2, [r3]
 230              	.LBE2:
 274:.\Generated_Source\PSoC4/cyfitter_cfg.c **** 	}
 275:.\Generated_Source\PSoC4/cyfitter_cfg.c **** 
 276:.\Generated_Source\PSoC4/cyfitter_cfg.c **** 	/* Perform second pass device configuration. These items must be configured in specific order afte
 277:.\Generated_Source\PSoC4/cyfitter_cfg.c **** 	/* IOPINS0_0 Starting address: CYDEV_PRT0_BASE */
 278:.\Generated_Source\PSoC4/cyfitter_cfg.c **** 	CY_SET_XTND_REG32((void CYFAR *)(CYDEV_PRT0_BASE), 0x000000A8u);
 231              		.loc 1 278 0
 232 00fe A822     		mov	r2, #168
 233 0100 194B     		ldr	r3, .L8+36
ARM GAS  C:\Users\Petro\AppData\Local\Temp\ccAfUlR5.s 			page 10


 234 0102 1A60     		str	r2, [r3]
 279:.\Generated_Source\PSoC4/cyfitter_cfg.c **** 	CY_SET_XTND_REG32((void CYFAR *)(CYREG_PRT0_PC), 0x00431C00u);
 235              		.loc 1 279 0
 236 0104 194A     		ldr	r2, .L8+40
 237 0106 1A4B     		ldr	r3, .L8+44
 238 0108 1A60     		str	r2, [r3]
 280:.\Generated_Source\PSoC4/cyfitter_cfg.c **** 	CY_SET_XTND_REG32((void CYFAR *)(CYREG_PRT0_INTCFG), 0x00008000u);
 239              		.loc 1 280 0
 240 010a 8023     		mov	r3, #128
 241 010c 1B02     		lsl	r3, r3, #8
 242 010e 194A     		ldr	r2, .L8+48
 243 0110 1360     		str	r3, [r2]
 281:.\Generated_Source\PSoC4/cyfitter_cfg.c **** 	CY_SET_XTND_REG32((void CYFAR *)(CYREG_PRT0_PC2), 0x00000020u);
 244              		.loc 1 281 0
 245 0112 2021     		mov	r1, #32
 246 0114 184A     		ldr	r2, .L8+52
 247 0116 1160     		str	r1, [r2]
 282:.\Generated_Source\PSoC4/cyfitter_cfg.c **** 
 283:.\Generated_Source\PSoC4/cyfitter_cfg.c **** 	/* IOPINS0_1 Starting address: CYDEV_PRT1_BASE */
 284:.\Generated_Source\PSoC4/cyfitter_cfg.c **** 	CY_SET_XTND_REG32((void CYFAR *)(CYDEV_PRT1_BASE), 0x00000040u);
 248              		.loc 1 284 0
 249 0118 2031     		add	r1, r1, #32
 250 011a 184A     		ldr	r2, .L8+56
 251 011c 1160     		str	r1, [r2]
 285:.\Generated_Source\PSoC4/cyfitter_cfg.c **** 	CY_SET_XTND_REG32((void CYFAR *)(CYREG_PRT1_PC), 0x00180000u);
 252              		.loc 1 285 0
 253 011e C021     		mov	r1, #192
 254 0120 4903     		lsl	r1, r1, #13
 255 0122 174A     		ldr	r2, .L8+60
 256 0124 1160     		str	r1, [r2]
 286:.\Generated_Source\PSoC4/cyfitter_cfg.c **** 
 287:.\Generated_Source\PSoC4/cyfitter_cfg.c **** 	/* IOPINS0_2 Starting address: CYDEV_PRT2_BASE */
 288:.\Generated_Source\PSoC4/cyfitter_cfg.c **** 	CY_SET_XTND_REG32((void CYFAR *)(CYREG_PRT2_PC), 0x007B6DB6u);
 257              		.loc 1 288 0
 258 0126 1749     		ldr	r1, .L8+64
 259 0128 174A     		ldr	r2, .L8+68
 260 012a 1160     		str	r1, [r2]
 289:.\Generated_Source\PSoC4/cyfitter_cfg.c **** 
 290:.\Generated_Source\PSoC4/cyfitter_cfg.c **** 	/* IOPINS0_3 Starting address: CYDEV_PRT3_BASE */
 291:.\Generated_Source\PSoC4/cyfitter_cfg.c **** 	CY_SET_XTND_REG32((void CYFAR *)(CYDEV_PRT3_BASE), 0x00000080u);
 261              		.loc 1 291 0
 262 012c 8021     		mov	r1, #128
 263 012e 174A     		ldr	r2, .L8+72
 264 0130 1160     		str	r1, [r2]
 292:.\Generated_Source\PSoC4/cyfitter_cfg.c **** 	CY_SET_XTND_REG32((void CYFAR *)(CYREG_PRT3_PC), 0x00400D80u);
 265              		.loc 1 292 0
 266 0132 1749     		ldr	r1, .L8+76
 267 0134 174A     		ldr	r2, .L8+80
 268 0136 1160     		str	r1, [r2]
 293:.\Generated_Source\PSoC4/cyfitter_cfg.c **** 	CY_SET_XTND_REG32((void CYFAR *)(CYREG_PRT3_INTCFG), 0x00008000u);
 269              		.loc 1 293 0
 270 0138 174A     		ldr	r2, .L8+84
 271 013a 1360     		str	r3, [r2]
 294:.\Generated_Source\PSoC4/cyfitter_cfg.c **** 
 295:.\Generated_Source\PSoC4/cyfitter_cfg.c **** 
 296:.\Generated_Source\PSoC4/cyfitter_cfg.c **** 	/* Setup clocks based on selections from Clock DWR */
 297:.\Generated_Source\PSoC4/cyfitter_cfg.c **** 	ClockSetup();
ARM GAS  C:\Users\Petro\AppData\Local\Temp\ccAfUlR5.s 			page 11


 272              		.loc 1 297 0
 273 013c FFF760FF 		bl	ClockSetup
 274              	.LVL11:
 298:.\Generated_Source\PSoC4/cyfitter_cfg.c **** 
 299:.\Generated_Source\PSoC4/cyfitter_cfg.c **** 	/* Perform basic analog initialization to defaults */
 300:.\Generated_Source\PSoC4/cyfitter_cfg.c **** 	AnalogSetDefault();
 301:.\Generated_Source\PSoC4/cyfitter_cfg.c **** 
 302:.\Generated_Source\PSoC4/cyfitter_cfg.c **** }
 275              		.loc 1 302 0
 276              		@ sp needed
 277              	.LVL12:
 278 0140 10BD     		pop	{r4, pc}
 279              	.L9:
 280 0142 C046     		.align	2
 281              	.L8:
 282 0144 00000000 		.word	.LANCHOR0
 283 0148 00000140 		.word	1073807360
 284 014c 0C000140 		.word	1073807372
 285 0150 00500F40 		.word	1074745344
 286 0154 10500F40 		.word	1074745360
 287 0158 20500F40 		.word	1074745376
 288 015c 30500F40 		.word	1074745392
 289 0160 00700F40 		.word	1074753536
 290 0164 01700F40 		.word	1074753537
 291 0168 00000440 		.word	1074003968
 292 016c 001C4300 		.word	4398080
 293 0170 08000440 		.word	1074003976
 294 0174 0C000440 		.word	1074003980
 295 0178 18000440 		.word	1074003992
 296 017c 00010440 		.word	1074004224
 297 0180 08010440 		.word	1074004232
 298 0184 B66D7B00 		.word	8089014
 299 0188 08020440 		.word	1074004488
 300 018c 00030440 		.word	1074004736
 301 0190 800D4000 		.word	4197760
 302 0194 08030440 		.word	1074004744
 303 0198 0C030440 		.word	1074004748
 304              		.cfi_endproc
 305              	.LFE5:
 306              		.size	cyfitter_cfg, .-cyfitter_cfg
 307              		.section	.rodata
 308              		.align	2
 309              		.set	.LANCHOR0,. + 0
 310              		.type	cfg_memset_list.4716, %object
 311              		.size	cfg_memset_list.4716, 12
 312              	cfg_memset_list.4716:
 313 0000 00300F40 		.word	1074737152
 314 0004 0004     		.short	1024
 315 0006 00400F40 		.4byte	1074741248
 316 000a 0004     		.short	1024
 317              		.text
 318              	.Letext0:
 319              		.file 2 "c:\\program files (x86)\\cypress\\psoc creator\\3.3\\psoc creator\\import\\gnu\\arm\\4.9.
 320              		.file 3 ".\\Generated_Source\\PSoC4\\cytypes.h"
 321              		.file 4 ".\\Generated_Source\\PSoC4\\CyLib.h"
 322              		.section	.debug_info,"",%progbits
 323              	.Ldebug_info0:
ARM GAS  C:\Users\Petro\AppData\Local\Temp\ccAfUlR5.s 			page 12


 324 0000 8F020000 		.4byte	0x28f
 325 0004 0400     		.2byte	0x4
 326 0006 00000000 		.4byte	.Ldebug_abbrev0
 327 000a 04       		.byte	0x4
 328 000b 01       		.uleb128 0x1
 329 000c 99010000 		.4byte	.LASF28
 330 0010 01       		.byte	0x1
 331 0011 55010000 		.4byte	.LASF29
 332 0015 4A000000 		.4byte	.LASF30
 333 0019 00000000 		.4byte	.Ldebug_ranges0+0
 334 001d 00000000 		.4byte	0
 335 0021 00000000 		.4byte	.Ldebug_line0
 336 0025 02       		.uleb128 0x2
 337 0026 04       		.byte	0x4
 338 0027 05       		.byte	0x5
 339 0028 696E7400 		.ascii	"int\000"
 340 002c 03       		.uleb128 0x3
 341 002d 06000000 		.4byte	.LASF11
 342 0031 02       		.byte	0x2
 343 0032 D4       		.byte	0xd4
 344 0033 37000000 		.4byte	0x37
 345 0037 04       		.uleb128 0x4
 346 0038 04       		.byte	0x4
 347 0039 07       		.byte	0x7
 348 003a 02010000 		.4byte	.LASF0
 349 003e 04       		.uleb128 0x4
 350 003f 01       		.byte	0x1
 351 0040 06       		.byte	0x6
 352 0041 4F020000 		.4byte	.LASF1
 353 0045 04       		.uleb128 0x4
 354 0046 01       		.byte	0x1
 355 0047 08       		.byte	0x8
 356 0048 CC000000 		.4byte	.LASF2
 357 004c 04       		.uleb128 0x4
 358 004d 02       		.byte	0x2
 359 004e 05       		.byte	0x5
 360 004f 27020000 		.4byte	.LASF3
 361 0053 04       		.uleb128 0x4
 362 0054 02       		.byte	0x2
 363 0055 07       		.byte	0x7
 364 0056 37000000 		.4byte	.LASF4
 365 005a 04       		.uleb128 0x4
 366 005b 04       		.byte	0x4
 367 005c 05       		.byte	0x5
 368 005d 46020000 		.4byte	.LASF5
 369 0061 04       		.uleb128 0x4
 370 0062 04       		.byte	0x4
 371 0063 07       		.byte	0x7
 372 0064 AA000000 		.4byte	.LASF6
 373 0068 04       		.uleb128 0x4
 374 0069 08       		.byte	0x8
 375 006a 05       		.byte	0x5
 376 006b 86010000 		.4byte	.LASF7
 377 006f 04       		.uleb128 0x4
 378 0070 08       		.byte	0x8
 379 0071 07       		.byte	0x7
 380 0072 24010000 		.4byte	.LASF8
ARM GAS  C:\Users\Petro\AppData\Local\Temp\ccAfUlR5.s 			page 13


 381 0076 04       		.uleb128 0x4
 382 0077 04       		.byte	0x4
 383 0078 07       		.byte	0x7
 384 0079 7D010000 		.4byte	.LASF9
 385 007d 05       		.uleb128 0x5
 386 007e 04       		.byte	0x4
 387 007f 06       		.uleb128 0x6
 388 0080 04       		.byte	0x4
 389 0081 85000000 		.4byte	0x85
 390 0085 07       		.uleb128 0x7
 391 0086 04       		.uleb128 0x4
 392 0087 01       		.byte	0x1
 393 0088 08       		.byte	0x8
 394 0089 94010000 		.4byte	.LASF10
 395 008d 08       		.uleb128 0x8
 396 008e BC000000 		.4byte	.LASF12
 397 0092 03       		.byte	0x3
 398 0093 3801     		.2byte	0x138
 399 0095 45000000 		.4byte	0x45
 400 0099 08       		.uleb128 0x8
 401 009a F4000000 		.4byte	.LASF13
 402 009e 03       		.byte	0x3
 403 009f 3901     		.2byte	0x139
 404 00a1 53000000 		.4byte	0x53
 405 00a5 08       		.uleb128 0x8
 406 00a6 FB000000 		.4byte	.LASF14
 407 00aa 03       		.byte	0x3
 408 00ab 3A01     		.2byte	0x13a
 409 00ad 61000000 		.4byte	0x61
 410 00b1 04       		.uleb128 0x4
 411 00b2 04       		.byte	0x4
 412 00b3 04       		.byte	0x4
 413 00b4 9A000000 		.4byte	.LASF15
 414 00b8 04       		.uleb128 0x4
 415 00b9 08       		.byte	0x8
 416 00ba 04       		.byte	0x4
 417 00bb E1000000 		.4byte	.LASF16
 418 00bf 08       		.uleb128 0x8
 419 00c0 A5000000 		.4byte	.LASF17
 420 00c4 03       		.byte	0x3
 421 00c5 E201     		.2byte	0x1e2
 422 00c7 CB000000 		.4byte	0xcb
 423 00cb 09       		.uleb128 0x9
 424 00cc 8D000000 		.4byte	0x8d
 425 00d0 08       		.uleb128 0x8
 426 00d1 00000000 		.4byte	.LASF18
 427 00d5 03       		.byte	0x3
 428 00d6 E401     		.2byte	0x1e4
 429 00d8 DC000000 		.4byte	0xdc
 430 00dc 09       		.uleb128 0x9
 431 00dd A5000000 		.4byte	0xa5
 432 00e1 08       		.uleb128 0x8
 433 00e2 3B010000 		.4byte	.LASF19
 434 00e6 03       		.byte	0x3
 435 00e7 F401     		.2byte	0x1f4
 436 00e9 7F000000 		.4byte	0x7f
 437 00ed 0A       		.uleb128 0xa
ARM GAS  C:\Users\Petro\AppData\Local\Temp\ccAfUlR5.s 			page 14


 438 00ee C2000000 		.4byte	.LASF20
 439 00f2 01       		.byte	0x1
 440 00f3 3D       		.byte	0x3d
 441 00f4 00000000 		.4byte	.LFB0
 442 00f8 0C000000 		.4byte	.LFE0-.LFB0
 443 00fc 01       		.uleb128 0x1
 444 00fd 9C       		.byte	0x9c
 445 00fe 3A010000 		.4byte	0x13a
 446 0102 0B       		.uleb128 0xb
 447 0103 7300     		.ascii	"s\000"
 448 0105 01       		.byte	0x1
 449 0106 3D       		.byte	0x3d
 450 0107 7D000000 		.4byte	0x7d
 451 010b 00000000 		.4byte	.LLST0
 452 010f 0B       		.uleb128 0xb
 453 0110 6E00     		.ascii	"n\000"
 454 0112 01       		.byte	0x1
 455 0113 3D       		.byte	0x3d
 456 0114 2C000000 		.4byte	0x2c
 457 0118 21000000 		.4byte	.LLST1
 458 011c 0C       		.uleb128 0xc
 459 011d 0A000000 		.4byte	.LVL2
 460 0121 3D020000 		.4byte	0x23d
 461 0125 0D       		.uleb128 0xd
 462 0126 01       		.uleb128 0x1
 463 0127 52       		.byte	0x52
 464 0128 03       		.uleb128 0x3
 465 0129 F3       		.byte	0xf3
 466 012a 01       		.uleb128 0x1
 467 012b 51       		.byte	0x51
 468 012c 0D       		.uleb128 0xd
 469 012d 01       		.uleb128 0x1
 470 012e 51       		.byte	0x51
 471 012f 01       		.uleb128 0x1
 472 0130 30       		.byte	0x30
 473 0131 0D       		.uleb128 0xd
 474 0132 01       		.uleb128 0x1
 475 0133 50       		.byte	0x50
 476 0134 03       		.uleb128 0x3
 477 0135 F3       		.byte	0xf3
 478 0136 01       		.uleb128 0x1
 479 0137 50       		.byte	0x50
 480 0138 00       		.byte	0
 481 0139 00       		.byte	0
 482 013a 0A       		.uleb128 0xa
 483 013b 2C000000 		.4byte	.LASF21
 484 013f 01       		.byte	0x1
 485 0140 92       		.byte	0x92
 486 0141 00000000 		.4byte	.LFB3
 487 0145 90000000 		.4byte	.LFE3-.LFB3
 488 0149 01       		.uleb128 0x1
 489 014a 9C       		.byte	0x9c
 490 014b 85010000 		.4byte	0x185
 491 014f 0E       		.uleb128 0xe
 492 0150 14000000 		.4byte	.LVL3
 493 0154 5A020000 		.4byte	0x25a
 494 0158 62010000 		.4byte	0x162
ARM GAS  C:\Users\Petro\AppData\Local\Temp\ccAfUlR5.s 			page 15


 495 015c 0D       		.uleb128 0xd
 496 015d 01       		.uleb128 0x1
 497 015e 50       		.byte	0x50
 498 015f 01       		.uleb128 0x1
 499 0160 48       		.byte	0x48
 500 0161 00       		.byte	0
 501 0162 0E       		.uleb128 0xe
 502 0163 4E000000 		.4byte	.LVL4
 503 0167 6B020000 		.4byte	0x26b
 504 016b 75010000 		.4byte	0x175
 505 016f 0D       		.uleb128 0xd
 506 0170 01       		.uleb128 0x1
 507 0171 50       		.byte	0x50
 508 0172 01       		.uleb128 0x1
 509 0173 39       		.byte	0x39
 510 0174 00       		.byte	0
 511 0175 0C       		.uleb128 0xc
 512 0176 54000000 		.4byte	.LVL5
 513 017a 85020000 		.4byte	0x285
 514 017e 0D       		.uleb128 0xd
 515 017f 01       		.uleb128 0x1
 516 0180 50       		.byte	0x50
 517 0181 01       		.uleb128 0x1
 518 0182 39       		.byte	0x39
 519 0183 00       		.byte	0
 520 0184 00       		.byte	0
 521 0185 0F       		.uleb128 0xf
 522 0186 0F010000 		.4byte	.LASF31
 523 018a 01       		.byte	0x1
 524 018b E1       		.byte	0xe1
 525 018c 90000000 		.4byte	.LFB5
 526 0190 0C010000 		.4byte	.LFE5-.LFB5
 527 0194 01       		.uleb128 0x1
 528 0195 9C       		.byte	0x9c
 529 0196 3D020000 		.4byte	0x23d
 530 019a 10       		.uleb128 0x10
 531 019b 94000000 		.4byte	.LBB2
 532 019f 6A000000 		.4byte	.LBE2-.LBB2
 533 01a3 33020000 		.4byte	0x233
 534 01a7 11       		.uleb128 0x11
 535 01a8 06       		.byte	0x6
 536 01a9 01       		.byte	0x1
 537 01aa E8       		.byte	0xe8
 538 01ab C8010000 		.4byte	0x1c8
 539 01af 12       		.uleb128 0x12
 540 01b0 1C010000 		.4byte	.LASF22
 541 01b4 01       		.byte	0x1
 542 01b5 E9       		.byte	0xe9
 543 01b6 7D000000 		.4byte	0x7d
 544 01ba 00       		.byte	0
 545 01bb 12       		.uleb128 0x12
 546 01bc A0000000 		.4byte	.LASF23
 547 01c0 01       		.byte	0x1
 548 01c1 EA       		.byte	0xea
 549 01c2 99000000 		.4byte	0x99
 550 01c6 04       		.byte	0x4
 551 01c7 00       		.byte	0
ARM GAS  C:\Users\Petro\AppData\Local\Temp\ccAfUlR5.s 			page 16


 552 01c8 03       		.uleb128 0x3
 553 01c9 48010000 		.4byte	.LASF24
 554 01cd 01       		.byte	0x1
 555 01ce EB       		.byte	0xeb
 556 01cf A7010000 		.4byte	0x1a7
 557 01d3 13       		.uleb128 0x13
 558 01d4 C8010000 		.4byte	0x1c8
 559 01d8 E3010000 		.4byte	0x1e3
 560 01dc 14       		.uleb128 0x14
 561 01dd 76000000 		.4byte	0x76
 562 01e1 01       		.byte	0x1
 563 01e2 00       		.byte	0
 564 01e3 15       		.uleb128 0x15
 565 01e4 1C000000 		.4byte	.LASF25
 566 01e8 01       		.byte	0x1
 567 01e9 ED       		.byte	0xed
 568 01ea F4010000 		.4byte	0x1f4
 569 01ee 05       		.uleb128 0x5
 570 01ef 03       		.byte	0x3
 571 01f0 00000000 		.4byte	cfg_memset_list.4716
 572 01f4 16       		.uleb128 0x16
 573 01f5 D3010000 		.4byte	0x1d3
 574 01f9 17       		.uleb128 0x17
 575 01fa 6900     		.ascii	"i\000"
 576 01fc 01       		.byte	0x1
 577 01fd F3       		.byte	0xf3
 578 01fe 8D000000 		.4byte	0x8d
 579 0202 4D000000 		.4byte	.LLST2
 580 0206 18       		.uleb128 0x18
 581 0207 98000000 		.4byte	.LBB3
 582 020b 1E000000 		.4byte	.LBE3-.LBB3
 583 020f 17       		.uleb128 0x17
 584 0210 6D7300   		.ascii	"ms\000"
 585 0213 01       		.byte	0x1
 586 0214 F8       		.byte	0xf8
 587 0215 1D020000 		.4byte	0x21d
 588 0219 77000000 		.4byte	.LLST3
 589 021d 06       		.uleb128 0x6
 590 021e 04       		.byte	0x4
 591 021f 23020000 		.4byte	0x223
 592 0223 16       		.uleb128 0x16
 593 0224 C8010000 		.4byte	0x1c8
 594 0228 19       		.uleb128 0x19
 595 0229 B6000000 		.4byte	.LVL8
 596 022d ED000000 		.4byte	0xed
 597 0231 00       		.byte	0
 598 0232 00       		.byte	0
 599 0233 19       		.uleb128 0x19
 600 0234 40010000 		.4byte	.LVL11
 601 0238 3A010000 		.4byte	0x13a
 602 023c 00       		.byte	0
 603 023d 1A       		.uleb128 0x1a
 604 023e DA000000 		.4byte	.LASF26
 605 0242 7D000000 		.4byte	0x7d
 606 0246 5A020000 		.4byte	0x25a
 607 024a 1B       		.uleb128 0x1b
 608 024b 7D000000 		.4byte	0x7d
ARM GAS  C:\Users\Petro\AppData\Local\Temp\ccAfUlR5.s 			page 17


 609 024f 1B       		.uleb128 0x1b
 610 0250 25000000 		.4byte	0x25
 611 0254 1B       		.uleb128 0x1b
 612 0255 76000000 		.4byte	0x76
 613 0259 00       		.byte	0
 614 025a 1C       		.uleb128 0x1c
 615 025b 31020000 		.4byte	.LASF27
 616 025f 04       		.byte	0x4
 617 0260 38       		.byte	0x38
 618 0261 6B020000 		.4byte	0x26b
 619 0265 1B       		.uleb128 0x1b
 620 0266 A5000000 		.4byte	0xa5
 621 026a 00       		.byte	0
 622 026b 1D       		.uleb128 0x1d
 623 026c 0D000000 		.4byte	.LASF32
 624 0270 04       		.byte	0x4
 625 0271 49       		.byte	0x49
 626 0272 E1000000 		.4byte	0xe1
 627 0276 85020000 		.4byte	0x285
 628 027a 1B       		.uleb128 0x1b
 629 027b 8D000000 		.4byte	0x8d
 630 027f 1B       		.uleb128 0x1b
 631 0280 E1000000 		.4byte	0xe1
 632 0284 00       		.byte	0
 633 0285 1E       		.uleb128 0x1e
 634 0286 E8000000 		.4byte	.LASF33
 635 028a 04       		.byte	0x4
 636 028b 4F       		.byte	0x4f
 637 028c 1B       		.uleb128 0x1b
 638 028d 8D000000 		.4byte	0x8d
 639 0291 00       		.byte	0
 640 0292 00       		.byte	0
 641              		.section	.debug_abbrev,"",%progbits
 642              	.Ldebug_abbrev0:
 643 0000 01       		.uleb128 0x1
 644 0001 11       		.uleb128 0x11
 645 0002 01       		.byte	0x1
 646 0003 25       		.uleb128 0x25
 647 0004 0E       		.uleb128 0xe
 648 0005 13       		.uleb128 0x13
 649 0006 0B       		.uleb128 0xb
 650 0007 03       		.uleb128 0x3
 651 0008 0E       		.uleb128 0xe
 652 0009 1B       		.uleb128 0x1b
 653 000a 0E       		.uleb128 0xe
 654 000b 55       		.uleb128 0x55
 655 000c 17       		.uleb128 0x17
 656 000d 11       		.uleb128 0x11
 657 000e 01       		.uleb128 0x1
 658 000f 10       		.uleb128 0x10
 659 0010 17       		.uleb128 0x17
 660 0011 00       		.byte	0
 661 0012 00       		.byte	0
 662 0013 02       		.uleb128 0x2
 663 0014 24       		.uleb128 0x24
 664 0015 00       		.byte	0
 665 0016 0B       		.uleb128 0xb
ARM GAS  C:\Users\Petro\AppData\Local\Temp\ccAfUlR5.s 			page 18


 666 0017 0B       		.uleb128 0xb
 667 0018 3E       		.uleb128 0x3e
 668 0019 0B       		.uleb128 0xb
 669 001a 03       		.uleb128 0x3
 670 001b 08       		.uleb128 0x8
 671 001c 00       		.byte	0
 672 001d 00       		.byte	0
 673 001e 03       		.uleb128 0x3
 674 001f 16       		.uleb128 0x16
 675 0020 00       		.byte	0
 676 0021 03       		.uleb128 0x3
 677 0022 0E       		.uleb128 0xe
 678 0023 3A       		.uleb128 0x3a
 679 0024 0B       		.uleb128 0xb
 680 0025 3B       		.uleb128 0x3b
 681 0026 0B       		.uleb128 0xb
 682 0027 49       		.uleb128 0x49
 683 0028 13       		.uleb128 0x13
 684 0029 00       		.byte	0
 685 002a 00       		.byte	0
 686 002b 04       		.uleb128 0x4
 687 002c 24       		.uleb128 0x24
 688 002d 00       		.byte	0
 689 002e 0B       		.uleb128 0xb
 690 002f 0B       		.uleb128 0xb
 691 0030 3E       		.uleb128 0x3e
 692 0031 0B       		.uleb128 0xb
 693 0032 03       		.uleb128 0x3
 694 0033 0E       		.uleb128 0xe
 695 0034 00       		.byte	0
 696 0035 00       		.byte	0
 697 0036 05       		.uleb128 0x5
 698 0037 0F       		.uleb128 0xf
 699 0038 00       		.byte	0
 700 0039 0B       		.uleb128 0xb
 701 003a 0B       		.uleb128 0xb
 702 003b 00       		.byte	0
 703 003c 00       		.byte	0
 704 003d 06       		.uleb128 0x6
 705 003e 0F       		.uleb128 0xf
 706 003f 00       		.byte	0
 707 0040 0B       		.uleb128 0xb
 708 0041 0B       		.uleb128 0xb
 709 0042 49       		.uleb128 0x49
 710 0043 13       		.uleb128 0x13
 711 0044 00       		.byte	0
 712 0045 00       		.byte	0
 713 0046 07       		.uleb128 0x7
 714 0047 15       		.uleb128 0x15
 715 0048 00       		.byte	0
 716 0049 27       		.uleb128 0x27
 717 004a 19       		.uleb128 0x19
 718 004b 00       		.byte	0
 719 004c 00       		.byte	0
 720 004d 08       		.uleb128 0x8
 721 004e 16       		.uleb128 0x16
 722 004f 00       		.byte	0
ARM GAS  C:\Users\Petro\AppData\Local\Temp\ccAfUlR5.s 			page 19


 723 0050 03       		.uleb128 0x3
 724 0051 0E       		.uleb128 0xe
 725 0052 3A       		.uleb128 0x3a
 726 0053 0B       		.uleb128 0xb
 727 0054 3B       		.uleb128 0x3b
 728 0055 05       		.uleb128 0x5
 729 0056 49       		.uleb128 0x49
 730 0057 13       		.uleb128 0x13
 731 0058 00       		.byte	0
 732 0059 00       		.byte	0
 733 005a 09       		.uleb128 0x9
 734 005b 35       		.uleb128 0x35
 735 005c 00       		.byte	0
 736 005d 49       		.uleb128 0x49
 737 005e 13       		.uleb128 0x13
 738 005f 00       		.byte	0
 739 0060 00       		.byte	0
 740 0061 0A       		.uleb128 0xa
 741 0062 2E       		.uleb128 0x2e
 742 0063 01       		.byte	0x1
 743 0064 03       		.uleb128 0x3
 744 0065 0E       		.uleb128 0xe
 745 0066 3A       		.uleb128 0x3a
 746 0067 0B       		.uleb128 0xb
 747 0068 3B       		.uleb128 0x3b
 748 0069 0B       		.uleb128 0xb
 749 006a 27       		.uleb128 0x27
 750 006b 19       		.uleb128 0x19
 751 006c 11       		.uleb128 0x11
 752 006d 01       		.uleb128 0x1
 753 006e 12       		.uleb128 0x12
 754 006f 06       		.uleb128 0x6
 755 0070 40       		.uleb128 0x40
 756 0071 18       		.uleb128 0x18
 757 0072 9742     		.uleb128 0x2117
 758 0074 19       		.uleb128 0x19
 759 0075 01       		.uleb128 0x1
 760 0076 13       		.uleb128 0x13
 761 0077 00       		.byte	0
 762 0078 00       		.byte	0
 763 0079 0B       		.uleb128 0xb
 764 007a 05       		.uleb128 0x5
 765 007b 00       		.byte	0
 766 007c 03       		.uleb128 0x3
 767 007d 08       		.uleb128 0x8
 768 007e 3A       		.uleb128 0x3a
 769 007f 0B       		.uleb128 0xb
 770 0080 3B       		.uleb128 0x3b
 771 0081 0B       		.uleb128 0xb
 772 0082 49       		.uleb128 0x49
 773 0083 13       		.uleb128 0x13
 774 0084 02       		.uleb128 0x2
 775 0085 17       		.uleb128 0x17
 776 0086 00       		.byte	0
 777 0087 00       		.byte	0
 778 0088 0C       		.uleb128 0xc
 779 0089 898201   		.uleb128 0x4109
ARM GAS  C:\Users\Petro\AppData\Local\Temp\ccAfUlR5.s 			page 20


 780 008c 01       		.byte	0x1
 781 008d 11       		.uleb128 0x11
 782 008e 01       		.uleb128 0x1
 783 008f 31       		.uleb128 0x31
 784 0090 13       		.uleb128 0x13
 785 0091 00       		.byte	0
 786 0092 00       		.byte	0
 787 0093 0D       		.uleb128 0xd
 788 0094 8A8201   		.uleb128 0x410a
 789 0097 00       		.byte	0
 790 0098 02       		.uleb128 0x2
 791 0099 18       		.uleb128 0x18
 792 009a 9142     		.uleb128 0x2111
 793 009c 18       		.uleb128 0x18
 794 009d 00       		.byte	0
 795 009e 00       		.byte	0
 796 009f 0E       		.uleb128 0xe
 797 00a0 898201   		.uleb128 0x4109
 798 00a3 01       		.byte	0x1
 799 00a4 11       		.uleb128 0x11
 800 00a5 01       		.uleb128 0x1
 801 00a6 31       		.uleb128 0x31
 802 00a7 13       		.uleb128 0x13
 803 00a8 01       		.uleb128 0x1
 804 00a9 13       		.uleb128 0x13
 805 00aa 00       		.byte	0
 806 00ab 00       		.byte	0
 807 00ac 0F       		.uleb128 0xf
 808 00ad 2E       		.uleb128 0x2e
 809 00ae 01       		.byte	0x1
 810 00af 3F       		.uleb128 0x3f
 811 00b0 19       		.uleb128 0x19
 812 00b1 03       		.uleb128 0x3
 813 00b2 0E       		.uleb128 0xe
 814 00b3 3A       		.uleb128 0x3a
 815 00b4 0B       		.uleb128 0xb
 816 00b5 3B       		.uleb128 0x3b
 817 00b6 0B       		.uleb128 0xb
 818 00b7 27       		.uleb128 0x27
 819 00b8 19       		.uleb128 0x19
 820 00b9 11       		.uleb128 0x11
 821 00ba 01       		.uleb128 0x1
 822 00bb 12       		.uleb128 0x12
 823 00bc 06       		.uleb128 0x6
 824 00bd 40       		.uleb128 0x40
 825 00be 18       		.uleb128 0x18
 826 00bf 9742     		.uleb128 0x2117
 827 00c1 19       		.uleb128 0x19
 828 00c2 01       		.uleb128 0x1
 829 00c3 13       		.uleb128 0x13
 830 00c4 00       		.byte	0
 831 00c5 00       		.byte	0
 832 00c6 10       		.uleb128 0x10
 833 00c7 0B       		.uleb128 0xb
 834 00c8 01       		.byte	0x1
 835 00c9 11       		.uleb128 0x11
 836 00ca 01       		.uleb128 0x1
ARM GAS  C:\Users\Petro\AppData\Local\Temp\ccAfUlR5.s 			page 21


 837 00cb 12       		.uleb128 0x12
 838 00cc 06       		.uleb128 0x6
 839 00cd 01       		.uleb128 0x1
 840 00ce 13       		.uleb128 0x13
 841 00cf 00       		.byte	0
 842 00d0 00       		.byte	0
 843 00d1 11       		.uleb128 0x11
 844 00d2 13       		.uleb128 0x13
 845 00d3 01       		.byte	0x1
 846 00d4 0B       		.uleb128 0xb
 847 00d5 0B       		.uleb128 0xb
 848 00d6 3A       		.uleb128 0x3a
 849 00d7 0B       		.uleb128 0xb
 850 00d8 3B       		.uleb128 0x3b
 851 00d9 0B       		.uleb128 0xb
 852 00da 01       		.uleb128 0x1
 853 00db 13       		.uleb128 0x13
 854 00dc 00       		.byte	0
 855 00dd 00       		.byte	0
 856 00de 12       		.uleb128 0x12
 857 00df 0D       		.uleb128 0xd
 858 00e0 00       		.byte	0
 859 00e1 03       		.uleb128 0x3
 860 00e2 0E       		.uleb128 0xe
 861 00e3 3A       		.uleb128 0x3a
 862 00e4 0B       		.uleb128 0xb
 863 00e5 3B       		.uleb128 0x3b
 864 00e6 0B       		.uleb128 0xb
 865 00e7 49       		.uleb128 0x49
 866 00e8 13       		.uleb128 0x13
 867 00e9 38       		.uleb128 0x38
 868 00ea 0B       		.uleb128 0xb
 869 00eb 00       		.byte	0
 870 00ec 00       		.byte	0
 871 00ed 13       		.uleb128 0x13
 872 00ee 01       		.uleb128 0x1
 873 00ef 01       		.byte	0x1
 874 00f0 49       		.uleb128 0x49
 875 00f1 13       		.uleb128 0x13
 876 00f2 01       		.uleb128 0x1
 877 00f3 13       		.uleb128 0x13
 878 00f4 00       		.byte	0
 879 00f5 00       		.byte	0
 880 00f6 14       		.uleb128 0x14
 881 00f7 21       		.uleb128 0x21
 882 00f8 00       		.byte	0
 883 00f9 49       		.uleb128 0x49
 884 00fa 13       		.uleb128 0x13
 885 00fb 2F       		.uleb128 0x2f
 886 00fc 0B       		.uleb128 0xb
 887 00fd 00       		.byte	0
 888 00fe 00       		.byte	0
 889 00ff 15       		.uleb128 0x15
 890 0100 34       		.uleb128 0x34
 891 0101 00       		.byte	0
 892 0102 03       		.uleb128 0x3
 893 0103 0E       		.uleb128 0xe
ARM GAS  C:\Users\Petro\AppData\Local\Temp\ccAfUlR5.s 			page 22


 894 0104 3A       		.uleb128 0x3a
 895 0105 0B       		.uleb128 0xb
 896 0106 3B       		.uleb128 0x3b
 897 0107 0B       		.uleb128 0xb
 898 0108 49       		.uleb128 0x49
 899 0109 13       		.uleb128 0x13
 900 010a 02       		.uleb128 0x2
 901 010b 18       		.uleb128 0x18
 902 010c 00       		.byte	0
 903 010d 00       		.byte	0
 904 010e 16       		.uleb128 0x16
 905 010f 26       		.uleb128 0x26
 906 0110 00       		.byte	0
 907 0111 49       		.uleb128 0x49
 908 0112 13       		.uleb128 0x13
 909 0113 00       		.byte	0
 910 0114 00       		.byte	0
 911 0115 17       		.uleb128 0x17
 912 0116 34       		.uleb128 0x34
 913 0117 00       		.byte	0
 914 0118 03       		.uleb128 0x3
 915 0119 08       		.uleb128 0x8
 916 011a 3A       		.uleb128 0x3a
 917 011b 0B       		.uleb128 0xb
 918 011c 3B       		.uleb128 0x3b
 919 011d 0B       		.uleb128 0xb
 920 011e 49       		.uleb128 0x49
 921 011f 13       		.uleb128 0x13
 922 0120 02       		.uleb128 0x2
 923 0121 17       		.uleb128 0x17
 924 0122 00       		.byte	0
 925 0123 00       		.byte	0
 926 0124 18       		.uleb128 0x18
 927 0125 0B       		.uleb128 0xb
 928 0126 01       		.byte	0x1
 929 0127 11       		.uleb128 0x11
 930 0128 01       		.uleb128 0x1
 931 0129 12       		.uleb128 0x12
 932 012a 06       		.uleb128 0x6
 933 012b 00       		.byte	0
 934 012c 00       		.byte	0
 935 012d 19       		.uleb128 0x19
 936 012e 898201   		.uleb128 0x4109
 937 0131 00       		.byte	0
 938 0132 11       		.uleb128 0x11
 939 0133 01       		.uleb128 0x1
 940 0134 31       		.uleb128 0x31
 941 0135 13       		.uleb128 0x13
 942 0136 00       		.byte	0
 943 0137 00       		.byte	0
 944 0138 1A       		.uleb128 0x1a
 945 0139 2E       		.uleb128 0x2e
 946 013a 01       		.byte	0x1
 947 013b 3F       		.uleb128 0x3f
 948 013c 19       		.uleb128 0x19
 949 013d 03       		.uleb128 0x3
 950 013e 0E       		.uleb128 0xe
ARM GAS  C:\Users\Petro\AppData\Local\Temp\ccAfUlR5.s 			page 23


 951 013f 27       		.uleb128 0x27
 952 0140 19       		.uleb128 0x19
 953 0141 49       		.uleb128 0x49
 954 0142 13       		.uleb128 0x13
 955 0143 34       		.uleb128 0x34
 956 0144 19       		.uleb128 0x19
 957 0145 3C       		.uleb128 0x3c
 958 0146 19       		.uleb128 0x19
 959 0147 01       		.uleb128 0x1
 960 0148 13       		.uleb128 0x13
 961 0149 00       		.byte	0
 962 014a 00       		.byte	0
 963 014b 1B       		.uleb128 0x1b
 964 014c 05       		.uleb128 0x5
 965 014d 00       		.byte	0
 966 014e 49       		.uleb128 0x49
 967 014f 13       		.uleb128 0x13
 968 0150 00       		.byte	0
 969 0151 00       		.byte	0
 970 0152 1C       		.uleb128 0x1c
 971 0153 2E       		.uleb128 0x2e
 972 0154 01       		.byte	0x1
 973 0155 3F       		.uleb128 0x3f
 974 0156 19       		.uleb128 0x19
 975 0157 03       		.uleb128 0x3
 976 0158 0E       		.uleb128 0xe
 977 0159 3A       		.uleb128 0x3a
 978 015a 0B       		.uleb128 0xb
 979 015b 3B       		.uleb128 0x3b
 980 015c 0B       		.uleb128 0xb
 981 015d 27       		.uleb128 0x27
 982 015e 19       		.uleb128 0x19
 983 015f 3C       		.uleb128 0x3c
 984 0160 19       		.uleb128 0x19
 985 0161 01       		.uleb128 0x1
 986 0162 13       		.uleb128 0x13
 987 0163 00       		.byte	0
 988 0164 00       		.byte	0
 989 0165 1D       		.uleb128 0x1d
 990 0166 2E       		.uleb128 0x2e
 991 0167 01       		.byte	0x1
 992 0168 3F       		.uleb128 0x3f
 993 0169 19       		.uleb128 0x19
 994 016a 03       		.uleb128 0x3
 995 016b 0E       		.uleb128 0xe
 996 016c 3A       		.uleb128 0x3a
 997 016d 0B       		.uleb128 0xb
 998 016e 3B       		.uleb128 0x3b
 999 016f 0B       		.uleb128 0xb
 1000 0170 27       		.uleb128 0x27
 1001 0171 19       		.uleb128 0x19
 1002 0172 49       		.uleb128 0x49
 1003 0173 13       		.uleb128 0x13
 1004 0174 3C       		.uleb128 0x3c
 1005 0175 19       		.uleb128 0x19
 1006 0176 01       		.uleb128 0x1
 1007 0177 13       		.uleb128 0x13
ARM GAS  C:\Users\Petro\AppData\Local\Temp\ccAfUlR5.s 			page 24


 1008 0178 00       		.byte	0
 1009 0179 00       		.byte	0
 1010 017a 1E       		.uleb128 0x1e
 1011 017b 2E       		.uleb128 0x2e
 1012 017c 01       		.byte	0x1
 1013 017d 3F       		.uleb128 0x3f
 1014 017e 19       		.uleb128 0x19
 1015 017f 03       		.uleb128 0x3
 1016 0180 0E       		.uleb128 0xe
 1017 0181 3A       		.uleb128 0x3a
 1018 0182 0B       		.uleb128 0xb
 1019 0183 3B       		.uleb128 0x3b
 1020 0184 0B       		.uleb128 0xb
 1021 0185 27       		.uleb128 0x27
 1022 0186 19       		.uleb128 0x19
 1023 0187 3C       		.uleb128 0x3c
 1024 0188 19       		.uleb128 0x19
 1025 0189 00       		.byte	0
 1026 018a 00       		.byte	0
 1027 018b 00       		.byte	0
 1028              		.section	.debug_loc,"",%progbits
 1029              	.Ldebug_loc0:
 1030              	.LLST0:
 1031 0000 00000000 		.4byte	.LVL0
 1032 0004 09000000 		.4byte	.LVL2-1
 1033 0008 0100     		.2byte	0x1
 1034 000a 50       		.byte	0x50
 1035 000b 09000000 		.4byte	.LVL2-1
 1036 000f 0C000000 		.4byte	.LFE0
 1037 0013 0400     		.2byte	0x4
 1038 0015 F3       		.byte	0xf3
 1039 0016 01       		.uleb128 0x1
 1040 0017 50       		.byte	0x50
 1041 0018 9F       		.byte	0x9f
 1042 0019 00000000 		.4byte	0
 1043 001d 00000000 		.4byte	0
 1044              	.LLST1:
 1045 0021 00000000 		.4byte	.LVL0
 1046 0025 06000000 		.4byte	.LVL1
 1047 0029 0100     		.2byte	0x1
 1048 002b 51       		.byte	0x51
 1049 002c 06000000 		.4byte	.LVL1
 1050 0030 09000000 		.4byte	.LVL2-1
 1051 0034 0100     		.2byte	0x1
 1052 0036 52       		.byte	0x52
 1053 0037 09000000 		.4byte	.LVL2-1
 1054 003b 0C000000 		.4byte	.LFE0
 1055 003f 0400     		.2byte	0x4
 1056 0041 F3       		.byte	0xf3
 1057 0042 01       		.uleb128 0x1
 1058 0043 51       		.byte	0x51
 1059 0044 9F       		.byte	0x9f
 1060 0045 00000000 		.4byte	0
 1061 0049 00000000 		.4byte	0
 1062              	.LLST2:
 1063 004d 94000000 		.4byte	.LVL6
 1064 0051 98000000 		.4byte	.LVL7
ARM GAS  C:\Users\Petro\AppData\Local\Temp\ccAfUlR5.s 			page 25


 1065 0055 0200     		.2byte	0x2
 1066 0057 30       		.byte	0x30
 1067 0058 9F       		.byte	0x9f
 1068 0059 98000000 		.4byte	.LVL7
 1069 005d B8000000 		.4byte	.LVL9
 1070 0061 0100     		.2byte	0x1
 1071 0063 54       		.byte	0x54
 1072 0064 BA000000 		.4byte	.LVL10
 1073 0068 40010000 		.4byte	.LVL12
 1074 006c 0100     		.2byte	0x1
 1075 006e 54       		.byte	0x54
 1076 006f 00000000 		.4byte	0
 1077 0073 00000000 		.4byte	0
 1078              	.LLST3:
 1079 0077 98000000 		.4byte	.LVL7
 1080 007b B8000000 		.4byte	.LVL9
 1081 007f 0B00     		.2byte	0xb
 1082 0081 74       		.byte	0x74
 1083 0082 00       		.sleb128 0
 1084 0083 36       		.byte	0x36
 1085 0084 1E       		.byte	0x1e
 1086 0085 03       		.byte	0x3
 1087 0086 00000000 		.4byte	cfg_memset_list.4716
 1088 008a 22       		.byte	0x22
 1089 008b 9F       		.byte	0x9f
 1090 008c B8000000 		.4byte	.LVL9
 1091 0090 BA000000 		.4byte	.LVL10
 1092 0094 0B00     		.2byte	0xb
 1093 0096 74       		.byte	0x74
 1094 0097 7F       		.sleb128 -1
 1095 0098 36       		.byte	0x36
 1096 0099 1E       		.byte	0x1e
 1097 009a 03       		.byte	0x3
 1098 009b 00000000 		.4byte	cfg_memset_list.4716
 1099 009f 22       		.byte	0x22
 1100 00a0 9F       		.byte	0x9f
 1101 00a1 00000000 		.4byte	0
 1102 00a5 00000000 		.4byte	0
 1103              		.section	.debug_aranges,"",%progbits
 1104 0000 2C000000 		.4byte	0x2c
 1105 0004 0200     		.2byte	0x2
 1106 0006 00000000 		.4byte	.Ldebug_info0
 1107 000a 04       		.byte	0x4
 1108 000b 00       		.byte	0
 1109 000c 0000     		.2byte	0
 1110 000e 0000     		.2byte	0
 1111 0010 00000000 		.4byte	.LFB0
 1112 0014 0C000000 		.4byte	.LFE0-.LFB0
 1113 0018 00000000 		.4byte	.LFB3
 1114 001c 90000000 		.4byte	.LFE3-.LFB3
 1115 0020 90000000 		.4byte	.LFB5
 1116 0024 0C010000 		.4byte	.LFE5-.LFB5
 1117 0028 00000000 		.4byte	0
 1118 002c 00000000 		.4byte	0
 1119              		.section	.debug_ranges,"",%progbits
 1120              	.Ldebug_ranges0:
 1121 0000 00000000 		.4byte	.LFB0
ARM GAS  C:\Users\Petro\AppData\Local\Temp\ccAfUlR5.s 			page 26


 1122 0004 0C000000 		.4byte	.LFE0
 1123 0008 00000000 		.4byte	.LFB3
 1124 000c 90000000 		.4byte	.LFE3
 1125 0010 90000000 		.4byte	.LFB5
 1126 0014 9C010000 		.4byte	.LFE5
 1127 0018 00000000 		.4byte	0
 1128 001c 00000000 		.4byte	0
 1129              		.section	.debug_line,"",%progbits
 1130              	.Ldebug_line0:
 1131 0000 3B010000 		.section	.debug_str,"MS",%progbits,1
 1131      0200D800 
 1131      00000201 
 1131      FB0E0D00 
 1131      01010101 
 1132              	.LASF18:
 1133 0000 72656733 		.ascii	"reg32\000"
 1133      3200
 1134              	.LASF11:
 1135 0006 73697A65 		.ascii	"size_t\000"
 1135      5F7400
 1136              	.LASF32:
 1137 000d 4379496E 		.ascii	"CyIntSetVector\000"
 1137      74536574 
 1137      56656374 
 1137      6F7200
 1138              	.LASF25:
 1139 001c 6366675F 		.ascii	"cfg_memset_list\000"
 1139      6D656D73 
 1139      65745F6C 
 1139      69737400 
 1140              	.LASF21:
 1141 002c 436C6F63 		.ascii	"ClockSetup\000"
 1141      6B536574 
 1141      757000
 1142              	.LASF4:
 1143 0037 73686F72 		.ascii	"short unsigned int\000"
 1143      7420756E 
 1143      7369676E 
 1143      65642069 
 1143      6E7400
 1144              	.LASF30:
 1145 004a 443A5C43 		.ascii	"D:\\Cypress\\system-start-finish\\fw\\start\\sandbo"
 1145      79707265 
 1145      73735C73 
 1145      79737465 
 1145      6D2D7374 
 1146 0078 785C576F 		.ascii	"x\\Workspace_start_1\\Start01.cydsn\000"
 1146      726B7370 
 1146      6163655F 
 1146      73746172 
 1146      745F315C 
 1147              	.LASF15:
 1148 009a 666C6F61 		.ascii	"float\000"
 1148      7400
 1149              	.LASF23:
 1150 00a0 73697A65 		.ascii	"size\000"
 1150      00
ARM GAS  C:\Users\Petro\AppData\Local\Temp\ccAfUlR5.s 			page 27


 1151              	.LASF17:
 1152 00a5 72656738 		.ascii	"reg8\000"
 1152      00
 1153              	.LASF6:
 1154 00aa 6C6F6E67 		.ascii	"long unsigned int\000"
 1154      20756E73 
 1154      69676E65 
 1154      6420696E 
 1154      7400
 1155              	.LASF12:
 1156 00bc 75696E74 		.ascii	"uint8\000"
 1156      3800
 1157              	.LASF20:
 1158 00c2 43594D45 		.ascii	"CYMEMZERO\000"
 1158      4D5A4552 
 1158      4F00
 1159              	.LASF2:
 1160 00cc 756E7369 		.ascii	"unsigned char\000"
 1160      676E6564 
 1160      20636861 
 1160      7200
 1161              	.LASF26:
 1162 00da 6D656D73 		.ascii	"memset\000"
 1162      657400
 1163              	.LASF16:
 1164 00e1 646F7562 		.ascii	"double\000"
 1164      6C6500
 1165              	.LASF33:
 1166 00e8 4379496E 		.ascii	"CyIntEnable\000"
 1166      74456E61 
 1166      626C6500 
 1167              	.LASF13:
 1168 00f4 75696E74 		.ascii	"uint16\000"
 1168      313600
 1169              	.LASF14:
 1170 00fb 75696E74 		.ascii	"uint32\000"
 1170      333200
 1171              	.LASF0:
 1172 0102 756E7369 		.ascii	"unsigned int\000"
 1172      676E6564 
 1172      20696E74 
 1172      00
 1173              	.LASF31:
 1174 010f 63796669 		.ascii	"cyfitter_cfg\000"
 1174      74746572 
 1174      5F636667 
 1174      00
 1175              	.LASF22:
 1176 011c 61646472 		.ascii	"address\000"
 1176      65737300 
 1177              	.LASF8:
 1178 0124 6C6F6E67 		.ascii	"long long unsigned int\000"
 1178      206C6F6E 
 1178      6720756E 
 1178      7369676E 
 1178      65642069 
 1179              	.LASF19:
ARM GAS  C:\Users\Petro\AppData\Local\Temp\ccAfUlR5.s 			page 28


 1180 013b 63796973 		.ascii	"cyisraddress\000"
 1180      72616464 
 1180      72657373 
 1180      00
 1181              	.LASF24:
 1182 0148 6366675F 		.ascii	"cfg_memset_t\000"
 1182      6D656D73 
 1182      65745F74 
 1182      00
 1183              	.LASF29:
 1184 0155 2E5C4765 		.ascii	".\\Generated_Source\\PSoC4\\cyfitter_cfg.c\000"
 1184      6E657261 
 1184      7465645F 
 1184      536F7572 
 1184      63655C50 
 1185              	.LASF9:
 1186 017d 73697A65 		.ascii	"sizetype\000"
 1186      74797065 
 1186      00
 1187              	.LASF7:
 1188 0186 6C6F6E67 		.ascii	"long long int\000"
 1188      206C6F6E 
 1188      6720696E 
 1188      7400
 1189              	.LASF10:
 1190 0194 63686172 		.ascii	"char\000"
 1190      00
 1191              	.LASF28:
 1192 0199 474E5520 		.ascii	"GNU C 4.9.3 20150303 (release) [ARM/embedded-4_9-br"
 1192      4320342E 
 1192      392E3320 
 1192      32303135 
 1192      30333033 
 1193 01cc 616E6368 		.ascii	"anch revision 221220] -mcpu=cortex-m0 -mthumb -g -O"
 1193      20726576 
 1193      6973696F 
 1193      6E203232 
 1193      31323230 
 1194 01ff 67202D66 		.ascii	"g -ffunction-sections -ffat-lto-objects\000"
 1194      66756E63 
 1194      74696F6E 
 1194      2D736563 
 1194      74696F6E 
 1195              	.LASF3:
 1196 0227 73686F72 		.ascii	"short int\000"
 1196      7420696E 
 1196      7400
 1197              	.LASF27:
 1198 0231 43795379 		.ascii	"CySysClkWriteImoFreq\000"
 1198      73436C6B 
 1198      57726974 
 1198      65496D6F 
 1198      46726571 
 1199              	.LASF5:
 1200 0246 6C6F6E67 		.ascii	"long int\000"
 1200      20696E74 
 1200      00
ARM GAS  C:\Users\Petro\AppData\Local\Temp\ccAfUlR5.s 			page 29


 1201              	.LASF1:
 1202 024f 7369676E 		.ascii	"signed char\000"
 1202      65642063 
 1202      68617200 
 1203              		.ident	"GCC: (GNU Tools for ARM Embedded Processors) 4.9.3 20150303 (release) [ARM/embedded-4_9-br
