ARM GAS  C:\Users\Petro\AppData\Local\Temp\ccgfkk1G.s 			page 1


   1              		.cpu cortex-m0
   2              		.fpu softvfp
   3              		.eabi_attribute 20, 1
   4              		.eabi_attribute 21, 1
   5              		.eabi_attribute 23, 3
   6              		.eabi_attribute 24, 1
   7              		.eabi_attribute 25, 1
   8              		.eabi_attribute 26, 1
   9              		.eabi_attribute 30, 1
  10              		.eabi_attribute 34, 0
  11              		.eabi_attribute 18, 4
  12              		.code	16
  13              		.file	"main.c"
  14              		.text
  15              	.Ltext0:
  16              		.cfi_sections	.debug_frame
  17              		.section	.text.startHandler,"ax",%progbits
  18              		.align	2
  19              		.global	startHandler
  20              		.code	16
  21              		.thumb_func
  22              		.type	startHandler, %function
  23              	startHandler:
  24              	.LFB34:
  25              		.file 1 ".\\main.c"
   1:.\main.c      **** #include <project.h>
   2:.\main.c      **** #include <stdio.h>      //include for sprintf
   3:.\main.c      **** #define MAXSKIER 9     //max number skier
   4:.\main.c      **** 
   5:.\main.c      **** void led_indication(void);
   6:.\main.c      **** void display_indication(void);
   7:.\main.c      **** 
   8:.\main.c      **** typedef enum {false, true} bool;
   9:.\main.c      **** bool startPress = false,cancelPress = false;    //flags for press button
  10:.\main.c      **** uint32_t skier = 0;      //number sportsmen in distance
  11:.\main.c      **** 
  12:.\main.c      **** CY_ISR(startHandler)        //interrupt for start button
  13:.\main.c      **** {
  26              		.loc 1 13 0
  27              		.cfi_startproc
  28 0000 10B5     		push	{r4, lr}
  29              		.cfi_def_cfa_offset 8
  30              		.cfi_offset 4, -8
  31              		.cfi_offset 14, -4
  14:.\main.c      ****     if(skier < MAXSKIER){
  32              		.loc 1 14 0
  33 0002 0B4B     		ldr	r3, .L3
  34 0004 1B68     		ldr	r3, [r3]
  35 0006 082B     		cmp	r3, #8
  36 0008 0BD8     		bhi	.L2
  15:.\main.c      ****         skier++;
  37              		.loc 1 15 0
  38 000a 094C     		ldr	r4, .L3
  39 000c 0133     		add	r3, r3, #1
  40 000e 2360     		str	r3, [r4]
  16:.\main.c      ****         xbee_UartPutChar('s');      //simbol start
  41              		.loc 1 16 0
ARM GAS  C:\Users\Petro\AppData\Local\Temp\ccgfkk1G.s 			page 2


  42 0010 7320     		mov	r0, #115
  43 0012 FFF7FEFF 		bl	xbee_SpiUartWriteTxData
  44              	.LVL0:
  17:.\main.c      ****         xbee_UartPutChar(skier+'0');  //number sportsmen   
  45              		.loc 1 17 0
  46 0016 2068     		ldr	r0, [r4]
  47 0018 3030     		add	r0, r0, #48
  48 001a FFF7FEFF 		bl	xbee_SpiUartWriteTxData
  49              	.LVL1:
  18:.\main.c      ****         //test---
  19:.\main.c      ****         //wired_Write(1);
  20:.\main.c      ****         //CyDelay(1);
  21:.\main.c      ****         //wired_Write(0);
  22:.\main.c      ****         //test---
  23:.\main.c      ****         startPress = true;
  50              		.loc 1 23 0
  51 001e 0123     		mov	r3, #1
  52 0020 2371     		strb	r3, [r4, #4]
  53              	.L2:
  24:.\main.c      ****     }
  25:.\main.c      ****     CyDelay(10);
  54              		.loc 1 25 0
  55 0022 0A20     		mov	r0, #10
  56 0024 FFF7FEFF 		bl	CyDelay
  57              	.LVL2:
  26:.\main.c      ****     start_ClearInterrupt(); 
  58              		.loc 1 26 0
  59 0028 FFF7FEFF 		bl	start_ClearInterrupt
  60              	.LVL3:
  27:.\main.c      **** }
  61              		.loc 1 27 0
  62              		@ sp needed
  63 002c 10BD     		pop	{r4, pc}
  64              	.L4:
  65 002e C046     		.align	2
  66              	.L3:
  67 0030 00000000 		.word	.LANCHOR0
  68              		.cfi_endproc
  69              	.LFE34:
  70              		.size	startHandler, .-startHandler
  71              		.section	.text.cancelHandler,"ax",%progbits
  72              		.align	2
  73              		.global	cancelHandler
  74              		.code	16
  75              		.thumb_func
  76              		.type	cancelHandler, %function
  77              	cancelHandler:
  78              	.LFB35:
  28:.\main.c      **** 
  29:.\main.c      **** CY_ISR(cancelHandler)       //interrupt for cancel button
  30:.\main.c      **** {
  79              		.loc 1 30 0
  80              		.cfi_startproc
  81 0000 10B5     		push	{r4, lr}
  82              		.cfi_def_cfa_offset 8
  83              		.cfi_offset 4, -8
  84              		.cfi_offset 14, -4
ARM GAS  C:\Users\Petro\AppData\Local\Temp\ccgfkk1G.s 			page 3


  31:.\main.c      ****     if(skier){
  85              		.loc 1 31 0
  86 0002 0B4B     		ldr	r3, .L7
  87 0004 1B68     		ldr	r3, [r3]
  88 0006 002B     		cmp	r3, #0
  89 0008 0CD0     		beq	.L6
  32:.\main.c      ****         xbee_UartPutString("c\0");      //simbol cancel
  90              		.loc 1 32 0
  91 000a 0A48     		ldr	r0, .L7+4
  92 000c FFF7FEFF 		bl	xbee_UartPutString
  93              	.LVL4:
  33:.\main.c      ****         xbee_UartPutChar(skier+'0');  //number sportsmen
  94              		.loc 1 33 0
  95 0010 074C     		ldr	r4, .L7
  96 0012 2068     		ldr	r0, [r4]
  97 0014 3030     		add	r0, r0, #48
  98 0016 FFF7FEFF 		bl	xbee_SpiUartWriteTxData
  99              	.LVL5:
  34:.\main.c      ****         skier--;
 100              		.loc 1 34 0
 101 001a 2368     		ldr	r3, [r4]
 102 001c 013B     		sub	r3, r3, #1
 103 001e 2360     		str	r3, [r4]
  35:.\main.c      ****         cancelPress = true;
 104              		.loc 1 35 0
 105 0020 0123     		mov	r3, #1
 106 0022 6371     		strb	r3, [r4, #5]
 107              	.L6:
  36:.\main.c      ****     }
  37:.\main.c      ****     CyDelay(10);
 108              		.loc 1 37 0
 109 0024 0A20     		mov	r0, #10
 110 0026 FFF7FEFF 		bl	CyDelay
 111              	.LVL6:
  38:.\main.c      ****     cancel_ClearInterrupt();
 112              		.loc 1 38 0
 113 002a FFF7FEFF 		bl	cancel_ClearInterrupt
 114              	.LVL7:
  39:.\main.c      **** }
 115              		.loc 1 39 0
 116              		@ sp needed
 117 002e 10BD     		pop	{r4, pc}
 118              	.L8:
 119              		.align	2
 120              	.L7:
 121 0030 00000000 		.word	.LANCHOR0
 122 0034 00000000 		.word	.LANCHOR1
 123              		.cfi_endproc
 124              	.LFE35:
 125              		.size	cancelHandler, .-cancelHandler
 126              		.section	.text.isrHandler,"ax",%progbits
 127              		.align	2
 128              		.global	isrHandler
 129              		.code	16
 130              		.thumb_func
 131              		.type	isrHandler, %function
 132              	isrHandler:
ARM GAS  C:\Users\Petro\AppData\Local\Temp\ccgfkk1G.s 			page 4


 133              	.LFB36:
  40:.\main.c      **** 
  41:.\main.c      **** CY_ISR(isrHandler)      //interrupt for blink blue led
  42:.\main.c      **** {
 134              		.loc 1 42 0
 135              		.cfi_startproc
 136 0000 08B5     		push	{r3, lr}
 137              		.cfi_def_cfa_offset 8
 138              		.cfi_offset 3, -8
 139              		.cfi_offset 14, -4
  43:.\main.c      ****     led_blue_Write(0);
 140              		.loc 1 43 0
 141 0002 0020     		mov	r0, #0
 142 0004 FFF7FEFF 		bl	led_blue_Write
 143              	.LVL8:
  44:.\main.c      ****     CyDelay(5);
 144              		.loc 1 44 0
 145 0008 0520     		mov	r0, #5
 146 000a FFF7FEFF 		bl	CyDelay
 147              	.LVL9:
  45:.\main.c      ****     timer_ClearInterrupt(timer_INTR_MASK_CC_MATCH);
 148              		.loc 1 45 0
 149 000e 0220     		mov	r0, #2
 150 0010 FFF7FEFF 		bl	timer_ClearInterrupt
 151              	.LVL10:
  46:.\main.c      **** }
 152              		.loc 1 46 0
 153              		@ sp needed
 154 0014 08BD     		pop	{r3, pc}
 155              		.cfi_endproc
 156              	.LFE36:
 157              		.size	isrHandler, .-isrHandler
 158 0016 C046     		.section	.text.led_indication,"ax",%progbits
 159              		.align	2
 160              		.global	led_indication
 161              		.code	16
 162              		.thumb_func
 163              		.type	led_indication, %function
 164              	led_indication:
 165              	.LFB38:
  47:.\main.c      **** 
  48:.\main.c      **** 
  49:.\main.c      **** int main(void)
  50:.\main.c      **** {
  51:.\main.c      ****     CyGlobalIntEnable;    
  52:.\main.c      ****     xbee_Start();                       //start uart for xbee
  53:.\main.c      ****     display_Start();                    //start lcd display
  54:.\main.c      ****         
  55:.\main.c      ****     isr_StartEx(isrHandler);            //interrupt for blink led
  56:.\main.c      ****     int_start_StartEx(startHandler);    //interrupt start button
  57:.\main.c      ****     int_cancel_StartEx(cancelHandler);  //interrupt cancel button
  58:.\main.c      ****     
  59:.\main.c      ****     while(1)
  60:.\main.c      ****     {  
  61:.\main.c      ****         led_indication();
  62:.\main.c      ****         display_indication();
  63:.\main.c      ****     }
ARM GAS  C:\Users\Petro\AppData\Local\Temp\ccgfkk1G.s 			page 5


  64:.\main.c      **** }
  65:.\main.c      **** 
  66:.\main.c      **** 
  67:.\main.c      **** void led_indication()
  68:.\main.c      **** {
 166              		.loc 1 68 0
 167              		.cfi_startproc
 168 0000 10B5     		push	{r4, lr}
 169              		.cfi_def_cfa_offset 8
 170              		.cfi_offset 4, -8
 171              		.cfi_offset 14, -4
  69:.\main.c      ****     int i;
  70:.\main.c      ****     
  71:.\main.c      ****     if(skier)timer_Start();   //start blinc led if number spotrsmen >0
 172              		.loc 1 71 0
 173 0002 1E4B     		ldr	r3, .L21
 174 0004 1B68     		ldr	r3, [r3]
 175 0006 002B     		cmp	r3, #0
 176 0008 02D0     		beq	.L11
 177              		.loc 1 71 0 is_stmt 0 discriminator 1
 178 000a FFF7FEFF 		bl	timer_Start
 179              	.LVL11:
 180 000e 01E0     		b	.L12
 181              	.L11:
  72:.\main.c      ****     else timer_Stop();
 182              		.loc 1 72 0 is_stmt 1
 183 0010 FFF7FEFF 		bl	timer_Stop
 184              	.LVL12:
 185              	.L12:
  73:.\main.c      ****     if(startPress)          //func blinc blue led
 186              		.loc 1 73 0
 187 0014 194B     		ldr	r3, .L21
 188 0016 1B79     		ldrb	r3, [r3, #4]
 189 0018 002B     		cmp	r3, #0
 190 001a 0ED1     		bne	.L19
 191 001c 10E0     		b	.L14
 192              	.LVL13:
 193              	.L15:
  74:.\main.c      ****         for(i=0;i<6;i++){
  75:.\main.c      ****             startPress = false;
 194              		.loc 1 75 0 discriminator 3
 195 001e 0022     		mov	r2, #0
 196 0020 164B     		ldr	r3, .L21
 197 0022 1A71     		strb	r2, [r3, #4]
  76:.\main.c      ****             led_blue_Write(~led_blue_Read());
 198              		.loc 1 76 0 discriminator 3
 199 0024 FFF7FEFF 		bl	led_blue_Read
 200              	.LVL14:
 201 0028 C043     		mvn	r0, r0
 202 002a C0B2     		uxtb	r0, r0
 203 002c FFF7FEFF 		bl	led_blue_Write
 204              	.LVL15:
  77:.\main.c      ****             CyDelay(50);
 205              		.loc 1 77 0 discriminator 3
 206 0030 3220     		mov	r0, #50
 207 0032 FFF7FEFF 		bl	CyDelay
 208              	.LVL16:
ARM GAS  C:\Users\Petro\AppData\Local\Temp\ccgfkk1G.s 			page 6


  74:.\main.c      ****         for(i=0;i<6;i++){
 209              		.loc 1 74 0 discriminator 3
 210 0036 0134     		add	r4, r4, #1
 211              	.LVL17:
 212 0038 00E0     		b	.L13
 213              	.LVL18:
 214              	.L19:
 215 003a 0024     		mov	r4, #0
 216              	.L13:
 217              	.LVL19:
  74:.\main.c      ****         for(i=0;i<6;i++){
 218              		.loc 1 74 0 is_stmt 0 discriminator 1
 219 003c 052C     		cmp	r4, #5
 220 003e EEDD     		ble	.L15
 221              	.LVL20:
 222              	.L14:
  78:.\main.c      ****         }
  79:.\main.c      ****     if(cancelPress)
 223              		.loc 1 79 0 is_stmt 1
 224 0040 0E4B     		ldr	r3, .L21
 225 0042 5B79     		ldrb	r3, [r3, #5]
 226 0044 002B     		cmp	r3, #0
 227 0046 11D1     		bne	.L20
 228 0048 13E0     		b	.L17
 229              	.LVL21:
 230              	.L18:
  80:.\main.c      ****         for(i=0;i<10;i++){       //func blinc cancel red led
  81:.\main.c      ****             cancelPress = false;
 231              		.loc 1 81 0 discriminator 3
 232 004a 0022     		mov	r2, #0
 233 004c 0B4B     		ldr	r3, .L21
 234 004e 5A71     		strb	r2, [r3, #5]
  82:.\main.c      ****             led_blue_Write(1);
 235              		.loc 1 82 0 discriminator 3
 236 0050 0120     		mov	r0, #1
 237 0052 FFF7FEFF 		bl	led_blue_Write
 238              	.LVL22:
  83:.\main.c      ****             led_red_Write(~led_red_Read());
 239              		.loc 1 83 0 discriminator 3
 240 0056 FFF7FEFF 		bl	led_red_Read
 241              	.LVL23:
 242 005a C043     		mvn	r0, r0
 243 005c C0B2     		uxtb	r0, r0
 244 005e FFF7FEFF 		bl	led_red_Write
 245              	.LVL24:
  84:.\main.c      ****             CyDelay(50);
 246              		.loc 1 84 0 discriminator 3
 247 0062 3220     		mov	r0, #50
 248 0064 FFF7FEFF 		bl	CyDelay
 249              	.LVL25:
  80:.\main.c      ****             cancelPress = false;
 250              		.loc 1 80 0 discriminator 3
 251 0068 0134     		add	r4, r4, #1
 252              	.LVL26:
 253 006a 00E0     		b	.L16
 254              	.LVL27:
 255              	.L20:
ARM GAS  C:\Users\Petro\AppData\Local\Temp\ccgfkk1G.s 			page 7


 256 006c 0024     		mov	r4, #0
 257              	.L16:
 258              	.LVL28:
  80:.\main.c      ****             cancelPress = false;
 259              		.loc 1 80 0 is_stmt 0 discriminator 1
 260 006e 092C     		cmp	r4, #9
 261 0070 EBDD     		ble	.L18
 262              	.LVL29:
 263              	.L17:
  85:.\main.c      ****         }
  86:.\main.c      ****     led_blue_Write(1);   
 264              		.loc 1 86 0 is_stmt 1
 265 0072 0120     		mov	r0, #1
 266 0074 FFF7FEFF 		bl	led_blue_Write
 267              	.LVL30:
  87:.\main.c      **** }
 268              		.loc 1 87 0
 269              		@ sp needed
 270 0078 10BD     		pop	{r4, pc}
 271              	.L22:
 272 007a C046     		.align	2
 273              	.L21:
 274 007c 00000000 		.word	.LANCHOR0
 275              		.cfi_endproc
 276              	.LFE38:
 277              		.size	led_indication, .-led_indication
 278              		.section	.text.display_indication,"ax",%progbits
 279              		.align	2
 280              		.global	display_indication
 281              		.code	16
 282              		.thumb_func
 283              		.type	display_indication, %function
 284              	display_indication:
 285              	.LFB39:
  88:.\main.c      **** 
  89:.\main.c      **** void display_indication()
  90:.\main.c      **** {
 286              		.loc 1 90 0
 287              		.cfi_startproc
 288 0000 30B5     		push	{r4, r5, lr}
 289              		.cfi_def_cfa_offset 12
 290              		.cfi_offset 4, -12
 291              		.cfi_offset 5, -8
 292              		.cfi_offset 14, -4
 293 0002 89B0     		sub	sp, sp, #36
 294              		.cfi_def_cfa_offset 48
  91:.\main.c      ****     char display_buff[32];      //for two rows
  92:.\main.c      ****     sprintf(display_buff,"time      number");
 295              		.loc 1 92 0
 296 0004 0E4B     		ldr	r3, .L24
 297 0006 6A46     		mov	r2, sp
 298 0008 23CB     		ldmia	r3!, {r0, r1, r5}
 299 000a 23C2     		stmia	r2!, {r0, r1, r5}
 300 000c 191C     		mov	r1, r3
 301 000e 1B68     		ldr	r3, [r3]
 302 0010 1360     		str	r3, [r2]
 303 0012 0B79     		ldrb	r3, [r1, #4]
ARM GAS  C:\Users\Petro\AppData\Local\Temp\ccgfkk1G.s 			page 8


 304 0014 1371     		strb	r3, [r2, #4]
  93:.\main.c      ****     display_Position(0, 0);
 305              		.loc 1 93 0
 306 0016 0020     		mov	r0, #0
 307 0018 0021     		mov	r1, #0
 308 001a FFF7FEFF 		bl	display_Position
 309              	.LVL31:
  94:.\main.c      ****     display_PrintString(display_buff);
 310              		.loc 1 94 0
 311 001e 6846     		mov	r0, sp
 312 0020 FFF7FEFF 		bl	display_PrintString
 313              	.LVL32:
  95:.\main.c      ****     display_Position(1,14);
 314              		.loc 1 95 0
 315 0024 0120     		mov	r0, #1
 316 0026 0E21     		mov	r1, #14
 317 0028 FFF7FEFF 		bl	display_Position
 318              	.LVL33:
  96:.\main.c      ****     display_PrintNumber(skier);
 319              		.loc 1 96 0
 320 002c 054B     		ldr	r3, .L24+4
 321 002e 1888     		ldrh	r0, [r3]
 322 0030 FFF7FEFF 		bl	display_PrintU32Number
 323              	.LVL34:
  97:.\main.c      ****     display_PutChar(' ');
 324              		.loc 1 97 0
 325 0034 2020     		mov	r0, #32
 326 0036 FFF7FEFF 		bl	display_PutChar
 327              	.LVL35:
  98:.\main.c      **** }...
 328              		.loc 1 98 0
 329 003a 09B0     		add	sp, sp, #36
 330              		@ sp needed
 331 003c 30BD     		pop	{r4, r5, pc}
 332              	.L25:
 333 003e C046     		.align	2
 334              	.L24:
 335 0040 00000000 		.word	.LC5
 336 0044 00000000 		.word	.LANCHOR0
 337              		.cfi_endproc
 338              	.LFE39:
 339              		.size	display_indication, .-display_indication
 340              		.section	.text.main,"ax",%progbits
 341              		.align	2
 342              		.global	main
 343              		.code	16
 344              		.thumb_func
 345              		.type	main, %function
 346              	main:
 347              	.LFB37:
  50:.\main.c      **** {
 348              		.loc 1 50 0
 349              		.cfi_startproc
 350 0000 08B5     		push	{r3, lr}
 351              		.cfi_def_cfa_offset 8
 352              		.cfi_offset 3, -8
 353              		.cfi_offset 14, -4
ARM GAS  C:\Users\Petro\AppData\Local\Temp\ccgfkk1G.s 			page 9


  51:.\main.c      ****     CyGlobalIntEnable;    
 354              		.loc 1 51 0
 355              	@ 51 ".\main.c" 1
 356 0002 62B6     		CPSIE   i
 357              	@ 0 "" 2
  52:.\main.c      ****     xbee_Start();                       //start uart for xbee
 358              		.loc 1 52 0
 359              		.code	16
 360 0004 FFF7FEFF 		bl	xbee_Start
 361              	.LVL36:
  53:.\main.c      ****     display_Start();                    //start lcd display
 362              		.loc 1 53 0
 363 0008 FFF7FEFF 		bl	display_Start
 364              	.LVL37:
  55:.\main.c      ****     isr_StartEx(isrHandler);            //interrupt for blink led
 365              		.loc 1 55 0
 366 000c 0648     		ldr	r0, .L28
 367 000e FFF7FEFF 		bl	isr_StartEx
 368              	.LVL38:
  56:.\main.c      ****     int_start_StartEx(startHandler);    //interrupt start button
 369              		.loc 1 56 0
 370 0012 0648     		ldr	r0, .L28+4
 371 0014 FFF7FEFF 		bl	int_start_StartEx
 372              	.LVL39:
  57:.\main.c      ****     int_cancel_StartEx(cancelHandler);  //interrupt cancel button
 373              		.loc 1 57 0
 374 0018 0548     		ldr	r0, .L28+8
 375 001a FFF7FEFF 		bl	int_cancel_StartEx
 376              	.LVL40:
 377              	.L27:
  61:.\main.c      ****         led_indication();
 378              		.loc 1 61 0 discriminator 1
 379 001e FFF7FEFF 		bl	led_indication
 380              	.LVL41:
  62:.\main.c      ****         display_indication();
 381              		.loc 1 62 0 discriminator 1
 382 0022 FFF7FEFF 		bl	display_indication
 383              	.LVL42:
  63:.\main.c      ****     }
 384              		.loc 1 63 0 discriminator 1
 385 0026 FAE7     		b	.L27
 386              	.L29:
 387              		.align	2
 388              	.L28:
 389 0028 00000000 		.word	isrHandler
 390 002c 00000000 		.word	startHandler
 391 0030 00000000 		.word	cancelHandler
 392              		.cfi_endproc
 393              	.LFE37:
 394              		.size	main, .-main
 395              		.global	skier
 396              		.global	cancelPress
 397              		.global	startPress
 398              		.section	.rodata
 399              		.align	2
 400              		.set	.LANCHOR1,. + 0
 401              	.LC2:
ARM GAS  C:\Users\Petro\AppData\Local\Temp\ccgfkk1G.s 			page 10


 402 0000 630000   		.ascii	"c\000\000"
 403 0003 00       		.section	.rodata.str1.4,"aMS",%progbits,1
 404              		.align	2
 405              	.LC5:
 406 0000 74696D65 		.ascii	"time      number\000"
 406      20202020 
 406      20206E75 
 406      6D626572 
 406      00
 407 0011 000000   		.bss
 408              		.align	2
 409              		.set	.LANCHOR0,. + 0
 410              		.type	skier, %object
 411              		.size	skier, 4
 412              	skier:
 413 0000 00000000 		.space	4
 414              		.type	startPress, %object
 415              		.size	startPress, 1
 416              	startPress:
 417 0004 00       		.space	1
 418              		.type	cancelPress, %object
 419              		.size	cancelPress, 1
 420              	cancelPress:
 421 0005 00       		.space	1
 422 0006 0000     		.text
 423              	.Letext0:
 424              		.file 2 "c:\\program files (x86)\\cypress\\psoc creator\\3.3\\psoc creator\\import\\gnu\\arm\\4.9.
 425              		.file 3 "c:\\program files (x86)\\cypress\\psoc creator\\3.3\\psoc creator\\import\\gnu\\arm\\4.9.
 426              		.file 4 "Generated_Source\\PSoC4/cytypes.h"
 427              		.file 5 "Generated_Source\\PSoC4/xbee_SPI_UART.h"
 428              		.file 6 "Generated_Source\\PSoC4/CyLib.h"
 429              		.file 7 "Generated_Source\\PSoC4/start.h"
 430              		.file 8 "Generated_Source\\PSoC4/cancel.h"
 431              		.file 9 "Generated_Source\\PSoC4/led_blue.h"
 432              		.file 10 "Generated_Source\\PSoC4/timer.h"
 433              		.file 11 "Generated_Source\\PSoC4/led_red.h"
 434              		.file 12 "Generated_Source\\PSoC4/display.h"
 435              		.file 13 "Generated_Source\\PSoC4/xbee.h"
 436              		.file 14 "Generated_Source\\PSoC4/isr.h"
 437              		.file 15 "Generated_Source\\PSoC4/int_start.h"
 438              		.file 16 "Generated_Source\\PSoC4/int_cancel.h"
 439              		.section	.debug_info,"",%progbits
 440              	.Ldebug_info0:
 441 0000 09050000 		.4byte	0x509
 442 0004 0400     		.2byte	0x4
 443 0006 00000000 		.4byte	.Ldebug_abbrev0
 444 000a 04       		.byte	0x4
 445 000b 01       		.uleb128 0x1
 446 000c 86020000 		.4byte	.LASF52
 447 0010 01       		.byte	0x1
 448 0011 C9000000 		.4byte	.LASF53
 449 0015 79000000 		.4byte	.LASF54
 450 0019 00000000 		.4byte	.Ldebug_ranges0+0
 451 001d 00000000 		.4byte	0
 452 0021 00000000 		.4byte	.Ldebug_line0
 453 0025 02       		.uleb128 0x2
 454 0026 01       		.byte	0x1
ARM GAS  C:\Users\Petro\AppData\Local\Temp\ccgfkk1G.s 			page 11


 455 0027 06       		.byte	0x6
 456 0028 58030000 		.4byte	.LASF0
 457 002c 02       		.uleb128 0x2
 458 002d 01       		.byte	0x1
 459 002e 08       		.byte	0x8
 460 002f 92010000 		.4byte	.LASF1
 461 0033 02       		.uleb128 0x2
 462 0034 02       		.byte	0x2
 463 0035 05       		.byte	0x5
 464 0036 14030000 		.4byte	.LASF2
 465 003a 02       		.uleb128 0x2
 466 003b 02       		.byte	0x2
 467 003c 07       		.byte	0x7
 468 003d 72010000 		.4byte	.LASF3
 469 0041 02       		.uleb128 0x2
 470 0042 04       		.byte	0x4
 471 0043 05       		.byte	0x5
 472 0044 4F030000 		.4byte	.LASF4
 473 0048 03       		.uleb128 0x3
 474 0049 B5010000 		.4byte	.LASF9
 475 004d 02       		.byte	0x2
 476 004e 41       		.byte	0x41
 477 004f 53000000 		.4byte	0x53
 478 0053 02       		.uleb128 0x2
 479 0054 04       		.byte	0x4
 480 0055 07       		.byte	0x7
 481 0056 60010000 		.4byte	.LASF5
 482 005a 02       		.uleb128 0x2
 483 005b 08       		.byte	0x8
 484 005c 05       		.byte	0x5
 485 005d 53020000 		.4byte	.LASF6
 486 0061 02       		.uleb128 0x2
 487 0062 08       		.byte	0x8
 488 0063 07       		.byte	0x7
 489 0064 08020000 		.4byte	.LASF7
 490 0068 04       		.uleb128 0x4
 491 0069 04       		.byte	0x4
 492 006a 05       		.byte	0x5
 493 006b 696E7400 		.ascii	"int\000"
 494 006f 02       		.uleb128 0x2
 495 0070 04       		.byte	0x4
 496 0071 07       		.byte	0x7
 497 0072 DF010000 		.4byte	.LASF8
 498 0076 03       		.uleb128 0x3
 499 0077 46030000 		.4byte	.LASF10
 500 007b 03       		.byte	0x3
 501 007c 2D       		.byte	0x2d
 502 007d 48000000 		.4byte	0x48
 503 0081 05       		.uleb128 0x5
 504 0082 1E030000 		.4byte	.LASF11
 505 0086 04       		.byte	0x4
 506 0087 3801     		.2byte	0x138
 507 0089 2C000000 		.4byte	0x2c
 508 008d 05       		.uleb128 0x5
 509 008e C0010000 		.4byte	.LASF12
 510 0092 04       		.byte	0x4
 511 0093 3901     		.2byte	0x139
ARM GAS  C:\Users\Petro\AppData\Local\Temp\ccgfkk1G.s 			page 12


 512 0095 3A000000 		.4byte	0x3a
 513 0099 05       		.uleb128 0x5
 514 009a D3010000 		.4byte	.LASF13
 515 009e 04       		.byte	0x4
 516 009f 3A01     		.2byte	0x13a
 517 00a1 53000000 		.4byte	0x53
 518 00a5 02       		.uleb128 0x2
 519 00a6 04       		.byte	0x4
 520 00a7 04       		.byte	0x4
 521 00a8 30010000 		.4byte	.LASF14
 522 00ac 02       		.uleb128 0x2
 523 00ad 08       		.byte	0x8
 524 00ae 04       		.byte	0x4
 525 00af A0010000 		.4byte	.LASF15
 526 00b3 05       		.uleb128 0x5
 527 00b4 5A010000 		.4byte	.LASF16
 528 00b8 04       		.byte	0x4
 529 00b9 4901     		.2byte	0x149
 530 00bb BF000000 		.4byte	0xbf
 531 00bf 02       		.uleb128 0x2
 532 00c0 01       		.byte	0x1
 533 00c1 08       		.byte	0x8
 534 00c2 6D020000 		.4byte	.LASF17
 535 00c6 05       		.uleb128 0x5
 536 00c7 2F020000 		.4byte	.LASF18
 537 00cb 04       		.byte	0x4
 538 00cc F401     		.2byte	0x1f4
 539 00ce D2000000 		.4byte	0xd2
 540 00d2 06       		.uleb128 0x6
 541 00d3 04       		.byte	0x4
 542 00d4 D8000000 		.4byte	0xd8
 543 00d8 07       		.uleb128 0x7
 544 00d9 02       		.uleb128 0x2
 545 00da 04       		.byte	0x4
 546 00db 07       		.byte	0x7
 547 00dc 4A020000 		.4byte	.LASF19
 548 00e0 08       		.uleb128 0x8
 549 00e1 01       		.byte	0x1
 550 00e2 01       		.byte	0x1
 551 00e3 08       		.byte	0x8
 552 00e4 F5000000 		.4byte	0xf5
 553 00e8 09       		.uleb128 0x9
 554 00e9 F0000000 		.4byte	.LASF20
 555 00ed 00       		.sleb128 0
 556 00ee 09       		.uleb128 0x9
 557 00ef 00000000 		.4byte	.LASF21
 558 00f3 01       		.sleb128 1
 559 00f4 00       		.byte	0
 560 00f5 03       		.uleb128 0x3
 561 00f6 74000000 		.4byte	.LASF22
 562 00fa 01       		.byte	0x1
 563 00fb 08       		.byte	0x8
 564 00fc E0000000 		.4byte	0xe0
 565 0100 0A       		.uleb128 0xa
 566 0101 8B030000 		.4byte	.LASF23
 567 0105 01       		.byte	0x1
 568 0106 0C       		.byte	0xc
ARM GAS  C:\Users\Petro\AppData\Local\Temp\ccgfkk1G.s 			page 13


 569 0107 00000000 		.4byte	.LFB34
 570 010b 34000000 		.4byte	.LFE34-.LFB34
 571 010f 01       		.uleb128 0x1
 572 0110 9C       		.byte	0x9c
 573 0111 4F010000 		.4byte	0x14f
 574 0115 0B       		.uleb128 0xb
 575 0116 16000000 		.4byte	.LVL0
 576 011a D6030000 		.4byte	0x3d6
 577 011e 29010000 		.4byte	0x129
 578 0122 0C       		.uleb128 0xc
 579 0123 01       		.uleb128 0x1
 580 0124 50       		.byte	0x50
 581 0125 02       		.uleb128 0x2
 582 0126 08       		.byte	0x8
 583 0127 73       		.byte	0x73
 584 0128 00       		.byte	0
 585 0129 0D       		.uleb128 0xd
 586 012a 1E000000 		.4byte	.LVL1
 587 012e D6030000 		.4byte	0x3d6
 588 0132 0B       		.uleb128 0xb
 589 0133 28000000 		.4byte	.LVL2
 590 0137 E8030000 		.4byte	0x3e8
 591 013b 45010000 		.4byte	0x145
 592 013f 0C       		.uleb128 0xc
 593 0140 01       		.uleb128 0x1
 594 0141 50       		.byte	0x50
 595 0142 01       		.uleb128 0x1
 596 0143 3A       		.byte	0x3a
 597 0144 00       		.byte	0
 598 0145 0D       		.uleb128 0xd
 599 0146 2C000000 		.4byte	.LVL3
 600 014a F9030000 		.4byte	0x3f9
 601 014e 00       		.byte	0
 602 014f 0A       		.uleb128 0xa
 603 0150 A7010000 		.4byte	.LASF24
 604 0154 01       		.byte	0x1
 605 0155 1D       		.byte	0x1d
 606 0156 00000000 		.4byte	.LFB35
 607 015a 38000000 		.4byte	.LFE35-.LFB35
 608 015e 01       		.uleb128 0x1
 609 015f 9C       		.byte	0x9c
 610 0160 A1010000 		.4byte	0x1a1
 611 0164 0B       		.uleb128 0xb
 612 0165 10000000 		.4byte	.LVL4
 613 0169 04040000 		.4byte	0x404
 614 016d 7B010000 		.4byte	0x17b
 615 0171 0C       		.uleb128 0xc
 616 0172 01       		.uleb128 0x1
 617 0173 50       		.byte	0x50
 618 0174 05       		.uleb128 0x5
 619 0175 03       		.byte	0x3
 620 0176 00000000 		.4byte	.LANCHOR1
 621 017a 00       		.byte	0
 622 017b 0D       		.uleb128 0xd
 623 017c 1A000000 		.4byte	.LVL5
 624 0180 D6030000 		.4byte	0x3d6
 625 0184 0B       		.uleb128 0xb
ARM GAS  C:\Users\Petro\AppData\Local\Temp\ccgfkk1G.s 			page 14


 626 0185 2A000000 		.4byte	.LVL6
 627 0189 E8030000 		.4byte	0x3e8
 628 018d 97010000 		.4byte	0x197
 629 0191 0C       		.uleb128 0xc
 630 0192 01       		.uleb128 0x1
 631 0193 50       		.byte	0x50
 632 0194 01       		.uleb128 0x1
 633 0195 3A       		.byte	0x3a
 634 0196 00       		.byte	0
 635 0197 0D       		.uleb128 0xd
 636 0198 2E000000 		.4byte	.LVL7
 637 019c 21040000 		.4byte	0x421
 638 01a0 00       		.byte	0
 639 01a1 0A       		.uleb128 0xa
 640 01a2 EC010000 		.4byte	.LASF25
 641 01a6 01       		.byte	0x1
 642 01a7 29       		.byte	0x29
 643 01a8 00000000 		.4byte	.LFB36
 644 01ac 16000000 		.4byte	.LFE36-.LFB36
 645 01b0 01       		.uleb128 0x1
 646 01b1 9C       		.byte	0x9c
 647 01b2 EC010000 		.4byte	0x1ec
 648 01b6 0B       		.uleb128 0xb
 649 01b7 08000000 		.4byte	.LVL8
 650 01bb 2C040000 		.4byte	0x42c
 651 01bf C9010000 		.4byte	0x1c9
 652 01c3 0C       		.uleb128 0xc
 653 01c4 01       		.uleb128 0x1
 654 01c5 50       		.byte	0x50
 655 01c6 01       		.uleb128 0x1
 656 01c7 30       		.byte	0x30
 657 01c8 00       		.byte	0
 658 01c9 0B       		.uleb128 0xb
 659 01ca 0E000000 		.4byte	.LVL9
 660 01ce E8030000 		.4byte	0x3e8
 661 01d2 DC010000 		.4byte	0x1dc
 662 01d6 0C       		.uleb128 0xc
 663 01d7 01       		.uleb128 0x1
 664 01d8 50       		.byte	0x50
 665 01d9 01       		.uleb128 0x1
 666 01da 35       		.byte	0x35
 667 01db 00       		.byte	0
 668 01dc 0E       		.uleb128 0xe
 669 01dd 14000000 		.4byte	.LVL10
 670 01e1 3D040000 		.4byte	0x43d
 671 01e5 0C       		.uleb128 0xc
 672 01e6 01       		.uleb128 0x1
 673 01e7 50       		.byte	0x50
 674 01e8 01       		.uleb128 0x1
 675 01e9 32       		.byte	0x32
 676 01ea 00       		.byte	0
 677 01eb 00       		.byte	0
 678 01ec 0A       		.uleb128 0xa
 679 01ed 05010000 		.4byte	.LASF26
 680 01f1 01       		.byte	0x1
 681 01f2 43       		.byte	0x43
 682 01f3 00000000 		.4byte	.LFB38
ARM GAS  C:\Users\Petro\AppData\Local\Temp\ccgfkk1G.s 			page 15


 683 01f7 80000000 		.4byte	.LFE38-.LFB38
 684 01fb 01       		.uleb128 0x1
 685 01fc 9C       		.byte	0x9c
 686 01fd 8F020000 		.4byte	0x28f
 687 0201 0F       		.uleb128 0xf
 688 0202 6900     		.ascii	"i\000"
 689 0204 01       		.byte	0x1
 690 0205 45       		.byte	0x45
 691 0206 68000000 		.4byte	0x68
 692 020a 00000000 		.4byte	.LLST0
 693 020e 0D       		.uleb128 0xd
 694 020f 0E000000 		.4byte	.LVL11
 695 0213 4F040000 		.4byte	0x44f
 696 0217 0D       		.uleb128 0xd
 697 0218 14000000 		.4byte	.LVL12
 698 021c 57040000 		.4byte	0x457
 699 0220 0D       		.uleb128 0xd
 700 0221 28000000 		.4byte	.LVL14
 701 0225 5F040000 		.4byte	0x45f
 702 0229 0D       		.uleb128 0xd
 703 022a 30000000 		.4byte	.LVL15
 704 022e 2C040000 		.4byte	0x42c
 705 0232 0B       		.uleb128 0xb
 706 0233 36000000 		.4byte	.LVL16
 707 0237 E8030000 		.4byte	0x3e8
 708 023b 46020000 		.4byte	0x246
 709 023f 0C       		.uleb128 0xc
 710 0240 01       		.uleb128 0x1
 711 0241 50       		.byte	0x50
 712 0242 02       		.uleb128 0x2
 713 0243 08       		.byte	0x8
 714 0244 32       		.byte	0x32
 715 0245 00       		.byte	0
 716 0246 0B       		.uleb128 0xb
 717 0247 56000000 		.4byte	.LVL22
 718 024b 2C040000 		.4byte	0x42c
 719 024f 59020000 		.4byte	0x259
 720 0253 0C       		.uleb128 0xc
 721 0254 01       		.uleb128 0x1
 722 0255 50       		.byte	0x50
 723 0256 01       		.uleb128 0x1
 724 0257 31       		.byte	0x31
 725 0258 00       		.byte	0
 726 0259 0D       		.uleb128 0xd
 727 025a 5A000000 		.4byte	.LVL23
 728 025e 6A040000 		.4byte	0x46a
 729 0262 0D       		.uleb128 0xd
 730 0263 62000000 		.4byte	.LVL24
 731 0267 75040000 		.4byte	0x475
 732 026b 0B       		.uleb128 0xb
 733 026c 68000000 		.4byte	.LVL25
 734 0270 E8030000 		.4byte	0x3e8
 735 0274 7F020000 		.4byte	0x27f
 736 0278 0C       		.uleb128 0xc
 737 0279 01       		.uleb128 0x1
 738 027a 50       		.byte	0x50
 739 027b 02       		.uleb128 0x2
ARM GAS  C:\Users\Petro\AppData\Local\Temp\ccgfkk1G.s 			page 16


 740 027c 08       		.byte	0x8
 741 027d 32       		.byte	0x32
 742 027e 00       		.byte	0
 743 027f 0E       		.uleb128 0xe
 744 0280 78000000 		.4byte	.LVL30
 745 0284 2C040000 		.4byte	0x42c
 746 0288 0C       		.uleb128 0xc
 747 0289 01       		.uleb128 0x1
 748 028a 50       		.byte	0x50
 749 028b 01       		.uleb128 0x1
 750 028c 31       		.byte	0x31
 751 028d 00       		.byte	0
 752 028e 00       		.byte	0
 753 028f 0A       		.uleb128 0xa
 754 0290 DD000000 		.4byte	.LASF27
 755 0294 01       		.byte	0x1
 756 0295 59       		.byte	0x59
 757 0296 00000000 		.4byte	.LFB39
 758 029a 48000000 		.4byte	.LFE39-.LFB39
 759 029e 01       		.uleb128 0x1
 760 029f 9C       		.byte	0x9c
 761 02a0 10030000 		.4byte	0x310
 762 02a4 10       		.uleb128 0x10
 763 02a5 67000000 		.4byte	.LASF28
 764 02a9 01       		.byte	0x1
 765 02aa 5B       		.byte	0x5b
 766 02ab 10030000 		.4byte	0x310
 767 02af 02       		.uleb128 0x2
 768 02b0 91       		.byte	0x91
 769 02b1 50       		.sleb128 -48
 770 02b2 0B       		.uleb128 0xb
 771 02b3 1E000000 		.4byte	.LVL31
 772 02b7 86040000 		.4byte	0x486
 773 02bb CA020000 		.4byte	0x2ca
 774 02bf 0C       		.uleb128 0xc
 775 02c0 01       		.uleb128 0x1
 776 02c1 51       		.byte	0x51
 777 02c2 01       		.uleb128 0x1
 778 02c3 30       		.byte	0x30
 779 02c4 0C       		.uleb128 0xc
 780 02c5 01       		.uleb128 0x1
 781 02c6 50       		.byte	0x50
 782 02c7 01       		.uleb128 0x1
 783 02c8 30       		.byte	0x30
 784 02c9 00       		.byte	0
 785 02ca 0B       		.uleb128 0xb
 786 02cb 24000000 		.4byte	.LVL32
 787 02cf 9C040000 		.4byte	0x49c
 788 02d3 DE020000 		.4byte	0x2de
 789 02d7 0C       		.uleb128 0xc
 790 02d8 01       		.uleb128 0x1
 791 02d9 50       		.byte	0x50
 792 02da 02       		.uleb128 0x2
 793 02db 7D       		.byte	0x7d
 794 02dc 00       		.sleb128 0
 795 02dd 00       		.byte	0
 796 02de 0B       		.uleb128 0xb
ARM GAS  C:\Users\Petro\AppData\Local\Temp\ccgfkk1G.s 			page 17


 797 02df 2C000000 		.4byte	.LVL33
 798 02e3 86040000 		.4byte	0x486
 799 02e7 F6020000 		.4byte	0x2f6
 800 02eb 0C       		.uleb128 0xc
 801 02ec 01       		.uleb128 0x1
 802 02ed 51       		.byte	0x51
 803 02ee 01       		.uleb128 0x1
 804 02ef 3E       		.byte	0x3e
 805 02f0 0C       		.uleb128 0xc
 806 02f1 01       		.uleb128 0x1
 807 02f2 50       		.byte	0x50
 808 02f3 01       		.uleb128 0x1
 809 02f4 31       		.byte	0x31
 810 02f5 00       		.byte	0
 811 02f6 0D       		.uleb128 0xd
 812 02f7 34000000 		.4byte	.LVL34
 813 02fb AD040000 		.4byte	0x4ad
 814 02ff 0E       		.uleb128 0xe
 815 0300 3A000000 		.4byte	.LVL35
 816 0304 BE040000 		.4byte	0x4be
 817 0308 0C       		.uleb128 0xc
 818 0309 01       		.uleb128 0x1
 819 030a 50       		.byte	0x50
 820 030b 02       		.uleb128 0x2
 821 030c 08       		.byte	0x8
 822 030d 20       		.byte	0x20
 823 030e 00       		.byte	0
 824 030f 00       		.byte	0
 825 0310 11       		.uleb128 0x11
 826 0311 BF000000 		.4byte	0xbf
 827 0315 20030000 		.4byte	0x320
 828 0319 12       		.uleb128 0x12
 829 031a D9000000 		.4byte	0xd9
 830 031e 1F       		.byte	0x1f
 831 031f 00       		.byte	0
 832 0320 13       		.uleb128 0x13
 833 0321 DA010000 		.4byte	.LASF55
 834 0325 01       		.byte	0x1
 835 0326 31       		.byte	0x31
 836 0327 68000000 		.4byte	0x68
 837 032b 00000000 		.4byte	.LFB37
 838 032f 34000000 		.4byte	.LFE37-.LFB37
 839 0333 01       		.uleb128 0x1
 840 0334 9C       		.byte	0x9c
 841 0335 A3030000 		.4byte	0x3a3
 842 0339 0D       		.uleb128 0xd
 843 033a 08000000 		.4byte	.LVL36
 844 033e CF040000 		.4byte	0x4cf
 845 0342 0D       		.uleb128 0xd
 846 0343 0C000000 		.4byte	.LVL37
 847 0347 D6040000 		.4byte	0x4d6
 848 034b 0B       		.uleb128 0xb
 849 034c 12000000 		.4byte	.LVL38
 850 0350 DD040000 		.4byte	0x4dd
 851 0354 62030000 		.4byte	0x362
 852 0358 0C       		.uleb128 0xc
 853 0359 01       		.uleb128 0x1
ARM GAS  C:\Users\Petro\AppData\Local\Temp\ccgfkk1G.s 			page 18


 854 035a 50       		.byte	0x50
 855 035b 05       		.uleb128 0x5
 856 035c 03       		.byte	0x3
 857 035d 00000000 		.4byte	isrHandler
 858 0361 00       		.byte	0
 859 0362 0B       		.uleb128 0xb
 860 0363 18000000 		.4byte	.LVL39
 861 0367 EE040000 		.4byte	0x4ee
 862 036b 79030000 		.4byte	0x379
 863 036f 0C       		.uleb128 0xc
 864 0370 01       		.uleb128 0x1
 865 0371 50       		.byte	0x50
 866 0372 05       		.uleb128 0x5
 867 0373 03       		.byte	0x3
 868 0374 00000000 		.4byte	startHandler
 869 0378 00       		.byte	0
 870 0379 0B       		.uleb128 0xb
 871 037a 1E000000 		.4byte	.LVL40
 872 037e FF040000 		.4byte	0x4ff
 873 0382 90030000 		.4byte	0x390
 874 0386 0C       		.uleb128 0xc
 875 0387 01       		.uleb128 0x1
 876 0388 50       		.byte	0x50
 877 0389 05       		.uleb128 0x5
 878 038a 03       		.byte	0x3
 879 038b 00000000 		.4byte	cancelHandler
 880 038f 00       		.byte	0
 881 0390 0D       		.uleb128 0xd
 882 0391 22000000 		.4byte	.LVL41
 883 0395 EC010000 		.4byte	0x1ec
 884 0399 0D       		.uleb128 0xd
 885 039a 26000000 		.4byte	.LVL42
 886 039e 8F020000 		.4byte	0x28f
 887 03a2 00       		.byte	0
 888 03a3 14       		.uleb128 0x14
 889 03a4 56000000 		.4byte	.LASF29
 890 03a8 01       		.byte	0x1
 891 03a9 09       		.byte	0x9
 892 03aa F5000000 		.4byte	0xf5
 893 03ae 05       		.uleb128 0x5
 894 03af 03       		.byte	0x3
 895 03b0 00000000 		.4byte	startPress
 896 03b4 14       		.uleb128 0x14
 897 03b5 4E010000 		.4byte	.LASF30
 898 03b9 01       		.byte	0x1
 899 03ba 09       		.byte	0x9
 900 03bb F5000000 		.4byte	0xf5
 901 03bf 05       		.uleb128 0x5
 902 03c0 03       		.byte	0x3
 903 03c1 00000000 		.4byte	cancelPress
 904 03c5 14       		.uleb128 0x14
 905 03c6 61000000 		.4byte	.LASF31
 906 03ca 01       		.byte	0x1
 907 03cb 0A       		.byte	0xa
 908 03cc 76000000 		.4byte	0x76
 909 03d0 05       		.uleb128 0x5
 910 03d1 03       		.byte	0x3
ARM GAS  C:\Users\Petro\AppData\Local\Temp\ccgfkk1G.s 			page 19


 911 03d2 00000000 		.4byte	skier
 912 03d6 15       		.uleb128 0x15
 913 03d7 36010000 		.4byte	.LASF32
 914 03db 05       		.byte	0x5
 915 03dc 8C01     		.2byte	0x18c
 916 03de E8030000 		.4byte	0x3e8
 917 03e2 16       		.uleb128 0x16
 918 03e3 99000000 		.4byte	0x99
 919 03e7 00       		.byte	0
 920 03e8 17       		.uleb128 0x17
 921 03e9 98030000 		.4byte	.LASF33
 922 03ed 06       		.byte	0x6
 923 03ee 5A       		.byte	0x5a
 924 03ef F9030000 		.4byte	0x3f9
 925 03f3 16       		.uleb128 0x16
 926 03f4 99000000 		.4byte	0x99
 927 03f8 00       		.byte	0
 928 03f9 18       		.uleb128 0x18
 929 03fa 64030000 		.4byte	.LASF35
 930 03fe 07       		.byte	0x7
 931 03ff 39       		.byte	0x39
 932 0400 81000000 		.4byte	0x81
 933 0404 15       		.uleb128 0x15
 934 0405 2D000000 		.4byte	.LASF34
 935 0409 05       		.byte	0x5
 936 040a 7701     		.2byte	0x177
 937 040c 16040000 		.4byte	0x416
 938 0410 16       		.uleb128 0x16
 939 0411 16040000 		.4byte	0x416
 940 0415 00       		.byte	0
 941 0416 06       		.uleb128 0x6
 942 0417 04       		.byte	0x4
 943 0418 1C040000 		.4byte	0x41c
 944 041c 19       		.uleb128 0x19
 945 041d B3000000 		.4byte	0xb3
 946 0421 18       		.uleb128 0x18
 947 0422 40000000 		.4byte	.LASF36
 948 0426 08       		.byte	0x8
 949 0427 39       		.byte	0x39
 950 0428 81000000 		.4byte	0x81
 951 042c 17       		.uleb128 0x17
 952 042d F6000000 		.4byte	.LASF37
 953 0431 09       		.byte	0x9
 954 0432 33       		.byte	0x33
 955 0433 3D040000 		.4byte	0x43d
 956 0437 16       		.uleb128 0x16
 957 0438 81000000 		.4byte	0x81
 958 043c 00       		.byte	0
 959 043d 15       		.uleb128 0x15
 960 043e 05000000 		.4byte	.LASF38
 961 0442 0A       		.byte	0xa
 962 0443 4701     		.2byte	0x147
 963 0445 4F040000 		.4byte	0x44f
 964 0449 16       		.uleb128 0x16
 965 044a 99000000 		.4byte	0x99
 966 044e 00       		.byte	0
 967 044f 1A       		.uleb128 0x1a
ARM GAS  C:\Users\Petro\AppData\Local\Temp\ccgfkk1G.s 			page 20


 968 0450 61020000 		.4byte	.LASF39
 969 0454 0A       		.byte	0xa
 970 0455 3201     		.2byte	0x132
 971 0457 1A       		.uleb128 0x1a
 972 0458 24030000 		.4byte	.LASF40
 973 045c 0A       		.byte	0xa
 974 045d 3301     		.2byte	0x133
 975 045f 18       		.uleb128 0x18
 976 0460 22010000 		.4byte	.LASF41
 977 0464 09       		.byte	0x9
 978 0465 32       		.byte	0x32
 979 0466 81000000 		.4byte	0x81
 980 046a 18       		.uleb128 0x18
 981 046b 85010000 		.4byte	.LASF42
 982 046f 0B       		.byte	0xb
 983 0470 32       		.byte	0x32
 984 0471 81000000 		.4byte	0x81
 985 0475 17       		.uleb128 0x17
 986 0476 14010000 		.4byte	.LASF43
 987 047a 0B       		.byte	0xb
 988 047b 33       		.byte	0x33
 989 047c 86040000 		.4byte	0x486
 990 0480 16       		.uleb128 0x16
 991 0481 81000000 		.4byte	0x81
 992 0485 00       		.byte	0
 993 0486 17       		.uleb128 0x17
 994 0487 F7010000 		.4byte	.LASF44
 995 048b 0C       		.byte	0xc
 996 048c 3D       		.byte	0x3d
 997 048d 9C040000 		.4byte	0x49c
 998 0491 16       		.uleb128 0x16
 999 0492 81000000 		.4byte	0x81
 1000 0496 16       		.uleb128 0x16
 1001 0497 81000000 		.4byte	0x81
 1002 049b 00       		.byte	0
 1003 049c 17       		.uleb128 0x17
 1004 049d 72020000 		.4byte	.LASF45
 1005 04a1 0C       		.byte	0xc
 1006 04a2 3C       		.byte	0x3c
 1007 04a3 AD040000 		.4byte	0x4ad
 1008 04a7 16       		.uleb128 0x16
 1009 04a8 16040000 		.4byte	0x416
 1010 04ac 00       		.byte	0
 1011 04ad 17       		.uleb128 0x17
 1012 04ae 2F030000 		.4byte	.LASF46
 1013 04b2 0C       		.byte	0xc
 1014 04b3 61       		.byte	0x61
 1015 04b4 BE040000 		.4byte	0x4be
 1016 04b8 16       		.uleb128 0x16
 1017 04b9 99000000 		.4byte	0x99
 1018 04bd 00       		.byte	0
 1019 04be 17       		.uleb128 0x17
 1020 04bf 1F020000 		.4byte	.LASF47
 1021 04c3 0C       		.byte	0xc
 1022 04c4 3E       		.byte	0x3e
 1023 04c5 CF040000 		.4byte	0x4cf
 1024 04c9 16       		.uleb128 0x16
ARM GAS  C:\Users\Petro\AppData\Local\Temp\ccgfkk1G.s 			page 21


 1025 04ca B3000000 		.4byte	0xb3
 1026 04ce 00       		.byte	0
 1027 04cf 1B       		.uleb128 0x1b
 1028 04d0 D2000000 		.4byte	.LASF48
 1029 04d4 0D       		.byte	0xd
 1030 04d5 68       		.byte	0x68
 1031 04d6 1B       		.uleb128 0x1b
 1032 04d7 3C020000 		.4byte	.LASF49
 1033 04db 0C       		.byte	0xc
 1034 04dc 38       		.byte	0x38
 1035 04dd 17       		.uleb128 0x17
 1036 04de C7010000 		.4byte	.LASF50
 1037 04e2 0E       		.byte	0xe
 1038 04e3 18       		.byte	0x18
 1039 04e4 EE040000 		.4byte	0x4ee
 1040 04e8 16       		.uleb128 0x16
 1041 04e9 C6000000 		.4byte	0xc6
 1042 04ed 00       		.byte	0
 1043 04ee 17       		.uleb128 0x17
 1044 04ef 79030000 		.4byte	.LASF51
 1045 04f3 0F       		.byte	0xf
 1046 04f4 18       		.byte	0x18
 1047 04f5 FF040000 		.4byte	0x4ff
 1048 04f9 16       		.uleb128 0x16
 1049 04fa C6000000 		.4byte	0xc6
 1050 04fe 00       		.byte	0
 1051 04ff 1C       		.uleb128 0x1c
 1052 0500 1A000000 		.4byte	.LASF56
 1053 0504 10       		.byte	0x10
 1054 0505 18       		.byte	0x18
 1055 0506 16       		.uleb128 0x16
 1056 0507 C6000000 		.4byte	0xc6
 1057 050b 00       		.byte	0
 1058 050c 00       		.byte	0
 1059              		.section	.debug_abbrev,"",%progbits
 1060              	.Ldebug_abbrev0:
 1061 0000 01       		.uleb128 0x1
 1062 0001 11       		.uleb128 0x11
 1063 0002 01       		.byte	0x1
 1064 0003 25       		.uleb128 0x25
 1065 0004 0E       		.uleb128 0xe
 1066 0005 13       		.uleb128 0x13
 1067 0006 0B       		.uleb128 0xb
 1068 0007 03       		.uleb128 0x3
 1069 0008 0E       		.uleb128 0xe
 1070 0009 1B       		.uleb128 0x1b
 1071 000a 0E       		.uleb128 0xe
 1072 000b 55       		.uleb128 0x55
 1073 000c 17       		.uleb128 0x17
 1074 000d 11       		.uleb128 0x11
 1075 000e 01       		.uleb128 0x1
 1076 000f 10       		.uleb128 0x10
 1077 0010 17       		.uleb128 0x17
 1078 0011 00       		.byte	0
 1079 0012 00       		.byte	0
 1080 0013 02       		.uleb128 0x2
 1081 0014 24       		.uleb128 0x24
ARM GAS  C:\Users\Petro\AppData\Local\Temp\ccgfkk1G.s 			page 22


 1082 0015 00       		.byte	0
 1083 0016 0B       		.uleb128 0xb
 1084 0017 0B       		.uleb128 0xb
 1085 0018 3E       		.uleb128 0x3e
 1086 0019 0B       		.uleb128 0xb
 1087 001a 03       		.uleb128 0x3
 1088 001b 0E       		.uleb128 0xe
 1089 001c 00       		.byte	0
 1090 001d 00       		.byte	0
 1091 001e 03       		.uleb128 0x3
 1092 001f 16       		.uleb128 0x16
 1093 0020 00       		.byte	0
 1094 0021 03       		.uleb128 0x3
 1095 0022 0E       		.uleb128 0xe
 1096 0023 3A       		.uleb128 0x3a
 1097 0024 0B       		.uleb128 0xb
 1098 0025 3B       		.uleb128 0x3b
 1099 0026 0B       		.uleb128 0xb
 1100 0027 49       		.uleb128 0x49
 1101 0028 13       		.uleb128 0x13
 1102 0029 00       		.byte	0
 1103 002a 00       		.byte	0
 1104 002b 04       		.uleb128 0x4
 1105 002c 24       		.uleb128 0x24
 1106 002d 00       		.byte	0
 1107 002e 0B       		.uleb128 0xb
 1108 002f 0B       		.uleb128 0xb
 1109 0030 3E       		.uleb128 0x3e
 1110 0031 0B       		.uleb128 0xb
 1111 0032 03       		.uleb128 0x3
 1112 0033 08       		.uleb128 0x8
 1113 0034 00       		.byte	0
 1114 0035 00       		.byte	0
 1115 0036 05       		.uleb128 0x5
 1116 0037 16       		.uleb128 0x16
 1117 0038 00       		.byte	0
 1118 0039 03       		.uleb128 0x3
 1119 003a 0E       		.uleb128 0xe
 1120 003b 3A       		.uleb128 0x3a
 1121 003c 0B       		.uleb128 0xb
 1122 003d 3B       		.uleb128 0x3b
 1123 003e 05       		.uleb128 0x5
 1124 003f 49       		.uleb128 0x49
 1125 0040 13       		.uleb128 0x13
 1126 0041 00       		.byte	0
 1127 0042 00       		.byte	0
 1128 0043 06       		.uleb128 0x6
 1129 0044 0F       		.uleb128 0xf
 1130 0045 00       		.byte	0
 1131 0046 0B       		.uleb128 0xb
 1132 0047 0B       		.uleb128 0xb
 1133 0048 49       		.uleb128 0x49
 1134 0049 13       		.uleb128 0x13
 1135 004a 00       		.byte	0
 1136 004b 00       		.byte	0
 1137 004c 07       		.uleb128 0x7
 1138 004d 15       		.uleb128 0x15
ARM GAS  C:\Users\Petro\AppData\Local\Temp\ccgfkk1G.s 			page 23


 1139 004e 00       		.byte	0
 1140 004f 27       		.uleb128 0x27
 1141 0050 19       		.uleb128 0x19
 1142 0051 00       		.byte	0
 1143 0052 00       		.byte	0
 1144 0053 08       		.uleb128 0x8
 1145 0054 04       		.uleb128 0x4
 1146 0055 01       		.byte	0x1
 1147 0056 0B       		.uleb128 0xb
 1148 0057 0B       		.uleb128 0xb
 1149 0058 3A       		.uleb128 0x3a
 1150 0059 0B       		.uleb128 0xb
 1151 005a 3B       		.uleb128 0x3b
 1152 005b 0B       		.uleb128 0xb
 1153 005c 01       		.uleb128 0x1
 1154 005d 13       		.uleb128 0x13
 1155 005e 00       		.byte	0
 1156 005f 00       		.byte	0
 1157 0060 09       		.uleb128 0x9
 1158 0061 28       		.uleb128 0x28
 1159 0062 00       		.byte	0
 1160 0063 03       		.uleb128 0x3
 1161 0064 0E       		.uleb128 0xe
 1162 0065 1C       		.uleb128 0x1c
 1163 0066 0D       		.uleb128 0xd
 1164 0067 00       		.byte	0
 1165 0068 00       		.byte	0
 1166 0069 0A       		.uleb128 0xa
 1167 006a 2E       		.uleb128 0x2e
 1168 006b 01       		.byte	0x1
 1169 006c 3F       		.uleb128 0x3f
 1170 006d 19       		.uleb128 0x19
 1171 006e 03       		.uleb128 0x3
 1172 006f 0E       		.uleb128 0xe
 1173 0070 3A       		.uleb128 0x3a
 1174 0071 0B       		.uleb128 0xb
 1175 0072 3B       		.uleb128 0x3b
 1176 0073 0B       		.uleb128 0xb
 1177 0074 27       		.uleb128 0x27
 1178 0075 19       		.uleb128 0x19
 1179 0076 11       		.uleb128 0x11
 1180 0077 01       		.uleb128 0x1
 1181 0078 12       		.uleb128 0x12
 1182 0079 06       		.uleb128 0x6
 1183 007a 40       		.uleb128 0x40
 1184 007b 18       		.uleb128 0x18
 1185 007c 9742     		.uleb128 0x2117
 1186 007e 19       		.uleb128 0x19
 1187 007f 01       		.uleb128 0x1
 1188 0080 13       		.uleb128 0x13
 1189 0081 00       		.byte	0
 1190 0082 00       		.byte	0
 1191 0083 0B       		.uleb128 0xb
 1192 0084 898201   		.uleb128 0x4109
 1193 0087 01       		.byte	0x1
 1194 0088 11       		.uleb128 0x11
 1195 0089 01       		.uleb128 0x1
ARM GAS  C:\Users\Petro\AppData\Local\Temp\ccgfkk1G.s 			page 24


 1196 008a 31       		.uleb128 0x31
 1197 008b 13       		.uleb128 0x13
 1198 008c 01       		.uleb128 0x1
 1199 008d 13       		.uleb128 0x13
 1200 008e 00       		.byte	0
 1201 008f 00       		.byte	0
 1202 0090 0C       		.uleb128 0xc
 1203 0091 8A8201   		.uleb128 0x410a
 1204 0094 00       		.byte	0
 1205 0095 02       		.uleb128 0x2
 1206 0096 18       		.uleb128 0x18
 1207 0097 9142     		.uleb128 0x2111
 1208 0099 18       		.uleb128 0x18
 1209 009a 00       		.byte	0
 1210 009b 00       		.byte	0
 1211 009c 0D       		.uleb128 0xd
 1212 009d 898201   		.uleb128 0x4109
 1213 00a0 00       		.byte	0
 1214 00a1 11       		.uleb128 0x11
 1215 00a2 01       		.uleb128 0x1
 1216 00a3 31       		.uleb128 0x31
 1217 00a4 13       		.uleb128 0x13
 1218 00a5 00       		.byte	0
 1219 00a6 00       		.byte	0
 1220 00a7 0E       		.uleb128 0xe
 1221 00a8 898201   		.uleb128 0x4109
 1222 00ab 01       		.byte	0x1
 1223 00ac 11       		.uleb128 0x11
 1224 00ad 01       		.uleb128 0x1
 1225 00ae 31       		.uleb128 0x31
 1226 00af 13       		.uleb128 0x13
 1227 00b0 00       		.byte	0
 1228 00b1 00       		.byte	0
 1229 00b2 0F       		.uleb128 0xf
 1230 00b3 34       		.uleb128 0x34
 1231 00b4 00       		.byte	0
 1232 00b5 03       		.uleb128 0x3
 1233 00b6 08       		.uleb128 0x8
 1234 00b7 3A       		.uleb128 0x3a
 1235 00b8 0B       		.uleb128 0xb
 1236 00b9 3B       		.uleb128 0x3b
 1237 00ba 0B       		.uleb128 0xb
 1238 00bb 49       		.uleb128 0x49
 1239 00bc 13       		.uleb128 0x13
 1240 00bd 02       		.uleb128 0x2
 1241 00be 17       		.uleb128 0x17
 1242 00bf 00       		.byte	0
 1243 00c0 00       		.byte	0
 1244 00c1 10       		.uleb128 0x10
 1245 00c2 34       		.uleb128 0x34
 1246 00c3 00       		.byte	0
 1247 00c4 03       		.uleb128 0x3
 1248 00c5 0E       		.uleb128 0xe
 1249 00c6 3A       		.uleb128 0x3a
 1250 00c7 0B       		.uleb128 0xb
 1251 00c8 3B       		.uleb128 0x3b
 1252 00c9 0B       		.uleb128 0xb
ARM GAS  C:\Users\Petro\AppData\Local\Temp\ccgfkk1G.s 			page 25


 1253 00ca 49       		.uleb128 0x49
 1254 00cb 13       		.uleb128 0x13
 1255 00cc 02       		.uleb128 0x2
 1256 00cd 18       		.uleb128 0x18
 1257 00ce 00       		.byte	0
 1258 00cf 00       		.byte	0
 1259 00d0 11       		.uleb128 0x11
 1260 00d1 01       		.uleb128 0x1
 1261 00d2 01       		.byte	0x1
 1262 00d3 49       		.uleb128 0x49
 1263 00d4 13       		.uleb128 0x13
 1264 00d5 01       		.uleb128 0x1
 1265 00d6 13       		.uleb128 0x13
 1266 00d7 00       		.byte	0
 1267 00d8 00       		.byte	0
 1268 00d9 12       		.uleb128 0x12
 1269 00da 21       		.uleb128 0x21
 1270 00db 00       		.byte	0
 1271 00dc 49       		.uleb128 0x49
 1272 00dd 13       		.uleb128 0x13
 1273 00de 2F       		.uleb128 0x2f
 1274 00df 0B       		.uleb128 0xb
 1275 00e0 00       		.byte	0
 1276 00e1 00       		.byte	0
 1277 00e2 13       		.uleb128 0x13
 1278 00e3 2E       		.uleb128 0x2e
 1279 00e4 01       		.byte	0x1
 1280 00e5 3F       		.uleb128 0x3f
 1281 00e6 19       		.uleb128 0x19
 1282 00e7 03       		.uleb128 0x3
 1283 00e8 0E       		.uleb128 0xe
 1284 00e9 3A       		.uleb128 0x3a
 1285 00ea 0B       		.uleb128 0xb
 1286 00eb 3B       		.uleb128 0x3b
 1287 00ec 0B       		.uleb128 0xb
 1288 00ed 27       		.uleb128 0x27
 1289 00ee 19       		.uleb128 0x19
 1290 00ef 49       		.uleb128 0x49
 1291 00f0 13       		.uleb128 0x13
 1292 00f1 11       		.uleb128 0x11
 1293 00f2 01       		.uleb128 0x1
 1294 00f3 12       		.uleb128 0x12
 1295 00f4 06       		.uleb128 0x6
 1296 00f5 40       		.uleb128 0x40
 1297 00f6 18       		.uleb128 0x18
 1298 00f7 9742     		.uleb128 0x2117
 1299 00f9 19       		.uleb128 0x19
 1300 00fa 01       		.uleb128 0x1
 1301 00fb 13       		.uleb128 0x13
 1302 00fc 00       		.byte	0
 1303 00fd 00       		.byte	0
 1304 00fe 14       		.uleb128 0x14
 1305 00ff 34       		.uleb128 0x34
 1306 0100 00       		.byte	0
 1307 0101 03       		.uleb128 0x3
 1308 0102 0E       		.uleb128 0xe
 1309 0103 3A       		.uleb128 0x3a
ARM GAS  C:\Users\Petro\AppData\Local\Temp\ccgfkk1G.s 			page 26


 1310 0104 0B       		.uleb128 0xb
 1311 0105 3B       		.uleb128 0x3b
 1312 0106 0B       		.uleb128 0xb
 1313 0107 49       		.uleb128 0x49
 1314 0108 13       		.uleb128 0x13
 1315 0109 3F       		.uleb128 0x3f
 1316 010a 19       		.uleb128 0x19
 1317 010b 02       		.uleb128 0x2
 1318 010c 18       		.uleb128 0x18
 1319 010d 00       		.byte	0
 1320 010e 00       		.byte	0
 1321 010f 15       		.uleb128 0x15
 1322 0110 2E       		.uleb128 0x2e
 1323 0111 01       		.byte	0x1
 1324 0112 3F       		.uleb128 0x3f
 1325 0113 19       		.uleb128 0x19
 1326 0114 03       		.uleb128 0x3
 1327 0115 0E       		.uleb128 0xe
 1328 0116 3A       		.uleb128 0x3a
 1329 0117 0B       		.uleb128 0xb
 1330 0118 3B       		.uleb128 0x3b
 1331 0119 05       		.uleb128 0x5
 1332 011a 27       		.uleb128 0x27
 1333 011b 19       		.uleb128 0x19
 1334 011c 3C       		.uleb128 0x3c
 1335 011d 19       		.uleb128 0x19
 1336 011e 01       		.uleb128 0x1
 1337 011f 13       		.uleb128 0x13
 1338 0120 00       		.byte	0
 1339 0121 00       		.byte	0
 1340 0122 16       		.uleb128 0x16
 1341 0123 05       		.uleb128 0x5
 1342 0124 00       		.byte	0
 1343 0125 49       		.uleb128 0x49
 1344 0126 13       		.uleb128 0x13
 1345 0127 00       		.byte	0
 1346 0128 00       		.byte	0
 1347 0129 17       		.uleb128 0x17
 1348 012a 2E       		.uleb128 0x2e
 1349 012b 01       		.byte	0x1
 1350 012c 3F       		.uleb128 0x3f
 1351 012d 19       		.uleb128 0x19
 1352 012e 03       		.uleb128 0x3
 1353 012f 0E       		.uleb128 0xe
 1354 0130 3A       		.uleb128 0x3a
 1355 0131 0B       		.uleb128 0xb
 1356 0132 3B       		.uleb128 0x3b
 1357 0133 0B       		.uleb128 0xb
 1358 0134 27       		.uleb128 0x27
 1359 0135 19       		.uleb128 0x19
 1360 0136 3C       		.uleb128 0x3c
 1361 0137 19       		.uleb128 0x19
 1362 0138 01       		.uleb128 0x1
 1363 0139 13       		.uleb128 0x13
 1364 013a 00       		.byte	0
 1365 013b 00       		.byte	0
 1366 013c 18       		.uleb128 0x18
ARM GAS  C:\Users\Petro\AppData\Local\Temp\ccgfkk1G.s 			page 27


 1367 013d 2E       		.uleb128 0x2e
 1368 013e 00       		.byte	0
 1369 013f 3F       		.uleb128 0x3f
 1370 0140 19       		.uleb128 0x19
 1371 0141 03       		.uleb128 0x3
 1372 0142 0E       		.uleb128 0xe
 1373 0143 3A       		.uleb128 0x3a
 1374 0144 0B       		.uleb128 0xb
 1375 0145 3B       		.uleb128 0x3b
 1376 0146 0B       		.uleb128 0xb
 1377 0147 27       		.uleb128 0x27
 1378 0148 19       		.uleb128 0x19
 1379 0149 49       		.uleb128 0x49
 1380 014a 13       		.uleb128 0x13
 1381 014b 3C       		.uleb128 0x3c
 1382 014c 19       		.uleb128 0x19
 1383 014d 00       		.byte	0
 1384 014e 00       		.byte	0
 1385 014f 19       		.uleb128 0x19
 1386 0150 26       		.uleb128 0x26
 1387 0151 00       		.byte	0
 1388 0152 49       		.uleb128 0x49
 1389 0153 13       		.uleb128 0x13
 1390 0154 00       		.byte	0
 1391 0155 00       		.byte	0
 1392 0156 1A       		.uleb128 0x1a
 1393 0157 2E       		.uleb128 0x2e
 1394 0158 00       		.byte	0
 1395 0159 3F       		.uleb128 0x3f
 1396 015a 19       		.uleb128 0x19
 1397 015b 03       		.uleb128 0x3
 1398 015c 0E       		.uleb128 0xe
 1399 015d 3A       		.uleb128 0x3a
 1400 015e 0B       		.uleb128 0xb
 1401 015f 3B       		.uleb128 0x3b
 1402 0160 05       		.uleb128 0x5
 1403 0161 27       		.uleb128 0x27
 1404 0162 19       		.uleb128 0x19
 1405 0163 3C       		.uleb128 0x3c
 1406 0164 19       		.uleb128 0x19
 1407 0165 00       		.byte	0
 1408 0166 00       		.byte	0
 1409 0167 1B       		.uleb128 0x1b
 1410 0168 2E       		.uleb128 0x2e
 1411 0169 00       		.byte	0
 1412 016a 3F       		.uleb128 0x3f
 1413 016b 19       		.uleb128 0x19
 1414 016c 03       		.uleb128 0x3
 1415 016d 0E       		.uleb128 0xe
 1416 016e 3A       		.uleb128 0x3a
 1417 016f 0B       		.uleb128 0xb
 1418 0170 3B       		.uleb128 0x3b
 1419 0171 0B       		.uleb128 0xb
 1420 0172 27       		.uleb128 0x27
 1421 0173 19       		.uleb128 0x19
 1422 0174 3C       		.uleb128 0x3c
 1423 0175 19       		.uleb128 0x19
ARM GAS  C:\Users\Petro\AppData\Local\Temp\ccgfkk1G.s 			page 28


 1424 0176 00       		.byte	0
 1425 0177 00       		.byte	0
 1426 0178 1C       		.uleb128 0x1c
 1427 0179 2E       		.uleb128 0x2e
 1428 017a 01       		.byte	0x1
 1429 017b 3F       		.uleb128 0x3f
 1430 017c 19       		.uleb128 0x19
 1431 017d 03       		.uleb128 0x3
 1432 017e 0E       		.uleb128 0xe
 1433 017f 3A       		.uleb128 0x3a
 1434 0180 0B       		.uleb128 0xb
 1435 0181 3B       		.uleb128 0x3b
 1436 0182 0B       		.uleb128 0xb
 1437 0183 27       		.uleb128 0x27
 1438 0184 19       		.uleb128 0x19
 1439 0185 3C       		.uleb128 0x3c
 1440 0186 19       		.uleb128 0x19
 1441 0187 00       		.byte	0
 1442 0188 00       		.byte	0
 1443 0189 00       		.byte	0
 1444              		.section	.debug_loc,"",%progbits
 1445              	.Ldebug_loc0:
 1446              	.LLST0:
 1447 0000 1E000000 		.4byte	.LVL13
 1448 0004 3A000000 		.4byte	.LVL18
 1449 0008 0100     		.2byte	0x1
 1450 000a 54       		.byte	0x54
 1451 000b 3C000000 		.4byte	.LVL19
 1452 000f 40000000 		.4byte	.LVL20
 1453 0013 0100     		.2byte	0x1
 1454 0015 54       		.byte	0x54
 1455 0016 4A000000 		.4byte	.LVL21
 1456 001a 6C000000 		.4byte	.LVL27
 1457 001e 0100     		.2byte	0x1
 1458 0020 54       		.byte	0x54
 1459 0021 6E000000 		.4byte	.LVL28
 1460 0025 72000000 		.4byte	.LVL29
 1461 0029 0100     		.2byte	0x1
 1462 002b 54       		.byte	0x54
 1463 002c 00000000 		.4byte	0
 1464 0030 00000000 		.4byte	0
 1465              		.section	.debug_aranges,"",%progbits
 1466 0000 44000000 		.4byte	0x44
 1467 0004 0200     		.2byte	0x2
 1468 0006 00000000 		.4byte	.Ldebug_info0
 1469 000a 04       		.byte	0x4
 1470 000b 00       		.byte	0
 1471 000c 0000     		.2byte	0
 1472 000e 0000     		.2byte	0
 1473 0010 00000000 		.4byte	.LFB34
 1474 0014 34000000 		.4byte	.LFE34-.LFB34
 1475 0018 00000000 		.4byte	.LFB35
 1476 001c 38000000 		.4byte	.LFE35-.LFB35
 1477 0020 00000000 		.4byte	.LFB36
 1478 0024 16000000 		.4byte	.LFE36-.LFB36
 1479 0028 00000000 		.4byte	.LFB38
 1480 002c 80000000 		.4byte	.LFE38-.LFB38
ARM GAS  C:\Users\Petro\AppData\Local\Temp\ccgfkk1G.s 			page 29


 1481 0030 00000000 		.4byte	.LFB39
 1482 0034 48000000 		.4byte	.LFE39-.LFB39
 1483 0038 00000000 		.4byte	.LFB37
 1484 003c 34000000 		.4byte	.LFE37-.LFB37
 1485 0040 00000000 		.4byte	0
 1486 0044 00000000 		.4byte	0
 1487              		.section	.debug_ranges,"",%progbits
 1488              	.Ldebug_ranges0:
 1489 0000 00000000 		.4byte	.LFB34
 1490 0004 34000000 		.4byte	.LFE34
 1491 0008 00000000 		.4byte	.LFB35
 1492 000c 38000000 		.4byte	.LFE35
 1493 0010 00000000 		.4byte	.LFB36
 1494 0014 16000000 		.4byte	.LFE36
 1495 0018 00000000 		.4byte	.LFB38
 1496 001c 80000000 		.4byte	.LFE38
 1497 0020 00000000 		.4byte	.LFB39
 1498 0024 48000000 		.4byte	.LFE39
 1499 0028 00000000 		.4byte	.LFB37
 1500 002c 34000000 		.4byte	.LFE37
 1501 0030 00000000 		.4byte	0
 1502 0034 00000000 		.4byte	0
 1503              		.section	.debug_line,"",%progbits
 1504              	.Ldebug_line0:
 1505 0000 AF020000 		.section	.debug_str,"MS",%progbits,1
 1505      0200D501 
 1505      00000201 
 1505      FB0E0D00 
 1505      01010101 
 1506              	.LASF21:
 1507 0000 74727565 		.ascii	"true\000"
 1507      00
 1508              	.LASF38:
 1509 0005 74696D65 		.ascii	"timer_ClearInterrupt\000"
 1509      725F436C 
 1509      65617249 
 1509      6E746572 
 1509      72757074 
 1510              	.LASF56:
 1511 001a 696E745F 		.ascii	"int_cancel_StartEx\000"
 1511      63616E63 
 1511      656C5F53 
 1511      74617274 
 1511      457800
 1512              	.LASF34:
 1513 002d 78626565 		.ascii	"xbee_UartPutString\000"
 1513      5F556172 
 1513      74507574 
 1513      53747269 
 1513      6E6700
 1514              	.LASF36:
 1515 0040 63616E63 		.ascii	"cancel_ClearInterrupt\000"
 1515      656C5F43 
 1515      6C656172 
 1515      496E7465 
 1515      72727570 
 1516              	.LASF29:
ARM GAS  C:\Users\Petro\AppData\Local\Temp\ccgfkk1G.s 			page 30


 1517 0056 73746172 		.ascii	"startPress\000"
 1517      74507265 
 1517      737300
 1518              	.LASF31:
 1519 0061 736B6965 		.ascii	"skier\000"
 1519      7200
 1520              	.LASF28:
 1521 0067 64697370 		.ascii	"display_buff\000"
 1521      6C61795F 
 1521      62756666 
 1521      00
 1522              	.LASF22:
 1523 0074 626F6F6C 		.ascii	"bool\000"
 1523      00
 1524              	.LASF54:
 1525 0079 443A5C43 		.ascii	"D:\\Cypress\\system-start-finish\\fw\\start\\sandbo"
 1525      79707265 
 1525      73735C73 
 1525      79737465 
 1525      6D2D7374 
 1526 00a7 785C576F 		.ascii	"x\\Workspace_start_1\\Start01.cydsn\000"
 1526      726B7370 
 1526      6163655F 
 1526      73746172 
 1526      745F315C 
 1527              	.LASF53:
 1528 00c9 2E5C6D61 		.ascii	".\\main.c\000"
 1528      696E2E63 
 1528      00
 1529              	.LASF48:
 1530 00d2 78626565 		.ascii	"xbee_Start\000"
 1530      5F537461 
 1530      727400
 1531              	.LASF27:
 1532 00dd 64697370 		.ascii	"display_indication\000"
 1532      6C61795F 
 1532      696E6469 
 1532      63617469 
 1532      6F6E00
 1533              	.LASF20:
 1534 00f0 66616C73 		.ascii	"false\000"
 1534      6500
 1535              	.LASF37:
 1536 00f6 6C65645F 		.ascii	"led_blue_Write\000"
 1536      626C7565 
 1536      5F577269 
 1536      746500
 1537              	.LASF26:
 1538 0105 6C65645F 		.ascii	"led_indication\000"
 1538      696E6469 
 1538      63617469 
 1538      6F6E00
 1539              	.LASF43:
 1540 0114 6C65645F 		.ascii	"led_red_Write\000"
 1540      7265645F 
 1540      57726974 
 1540      6500
ARM GAS  C:\Users\Petro\AppData\Local\Temp\ccgfkk1G.s 			page 31


 1541              	.LASF41:
 1542 0122 6C65645F 		.ascii	"led_blue_Read\000"
 1542      626C7565 
 1542      5F526561 
 1542      6400
 1543              	.LASF14:
 1544 0130 666C6F61 		.ascii	"float\000"
 1544      7400
 1545              	.LASF32:
 1546 0136 78626565 		.ascii	"xbee_SpiUartWriteTxData\000"
 1546      5F537069 
 1546      55617274 
 1546      57726974 
 1546      65547844 
 1547              	.LASF30:
 1548 014e 63616E63 		.ascii	"cancelPress\000"
 1548      656C5072 
 1548      65737300 
 1549              	.LASF16:
 1550 015a 63686172 		.ascii	"char8\000"
 1550      3800
 1551              	.LASF5:
 1552 0160 6C6F6E67 		.ascii	"long unsigned int\000"
 1552      20756E73 
 1552      69676E65 
 1552      6420696E 
 1552      7400
 1553              	.LASF3:
 1554 0172 73686F72 		.ascii	"short unsigned int\000"
 1554      7420756E 
 1554      7369676E 
 1554      65642069 
 1554      6E7400
 1555              	.LASF42:
 1556 0185 6C65645F 		.ascii	"led_red_Read\000"
 1556      7265645F 
 1556      52656164 
 1556      00
 1557              	.LASF1:
 1558 0192 756E7369 		.ascii	"unsigned char\000"
 1558      676E6564 
 1558      20636861 
 1558      7200
 1559              	.LASF15:
 1560 01a0 646F7562 		.ascii	"double\000"
 1560      6C6500
 1561              	.LASF24:
 1562 01a7 63616E63 		.ascii	"cancelHandler\000"
 1562      656C4861 
 1562      6E646C65 
 1562      7200
 1563              	.LASF9:
 1564 01b5 5F5F7569 		.ascii	"__uint32_t\000"
 1564      6E743332 
 1564      5F7400
 1565              	.LASF12:
 1566 01c0 75696E74 		.ascii	"uint16\000"
ARM GAS  C:\Users\Petro\AppData\Local\Temp\ccgfkk1G.s 			page 32


 1566      313600
 1567              	.LASF50:
 1568 01c7 6973725F 		.ascii	"isr_StartEx\000"
 1568      53746172 
 1568      74457800 
 1569              	.LASF13:
 1570 01d3 75696E74 		.ascii	"uint32\000"
 1570      333200
 1571              	.LASF55:
 1572 01da 6D61696E 		.ascii	"main\000"
 1572      00
 1573              	.LASF8:
 1574 01df 756E7369 		.ascii	"unsigned int\000"
 1574      676E6564 
 1574      20696E74 
 1574      00
 1575              	.LASF25:
 1576 01ec 69737248 		.ascii	"isrHandler\000"
 1576      616E646C 
 1576      657200
 1577              	.LASF44:
 1578 01f7 64697370 		.ascii	"display_Position\000"
 1578      6C61795F 
 1578      506F7369 
 1578      74696F6E 
 1578      00
 1579              	.LASF7:
 1580 0208 6C6F6E67 		.ascii	"long long unsigned int\000"
 1580      206C6F6E 
 1580      6720756E 
 1580      7369676E 
 1580      65642069 
 1581              	.LASF47:
 1582 021f 64697370 		.ascii	"display_PutChar\000"
 1582      6C61795F 
 1582      50757443 
 1582      68617200 
 1583              	.LASF18:
 1584 022f 63796973 		.ascii	"cyisraddress\000"
 1584      72616464 
 1584      72657373 
 1584      00
 1585              	.LASF49:
 1586 023c 64697370 		.ascii	"display_Start\000"
 1586      6C61795F 
 1586      53746172 
 1586      7400
 1587              	.LASF19:
 1588 024a 73697A65 		.ascii	"sizetype\000"
 1588      74797065 
 1588      00
 1589              	.LASF6:
 1590 0253 6C6F6E67 		.ascii	"long long int\000"
 1590      206C6F6E 
 1590      6720696E 
 1590      7400
 1591              	.LASF39:
ARM GAS  C:\Users\Petro\AppData\Local\Temp\ccgfkk1G.s 			page 33


 1592 0261 74696D65 		.ascii	"timer_Start\000"
 1592      725F5374 
 1592      61727400 
 1593              	.LASF17:
 1594 026d 63686172 		.ascii	"char\000"
 1594      00
 1595              	.LASF45:
 1596 0272 64697370 		.ascii	"display_PrintString\000"
 1596      6C61795F 
 1596      5072696E 
 1596      74537472 
 1596      696E6700 
 1597              	.LASF52:
 1598 0286 474E5520 		.ascii	"GNU C 4.9.3 20150303 (release) [ARM/embedded-4_9-br"
 1598      4320342E 
 1598      392E3320 
 1598      32303135 
 1598      30333033 
 1599 02b9 616E6368 		.ascii	"anch revision 221220] -mcpu=cortex-m0 -mthumb -g -O"
 1599      20726576 
 1599      6973696F 
 1599      6E203232 
 1599      31323230 
 1600 02ec 67202D66 		.ascii	"g -ffunction-sections -ffat-lto-objects\000"
 1600      66756E63 
 1600      74696F6E 
 1600      2D736563 
 1600      74696F6E 
 1601              	.LASF2:
 1602 0314 73686F72 		.ascii	"short int\000"
 1602      7420696E 
 1602      7400
 1603              	.LASF11:
 1604 031e 75696E74 		.ascii	"uint8\000"
 1604      3800
 1605              	.LASF40:
 1606 0324 74696D65 		.ascii	"timer_Stop\000"
 1606      725F5374 
 1606      6F7000
 1607              	.LASF46:
 1608 032f 64697370 		.ascii	"display_PrintU32Number\000"
 1608      6C61795F 
 1608      5072696E 
 1608      74553332 
 1608      4E756D62 
 1609              	.LASF10:
 1610 0346 75696E74 		.ascii	"uint32_t\000"
 1610      33325F74 
 1610      00
 1611              	.LASF4:
 1612 034f 6C6F6E67 		.ascii	"long int\000"
 1612      20696E74 
 1612      00
 1613              	.LASF0:
 1614 0358 7369676E 		.ascii	"signed char\000"
 1614      65642063 
 1614      68617200 
ARM GAS  C:\Users\Petro\AppData\Local\Temp\ccgfkk1G.s 			page 34


 1615              	.LASF35:
 1616 0364 73746172 		.ascii	"start_ClearInterrupt\000"
 1616      745F436C 
 1616      65617249 
 1616      6E746572 
 1616      72757074 
 1617              	.LASF51:
 1618 0379 696E745F 		.ascii	"int_start_StartEx\000"
 1618      73746172 
 1618      745F5374 
 1618      61727445 
 1618      7800
 1619              	.LASF23:
 1620 038b 73746172 		.ascii	"startHandler\000"
 1620      7448616E 
 1620      646C6572 
 1620      00
 1621              	.LASF33:
 1622 0398 43794465 		.ascii	"CyDelay\000"
 1622      6C617900 
 1623              		.ident	"GCC: (GNU Tools for ARM Embedded Processors) 4.9.3 20150303 (release) [ARM/embedded-4_9-br
