ARM GAS  C:\Users\Petro\AppData\Local\Temp\ccGcYlvs.s 			page 1


   1              		.cpu cortex-m0
   2              		.fpu softvfp
   3              		.eabi_attribute 20, 1
   4              		.eabi_attribute 21, 1
   5              		.eabi_attribute 23, 3
   6              		.eabi_attribute 24, 1
   7              		.eabi_attribute 25, 1
   8              		.eabi_attribute 26, 1
   9              		.eabi_attribute 30, 6
  10              		.eabi_attribute 34, 0
  11              		.eabi_attribute 18, 4
  12              		.code	16
  13              		.file	"gate.c"
  14              		.text
  15              	.Ltext0:
  16              		.cfi_sections	.debug_frame
  17              		.comm	currentState,1,1
  18              		.bss
  19              		.align	2
  20              	result:
  21 0000 00000000 		.space	4
  22 0004 00000000 		.align	3
  23              	savedUnixTime:
  24 0008 00000000 		.space	8
  24      00000000 
  25              		.align	2
  26              	savedRecentMs:
  27 0010 00000000 		.space	4
  28              		.align	2
  29              	gateOpen:
  30 0014 00000000 		.space	4
  31              		.section	.text.GATE_INTERRUPT,"ax",%progbits
  32              		.align	2
  33              		.global	GATE_INTERRUPT
  34              		.code	16
  35              		.thumb_func
  36              		.type	GATE_INTERRUPT, %function
  37              	GATE_INTERRUPT:
  38              	.LFB63:
  39              		.file 1 "..\\..\\common\\lib\\lib_Gate\\gate.c"
   1:..\..\common\lib\lib_Gate/gate.c **** #include "..\..\common\lib\lib_Gate\gate.h"
   2:..\..\common\lib\lib_Gate/gate.c **** #include <GatePin.h>
   3:..\..\common\lib\lib_Gate/gate.c **** #include <GATE_INT.h>
   4:..\..\common\lib\lib_Gate/gate.c **** #include "..\..\common\lib\lib_RTC\RTC_WDT.h"
   5:..\..\common\lib\lib_Gate/gate.c **** #include "appGlobal.h"
   6:..\..\common\lib\lib_Gate/gate.c **** 
   7:..\..\common\lib\lib_Gate/gate.c **** static uint64_t savedUnixTime;
   8:..\..\common\lib\lib_Gate/gate.c **** static uint32_t savedRecentMs;
   9:..\..\common\lib\lib_Gate/gate.c **** static uint32_t gateOpen ;
  10:..\..\common\lib\lib_Gate/gate.c **** 
  11:..\..\common\lib\lib_Gate/gate.c **** 
  12:..\..\common\lib\lib_Gate/gate.c **** /*gate interrupt*/
  13:..\..\common\lib\lib_Gate/gate.c **** CY_ISR(GATE_INTERRUPT)
  14:..\..\common\lib\lib_Gate/gate.c **** {   
  40              		.loc 1 14 0
  41              		.cfi_startproc
  42 0000 98B5     		push	{r3, r4, r7, lr}
ARM GAS  C:\Users\Petro\AppData\Local\Temp\ccGcYlvs.s 			page 2


  43              		.cfi_def_cfa_offset 16
  44              		.cfi_offset 3, -16
  45              		.cfi_offset 4, -12
  46              		.cfi_offset 7, -8
  47              		.cfi_offset 14, -4
  48 0002 00AF     		add	r7, sp, #0
  49              		.cfi_def_cfa_register 7
  15:..\..\common\lib\lib_Gate/gate.c ****     GATE_INT_Disable();
  50              		.loc 1 15 0
  51 0004 FFF7FEFF 		bl	GATE_INT_Disable
  16:..\..\common\lib\lib_Gate/gate.c ****     
  17:..\..\common\lib\lib_Gate/gate.c ****     gateOpen = GATE_OPEN;    
  52              		.loc 1 17 0
  53 0008 094B     		ldr	r3, .L2
  54 000a 0122     		mov	r2, #1
  55 000c 1A60     		str	r2, [r3]
  18:..\..\common\lib\lib_Gate/gate.c **** 
  19:..\..\common\lib\lib_Gate/gate.c ****     savedUnixTime = RTCGetUnixTime();
  56              		.loc 1 19 0
  57 000e FFF7FEFF 		bl	RTCGetUnixTime
  58 0012 031C     		mov	r3, r0
  59 0014 0C1C     		mov	r4, r1
  60 0016 074A     		ldr	r2, .L2+4
  61 0018 1360     		str	r3, [r2]
  62 001a 5460     		str	r4, [r2, #4]
  20:..\..\common\lib\lib_Gate/gate.c ****     savedRecentMs = RTCgetRecentMs();
  63              		.loc 1 20 0
  64 001c FFF7FEFF 		bl	RTCgetRecentMs
  65 0020 021C     		mov	r2, r0
  66 0022 054B     		ldr	r3, .L2+8
  67 0024 1A60     		str	r2, [r3]
  21:..\..\common\lib\lib_Gate/gate.c ****     
  22:..\..\common\lib\lib_Gate/gate.c ****     //GatePin_ClearInterrupt();
  23:..\..\common\lib\lib_Gate/gate.c ****     GATE_INT_ClearPending();   
  68              		.loc 1 23 0
  69 0026 FFF7FEFF 		bl	GATE_INT_ClearPending
  24:..\..\common\lib\lib_Gate/gate.c **** }
  70              		.loc 1 24 0
  71 002a BD46     		mov	sp, r7
  72              		@ sp needed
  73 002c 98BD     		pop	{r3, r4, r7, pc}
  74              	.L3:
  75 002e C046     		.align	2
  76              	.L2:
  77 0030 14000000 		.word	gateOpen
  78 0034 08000000 		.word	savedUnixTime
  79 0038 10000000 		.word	savedRecentMs
  80              		.cfi_endproc
  81              	.LFE63:
  82              		.size	GATE_INTERRUPT, .-GATE_INTERRUPT
  83              		.section	.text.GateInit,"ax",%progbits
  84              		.align	2
  85              		.global	GateInit
  86              		.code	16
  87              		.thumb_func
  88              		.type	GateInit, %function
  89              	GateInit:
ARM GAS  C:\Users\Petro\AppData\Local\Temp\ccGcYlvs.s 			page 3


  90              	.LFB64:
  25:..\..\common\lib\lib_Gate/gate.c **** 
  26:..\..\common\lib\lib_Gate/gate.c **** /*******************************************************************************
  27:..\..\common\lib\lib_Gate/gate.c **** * Function Name: GateInit
  28:..\..\common\lib\lib_Gate/gate.c **** ********************************************************************************
  29:..\..\common\lib\lib_Gate/gate.c **** *
  30:..\..\common\lib\lib_Gate/gate.c **** * Summary:
  31:..\..\common\lib\lib_Gate/gate.c **** *   inittilisation the gate pin
  32:..\..\common\lib\lib_Gate/gate.c **** *   disable interrupt from gate
  33:..\..\common\lib\lib_Gate/gate.c **** *
  34:..\..\common\lib\lib_Gate/gate.c **** *******************************************************************************/
  35:..\..\common\lib\lib_Gate/gate.c **** void GateInit(void)
  36:..\..\common\lib\lib_Gate/gate.c **** {
  91              		.loc 1 36 0
  92              		.cfi_startproc
  93 0000 80B5     		push	{r7, lr}
  94              		.cfi_def_cfa_offset 8
  95              		.cfi_offset 7, -8
  96              		.cfi_offset 14, -4
  97 0002 00AF     		add	r7, sp, #0
  98              		.cfi_def_cfa_register 7
  37:..\..\common\lib\lib_Gate/gate.c ****     //GatePin_ClearInterrupt();
  38:..\..\common\lib\lib_Gate/gate.c ****     GATE_INT_ClearPending();
  99              		.loc 1 38 0
 100 0004 FFF7FEFF 		bl	GATE_INT_ClearPending
  39:..\..\common\lib\lib_Gate/gate.c ****     GATE_INT_StartEx(GATE_INTERRUPT); 
 101              		.loc 1 39 0
 102 0008 054B     		ldr	r3, .L5
 103 000a 181C     		mov	r0, r3
 104 000c FFF7FEFF 		bl	GATE_INT_StartEx
  40:..\..\common\lib\lib_Gate/gate.c ****     GATE_INT_Disable();
 105              		.loc 1 40 0
 106 0010 FFF7FEFF 		bl	GATE_INT_Disable
  41:..\..\common\lib\lib_Gate/gate.c ****     
  42:..\..\common\lib\lib_Gate/gate.c ****     gateOpen = GATE_CLOSE;     
 107              		.loc 1 42 0
 108 0014 034B     		ldr	r3, .L5+4
 109 0016 0022     		mov	r2, #0
 110 0018 1A60     		str	r2, [r3]
  43:..\..\common\lib\lib_Gate/gate.c **** }
 111              		.loc 1 43 0
 112 001a BD46     		mov	sp, r7
 113              		@ sp needed
 114 001c 80BD     		pop	{r7, pc}
 115              	.L6:
 116 001e C046     		.align	2
 117              	.L5:
 118 0020 00000000 		.word	GATE_INTERRUPT
 119 0024 14000000 		.word	gateOpen
 120              		.cfi_endproc
 121              	.LFE64:
 122              		.size	GateInit, .-GateInit
 123              		.section	.text.GateIsOpen,"ax",%progbits
 124              		.align	2
 125              		.global	GateIsOpen
 126              		.code	16
 127              		.thumb_func
ARM GAS  C:\Users\Petro\AppData\Local\Temp\ccGcYlvs.s 			page 4


 128              		.type	GateIsOpen, %function
 129              	GateIsOpen:
 130              	.LFB65:
  44:..\..\common\lib\lib_Gate/gate.c **** 
  45:..\..\common\lib\lib_Gate/gate.c **** 
  46:..\..\common\lib\lib_Gate/gate.c **** /*******************************************************************************
  47:..\..\common\lib\lib_Gate/gate.c **** * Function Name: GateOpen
  48:..\..\common\lib\lib_Gate/gate.c **** ********************************************************************************
  49:..\..\common\lib\lib_Gate/gate.c **** *
  50:..\..\common\lib\lib_Gate/gate.c **** * Summary:
  51:..\..\common\lib\lib_Gate/gate.c **** *  verification or gate closed
  52:..\..\common\lib\lib_Gate/gate.c **** *
  53:..\..\common\lib\lib_Gate/gate.c **** * Return:
  54:..\..\common\lib\lib_Gate/gate.c **** *  GATE_CLOSE or GATE_OPEN
  55:..\..\common\lib\lib_Gate/gate.c **** *******************************************************************************/
  56:..\..\common\lib\lib_Gate/gate.c **** uint32_t GateIsOpen(void)
  57:..\..\common\lib\lib_Gate/gate.c **** {   
 131              		.loc 1 57 0
 132              		.cfi_startproc
 133 0000 80B5     		push	{r7, lr}
 134              		.cfi_def_cfa_offset 8
 135              		.cfi_offset 7, -8
 136              		.cfi_offset 14, -4
 137 0002 82B0     		sub	sp, sp, #8
 138              		.cfi_def_cfa_offset 16
 139 0004 00AF     		add	r7, sp, #0
 140              		.cfi_def_cfa_register 7
  58:..\..\common\lib\lib_Gate/gate.c ****     uint32_t result;
  59:..\..\common\lib\lib_Gate/gate.c ****     
  60:..\..\common\lib\lib_Gate/gate.c ****     result = gateOpen;
 141              		.loc 1 60 0
 142 0006 054B     		ldr	r3, .L9
 143 0008 1B68     		ldr	r3, [r3]
 144 000a 7B60     		str	r3, [r7, #4]
  61:..\..\common\lib\lib_Gate/gate.c ****     gateOpen = GATE_CLOSE;
 145              		.loc 1 61 0
 146 000c 034B     		ldr	r3, .L9
 147 000e 0022     		mov	r2, #0
 148 0010 1A60     		str	r2, [r3]
  62:..\..\common\lib\lib_Gate/gate.c ****     
  63:..\..\common\lib\lib_Gate/gate.c ****     return result;
 149              		.loc 1 63 0
 150 0012 7B68     		ldr	r3, [r7, #4]
  64:..\..\common\lib\lib_Gate/gate.c **** }
 151              		.loc 1 64 0
 152 0014 181C     		mov	r0, r3
 153 0016 BD46     		mov	sp, r7
 154 0018 02B0     		add	sp, sp, #8
 155              		@ sp needed
 156 001a 80BD     		pop	{r7, pc}
 157              	.L10:
 158              		.align	2
 159              	.L9:
 160 001c 14000000 		.word	gateOpen
 161              		.cfi_endproc
 162              	.LFE65:
 163              		.size	GateIsOpen, .-GateIsOpen
ARM GAS  C:\Users\Petro\AppData\Local\Temp\ccGcYlvs.s 			page 5


 164              		.section	.text.AllowNextSkier,"ax",%progbits
 165              		.align	2
 166              		.global	AllowNextSkier
 167              		.code	16
 168              		.thumb_func
 169              		.type	AllowNextSkier, %function
 170              	AllowNextSkier:
 171              	.LFB66:
  65:..\..\common\lib\lib_Gate/gate.c **** 
  66:..\..\common\lib\lib_Gate/gate.c **** 
  67:..\..\common\lib\lib_Gate/gate.c **** /*******************************************************************************
  68:..\..\common\lib\lib_Gate/gate.c **** * Function Name: AllowNextSkier
  69:..\..\common\lib\lib_Gate/gate.c **** ********************************************************************************
  70:..\..\common\lib\lib_Gate/gate.c **** *
  71:..\..\common\lib\lib_Gate/gate.c **** * Summary:
  72:..\..\common\lib\lib_Gate/gate.c **** *   allow the new skier on way(enable gate interrupt)
  73:..\..\common\lib\lib_Gate/gate.c **** *
  74:..\..\common\lib\lib_Gate/gate.c **** *******************************************************************************/
  75:..\..\common\lib\lib_Gate/gate.c **** void AllowNextSkier(void)
  76:..\..\common\lib\lib_Gate/gate.c **** {
 172              		.loc 1 76 0
 173              		.cfi_startproc
 174 0000 80B5     		push	{r7, lr}
 175              		.cfi_def_cfa_offset 8
 176              		.cfi_offset 7, -8
 177              		.cfi_offset 14, -4
 178 0002 00AF     		add	r7, sp, #0
 179              		.cfi_def_cfa_register 7
  77:..\..\common\lib\lib_Gate/gate.c ****     //GatePin_ClearInterrupt();
  78:..\..\common\lib\lib_Gate/gate.c ****     GATE_INT_ClearPending();
 180              		.loc 1 78 0
 181 0004 FFF7FEFF 		bl	GATE_INT_ClearPending
  79:..\..\common\lib\lib_Gate/gate.c ****     GATE_INT_Enable();
 182              		.loc 1 79 0
 183 0008 FFF7FEFF 		bl	GATE_INT_Enable
  80:..\..\common\lib\lib_Gate/gate.c **** }
 184              		.loc 1 80 0
 185 000c BD46     		mov	sp, r7
 186              		@ sp needed
 187 000e 80BD     		pop	{r7, pc}
 188              		.cfi_endproc
 189              	.LFE66:
 190              		.size	AllowNextSkier, .-AllowNextSkier
 191              		.section	.text.DisAllowNextSkier,"ax",%progbits
 192              		.align	2
 193              		.global	DisAllowNextSkier
 194              		.code	16
 195              		.thumb_func
 196              		.type	DisAllowNextSkier, %function
 197              	DisAllowNextSkier:
 198              	.LFB67:
  81:..\..\common\lib\lib_Gate/gate.c **** 
  82:..\..\common\lib\lib_Gate/gate.c **** void DisAllowNextSkier(void)
  83:..\..\common\lib\lib_Gate/gate.c **** {
 199              		.loc 1 83 0
 200              		.cfi_startproc
 201 0000 80B5     		push	{r7, lr}
ARM GAS  C:\Users\Petro\AppData\Local\Temp\ccGcYlvs.s 			page 6


 202              		.cfi_def_cfa_offset 8
 203              		.cfi_offset 7, -8
 204              		.cfi_offset 14, -4
 205 0002 00AF     		add	r7, sp, #0
 206              		.cfi_def_cfa_register 7
  84:..\..\common\lib\lib_Gate/gate.c ****     gateOpen = GATE_CLOSE;
 207              		.loc 1 84 0
 208 0004 054B     		ldr	r3, .L13
 209 0006 0022     		mov	r2, #0
 210 0008 1A60     		str	r2, [r3]
  85:..\..\common\lib\lib_Gate/gate.c ****      
  86:..\..\common\lib\lib_Gate/gate.c ****     GatePin_ClearInterrupt();
 211              		.loc 1 86 0
 212 000a FFF7FEFF 		bl	GatePin_ClearInterrupt
  87:..\..\common\lib\lib_Gate/gate.c ****     GATE_INT_ClearPending();
 213              		.loc 1 87 0
 214 000e FFF7FEFF 		bl	GATE_INT_ClearPending
  88:..\..\common\lib\lib_Gate/gate.c ****     GATE_INT_Disable();   
 215              		.loc 1 88 0
 216 0012 FFF7FEFF 		bl	GATE_INT_Disable
  89:..\..\common\lib\lib_Gate/gate.c **** }
 217              		.loc 1 89 0
 218 0016 BD46     		mov	sp, r7
 219              		@ sp needed
 220 0018 80BD     		pop	{r7, pc}
 221              	.L14:
 222 001a C046     		.align	2
 223              	.L13:
 224 001c 14000000 		.word	gateOpen
 225              		.cfi_endproc
 226              	.LFE67:
 227              		.size	DisAllowNextSkier, .-DisAllowNextSkier
 228              		.section	.text.GetStartTime,"ax",%progbits
 229              		.align	2
 230              		.global	GetStartTime
 231              		.code	16
 232              		.thumb_func
 233              		.type	GetStartTime, %function
 234              	GetStartTime:
 235              	.LFB68:
  90:..\..\common\lib\lib_Gate/gate.c **** 
  91:..\..\common\lib\lib_Gate/gate.c **** /*******************************************************************************
  92:..\..\common\lib\lib_Gate/gate.c **** * Function Name: GetFinTime
  93:..\..\common\lib\lib_Gate/gate.c **** ********************************************************************************
  94:..\..\common\lib\lib_Gate/gate.c **** *
  95:..\..\common\lib\lib_Gate/gate.c **** * Summary:
  96:..\..\common\lib\lib_Gate/gate.c **** *   reading recorded in the interruption time finish skier
  97:..\..\common\lib\lib_Gate/gate.c **** * Parametrs:
  98:..\..\common\lib\lib_Gate/gate.c **** *   *unixTime - pointer from unix time skier
  99:..\..\common\lib\lib_Gate/gate.c **** *   *recentMs - pointer from miliseconds time
 100:..\..\common\lib\lib_Gate/gate.c **** *
 101:..\..\common\lib\lib_Gate/gate.c **** *******************************************************************************/
 102:..\..\common\lib\lib_Gate/gate.c **** #ifdef START_MODULE
 103:..\..\common\lib\lib_Gate/gate.c **** void GetStartTime(uint64_t *unixTime,  uint32_t *recentMs)
 104:..\..\common\lib\lib_Gate/gate.c **** {
 236              		.loc 1 104 0
 237              		.cfi_startproc
ARM GAS  C:\Users\Petro\AppData\Local\Temp\ccGcYlvs.s 			page 7


 238 0000 90B5     		push	{r4, r7, lr}
 239              		.cfi_def_cfa_offset 12
 240              		.cfi_offset 4, -12
 241              		.cfi_offset 7, -8
 242              		.cfi_offset 14, -4
 243 0002 83B0     		sub	sp, sp, #12
 244              		.cfi_def_cfa_offset 24
 245 0004 00AF     		add	r7, sp, #0
 246              		.cfi_def_cfa_register 7
 247 0006 7860     		str	r0, [r7, #4]
 248 0008 3960     		str	r1, [r7]
 105:..\..\common\lib\lib_Gate/gate.c ****     *unixTime = savedUnixTime;
 249              		.loc 1 105 0
 250 000a 064B     		ldr	r3, .L16
 251 000c 5C68     		ldr	r4, [r3, #4]
 252 000e 1B68     		ldr	r3, [r3]
 253 0010 7A68     		ldr	r2, [r7, #4]
 254 0012 1360     		str	r3, [r2]
 255 0014 5460     		str	r4, [r2, #4]
 106:..\..\common\lib\lib_Gate/gate.c ****     *recentMs = savedRecentMs;
 256              		.loc 1 106 0
 257 0016 044B     		ldr	r3, .L16+4
 258 0018 1A68     		ldr	r2, [r3]
 259 001a 3B68     		ldr	r3, [r7]
 260 001c 1A60     		str	r2, [r3]
 107:..\..\common\lib\lib_Gate/gate.c **** }
 261              		.loc 1 107 0
 262 001e BD46     		mov	sp, r7
 263 0020 03B0     		add	sp, sp, #12
 264              		@ sp needed
 265 0022 90BD     		pop	{r4, r7, pc}
 266              	.L17:
 267              		.align	2
 268              	.L16:
 269 0024 08000000 		.word	savedUnixTime
 270 0028 10000000 		.word	savedRecentMs
 271              		.cfi_endproc
 272              	.LFE68:
 273              		.size	GetStartTime, .-GetStartTime
 274              		.text
 275              	.Letext0:
 276              		.file 2 "c:\\program files (x86)\\cypress\\psoc creator\\4.0\\psoc creator\\import\\gnu\\arm\\4.9.
 277              		.file 3 "c:\\program files (x86)\\cypress\\psoc creator\\4.0\\psoc creator\\import\\gnu\\arm\\4.9.
 278              		.file 4 "./appGlobal.h"
 279              		.section	.debug_info,"",%progbits
 280              	.Ldebug_info0:
 281 0000 DB010000 		.4byte	0x1db
 282 0004 0400     		.2byte	0x4
 283 0006 00000000 		.4byte	.Ldebug_abbrev0
 284 000a 04       		.byte	0x4
 285 000b 01       		.uleb128 0x1
 286 000c 4B010000 		.4byte	.LASF32
 287 0010 01       		.byte	0x1
 288 0011 38000000 		.4byte	.LASF33
 289 0015 D6000000 		.4byte	.LASF34
 290 0019 00000000 		.4byte	.Ldebug_ranges0+0
 291 001d 00000000 		.4byte	0
ARM GAS  C:\Users\Petro\AppData\Local\Temp\ccGcYlvs.s 			page 8


 292 0021 00000000 		.4byte	.Ldebug_line0
 293 0025 02       		.uleb128 0x2
 294 0026 01       		.byte	0x1
 295 0027 06       		.byte	0x6
 296 0028 67020000 		.4byte	.LASF0
 297 002c 02       		.uleb128 0x2
 298 002d 01       		.byte	0x1
 299 002e 08       		.byte	0x8
 300 002f 86000000 		.4byte	.LASF1
 301 0033 02       		.uleb128 0x2
 302 0034 02       		.byte	0x2
 303 0035 05       		.byte	0x5
 304 0036 37020000 		.4byte	.LASF2
 305 003a 02       		.uleb128 0x2
 306 003b 02       		.byte	0x2
 307 003c 07       		.byte	0x7
 308 003d C3000000 		.4byte	.LASF3
 309 0041 02       		.uleb128 0x2
 310 0042 04       		.byte	0x4
 311 0043 05       		.byte	0x5
 312 0044 5E020000 		.4byte	.LASF4
 313 0048 03       		.uleb128 0x3
 314 0049 40010000 		.4byte	.LASF7
 315 004d 02       		.byte	0x2
 316 004e 41       		.byte	0x41
 317 004f 53000000 		.4byte	0x53
 318 0053 02       		.uleb128 0x2
 319 0054 04       		.byte	0x4
 320 0055 07       		.byte	0x7
 321 0056 A3000000 		.4byte	.LASF5
 322 005a 02       		.uleb128 0x2
 323 005b 08       		.byte	0x8
 324 005c 05       		.byte	0x5
 325 005d 24020000 		.4byte	.LASF6
 326 0061 03       		.uleb128 0x3
 327 0062 4A020000 		.4byte	.LASF8
 328 0066 02       		.byte	0x2
 329 0067 5B       		.byte	0x5b
 330 0068 6C000000 		.4byte	0x6c
 331 006c 02       		.uleb128 0x2
 332 006d 08       		.byte	0x8
 333 006e 07       		.byte	0x7
 334 006f F4010000 		.4byte	.LASF9
 335 0073 04       		.uleb128 0x4
 336 0074 04       		.byte	0x4
 337 0075 05       		.byte	0x5
 338 0076 696E7400 		.ascii	"int\000"
 339 007a 02       		.uleb128 0x2
 340 007b 04       		.byte	0x4
 341 007c 07       		.byte	0x7
 342 007d E7010000 		.4byte	.LASF10
 343 0081 03       		.uleb128 0x3
 344 0082 55020000 		.4byte	.LASF11
 345 0086 03       		.byte	0x3
 346 0087 2D       		.byte	0x2d
 347 0088 48000000 		.4byte	0x48
 348 008c 03       		.uleb128 0x3
ARM GAS  C:\Users\Petro\AppData\Local\Temp\ccGcYlvs.s 			page 9


 349 008d 6D000000 		.4byte	.LASF12
 350 0091 03       		.byte	0x3
 351 0092 39       		.byte	0x39
 352 0093 61000000 		.4byte	0x61
 353 0097 02       		.uleb128 0x2
 354 0098 04       		.byte	0x4
 355 0099 04       		.byte	0x4
 356 009a 80000000 		.4byte	.LASF13
 357 009e 02       		.uleb128 0x2
 358 009f 08       		.byte	0x8
 359 00a0 04       		.byte	0x4
 360 00a1 1D010000 		.4byte	.LASF14
 361 00a5 02       		.uleb128 0x2
 362 00a6 01       		.byte	0x1
 363 00a7 08       		.byte	0x8
 364 00a8 32020000 		.4byte	.LASF15
 365 00ac 02       		.uleb128 0x2
 366 00ad 04       		.byte	0x4
 367 00ae 07       		.byte	0x7
 368 00af 1B020000 		.4byte	.LASF16
 369 00b3 05       		.uleb128 0x5
 370 00b4 01       		.byte	0x1
 371 00b5 04       		.byte	0x4
 372 00b6 18       		.byte	0x18
 373 00b7 D4000000 		.4byte	0xd4
 374 00bb 06       		.uleb128 0x6
 375 00bc 36010000 		.4byte	.LASF17
 376 00c0 00       		.sleb128 0
 377 00c1 06       		.uleb128 0x6
 378 00c2 00000000 		.4byte	.LASF18
 379 00c6 01       		.sleb128 1
 380 00c7 06       		.uleb128 0x6
 381 00c8 12010000 		.4byte	.LASF19
 382 00cc 02       		.sleb128 2
 383 00cd 06       		.uleb128 0x6
 384 00ce 73020000 		.4byte	.LASF20
 385 00d2 03       		.sleb128 3
 386 00d3 00       		.byte	0
 387 00d4 03       		.uleb128 0x3
 388 00d5 76000000 		.4byte	.LASF21
 389 00d9 04       		.byte	0x4
 390 00da 18       		.byte	0x18
 391 00db B3000000 		.4byte	0xb3
 392 00df 07       		.uleb128 0x7
 393 00e0 94000000 		.4byte	.LASF22
 394 00e4 01       		.byte	0x1
 395 00e5 0D       		.byte	0xd
 396 00e6 00000000 		.4byte	.LFB63
 397 00ea 3C000000 		.4byte	.LFE63-.LFB63
 398 00ee 01       		.uleb128 0x1
 399 00ef 9C       		.byte	0x9c
 400 00f0 07       		.uleb128 0x7
 401 00f1 41020000 		.4byte	.LASF23
 402 00f5 01       		.byte	0x1
 403 00f6 23       		.byte	0x23
 404 00f7 00000000 		.4byte	.LFB64
 405 00fb 28000000 		.4byte	.LFE64-.LFB64
ARM GAS  C:\Users\Petro\AppData\Local\Temp\ccGcYlvs.s 			page 10


 406 00ff 01       		.uleb128 0x1
 407 0100 9C       		.byte	0x9c
 408 0101 08       		.uleb128 0x8
 409 0102 59000000 		.4byte	.LASF35
 410 0106 01       		.byte	0x1
 411 0107 38       		.byte	0x38
 412 0108 81000000 		.4byte	0x81
 413 010c 00000000 		.4byte	.LFB65
 414 0110 20000000 		.4byte	.LFE65-.LFB65
 415 0114 01       		.uleb128 0x1
 416 0115 9C       		.byte	0x9c
 417 0116 29010000 		.4byte	0x129
 418 011a 09       		.uleb128 0x9
 419 011b 0B020000 		.4byte	.LASF28
 420 011f 01       		.byte	0x1
 421 0120 3A       		.byte	0x3a
 422 0121 81000000 		.4byte	0x81
 423 0125 02       		.uleb128 0x2
 424 0126 91       		.byte	0x91
 425 0127 74       		.sleb128 -12
 426 0128 00       		.byte	0
 427 0129 07       		.uleb128 0x7
 428 012a 29000000 		.4byte	.LASF24
 429 012e 01       		.byte	0x1
 430 012f 4B       		.byte	0x4b
 431 0130 00000000 		.4byte	.LFB66
 432 0134 10000000 		.4byte	.LFE66-.LFB66
 433 0138 01       		.uleb128 0x1
 434 0139 9C       		.byte	0x9c
 435 013a 07       		.uleb128 0x7
 436 013b 24010000 		.4byte	.LASF25
 437 013f 01       		.byte	0x1
 438 0140 52       		.byte	0x52
 439 0141 00000000 		.4byte	.LFB67
 440 0145 20000000 		.4byte	.LFE67-.LFB67
 441 0149 01       		.uleb128 0x1
 442 014a 9C       		.byte	0x9c
 443 014b 0A       		.uleb128 0xa
 444 014c 1C000000 		.4byte	.LASF36
 445 0150 01       		.byte	0x1
 446 0151 67       		.byte	0x67
 447 0152 00000000 		.4byte	.LFB68
 448 0156 2C000000 		.4byte	.LFE68-.LFB68
 449 015a 01       		.uleb128 0x1
 450 015b 9C       		.byte	0x9c
 451 015c 7D010000 		.4byte	0x17d
 452 0160 0B       		.uleb128 0xb
 453 0161 64000000 		.4byte	.LASF26
 454 0165 01       		.byte	0x1
 455 0166 67       		.byte	0x67
 456 0167 7D010000 		.4byte	0x17d
 457 016b 02       		.uleb128 0x2
 458 016c 91       		.byte	0x91
 459 016d 6C       		.sleb128 -20
 460 016e 0B       		.uleb128 0xb
 461 016f 7F020000 		.4byte	.LASF27
 462 0173 01       		.byte	0x1
ARM GAS  C:\Users\Petro\AppData\Local\Temp\ccGcYlvs.s 			page 11


 463 0174 67       		.byte	0x67
 464 0175 83010000 		.4byte	0x183
 465 0179 02       		.uleb128 0x2
 466 017a 91       		.byte	0x91
 467 017b 68       		.sleb128 -24
 468 017c 00       		.byte	0
 469 017d 0C       		.uleb128 0xc
 470 017e 04       		.byte	0x4
 471 017f 8C000000 		.4byte	0x8c
 472 0183 0C       		.uleb128 0xc
 473 0184 04       		.byte	0x4
 474 0185 81000000 		.4byte	0x81
 475 0189 09       		.uleb128 0x9
 476 018a 0B020000 		.4byte	.LASF28
 477 018e 04       		.byte	0x4
 478 018f 1B       		.byte	0x1b
 479 0190 81000000 		.4byte	0x81
 480 0194 05       		.uleb128 0x5
 481 0195 03       		.byte	0x3
 482 0196 00000000 		.4byte	result
 483 019a 09       		.uleb128 0x9
 484 019b D9010000 		.4byte	.LASF29
 485 019f 01       		.byte	0x1
 486 01a0 07       		.byte	0x7
 487 01a1 8C000000 		.4byte	0x8c
 488 01a5 05       		.uleb128 0x5
 489 01a6 03       		.byte	0x3
 490 01a7 08000000 		.4byte	savedUnixTime
 491 01ab 09       		.uleb128 0x9
 492 01ac B5000000 		.4byte	.LASF30
 493 01b0 01       		.byte	0x1
 494 01b1 08       		.byte	0x8
 495 01b2 81000000 		.4byte	0x81
 496 01b6 05       		.uleb128 0x5
 497 01b7 03       		.byte	0x3
 498 01b8 10000000 		.4byte	savedRecentMs
 499 01bc 09       		.uleb128 0x9
 500 01bd 12020000 		.4byte	.LASF31
 501 01c1 01       		.byte	0x1
 502 01c2 09       		.byte	0x9
 503 01c3 81000000 		.4byte	0x81
 504 01c7 05       		.uleb128 0x5
 505 01c8 03       		.byte	0x3
 506 01c9 14000000 		.4byte	gateOpen
 507 01cd 0D       		.uleb128 0xd
 508 01ce 0F000000 		.4byte	.LASF37
 509 01d2 04       		.byte	0x4
 510 01d3 19       		.byte	0x19
 511 01d4 D4000000 		.4byte	0xd4
 512 01d8 05       		.uleb128 0x5
 513 01d9 03       		.byte	0x3
 514 01da 00000000 		.4byte	currentState
 515 01de 00       		.byte	0
 516              		.section	.debug_abbrev,"",%progbits
 517              	.Ldebug_abbrev0:
 518 0000 01       		.uleb128 0x1
 519 0001 11       		.uleb128 0x11
ARM GAS  C:\Users\Petro\AppData\Local\Temp\ccGcYlvs.s 			page 12


 520 0002 01       		.byte	0x1
 521 0003 25       		.uleb128 0x25
 522 0004 0E       		.uleb128 0xe
 523 0005 13       		.uleb128 0x13
 524 0006 0B       		.uleb128 0xb
 525 0007 03       		.uleb128 0x3
 526 0008 0E       		.uleb128 0xe
 527 0009 1B       		.uleb128 0x1b
 528 000a 0E       		.uleb128 0xe
 529 000b 55       		.uleb128 0x55
 530 000c 17       		.uleb128 0x17
 531 000d 11       		.uleb128 0x11
 532 000e 01       		.uleb128 0x1
 533 000f 10       		.uleb128 0x10
 534 0010 17       		.uleb128 0x17
 535 0011 00       		.byte	0
 536 0012 00       		.byte	0
 537 0013 02       		.uleb128 0x2
 538 0014 24       		.uleb128 0x24
 539 0015 00       		.byte	0
 540 0016 0B       		.uleb128 0xb
 541 0017 0B       		.uleb128 0xb
 542 0018 3E       		.uleb128 0x3e
 543 0019 0B       		.uleb128 0xb
 544 001a 03       		.uleb128 0x3
 545 001b 0E       		.uleb128 0xe
 546 001c 00       		.byte	0
 547 001d 00       		.byte	0
 548 001e 03       		.uleb128 0x3
 549 001f 16       		.uleb128 0x16
 550 0020 00       		.byte	0
 551 0021 03       		.uleb128 0x3
 552 0022 0E       		.uleb128 0xe
 553 0023 3A       		.uleb128 0x3a
 554 0024 0B       		.uleb128 0xb
 555 0025 3B       		.uleb128 0x3b
 556 0026 0B       		.uleb128 0xb
 557 0027 49       		.uleb128 0x49
 558 0028 13       		.uleb128 0x13
 559 0029 00       		.byte	0
 560 002a 00       		.byte	0
 561 002b 04       		.uleb128 0x4
 562 002c 24       		.uleb128 0x24
 563 002d 00       		.byte	0
 564 002e 0B       		.uleb128 0xb
 565 002f 0B       		.uleb128 0xb
 566 0030 3E       		.uleb128 0x3e
 567 0031 0B       		.uleb128 0xb
 568 0032 03       		.uleb128 0x3
 569 0033 08       		.uleb128 0x8
 570 0034 00       		.byte	0
 571 0035 00       		.byte	0
 572 0036 05       		.uleb128 0x5
 573 0037 04       		.uleb128 0x4
 574 0038 01       		.byte	0x1
 575 0039 0B       		.uleb128 0xb
 576 003a 0B       		.uleb128 0xb
ARM GAS  C:\Users\Petro\AppData\Local\Temp\ccGcYlvs.s 			page 13


 577 003b 3A       		.uleb128 0x3a
 578 003c 0B       		.uleb128 0xb
 579 003d 3B       		.uleb128 0x3b
 580 003e 0B       		.uleb128 0xb
 581 003f 01       		.uleb128 0x1
 582 0040 13       		.uleb128 0x13
 583 0041 00       		.byte	0
 584 0042 00       		.byte	0
 585 0043 06       		.uleb128 0x6
 586 0044 28       		.uleb128 0x28
 587 0045 00       		.byte	0
 588 0046 03       		.uleb128 0x3
 589 0047 0E       		.uleb128 0xe
 590 0048 1C       		.uleb128 0x1c
 591 0049 0D       		.uleb128 0xd
 592 004a 00       		.byte	0
 593 004b 00       		.byte	0
 594 004c 07       		.uleb128 0x7
 595 004d 2E       		.uleb128 0x2e
 596 004e 00       		.byte	0
 597 004f 3F       		.uleb128 0x3f
 598 0050 19       		.uleb128 0x19
 599 0051 03       		.uleb128 0x3
 600 0052 0E       		.uleb128 0xe
 601 0053 3A       		.uleb128 0x3a
 602 0054 0B       		.uleb128 0xb
 603 0055 3B       		.uleb128 0x3b
 604 0056 0B       		.uleb128 0xb
 605 0057 27       		.uleb128 0x27
 606 0058 19       		.uleb128 0x19
 607 0059 11       		.uleb128 0x11
 608 005a 01       		.uleb128 0x1
 609 005b 12       		.uleb128 0x12
 610 005c 06       		.uleb128 0x6
 611 005d 40       		.uleb128 0x40
 612 005e 18       		.uleb128 0x18
 613 005f 9642     		.uleb128 0x2116
 614 0061 19       		.uleb128 0x19
 615 0062 00       		.byte	0
 616 0063 00       		.byte	0
 617 0064 08       		.uleb128 0x8
 618 0065 2E       		.uleb128 0x2e
 619 0066 01       		.byte	0x1
 620 0067 3F       		.uleb128 0x3f
 621 0068 19       		.uleb128 0x19
 622 0069 03       		.uleb128 0x3
 623 006a 0E       		.uleb128 0xe
 624 006b 3A       		.uleb128 0x3a
 625 006c 0B       		.uleb128 0xb
 626 006d 3B       		.uleb128 0x3b
 627 006e 0B       		.uleb128 0xb
 628 006f 27       		.uleb128 0x27
 629 0070 19       		.uleb128 0x19
 630 0071 49       		.uleb128 0x49
 631 0072 13       		.uleb128 0x13
 632 0073 11       		.uleb128 0x11
 633 0074 01       		.uleb128 0x1
ARM GAS  C:\Users\Petro\AppData\Local\Temp\ccGcYlvs.s 			page 14


 634 0075 12       		.uleb128 0x12
 635 0076 06       		.uleb128 0x6
 636 0077 40       		.uleb128 0x40
 637 0078 18       		.uleb128 0x18
 638 0079 9742     		.uleb128 0x2117
 639 007b 19       		.uleb128 0x19
 640 007c 01       		.uleb128 0x1
 641 007d 13       		.uleb128 0x13
 642 007e 00       		.byte	0
 643 007f 00       		.byte	0
 644 0080 09       		.uleb128 0x9
 645 0081 34       		.uleb128 0x34
 646 0082 00       		.byte	0
 647 0083 03       		.uleb128 0x3
 648 0084 0E       		.uleb128 0xe
 649 0085 3A       		.uleb128 0x3a
 650 0086 0B       		.uleb128 0xb
 651 0087 3B       		.uleb128 0x3b
 652 0088 0B       		.uleb128 0xb
 653 0089 49       		.uleb128 0x49
 654 008a 13       		.uleb128 0x13
 655 008b 02       		.uleb128 0x2
 656 008c 18       		.uleb128 0x18
 657 008d 00       		.byte	0
 658 008e 00       		.byte	0
 659 008f 0A       		.uleb128 0xa
 660 0090 2E       		.uleb128 0x2e
 661 0091 01       		.byte	0x1
 662 0092 3F       		.uleb128 0x3f
 663 0093 19       		.uleb128 0x19
 664 0094 03       		.uleb128 0x3
 665 0095 0E       		.uleb128 0xe
 666 0096 3A       		.uleb128 0x3a
 667 0097 0B       		.uleb128 0xb
 668 0098 3B       		.uleb128 0x3b
 669 0099 0B       		.uleb128 0xb
 670 009a 27       		.uleb128 0x27
 671 009b 19       		.uleb128 0x19
 672 009c 11       		.uleb128 0x11
 673 009d 01       		.uleb128 0x1
 674 009e 12       		.uleb128 0x12
 675 009f 06       		.uleb128 0x6
 676 00a0 40       		.uleb128 0x40
 677 00a1 18       		.uleb128 0x18
 678 00a2 9742     		.uleb128 0x2117
 679 00a4 19       		.uleb128 0x19
 680 00a5 01       		.uleb128 0x1
 681 00a6 13       		.uleb128 0x13
 682 00a7 00       		.byte	0
 683 00a8 00       		.byte	0
 684 00a9 0B       		.uleb128 0xb
 685 00aa 05       		.uleb128 0x5
 686 00ab 00       		.byte	0
 687 00ac 03       		.uleb128 0x3
 688 00ad 0E       		.uleb128 0xe
 689 00ae 3A       		.uleb128 0x3a
 690 00af 0B       		.uleb128 0xb
ARM GAS  C:\Users\Petro\AppData\Local\Temp\ccGcYlvs.s 			page 15


 691 00b0 3B       		.uleb128 0x3b
 692 00b1 0B       		.uleb128 0xb
 693 00b2 49       		.uleb128 0x49
 694 00b3 13       		.uleb128 0x13
 695 00b4 02       		.uleb128 0x2
 696 00b5 18       		.uleb128 0x18
 697 00b6 00       		.byte	0
 698 00b7 00       		.byte	0
 699 00b8 0C       		.uleb128 0xc
 700 00b9 0F       		.uleb128 0xf
 701 00ba 00       		.byte	0
 702 00bb 0B       		.uleb128 0xb
 703 00bc 0B       		.uleb128 0xb
 704 00bd 49       		.uleb128 0x49
 705 00be 13       		.uleb128 0x13
 706 00bf 00       		.byte	0
 707 00c0 00       		.byte	0
 708 00c1 0D       		.uleb128 0xd
 709 00c2 34       		.uleb128 0x34
 710 00c3 00       		.byte	0
 711 00c4 03       		.uleb128 0x3
 712 00c5 0E       		.uleb128 0xe
 713 00c6 3A       		.uleb128 0x3a
 714 00c7 0B       		.uleb128 0xb
 715 00c8 3B       		.uleb128 0x3b
 716 00c9 0B       		.uleb128 0xb
 717 00ca 49       		.uleb128 0x49
 718 00cb 13       		.uleb128 0x13
 719 00cc 3F       		.uleb128 0x3f
 720 00cd 19       		.uleb128 0x19
 721 00ce 02       		.uleb128 0x2
 722 00cf 18       		.uleb128 0x18
 723 00d0 00       		.byte	0
 724 00d1 00       		.byte	0
 725 00d2 00       		.byte	0
 726              		.section	.debug_aranges,"",%progbits
 727 0000 44000000 		.4byte	0x44
 728 0004 0200     		.2byte	0x2
 729 0006 00000000 		.4byte	.Ldebug_info0
 730 000a 04       		.byte	0x4
 731 000b 00       		.byte	0
 732 000c 0000     		.2byte	0
 733 000e 0000     		.2byte	0
 734 0010 00000000 		.4byte	.LFB63
 735 0014 3C000000 		.4byte	.LFE63-.LFB63
 736 0018 00000000 		.4byte	.LFB64
 737 001c 28000000 		.4byte	.LFE64-.LFB64
 738 0020 00000000 		.4byte	.LFB65
 739 0024 20000000 		.4byte	.LFE65-.LFB65
 740 0028 00000000 		.4byte	.LFB66
 741 002c 10000000 		.4byte	.LFE66-.LFB66
 742 0030 00000000 		.4byte	.LFB67
 743 0034 20000000 		.4byte	.LFE67-.LFB67
 744 0038 00000000 		.4byte	.LFB68
 745 003c 2C000000 		.4byte	.LFE68-.LFB68
 746 0040 00000000 		.4byte	0
 747 0044 00000000 		.4byte	0
ARM GAS  C:\Users\Petro\AppData\Local\Temp\ccGcYlvs.s 			page 16


 748              		.section	.debug_ranges,"",%progbits
 749              	.Ldebug_ranges0:
 750 0000 00000000 		.4byte	.LFB63
 751 0004 3C000000 		.4byte	.LFE63
 752 0008 00000000 		.4byte	.LFB64
 753 000c 28000000 		.4byte	.LFE64
 754 0010 00000000 		.4byte	.LFB65
 755 0014 20000000 		.4byte	.LFE65
 756 0018 00000000 		.4byte	.LFB66
 757 001c 10000000 		.4byte	.LFE66
 758 0020 00000000 		.4byte	.LFB67
 759 0024 20000000 		.4byte	.LFE67
 760 0028 00000000 		.4byte	.LFB68
 761 002c 2C000000 		.4byte	.LFE68
 762 0030 00000000 		.4byte	0
 763 0034 00000000 		.4byte	0
 764              		.section	.debug_line,"",%progbits
 765              	.Ldebug_line0:
 766 0000 BD010000 		.section	.debug_str,"MS",%progbits,1
 766      02004001 
 766      00000201 
 766      FB0E0D00 
 766      01010101 
 767              	.LASF18:
 768 0000 4745545F 		.ascii	"GET_FIN_STATUS\000"
 768      46494E5F 
 768      53544154 
 768      555300
 769              	.LASF37:
 770 000f 63757272 		.ascii	"currentState\000"
 770      656E7453 
 770      74617465 
 770      00
 771              	.LASF36:
 772 001c 47657453 		.ascii	"GetStartTime\000"
 772      74617274 
 772      54696D65 
 772      00
 773              	.LASF24:
 774 0029 416C6C6F 		.ascii	"AllowNextSkier\000"
 774      774E6578 
 774      74536B69 
 774      657200
 775              	.LASF33:
 776 0038 2E2E5C2E 		.ascii	"..\\..\\common\\lib\\lib_Gate\\gate.c\000"
 776      2E5C636F 
 776      6D6D6F6E 
 776      5C6C6962 
 776      5C6C6962 
 777              	.LASF35:
 778 0059 47617465 		.ascii	"GateIsOpen\000"
 778      49734F70 
 778      656E00
 779              	.LASF26:
 780 0064 756E6978 		.ascii	"unixTime\000"
 780      54696D65 
 780      00
ARM GAS  C:\Users\Petro\AppData\Local\Temp\ccGcYlvs.s 			page 17


 781              	.LASF12:
 782 006d 75696E74 		.ascii	"uint64_t\000"
 782      36345F74 
 782      00
 783              	.LASF21:
 784 0076 53746174 		.ascii	"StateType\000"
 784      65547970 
 784      6500
 785              	.LASF13:
 786 0080 666C6F61 		.ascii	"float\000"
 786      7400
 787              	.LASF1:
 788 0086 756E7369 		.ascii	"unsigned char\000"
 788      676E6564 
 788      20636861 
 788      7200
 789              	.LASF22:
 790 0094 47415445 		.ascii	"GATE_INTERRUPT\000"
 790      5F494E54 
 790      45525255 
 790      505400
 791              	.LASF5:
 792 00a3 6C6F6E67 		.ascii	"long unsigned int\000"
 792      20756E73 
 792      69676E65 
 792      6420696E 
 792      7400
 793              	.LASF30:
 794 00b5 73617665 		.ascii	"savedRecentMs\000"
 794      64526563 
 794      656E744D 
 794      7300
 795              	.LASF3:
 796 00c3 73686F72 		.ascii	"short unsigned int\000"
 796      7420756E 
 796      7369676E 
 796      65642069 
 796      6E7400
 797              	.LASF34:
 798 00d6 443A5C43 		.ascii	"D:\\Cypress\\system-start-finish\\dev\\FW\\start\\s"
 798      79707265 
 798      73735C73 
 798      79737465 
 798      6D2D7374 
 799 0103 74617274 		.ascii	"tart_v11.cydsn\000"
 799      5F763131 
 799      2E637964 
 799      736E00
 800              	.LASF19:
 801 0112 43484543 		.ascii	"CHECK_GATE\000"
 801      4B5F4741 
 801      544500
 802              	.LASF14:
 803 011d 646F7562 		.ascii	"double\000"
 803      6C6500
 804              	.LASF25:
 805 0124 44697341 		.ascii	"DisAllowNextSkier\000"
ARM GAS  C:\Users\Petro\AppData\Local\Temp\ccGcYlvs.s 			page 18


 805      6C6C6F77 
 805      4E657874 
 805      536B6965 
 805      7200
 806              	.LASF17:
 807 0136 54494D45 		.ascii	"TIME_SYNC\000"
 807      5F53594E 
 807      4300
 808              	.LASF7:
 809 0140 5F5F7569 		.ascii	"__uint32_t\000"
 809      6E743332 
 809      5F7400
 810              	.LASF32:
 811 014b 474E5520 		.ascii	"GNU C 4.9.3 20150303 (release) [ARM/embedded-4_9-br"
 811      4320342E 
 811      392E3320 
 811      32303135 
 811      30333033 
 812 017e 616E6368 		.ascii	"anch revision 221220] -mcpu=cortex-m0 -mthumb -g -O"
 812      20726576 
 812      6973696F 
 812      6E203232 
 812      31323230 
 813 01b1 30202D66 		.ascii	"0 -ffunction-sections -ffat-lto-objects\000"
 813      66756E63 
 813      74696F6E 
 813      2D736563 
 813      74696F6E 
 814              	.LASF29:
 815 01d9 73617665 		.ascii	"savedUnixTime\000"
 815      64556E69 
 815      7854696D 
 815      6500
 816              	.LASF10:
 817 01e7 756E7369 		.ascii	"unsigned int\000"
 817      676E6564 
 817      20696E74 
 817      00
 818              	.LASF9:
 819 01f4 6C6F6E67 		.ascii	"long long unsigned int\000"
 819      206C6F6E 
 819      6720756E 
 819      7369676E 
 819      65642069 
 820              	.LASF28:
 821 020b 72657375 		.ascii	"result\000"
 821      6C7400
 822              	.LASF31:
 823 0212 67617465 		.ascii	"gateOpen\000"
 823      4F70656E 
 823      00
 824              	.LASF16:
 825 021b 73697A65 		.ascii	"sizetype\000"
 825      74797065 
 825      00
 826              	.LASF6:
 827 0224 6C6F6E67 		.ascii	"long long int\000"
ARM GAS  C:\Users\Petro\AppData\Local\Temp\ccGcYlvs.s 			page 19


 827      206C6F6E 
 827      6720696E 
 827      7400
 828              	.LASF15:
 829 0232 63686172 		.ascii	"char\000"
 829      00
 830              	.LASF2:
 831 0237 73686F72 		.ascii	"short int\000"
 831      7420696E 
 831      7400
 832              	.LASF23:
 833 0241 47617465 		.ascii	"GateInit\000"
 833      496E6974 
 833      00
 834              	.LASF8:
 835 024a 5F5F7569 		.ascii	"__uint64_t\000"
 835      6E743634 
 835      5F7400
 836              	.LASF11:
 837 0255 75696E74 		.ascii	"uint32_t\000"
 837      33325F74 
 837      00
 838              	.LASF4:
 839 025e 6C6F6E67 		.ascii	"long int\000"
 839      20696E74 
 839      00
 840              	.LASF0:
 841 0267 7369676E 		.ascii	"signed char\000"
 841      65642063 
 841      68617200 
 842              	.LASF20:
 843 0273 53415645 		.ascii	"SAVE_RESULT\000"
 843      5F524553 
 843      554C5400 
 844              	.LASF27:
 845 027f 72656365 		.ascii	"recentMs\000"
 845      6E744D73 
 845      00
 846              		.ident	"GCC: (GNU Tools for ARM Embedded Processors) 4.9.3 20150303 (release) [ARM/embedded-4_9-br
