ARM GAS  C:\Users\Petro\AppData\Local\Temp\ccAosXsX.s 			page 1


   1              		.cpu cortex-m0
   2              		.fpu softvfp
   3              		.eabi_attribute 20, 1
   4              		.eabi_attribute 21, 1
   5              		.eabi_attribute 23, 3
   6              		.eabi_attribute 24, 1
   7              		.eabi_attribute 25, 1
   8              		.eabi_attribute 26, 1
   9              		.eabi_attribute 30, 6
  10              		.eabi_attribute 34, 0
  11              		.eabi_attribute 18, 4
  12              		.code	16
  13              		.file	"Graphics.c"
  14              		.text
  15              	.Ltext0:
  16              		.cfi_sections	.debug_frame
  17              		.comm	currentState,1,1
  18              		.bss
  19              		.align	2
  20              	result:
  21 0000 00000000 		.space	4
  22              		.global	logoCypress
  23              		.section	.rodata
  24              		.align	2
  25              		.type	logoCypress, %object
  26              		.size	logoCypress, 504
  27              	logoCypress:
  28 0000 00       		.byte	0
  29 0001 00       		.byte	0
  30 0002 00       		.byte	0
  31 0003 00       		.byte	0
  32 0004 00       		.byte	0
  33 0005 00       		.byte	0
  34 0006 00       		.byte	0
  35 0007 00       		.byte	0
  36 0008 00       		.byte	0
  37 0009 00       		.byte	0
  38 000a 00       		.byte	0
  39 000b 00       		.byte	0
  40 000c 00       		.byte	0
  41 000d 00       		.byte	0
  42 000e 00       		.byte	0
  43 000f 00       		.byte	0
  44 0010 00       		.byte	0
  45 0011 80       		.byte	-128
  46 0012 80       		.byte	-128
  47 0013 80       		.byte	-128
  48 0014 80       		.byte	-128
  49 0015 80       		.byte	-128
  50 0016 80       		.byte	-128
  51 0017 80       		.byte	-128
  52 0018 80       		.byte	-128
  53 0019 80       		.byte	-128
  54 001a 80       		.byte	-128
  55 001b C0       		.byte	-64
  56 001c C0       		.byte	-64
  57 001d C0       		.byte	-64
ARM GAS  C:\Users\Petro\AppData\Local\Temp\ccAosXsX.s 			page 2


  58 001e C0       		.byte	-64
  59 001f C0       		.byte	-64
  60 0020 C0       		.byte	-64
  61 0021 C0       		.byte	-64
  62 0022 C0       		.byte	-64
  63 0023 C0       		.byte	-64
  64 0024 C0       		.byte	-64
  65 0025 C0       		.byte	-64
  66 0026 C0       		.byte	-64
  67 0027 C0       		.byte	-64
  68 0028 C0       		.byte	-64
  69 0029 C0       		.byte	-64
  70 002a C0       		.byte	-64
  71 002b C0       		.byte	-64
  72 002c 80       		.byte	-128
  73 002d 80       		.byte	-128
  74 002e 80       		.byte	-128
  75 002f 00       		.byte	0
  76 0030 00       		.byte	0
  77 0031 00       		.byte	0
  78 0032 00       		.byte	0
  79 0033 00       		.byte	0
  80 0034 00       		.byte	0
  81 0035 00       		.byte	0
  82 0036 00       		.byte	0
  83 0037 00       		.byte	0
  84 0038 00       		.byte	0
  85 0039 00       		.byte	0
  86 003a 00       		.byte	0
  87 003b 00       		.byte	0
  88 003c 00       		.byte	0
  89 003d 00       		.byte	0
  90 003e 00       		.byte	0
  91 003f 00       		.byte	0
  92 0040 00       		.byte	0
  93 0041 00       		.byte	0
  94 0042 00       		.byte	0
  95 0043 00       		.byte	0
  96 0044 00       		.byte	0
  97 0045 00       		.byte	0
  98 0046 00       		.byte	0
  99 0047 00       		.byte	0
 100 0048 00       		.byte	0
 101 0049 00       		.byte	0
 102 004a 00       		.byte	0
 103 004b 00       		.byte	0
 104 004c 00       		.byte	0
 105 004d 00       		.byte	0
 106 004e 00       		.byte	0
 107 004f 00       		.byte	0
 108 0050 00       		.byte	0
 109 0051 00       		.byte	0
 110 0052 00       		.byte	0
 111 0053 00       		.byte	0
 112 0054 00       		.byte	0
 113 0055 00       		.byte	0
 114 0056 00       		.byte	0
ARM GAS  C:\Users\Petro\AppData\Local\Temp\ccAosXsX.s 			page 3


 115 0057 00       		.byte	0
 116 0058 00       		.byte	0
 117 0059 00       		.byte	0
 118 005a 20       		.byte	32
 119 005b 20       		.byte	32
 120 005c 20       		.byte	32
 121 005d 20       		.byte	32
 122 005e 24       		.byte	36
 123 005f 24       		.byte	36
 124 0060 24       		.byte	36
 125 0061 24       		.byte	36
 126 0062 24       		.byte	36
 127 0063 24       		.byte	36
 128 0064 24       		.byte	36
 129 0065 24       		.byte	36
 130 0066 64       		.byte	100
 131 0067 64       		.byte	100
 132 0068 64       		.byte	100
 133 0069 6C       		.byte	108
 134 006a 6C       		.byte	108
 135 006b 6C       		.byte	108
 136 006c 6D       		.byte	109
 137 006d 6D       		.byte	109
 138 006e 6D       		.byte	109
 139 006f 6D       		.byte	109
 140 0070 6D       		.byte	109
 141 0071 6D       		.byte	109
 142 0072 6D       		.byte	109
 143 0073 6D       		.byte	109
 144 0074 6D       		.byte	109
 145 0075 6D       		.byte	109
 146 0076 6D       		.byte	109
 147 0077 0D       		.byte	13
 148 0078 0D       		.byte	13
 149 0079 0D       		.byte	13
 150 007a 0D       		.byte	13
 151 007b 0D       		.byte	13
 152 007c 0D       		.byte	13
 153 007d 0D       		.byte	13
 154 007e 0D       		.byte	13
 155 007f 2D       		.byte	45
 156 0080 2D       		.byte	45
 157 0081 2D       		.byte	45
 158 0082 2D       		.byte	45
 159 0083 2D       		.byte	45
 160 0084 2D       		.byte	45
 161 0085 2C       		.byte	44
 162 0086 2C       		.byte	44
 163 0087 2C       		.byte	44
 164 0088 EC       		.byte	-20
 165 0089 EC       		.byte	-20
 166 008a E8       		.byte	-24
 167 008b E0       		.byte	-32
 168 008c E0       		.byte	-32
 169 008d C0       		.byte	-64
 170 008e 80       		.byte	-128
 171 008f 80       		.byte	-128
ARM GAS  C:\Users\Petro\AppData\Local\Temp\ccAosXsX.s 			page 4


 172 0090 80       		.byte	-128
 173 0091 80       		.byte	-128
 174 0092 C0       		.byte	-64
 175 0093 C0       		.byte	-64
 176 0094 80       		.byte	-128
 177 0095 80       		.byte	-128
 178 0096 80       		.byte	-128
 179 0097 80       		.byte	-128
 180 0098 80       		.byte	-128
 181 0099 80       		.byte	-128
 182 009a 00       		.byte	0
 183 009b 00       		.byte	0
 184 009c 00       		.byte	0
 185 009d 00       		.byte	0
 186 009e 00       		.byte	0
 187 009f 00       		.byte	0
 188 00a0 00       		.byte	0
 189 00a1 00       		.byte	0
 190 00a2 00       		.byte	0
 191 00a3 00       		.byte	0
 192 00a4 00       		.byte	0
 193 00a5 00       		.byte	0
 194 00a6 00       		.byte	0
 195 00a7 00       		.byte	0
 196 00a8 00       		.byte	0
 197 00a9 40       		.byte	64
 198 00aa 48       		.byte	72
 199 00ab 49       		.byte	73
 200 00ac 49       		.byte	73
 201 00ad 49       		.byte	73
 202 00ae 49       		.byte	73
 203 00af 49       		.byte	73
 204 00b0 49       		.byte	73
 205 00b1 49       		.byte	73
 206 00b2 49       		.byte	73
 207 00b3 49       		.byte	73
 208 00b4 49       		.byte	73
 209 00b5 49       		.byte	73
 210 00b6 49       		.byte	73
 211 00b7 D9       		.byte	-39
 212 00b8 DB       		.byte	-37
 213 00b9 DB       		.byte	-37
 214 00ba DB       		.byte	-37
 215 00bb D3       		.byte	-45
 216 00bc D3       		.byte	-45
 217 00bd D3       		.byte	-45
 218 00be D3       		.byte	-45
 219 00bf D0       		.byte	-48
 220 00c0 D0       		.byte	-48
 221 00c1 C0       		.byte	-64
 222 00c2 90       		.byte	-112
 223 00c3 C0       		.byte	-64
 224 00c4 C0       		.byte	-64
 225 00c5 C0       		.byte	-64
 226 00c6 C0       		.byte	-64
 227 00c7 80       		.byte	-128
 228 00c8 80       		.byte	-128
ARM GAS  C:\Users\Petro\AppData\Local\Temp\ccAosXsX.s 			page 5


 229 00c9 80       		.byte	-128
 230 00ca 80       		.byte	-128
 231 00cb 80       		.byte	-128
 232 00cc C0       		.byte	-64
 233 00cd C0       		.byte	-64
 234 00ce C0       		.byte	-64
 235 00cf C0       		.byte	-64
 236 00d0 80       		.byte	-128
 237 00d1 C0       		.byte	-64
 238 00d2 40       		.byte	64
 239 00d3 40       		.byte	64
 240 00d4 C0       		.byte	-64
 241 00d5 C0       		.byte	-64
 242 00d6 00       		.byte	0
 243 00d7 00       		.byte	0
 244 00d8 00       		.byte	0
 245 00d9 00       		.byte	0
 246 00da 00       		.byte	0
 247 00db 00       		.byte	0
 248 00dc 00       		.byte	0
 249 00dd 00       		.byte	0
 250 00de 00       		.byte	0
 251 00df 00       		.byte	0
 252 00e0 00       		.byte	0
 253 00e1 00       		.byte	0
 254 00e2 00       		.byte	0
 255 00e3 00       		.byte	0
 256 00e4 00       		.byte	0
 257 00e5 00       		.byte	0
 258 00e6 80       		.byte	-128
 259 00e7 80       		.byte	-128
 260 00e8 C0       		.byte	-64
 261 00e9 40       		.byte	64
 262 00ea C0       		.byte	-64
 263 00eb C1       		.byte	-63
 264 00ec 41       		.byte	65
 265 00ed C3       		.byte	-61
 266 00ee 43       		.byte	67
 267 00ef FB       		.byte	-5
 268 00f0 BA       		.byte	-70
 269 00f1 FE       		.byte	-2
 270 00f2 F6       		.byte	-10
 271 00f3 86       		.byte	-122
 272 00f4 86       		.byte	-122
 273 00f5 86       		.byte	-122
 274 00f6 86       		.byte	-122
 275 00f7 86       		.byte	-122
 276 00f8 02       		.byte	2
 277 00f9 80       		.byte	-128
 278 00fa 00       		.byte	0
 279 00fb 00       		.byte	0
 280 00fc 00       		.byte	0
 281 00fd 12       		.byte	18
 282 00fe 12       		.byte	18
 283 00ff 92       		.byte	-110
 284 0100 92       		.byte	-110
 285 0101 92       		.byte	-110
ARM GAS  C:\Users\Petro\AppData\Local\Temp\ccAosXsX.s 			page 6


 286 0102 92       		.byte	-110
 287 0103 92       		.byte	-110
 288 0104 92       		.byte	-110
 289 0105 92       		.byte	-110
 290 0106 92       		.byte	-110
 291 0107 92       		.byte	-110
 292 0108 92       		.byte	-110
 293 0109 92       		.byte	-110
 294 010a 92       		.byte	-110
 295 010b B6       		.byte	-74
 296 010c B6       		.byte	-74
 297 010d B6       		.byte	-74
 298 010e B6       		.byte	-74
 299 010f B6       		.byte	-74
 300 0110 B6       		.byte	-74
 301 0111 B6       		.byte	-74
 302 0112 B6       		.byte	-74
 303 0113 B6       		.byte	-74
 304 0114 B6       		.byte	-74
 305 0115 B6       		.byte	-74
 306 0116 B6       		.byte	-74
 307 0117 B6       		.byte	-74
 308 0118 B6       		.byte	-74
 309 0119 B6       		.byte	-74
 310 011a B6       		.byte	-74
 311 011b B6       		.byte	-74
 312 011c B6       		.byte	-74
 313 011d B6       		.byte	-74
 314 011e B6       		.byte	-74
 315 011f B6       		.byte	-74
 316 0120 B6       		.byte	-74
 317 0121 B6       		.byte	-74
 318 0122 B6       		.byte	-74
 319 0123 B6       		.byte	-74
 320 0124 B6       		.byte	-74
 321 0125 B6       		.byte	-74
 322 0126 B6       		.byte	-74
 323 0127 B6       		.byte	-74
 324 0128 B6       		.byte	-74
 325 0129 B4       		.byte	-76
 326 012a B0       		.byte	-80
 327 012b 80       		.byte	-128
 328 012c 16       		.byte	22
 329 012d 02       		.byte	2
 330 012e 00       		.byte	0
 331 012f 00       		.byte	0
 332 0130 80       		.byte	-128
 333 0131 94       		.byte	-108
 334 0132 94       		.byte	-108
 335 0133 B4       		.byte	-76
 336 0134 84       		.byte	-124
 337 0135 B6       		.byte	-74
 338 0136 A6       		.byte	-90
 339 0137 B6       		.byte	-74
 340 0138 B6       		.byte	-74
 341 0139 36       		.byte	54
 342 013a 02       		.byte	2
ARM GAS  C:\Users\Petro\AppData\Local\Temp\ccAosXsX.s 			page 7


 343 013b 06       		.byte	6
 344 013c 06       		.byte	6
 345 013d 06       		.byte	6
 346 013e 06       		.byte	6
 347 013f 06       		.byte	6
 348 0140 04       		.byte	4
 349 0141 06       		.byte	6
 350 0142 06       		.byte	6
 351 0143 06       		.byte	6
 352 0144 06       		.byte	6
 353 0145 06       		.byte	6
 354 0146 06       		.byte	6
 355 0147 04       		.byte	4
 356 0148 04       		.byte	4
 357 0149 02       		.byte	2
 358 014a 02       		.byte	2
 359 014b 02       		.byte	2
 360 014c 00       		.byte	0
 361 014d 00       		.byte	0
 362 014e 00       		.byte	0
 363 014f 00       		.byte	0
 364 0150 00       		.byte	0
 365 0151 00       		.byte	0
 366 0152 00       		.byte	0
 367 0153 00       		.byte	0
 368 0154 04       		.byte	4
 369 0155 04       		.byte	4
 370 0156 04       		.byte	4
 371 0157 24       		.byte	36
 372 0158 24       		.byte	36
 373 0159 24       		.byte	36
 374 015a 24       		.byte	36
 375 015b 24       		.byte	36
 376 015c 24       		.byte	36
 377 015d 24       		.byte	36
 378 015e 24       		.byte	36
 379 015f 24       		.byte	36
 380 0160 25       		.byte	37
 381 0161 2D       		.byte	45
 382 0162 2D       		.byte	45
 383 0163 6D       		.byte	109
 384 0164 6D       		.byte	109
 385 0165 6D       		.byte	109
 386 0166 6D       		.byte	109
 387 0167 6D       		.byte	109
 388 0168 6D       		.byte	109
 389 0169 6D       		.byte	109
 390 016a 6D       		.byte	109
 391 016b 6D       		.byte	109
 392 016c 6D       		.byte	109
 393 016d 6D       		.byte	109
 394 016e 6D       		.byte	109
 395 016f 6D       		.byte	109
 396 0170 6D       		.byte	109
 397 0171 6D       		.byte	109
 398 0172 6D       		.byte	109
 399 0173 6D       		.byte	109
ARM GAS  C:\Users\Petro\AppData\Local\Temp\ccAosXsX.s 			page 8


 400 0174 6D       		.byte	109
 401 0175 6D       		.byte	109
 402 0176 6D       		.byte	109
 403 0177 6D       		.byte	109
 404 0178 6D       		.byte	109
 405 0179 6D       		.byte	109
 406 017a 0D       		.byte	13
 407 017b 0D       		.byte	13
 408 017c 05       		.byte	5
 409 017d 05       		.byte	5
 410 017e 61       		.byte	97
 411 017f 60       		.byte	96
 412 0180 68       		.byte	104
 413 0181 68       		.byte	104
 414 0182 6C       		.byte	108
 415 0183 6C       		.byte	108
 416 0184 6D       		.byte	109
 417 0185 6D       		.byte	109
 418 0186 6D       		.byte	109
 419 0187 6D       		.byte	109
 420 0188 0D       		.byte	13
 421 0189 0D       		.byte	13
 422 018a 0D       		.byte	13
 423 018b 05       		.byte	5
 424 018c 00       		.byte	0
 425 018d 00       		.byte	0
 426 018e 00       		.byte	0
 427 018f 00       		.byte	0
 428 0190 00       		.byte	0
 429 0191 00       		.byte	0
 430 0192 00       		.byte	0
 431 0193 00       		.byte	0
 432 0194 00       		.byte	0
 433 0195 00       		.byte	0
 434 0196 00       		.byte	0
 435 0197 00       		.byte	0
 436 0198 00       		.byte	0
 437 0199 00       		.byte	0
 438 019a 00       		.byte	0
 439 019b 00       		.byte	0
 440 019c 00       		.byte	0
 441 019d 00       		.byte	0
 442 019e 00       		.byte	0
 443 019f 00       		.byte	0
 444 01a0 00       		.byte	0
 445 01a1 00       		.byte	0
 446 01a2 00       		.byte	0
 447 01a3 00       		.byte	0
 448 01a4 00       		.byte	0
 449 01a5 00       		.byte	0
 450 01a6 00       		.byte	0
 451 01a7 00       		.byte	0
 452 01a8 00       		.byte	0
 453 01a9 00       		.byte	0
 454 01aa 00       		.byte	0
 455 01ab 00       		.byte	0
 456 01ac 00       		.byte	0
ARM GAS  C:\Users\Petro\AppData\Local\Temp\ccAosXsX.s 			page 9


 457 01ad 00       		.byte	0
 458 01ae 01       		.byte	1
 459 01af 01       		.byte	1
 460 01b0 01       		.byte	1
 461 01b1 01       		.byte	1
 462 01b2 01       		.byte	1
 463 01b3 01       		.byte	1
 464 01b4 01       		.byte	1
 465 01b5 09       		.byte	9
 466 01b6 09       		.byte	9
 467 01b7 09       		.byte	9
 468 01b8 09       		.byte	9
 469 01b9 09       		.byte	9
 470 01ba 0B       		.byte	11
 471 01bb 0B       		.byte	11
 472 01bc 0B       		.byte	11
 473 01bd 0B       		.byte	11
 474 01be 0B       		.byte	11
 475 01bf 1B       		.byte	27
 476 01c0 1B       		.byte	27
 477 01c1 1B       		.byte	27
 478 01c2 1B       		.byte	27
 479 01c3 1B       		.byte	27
 480 01c4 1B       		.byte	27
 481 01c5 1B       		.byte	27
 482 01c6 1B       		.byte	27
 483 01c7 1B       		.byte	27
 484 01c8 1B       		.byte	27
 485 01c9 1B       		.byte	27
 486 01ca 1B       		.byte	27
 487 01cb 03       		.byte	3
 488 01cc 00       		.byte	0
 489 01cd 00       		.byte	0
 490 01ce 00       		.byte	0
 491 01cf 18       		.byte	24
 492 01d0 08       		.byte	8
 493 01d1 0A       		.byte	10
 494 01d2 03       		.byte	3
 495 01d3 03       		.byte	3
 496 01d4 03       		.byte	3
 497 01d5 03       		.byte	3
 498 01d6 03       		.byte	3
 499 01d7 01       		.byte	1
 500 01d8 00       		.byte	0
 501 01d9 00       		.byte	0
 502 01da 00       		.byte	0
 503 01db 00       		.byte	0
 504 01dc 00       		.byte	0
 505 01dd 00       		.byte	0
 506 01de 00       		.byte	0
 507 01df 00       		.byte	0
 508 01e0 00       		.byte	0
 509 01e1 00       		.byte	0
 510 01e2 00       		.byte	0
 511 01e3 00       		.byte	0
 512 01e4 00       		.byte	0
 513 01e5 00       		.byte	0
ARM GAS  C:\Users\Petro\AppData\Local\Temp\ccAosXsX.s 			page 10


 514 01e6 00       		.byte	0
 515 01e7 00       		.byte	0
 516 01e8 00       		.byte	0
 517 01e9 00       		.byte	0
 518 01ea 00       		.byte	0
 519 01eb 00       		.byte	0
 520 01ec 00       		.byte	0
 521 01ed 00       		.byte	0
 522 01ee 00       		.byte	0
 523 01ef 00       		.byte	0
 524 01f0 00       		.byte	0
 525 01f1 00       		.byte	0
 526 01f2 00       		.byte	0
 527 01f3 00       		.byte	0
 528 01f4 00       		.byte	0
 529 01f5 00       		.byte	0
 530 01f6 00       		.byte	0
 531 01f7 00       		.byte	0
 532              		.global	homeSkreenNull
 533              		.align	2
 534              		.type	homeSkreenNull, %object
 535              		.size	homeSkreenNull, 504
 536              	homeSkreenNull:
 537 01f8 00       		.byte	0
 538 01f9 00       		.byte	0
 539 01fa 00       		.byte	0
 540 01fb 00       		.byte	0
 541 01fc 00       		.byte	0
 542 01fd 00       		.byte	0
 543 01fe 00       		.byte	0
 544 01ff 00       		.byte	0
 545 0200 00       		.byte	0
 546 0201 FF       		.byte	-1
 547 0202 00       		.byte	0
 548 0203 00       		.byte	0
 549 0204 00       		.byte	0
 550 0205 00       		.byte	0
 551 0206 00       		.byte	0
 552 0207 00       		.byte	0
 553 0208 00       		.byte	0
 554 0209 00       		.byte	0
 555 020a 00       		.byte	0
 556 020b 00       		.byte	0
 557 020c 00       		.byte	0
 558 020d 00       		.byte	0
 559 020e 00       		.byte	0
 560 020f 00       		.byte	0
 561 0210 00       		.byte	0
 562 0211 00       		.byte	0
 563 0212 00       		.byte	0
 564 0213 00       		.byte	0
 565 0214 00       		.byte	0
 566 0215 00       		.byte	0
 567 0216 00       		.byte	0
 568 0217 00       		.byte	0
 569 0218 00       		.byte	0
 570 0219 00       		.byte	0
ARM GAS  C:\Users\Petro\AppData\Local\Temp\ccAosXsX.s 			page 11


 571 021a 00       		.byte	0
 572 021b 00       		.byte	0
 573 021c 00       		.byte	0
 574 021d 00       		.byte	0
 575 021e 00       		.byte	0
 576 021f 00       		.byte	0
 577 0220 00       		.byte	0
 578 0221 00       		.byte	0
 579 0222 00       		.byte	0
 580 0223 00       		.byte	0
 581 0224 00       		.byte	0
 582 0225 00       		.byte	0
 583 0226 00       		.byte	0
 584 0227 00       		.byte	0
 585 0228 00       		.byte	0
 586 0229 00       		.byte	0
 587 022a 00       		.byte	0
 588 022b 00       		.byte	0
 589 022c 00       		.byte	0
 590 022d 00       		.byte	0
 591 022e 00       		.byte	0
 592 022f 00       		.byte	0
 593 0230 00       		.byte	0
 594 0231 00       		.byte	0
 595 0232 00       		.byte	0
 596 0233 FF       		.byte	-1
 597 0234 00       		.byte	0
 598 0235 00       		.byte	0
 599 0236 00       		.byte	0
 600 0237 00       		.byte	0
 601 0238 00       		.byte	0
 602 0239 00       		.byte	0
 603 023a 00       		.byte	0
 604 023b 00       		.byte	0
 605 023c 00       		.byte	0
 606 023d 00       		.byte	0
 607 023e 00       		.byte	0
 608 023f 00       		.byte	0
 609 0240 00       		.byte	0
 610 0241 00       		.byte	0
 611 0242 00       		.byte	0
 612 0243 00       		.byte	0
 613 0244 00       		.byte	0
 614 0245 00       		.byte	0
 615 0246 00       		.byte	0
 616 0247 00       		.byte	0
 617 0248 00       		.byte	0
 618 0249 00       		.byte	0
 619 024a 00       		.byte	0
 620 024b 00       		.byte	0
 621 024c 00       		.byte	0
 622 024d 00       		.byte	0
 623 024e 00       		.byte	0
 624 024f 00       		.byte	0
 625 0250 00       		.byte	0
 626 0251 00       		.byte	0
 627 0252 00       		.byte	0
ARM GAS  C:\Users\Petro\AppData\Local\Temp\ccAosXsX.s 			page 12


 628 0253 00       		.byte	0
 629 0254 00       		.byte	0
 630 0255 03       		.byte	3
 631 0256 02       		.byte	2
 632 0257 02       		.byte	2
 633 0258 02       		.byte	2
 634 0259 02       		.byte	2
 635 025a 02       		.byte	2
 636 025b 02       		.byte	2
 637 025c 02       		.byte	2
 638 025d 02       		.byte	2
 639 025e 02       		.byte	2
 640 025f 02       		.byte	2
 641 0260 02       		.byte	2
 642 0261 02       		.byte	2
 643 0262 02       		.byte	2
 644 0263 02       		.byte	2
 645 0264 02       		.byte	2
 646 0265 02       		.byte	2
 647 0266 02       		.byte	2
 648 0267 02       		.byte	2
 649 0268 02       		.byte	2
 650 0269 02       		.byte	2
 651 026a 02       		.byte	2
 652 026b 02       		.byte	2
 653 026c 02       		.byte	2
 654 026d 02       		.byte	2
 655 026e 02       		.byte	2
 656 026f 02       		.byte	2
 657 0270 02       		.byte	2
 658 0271 02       		.byte	2
 659 0272 02       		.byte	2
 660 0273 02       		.byte	2
 661 0274 02       		.byte	2
 662 0275 FE       		.byte	-2
 663 0276 02       		.byte	2
 664 0277 02       		.byte	2
 665 0278 02       		.byte	2
 666 0279 02       		.byte	2
 667 027a 02       		.byte	2
 668 027b 02       		.byte	2
 669 027c 02       		.byte	2
 670 027d 02       		.byte	2
 671 027e 02       		.byte	2
 672 027f 02       		.byte	2
 673 0280 02       		.byte	2
 674 0281 02       		.byte	2
 675 0282 02       		.byte	2
 676 0283 02       		.byte	2
 677 0284 02       		.byte	2
 678 0285 02       		.byte	2
 679 0286 02       		.byte	2
 680 0287 03       		.byte	3
 681 0288 00       		.byte	0
 682 0289 00       		.byte	0
 683 028a 00       		.byte	0
 684 028b 00       		.byte	0
ARM GAS  C:\Users\Petro\AppData\Local\Temp\ccAosXsX.s 			page 13


 685 028c 00       		.byte	0
 686 028d 00       		.byte	0
 687 028e 00       		.byte	0
 688 028f 00       		.byte	0
 689 0290 00       		.byte	0
 690 0291 00       		.byte	0
 691 0292 00       		.byte	0
 692 0293 00       		.byte	0
 693 0294 00       		.byte	0
 694 0295 00       		.byte	0
 695 0296 00       		.byte	0
 696 0297 00       		.byte	0
 697 0298 00       		.byte	0
 698 0299 00       		.byte	0
 699 029a 00       		.byte	0
 700 029b 00       		.byte	0
 701 029c 00       		.byte	0
 702 029d 00       		.byte	0
 703 029e 00       		.byte	0
 704 029f 00       		.byte	0
 705 02a0 00       		.byte	0
 706 02a1 00       		.byte	0
 707 02a2 00       		.byte	0
 708 02a3 00       		.byte	0
 709 02a4 00       		.byte	0
 710 02a5 00       		.byte	0
 711 02a6 00       		.byte	0
 712 02a7 00       		.byte	0
 713 02a8 00       		.byte	0
 714 02a9 00       		.byte	0
 715 02aa 00       		.byte	0
 716 02ab 00       		.byte	0
 717 02ac 00       		.byte	0
 718 02ad 00       		.byte	0
 719 02ae 00       		.byte	0
 720 02af 00       		.byte	0
 721 02b0 00       		.byte	0
 722 02b1 00       		.byte	0
 723 02b2 00       		.byte	0
 724 02b3 00       		.byte	0
 725 02b4 00       		.byte	0
 726 02b5 00       		.byte	0
 727 02b6 00       		.byte	0
 728 02b7 00       		.byte	0
 729 02b8 00       		.byte	0
 730 02b9 00       		.byte	0
 731 02ba 00       		.byte	0
 732 02bb 00       		.byte	0
 733 02bc 00       		.byte	0
 734 02bd 00       		.byte	0
 735 02be 00       		.byte	0
 736 02bf 00       		.byte	0
 737 02c0 00       		.byte	0
 738 02c1 00       		.byte	0
 739 02c2 00       		.byte	0
 740 02c3 00       		.byte	0
 741 02c4 00       		.byte	0
ARM GAS  C:\Users\Petro\AppData\Local\Temp\ccAosXsX.s 			page 14


 742 02c5 00       		.byte	0
 743 02c6 00       		.byte	0
 744 02c7 00       		.byte	0
 745 02c8 00       		.byte	0
 746 02c9 FF       		.byte	-1
 747 02ca 00       		.byte	0
 748 02cb 00       		.byte	0
 749 02cc 00       		.byte	0
 750 02cd 00       		.byte	0
 751 02ce 00       		.byte	0
 752 02cf 00       		.byte	0
 753 02d0 00       		.byte	0
 754 02d1 00       		.byte	0
 755 02d2 00       		.byte	0
 756 02d3 00       		.byte	0
 757 02d4 00       		.byte	0
 758 02d5 00       		.byte	0
 759 02d6 00       		.byte	0
 760 02d7 00       		.byte	0
 761 02d8 00       		.byte	0
 762 02d9 00       		.byte	0
 763 02da 00       		.byte	0
 764 02db 00       		.byte	0
 765 02dc 00       		.byte	0
 766 02dd 00       		.byte	0
 767 02de 00       		.byte	0
 768 02df 00       		.byte	0
 769 02e0 00       		.byte	0
 770 02e1 00       		.byte	0
 771 02e2 00       		.byte	0
 772 02e3 00       		.byte	0
 773 02e4 00       		.byte	0
 774 02e5 00       		.byte	0
 775 02e6 00       		.byte	0
 776 02e7 00       		.byte	0
 777 02e8 00       		.byte	0
 778 02e9 00       		.byte	0
 779 02ea 00       		.byte	0
 780 02eb 00       		.byte	0
 781 02ec 00       		.byte	0
 782 02ed 00       		.byte	0
 783 02ee 00       		.byte	0
 784 02ef 00       		.byte	0
 785 02f0 00       		.byte	0
 786 02f1 00       		.byte	0
 787 02f2 00       		.byte	0
 788 02f3 00       		.byte	0
 789 02f4 00       		.byte	0
 790 02f5 00       		.byte	0
 791 02f6 00       		.byte	0
 792 02f7 00       		.byte	0
 793 02f8 00       		.byte	0
 794 02f9 00       		.byte	0
 795 02fa 00       		.byte	0
 796 02fb 00       		.byte	0
 797 02fc 00       		.byte	0
 798 02fd 00       		.byte	0
ARM GAS  C:\Users\Petro\AppData\Local\Temp\ccAosXsX.s 			page 15


 799 02fe 00       		.byte	0
 800 02ff 00       		.byte	0
 801 0300 00       		.byte	0
 802 0301 00       		.byte	0
 803 0302 00       		.byte	0
 804 0303 00       		.byte	0
 805 0304 00       		.byte	0
 806 0305 00       		.byte	0
 807 0306 00       		.byte	0
 808 0307 00       		.byte	0
 809 0308 00       		.byte	0
 810 0309 00       		.byte	0
 811 030a 00       		.byte	0
 812 030b 00       		.byte	0
 813 030c 00       		.byte	0
 814 030d 00       		.byte	0
 815 030e 00       		.byte	0
 816 030f 00       		.byte	0
 817 0310 00       		.byte	0
 818 0311 00       		.byte	0
 819 0312 00       		.byte	0
 820 0313 00       		.byte	0
 821 0314 00       		.byte	0
 822 0315 00       		.byte	0
 823 0316 00       		.byte	0
 824 0317 00       		.byte	0
 825 0318 00       		.byte	0
 826 0319 00       		.byte	0
 827 031a 00       		.byte	0
 828 031b 00       		.byte	0
 829 031c 00       		.byte	0
 830 031d FF       		.byte	-1
 831 031e 00       		.byte	0
 832 031f 00       		.byte	0
 833 0320 00       		.byte	0
 834 0321 00       		.byte	0
 835 0322 00       		.byte	0
 836 0323 00       		.byte	0
 837 0324 00       		.byte	0
 838 0325 00       		.byte	0
 839 0326 00       		.byte	0
 840 0327 00       		.byte	0
 841 0328 00       		.byte	0
 842 0329 00       		.byte	0
 843 032a 00       		.byte	0
 844 032b 00       		.byte	0
 845 032c 00       		.byte	0
 846 032d 00       		.byte	0
 847 032e 00       		.byte	0
 848 032f 00       		.byte	0
 849 0330 00       		.byte	0
 850 0331 00       		.byte	0
 851 0332 00       		.byte	0
 852 0333 00       		.byte	0
 853 0334 00       		.byte	0
 854 0335 00       		.byte	0
 855 0336 00       		.byte	0
ARM GAS  C:\Users\Petro\AppData\Local\Temp\ccAosXsX.s 			page 16


 856 0337 00       		.byte	0
 857 0338 00       		.byte	0
 858 0339 00       		.byte	0
 859 033a 00       		.byte	0
 860 033b 00       		.byte	0
 861 033c 00       		.byte	0
 862 033d 00       		.byte	0
 863 033e 00       		.byte	0
 864 033f 00       		.byte	0
 865 0340 00       		.byte	0
 866 0341 00       		.byte	0
 867 0342 00       		.byte	0
 868 0343 00       		.byte	0
 869 0344 00       		.byte	0
 870 0345 00       		.byte	0
 871 0346 00       		.byte	0
 872 0347 00       		.byte	0
 873 0348 00       		.byte	0
 874 0349 00       		.byte	0
 875 034a 00       		.byte	0
 876 034b 00       		.byte	0
 877 034c 00       		.byte	0
 878 034d 00       		.byte	0
 879 034e 00       		.byte	0
 880 034f 00       		.byte	0
 881 0350 20       		.byte	32
 882 0351 20       		.byte	32
 883 0352 20       		.byte	32
 884 0353 20       		.byte	32
 885 0354 20       		.byte	32
 886 0355 20       		.byte	32
 887 0356 20       		.byte	32
 888 0357 20       		.byte	32
 889 0358 20       		.byte	32
 890 0359 20       		.byte	32
 891 035a 20       		.byte	32
 892 035b 20       		.byte	32
 893 035c 20       		.byte	32
 894 035d 20       		.byte	32
 895 035e 20       		.byte	32
 896 035f 20       		.byte	32
 897 0360 20       		.byte	32
 898 0361 20       		.byte	32
 899 0362 20       		.byte	32
 900 0363 20       		.byte	32
 901 0364 20       		.byte	32
 902 0365 20       		.byte	32
 903 0366 20       		.byte	32
 904 0367 20       		.byte	32
 905 0368 20       		.byte	32
 906 0369 20       		.byte	32
 907 036a 20       		.byte	32
 908 036b 20       		.byte	32
 909 036c 20       		.byte	32
 910 036d 20       		.byte	32
 911 036e 20       		.byte	32
 912 036f 20       		.byte	32
ARM GAS  C:\Users\Petro\AppData\Local\Temp\ccAosXsX.s 			page 17


 913 0370 20       		.byte	32
 914 0371 3F       		.byte	63
 915 0372 20       		.byte	32
 916 0373 20       		.byte	32
 917 0374 20       		.byte	32
 918 0375 20       		.byte	32
 919 0376 20       		.byte	32
 920 0377 20       		.byte	32
 921 0378 20       		.byte	32
 922 0379 20       		.byte	32
 923 037a 20       		.byte	32
 924 037b 20       		.byte	32
 925 037c 20       		.byte	32
 926 037d 20       		.byte	32
 927 037e 20       		.byte	32
 928 037f 20       		.byte	32
 929 0380 20       		.byte	32
 930 0381 20       		.byte	32
 931 0382 20       		.byte	32
 932 0383 20       		.byte	32
 933 0384 20       		.byte	32
 934 0385 20       		.byte	32
 935 0386 20       		.byte	32
 936 0387 20       		.byte	32
 937 0388 20       		.byte	32
 938 0389 20       		.byte	32
 939 038a 20       		.byte	32
 940 038b 20       		.byte	32
 941 038c 20       		.byte	32
 942 038d 20       		.byte	32
 943 038e 20       		.byte	32
 944 038f 20       		.byte	32
 945 0390 20       		.byte	32
 946 0391 20       		.byte	32
 947 0392 20       		.byte	32
 948 0393 20       		.byte	32
 949 0394 20       		.byte	32
 950 0395 00       		.byte	0
 951 0396 00       		.byte	0
 952 0397 00       		.byte	0
 953 0398 00       		.byte	0
 954 0399 00       		.byte	0
 955 039a 00       		.byte	0
 956 039b 00       		.byte	0
 957 039c 00       		.byte	0
 958 039d 06       		.byte	6
 959 039e 0A       		.byte	10
 960 039f 7E       		.byte	126
 961 03a0 0A       		.byte	10
 962 03a1 06       		.byte	6
 963 03a2 00       		.byte	0
 964 03a3 00       		.byte	0
 965 03a4 00       		.byte	0
 966 03a5 00       		.byte	0
 967 03a6 00       		.byte	0
 968 03a7 00       		.byte	0
 969 03a8 00       		.byte	0
ARM GAS  C:\Users\Petro\AppData\Local\Temp\ccAosXsX.s 			page 18


 970 03a9 00       		.byte	0
 971 03aa 00       		.byte	0
 972 03ab 00       		.byte	0
 973 03ac 00       		.byte	0
 974 03ad 00       		.byte	0
 975 03ae 00       		.byte	0
 976 03af 00       		.byte	0
 977 03b0 00       		.byte	0
 978 03b1 00       		.byte	0
 979 03b2 00       		.byte	0
 980 03b3 00       		.byte	0
 981 03b4 00       		.byte	0
 982 03b5 00       		.byte	0
 983 03b6 00       		.byte	0
 984 03b7 00       		.byte	0
 985 03b8 00       		.byte	0
 986 03b9 00       		.byte	0
 987 03ba 00       		.byte	0
 988 03bb 00       		.byte	0
 989 03bc 00       		.byte	0
 990 03bd 00       		.byte	0
 991 03be 00       		.byte	0
 992 03bf 00       		.byte	0
 993 03c0 00       		.byte	0
 994 03c1 00       		.byte	0
 995 03c2 00       		.byte	0
 996 03c3 00       		.byte	0
 997 03c4 00       		.byte	0
 998 03c5 00       		.byte	0
 999 03c6 00       		.byte	0
 1000 03c7 00       		.byte	0
 1001 03c8 00       		.byte	0
 1002 03c9 00       		.byte	0
 1003 03ca 00       		.byte	0
 1004 03cb 00       		.byte	0
 1005 03cc 00       		.byte	0
 1006 03cd 00       		.byte	0
 1007 03ce 00       		.byte	0
 1008 03cf 00       		.byte	0
 1009 03d0 00       		.byte	0
 1010 03d1 00       		.byte	0
 1011 03d2 00       		.byte	0
 1012 03d3 00       		.byte	0
 1013 03d4 00       		.byte	0
 1014 03d5 00       		.byte	0
 1015 03d6 00       		.byte	0
 1016 03d7 00       		.byte	0
 1017 03d8 00       		.byte	0
 1018 03d9 00       		.byte	0
 1019 03da 00       		.byte	0
 1020 03db 00       		.byte	0
 1021 03dc 00       		.byte	0
 1022 03dd 00       		.byte	0
 1023 03de 00       		.byte	0
 1024 03df 00       		.byte	0
 1025 03e0 00       		.byte	0
 1026 03e1 00       		.byte	0
ARM GAS  C:\Users\Petro\AppData\Local\Temp\ccAosXsX.s 			page 19


 1027 03e2 00       		.byte	0
 1028 03e3 00       		.byte	0
 1029 03e4 00       		.byte	0
 1030 03e5 00       		.byte	0
 1031 03e6 00       		.byte	0
 1032 03e7 00       		.byte	0
 1033 03e8 00       		.byte	0
 1034 03e9 00       		.byte	0
 1035 03ea 00       		.byte	0
 1036 03eb 7C       		.byte	124
 1037 03ec 46       		.byte	70
 1038 03ed 46       		.byte	70
 1039 03ee 7C       		.byte	124
 1040 03ef 00       		.byte	0
 1041              		.global	networkOn
 1042              		.align	2
 1043              		.type	networkOn, %object
 1044              		.size	networkOn, 26
 1045              	networkOn:
 1046 03f0 FF       		.byte	-1
 1047 03f1 FF       		.byte	-1
 1048 03f2 FF       		.byte	-1
 1049 03f3 FF       		.byte	-1
 1050 03f4 FF       		.byte	-1
 1051 03f5 00       		.byte	0
 1052 03f6 FC       		.byte	-4
 1053 03f7 FC       		.byte	-4
 1054 03f8 FC       		.byte	-4
 1055 03f9 FC       		.byte	-4
 1056 03fa 00       		.byte	0
 1057 03fb 00       		.byte	0
 1058 03fc F9       		.byte	-7
 1059 03fd F9       		.byte	-7
 1060 03fe F9       		.byte	-7
 1061 03ff 01       		.byte	1
 1062 0400 00       		.byte	0
 1063 0401 00       		.byte	0
 1064 0402 F3       		.byte	-13
 1065 0403 F3       		.byte	-13
 1066 0404 F3       		.byte	-13
 1067 0405 00       		.byte	0
 1068 0406 00       		.byte	0
 1069 0407 00       		.byte	0
 1070 0408 07       		.byte	7
 1071 0409 07       		.byte	7
 1072              		.global	SDinsert
 1073 040a 0000     		.align	2
 1074              		.type	SDinsert, %object
 1075              		.size	SDinsert, 10
 1076              	SDinsert:
 1077 040c FF       		.byte	-1
 1078 040d FF       		.byte	-1
 1079 040e FF       		.byte	-1
 1080 040f FF       		.byte	-1
 1081 0410 FF       		.byte	-1
 1082 0411 FF       		.byte	-1
 1083 0412 FF       		.byte	-1
ARM GAS  C:\Users\Petro\AppData\Local\Temp\ccAosXsX.s 			page 20


 1084 0413 AB       		.byte	-85
 1085 0414 AA       		.byte	-86
 1086 0415 FC       		.byte	-4
 1087              		.global	SDnoInsert
 1088 0416 0000     		.align	2
 1089              		.type	SDnoInsert, %object
 1090              		.size	SDnoInsert, 10
 1091              	SDnoInsert:
 1092 0418 FF       		.byte	-1
 1093 0419 DD       		.byte	-35
 1094 041a EB       		.byte	-21
 1095 041b F7       		.byte	-9
 1096 041c EB       		.byte	-21
 1097 041d DD       		.byte	-35
 1098 041e FF       		.byte	-1
 1099 041f AB       		.byte	-85
 1100 0420 AA       		.byte	-86
 1101 0421 FC       		.byte	-4
 1102 0422 0000     		.text
 1103              	.Letext0:
 1104              		.file 1 "c:\\program files (x86)\\cypress\\psoc creator\\4.0\\psoc creator\\import\\gnu\\arm\\4.9.
 1105              		.file 2 "c:\\program files (x86)\\cypress\\psoc creator\\4.0\\psoc creator\\import\\gnu\\arm\\4.9.
 1106              		.file 3 "./appGlobal.h"
 1107              		.file 4 "..\\..\\..\\..\\dev\\FW\\common\\lib\\nokia5110\\Graphics.c"
 1108              		.section	.debug_info,"",%progbits
 1109              	.Ldebug_info0:
 1110 0000 7F010000 		.4byte	0x17f
 1111 0004 0400     		.2byte	0x4
 1112 0006 00000000 		.4byte	.Ldebug_abbrev0
 1113 000a 04       		.byte	0x4
 1114 000b 01       		.uleb128 0x1
 1115 000c 9E000000 		.4byte	.LASF26
 1116 0010 01       		.byte	0x1
 1117 0011 AA010000 		.4byte	.LASF27
 1118 0015 43010000 		.4byte	.LASF28
 1119 0019 00000000 		.4byte	.Ldebug_line0
 1120 001d 02       		.uleb128 0x2
 1121 001e 01       		.byte	0x1
 1122 001f 06       		.byte	0x6
 1123 0020 23020000 		.4byte	.LASF0
 1124 0024 02       		.uleb128 0x2
 1125 0025 01       		.byte	0x1
 1126 0026 08       		.byte	0x8
 1127 0027 3B000000 		.4byte	.LASF1
 1128 002b 02       		.uleb128 0x2
 1129 002c 02       		.byte	0x2
 1130 002d 05       		.byte	0x5
 1131 002e 07020000 		.4byte	.LASF2
 1132 0032 02       		.uleb128 0x2
 1133 0033 02       		.byte	0x2
 1134 0034 07       		.byte	0x7
 1135 0035 64000000 		.4byte	.LASF3
 1136 0039 02       		.uleb128 0x2
 1137 003a 04       		.byte	0x4
 1138 003b 05       		.byte	0x5
 1139 003c 1A020000 		.4byte	.LASF4
 1140 0040 03       		.uleb128 0x3
ARM GAS  C:\Users\Petro\AppData\Local\Temp\ccAosXsX.s 			page 21


 1141 0041 93000000 		.4byte	.LASF9
 1142 0045 01       		.byte	0x1
 1143 0046 41       		.byte	0x41
 1144 0047 4B000000 		.4byte	0x4b
 1145 004b 02       		.uleb128 0x2
 1146 004c 04       		.byte	0x4
 1147 004d 07       		.byte	0x7
 1148 004e 52000000 		.4byte	.LASF5
 1149 0052 02       		.uleb128 0x2
 1150 0053 08       		.byte	0x8
 1151 0054 05       		.byte	0x5
 1152 0055 DD010000 		.4byte	.LASF6
 1153 0059 02       		.uleb128 0x2
 1154 005a 08       		.byte	0x8
 1155 005b 07       		.byte	0x7
 1156 005c 83010000 		.4byte	.LASF7
 1157 0060 04       		.uleb128 0x4
 1158 0061 04       		.byte	0x4
 1159 0062 05       		.byte	0x5
 1160 0063 696E7400 		.ascii	"int\000"
 1161 0067 02       		.uleb128 0x2
 1162 0068 04       		.byte	0x4
 1163 0069 07       		.byte	0x7
 1164 006a 36010000 		.4byte	.LASF8
 1165 006e 03       		.uleb128 0x3
 1166 006f 11020000 		.4byte	.LASF10
 1167 0073 02       		.byte	0x2
 1168 0074 2D       		.byte	0x2d
 1169 0075 40000000 		.4byte	0x40
 1170 0079 02       		.uleb128 0x2
 1171 007a 04       		.byte	0x4
 1172 007b 04       		.byte	0x4
 1173 007c 35000000 		.4byte	.LASF11
 1174 0080 02       		.uleb128 0x2
 1175 0081 08       		.byte	0x8
 1176 0082 04       		.byte	0x4
 1177 0083 82000000 		.4byte	.LASF12
 1178 0087 02       		.uleb128 0x2
 1179 0088 01       		.byte	0x1
 1180 0089 08       		.byte	0x8
 1181 008a EB010000 		.4byte	.LASF13
 1182 008e 02       		.uleb128 0x2
 1183 008f 04       		.byte	0x4
 1184 0090 07       		.byte	0x7
 1185 0091 A1010000 		.4byte	.LASF14
 1186 0095 05       		.uleb128 0x5
 1187 0096 01       		.byte	0x1
 1188 0097 03       		.byte	0x3
 1189 0098 16       		.byte	0x16
 1190 0099 B6000000 		.4byte	0xb6
 1191 009d 06       		.uleb128 0x6
 1192 009e 89000000 		.4byte	.LASF15
 1193 00a2 00       		.sleb128 0
 1194 00a3 06       		.uleb128 0x6
 1195 00a4 00000000 		.4byte	.LASF16
 1196 00a8 01       		.sleb128 1
 1197 00a9 06       		.uleb128 0x6
ARM GAS  C:\Users\Petro\AppData\Local\Temp\ccAosXsX.s 			page 22


 1198 00aa 77000000 		.4byte	.LASF17
 1199 00ae 02       		.sleb128 2
 1200 00af 06       		.uleb128 0x6
 1201 00b0 2F020000 		.4byte	.LASF18
 1202 00b4 03       		.sleb128 3
 1203 00b5 00       		.byte	0
 1204 00b6 03       		.uleb128 0x3
 1205 00b7 2C010000 		.4byte	.LASF19
 1206 00bb 03       		.byte	0x3
 1207 00bc 16       		.byte	0x16
 1208 00bd 95000000 		.4byte	0x95
 1209 00c1 07       		.uleb128 0x7
 1210 00c2 9A010000 		.4byte	.LASF29
 1211 00c6 03       		.byte	0x3
 1212 00c7 19       		.byte	0x19
 1213 00c8 6E000000 		.4byte	0x6e
 1214 00cc 05       		.uleb128 0x5
 1215 00cd 03       		.byte	0x3
 1216 00ce 00000000 		.4byte	result
 1217 00d2 08       		.uleb128 0x8
 1218 00d3 19000000 		.4byte	.LASF20
 1219 00d7 03       		.byte	0x3
 1220 00d8 17       		.byte	0x17
 1221 00d9 B6000000 		.4byte	0xb6
 1222 00dd 05       		.uleb128 0x5
 1223 00de 03       		.byte	0x3
 1224 00df 00000000 		.4byte	currentState
 1225 00e3 09       		.uleb128 0x9
 1226 00e4 24000000 		.4byte	0x24
 1227 00e8 F4000000 		.4byte	0xf4
 1228 00ec 0A       		.uleb128 0xa
 1229 00ed 8E000000 		.4byte	0x8e
 1230 00f1 F701     		.2byte	0x1f7
 1231 00f3 00       		.byte	0
 1232 00f4 08       		.uleb128 0x8
 1233 00f5 F0010000 		.4byte	.LASF21
 1234 00f9 04       		.byte	0x4
 1235 00fa 03       		.byte	0x3
 1236 00fb 05010000 		.4byte	0x105
 1237 00ff 05       		.uleb128 0x5
 1238 0100 03       		.byte	0x3
 1239 0101 00000000 		.4byte	logoCypress
 1240 0105 0B       		.uleb128 0xb
 1241 0106 E3000000 		.4byte	0xe3
 1242 010a 08       		.uleb128 0x8
 1243 010b 26000000 		.4byte	.LASF22
 1244 010f 04       		.byte	0x4
 1245 0110 27       		.byte	0x27
 1246 0111 1B010000 		.4byte	0x11b
 1247 0115 05       		.uleb128 0x5
 1248 0116 03       		.byte	0x3
 1249 0117 00000000 		.4byte	homeSkreenNull
 1250 011b 0B       		.uleb128 0xb
 1251 011c E3000000 		.4byte	0xe3
 1252 0120 09       		.uleb128 0x9
 1253 0121 24000000 		.4byte	0x24
 1254 0125 30010000 		.4byte	0x130
ARM GAS  C:\Users\Petro\AppData\Local\Temp\ccAosXsX.s 			page 23


 1255 0129 0C       		.uleb128 0xc
 1256 012a 8E000000 		.4byte	0x8e
 1257 012e 19       		.byte	0x19
 1258 012f 00       		.byte	0
 1259 0130 08       		.uleb128 0x8
 1260 0131 0F000000 		.4byte	.LASF23
 1261 0135 04       		.byte	0x4
 1262 0136 71       		.byte	0x71
 1263 0137 41010000 		.4byte	0x141
 1264 013b 05       		.uleb128 0x5
 1265 013c 03       		.byte	0x3
 1266 013d 00000000 		.4byte	networkOn
 1267 0141 0B       		.uleb128 0xb
 1268 0142 20010000 		.4byte	0x120
 1269 0146 09       		.uleb128 0x9
 1270 0147 24000000 		.4byte	0x24
 1271 014b 56010000 		.4byte	0x156
 1272 014f 0C       		.uleb128 0xc
 1273 0150 8E000000 		.4byte	0x8e
 1274 0154 09       		.byte	0x9
 1275 0155 00       		.byte	0
 1276 0156 08       		.uleb128 0x8
 1277 0157 49000000 		.4byte	.LASF24
 1278 015b 04       		.byte	0x4
 1279 015c 77       		.byte	0x77
 1280 015d 67010000 		.4byte	0x167
 1281 0161 05       		.uleb128 0x5
 1282 0162 03       		.byte	0x3
 1283 0163 00000000 		.4byte	SDinsert
 1284 0167 0B       		.uleb128 0xb
 1285 0168 46010000 		.4byte	0x146
 1286 016c 08       		.uleb128 0x8
 1287 016d FC010000 		.4byte	.LASF25
 1288 0171 04       		.byte	0x4
 1289 0172 7C       		.byte	0x7c
 1290 0173 7D010000 		.4byte	0x17d
 1291 0177 05       		.uleb128 0x5
 1292 0178 03       		.byte	0x3
 1293 0179 00000000 		.4byte	SDnoInsert
 1294 017d 0B       		.uleb128 0xb
 1295 017e 46010000 		.4byte	0x146
 1296 0182 00       		.byte	0
 1297              		.section	.debug_abbrev,"",%progbits
 1298              	.Ldebug_abbrev0:
 1299 0000 01       		.uleb128 0x1
 1300 0001 11       		.uleb128 0x11
 1301 0002 01       		.byte	0x1
 1302 0003 25       		.uleb128 0x25
 1303 0004 0E       		.uleb128 0xe
 1304 0005 13       		.uleb128 0x13
 1305 0006 0B       		.uleb128 0xb
 1306 0007 03       		.uleb128 0x3
 1307 0008 0E       		.uleb128 0xe
 1308 0009 1B       		.uleb128 0x1b
 1309 000a 0E       		.uleb128 0xe
 1310 000b 10       		.uleb128 0x10
 1311 000c 17       		.uleb128 0x17
ARM GAS  C:\Users\Petro\AppData\Local\Temp\ccAosXsX.s 			page 24


 1312 000d 00       		.byte	0
 1313 000e 00       		.byte	0
 1314 000f 02       		.uleb128 0x2
 1315 0010 24       		.uleb128 0x24
 1316 0011 00       		.byte	0
 1317 0012 0B       		.uleb128 0xb
 1318 0013 0B       		.uleb128 0xb
 1319 0014 3E       		.uleb128 0x3e
 1320 0015 0B       		.uleb128 0xb
 1321 0016 03       		.uleb128 0x3
 1322 0017 0E       		.uleb128 0xe
 1323 0018 00       		.byte	0
 1324 0019 00       		.byte	0
 1325 001a 03       		.uleb128 0x3
 1326 001b 16       		.uleb128 0x16
 1327 001c 00       		.byte	0
 1328 001d 03       		.uleb128 0x3
 1329 001e 0E       		.uleb128 0xe
 1330 001f 3A       		.uleb128 0x3a
 1331 0020 0B       		.uleb128 0xb
 1332 0021 3B       		.uleb128 0x3b
 1333 0022 0B       		.uleb128 0xb
 1334 0023 49       		.uleb128 0x49
 1335 0024 13       		.uleb128 0x13
 1336 0025 00       		.byte	0
 1337 0026 00       		.byte	0
 1338 0027 04       		.uleb128 0x4
 1339 0028 24       		.uleb128 0x24
 1340 0029 00       		.byte	0
 1341 002a 0B       		.uleb128 0xb
 1342 002b 0B       		.uleb128 0xb
 1343 002c 3E       		.uleb128 0x3e
 1344 002d 0B       		.uleb128 0xb
 1345 002e 03       		.uleb128 0x3
 1346 002f 08       		.uleb128 0x8
 1347 0030 00       		.byte	0
 1348 0031 00       		.byte	0
 1349 0032 05       		.uleb128 0x5
 1350 0033 04       		.uleb128 0x4
 1351 0034 01       		.byte	0x1
 1352 0035 0B       		.uleb128 0xb
 1353 0036 0B       		.uleb128 0xb
 1354 0037 3A       		.uleb128 0x3a
 1355 0038 0B       		.uleb128 0xb
 1356 0039 3B       		.uleb128 0x3b
 1357 003a 0B       		.uleb128 0xb
 1358 003b 01       		.uleb128 0x1
 1359 003c 13       		.uleb128 0x13
 1360 003d 00       		.byte	0
 1361 003e 00       		.byte	0
 1362 003f 06       		.uleb128 0x6
 1363 0040 28       		.uleb128 0x28
 1364 0041 00       		.byte	0
 1365 0042 03       		.uleb128 0x3
 1366 0043 0E       		.uleb128 0xe
 1367 0044 1C       		.uleb128 0x1c
 1368 0045 0D       		.uleb128 0xd
ARM GAS  C:\Users\Petro\AppData\Local\Temp\ccAosXsX.s 			page 25


 1369 0046 00       		.byte	0
 1370 0047 00       		.byte	0
 1371 0048 07       		.uleb128 0x7
 1372 0049 34       		.uleb128 0x34
 1373 004a 00       		.byte	0
 1374 004b 03       		.uleb128 0x3
 1375 004c 0E       		.uleb128 0xe
 1376 004d 3A       		.uleb128 0x3a
 1377 004e 0B       		.uleb128 0xb
 1378 004f 3B       		.uleb128 0x3b
 1379 0050 0B       		.uleb128 0xb
 1380 0051 49       		.uleb128 0x49
 1381 0052 13       		.uleb128 0x13
 1382 0053 02       		.uleb128 0x2
 1383 0054 18       		.uleb128 0x18
 1384 0055 00       		.byte	0
 1385 0056 00       		.byte	0
 1386 0057 08       		.uleb128 0x8
 1387 0058 34       		.uleb128 0x34
 1388 0059 00       		.byte	0
 1389 005a 03       		.uleb128 0x3
 1390 005b 0E       		.uleb128 0xe
 1391 005c 3A       		.uleb128 0x3a
 1392 005d 0B       		.uleb128 0xb
 1393 005e 3B       		.uleb128 0x3b
 1394 005f 0B       		.uleb128 0xb
 1395 0060 49       		.uleb128 0x49
 1396 0061 13       		.uleb128 0x13
 1397 0062 3F       		.uleb128 0x3f
 1398 0063 19       		.uleb128 0x19
 1399 0064 02       		.uleb128 0x2
 1400 0065 18       		.uleb128 0x18
 1401 0066 00       		.byte	0
 1402 0067 00       		.byte	0
 1403 0068 09       		.uleb128 0x9
 1404 0069 01       		.uleb128 0x1
 1405 006a 01       		.byte	0x1
 1406 006b 49       		.uleb128 0x49
 1407 006c 13       		.uleb128 0x13
 1408 006d 01       		.uleb128 0x1
 1409 006e 13       		.uleb128 0x13
 1410 006f 00       		.byte	0
 1411 0070 00       		.byte	0
 1412 0071 0A       		.uleb128 0xa
 1413 0072 21       		.uleb128 0x21
 1414 0073 00       		.byte	0
 1415 0074 49       		.uleb128 0x49
 1416 0075 13       		.uleb128 0x13
 1417 0076 2F       		.uleb128 0x2f
 1418 0077 05       		.uleb128 0x5
 1419 0078 00       		.byte	0
 1420 0079 00       		.byte	0
 1421 007a 0B       		.uleb128 0xb
 1422 007b 26       		.uleb128 0x26
 1423 007c 00       		.byte	0
 1424 007d 49       		.uleb128 0x49
 1425 007e 13       		.uleb128 0x13
ARM GAS  C:\Users\Petro\AppData\Local\Temp\ccAosXsX.s 			page 26


 1426 007f 00       		.byte	0
 1427 0080 00       		.byte	0
 1428 0081 0C       		.uleb128 0xc
 1429 0082 21       		.uleb128 0x21
 1430 0083 00       		.byte	0
 1431 0084 49       		.uleb128 0x49
 1432 0085 13       		.uleb128 0x13
 1433 0086 2F       		.uleb128 0x2f
 1434 0087 0B       		.uleb128 0xb
 1435 0088 00       		.byte	0
 1436 0089 00       		.byte	0
 1437 008a 00       		.byte	0
 1438              		.section	.debug_aranges,"",%progbits
 1439 0000 14000000 		.4byte	0x14
 1440 0004 0200     		.2byte	0x2
 1441 0006 00000000 		.4byte	.Ldebug_info0
 1442 000a 04       		.byte	0x4
 1443 000b 00       		.byte	0
 1444 000c 0000     		.2byte	0
 1445 000e 0000     		.2byte	0
 1446 0010 00000000 		.4byte	0
 1447 0014 00000000 		.4byte	0
 1448              		.section	.debug_line,"",%progbits
 1449              	.Ldebug_line0:
 1450 0000 58010000 		.section	.debug_str,"MS",%progbits,1
 1450      02005201 
 1450      00000201 
 1450      FB0E0D00 
 1450      01010101 
 1451              	.LASF16:
 1452 0000 4745545F 		.ascii	"GET_FIN_STATUS\000"
 1452      46494E5F 
 1452      53544154 
 1452      555300
 1453              	.LASF23:
 1454 000f 6E657477 		.ascii	"networkOn\000"
 1454      6F726B4F 
 1454      6E00
 1455              	.LASF20:
 1456 0019 63757272 		.ascii	"currentState\000"
 1456      656E7453 
 1456      74617465 
 1456      00
 1457              	.LASF22:
 1458 0026 686F6D65 		.ascii	"homeSkreenNull\000"
 1458      536B7265 
 1458      656E4E75 
 1458      6C6C00
 1459              	.LASF11:
 1460 0035 666C6F61 		.ascii	"float\000"
 1460      7400
 1461              	.LASF1:
 1462 003b 756E7369 		.ascii	"unsigned char\000"
 1462      676E6564 
 1462      20636861 
 1462      7200
 1463              	.LASF24:
ARM GAS  C:\Users\Petro\AppData\Local\Temp\ccAosXsX.s 			page 27


 1464 0049 5344696E 		.ascii	"SDinsert\000"
 1464      73657274 
 1464      00
 1465              	.LASF5:
 1466 0052 6C6F6E67 		.ascii	"long unsigned int\000"
 1466      20756E73 
 1466      69676E65 
 1466      6420696E 
 1466      7400
 1467              	.LASF3:
 1468 0064 73686F72 		.ascii	"short unsigned int\000"
 1468      7420756E 
 1468      7369676E 
 1468      65642069 
 1468      6E7400
 1469              	.LASF17:
 1470 0077 43484543 		.ascii	"CHECK_GATE\000"
 1470      4B5F4741 
 1470      544500
 1471              	.LASF12:
 1472 0082 646F7562 		.ascii	"double\000"
 1472      6C6500
 1473              	.LASF15:
 1474 0089 54494D45 		.ascii	"TIME_SYNC\000"
 1474      5F53594E 
 1474      4300
 1475              	.LASF9:
 1476 0093 5F5F7569 		.ascii	"__uint32_t\000"
 1476      6E743332 
 1476      5F7400
 1477              	.LASF26:
 1478 009e 474E5520 		.ascii	"GNU C 4.9.3 20150303 (release) [ARM/embedded-4_9-br"
 1478      4320342E 
 1478      392E3320 
 1478      32303135 
 1478      30333033 
 1479 00d1 616E6368 		.ascii	"anch revision 221220] -mcpu=cortex-m0 -mthumb -g -O"
 1479      20726576 
 1479      6973696F 
 1479      6E203232 
 1479      31323230 
 1480 0104 30202D66 		.ascii	"0 -ffunction-sections -ffat-lto-objects\000"
 1480      66756E63 
 1480      74696F6E 
 1480      2D736563 
 1480      74696F6E 
 1481              	.LASF19:
 1482 012c 53746174 		.ascii	"StateType\000"
 1482      65547970 
 1482      6500
 1483              	.LASF8:
 1484 0136 756E7369 		.ascii	"unsigned int\000"
 1484      676E6564 
 1484      20696E74 
 1484      00
 1485              	.LASF28:
 1486 0143 443A5C43 		.ascii	"D:\\Cypress\\system-start-finish\\release\\FW\\star"
ARM GAS  C:\Users\Petro\AppData\Local\Temp\ccAosXsX.s 			page 28


 1486      79707265 
 1486      73735C73 
 1486      79737465 
 1486      6D2D7374 
 1487 0171 745C7374 		.ascii	"t\\start_v11.cydsn\000"
 1487      6172745F 
 1487      7631312E 
 1487      63796473 
 1487      6E00
 1488              	.LASF7:
 1489 0183 6C6F6E67 		.ascii	"long long unsigned int\000"
 1489      206C6F6E 
 1489      6720756E 
 1489      7369676E 
 1489      65642069 
 1490              	.LASF29:
 1491 019a 72657375 		.ascii	"result\000"
 1491      6C7400
 1492              	.LASF14:
 1493 01a1 73697A65 		.ascii	"sizetype\000"
 1493      74797065 
 1493      00
 1494              	.LASF27:
 1495 01aa 2E2E5C2E 		.ascii	"..\\..\\..\\..\\dev\\FW\\common\\lib\\nokia5110\\Gr"
 1495      2E5C2E2E 
 1495      5C2E2E5C 
 1495      6465765C 
 1495      46575C63 
 1496 01d4 61706869 		.ascii	"aphics.c\000"
 1496      63732E63 
 1496      00
 1497              	.LASF6:
 1498 01dd 6C6F6E67 		.ascii	"long long int\000"
 1498      206C6F6E 
 1498      6720696E 
 1498      7400
 1499              	.LASF13:
 1500 01eb 63686172 		.ascii	"char\000"
 1500      00
 1501              	.LASF21:
 1502 01f0 6C6F676F 		.ascii	"logoCypress\000"
 1502      43797072 
 1502      65737300 
 1503              	.LASF25:
 1504 01fc 53446E6F 		.ascii	"SDnoInsert\000"
 1504      496E7365 
 1504      727400
 1505              	.LASF2:
 1506 0207 73686F72 		.ascii	"short int\000"
 1506      7420696E 
 1506      7400
 1507              	.LASF10:
 1508 0211 75696E74 		.ascii	"uint32_t\000"
 1508      33325F74 
 1508      00
 1509              	.LASF4:
 1510 021a 6C6F6E67 		.ascii	"long int\000"
ARM GAS  C:\Users\Petro\AppData\Local\Temp\ccAosXsX.s 			page 29


 1510      20696E74 
 1510      00
 1511              	.LASF0:
 1512 0223 7369676E 		.ascii	"signed char\000"
 1512      65642063 
 1512      68617200 
 1513              	.LASF18:
 1514 022f 53415645 		.ascii	"SAVE_RESULT\000"
 1514      5F524553 
 1514      554C5400 
 1515              		.ident	"GCC: (GNU Tools for ARM Embedded Processors) 4.9.3 20150303 (release) [ARM/embedded-4_9-br
