ARM GAS  C:\Users\Petro\AppData\Local\Temp\ccjLHqvY.s 			page 1


   1              		.cpu cortex-m0
   2              		.fpu softvfp
   3              		.eabi_attribute 20, 1
   4              		.eabi_attribute 21, 1
   5              		.eabi_attribute 23, 3
   6              		.eabi_attribute 24, 1
   7              		.eabi_attribute 25, 1
   8              		.eabi_attribute 26, 1
   9              		.eabi_attribute 30, 6
  10              		.eabi_attribute 34, 0
  11              		.eabi_attribute 18, 4
  12              		.code	16
  13              		.file	"LED.c"
  14              		.text
  15              	.Ltext0:
  16              		.cfi_sections	.debug_frame
  17              		.comm	LED_InitValue,1,1
  18              		.section	.text.LedInit,"ax",%progbits
  19              		.align	2
  20              		.global	LedInit
  21              		.code	16
  22              		.thumb_func
  23              		.type	LedInit, %function
  24              	LedInit:
  25              	.LFB2:
  26              		.file 1 ".\\lib_LED\\LED.c"
   1:.\lib_LED/LED.c **** /* ========================================
   2:.\lib_LED/LED.c ****  *
   3:.\lib_LED/LED.c ****  * Copyright YOUR COMPANY, THE YEAR
   4:.\lib_LED/LED.c ****  * All Rights Reserved
   5:.\lib_LED/LED.c ****  * UNPUBLISHED, LICENSED SOFTWARE.
   6:.\lib_LED/LED.c ****  *
   7:.\lib_LED/LED.c ****  * CONFIDENTIAL AND PROPRIETARY INFORMATION
   8:.\lib_LED/LED.c ****  * WHICH IS THE PROPERTY OF your company.
   9:.\lib_LED/LED.c ****  *
  10:.\lib_LED/LED.c ****  * ========================================
  11:.\lib_LED/LED.c **** */
  12:.\lib_LED/LED.c **** #include "LED.h"
  13:.\lib_LED/LED.c **** 
  14:.\lib_LED/LED.c **** uint8_t LED_InitValue;
  15:.\lib_LED/LED.c **** 
  16:.\lib_LED/LED.c **** void LedInit(void)
  17:.\lib_LED/LED.c **** {
  27              		.loc 1 17 0
  28              		.cfi_startproc
  29 0000 80B5     		push	{r7, lr}
  30              		.cfi_def_cfa_offset 8
  31              		.cfi_offset 7, -8
  32              		.cfi_offset 14, -4
  33 0002 00AF     		add	r7, sp, #0
  34              		.cfi_def_cfa_register 7
  18:.\lib_LED/LED.c ****         Timer_LED_Init();
  35              		.loc 1 18 0
  36 0004 FFF7FEFF 		bl	Timer_LED_Init
  19:.\lib_LED/LED.c ****         if (!LED_InitValue)
  37              		.loc 1 19 0
  38 0008 064B     		ldr	r3, .L3
ARM GAS  C:\Users\Petro\AppData\Local\Temp\ccjLHqvY.s 			page 2


  39 000a 1B78     		ldrb	r3, [r3]
  40 000c 002B     		cmp	r3, #0
  41 000e 03D1     		bne	.L2
  20:.\lib_LED/LED.c ****         {
  21:.\lib_LED/LED.c ****             Int_Timer_Led_StartEx(LedHandler);
  42              		.loc 1 21 0
  43 0010 054B     		ldr	r3, .L3+4
  44 0012 181C     		mov	r0, r3
  45 0014 FFF7FEFF 		bl	Int_Timer_Led_StartEx
  46              	.L2:
  22:.\lib_LED/LED.c ****         }
  23:.\lib_LED/LED.c ****         LED_InitValue = 1;
  47              		.loc 1 23 0
  48 0018 024B     		ldr	r3, .L3
  49 001a 0122     		mov	r2, #1
  50 001c 1A70     		strb	r2, [r3]
  24:.\lib_LED/LED.c **** }
  51              		.loc 1 24 0
  52 001e BD46     		mov	sp, r7
  53              		@ sp needed
  54 0020 80BD     		pop	{r7, pc}
  55              	.L4:
  56 0022 C046     		.align	2
  57              	.L3:
  58 0024 00000000 		.word	LED_InitValue
  59 0028 00000000 		.word	LedHandler
  60              		.cfi_endproc
  61              	.LFE2:
  62              		.size	LedInit, .-LedInit
  63              		.section	.text.LedHandler,"ax",%progbits
  64              		.align	2
  65              		.global	LedHandler
  66              		.code	16
  67              		.thumb_func
  68              		.type	LedHandler, %function
  69              	LedHandler:
  70              	.LFB3:
  25:.\lib_LED/LED.c **** 
  26:.\lib_LED/LED.c **** CY_ISR(LedHandler)
  27:.\lib_LED/LED.c **** {
  71              		.loc 1 27 0
  72              		.cfi_startproc
  73 0000 80B5     		push	{r7, lr}
  74              		.cfi_def_cfa_offset 8
  75              		.cfi_offset 7, -8
  76              		.cfi_offset 14, -4
  77 0002 00AF     		add	r7, sp, #0
  78              		.cfi_def_cfa_register 7
  28:.\lib_LED/LED.c ****     LED_PIN_Write(~LED_PIN_Read());
  79              		.loc 1 28 0
  80 0004 FFF7FEFF 		bl	LED_PIN_Read
  81 0008 031C     		mov	r3, r0
  82 000a DB43     		mvn	r3, r3
  83 000c DBB2     		uxtb	r3, r3
  84 000e 181C     		mov	r0, r3
  85 0010 FFF7FEFF 		bl	LED_PIN_Write
  29:.\lib_LED/LED.c ****     Timer_LED_ClearInterrupt(Timer_LED_INTR_MASK_CC_MATCH);
ARM GAS  C:\Users\Petro\AppData\Local\Temp\ccjLHqvY.s 			page 3


  86              		.loc 1 29 0
  87 0014 0220     		mov	r0, #2
  88 0016 FFF7FEFF 		bl	Timer_LED_ClearInterrupt
  30:.\lib_LED/LED.c **** }
  89              		.loc 1 30 0
  90 001a BD46     		mov	sp, r7
  91              		@ sp needed
  92 001c 80BD     		pop	{r7, pc}
  93              		.cfi_endproc
  94              	.LFE3:
  95              		.size	LedHandler, .-LedHandler
  96              		.global	__aeabi_uidiv
  97 001e C046     		.section	.text.LedBlink,"ax",%progbits
  98              		.align	2
  99              		.global	LedBlink
 100              		.code	16
 101              		.thumb_func
 102              		.type	LedBlink, %function
 103              	LedBlink:
 104              	.LFB4:
  31:.\lib_LED/LED.c **** 
  32:.\lib_LED/LED.c **** void LedBlink(uint16_t Frequency)
  33:.\lib_LED/LED.c **** {
 105              		.loc 1 33 0
 106              		.cfi_startproc
 107 0000 80B5     		push	{r7, lr}
 108              		.cfi_def_cfa_offset 8
 109              		.cfi_offset 7, -8
 110              		.cfi_offset 14, -4
 111 0002 84B0     		sub	sp, sp, #16
 112              		.cfi_def_cfa_offset 24
 113 0004 00AF     		add	r7, sp, #0
 114              		.cfi_def_cfa_register 7
 115 0006 021C     		mov	r2, r0
 116 0008 BB1D     		add	r3, r7, #6
 117 000a 1A80     		strh	r2, [r3]
  34:.\lib_LED/LED.c ****     uint32_t time_l;
  35:.\lib_LED/LED.c ****     time_l = FreqToTicks(Frequency);
 118              		.loc 1 35 0
 119 000c BB1D     		add	r3, r7, #6
 120 000e 1B88     		ldrh	r3, [r3]
 121 0010 5B00     		lsl	r3, r3, #1
 122 0012 1A1C     		mov	r2, r3
 123 0014 FA23     		mov	r3, #250
 124 0016 9800     		lsl	r0, r3, #2
 125 0018 111C     		mov	r1, r2
 126 001a FFF7FEFF 		bl	__aeabi_uidiv
 127 001e 031C     		mov	r3, r0
 128 0020 FB60     		str	r3, [r7, #12]
  36:.\lib_LED/LED.c ****     Timer_LED_WritePeriod(time_l);
 129              		.loc 1 36 0
 130 0022 FB68     		ldr	r3, [r7, #12]
 131 0024 181C     		mov	r0, r3
 132 0026 FFF7FEFF 		bl	Timer_LED_WritePeriod
  37:.\lib_LED/LED.c ****     Timer_LED_Enable();
 133              		.loc 1 37 0
 134 002a FFF7FEFF 		bl	Timer_LED_Enable
ARM GAS  C:\Users\Petro\AppData\Local\Temp\ccjLHqvY.s 			page 4


  38:.\lib_LED/LED.c **** }
 135              		.loc 1 38 0
 136 002e BD46     		mov	sp, r7
 137 0030 04B0     		add	sp, sp, #16
 138              		@ sp needed
 139 0032 80BD     		pop	{r7, pc}
 140              		.cfi_endproc
 141              	.LFE4:
 142              		.size	LedBlink, .-LedBlink
 143              		.section	.text.SetPWMValue,"ax",%progbits
 144              		.align	2
 145              		.global	SetPWMValue
 146              		.code	16
 147              		.thumb_func
 148              		.type	SetPWMValue, %function
 149              	SetPWMValue:
 150              	.LFB5:
  39:.\lib_LED/LED.c **** 
  40:.\lib_LED/LED.c **** void SetPWMValue(uint8_t Value)
  41:.\lib_LED/LED.c **** {
 151              		.loc 1 41 0
 152              		.cfi_startproc
 153 0000 80B5     		push	{r7, lr}
 154              		.cfi_def_cfa_offset 8
 155              		.cfi_offset 7, -8
 156              		.cfi_offset 14, -4
 157 0002 82B0     		sub	sp, sp, #8
 158              		.cfi_def_cfa_offset 16
 159 0004 00AF     		add	r7, sp, #0
 160              		.cfi_def_cfa_register 7
 161 0006 021C     		mov	r2, r0
 162 0008 FB1D     		add	r3, r7, #7
 163 000a 1A70     		strb	r2, [r3]
  42:.\lib_LED/LED.c ****     /* TBD: Implementation Here; */
  43:.\lib_LED/LED.c **** }
 164              		.loc 1 43 0
 165 000c BD46     		mov	sp, r7
 166 000e 02B0     		add	sp, sp, #8
 167              		@ sp needed
 168 0010 80BD     		pop	{r7, pc}
 169              		.cfi_endproc
 170              	.LFE5:
 171              		.size	SetPWMValue, .-SetPWMValue
 172 0012 C046     		.section	.text.SetLedState,"ax",%progbits
 173              		.align	2
 174              		.global	SetLedState
 175              		.code	16
 176              		.thumb_func
 177              		.type	SetLedState, %function
 178              	SetLedState:
 179              	.LFB6:
  44:.\lib_LED/LED.c **** 
  45:.\lib_LED/LED.c **** void SetLedState(uint8_t State)
  46:.\lib_LED/LED.c **** {
 180              		.loc 1 46 0
 181              		.cfi_startproc
 182 0000 80B5     		push	{r7, lr}
ARM GAS  C:\Users\Petro\AppData\Local\Temp\ccjLHqvY.s 			page 5


 183              		.cfi_def_cfa_offset 8
 184              		.cfi_offset 7, -8
 185              		.cfi_offset 14, -4
 186 0002 82B0     		sub	sp, sp, #8
 187              		.cfi_def_cfa_offset 16
 188 0004 00AF     		add	r7, sp, #0
 189              		.cfi_def_cfa_register 7
 190 0006 021C     		mov	r2, r0
 191 0008 FB1D     		add	r3, r7, #7
 192 000a 1A70     		strb	r2, [r3]
  47:.\lib_LED/LED.c ****     Timer_LED_Stop();
 193              		.loc 1 47 0
 194 000c FFF7FEFF 		bl	Timer_LED_Stop
  48:.\lib_LED/LED.c ****     LED_PIN_Write(State);
 195              		.loc 1 48 0
 196 0010 FB1D     		add	r3, r7, #7
 197 0012 1B78     		ldrb	r3, [r3]
 198 0014 181C     		mov	r0, r3
 199 0016 FFF7FEFF 		bl	LED_PIN_Write
  49:.\lib_LED/LED.c **** }
 200              		.loc 1 49 0
 201 001a BD46     		mov	sp, r7
 202 001c 02B0     		add	sp, sp, #8
 203              		@ sp needed
 204 001e 80BD     		pop	{r7, pc}
 205              		.cfi_endproc
 206              	.LFE6:
 207              		.size	SetLedState, .-SetLedState
 208              		.text
 209              	.Letext0:
 210              		.file 2 "c:\\program files (x86)\\cypress\\psoc creator\\3.3\\psoc creator\\import\\gnu\\arm\\4.9.
 211              		.file 3 "c:\\program files (x86)\\cypress\\psoc creator\\3.3\\psoc creator\\import\\gnu\\arm\\4.9.
 212              		.file 4 "Generated_Source\\PSoC4/cytypes.h"
 213              		.section	.debug_info,"",%progbits
 214              	.Ldebug_info0:
 215 0000 7F010000 		.4byte	0x17f
 216 0004 0400     		.2byte	0x4
 217 0006 00000000 		.4byte	.Ldebug_abbrev0
 218 000a 04       		.byte	0x4
 219 000b 01       		.uleb128 0x1
 220 000c BE000000 		.4byte	.LASF28
 221 0010 01       		.byte	0x1
 222 0011 FD010000 		.4byte	.LASF29
 223 0015 77010000 		.4byte	.LASF30
 224 0019 00000000 		.4byte	.Ldebug_ranges0+0
 225 001d 00000000 		.4byte	0
 226 0021 00000000 		.4byte	.Ldebug_line0
 227 0025 02       		.uleb128 0x2
 228 0026 01       		.byte	0x1
 229 0027 06       		.byte	0x6
 230 0028 28020000 		.4byte	.LASF0
 231 002c 03       		.uleb128 0x3
 232 002d 00000000 		.4byte	.LASF3
 233 0031 02       		.byte	0x2
 234 0032 1D       		.byte	0x1d
 235 0033 37000000 		.4byte	0x37
 236 0037 02       		.uleb128 0x2
ARM GAS  C:\Users\Petro\AppData\Local\Temp\ccjLHqvY.s 			page 6


 237 0038 01       		.byte	0x1
 238 0039 08       		.byte	0x8
 239 003a 4D000000 		.4byte	.LASF1
 240 003e 02       		.uleb128 0x2
 241 003f 02       		.byte	0x2
 242 0040 05       		.byte	0x5
 243 0041 F3010000 		.4byte	.LASF2
 244 0045 03       		.uleb128 0x3
 245 0046 A1000000 		.4byte	.LASF4
 246 004a 02       		.byte	0x2
 247 004b 2B       		.byte	0x2b
 248 004c 50000000 		.4byte	0x50
 249 0050 02       		.uleb128 0x2
 250 0051 02       		.byte	0x2
 251 0052 07       		.byte	0x7
 252 0053 74000000 		.4byte	.LASF5
 253 0057 02       		.uleb128 0x2
 254 0058 04       		.byte	0x4
 255 0059 05       		.byte	0x5
 256 005a 1F020000 		.4byte	.LASF6
 257 005e 03       		.uleb128 0x3
 258 005f B3000000 		.4byte	.LASF7
 259 0063 02       		.byte	0x2
 260 0064 41       		.byte	0x41
 261 0065 69000000 		.4byte	0x69
 262 0069 02       		.uleb128 0x2
 263 006a 04       		.byte	0x4
 264 006b 07       		.byte	0x7
 265 006c 62000000 		.4byte	.LASF8
 266 0070 02       		.uleb128 0x2
 267 0071 08       		.byte	0x8
 268 0072 05       		.byte	0x5
 269 0073 E0010000 		.4byte	.LASF9
 270 0077 02       		.uleb128 0x2
 271 0078 08       		.byte	0x8
 272 0079 07       		.byte	0x7
 273 007a 60010000 		.4byte	.LASF10
 274 007e 04       		.uleb128 0x4
 275 007f 04       		.byte	0x4
 276 0080 05       		.byte	0x5
 277 0081 696E7400 		.ascii	"int\000"
 278 0085 02       		.uleb128 0x2
 279 0086 04       		.byte	0x4
 280 0087 07       		.byte	0x7
 281 0088 53010000 		.4byte	.LASF11
 282 008c 03       		.uleb128 0x3
 283 008d 16000000 		.4byte	.LASF12
 284 0091 03       		.byte	0x3
 285 0092 15       		.byte	0x15
 286 0093 2C000000 		.4byte	0x2c
 287 0097 03       		.uleb128 0x3
 288 0098 0D020000 		.4byte	.LASF13
 289 009c 03       		.byte	0x3
 290 009d 21       		.byte	0x21
 291 009e 45000000 		.4byte	0x45
 292 00a2 03       		.uleb128 0x3
 293 00a3 16020000 		.4byte	.LASF14
ARM GAS  C:\Users\Petro\AppData\Local\Temp\ccjLHqvY.s 			page 7


 294 00a7 03       		.byte	0x3
 295 00a8 2D       		.byte	0x2d
 296 00a9 5E000000 		.4byte	0x5e
 297 00ad 05       		.uleb128 0x5
 298 00ae 4C010000 		.4byte	.LASF15
 299 00b2 04       		.byte	0x4
 300 00b3 9A01     		.2byte	0x19a
 301 00b5 69000000 		.4byte	0x69
 302 00b9 02       		.uleb128 0x2
 303 00ba 04       		.byte	0x4
 304 00bb 04       		.byte	0x4
 305 00bc 3D000000 		.4byte	.LASF16
 306 00c0 02       		.uleb128 0x2
 307 00c1 08       		.byte	0x8
 308 00c2 04       		.byte	0x4
 309 00c3 AC000000 		.4byte	.LASF17
 310 00c7 02       		.uleb128 0x2
 311 00c8 01       		.byte	0x1
 312 00c9 08       		.byte	0x8
 313 00ca EE010000 		.4byte	.LASF18
 314 00ce 02       		.uleb128 0x2
 315 00cf 04       		.byte	0x4
 316 00d0 07       		.byte	0x7
 317 00d1 D7010000 		.4byte	.LASF19
 318 00d5 06       		.uleb128 0x6
 319 00d6 2A000000 		.4byte	.LASF20
 320 00da 01       		.byte	0x1
 321 00db 10       		.byte	0x10
 322 00dc 00000000 		.4byte	.LFB2
 323 00e0 2C000000 		.4byte	.LFE2-.LFB2
 324 00e4 01       		.uleb128 0x1
 325 00e5 9C       		.byte	0x9c
 326 00e6 06       		.uleb128 0x6
 327 00e7 32000000 		.4byte	.LASF21
 328 00eb 01       		.byte	0x1
 329 00ec 1A       		.byte	0x1a
 330 00ed 00000000 		.4byte	.LFB3
 331 00f1 1E000000 		.4byte	.LFE3-.LFB3
 332 00f5 01       		.uleb128 0x1
 333 00f6 9C       		.byte	0x9c
 334 00f7 07       		.uleb128 0x7
 335 00f8 34020000 		.4byte	.LASF22
 336 00fc 01       		.byte	0x1
 337 00fd 20       		.byte	0x20
 338 00fe 00000000 		.4byte	.LFB4
 339 0102 34000000 		.4byte	.LFE4-.LFB4
 340 0106 01       		.uleb128 0x1
 341 0107 9C       		.byte	0x9c
 342 0108 29010000 		.4byte	0x129
 343 010c 08       		.uleb128 0x8
 344 010d 43000000 		.4byte	.LASF24
 345 0111 01       		.byte	0x1
 346 0112 20       		.byte	0x20
 347 0113 97000000 		.4byte	0x97
 348 0117 02       		.uleb128 0x2
 349 0118 91       		.byte	0x91
 350 0119 6E       		.sleb128 -18
ARM GAS  C:\Users\Petro\AppData\Local\Temp\ccjLHqvY.s 			page 8


 351 011a 09       		.uleb128 0x9
 352 011b 5B000000 		.4byte	.LASF31
 353 011f 01       		.byte	0x1
 354 0120 22       		.byte	0x22
 355 0121 A2000000 		.4byte	0xa2
 356 0125 02       		.uleb128 0x2
 357 0126 91       		.byte	0x91
 358 0127 74       		.sleb128 -12
 359 0128 00       		.byte	0
 360 0129 0A       		.uleb128 0xa
 361 012a 0A000000 		.4byte	.LASF23
 362 012e 01       		.byte	0x1
 363 012f 28       		.byte	0x28
 364 0130 00000000 		.4byte	.LFB5
 365 0134 12000000 		.4byte	.LFE5-.LFB5
 366 0138 01       		.uleb128 0x1
 367 0139 9C       		.byte	0x9c
 368 013a 4D010000 		.4byte	0x14d
 369 013e 08       		.uleb128 0x8
 370 013f 9B000000 		.4byte	.LASF25
 371 0143 01       		.byte	0x1
 372 0144 28       		.byte	0x28
 373 0145 8C000000 		.4byte	0x8c
 374 0149 02       		.uleb128 0x2
 375 014a 91       		.byte	0x91
 376 014b 77       		.sleb128 -9
 377 014c 00       		.byte	0
 378 014d 07       		.uleb128 0x7
 379 014e 1E000000 		.4byte	.LASF26
 380 0152 01       		.byte	0x1
 381 0153 2D       		.byte	0x2d
 382 0154 00000000 		.4byte	.LFB6
 383 0158 20000000 		.4byte	.LFE6-.LFB6
 384 015c 01       		.uleb128 0x1
 385 015d 9C       		.byte	0x9c
 386 015e 71010000 		.4byte	0x171
 387 0162 08       		.uleb128 0x8
 388 0163 87000000 		.4byte	.LASF27
 389 0167 01       		.byte	0x1
 390 0168 2D       		.byte	0x2d
 391 0169 8C000000 		.4byte	0x8c
 392 016d 02       		.uleb128 0x2
 393 016e 91       		.byte	0x91
 394 016f 77       		.sleb128 -9
 395 0170 00       		.byte	0
 396 0171 0B       		.uleb128 0xb
 397 0172 8D000000 		.4byte	.LASF32
 398 0176 01       		.byte	0x1
 399 0177 0E       		.byte	0xe
 400 0178 8C000000 		.4byte	0x8c
 401 017c 05       		.uleb128 0x5
 402 017d 03       		.byte	0x3
 403 017e 00000000 		.4byte	LED_InitValue
 404 0182 00       		.byte	0
 405              		.section	.debug_abbrev,"",%progbits
 406              	.Ldebug_abbrev0:
 407 0000 01       		.uleb128 0x1
ARM GAS  C:\Users\Petro\AppData\Local\Temp\ccjLHqvY.s 			page 9


 408 0001 11       		.uleb128 0x11
 409 0002 01       		.byte	0x1
 410 0003 25       		.uleb128 0x25
 411 0004 0E       		.uleb128 0xe
 412 0005 13       		.uleb128 0x13
 413 0006 0B       		.uleb128 0xb
 414 0007 03       		.uleb128 0x3
 415 0008 0E       		.uleb128 0xe
 416 0009 1B       		.uleb128 0x1b
 417 000a 0E       		.uleb128 0xe
 418 000b 55       		.uleb128 0x55
 419 000c 17       		.uleb128 0x17
 420 000d 11       		.uleb128 0x11
 421 000e 01       		.uleb128 0x1
 422 000f 10       		.uleb128 0x10
 423 0010 17       		.uleb128 0x17
 424 0011 00       		.byte	0
 425 0012 00       		.byte	0
 426 0013 02       		.uleb128 0x2
 427 0014 24       		.uleb128 0x24
 428 0015 00       		.byte	0
 429 0016 0B       		.uleb128 0xb
 430 0017 0B       		.uleb128 0xb
 431 0018 3E       		.uleb128 0x3e
 432 0019 0B       		.uleb128 0xb
 433 001a 03       		.uleb128 0x3
 434 001b 0E       		.uleb128 0xe
 435 001c 00       		.byte	0
 436 001d 00       		.byte	0
 437 001e 03       		.uleb128 0x3
 438 001f 16       		.uleb128 0x16
 439 0020 00       		.byte	0
 440 0021 03       		.uleb128 0x3
 441 0022 0E       		.uleb128 0xe
 442 0023 3A       		.uleb128 0x3a
 443 0024 0B       		.uleb128 0xb
 444 0025 3B       		.uleb128 0x3b
 445 0026 0B       		.uleb128 0xb
 446 0027 49       		.uleb128 0x49
 447 0028 13       		.uleb128 0x13
 448 0029 00       		.byte	0
 449 002a 00       		.byte	0
 450 002b 04       		.uleb128 0x4
 451 002c 24       		.uleb128 0x24
 452 002d 00       		.byte	0
 453 002e 0B       		.uleb128 0xb
 454 002f 0B       		.uleb128 0xb
 455 0030 3E       		.uleb128 0x3e
 456 0031 0B       		.uleb128 0xb
 457 0032 03       		.uleb128 0x3
 458 0033 08       		.uleb128 0x8
 459 0034 00       		.byte	0
 460 0035 00       		.byte	0
 461 0036 05       		.uleb128 0x5
 462 0037 16       		.uleb128 0x16
 463 0038 00       		.byte	0
 464 0039 03       		.uleb128 0x3
ARM GAS  C:\Users\Petro\AppData\Local\Temp\ccjLHqvY.s 			page 10


 465 003a 0E       		.uleb128 0xe
 466 003b 3A       		.uleb128 0x3a
 467 003c 0B       		.uleb128 0xb
 468 003d 3B       		.uleb128 0x3b
 469 003e 05       		.uleb128 0x5
 470 003f 49       		.uleb128 0x49
 471 0040 13       		.uleb128 0x13
 472 0041 00       		.byte	0
 473 0042 00       		.byte	0
 474 0043 06       		.uleb128 0x6
 475 0044 2E       		.uleb128 0x2e
 476 0045 00       		.byte	0
 477 0046 3F       		.uleb128 0x3f
 478 0047 19       		.uleb128 0x19
 479 0048 03       		.uleb128 0x3
 480 0049 0E       		.uleb128 0xe
 481 004a 3A       		.uleb128 0x3a
 482 004b 0B       		.uleb128 0xb
 483 004c 3B       		.uleb128 0x3b
 484 004d 0B       		.uleb128 0xb
 485 004e 27       		.uleb128 0x27
 486 004f 19       		.uleb128 0x19
 487 0050 11       		.uleb128 0x11
 488 0051 01       		.uleb128 0x1
 489 0052 12       		.uleb128 0x12
 490 0053 06       		.uleb128 0x6
 491 0054 40       		.uleb128 0x40
 492 0055 18       		.uleb128 0x18
 493 0056 9642     		.uleb128 0x2116
 494 0058 19       		.uleb128 0x19
 495 0059 00       		.byte	0
 496 005a 00       		.byte	0
 497 005b 07       		.uleb128 0x7
 498 005c 2E       		.uleb128 0x2e
 499 005d 01       		.byte	0x1
 500 005e 3F       		.uleb128 0x3f
 501 005f 19       		.uleb128 0x19
 502 0060 03       		.uleb128 0x3
 503 0061 0E       		.uleb128 0xe
 504 0062 3A       		.uleb128 0x3a
 505 0063 0B       		.uleb128 0xb
 506 0064 3B       		.uleb128 0x3b
 507 0065 0B       		.uleb128 0xb
 508 0066 27       		.uleb128 0x27
 509 0067 19       		.uleb128 0x19
 510 0068 11       		.uleb128 0x11
 511 0069 01       		.uleb128 0x1
 512 006a 12       		.uleb128 0x12
 513 006b 06       		.uleb128 0x6
 514 006c 40       		.uleb128 0x40
 515 006d 18       		.uleb128 0x18
 516 006e 9642     		.uleb128 0x2116
 517 0070 19       		.uleb128 0x19
 518 0071 01       		.uleb128 0x1
 519 0072 13       		.uleb128 0x13
 520 0073 00       		.byte	0
 521 0074 00       		.byte	0
ARM GAS  C:\Users\Petro\AppData\Local\Temp\ccjLHqvY.s 			page 11


 522 0075 08       		.uleb128 0x8
 523 0076 05       		.uleb128 0x5
 524 0077 00       		.byte	0
 525 0078 03       		.uleb128 0x3
 526 0079 0E       		.uleb128 0xe
 527 007a 3A       		.uleb128 0x3a
 528 007b 0B       		.uleb128 0xb
 529 007c 3B       		.uleb128 0x3b
 530 007d 0B       		.uleb128 0xb
 531 007e 49       		.uleb128 0x49
 532 007f 13       		.uleb128 0x13
 533 0080 02       		.uleb128 0x2
 534 0081 18       		.uleb128 0x18
 535 0082 00       		.byte	0
 536 0083 00       		.byte	0
 537 0084 09       		.uleb128 0x9
 538 0085 34       		.uleb128 0x34
 539 0086 00       		.byte	0
 540 0087 03       		.uleb128 0x3
 541 0088 0E       		.uleb128 0xe
 542 0089 3A       		.uleb128 0x3a
 543 008a 0B       		.uleb128 0xb
 544 008b 3B       		.uleb128 0x3b
 545 008c 0B       		.uleb128 0xb
 546 008d 49       		.uleb128 0x49
 547 008e 13       		.uleb128 0x13
 548 008f 02       		.uleb128 0x2
 549 0090 18       		.uleb128 0x18
 550 0091 00       		.byte	0
 551 0092 00       		.byte	0
 552 0093 0A       		.uleb128 0xa
 553 0094 2E       		.uleb128 0x2e
 554 0095 01       		.byte	0x1
 555 0096 3F       		.uleb128 0x3f
 556 0097 19       		.uleb128 0x19
 557 0098 03       		.uleb128 0x3
 558 0099 0E       		.uleb128 0xe
 559 009a 3A       		.uleb128 0x3a
 560 009b 0B       		.uleb128 0xb
 561 009c 3B       		.uleb128 0x3b
 562 009d 0B       		.uleb128 0xb
 563 009e 27       		.uleb128 0x27
 564 009f 19       		.uleb128 0x19
 565 00a0 11       		.uleb128 0x11
 566 00a1 01       		.uleb128 0x1
 567 00a2 12       		.uleb128 0x12
 568 00a3 06       		.uleb128 0x6
 569 00a4 40       		.uleb128 0x40
 570 00a5 18       		.uleb128 0x18
 571 00a6 9742     		.uleb128 0x2117
 572 00a8 19       		.uleb128 0x19
 573 00a9 01       		.uleb128 0x1
 574 00aa 13       		.uleb128 0x13
 575 00ab 00       		.byte	0
 576 00ac 00       		.byte	0
 577 00ad 0B       		.uleb128 0xb
 578 00ae 34       		.uleb128 0x34
ARM GAS  C:\Users\Petro\AppData\Local\Temp\ccjLHqvY.s 			page 12


 579 00af 00       		.byte	0
 580 00b0 03       		.uleb128 0x3
 581 00b1 0E       		.uleb128 0xe
 582 00b2 3A       		.uleb128 0x3a
 583 00b3 0B       		.uleb128 0xb
 584 00b4 3B       		.uleb128 0x3b
 585 00b5 0B       		.uleb128 0xb
 586 00b6 49       		.uleb128 0x49
 587 00b7 13       		.uleb128 0x13
 588 00b8 3F       		.uleb128 0x3f
 589 00b9 19       		.uleb128 0x19
 590 00ba 02       		.uleb128 0x2
 591 00bb 18       		.uleb128 0x18
 592 00bc 00       		.byte	0
 593 00bd 00       		.byte	0
 594 00be 00       		.byte	0
 595              		.section	.debug_aranges,"",%progbits
 596 0000 3C000000 		.4byte	0x3c
 597 0004 0200     		.2byte	0x2
 598 0006 00000000 		.4byte	.Ldebug_info0
 599 000a 04       		.byte	0x4
 600 000b 00       		.byte	0
 601 000c 0000     		.2byte	0
 602 000e 0000     		.2byte	0
 603 0010 00000000 		.4byte	.LFB2
 604 0014 2C000000 		.4byte	.LFE2-.LFB2
 605 0018 00000000 		.4byte	.LFB3
 606 001c 1E000000 		.4byte	.LFE3-.LFB3
 607 0020 00000000 		.4byte	.LFB4
 608 0024 34000000 		.4byte	.LFE4-.LFB4
 609 0028 00000000 		.4byte	.LFB5
 610 002c 12000000 		.4byte	.LFE5-.LFB5
 611 0030 00000000 		.4byte	.LFB6
 612 0034 20000000 		.4byte	.LFE6-.LFB6
 613 0038 00000000 		.4byte	0
 614 003c 00000000 		.4byte	0
 615              		.section	.debug_ranges,"",%progbits
 616              	.Ldebug_ranges0:
 617 0000 00000000 		.4byte	.LFB2
 618 0004 2C000000 		.4byte	.LFE2
 619 0008 00000000 		.4byte	.LFB3
 620 000c 1E000000 		.4byte	.LFE3
 621 0010 00000000 		.4byte	.LFB4
 622 0014 34000000 		.4byte	.LFE4
 623 0018 00000000 		.4byte	.LFB5
 624 001c 12000000 		.4byte	.LFE5
 625 0020 00000000 		.4byte	.LFB6
 626 0024 20000000 		.4byte	.LFE6
 627 0028 00000000 		.4byte	0
 628 002c 00000000 		.4byte	0
 629              		.section	.debug_line,"",%progbits
 630              	.Ldebug_line0:
 631 0000 A3010000 		.section	.debug_str,"MS",%progbits,1
 631      02004201 
 631      00000201 
 631      FB0E0D00 
 631      01010101 
ARM GAS  C:\Users\Petro\AppData\Local\Temp\ccjLHqvY.s 			page 13


 632              	.LASF3:
 633 0000 5F5F7569 		.ascii	"__uint8_t\000"
 633      6E74385F 
 633      7400
 634              	.LASF23:
 635 000a 53657450 		.ascii	"SetPWMValue\000"
 635      574D5661 
 635      6C756500 
 636              	.LASF12:
 637 0016 75696E74 		.ascii	"uint8_t\000"
 637      385F7400 
 638              	.LASF26:
 639 001e 5365744C 		.ascii	"SetLedState\000"
 639      65645374 
 639      61746500 
 640              	.LASF20:
 641 002a 4C656449 		.ascii	"LedInit\000"
 641      6E697400 
 642              	.LASF21:
 643 0032 4C656448 		.ascii	"LedHandler\000"
 643      616E646C 
 643      657200
 644              	.LASF16:
 645 003d 666C6F61 		.ascii	"float\000"
 645      7400
 646              	.LASF24:
 647 0043 46726571 		.ascii	"Frequency\000"
 647      75656E63 
 647      7900
 648              	.LASF1:
 649 004d 756E7369 		.ascii	"unsigned char\000"
 649      676E6564 
 649      20636861 
 649      7200
 650              	.LASF31:
 651 005b 74696D65 		.ascii	"time_l\000"
 651      5F6C00
 652              	.LASF8:
 653 0062 6C6F6E67 		.ascii	"long unsigned int\000"
 653      20756E73 
 653      69676E65 
 653      6420696E 
 653      7400
 654              	.LASF5:
 655 0074 73686F72 		.ascii	"short unsigned int\000"
 655      7420756E 
 655      7369676E 
 655      65642069 
 655      6E7400
 656              	.LASF27:
 657 0087 53746174 		.ascii	"State\000"
 657      6500
 658              	.LASF32:
 659 008d 4C45445F 		.ascii	"LED_InitValue\000"
 659      496E6974 
 659      56616C75 
 659      6500
ARM GAS  C:\Users\Petro\AppData\Local\Temp\ccjLHqvY.s 			page 14


 660              	.LASF25:
 661 009b 56616C75 		.ascii	"Value\000"
 661      6500
 662              	.LASF4:
 663 00a1 5F5F7569 		.ascii	"__uint16_t\000"
 663      6E743136 
 663      5F7400
 664              	.LASF17:
 665 00ac 646F7562 		.ascii	"double\000"
 665      6C6500
 666              	.LASF7:
 667 00b3 5F5F7569 		.ascii	"__uint32_t\000"
 667      6E743332 
 667      5F7400
 668              	.LASF28:
 669 00be 474E5520 		.ascii	"GNU C 4.9.3 20150303 (release) [ARM/embedded-4_9-br"
 669      4320342E 
 669      392E3320 
 669      32303135 
 669      30333033 
 670 00f1 616E6368 		.ascii	"anch revision 221220] -mcpu=cortex-m0 -mthumb -g -O"
 670      20726576 
 670      6973696F 
 670      6E203232 
 670      31323230 
 671 0124 30202D66 		.ascii	"0 -ffunction-sections -ffat-lto-objects\000"
 671      66756E63 
 671      74696F6E 
 671      2D736563 
 671      74696F6E 
 672              	.LASF15:
 673 014c 75696E74 		.ascii	"uint32\000"
 673      333200
 674              	.LASF11:
 675 0153 756E7369 		.ascii	"unsigned int\000"
 675      676E6564 
 675      20696E74 
 675      00
 676              	.LASF10:
 677 0160 6C6F6E67 		.ascii	"long long unsigned int\000"
 677      206C6F6E 
 677      6720756E 
 677      7369676E 
 677      65642069 
 678              	.LASF30:
 679 0177 443A5C43 		.ascii	"D:\\Cypress\\system-start-finish\\vesion 2\\fw\\fin"
 679      79707265 
 679      73735C73 
 679      79737465 
 679      6D2D7374 
 680 01a5 6973685C 		.ascii	"ish\\sandbox\\v3\\Finish(state machine)\\fin_v0.cyd"
 680      73616E64 
 680      626F785C 
 680      76335C46 
 680      696E6973 
 681 01d4 736E00   		.ascii	"sn\000"
 682              	.LASF19:
ARM GAS  C:\Users\Petro\AppData\Local\Temp\ccjLHqvY.s 			page 15


 683 01d7 73697A65 		.ascii	"sizetype\000"
 683      74797065 
 683      00
 684              	.LASF9:
 685 01e0 6C6F6E67 		.ascii	"long long int\000"
 685      206C6F6E 
 685      6720696E 
 685      7400
 686              	.LASF18:
 687 01ee 63686172 		.ascii	"char\000"
 687      00
 688              	.LASF2:
 689 01f3 73686F72 		.ascii	"short int\000"
 689      7420696E 
 689      7400
 690              	.LASF29:
 691 01fd 2E5C6C69 		.ascii	".\\lib_LED\\LED.c\000"
 691      625F4C45 
 691      445C4C45 
 691      442E6300 
 692              	.LASF13:
 693 020d 75696E74 		.ascii	"uint16_t\000"
 693      31365F74 
 693      00
 694              	.LASF14:
 695 0216 75696E74 		.ascii	"uint32_t\000"
 695      33325F74 
 695      00
 696              	.LASF6:
 697 021f 6C6F6E67 		.ascii	"long int\000"
 697      20696E74 
 697      00
 698              	.LASF0:
 699 0228 7369676E 		.ascii	"signed char\000"
 699      65642063 
 699      68617200 
 700              	.LASF22:
 701 0234 4C656442 		.ascii	"LedBlink\000"
 701      6C696E6B 
 701      00
 702              		.ident	"GCC: (GNU Tools for ARM Embedded Processors) 4.9.3 20150303 (release) [ARM/embedded-4_9-br
