ARM GAS  C:\DOCUME~1\Admin\LOCALS~1\Temp\ccrc8sss.s 			page 1


   1              		.cpu cortex-m0
   2              		.fpu softvfp
   3              		.eabi_attribute 20, 1
   4              		.eabi_attribute 21, 1
   5              		.eabi_attribute 23, 3
   6              		.eabi_attribute 24, 1
   7              		.eabi_attribute 25, 1
   8              		.eabi_attribute 26, 1
   9              		.eabi_attribute 30, 6
  10              		.eabi_attribute 34, 0
  11              		.eabi_attribute 18, 4
  12              		.code	16
  13              		.file	"myDelay.c"
  14              		.text
  15              	.Ltext0:
  16              		.cfi_sections	.debug_frame
  17              		.comm	fatFs,560,4
  18              		.comm	fileO,552,4
  19              		.comm	createFlag,4,4
  20              		.bss
  21              		.align	1
  22              	minMs:
  23 0000 0000     		.space	2
  24              		.align	1
  25              	maxMs:
  26 0002 0000     		.space	2
  27              		.comm	tmpMs,2,2
  28              		.align	2
  29              	buff:
  30 0004 00000000 		.space	100
  30      00000000 
  30      00000000 
  30      00000000 
  30      00000000 
  31              		.comm	outData,24,8
  32              		.comm	inData,24,8
  33              		.comm	numAttemps,4,4
  34              		.comm	noConnect,4,4
  35              		.comm	networkStatus,4,4
  36              		.align	1
  37              	writeFlag:
  38 0068 0000     		.space	2
  39              		.global	__aeabi_ui2d
  40              		.global	__aeabi_ddiv
  41              		.global	__aeabi_d2uiz
  42 006a 0000     		.section	.text.MyDelay,"ax",%progbits
  43              		.align	2
  44              		.global	MyDelay
  45              		.code	16
  46              		.thumb_func
  47              		.type	MyDelay, %function
  48              	MyDelay:
  49              	.LFB63:
  50              		.file 1 ".\\lib_MyDelay\\myDelay.c"
   1:.\lib_MyDelay/myDelay.c **** #include "lib_MyDelay\myDelay.h"
   2:.\lib_MyDelay/myDelay.c **** 
   3:.\lib_MyDelay/myDelay.c **** /*******************************************************************************
ARM GAS  C:\DOCUME~1\Admin\LOCALS~1\Temp\ccrc8sss.s 			page 2


   4:.\lib_MyDelay/myDelay.c **** * Function Name: MyDelay
   5:.\lib_MyDelay/myDelay.c **** ********************************************************************************
   6:.\lib_MyDelay/myDelay.c **** *
   7:.\lib_MyDelay/myDelay.c **** * Summary:
   8:.\lib_MyDelay/myDelay.c **** *   delay feature where users performed free time
   9:.\lib_MyDelay/myDelay.c **** *
  10:.\lib_MyDelay/myDelay.c **** * Parameters:
  11:.\lib_MyDelay/myDelay.c **** *  delayMs - delay time in miliseconds
  12:.\lib_MyDelay/myDelay.c **** *
  13:.\lib_MyDelay/myDelay.c **** *******************************************************************************/
  14:.\lib_MyDelay/myDelay.c **** void MyDelay(uint32_t delayMs)
  15:.\lib_MyDelay/myDelay.c **** {
  51              		.loc 1 15 0
  52              		.cfi_startproc
  53 0000 90B5     		push	{r4, r7, lr}
  54              		.cfi_def_cfa_offset 12
  55              		.cfi_offset 4, -12
  56              		.cfi_offset 7, -8
  57              		.cfi_offset 14, -4
  58 0002 87B0     		sub	sp, sp, #28
  59              		.cfi_def_cfa_offset 40
  60 0004 00AF     		add	r7, sp, #0
  61              		.cfi_def_cfa_register 7
  62 0006 7860     		str	r0, [r7, #4]
  16:.\lib_MyDelay/myDelay.c ****     
  17:.\lib_MyDelay/myDelay.c ****     if(delayMs < MIN_DELAY_MS)
  63              		.loc 1 17 0
  64 0008 7B68     		ldr	r3, [r7, #4]
  65 000a 952B     		cmp	r3, #149
  66 000c 04D8     		bhi	.L2
  18:.\lib_MyDelay/myDelay.c ****     {
  19:.\lib_MyDelay/myDelay.c ****         CyDelay(delayMs);
  67              		.loc 1 19 0
  68 000e 7B68     		ldr	r3, [r7, #4]
  69 0010 181C     		mov	r0, r3
  70 0012 FFF7FEFF 		bl	CyDelay
  71 0016 46E0     		b	.L1
  72              	.L2:
  73              	.LBB2:
  20:.\lib_MyDelay/myDelay.c ****     }else
  21:.\lib_MyDelay/myDelay.c ****     {
  22:.\lib_MyDelay/myDelay.c ****         uint32_t runTime;
  23:.\lib_MyDelay/myDelay.c ****         uint32_t counter ;
  24:.\lib_MyDelay/myDelay.c ****         uint32_t period;
  25:.\lib_MyDelay/myDelay.c ****         
  26:.\lib_MyDelay/myDelay.c ****         runTime = 0;
  74              		.loc 1 26 0
  75 0018 0023     		mov	r3, #0
  76 001a 7B61     		str	r3, [r7, #20]
  27:.\lib_MyDelay/myDelay.c ****         period = AppDelay_ReadPeriod();
  77              		.loc 1 27 0
  78 001c FFF7FEFF 		bl	AppDelay_ReadPeriod
  79 0020 031C     		mov	r3, r0
  80 0022 3B61     		str	r3, [r7, #16]
  28:.\lib_MyDelay/myDelay.c ****         AppDelay_WriteCounter(period);       
  81              		.loc 1 28 0
  82 0024 3B69     		ldr	r3, [r7, #16]
ARM GAS  C:\DOCUME~1\Admin\LOCALS~1\Temp\ccrc8sss.s 			page 3


  83 0026 181C     		mov	r0, r3
  84 0028 FFF7FEFF 		bl	AppDelay_WriteCounter
  29:.\lib_MyDelay/myDelay.c ****         AppDelay_Start();
  85              		.loc 1 29 0
  86 002c FFF7FEFF 		bl	AppDelay_Start
  30:.\lib_MyDelay/myDelay.c ****         
  31:.\lib_MyDelay/myDelay.c ****         while(((delayMs - runTime) > MIN_DELAY_MS) && (runTime <= delayMs))
  87              		.loc 1 31 0
  88 0030 24E0     		b	.L4
  89              	.L6:
  32:.\lib_MyDelay/myDelay.c ****         {
  33:.\lib_MyDelay/myDelay.c ****             /*user function*/      
  34:.\lib_MyDelay/myDelay.c ****             UserFunc_1();
  90              		.loc 1 34 0
  91 0032 FFF7FEFF 		bl	UserFunc_1
  35:.\lib_MyDelay/myDelay.c ****             UserFunc_2();
  92              		.loc 1 35 0
  93 0036 FFF7FEFF 		bl	UserFunc_2
  36:.\lib_MyDelay/myDelay.c ****             UserFunc_3();
  94              		.loc 1 36 0
  95 003a FFF7FEFF 		bl	UserFunc_3
  37:.\lib_MyDelay/myDelay.c ****             UserFunc_4();
  96              		.loc 1 37 0
  97 003e FFF7FEFF 		bl	UserFunc_4
  38:.\lib_MyDelay/myDelay.c ****             
  39:.\lib_MyDelay/myDelay.c ****             CyDelay(MIN_DELAY_MS);
  98              		.loc 1 39 0
  99 0042 9620     		mov	r0, #150
 100 0044 FFF7FEFF 		bl	CyDelay
  40:.\lib_MyDelay/myDelay.c ****                             
  41:.\lib_MyDelay/myDelay.c ****             counter = AppDelay_ReadCounter();
 101              		.loc 1 41 0
 102 0048 FFF7FEFF 		bl	AppDelay_ReadCounter
 103 004c 031C     		mov	r3, r0
 104 004e FB60     		str	r3, [r7, #12]
  42:.\lib_MyDelay/myDelay.c ****             runTime = (period -  counter)/32.768;
 105              		.loc 1 42 0
 106 0050 3A69     		ldr	r2, [r7, #16]
 107 0052 FB68     		ldr	r3, [r7, #12]
 108 0054 D31A     		sub	r3, r2, r3
 109 0056 181C     		mov	r0, r3
 110 0058 FFF7FEFF 		bl	__aeabi_ui2d
 111 005c 031C     		mov	r3, r0
 112 005e 0C1C     		mov	r4, r1
 113 0060 181C     		mov	r0, r3
 114 0062 211C     		mov	r1, r4
 115 0064 114A     		ldr	r2, .L7
 116 0066 124B     		ldr	r3, .L7+4
 117 0068 FFF7FEFF 		bl	__aeabi_ddiv
 118 006c 031C     		mov	r3, r0
 119 006e 0C1C     		mov	r4, r1
 120 0070 181C     		mov	r0, r3
 121 0072 211C     		mov	r1, r4
 122 0074 FFF7FEFF 		bl	__aeabi_d2uiz
 123 0078 031C     		mov	r3, r0
 124 007a 7B61     		str	r3, [r7, #20]
 125              	.L4:
ARM GAS  C:\DOCUME~1\Admin\LOCALS~1\Temp\ccrc8sss.s 			page 4


  31:.\lib_MyDelay/myDelay.c ****         {
 126              		.loc 1 31 0
 127 007c 7A68     		ldr	r2, [r7, #4]
 128 007e 7B69     		ldr	r3, [r7, #20]
 129 0080 D31A     		sub	r3, r2, r3
 130 0082 962B     		cmp	r3, #150
 131 0084 03D9     		bls	.L5
  31:.\lib_MyDelay/myDelay.c ****         {
 132              		.loc 1 31 0 is_stmt 0 discriminator 1
 133 0086 7A69     		ldr	r2, [r7, #20]
 134 0088 7B68     		ldr	r3, [r7, #4]
 135 008a 9A42     		cmp	r2, r3
 136 008c D1D9     		bls	.L6
 137              	.L5:
  43:.\lib_MyDelay/myDelay.c ****             
  44:.\lib_MyDelay/myDelay.c ****             /*user function*/  
  45:.\lib_MyDelay/myDelay.c ****         }
  46:.\lib_MyDelay/myDelay.c ****         AppDelay_Stop();
 138              		.loc 1 46 0 is_stmt 1
 139 008e FFF7FEFF 		bl	AppDelay_Stop
  47:.\lib_MyDelay/myDelay.c ****         
  48:.\lib_MyDelay/myDelay.c ****         #ifdef DEBUG_PC
  49:.\lib_MyDelay/myDelay.c ****         char buffer[100];
  50:.\lib_MyDelay/myDelay.c ****         sprintf(buffer,"time send data %u\n\r", (runTime));
  51:.\lib_MyDelay/myDelay.c ****         SW_UART_DEBUG_PutString(buffer);
  52:.\lib_MyDelay/myDelay.c ****         #endif
  53:.\lib_MyDelay/myDelay.c ****         
  54:.\lib_MyDelay/myDelay.c ****         if (delayMs > runTime)
 140              		.loc 1 54 0
 141 0092 7A68     		ldr	r2, [r7, #4]
 142 0094 7B69     		ldr	r3, [r7, #20]
 143 0096 9A42     		cmp	r2, r3
 144 0098 05D9     		bls	.L1
  55:.\lib_MyDelay/myDelay.c ****         {
  56:.\lib_MyDelay/myDelay.c ****             CyDelay(delayMs - runTime);
 145              		.loc 1 56 0
 146 009a 7A68     		ldr	r2, [r7, #4]
 147 009c 7B69     		ldr	r3, [r7, #20]
 148 009e D31A     		sub	r3, r2, r3
 149 00a0 181C     		mov	r0, r3
 150 00a2 FFF7FEFF 		bl	CyDelay
 151              	.L1:
 152              	.LBE2:
  57:.\lib_MyDelay/myDelay.c ****         }
  58:.\lib_MyDelay/myDelay.c ****     }
  59:.\lib_MyDelay/myDelay.c **** }
 153              		.loc 1 59 0
 154 00a6 BD46     		mov	sp, r7
 155 00a8 07B0     		add	sp, sp, #28
 156              		@ sp needed
 157 00aa 90BD     		pop	{r4, r7, pc}
 158              	.L8:
 159              		.align	2
 160              	.L7:
 161 00ac FCA9F1D2 		.word	-755914244
 162 00b0 4D624040 		.word	1077961293
 163              		.cfi_endproc
ARM GAS  C:\DOCUME~1\Admin\LOCALS~1\Temp\ccrc8sss.s 			page 5


 164              	.LFE63:
 165              		.size	MyDelay, .-MyDelay
 166              		.section	.text.UserFunc_1,"ax",%progbits
 167              		.align	2
 168              		.code	16
 169              		.thumb_func
 170              		.type	UserFunc_1, %function
 171              	UserFunc_1:
 172              	.LFB64:
  60:.\lib_MyDelay/myDelay.c **** 
  61:.\lib_MyDelay/myDelay.c **** 
  62:.\lib_MyDelay/myDelay.c **** static void UserFunc_1(void)
  63:.\lib_MyDelay/myDelay.c **** {
 173              		.loc 1 63 0
 174              		.cfi_startproc
 175 0000 80B5     		push	{r7, lr}
 176              		.cfi_def_cfa_offset 8
 177              		.cfi_offset 7, -8
 178              		.cfi_offset 14, -4
 179 0002 00AF     		add	r7, sp, #0
 180              		.cfi_def_cfa_register 7
  64:.\lib_MyDelay/myDelay.c ****     /*network*/
  65:.\lib_MyDelay/myDelay.c **** 
  66:.\lib_MyDelay/myDelay.c ****     SendData();           
 181              		.loc 1 66 0
 182 0004 FFF7FEFF 		bl	SendData
  67:.\lib_MyDelay/myDelay.c ****     ReceiveData();
 183              		.loc 1 67 0
 184 0008 FFF7FEFF 		bl	ReceiveData
  68:.\lib_MyDelay/myDelay.c ****     
  69:.\lib_MyDelay/myDelay.c ****     #ifdef DEBUG_PC
  70:.\lib_MyDelay/myDelay.c ****     //inData.readStatus = READ_OK;
  71:.\lib_MyDelay/myDelay.c ****     #endif
  72:.\lib_MyDelay/myDelay.c ****  
  73:.\lib_MyDelay/myDelay.c **** }
 185              		.loc 1 73 0
 186 000c BD46     		mov	sp, r7
 187              		@ sp needed
 188 000e 80BD     		pop	{r7, pc}
 189              		.cfi_endproc
 190              	.LFE64:
 191              		.size	UserFunc_1, .-UserFunc_1
 192              		.section	.text.UserFunc_2,"ax",%progbits
 193              		.align	2
 194              		.code	16
 195              		.thumb_func
 196              		.type	UserFunc_2, %function
 197              	UserFunc_2:
 198              	.LFB65:
  74:.\lib_MyDelay/myDelay.c **** 
  75:.\lib_MyDelay/myDelay.c **** 
  76:.\lib_MyDelay/myDelay.c **** static void UserFunc_2(void)
  77:.\lib_MyDelay/myDelay.c **** {
 199              		.loc 1 77 0
 200              		.cfi_startproc
 201 0000 90B5     		push	{r4, r7, lr}
 202              		.cfi_def_cfa_offset 12
ARM GAS  C:\DOCUME~1\Admin\LOCALS~1\Temp\ccrc8sss.s 			page 6


 203              		.cfi_offset 4, -12
 204              		.cfi_offset 7, -8
 205              		.cfi_offset 14, -4
 206 0002 A3B0     		sub	sp, sp, #140
 207              		.cfi_def_cfa_offset 152
 208 0004 08AF     		add	r7, sp, #32
 209              		.cfi_def_cfa 7, 120
  78:.\lib_MyDelay/myDelay.c ****     /*write result skier on log*/
  79:.\lib_MyDelay/myDelay.c ****     if((FifoGetSize() > 0) || (writeFlag == WRITE_ERROR))
 210              		.loc 1 79 0
 211 0006 FFF7FEFF 		bl	FifoGetSize
 212 000a 031E     		sub	r3, r0, #0
 213 000c 03D1     		bne	.L11
 214              		.loc 1 79 0 is_stmt 0 discriminator 1
 215 000e 224B     		ldr	r3, .L17
 216 0010 1B88     		ldrh	r3, [r3]
 217 0012 012B     		cmp	r3, #1
 218 0014 3CD1     		bne	.L10
 219              	.L11:
 220              	.LBB3:
  80:.\lib_MyDelay/myDelay.c ****     {
  81:.\lib_MyDelay/myDelay.c ****         uint32_t result;
  82:.\lib_MyDelay/myDelay.c ****         skierDB_El tmpStruct;
  83:.\lib_MyDelay/myDelay.c ****         if (writeFlag == WRITE_NO_ERROR)
 221              		.loc 1 83 0 is_stmt 1
 222 0016 204B     		ldr	r3, .L17
 223 0018 1B88     		ldrh	r3, [r3]
 224 001a 002B     		cmp	r3, #0
 225 001c 16D1     		bne	.L13
  84:.\lib_MyDelay/myDelay.c ****         {
  85:.\lib_MyDelay/myDelay.c ****             FifoGet(&tmpStruct);
 226              		.loc 1 85 0
 227 001e 3023     		mov	r3, #48
 228 0020 FB18     		add	r3, r7, r3
 229 0022 181C     		mov	r0, r3
 230 0024 FFF7FEFF 		bl	FifoGet
  86:.\lib_MyDelay/myDelay.c ****             FifoPushLast(tmpStruct);
 231              		.loc 1 86 0
 232 0028 3023     		mov	r3, #48
 233 002a FC18     		add	r4, r7, r3
 234 002c 6B46     		mov	r3, sp
 235 002e 191C     		mov	r1, r3
 236 0030 231C     		mov	r3, r4
 237 0032 1033     		add	r3, r3, #16
 238 0034 2022     		mov	r2, #32
 239 0036 081C     		mov	r0, r1
 240 0038 191C     		mov	r1, r3
 241 003a FFF7FEFF 		bl	memcpy
 242 003e 2068     		ldr	r0, [r4]
 243 0040 6168     		ldr	r1, [r4, #4]
 244 0042 A268     		ldr	r2, [r4, #8]
 245 0044 E368     		ldr	r3, [r4, #12]
 246 0046 FFF7FEFF 		bl	FifoPushLast
 247 004a 0EE0     		b	.L14
 248              	.L13:
  87:.\lib_MyDelay/myDelay.c ****         }
  88:.\lib_MyDelay/myDelay.c ****         else
ARM GAS  C:\DOCUME~1\Admin\LOCALS~1\Temp\ccrc8sss.s 			page 7


  89:.\lib_MyDelay/myDelay.c ****         {
  90:.\lib_MyDelay/myDelay.c ****             tmpStruct = FifoGetLast();
 249              		.loc 1 90 0
 250 004c 3023     		mov	r3, #48
 251 004e FC18     		add	r4, r7, r3
 252 0050 3B1C     		mov	r3, r7
 253 0052 181C     		mov	r0, r3
 254 0054 FFF7FEFF 		bl	FifoGetLast
 255 0058 3B1C     		mov	r3, r7
 256 005a 211C     		mov	r1, r4
 257 005c 1A1C     		mov	r2, r3
 258 005e 3023     		mov	r3, #48
 259 0060 081C     		mov	r0, r1
 260 0062 111C     		mov	r1, r2
 261 0064 1A1C     		mov	r2, r3
 262 0066 FFF7FEFF 		bl	memcpy
 263              	.L14:
  91:.\lib_MyDelay/myDelay.c ****         }
  92:.\lib_MyDelay/myDelay.c ****         result = WriteSkierResult(&tmpStruct);
 264              		.loc 1 92 0
 265 006a 3023     		mov	r3, #48
 266 006c FB18     		add	r3, r7, r3
 267 006e 181C     		mov	r0, r3
 268 0070 FFF7FEFF 		bl	WriteSkierResult
 269 0074 031C     		mov	r3, r0
 270 0076 7B66     		str	r3, [r7, #100]
  93:.\lib_MyDelay/myDelay.c ****         if(result != FR_OK)
 271              		.loc 1 93 0
 272 0078 7B6E     		ldr	r3, [r7, #100]
 273 007a 002B     		cmp	r3, #0
 274 007c 05D0     		beq	.L15
  94:.\lib_MyDelay/myDelay.c ****         {
  95:.\lib_MyDelay/myDelay.c ****             LogStart();
 275              		.loc 1 95 0
 276 007e FFF7FEFF 		bl	LogStart
  96:.\lib_MyDelay/myDelay.c ****             writeFlag = WRITE_ERROR;
 277              		.loc 1 96 0
 278 0082 054B     		ldr	r3, .L17
 279 0084 0122     		mov	r2, #1
 280 0086 1A80     		strh	r2, [r3]
 281 0088 02E0     		b	.L10
 282              	.L15:
  97:.\lib_MyDelay/myDelay.c ****         }
  98:.\lib_MyDelay/myDelay.c ****         else
  99:.\lib_MyDelay/myDelay.c ****         {
 100:.\lib_MyDelay/myDelay.c ****             writeFlag = WRITE_NO_ERROR;
 283              		.loc 1 100 0
 284 008a 034B     		ldr	r3, .L17
 285 008c 0022     		mov	r2, #0
 286 008e 1A80     		strh	r2, [r3]
 287              	.L10:
 288              	.LBE3:
 101:.\lib_MyDelay/myDelay.c ****         }
 102:.\lib_MyDelay/myDelay.c ****     }
 103:.\lib_MyDelay/myDelay.c **** }
 289              		.loc 1 103 0
 290 0090 BD46     		mov	sp, r7
ARM GAS  C:\DOCUME~1\Admin\LOCALS~1\Temp\ccrc8sss.s 			page 8


 291 0092 1BB0     		add	sp, sp, #108
 292              		@ sp needed
 293 0094 90BD     		pop	{r4, r7, pc}
 294              	.L18:
 295 0096 C046     		.align	2
 296              	.L17:
 297 0098 68000000 		.word	writeFlag
 298              		.cfi_endproc
 299              	.LFE65:
 300              		.size	UserFunc_2, .-UserFunc_2
 301              		.section	.text.UserFunc_3,"ax",%progbits
 302              		.align	2
 303              		.code	16
 304              		.thumb_func
 305              		.type	UserFunc_3, %function
 306              	UserFunc_3:
 307              	.LFB66:
 104:.\lib_MyDelay/myDelay.c **** 
 105:.\lib_MyDelay/myDelay.c **** static void UserFunc_3(void)
 106:.\lib_MyDelay/myDelay.c **** {
 308              		.loc 1 106 0
 309              		.cfi_startproc
 310 0000 80B5     		push	{r7, lr}
 311              		.cfi_def_cfa_offset 8
 312              		.cfi_offset 7, -8
 313              		.cfi_offset 14, -4
 314 0002 00AF     		add	r7, sp, #0
 315              		.cfi_def_cfa_register 7
 107:.\lib_MyDelay/myDelay.c ****     /*indicator SD card*/
 108:.\lib_MyDelay/myDelay.c ****     if(SDinsert_Read() == 0)
 316              		.loc 1 108 0
 317 0004 FFF7FEFF 		bl	SDinsert_Read
 318 0008 031E     		sub	r3, r0, #0
 319 000a 03D1     		bne	.L20
 109:.\lib_MyDelay/myDelay.c ****     {
 110:.\lib_MyDelay/myDelay.c ****         DisplayPutIndicatorSD(SD_INSERT);
 320              		.loc 1 110 0
 321 000c 0020     		mov	r0, #0
 322 000e FFF7FEFF 		bl	DisplayPutIndicatorSD
 323 0012 02E0     		b	.L21
 324              	.L20:
 111:.\lib_MyDelay/myDelay.c ****     }else
 112:.\lib_MyDelay/myDelay.c ****     {
 113:.\lib_MyDelay/myDelay.c ****         DisplayPutIndicatorSD(SD_NO_INSERT);
 325              		.loc 1 113 0
 326 0014 0120     		mov	r0, #1
 327 0016 FFF7FEFF 		bl	DisplayPutIndicatorSD
 328              	.L21:
 114:.\lib_MyDelay/myDelay.c ****     }
 115:.\lib_MyDelay/myDelay.c ****     /*indicator network*/
 116:.\lib_MyDelay/myDelay.c ****     if(NetworkStatus() == NETWORK_CONN)
 329              		.loc 1 116 0
 330 001a FFF7FEFF 		bl	NetworkStatus
 331 001e 031E     		sub	r3, r0, #0
 332 0020 012B     		cmp	r3, #1
 333 0022 03D1     		bne	.L22
 117:.\lib_MyDelay/myDelay.c ****     {
ARM GAS  C:\DOCUME~1\Admin\LOCALS~1\Temp\ccrc8sss.s 			page 9


 118:.\lib_MyDelay/myDelay.c ****         DisplayPutIndicatorNetwork(CONNECT);
 334              		.loc 1 118 0
 335 0024 0020     		mov	r0, #0
 336 0026 FFF7FEFF 		bl	DisplayPutIndicatorNetwork
 337 002a 02E0     		b	.L19
 338              	.L22:
 119:.\lib_MyDelay/myDelay.c ****     }else
 120:.\lib_MyDelay/myDelay.c ****     {
 121:.\lib_MyDelay/myDelay.c ****         DisplayPutIndicatorNetwork(DISCONNECT);
 339              		.loc 1 121 0
 340 002c 0120     		mov	r0, #1
 341 002e FFF7FEFF 		bl	DisplayPutIndicatorNetwork
 342              	.L19:
 122:.\lib_MyDelay/myDelay.c ****     }
 123:.\lib_MyDelay/myDelay.c ****     
 124:.\lib_MyDelay/myDelay.c **** }
 343              		.loc 1 124 0
 344 0032 BD46     		mov	sp, r7
 345              		@ sp needed
 346 0034 80BD     		pop	{r7, pc}
 347              		.cfi_endproc
 348              	.LFE66:
 349              		.size	UserFunc_3, .-UserFunc_3
 350 0036 C046     		.section	.text.UserFunc_4,"ax",%progbits
 351              		.align	2
 352              		.code	16
 353              		.thumb_func
 354              		.type	UserFunc_4, %function
 355              	UserFunc_4:
 356              	.LFB67:
 125:.\lib_MyDelay/myDelay.c **** 
 126:.\lib_MyDelay/myDelay.c **** static void UserFunc_4(void)
 127:.\lib_MyDelay/myDelay.c **** {
 357              		.loc 1 127 0
 358              		.cfi_startproc
 359 0000 80B5     		push	{r7, lr}
 360              		.cfi_def_cfa_offset 8
 361              		.cfi_offset 7, -8
 362              		.cfi_offset 14, -4
 363 0002 00AF     		add	r7, sp, #0
 364              		.cfi_def_cfa_register 7
 128:.\lib_MyDelay/myDelay.c ****     /*printf real time and num skier on way*/
 129:.\lib_MyDelay/myDelay.c ****     DisplayPrintfRealTime();
 365              		.loc 1 129 0
 366 0004 FFF7FEFF 		bl	DisplayPrintfRealTime
 130:.\lib_MyDelay/myDelay.c ****     DisplayPrintNumSkierOnWay(SkierOnWay());
 367              		.loc 1 130 0
 368 0008 FFF7FEFF 		bl	SkierOnWay
 369 000c 031C     		mov	r3, r0
 370 000e 181C     		mov	r0, r3
 371 0010 FFF7FEFF 		bl	DisplayPrintNumSkierOnWay
 131:.\lib_MyDelay/myDelay.c **** }...
 372              		.loc 1 131 0
 373 0014 BD46     		mov	sp, r7
 374              		@ sp needed
 375 0016 80BD     		pop	{r7, pc}
 376              		.cfi_endproc
ARM GAS  C:\DOCUME~1\Admin\LOCALS~1\Temp\ccrc8sss.s 			page 10


 377              	.LFE67:
 378              		.size	UserFunc_4, .-UserFunc_4
 379              		.text
 380              	.Letext0:
 381              		.file 2 "c:\\program files\\cypress\\psoc creator\\3.3\\psoc creator\\import\\gnu\\arm\\4.9.3\\arm
 382              		.file 3 "c:\\program files\\cypress\\psoc creator\\3.3\\psoc creator\\import\\gnu\\arm\\4.9.3\\arm
 383              		.file 4 "./lib_Fat\\integer.h"
 384              		.file 5 "./lib_Fat\\ff.h"
 385              		.file 6 "./lib_DB\\database.h"
 386              		.file 7 "./lib_Display\\display.h"
 387              		.file 8 "./lib_Network\\network.h"
 388              		.file 9 "./debug.h"
 389              		.file 10 "./lib_MyDelay\\myDelay.h"
 390              		.file 11 "./lib_DB\\logResult.h"
 391              		.section	.debug_info,"",%progbits
 392              	.Ldebug_info0:
 393 0000 6C060000 		.4byte	0x66c
 394 0004 0400     		.2byte	0x4
 395 0006 00000000 		.4byte	.Ldebug_abbrev0
 396 000a 04       		.byte	0x4
 397 000b 01       		.uleb128 0x1
 398 000c A6020000 		.4byte	.LASF117
 399 0010 01       		.byte	0x1
 400 0011 39040000 		.4byte	.LASF118
 401 0015 9C040000 		.4byte	.LASF119
 402 0019 00000000 		.4byte	.Ldebug_ranges0+0
 403 001d 00000000 		.4byte	0
 404 0021 00000000 		.4byte	.Ldebug_line0
 405 0025 02       		.uleb128 0x2
 406 0026 01       		.byte	0x1
 407 0027 06       		.byte	0x6
 408 0028 F9040000 		.4byte	.LASF0
 409 002c 03       		.uleb128 0x3
 410 002d 0A040000 		.4byte	.LASF3
 411 0031 02       		.byte	0x2
 412 0032 1D       		.byte	0x1d
 413 0033 37000000 		.4byte	0x37
 414 0037 02       		.uleb128 0x2
 415 0038 01       		.byte	0x1
 416 0039 08       		.byte	0x8
 417 003a 65040000 		.4byte	.LASF1
 418 003e 02       		.uleb128 0x2
 419 003f 02       		.byte	0x2
 420 0040 05       		.byte	0x5
 421 0041 AC030000 		.4byte	.LASF2
 422 0045 03       		.uleb128 0x3
 423 0046 46010000 		.4byte	.LASF4
 424 004a 02       		.byte	0x2
 425 004b 2B       		.byte	0x2b
 426 004c 50000000 		.4byte	0x50
 427 0050 02       		.uleb128 0x2
 428 0051 02       		.byte	0x2
 429 0052 07       		.byte	0x7
 430 0053 19050000 		.4byte	.LASF5
 431 0057 02       		.uleb128 0x2
 432 0058 04       		.byte	0x4
 433 0059 05       		.byte	0x5
ARM GAS  C:\DOCUME~1\Admin\LOCALS~1\Temp\ccrc8sss.s 			page 11


 434 005a C9030000 		.4byte	.LASF6
 435 005e 03       		.uleb128 0x3
 436 005f 73040000 		.4byte	.LASF7
 437 0063 02       		.byte	0x2
 438 0064 41       		.byte	0x41
 439 0065 69000000 		.4byte	0x69
 440 0069 02       		.uleb128 0x2
 441 006a 04       		.byte	0x4
 442 006b 07       		.byte	0x7
 443 006c 27040000 		.4byte	.LASF8
 444 0070 02       		.uleb128 0x2
 445 0071 08       		.byte	0x8
 446 0072 05       		.byte	0x5
 447 0073 46020000 		.4byte	.LASF9
 448 0077 03       		.uleb128 0x3
 449 0078 DE010000 		.4byte	.LASF10
 450 007c 02       		.byte	0x2
 451 007d 5B       		.byte	0x5b
 452 007e 82000000 		.4byte	0x82
 453 0082 02       		.uleb128 0x2
 454 0083 08       		.byte	0x8
 455 0084 07       		.byte	0x7
 456 0085 18010000 		.4byte	.LASF11
 457 0089 04       		.uleb128 0x4
 458 008a 04       		.byte	0x4
 459 008b 05       		.byte	0x5
 460 008c 696E7400 		.ascii	"int\000"
 461 0090 02       		.uleb128 0x2
 462 0091 04       		.byte	0x4
 463 0092 07       		.byte	0x7
 464 0093 3D000000 		.4byte	.LASF12
 465 0097 03       		.uleb128 0x3
 466 0098 28020000 		.4byte	.LASF13
 467 009c 03       		.byte	0x3
 468 009d 15       		.byte	0x15
 469 009e 2C000000 		.4byte	0x2c
 470 00a2 03       		.uleb128 0x3
 471 00a3 6A030000 		.4byte	.LASF14
 472 00a7 03       		.byte	0x3
 473 00a8 21       		.byte	0x21
 474 00a9 45000000 		.4byte	0x45
 475 00ad 03       		.uleb128 0x3
 476 00ae C6000000 		.4byte	.LASF15
 477 00b2 03       		.byte	0x3
 478 00b3 2D       		.byte	0x2d
 479 00b4 5E000000 		.4byte	0x5e
 480 00b8 03       		.uleb128 0x3
 481 00b9 FB030000 		.4byte	.LASF16
 482 00bd 03       		.byte	0x3
 483 00be 39       		.byte	0x39
 484 00bf 77000000 		.4byte	0x77
 485 00c3 02       		.uleb128 0x2
 486 00c4 04       		.byte	0x4
 487 00c5 04       		.byte	0x4
 488 00c6 EB000000 		.4byte	.LASF17
 489 00ca 02       		.uleb128 0x2
 490 00cb 08       		.byte	0x8
ARM GAS  C:\DOCUME~1\Admin\LOCALS~1\Temp\ccrc8sss.s 			page 12


 491 00cc 04       		.byte	0x4
 492 00cd 50050000 		.4byte	.LASF18
 493 00d1 02       		.uleb128 0x2
 494 00d2 01       		.byte	0x1
 495 00d3 08       		.byte	0x8
 496 00d4 0F020000 		.4byte	.LASF19
 497 00d8 02       		.uleb128 0x2
 498 00d9 04       		.byte	0x4
 499 00da 07       		.byte	0x7
 500 00db 1E040000 		.4byte	.LASF20
 501 00df 03       		.uleb128 0x3
 502 00e0 96020000 		.4byte	.LASF21
 503 00e4 04       		.byte	0x4
 504 00e5 10       		.byte	0x10
 505 00e6 37000000 		.4byte	0x37
 506 00ea 03       		.uleb128 0x3
 507 00eb 34030000 		.4byte	.LASF22
 508 00ef 04       		.byte	0x4
 509 00f0 14       		.byte	0x14
 510 00f1 50000000 		.4byte	0x50
 511 00f5 03       		.uleb128 0x3
 512 00f6 0B010000 		.4byte	.LASF23
 513 00fa 04       		.byte	0x4
 514 00fb 1D       		.byte	0x1d
 515 00fc 69000000 		.4byte	0x69
 516 0100 03       		.uleb128 0x3
 517 0101 00000000 		.4byte	.LASF24
 518 0105 05       		.byte	0x5
 519 0106 55       		.byte	0x55
 520 0107 F5000000 		.4byte	0xf5
 521 010b 05       		.uleb128 0x5
 522 010c 3002     		.2byte	0x230
 523 010e 05       		.byte	0x5
 524 010f 5C       		.byte	0x5c
 525 0110 EC010000 		.4byte	0x1ec
 526 0114 06       		.uleb128 0x6
 527 0115 72010000 		.4byte	.LASF25
 528 0119 05       		.byte	0x5
 529 011a 5D       		.byte	0x5d
 530 011b DF000000 		.4byte	0xdf
 531 011f 00       		.byte	0
 532 0120 07       		.uleb128 0x7
 533 0121 64727600 		.ascii	"drv\000"
 534 0125 05       		.byte	0x5
 535 0126 5E       		.byte	0x5e
 536 0127 DF000000 		.4byte	0xdf
 537 012b 01       		.byte	0x1
 538 012c 06       		.uleb128 0x6
 539 012d 5B000000 		.4byte	.LASF26
 540 0131 05       		.byte	0x5
 541 0132 5F       		.byte	0x5f
 542 0133 DF000000 		.4byte	0xdf
 543 0137 02       		.byte	0x2
 544 0138 06       		.uleb128 0x6
 545 0139 77020000 		.4byte	.LASF27
 546 013d 05       		.byte	0x5
 547 013e 60       		.byte	0x60
ARM GAS  C:\DOCUME~1\Admin\LOCALS~1\Temp\ccrc8sss.s 			page 13


 548 013f DF000000 		.4byte	0xdf
 549 0143 03       		.byte	0x3
 550 0144 06       		.uleb128 0x6
 551 0145 D9000000 		.4byte	.LASF28
 552 0149 05       		.byte	0x5
 553 014a 61       		.byte	0x61
 554 014b DF000000 		.4byte	0xdf
 555 014f 04       		.byte	0x4
 556 0150 07       		.uleb128 0x7
 557 0151 696400   		.ascii	"id\000"
 558 0154 05       		.byte	0x5
 559 0155 62       		.byte	0x62
 560 0156 EA000000 		.4byte	0xea
 561 015a 06       		.byte	0x6
 562 015b 06       		.uleb128 0x6
 563 015c 14040000 		.4byte	.LASF29
 564 0160 05       		.byte	0x5
 565 0161 63       		.byte	0x63
 566 0162 EA000000 		.4byte	0xea
 567 0166 08       		.byte	0x8
 568 0167 06       		.uleb128 0x6
 569 0168 39030000 		.4byte	.LASF30
 570 016c 05       		.byte	0x5
 571 016d 64       		.byte	0x64
 572 016e EA000000 		.4byte	0xea
 573 0172 0A       		.byte	0xa
 574 0173 06       		.uleb128 0x6
 575 0174 33000000 		.4byte	.LASF31
 576 0178 05       		.byte	0x5
 577 0179 72       		.byte	0x72
 578 017a F5000000 		.4byte	0xf5
 579 017e 0C       		.byte	0xc
 580 017f 06       		.uleb128 0x6
 581 0180 96030000 		.4byte	.LASF32
 582 0184 05       		.byte	0x5
 583 0185 73       		.byte	0x73
 584 0186 F5000000 		.4byte	0xf5
 585 018a 10       		.byte	0x10
 586 018b 06       		.uleb128 0x6
 587 018c 44030000 		.4byte	.LASF33
 588 0190 05       		.byte	0x5
 589 0191 7D       		.byte	0x7d
 590 0192 F5000000 		.4byte	0xf5
 591 0196 14       		.byte	0x14
 592 0197 06       		.uleb128 0x6
 593 0198 54020000 		.4byte	.LASF34
 594 019c 05       		.byte	0x5
 595 019d 7E       		.byte	0x7e
 596 019e F5000000 		.4byte	0xf5
 597 01a2 18       		.byte	0x18
 598 01a3 06       		.uleb128 0x6
 599 01a4 5A020000 		.4byte	.LASF35
 600 01a8 05       		.byte	0x5
 601 01a9 7F       		.byte	0x7f
 602 01aa F5000000 		.4byte	0xf5
 603 01ae 1C       		.byte	0x1c
 604 01af 06       		.uleb128 0x6
ARM GAS  C:\DOCUME~1\Admin\LOCALS~1\Temp\ccrc8sss.s 			page 14


 605 01b0 7A010000 		.4byte	.LASF36
 606 01b4 05       		.byte	0x5
 607 01b5 80       		.byte	0x80
 608 01b6 F5000000 		.4byte	0xf5
 609 01ba 20       		.byte	0x20
 610 01bb 06       		.uleb128 0x6
 611 01bc 4D030000 		.4byte	.LASF37
 612 01c0 05       		.byte	0x5
 613 01c1 81       		.byte	0x81
 614 01c2 F5000000 		.4byte	0xf5
 615 01c6 24       		.byte	0x24
 616 01c7 06       		.uleb128 0x6
 617 01c8 2C050000 		.4byte	.LASF38
 618 01cc 05       		.byte	0x5
 619 01cd 82       		.byte	0x82
 620 01ce F5000000 		.4byte	0xf5
 621 01d2 28       		.byte	0x28
 622 01d3 06       		.uleb128 0x6
 623 01d4 78000000 		.4byte	.LASF39
 624 01d8 05       		.byte	0x5
 625 01d9 83       		.byte	0x83
 626 01da F5000000 		.4byte	0xf5
 627 01de 2C       		.byte	0x2c
 628 01df 07       		.uleb128 0x7
 629 01e0 77696E00 		.ascii	"win\000"
 630 01e4 05       		.byte	0x5
 631 01e5 84       		.byte	0x84
 632 01e6 EC010000 		.4byte	0x1ec
 633 01ea 30       		.byte	0x30
 634 01eb 00       		.byte	0
 635 01ec 08       		.uleb128 0x8
 636 01ed DF000000 		.4byte	0xdf
 637 01f1 FD010000 		.4byte	0x1fd
 638 01f5 09       		.uleb128 0x9
 639 01f6 D8000000 		.4byte	0xd8
 640 01fa FF01     		.2byte	0x1ff
 641 01fc 00       		.byte	0
 642 01fd 03       		.uleb128 0x3
 643 01fe 1D000000 		.4byte	.LASF40
 644 0202 05       		.byte	0x5
 645 0203 85       		.byte	0x85
 646 0204 0B010000 		.4byte	0x10b
 647 0208 0A       		.uleb128 0xa
 648 0209 10       		.byte	0x10
 649 020a 05       		.byte	0x5
 650 020b 8B       		.byte	0x8b
 651 020c 57020000 		.4byte	0x257
 652 0210 07       		.uleb128 0x7
 653 0211 667300   		.ascii	"fs\000"
 654 0214 05       		.byte	0x5
 655 0215 8C       		.byte	0x8c
 656 0216 57020000 		.4byte	0x257
 657 021a 00       		.byte	0
 658 021b 07       		.uleb128 0x7
 659 021c 696400   		.ascii	"id\000"
 660 021f 05       		.byte	0x5
 661 0220 8D       		.byte	0x8d
ARM GAS  C:\DOCUME~1\Admin\LOCALS~1\Temp\ccrc8sss.s 			page 15


 662 0221 EA000000 		.4byte	0xea
 663 0225 04       		.byte	0x4
 664 0226 06       		.uleb128 0x6
 665 0227 41010000 		.4byte	.LASF41
 666 022b 05       		.byte	0x5
 667 022c 8E       		.byte	0x8e
 668 022d DF000000 		.4byte	0xdf
 669 0231 06       		.byte	0x6
 670 0232 06       		.uleb128 0x6
 671 0233 82010000 		.4byte	.LASF42
 672 0237 05       		.byte	0x5
 673 0238 8F       		.byte	0x8f
 674 0239 DF000000 		.4byte	0xdf
 675 023d 07       		.byte	0x7
 676 023e 06       		.uleb128 0x6
 677 023f 8B050000 		.4byte	.LASF43
 678 0243 05       		.byte	0x5
 679 0244 90       		.byte	0x90
 680 0245 F5000000 		.4byte	0xf5
 681 0249 08       		.byte	0x8
 682 024a 06       		.uleb128 0x6
 683 024b 57040000 		.4byte	.LASF44
 684 024f 05       		.byte	0x5
 685 0250 91       		.byte	0x91
 686 0251 00010000 		.4byte	0x100
 687 0255 0C       		.byte	0xc
 688 0256 00       		.byte	0
 689 0257 0B       		.uleb128 0xb
 690 0258 04       		.byte	0x4
 691 0259 FD010000 		.4byte	0x1fd
 692 025d 03       		.uleb128 0x3
 693 025e 23000000 		.4byte	.LASF45
 694 0262 05       		.byte	0x5
 695 0263 9B       		.byte	0x9b
 696 0264 08020000 		.4byte	0x208
 697 0268 05       		.uleb128 0x5
 698 0269 2802     		.2byte	0x228
 699 026b 05       		.byte	0x5
 700 026c A1       		.byte	0xa1
 701 026d DE020000 		.4byte	0x2de
 702 0271 07       		.uleb128 0x7
 703 0272 6F626A00 		.ascii	"obj\000"
 704 0276 05       		.byte	0x5
 705 0277 A2       		.byte	0xa2
 706 0278 5D020000 		.4byte	0x25d
 707 027c 00       		.byte	0
 708 027d 06       		.uleb128 0x6
 709 027e F6030000 		.4byte	.LASF46
 710 0282 05       		.byte	0x5
 711 0283 A3       		.byte	0xa3
 712 0284 DF000000 		.4byte	0xdf
 713 0288 10       		.byte	0x10
 714 0289 07       		.uleb128 0x7
 715 028a 65727200 		.ascii	"err\000"
 716 028e 05       		.byte	0x5
 717 028f A4       		.byte	0xa4
 718 0290 DF000000 		.4byte	0xdf
ARM GAS  C:\DOCUME~1\Admin\LOCALS~1\Temp\ccrc8sss.s 			page 16


 719 0294 11       		.byte	0x11
 720 0295 06       		.uleb128 0x6
 721 0296 3F030000 		.4byte	.LASF47
 722 029a 05       		.byte	0x5
 723 029b A5       		.byte	0xa5
 724 029c 00010000 		.4byte	0x100
 725 02a0 14       		.byte	0x14
 726 02a1 06       		.uleb128 0x6
 727 02a2 5F040000 		.4byte	.LASF48
 728 02a6 05       		.byte	0x5
 729 02a7 A6       		.byte	0xa6
 730 02a8 F5000000 		.4byte	0xf5
 731 02ac 18       		.byte	0x18
 732 02ad 06       		.uleb128 0x6
 733 02ae 30020000 		.4byte	.LASF49
 734 02b2 05       		.byte	0x5
 735 02b3 A7       		.byte	0xa7
 736 02b4 F5000000 		.4byte	0xf5
 737 02b8 1C       		.byte	0x1c
 738 02b9 06       		.uleb128 0x6
 739 02ba E2000000 		.4byte	.LASF50
 740 02be 05       		.byte	0x5
 741 02bf A9       		.byte	0xa9
 742 02c0 F5000000 		.4byte	0xf5
 743 02c4 20       		.byte	0x20
 744 02c5 06       		.uleb128 0x6
 745 02c6 08000000 		.4byte	.LASF51
 746 02ca 05       		.byte	0x5
 747 02cb AA       		.byte	0xaa
 748 02cc DE020000 		.4byte	0x2de
 749 02d0 24       		.byte	0x24
 750 02d1 07       		.uleb128 0x7
 751 02d2 62756600 		.ascii	"buf\000"
 752 02d6 05       		.byte	0x5
 753 02d7 B0       		.byte	0xb0
 754 02d8 EC010000 		.4byte	0x1ec
 755 02dc 28       		.byte	0x28
 756 02dd 00       		.byte	0
 757 02de 0B       		.uleb128 0xb
 758 02df 04       		.byte	0x4
 759 02e0 DF000000 		.4byte	0xdf
 760 02e4 0C       		.uleb128 0xc
 761 02e5 46494C00 		.ascii	"FIL\000"
 762 02e9 05       		.byte	0x5
 763 02ea B2       		.byte	0xb2
 764 02eb 68020000 		.4byte	0x268
 765 02ef 0D       		.uleb128 0xd
 766 02f0 01       		.byte	0x1
 767 02f1 05       		.byte	0x5
 768 02f2 DC       		.byte	0xdc
 769 02f3 70030000 		.4byte	0x370
 770 02f7 0E       		.uleb128 0xe
 771 02f8 51040000 		.4byte	.LASF52
 772 02fc 00       		.sleb128 0
 773 02fd 0E       		.uleb128 0xe
 774 02fe A0030000 		.4byte	.LASF53
 775 0302 01       		.sleb128 1
ARM GAS  C:\DOCUME~1\Admin\LOCALS~1\Temp\ccrc8sss.s 			page 17


 776 0303 0E       		.uleb128 0xe
 777 0304 36010000 		.4byte	.LASF54
 778 0308 02       		.sleb128 2
 779 0309 0E       		.uleb128 0xe
 780 030a 10000000 		.4byte	.LASF55
 781 030e 03       		.sleb128 3
 782 030f 0E       		.uleb128 0xe
 783 0310 8B020000 		.4byte	.LASF56
 784 0314 04       		.sleb128 4
 785 0315 0E       		.uleb128 0xe
 786 0316 73030000 		.4byte	.LASF57
 787 031a 05       		.sleb128 5
 788 031b 0E       		.uleb128 0xe
 789 031c E6030000 		.4byte	.LASF58
 790 0320 06       		.sleb128 6
 791 0321 0E       		.uleb128 0xe
 792 0322 60030000 		.4byte	.LASF59
 793 0326 07       		.sleb128 7
 794 0327 0E       		.uleb128 0xe
 795 0328 9E010000 		.4byte	.LASF60
 796 032c 08       		.sleb128 8
 797 032d 0E       		.uleb128 0xe
 798 032e B5010000 		.4byte	.LASF61
 799 0332 09       		.sleb128 9
 800 0333 0E       		.uleb128 0xe
 801 0334 6F050000 		.4byte	.LASF62
 802 0338 0A       		.sleb128 10
 803 0339 0E       		.uleb128 0xe
 804 033a 4A000000 		.4byte	.LASF63
 805 033e 0B       		.sleb128 11
 806 033f 0E       		.uleb128 0xe
 807 0340 87030000 		.4byte	.LASF64
 808 0344 0C       		.sleb128 12
 809 0345 0E       		.uleb128 0xe
 810 0346 35020000 		.4byte	.LASF65
 811 034a 0D       		.sleb128 13
 812 034b 0E       		.uleb128 0xe
 813 034c 68000000 		.4byte	.LASF66
 814 0350 0E       		.sleb128 14
 815 0351 0E       		.uleb128 0xe
 816 0352 91040000 		.4byte	.LASF67
 817 0356 0F       		.sleb128 15
 818 0357 0E       		.uleb128 0xe
 819 0358 E9010000 		.4byte	.LASF68
 820 035c 10       		.sleb128 16
 821 035d 0E       		.uleb128 0xe
 822 035e B6030000 		.4byte	.LASF69
 823 0362 11       		.sleb128 17
 824 0363 0E       		.uleb128 0xe
 825 0364 A3000000 		.4byte	.LASF70
 826 0368 12       		.sleb128 18
 827 0369 0E       		.uleb128 0xe
 828 036a 62020000 		.4byte	.LASF71
 829 036e 13       		.sleb128 19
 830 036f 00       		.byte	0
 831 0370 0A       		.uleb128 0xa
 832 0371 30       		.byte	0x30
ARM GAS  C:\DOCUME~1\Admin\LOCALS~1\Temp\ccrc8sss.s 			page 18


 833 0372 06       		.byte	0x6
 834 0373 1A       		.byte	0x1a
 835 0374 C1030000 		.4byte	0x3c1
 836 0378 06       		.uleb128 0x6
 837 0379 DA040000 		.4byte	.LASF72
 838 037d 06       		.byte	0x6
 839 037e 1C       		.byte	0x1c
 840 037f B8000000 		.4byte	0xb8
 841 0383 00       		.byte	0
 842 0384 06       		.uleb128 0x6
 843 0385 FB000000 		.4byte	.LASF73
 844 0389 06       		.byte	0x6
 845 038a 1D       		.byte	0x1d
 846 038b A2000000 		.4byte	0xa2
 847 038f 08       		.byte	0x8
 848 0390 06       		.uleb128 0x6
 849 0391 40050000 		.4byte	.LASF74
 850 0395 06       		.byte	0x6
 851 0396 1E       		.byte	0x1e
 852 0397 B8000000 		.4byte	0xb8
 853 039b 10       		.byte	0x10
 854 039c 06       		.uleb128 0x6
 855 039d F3010000 		.4byte	.LASF75
 856 03a1 06       		.byte	0x6
 857 03a2 1F       		.byte	0x1f
 858 03a3 A2000000 		.4byte	0xa2
 859 03a7 18       		.byte	0x18
 860 03a8 06       		.uleb128 0x6
 861 03a9 C7040000 		.4byte	.LASF76
 862 03ad 06       		.byte	0x6
 863 03ae 20       		.byte	0x20
 864 03af B8000000 		.4byte	0xb8
 865 03b3 20       		.byte	0x20
 866 03b4 06       		.uleb128 0x6
 867 03b5 7E030000 		.4byte	.LASF77
 868 03b9 06       		.byte	0x6
 869 03ba 21       		.byte	0x21
 870 03bb A2000000 		.4byte	0xa2
 871 03bf 28       		.byte	0x28
 872 03c0 00       		.byte	0
 873 03c1 03       		.uleb128 0x3
 874 03c2 D3010000 		.4byte	.LASF78
 875 03c6 06       		.byte	0x6
 876 03c7 22       		.byte	0x22
 877 03c8 70030000 		.4byte	0x370
 878 03cc 0D       		.uleb128 0xd
 879 03cd 01       		.byte	0x1
 880 03ce 07       		.byte	0x7
 881 03cf 0B       		.byte	0xb
 882 03d0 E1030000 		.4byte	0x3e1
 883 03d4 0E       		.uleb128 0xe
 884 03d5 8C010000 		.4byte	.LASF79
 885 03d9 00       		.sleb128 0
 886 03da 0E       		.uleb128 0xe
 887 03db 0C050000 		.4byte	.LASF80
 888 03df 01       		.sleb128 1
 889 03e0 00       		.byte	0
ARM GAS  C:\DOCUME~1\Admin\LOCALS~1\Temp\ccrc8sss.s 			page 19


 890 03e1 0D       		.uleb128 0xd
 891 03e2 01       		.byte	0x1
 892 03e3 07       		.byte	0x7
 893 03e4 0C       		.byte	0xc
 894 03e5 F6030000 		.4byte	0x3f6
 895 03e9 0E       		.uleb128 0xe
 896 03ea A7010000 		.4byte	.LASF81
 897 03ee 00       		.sleb128 0
 898 03ef 0E       		.uleb128 0xe
 899 03f0 04020000 		.4byte	.LASF82
 900 03f4 01       		.sleb128 1
 901 03f5 00       		.byte	0
 902 03f6 0A       		.uleb128 0xa
 903 03f7 18       		.byte	0x18
 904 03f8 08       		.byte	0x8
 905 03f9 35       		.byte	0x35
 906 03fa 53040000 		.4byte	0x453
 907 03fe 06       		.uleb128 0x6
 908 03ff 9A000000 		.4byte	.LASF83
 909 0403 08       		.byte	0x8
 910 0404 38       		.byte	0x38
 911 0405 97000000 		.4byte	0x97
 912 0409 00       		.byte	0
 913 040a 06       		.uleb128 0x6
 914 040b 04040000 		.4byte	.LASF84
 915 040f 08       		.byte	0x8
 916 0410 39       		.byte	0x39
 917 0411 97000000 		.4byte	0x97
 918 0415 01       		.byte	0x1
 919 0416 06       		.uleb128 0x6
 920 0417 2F010000 		.4byte	.LASF85
 921 041b 08       		.byte	0x8
 922 041c 3A       		.byte	0x3a
 923 041d 97000000 		.4byte	0x97
 924 0421 02       		.byte	0x2
 925 0422 06       		.uleb128 0x6
 926 0423 C7010000 		.4byte	.LASF86
 927 0427 08       		.byte	0x8
 928 0428 3B       		.byte	0x3b
 929 0429 97000000 		.4byte	0x97
 930 042d 03       		.byte	0x3
 931 042e 06       		.uleb128 0x6
 932 042f 7D020000 		.4byte	.LASF87
 933 0433 08       		.byte	0x8
 934 0434 3D       		.byte	0x3d
 935 0435 B8000000 		.4byte	0xb8
 936 0439 08       		.byte	0x8
 937 043a 06       		.uleb128 0x6
 938 043b CF000000 		.4byte	.LASF88
 939 043f 08       		.byte	0x8
 940 0440 3E       		.byte	0x3e
 941 0441 A2000000 		.4byte	0xa2
 942 0445 10       		.byte	0x10
 943 0446 06       		.uleb128 0x6
 944 0447 14020000 		.4byte	.LASF89
 945 044b 08       		.byte	0x8
 946 044c 3F       		.byte	0x3f
ARM GAS  C:\DOCUME~1\Admin\LOCALS~1\Temp\ccrc8sss.s 			page 20


 947 044d 97000000 		.4byte	0x97
 948 0451 12       		.byte	0x12
 949 0452 00       		.byte	0
 950 0453 03       		.uleb128 0x3
 951 0454 9B020000 		.4byte	.LASF90
 952 0458 08       		.byte	0x8
 953 0459 40       		.byte	0x40
 954 045a F6030000 		.4byte	0x3f6
 955 045e 0A       		.uleb128 0xa
 956 045f 18       		.byte	0x18
 957 0460 08       		.byte	0x8
 958 0461 42       		.byte	0x42
 959 0462 AF040000 		.4byte	0x4af
 960 0466 06       		.uleb128 0x6
 961 0467 9A000000 		.4byte	.LASF83
 962 046b 08       		.byte	0x8
 963 046c 45       		.byte	0x45
 964 046d 97000000 		.4byte	0x97
 965 0471 00       		.byte	0
 966 0472 06       		.uleb128 0x6
 967 0473 61050000 		.4byte	.LASF91
 968 0477 08       		.byte	0x8
 969 0478 46       		.byte	0x46
 970 0479 B8000000 		.4byte	0xb8
 971 047d 08       		.byte	0x8
 972 047e 06       		.uleb128 0x6
 973 047f BA000000 		.4byte	.LASF92
 974 0483 08       		.byte	0x8
 975 0484 47       		.byte	0x47
 976 0485 A2000000 		.4byte	0xa2
 977 0489 10       		.byte	0x10
 978 048a 06       		.uleb128 0x6
 979 048b 82050000 		.4byte	.LASF93
 980 048f 08       		.byte	0x8
 981 0490 48       		.byte	0x48
 982 0491 97000000 		.4byte	0x97
 983 0495 12       		.byte	0x12
 984 0496 06       		.uleb128 0x6
 985 0497 2F010000 		.4byte	.LASF85
 986 049b 08       		.byte	0x8
 987 049c 49       		.byte	0x49
 988 049d 97000000 		.4byte	0x97
 989 04a1 13       		.byte	0x13
 990 04a2 06       		.uleb128 0x6
 991 04a3 7E040000 		.4byte	.LASF94
 992 04a7 08       		.byte	0x8
 993 04a8 4B       		.byte	0x4b
 994 04a9 97000000 		.4byte	0x97
 995 04ad 14       		.byte	0x14
 996 04ae 00       		.byte	0
 997 04af 03       		.uleb128 0x3
 998 04b0 29000000 		.4byte	.LASF95
 999 04b4 08       		.byte	0x8
 1000 04b5 4C       		.byte	0x4c
 1001 04b6 5E040000 		.4byte	0x45e
 1002 04ba 0F       		.uleb128 0xf
 1003 04bb 20020000 		.4byte	.LASF120
ARM GAS  C:\DOCUME~1\Admin\LOCALS~1\Temp\ccrc8sss.s 			page 21


 1004 04bf 01       		.byte	0x1
 1005 04c0 0E       		.byte	0xe
 1006 04c1 00000000 		.4byte	.LFB63
 1007 04c5 B4000000 		.4byte	.LFE63-.LFB63
 1008 04c9 01       		.uleb128 0x1
 1009 04ca 9C       		.byte	0x9c
 1010 04cb 12050000 		.4byte	0x512
 1011 04cf 10       		.uleb128 0x10
 1012 04d0 89040000 		.4byte	.LASF121
 1013 04d4 01       		.byte	0x1
 1014 04d5 0E       		.byte	0xe
 1015 04d6 AD000000 		.4byte	0xad
 1016 04da 02       		.uleb128 0x2
 1017 04db 91       		.byte	0x91
 1018 04dc 5C       		.sleb128 -36
 1019 04dd 11       		.uleb128 0x11
 1020 04de 18000000 		.4byte	.LBB2
 1021 04e2 8E000000 		.4byte	.LBE2-.LBB2
 1022 04e6 12       		.uleb128 0x12
 1023 04e7 D2040000 		.4byte	.LASF96
 1024 04eb 01       		.byte	0x1
 1025 04ec 16       		.byte	0x16
 1026 04ed AD000000 		.4byte	0xad
 1027 04f1 02       		.uleb128 0x2
 1028 04f2 91       		.byte	0x91
 1029 04f3 6C       		.sleb128 -20
 1030 04f4 12       		.uleb128 0x12
 1031 04f5 96010000 		.4byte	.LASF97
 1032 04f9 01       		.byte	0x1
 1033 04fa 17       		.byte	0x17
 1034 04fb AD000000 		.4byte	0xad
 1035 04ff 02       		.uleb128 0x2
 1036 0500 91       		.byte	0x91
 1037 0501 64       		.sleb128 -28
 1038 0502 12       		.uleb128 0x12
 1039 0503 05050000 		.4byte	.LASF98
 1040 0507 01       		.byte	0x1
 1041 0508 18       		.byte	0x18
 1042 0509 AD000000 		.4byte	0xad
 1043 050d 02       		.uleb128 0x2
 1044 050e 91       		.byte	0x91
 1045 050f 68       		.sleb128 -24
 1046 0510 00       		.byte	0
 1047 0511 00       		.byte	0
 1048 0512 13       		.uleb128 0x13
 1049 0513 55030000 		.4byte	.LASF101
 1050 0517 01       		.byte	0x1
 1051 0518 3E       		.byte	0x3e
 1052 0519 00000000 		.4byte	.LFB64
 1053 051d 10000000 		.4byte	.LFE64-.LFB64
 1054 0521 01       		.uleb128 0x1
 1055 0522 9C       		.byte	0x9c
 1056 0523 14       		.uleb128 0x14
 1057 0524 51010000 		.4byte	.LASF122
 1058 0528 01       		.byte	0x1
 1059 0529 4C       		.byte	0x4c
 1060 052a 00000000 		.4byte	.LFB65
ARM GAS  C:\DOCUME~1\Admin\LOCALS~1\Temp\ccrc8sss.s 			page 22


 1061 052e 9C000000 		.4byte	.LFE65-.LFB65
 1062 0532 01       		.uleb128 0x1
 1063 0533 9C       		.byte	0x9c
 1064 0534 60050000 		.4byte	0x560
 1065 0538 11       		.uleb128 0x11
 1066 0539 16000000 		.4byte	.LBB3
 1067 053d 7A000000 		.4byte	.LBE3-.LBB3
 1068 0541 12       		.uleb128 0x12
 1069 0542 11010000 		.4byte	.LASF99
 1070 0546 01       		.byte	0x1
 1071 0547 51       		.byte	0x51
 1072 0548 AD000000 		.4byte	0xad
 1073 054c 02       		.uleb128 0x2
 1074 054d 91       		.byte	0x91
 1075 054e 6C       		.sleb128 -20
 1076 054f 12       		.uleb128 0x12
 1077 0550 EF040000 		.4byte	.LASF100
 1078 0554 01       		.byte	0x1
 1079 0555 52       		.byte	0x52
 1080 0556 C1030000 		.4byte	0x3c1
 1081 055a 03       		.uleb128 0x3
 1082 055b 91       		.byte	0x91
 1083 055c B87F     		.sleb128 -72
 1084 055e 00       		.byte	0
 1085 055f 00       		.byte	0
 1086 0560 13       		.uleb128 0x13
 1087 0561 5C010000 		.4byte	.LASF102
 1088 0565 01       		.byte	0x1
 1089 0566 69       		.byte	0x69
 1090 0567 00000000 		.4byte	.LFB66
 1091 056b 36000000 		.4byte	.LFE66-.LFB66
 1092 056f 01       		.uleb128 0x1
 1093 0570 9C       		.byte	0x9c
 1094 0571 13       		.uleb128 0x13
 1095 0572 67010000 		.4byte	.LASF103
 1096 0576 01       		.byte	0x1
 1097 0577 7E       		.byte	0x7e
 1098 0578 00000000 		.4byte	.LFB67
 1099 057c 18000000 		.4byte	.LFE67-.LFB67
 1100 0580 01       		.uleb128 0x1
 1101 0581 9C       		.byte	0x9c
 1102 0582 12       		.uleb128 0x12
 1103 0583 AF010000 		.4byte	.LASF104
 1104 0587 09       		.byte	0x9
 1105 0588 04       		.byte	0x4
 1106 0589 A2000000 		.4byte	0xa2
 1107 058d 05       		.uleb128 0x5
 1108 058e 03       		.byte	0x3
 1109 058f 00000000 		.4byte	minMs
 1110 0593 12       		.uleb128 0x12
 1111 0594 E0030000 		.4byte	.LASF105
 1112 0598 09       		.byte	0x9
 1113 0599 05       		.byte	0x5
 1114 059a A2000000 		.4byte	0xa2
 1115 059e 05       		.uleb128 0x5
 1116 059f 03       		.byte	0x3
 1117 05a0 02000000 		.4byte	maxMs
ARM GAS  C:\DOCUME~1\Admin\LOCALS~1\Temp\ccrc8sss.s 			page 23


 1118 05a4 08       		.uleb128 0x8
 1119 05a5 D1000000 		.4byte	0xd1
 1120 05a9 B4050000 		.4byte	0x5b4
 1121 05ad 15       		.uleb128 0x15
 1122 05ae D8000000 		.4byte	0xd8
 1123 05b2 63       		.byte	0x63
 1124 05b3 00       		.byte	0
 1125 05b4 12       		.uleb128 0x12
 1126 05b5 87010000 		.4byte	.LASF106
 1127 05b9 07       		.byte	0x7
 1128 05ba 0F       		.byte	0xf
 1129 05bb A4050000 		.4byte	0x5a4
 1130 05bf 05       		.uleb128 0x5
 1131 05c0 03       		.byte	0x3
 1132 05c1 04000000 		.4byte	buff
 1133 05c5 12       		.uleb128 0x12
 1134 05c6 57050000 		.4byte	.LASF107
 1135 05ca 0A       		.byte	0xa
 1136 05cb 0F       		.byte	0xf
 1137 05cc A2000000 		.4byte	0xa2
 1138 05d0 05       		.uleb128 0x5
 1139 05d1 03       		.byte	0x3
 1140 05d2 68000000 		.4byte	writeFlag
 1141 05d6 16       		.uleb128 0x16
 1142 05d7 62000000 		.4byte	.LASF108
 1143 05db 0B       		.byte	0xb
 1144 05dc 11       		.byte	0x11
 1145 05dd FD010000 		.4byte	0x1fd
 1146 05e1 05       		.uleb128 0x5
 1147 05e2 03       		.byte	0x3
 1148 05e3 00000000 		.4byte	fatFs
 1149 05e7 16       		.uleb128 0x16
 1150 05e8 85020000 		.4byte	.LASF109
 1151 05ec 0B       		.byte	0xb
 1152 05ed 12       		.byte	0x12
 1153 05ee E4020000 		.4byte	0x2e4
 1154 05f2 05       		.uleb128 0x5
 1155 05f3 03       		.byte	0x3
 1156 05f4 00000000 		.4byte	fileO
 1157 05f8 16       		.uleb128 0x16
 1158 05f9 35050000 		.4byte	.LASF110
 1159 05fd 0B       		.byte	0xb
 1160 05fe 15       		.byte	0x15
 1161 05ff F5000000 		.4byte	0xf5
 1162 0603 05       		.uleb128 0x5
 1163 0604 03       		.byte	0x3
 1164 0605 00000000 		.4byte	createFlag
 1165 0609 16       		.uleb128 0x16
 1166 060a E9040000 		.4byte	.LASF111
 1167 060e 09       		.byte	0x9
 1168 060f 06       		.byte	0x6
 1169 0610 A2000000 		.4byte	0xa2
 1170 0614 05       		.uleb128 0x5
 1171 0615 03       		.byte	0x3
 1172 0616 00000000 		.4byte	tmpMs
 1173 061a 16       		.uleb128 0x16
 1174 061b 92000000 		.4byte	.LASF112
ARM GAS  C:\DOCUME~1\Admin\LOCALS~1\Temp\ccrc8sss.s 			page 24


 1175 061f 08       		.byte	0x8
 1176 0620 4E       		.byte	0x4e
 1177 0621 53040000 		.4byte	0x453
 1178 0625 05       		.uleb128 0x5
 1179 0626 03       		.byte	0x3
 1180 0627 00000000 		.4byte	outData
 1181 062b 16       		.uleb128 0x16
 1182 062c 80000000 		.4byte	.LASF113
 1183 0630 08       		.byte	0x8
 1184 0631 4F       		.byte	0x4f
 1185 0632 AF040000 		.4byte	0x4af
 1186 0636 05       		.uleb128 0x5
 1187 0637 03       		.byte	0x3
 1188 0638 00000000 		.4byte	inData
 1189 063c 16       		.uleb128 0x16
 1190 063d 87000000 		.4byte	.LASF114
 1191 0641 08       		.byte	0x8
 1192 0642 53       		.byte	0x53
 1193 0643 AD000000 		.4byte	0xad
 1194 0647 05       		.uleb128 0x5
 1195 0648 03       		.byte	0x3
 1196 0649 00000000 		.4byte	numAttemps
 1197 064d 16       		.uleb128 0x16
 1198 064e F1000000 		.4byte	.LASF115
 1199 0652 08       		.byte	0x8
 1200 0653 53       		.byte	0x53
 1201 0654 AD000000 		.4byte	0xad
 1202 0658 05       		.uleb128 0x5
 1203 0659 03       		.byte	0x3
 1204 065a 00000000 		.4byte	noConnect
 1205 065e 16       		.uleb128 0x16
 1206 065f D2030000 		.4byte	.LASF116
 1207 0663 08       		.byte	0x8
 1208 0664 53       		.byte	0x53
 1209 0665 AD000000 		.4byte	0xad
 1210 0669 05       		.uleb128 0x5
 1211 066a 03       		.byte	0x3
 1212 066b 00000000 		.4byte	networkStatus
 1213 066f 00       		.byte	0
 1214              		.section	.debug_abbrev,"",%progbits
 1215              	.Ldebug_abbrev0:
 1216 0000 01       		.uleb128 0x1
 1217 0001 11       		.uleb128 0x11
 1218 0002 01       		.byte	0x1
 1219 0003 25       		.uleb128 0x25
 1220 0004 0E       		.uleb128 0xe
 1221 0005 13       		.uleb128 0x13
 1222 0006 0B       		.uleb128 0xb
 1223 0007 03       		.uleb128 0x3
 1224 0008 0E       		.uleb128 0xe
 1225 0009 1B       		.uleb128 0x1b
 1226 000a 0E       		.uleb128 0xe
 1227 000b 55       		.uleb128 0x55
 1228 000c 17       		.uleb128 0x17
 1229 000d 11       		.uleb128 0x11
 1230 000e 01       		.uleb128 0x1
 1231 000f 10       		.uleb128 0x10
ARM GAS  C:\DOCUME~1\Admin\LOCALS~1\Temp\ccrc8sss.s 			page 25


 1232 0010 17       		.uleb128 0x17
 1233 0011 00       		.byte	0
 1234 0012 00       		.byte	0
 1235 0013 02       		.uleb128 0x2
 1236 0014 24       		.uleb128 0x24
 1237 0015 00       		.byte	0
 1238 0016 0B       		.uleb128 0xb
 1239 0017 0B       		.uleb128 0xb
 1240 0018 3E       		.uleb128 0x3e
 1241 0019 0B       		.uleb128 0xb
 1242 001a 03       		.uleb128 0x3
 1243 001b 0E       		.uleb128 0xe
 1244 001c 00       		.byte	0
 1245 001d 00       		.byte	0
 1246 001e 03       		.uleb128 0x3
 1247 001f 16       		.uleb128 0x16
 1248 0020 00       		.byte	0
 1249 0021 03       		.uleb128 0x3
 1250 0022 0E       		.uleb128 0xe
 1251 0023 3A       		.uleb128 0x3a
 1252 0024 0B       		.uleb128 0xb
 1253 0025 3B       		.uleb128 0x3b
 1254 0026 0B       		.uleb128 0xb
 1255 0027 49       		.uleb128 0x49
 1256 0028 13       		.uleb128 0x13
 1257 0029 00       		.byte	0
 1258 002a 00       		.byte	0
 1259 002b 04       		.uleb128 0x4
 1260 002c 24       		.uleb128 0x24
 1261 002d 00       		.byte	0
 1262 002e 0B       		.uleb128 0xb
 1263 002f 0B       		.uleb128 0xb
 1264 0030 3E       		.uleb128 0x3e
 1265 0031 0B       		.uleb128 0xb
 1266 0032 03       		.uleb128 0x3
 1267 0033 08       		.uleb128 0x8
 1268 0034 00       		.byte	0
 1269 0035 00       		.byte	0
 1270 0036 05       		.uleb128 0x5
 1271 0037 13       		.uleb128 0x13
 1272 0038 01       		.byte	0x1
 1273 0039 0B       		.uleb128 0xb
 1274 003a 05       		.uleb128 0x5
 1275 003b 3A       		.uleb128 0x3a
 1276 003c 0B       		.uleb128 0xb
 1277 003d 3B       		.uleb128 0x3b
 1278 003e 0B       		.uleb128 0xb
 1279 003f 01       		.uleb128 0x1
 1280 0040 13       		.uleb128 0x13
 1281 0041 00       		.byte	0
 1282 0042 00       		.byte	0
 1283 0043 06       		.uleb128 0x6
 1284 0044 0D       		.uleb128 0xd
 1285 0045 00       		.byte	0
 1286 0046 03       		.uleb128 0x3
 1287 0047 0E       		.uleb128 0xe
 1288 0048 3A       		.uleb128 0x3a
ARM GAS  C:\DOCUME~1\Admin\LOCALS~1\Temp\ccrc8sss.s 			page 26


 1289 0049 0B       		.uleb128 0xb
 1290 004a 3B       		.uleb128 0x3b
 1291 004b 0B       		.uleb128 0xb
 1292 004c 49       		.uleb128 0x49
 1293 004d 13       		.uleb128 0x13
 1294 004e 38       		.uleb128 0x38
 1295 004f 0B       		.uleb128 0xb
 1296 0050 00       		.byte	0
 1297 0051 00       		.byte	0
 1298 0052 07       		.uleb128 0x7
 1299 0053 0D       		.uleb128 0xd
 1300 0054 00       		.byte	0
 1301 0055 03       		.uleb128 0x3
 1302 0056 08       		.uleb128 0x8
 1303 0057 3A       		.uleb128 0x3a
 1304 0058 0B       		.uleb128 0xb
 1305 0059 3B       		.uleb128 0x3b
 1306 005a 0B       		.uleb128 0xb
 1307 005b 49       		.uleb128 0x49
 1308 005c 13       		.uleb128 0x13
 1309 005d 38       		.uleb128 0x38
 1310 005e 0B       		.uleb128 0xb
 1311 005f 00       		.byte	0
 1312 0060 00       		.byte	0
 1313 0061 08       		.uleb128 0x8
 1314 0062 01       		.uleb128 0x1
 1315 0063 01       		.byte	0x1
 1316 0064 49       		.uleb128 0x49
 1317 0065 13       		.uleb128 0x13
 1318 0066 01       		.uleb128 0x1
 1319 0067 13       		.uleb128 0x13
 1320 0068 00       		.byte	0
 1321 0069 00       		.byte	0
 1322 006a 09       		.uleb128 0x9
 1323 006b 21       		.uleb128 0x21
 1324 006c 00       		.byte	0
 1325 006d 49       		.uleb128 0x49
 1326 006e 13       		.uleb128 0x13
 1327 006f 2F       		.uleb128 0x2f
 1328 0070 05       		.uleb128 0x5
 1329 0071 00       		.byte	0
 1330 0072 00       		.byte	0
 1331 0073 0A       		.uleb128 0xa
 1332 0074 13       		.uleb128 0x13
 1333 0075 01       		.byte	0x1
 1334 0076 0B       		.uleb128 0xb
 1335 0077 0B       		.uleb128 0xb
 1336 0078 3A       		.uleb128 0x3a
 1337 0079 0B       		.uleb128 0xb
 1338 007a 3B       		.uleb128 0x3b
 1339 007b 0B       		.uleb128 0xb
 1340 007c 01       		.uleb128 0x1
 1341 007d 13       		.uleb128 0x13
 1342 007e 00       		.byte	0
 1343 007f 00       		.byte	0
 1344 0080 0B       		.uleb128 0xb
 1345 0081 0F       		.uleb128 0xf
ARM GAS  C:\DOCUME~1\Admin\LOCALS~1\Temp\ccrc8sss.s 			page 27


 1346 0082 00       		.byte	0
 1347 0083 0B       		.uleb128 0xb
 1348 0084 0B       		.uleb128 0xb
 1349 0085 49       		.uleb128 0x49
 1350 0086 13       		.uleb128 0x13
 1351 0087 00       		.byte	0
 1352 0088 00       		.byte	0
 1353 0089 0C       		.uleb128 0xc
 1354 008a 16       		.uleb128 0x16
 1355 008b 00       		.byte	0
 1356 008c 03       		.uleb128 0x3
 1357 008d 08       		.uleb128 0x8
 1358 008e 3A       		.uleb128 0x3a
 1359 008f 0B       		.uleb128 0xb
 1360 0090 3B       		.uleb128 0x3b
 1361 0091 0B       		.uleb128 0xb
 1362 0092 49       		.uleb128 0x49
 1363 0093 13       		.uleb128 0x13
 1364 0094 00       		.byte	0
 1365 0095 00       		.byte	0
 1366 0096 0D       		.uleb128 0xd
 1367 0097 04       		.uleb128 0x4
 1368 0098 01       		.byte	0x1
 1369 0099 0B       		.uleb128 0xb
 1370 009a 0B       		.uleb128 0xb
 1371 009b 3A       		.uleb128 0x3a
 1372 009c 0B       		.uleb128 0xb
 1373 009d 3B       		.uleb128 0x3b
 1374 009e 0B       		.uleb128 0xb
 1375 009f 01       		.uleb128 0x1
 1376 00a0 13       		.uleb128 0x13
 1377 00a1 00       		.byte	0
 1378 00a2 00       		.byte	0
 1379 00a3 0E       		.uleb128 0xe
 1380 00a4 28       		.uleb128 0x28
 1381 00a5 00       		.byte	0
 1382 00a6 03       		.uleb128 0x3
 1383 00a7 0E       		.uleb128 0xe
 1384 00a8 1C       		.uleb128 0x1c
 1385 00a9 0D       		.uleb128 0xd
 1386 00aa 00       		.byte	0
 1387 00ab 00       		.byte	0
 1388 00ac 0F       		.uleb128 0xf
 1389 00ad 2E       		.uleb128 0x2e
 1390 00ae 01       		.byte	0x1
 1391 00af 3F       		.uleb128 0x3f
 1392 00b0 19       		.uleb128 0x19
 1393 00b1 03       		.uleb128 0x3
 1394 00b2 0E       		.uleb128 0xe
 1395 00b3 3A       		.uleb128 0x3a
 1396 00b4 0B       		.uleb128 0xb
 1397 00b5 3B       		.uleb128 0x3b
 1398 00b6 0B       		.uleb128 0xb
 1399 00b7 27       		.uleb128 0x27
 1400 00b8 19       		.uleb128 0x19
 1401 00b9 11       		.uleb128 0x11
 1402 00ba 01       		.uleb128 0x1
ARM GAS  C:\DOCUME~1\Admin\LOCALS~1\Temp\ccrc8sss.s 			page 28


 1403 00bb 12       		.uleb128 0x12
 1404 00bc 06       		.uleb128 0x6
 1405 00bd 40       		.uleb128 0x40
 1406 00be 18       		.uleb128 0x18
 1407 00bf 9642     		.uleb128 0x2116
 1408 00c1 19       		.uleb128 0x19
 1409 00c2 01       		.uleb128 0x1
 1410 00c3 13       		.uleb128 0x13
 1411 00c4 00       		.byte	0
 1412 00c5 00       		.byte	0
 1413 00c6 10       		.uleb128 0x10
 1414 00c7 05       		.uleb128 0x5
 1415 00c8 00       		.byte	0
 1416 00c9 03       		.uleb128 0x3
 1417 00ca 0E       		.uleb128 0xe
 1418 00cb 3A       		.uleb128 0x3a
 1419 00cc 0B       		.uleb128 0xb
 1420 00cd 3B       		.uleb128 0x3b
 1421 00ce 0B       		.uleb128 0xb
 1422 00cf 49       		.uleb128 0x49
 1423 00d0 13       		.uleb128 0x13
 1424 00d1 02       		.uleb128 0x2
 1425 00d2 18       		.uleb128 0x18
 1426 00d3 00       		.byte	0
 1427 00d4 00       		.byte	0
 1428 00d5 11       		.uleb128 0x11
 1429 00d6 0B       		.uleb128 0xb
 1430 00d7 01       		.byte	0x1
 1431 00d8 11       		.uleb128 0x11
 1432 00d9 01       		.uleb128 0x1
 1433 00da 12       		.uleb128 0x12
 1434 00db 06       		.uleb128 0x6
 1435 00dc 00       		.byte	0
 1436 00dd 00       		.byte	0
 1437 00de 12       		.uleb128 0x12
 1438 00df 34       		.uleb128 0x34
 1439 00e0 00       		.byte	0
 1440 00e1 03       		.uleb128 0x3
 1441 00e2 0E       		.uleb128 0xe
 1442 00e3 3A       		.uleb128 0x3a
 1443 00e4 0B       		.uleb128 0xb
 1444 00e5 3B       		.uleb128 0x3b
 1445 00e6 0B       		.uleb128 0xb
 1446 00e7 49       		.uleb128 0x49
 1447 00e8 13       		.uleb128 0x13
 1448 00e9 02       		.uleb128 0x2
 1449 00ea 18       		.uleb128 0x18
 1450 00eb 00       		.byte	0
 1451 00ec 00       		.byte	0
 1452 00ed 13       		.uleb128 0x13
 1453 00ee 2E       		.uleb128 0x2e
 1454 00ef 00       		.byte	0
 1455 00f0 03       		.uleb128 0x3
 1456 00f1 0E       		.uleb128 0xe
 1457 00f2 3A       		.uleb128 0x3a
 1458 00f3 0B       		.uleb128 0xb
 1459 00f4 3B       		.uleb128 0x3b
ARM GAS  C:\DOCUME~1\Admin\LOCALS~1\Temp\ccrc8sss.s 			page 29


 1460 00f5 0B       		.uleb128 0xb
 1461 00f6 27       		.uleb128 0x27
 1462 00f7 19       		.uleb128 0x19
 1463 00f8 11       		.uleb128 0x11
 1464 00f9 01       		.uleb128 0x1
 1465 00fa 12       		.uleb128 0x12
 1466 00fb 06       		.uleb128 0x6
 1467 00fc 40       		.uleb128 0x40
 1468 00fd 18       		.uleb128 0x18
 1469 00fe 9642     		.uleb128 0x2116
 1470 0100 19       		.uleb128 0x19
 1471 0101 00       		.byte	0
 1472 0102 00       		.byte	0
 1473 0103 14       		.uleb128 0x14
 1474 0104 2E       		.uleb128 0x2e
 1475 0105 01       		.byte	0x1
 1476 0106 03       		.uleb128 0x3
 1477 0107 0E       		.uleb128 0xe
 1478 0108 3A       		.uleb128 0x3a
 1479 0109 0B       		.uleb128 0xb
 1480 010a 3B       		.uleb128 0x3b
 1481 010b 0B       		.uleb128 0xb
 1482 010c 27       		.uleb128 0x27
 1483 010d 19       		.uleb128 0x19
 1484 010e 11       		.uleb128 0x11
 1485 010f 01       		.uleb128 0x1
 1486 0110 12       		.uleb128 0x12
 1487 0111 06       		.uleb128 0x6
 1488 0112 40       		.uleb128 0x40
 1489 0113 18       		.uleb128 0x18
 1490 0114 9642     		.uleb128 0x2116
 1491 0116 19       		.uleb128 0x19
 1492 0117 01       		.uleb128 0x1
 1493 0118 13       		.uleb128 0x13
 1494 0119 00       		.byte	0
 1495 011a 00       		.byte	0
 1496 011b 15       		.uleb128 0x15
 1497 011c 21       		.uleb128 0x21
 1498 011d 00       		.byte	0
 1499 011e 49       		.uleb128 0x49
 1500 011f 13       		.uleb128 0x13
 1501 0120 2F       		.uleb128 0x2f
 1502 0121 0B       		.uleb128 0xb
 1503 0122 00       		.byte	0
 1504 0123 00       		.byte	0
 1505 0124 16       		.uleb128 0x16
 1506 0125 34       		.uleb128 0x34
 1507 0126 00       		.byte	0
 1508 0127 03       		.uleb128 0x3
 1509 0128 0E       		.uleb128 0xe
 1510 0129 3A       		.uleb128 0x3a
 1511 012a 0B       		.uleb128 0xb
 1512 012b 3B       		.uleb128 0x3b
 1513 012c 0B       		.uleb128 0xb
 1514 012d 49       		.uleb128 0x49
 1515 012e 13       		.uleb128 0x13
 1516 012f 3F       		.uleb128 0x3f
ARM GAS  C:\DOCUME~1\Admin\LOCALS~1\Temp\ccrc8sss.s 			page 30


 1517 0130 19       		.uleb128 0x19
 1518 0131 02       		.uleb128 0x2
 1519 0132 18       		.uleb128 0x18
 1520 0133 00       		.byte	0
 1521 0134 00       		.byte	0
 1522 0135 00       		.byte	0
 1523              		.section	.debug_aranges,"",%progbits
 1524 0000 3C000000 		.4byte	0x3c
 1525 0004 0200     		.2byte	0x2
 1526 0006 00000000 		.4byte	.Ldebug_info0
 1527 000a 04       		.byte	0x4
 1528 000b 00       		.byte	0
 1529 000c 0000     		.2byte	0
 1530 000e 0000     		.2byte	0
 1531 0010 00000000 		.4byte	.LFB63
 1532 0014 B4000000 		.4byte	.LFE63-.LFB63
 1533 0018 00000000 		.4byte	.LFB64
 1534 001c 10000000 		.4byte	.LFE64-.LFB64
 1535 0020 00000000 		.4byte	.LFB65
 1536 0024 9C000000 		.4byte	.LFE65-.LFB65
 1537 0028 00000000 		.4byte	.LFB66
 1538 002c 36000000 		.4byte	.LFE66-.LFB66
 1539 0030 00000000 		.4byte	.LFB67
 1540 0034 18000000 		.4byte	.LFE67-.LFB67
 1541 0038 00000000 		.4byte	0
 1542 003c 00000000 		.4byte	0
 1543              		.section	.debug_ranges,"",%progbits
 1544              	.Ldebug_ranges0:
 1545 0000 00000000 		.4byte	.LFB63
 1546 0004 B4000000 		.4byte	.LFE63
 1547 0008 00000000 		.4byte	.LFB64
 1548 000c 10000000 		.4byte	.LFE64
 1549 0010 00000000 		.4byte	.LFB65
 1550 0014 9C000000 		.4byte	.LFE65
 1551 0018 00000000 		.4byte	.LFB66
 1552 001c 36000000 		.4byte	.LFE66
 1553 0020 00000000 		.4byte	.LFB67
 1554 0024 18000000 		.4byte	.LFE67
 1555 0028 00000000 		.4byte	0
 1556 002c 00000000 		.4byte	0
 1557              		.section	.debug_line,"",%progbits
 1558              	.Ldebug_line0:
 1559 0000 42020000 		.section	.debug_str,"MS",%progbits,1
 1559      0200AF01 
 1559      00000201 
 1559      FB0E0D00 
 1559      01010101 
 1560              	.LASF24:
 1561 0000 4653495A 		.ascii	"FSIZE_t\000"
 1561      455F7400 
 1562              	.LASF51:
 1563 0008 6469725F 		.ascii	"dir_ptr\000"
 1563      70747200 
 1564              	.LASF55:
 1565 0010 46525F4E 		.ascii	"FR_NOT_READY\000"
 1565      4F545F52 
 1565      45414459 
ARM GAS  C:\DOCUME~1\Admin\LOCALS~1\Temp\ccrc8sss.s 			page 31


 1565      00
 1566              	.LASF40:
 1567 001d 46415446 		.ascii	"FATFS\000"
 1567      5300
 1568              	.LASF45:
 1569 0023 5F464449 		.ascii	"_FDID\000"
 1569      4400
 1570              	.LASF95:
 1571 0029 53746172 		.ascii	"StartData\000"
 1571      74446174 
 1571      6100
 1572              	.LASF31:
 1573 0033 6C617374 		.ascii	"last_clst\000"
 1573      5F636C73 
 1573      7400
 1574              	.LASF12:
 1575 003d 756E7369 		.ascii	"unsigned int\000"
 1575      676E6564 
 1575      20696E74 
 1575      00
 1576              	.LASF63:
 1577 004a 46525F49 		.ascii	"FR_INVALID_DRIVE\000"
 1577      4E56414C 
 1577      49445F44 
 1577      52495645 
 1577      00
 1578              	.LASF26:
 1579 005b 6E5F6661 		.ascii	"n_fats\000"
 1579      747300
 1580              	.LASF108:
 1581 0062 66617446 		.ascii	"fatFs\000"
 1581      7300
 1582              	.LASF66:
 1583 0068 46525F4D 		.ascii	"FR_MKFS_ABORTED\000"
 1583      4B46535F 
 1583      41424F52 
 1583      54454400 
 1584              	.LASF39:
 1585 0078 77696E73 		.ascii	"winsect\000"
 1585      65637400 
 1586              	.LASF113:
 1587 0080 696E4461 		.ascii	"inData\000"
 1587      746100
 1588              	.LASF114:
 1589 0087 6E756D41 		.ascii	"numAttemps\000"
 1589      7474656D 
 1589      707300
 1590              	.LASF112:
 1591 0092 6F757444 		.ascii	"outData\000"
 1591      61746100 
 1592              	.LASF83:
 1593 009a 49447061 		.ascii	"IDpacket\000"
 1593      636B6574 
 1593      00
 1594              	.LASF70:
 1595 00a3 46525F54 		.ascii	"FR_TOO_MANY_OPEN_FILES\000"
 1595      4F4F5F4D 
ARM GAS  C:\DOCUME~1\Admin\LOCALS~1\Temp\ccrc8sss.s 			page 32


 1595      414E595F 
 1595      4F50454E 
 1595      5F46494C 
 1596              	.LASF92:
 1597 00ba 73746172 		.ascii	"startMsTime\000"
 1597      744D7354 
 1597      696D6500 
 1598              	.LASF15:
 1599 00c6 75696E74 		.ascii	"uint32_t\000"
 1599      33325F74 
 1599      00
 1600              	.LASF88:
 1601 00cf 746D704D 		.ascii	"tmpMsTime\000"
 1601      7354696D 
 1601      6500
 1602              	.LASF28:
 1603 00d9 6673695F 		.ascii	"fsi_flag\000"
 1603      666C6167 
 1603      00
 1604              	.LASF50:
 1605 00e2 6469725F 		.ascii	"dir_sect\000"
 1605      73656374 
 1605      00
 1606              	.LASF17:
 1607 00eb 666C6F61 		.ascii	"float\000"
 1607      7400
 1608              	.LASF115:
 1609 00f1 6E6F436F 		.ascii	"noConnect\000"
 1609      6E6E6563 
 1609      7400
 1610              	.LASF73:
 1611 00fb 6D696C6C 		.ascii	"millsStartSkier\000"
 1611      73537461 
 1611      7274536B 
 1611      69657200 
 1612              	.LASF23:
 1613 010b 44574F52 		.ascii	"DWORD\000"
 1613      4400
 1614              	.LASF99:
 1615 0111 72657375 		.ascii	"result\000"
 1615      6C7400
 1616              	.LASF11:
 1617 0118 6C6F6E67 		.ascii	"long long unsigned int\000"
 1617      206C6F6E 
 1617      6720756E 
 1617      7369676E 
 1617      65642069 
 1618              	.LASF85:
 1619 012f 7265626F 		.ascii	"reboot\000"
 1619      6F7400
 1620              	.LASF54:
 1621 0136 46525F49 		.ascii	"FR_INT_ERR\000"
 1621      4E545F45 
 1621      525200
 1622              	.LASF41:
 1623 0141 61747472 		.ascii	"attr\000"
 1623      00
ARM GAS  C:\DOCUME~1\Admin\LOCALS~1\Temp\ccrc8sss.s 			page 33


 1624              	.LASF4:
 1625 0146 5F5F7569 		.ascii	"__uint16_t\000"
 1625      6E743136 
 1625      5F7400
 1626              	.LASF122:
 1627 0151 55736572 		.ascii	"UserFunc_2\000"
 1627      46756E63 
 1627      5F3200
 1628              	.LASF102:
 1629 015c 55736572 		.ascii	"UserFunc_3\000"
 1629      46756E63 
 1629      5F3300
 1630              	.LASF103:
 1631 0167 55736572 		.ascii	"UserFunc_4\000"
 1631      46756E63 
 1631      5F3400
 1632              	.LASF25:
 1633 0172 66735F74 		.ascii	"fs_type\000"
 1633      79706500 
 1634              	.LASF36:
 1635 017a 66617462 		.ascii	"fatbase\000"
 1635      61736500 
 1636              	.LASF42:
 1637 0182 73746174 		.ascii	"stat\000"
 1637      00
 1638              	.LASF106:
 1639 0187 62756666 		.ascii	"buff\000"
 1639      00
 1640              	.LASF79:
 1641 018c 53445F49 		.ascii	"SD_INSERT\000"
 1641      4E534552 
 1641      5400
 1642              	.LASF97:
 1643 0196 636F756E 		.ascii	"counter\000"
 1643      74657200 
 1644              	.LASF60:
 1645 019e 46525F45 		.ascii	"FR_EXIST\000"
 1645      58495354 
 1645      00
 1646              	.LASF81:
 1647 01a7 434F4E4E 		.ascii	"CONNECT\000"
 1647      45435400 
 1648              	.LASF104:
 1649 01af 6D696E4D 		.ascii	"minMs\000"
 1649      7300
 1650              	.LASF61:
 1651 01b5 46525F49 		.ascii	"FR_INVALID_OBJECT\000"
 1651      4E56414C 
 1651      49445F4F 
 1651      424A4543 
 1651      5400
 1652              	.LASF86:
 1653 01c7 636F756E 		.ascii	"countSkiers\000"
 1653      74536B69 
 1653      65727300 
 1654              	.LASF78:
 1655 01d3 736B6965 		.ascii	"skierDB_El\000"
ARM GAS  C:\DOCUME~1\Admin\LOCALS~1\Temp\ccrc8sss.s 			page 34


 1655      7244425F 
 1655      456C00
 1656              	.LASF10:
 1657 01de 5F5F7569 		.ascii	"__uint64_t\000"
 1657      6E743634 
 1657      5F7400
 1658              	.LASF68:
 1659 01e9 46525F4C 		.ascii	"FR_LOCKED\000"
 1659      4F434B45 
 1659      4400
 1660              	.LASF75:
 1661 01f3 6D696C6C 		.ascii	"millsFinishSkier\000"
 1661      7346696E 
 1661      69736853 
 1661      6B696572 
 1661      00
 1662              	.LASF82:
 1663 0204 44495343 		.ascii	"DISCONNECT\000"
 1663      4F4E4E45 
 1663      435400
 1664              	.LASF19:
 1665 020f 63686172 		.ascii	"char\000"
 1665      00
 1666              	.LASF89:
 1667 0214 77726974 		.ascii	"writeStatus\000"
 1667      65537461 
 1667      74757300 
 1668              	.LASF120:
 1669 0220 4D794465 		.ascii	"MyDelay\000"
 1669      6C617900 
 1670              	.LASF13:
 1671 0228 75696E74 		.ascii	"uint8_t\000"
 1671      385F7400 
 1672              	.LASF49:
 1673 0230 73656374 		.ascii	"sect\000"
 1673      00
 1674              	.LASF65:
 1675 0235 46525F4E 		.ascii	"FR_NO_FILESYSTEM\000"
 1675      4F5F4649 
 1675      4C455359 
 1675      5354454D 
 1675      00
 1676              	.LASF9:
 1677 0246 6C6F6E67 		.ascii	"long long int\000"
 1677      206C6F6E 
 1677      6720696E 
 1677      7400
 1678              	.LASF34:
 1679 0254 6673697A 		.ascii	"fsize\000"
 1679      6500
 1680              	.LASF35:
 1681 025a 766F6C62 		.ascii	"volbase\000"
 1681      61736500 
 1682              	.LASF71:
 1683 0262 46525F49 		.ascii	"FR_INVALID_PARAMETER\000"
 1683      4E56414C 
 1683      49445F50 
ARM GAS  C:\DOCUME~1\Admin\LOCALS~1\Temp\ccrc8sss.s 			page 35


 1683      4152414D 
 1683      45544552 
 1684              	.LASF27:
 1685 0277 77666C61 		.ascii	"wflag\000"
 1685      6700
 1686              	.LASF87:
 1687 027d 746D7054 		.ascii	"tmpTime\000"
 1687      696D6500 
 1688              	.LASF109:
 1689 0285 66696C65 		.ascii	"fileO\000"
 1689      4F00
 1690              	.LASF56:
 1691 028b 46525F4E 		.ascii	"FR_NO_FILE\000"
 1691      4F5F4649 
 1691      4C4500
 1692              	.LASF21:
 1693 0296 42595445 		.ascii	"BYTE\000"
 1693      00
 1694              	.LASF90:
 1695 029b 46696E69 		.ascii	"FinishData\000"
 1695      73684461 
 1695      746100
 1696              	.LASF117:
 1697 02a6 474E5520 		.ascii	"GNU C 4.9.3 20150303 (release) [ARM/embedded-4_9-br"
 1697      4320342E 
 1697      392E3320 
 1697      32303135 
 1697      30333033 
 1698 02d9 616E6368 		.ascii	"anch revision 221220] -mcpu=cortex-m0 -mthumb -g -O"
 1698      20726576 
 1698      6973696F 
 1698      6E203232 
 1698      31323230 
 1699 030c 30202D66 		.ascii	"0 -ffunction-sections -ffat-lto-objects\000"
 1699      66756E63 
 1699      74696F6E 
 1699      2D736563 
 1699      74696F6E 
 1700              	.LASF22:
 1701 0334 574F5244 		.ascii	"WORD\000"
 1701      00
 1702              	.LASF30:
 1703 0339 6373697A 		.ascii	"csize\000"
 1703      6500
 1704              	.LASF47:
 1705 033f 66707472 		.ascii	"fptr\000"
 1705      00
 1706              	.LASF33:
 1707 0344 6E5F6661 		.ascii	"n_fatent\000"
 1707      74656E74 
 1707      00
 1708              	.LASF37:
 1709 034d 64697262 		.ascii	"dirbase\000"
 1709      61736500 
 1710              	.LASF101:
 1711 0355 55736572 		.ascii	"UserFunc_1\000"
 1711      46756E63 
ARM GAS  C:\DOCUME~1\Admin\LOCALS~1\Temp\ccrc8sss.s 			page 36


 1711      5F3100
 1712              	.LASF59:
 1713 0360 46525F44 		.ascii	"FR_DENIED\000"
 1713      454E4945 
 1713      4400
 1714              	.LASF14:
 1715 036a 75696E74 		.ascii	"uint16_t\000"
 1715      31365F74 
 1715      00
 1716              	.LASF57:
 1717 0373 46525F4E 		.ascii	"FR_NO_PATH\000"
 1717      4F5F5041 
 1717      544800
 1718              	.LASF77:
 1719 037e 6D696C6C 		.ascii	"millsWay\000"
 1719      73576179 
 1719      00
 1720              	.LASF64:
 1721 0387 46525F4E 		.ascii	"FR_NOT_ENABLED\000"
 1721      4F545F45 
 1721      4E41424C 
 1721      454400
 1722              	.LASF32:
 1723 0396 66726565 		.ascii	"free_clst\000"
 1723      5F636C73 
 1723      7400
 1724              	.LASF53:
 1725 03a0 46525F44 		.ascii	"FR_DISK_ERR\000"
 1725      49534B5F 
 1725      45525200 
 1726              	.LASF2:
 1727 03ac 73686F72 		.ascii	"short int\000"
 1727      7420696E 
 1727      7400
 1728              	.LASF69:
 1729 03b6 46525F4E 		.ascii	"FR_NOT_ENOUGH_CORE\000"
 1729      4F545F45 
 1729      4E4F5547 
 1729      485F434F 
 1729      524500
 1730              	.LASF6:
 1731 03c9 6C6F6E67 		.ascii	"long int\000"
 1731      20696E74 
 1731      00
 1732              	.LASF116:
 1733 03d2 6E657477 		.ascii	"networkStatus\000"
 1733      6F726B53 
 1733      74617475 
 1733      7300
 1734              	.LASF105:
 1735 03e0 6D61784D 		.ascii	"maxMs\000"
 1735      7300
 1736              	.LASF58:
 1737 03e6 46525F49 		.ascii	"FR_INVALID_NAME\000"
 1737      4E56414C 
 1737      49445F4E 
 1737      414D4500 
ARM GAS  C:\DOCUME~1\Admin\LOCALS~1\Temp\ccrc8sss.s 			page 37


 1738              	.LASF46:
 1739 03f6 666C6167 		.ascii	"flag\000"
 1739      00
 1740              	.LASF16:
 1741 03fb 75696E74 		.ascii	"uint64_t\000"
 1741      36345F74 
 1741      00
 1742              	.LASF84:
 1743 0404 72656164 		.ascii	"ready\000"
 1743      7900
 1744              	.LASF3:
 1745 040a 5F5F7569 		.ascii	"__uint8_t\000"
 1745      6E74385F 
 1745      7400
 1746              	.LASF29:
 1747 0414 6E5F726F 		.ascii	"n_rootdir\000"
 1747      6F746469 
 1747      7200
 1748              	.LASF20:
 1749 041e 73697A65 		.ascii	"sizetype\000"
 1749      74797065 
 1749      00
 1750              	.LASF8:
 1751 0427 6C6F6E67 		.ascii	"long unsigned int\000"
 1751      20756E73 
 1751      69676E65 
 1751      6420696E 
 1751      7400
 1752              	.LASF118:
 1753 0439 2E5C6C69 		.ascii	".\\lib_MyDelay\\myDelay.c\000"
 1753      625F4D79 
 1753      44656C61 
 1753      795C6D79 
 1753      44656C61 
 1754              	.LASF52:
 1755 0451 46525F4F 		.ascii	"FR_OK\000"
 1755      4B00
 1756              	.LASF44:
 1757 0457 6F626A73 		.ascii	"objsize\000"
 1757      697A6500 
 1758              	.LASF48:
 1759 045f 636C7573 		.ascii	"clust\000"
 1759      7400
 1760              	.LASF1:
 1761 0465 756E7369 		.ascii	"unsigned char\000"
 1761      676E6564 
 1761      20636861 
 1761      7200
 1762              	.LASF7:
 1763 0473 5F5F7569 		.ascii	"__uint32_t\000"
 1763      6E743332 
 1763      5F7400
 1764              	.LASF94:
 1765 047e 72656164 		.ascii	"readStatus\000"
 1765      53746174 
 1765      757300
 1766              	.LASF121:
ARM GAS  C:\DOCUME~1\Admin\LOCALS~1\Temp\ccrc8sss.s 			page 38


 1767 0489 64656C61 		.ascii	"delayMs\000"
 1767      794D7300 
 1768              	.LASF67:
 1769 0491 46525F54 		.ascii	"FR_TIMEOUT\000"
 1769      494D454F 
 1769      555400
 1770              	.LASF119:
 1771 049c 633A5C43 		.ascii	"c:\\Cypress\\Mainline_v2\\Finish\\fin_v0.cydsn\000"
 1771      79707265 
 1771      73735C4D 
 1771      61696E6C 
 1771      696E655F 
 1772              	.LASF76:
 1773 04c7 5365636F 		.ascii	"SecondsWay\000"
 1773      6E647357 
 1773      617900
 1774              	.LASF96:
 1775 04d2 72756E54 		.ascii	"runTime\000"
 1775      696D6500 
 1776              	.LASF72:
 1777 04da 756E6978 		.ascii	"unixStartSkier\000"
 1777      53746172 
 1777      74536B69 
 1777      657200
 1778              	.LASF111:
 1779 04e9 746D704D 		.ascii	"tmpMs\000"
 1779      7300
 1780              	.LASF100:
 1781 04ef 746D7053 		.ascii	"tmpStruct\000"
 1781      74727563 
 1781      7400
 1782              	.LASF0:
 1783 04f9 7369676E 		.ascii	"signed char\000"
 1783      65642063 
 1783      68617200 
 1784              	.LASF98:
 1785 0505 70657269 		.ascii	"period\000"
 1785      6F6400
 1786              	.LASF80:
 1787 050c 53445F4E 		.ascii	"SD_NO_INSERT\000"
 1787      4F5F494E 
 1787      53455254 
 1787      00
 1788              	.LASF5:
 1789 0519 73686F72 		.ascii	"short unsigned int\000"
 1789      7420756E 
 1789      7369676E 
 1789      65642069 
 1789      6E7400
 1790              	.LASF38:
 1791 052c 64617461 		.ascii	"database\000"
 1791      62617365 
 1791      00
 1792              	.LASF110:
 1793 0535 63726561 		.ascii	"createFlag\000"
 1793      7465466C 
 1793      616700
ARM GAS  C:\DOCUME~1\Admin\LOCALS~1\Temp\ccrc8sss.s 			page 39


 1794              	.LASF74:
 1795 0540 756E6978 		.ascii	"unixFinishSkier\000"
 1795      46696E69 
 1795      7368536B 
 1795      69657200 
 1796              	.LASF18:
 1797 0550 646F7562 		.ascii	"double\000"
 1797      6C6500
 1798              	.LASF107:
 1799 0557 77726974 		.ascii	"writeFlag\000"
 1799      65466C61 
 1799      6700
 1800              	.LASF91:
 1801 0561 756E6978 		.ascii	"unixStartTime\000"
 1801      53746172 
 1801      7454696D 
 1801      6500
 1802              	.LASF62:
 1803 056f 46525F57 		.ascii	"FR_WRITE_PROTECTED\000"
 1803      52495445 
 1803      5F50524F 
 1803      54454354 
 1803      454400
 1804              	.LASF93:
 1805 0582 6E657753 		.ascii	"newSkier\000"
 1805      6B696572 
 1805      00
 1806              	.LASF43:
 1807 058b 73636C75 		.ascii	"sclust\000"
 1807      737400
 1808              		.ident	"GCC: (GNU Tools for ARM Embedded Processors) 4.9.3 20150303 (release) [ARM/embedded-4_9-br
