--------------- Build Started: 10/13/2016 16:02:13 Project: fin_v0, Configuration: ARM GCC 4.9-2015-q1-update Debug ---------------
cydsfit.exe -.appdatapath "C:\Users\Petro\AppData\Local\Cypress Semiconductor\PSoC Creator\3.3" -.fdsnotice -.fdswarpdepfile=warp_dependencies.txt -.fdselabdepfile=elab_dependencies.txt -.fdsbldfile=generated_files.txt -p "D:\Cypress\system-start-finish\vesion 2\fw\finish\mainline\Finish(state machine)\fin_v0.cydsn\fin_v0.cyprj" -d CY8C4247LQI-BL483 -s "D:\Cypress\system-start-finish\vesion 2\fw\finish\mainline\Finish(state machine)\fin_v0.cydsn\Generated_Source\PSoC4" -- -yv2 -q10 -ygs -o2 -v3 -.fftcfgtype=LE
Elaborating Design...
HDL Generation ...
Synthesis ...
Place and Route ...
Tech mapping ...
Analog Placement ...
Analog Routing ...
Analog Code Generation ...
Digital Placement ...
Digital Routing ...
Bitstream Generation ...
Static timing analysis ...
Warning: sta.M0019: fin_v0_timing.html: Warning-1366: Setup time violation found in a path from clock ( CyHFCLK ) to clock ( CyHFCLK ). (File=D:\Cypress\system-start-finish\vesion 2\fw\finish\mainline\Finish(state machine)\fin_v0.cydsn\fin_v0_timing.html)
API Generation ...
Dependency Generation ...
Clean Temporary Files ...
arm-none-eabi-gcc.exe -mcpu=cortex-m0 -mthumb -Wno-main -I. -IGenerated_Source\PSoC4 -Wa,-alh=.\CortexM0\ARM_GCC_493\Debug/RTC_WDT.lst -g -D DEBUG -D USE_WDT_RTC -D DEBUG_W_UART -Wall -ffunction-sections -O0 -ffat-lto-objects -c .\lib_RTC\RTC_WDT.c -o .\CortexM0\ARM_GCC_493\Debug\RTC_WDT.o
In file included from ./lib_RTC\RTC_WDT.h:8:0,
                 from .\lib_RTC\RTC_WDT.c:2:
./debug.h:4:17: warning: 'minMs' defined but not used [-Wunused-variable]
 static uint16_t minMs;
                 ^
./debug.h:5:17: warning: 'maxMs' defined but not used [-Wunused-variable]
 static uint16_t maxMs;
                 ^
arm-none-eabi-gcc.exe -mcpu=cortex-m0 -mthumb -Wno-main -I. -IGenerated_Source\PSoC4 -Wa,-alh=.\CortexM0\ARM_GCC_493\Debug/DS1307.lst -g -D DEBUG -D USE_WDT_RTC -D DEBUG_W_UART -Wall -ffunction-sections -O0 -ffat-lto-objects -c .\lib_DS1307\DS1307.c -o .\CortexM0\ARM_GCC_493\Debug\DS1307.o
arm-none-eabi-gcc.exe -mcpu=cortex-m0 -mthumb -Wno-main -I. -IGenerated_Source\PSoC4 -Wa,-alh=.\CortexM0\ARM_GCC_493\Debug/display.lst -g -D DEBUG -D USE_WDT_RTC -D DEBUG_W_UART -Wall -ffunction-sections -O0 -ffat-lto-objects -c .\lib_Display\display.c -o .\CortexM0\ARM_GCC_493\Debug\display.o
.\lib_Display\display.c: In function 'DisplayLastSkierTime':
.\lib_Display\display.c:131:5: warning: format '%u' expects argument of type 'unsigned int', but argument 3 has type 'long unsigned int' [-Wformat=]
     sprintf(buff, "Result %02u:%02u:%03u",sec/60,sec%60, milisec);
     ^
.\lib_Display\display.c:131:5: warning: format '%u' expects argument of type 'unsigned int', but argument 4 has type 'long unsigned int' [-Wformat=]
.\lib_Display\display.c:131:5: warning: format '%u' expects argument of type 'unsigned int', but argument 3 has type 'long unsigned int' [-Wformat=]
.\lib_Display\display.c:131:5: warning: format '%u' expects argument of type 'unsigned int', but argument 4 has type 'long unsigned int' [-Wformat=]
.\lib_Display\display.c: In function 'DisplayNumSkierOnWay':
.\lib_Display\display.c:146:5: warning: format '%u' expects argument of type 'unsigned int', but argument 3 has type 'uint32_t' [-Wformat=]
     sprintf(buff, "%u/%u", num, MAX_SKIERS_ON_WAY);
     ^
.\lib_Display\display.c:146:5: warning: format '%u' expects argument of type 'unsigned int', but argument 3 has type 'uint32_t' [-Wformat=]
In file included from ./lib_RTC\RTC_WDT.h:8:0,
                 from .\lib_Display\display.c:7:
.\lib_Display\display.c: At top level:
./debug.h:4:17: warning: 'minMs' defined but not used [-Wunused-variable]
 static uint16_t minMs;
                 ^
./debug.h:5:17: warning: 'maxMs' defined but not used [-Wunused-variable]
 static uint16_t maxMs;
                 ^
arm-none-eabi-gcc.exe -mcpu=cortex-m0 -mthumb -Wno-main -I. -IGenerated_Source\PSoC4 -Wa,-alh=.\CortexM0\ARM_GCC_493\Debug/rtc_fat.lst -g -D DEBUG -D USE_WDT_RTC -D DEBUG_W_UART -Wall -ffunction-sections -O0 -ffat-lto-objects -c .\lib_Fat\rtc_fat.c -o .\CortexM0\ARM_GCC_493\Debug\rtc_fat.o
arm-none-eabi-gcc.exe -mcpu=cortex-m0 -mthumb -Wno-main -I. -IGenerated_Source\PSoC4 -Wa,-alh=.\CortexM0\ARM_GCC_493\Debug/sdcard.lst -g -D DEBUG -D USE_WDT_RTC -D DEBUG_W_UART -Wall -ffunction-sections -O0 -ffat-lto-objects -c .\lib_Fat\sdcard.c -o .\CortexM0\ARM_GCC_493\Debug\sdcard.o
arm-none-eabi-gcc.exe -mcpu=cortex-m0 -mthumb -Wno-main -I. -IGenerated_Source\PSoC4 -Wa,-alh=.\CortexM0\ARM_GCC_493\Debug/gate.lst -g -D DEBUG -D USE_WDT_RTC -D DEBUG_W_UART -Wall -ffunction-sections -O0 -ffat-lto-objects -c .\lib_Gate\gate.c -o .\CortexM0\ARM_GCC_493\Debug\gate.o
In file included from ./lib_RTC\RTC_WDT.h:8:0,
                 from .\lib_Gate\gate.c:4:
./debug.h:4:17: warning: 'minMs' defined but not used [-Wunused-variable]
 static uint16_t minMs;
                 ^
./debug.h:5:17: warning: 'maxMs' defined but not used [-Wunused-variable]
 static uint16_t maxMs;
                 ^
arm-none-eabi-gcc.exe -mcpu=cortex-m0 -mthumb -Wno-main -I. -IGenerated_Source\PSoC4 -Wa,-alh=.\CortexM0\ARM_GCC_493\Debug/database.lst -g -D DEBUG -D USE_WDT_RTC -D DEBUG_W_UART -Wall -ffunction-sections -O0 -ffat-lto-objects -c .\lib_DB\database.c -o .\CortexM0\ARM_GCC_493\Debug\database.o
arm-none-eabi-gcc.exe -mcpu=cortex-m0 -mthumb -Wno-main -I. -IGenerated_Source\PSoC4 -Wa,-alh=.\CortexM0\ARM_GCC_493\Debug/logResult.lst -g -D DEBUG -D USE_WDT_RTC -D DEBUG_W_UART -Wall -ffunction-sections -O0 -ffat-lto-objects -c .\lib_DB\logResult.c -o .\CortexM0\ARM_GCC_493\Debug\logResult.o
.\lib_DB\logResult.c: In function 'WriteSkierResult':
.\lib_DB\logResult.c:79:5: warning: format '%d' expects argument of type 'int', but argument 3 has type 'uint32_t' [-Wformat=]
     sprintf(nameFile,"%02d_%02d_%d.txt",nameDay,nameMonth,nameYear);
     ^
.\lib_DB\logResult.c:79:5: warning: format '%d' expects argument of type 'int', but argument 4 has type 'uint32_t' [-Wformat=]
.\lib_DB\logResult.c:79:5: warning: format '%d' expects argument of type 'int', but argument 5 has type 'uint32_t' [-Wformat=]
.\lib_DB\logResult.c:79:5: warning: format '%d' expects argument of type 'int', but argument 3 has type 'uint32_t' [-Wformat=]
.\lib_DB\logResult.c:79:5: warning: format '%d' expects argument of type 'int', but argument 4 has type 'uint32_t' [-Wformat=]
.\lib_DB\logResult.c:79:5: warning: format '%d' expects argument of type 'int', but argument 5 has type 'uint32_t' [-Wformat=]
.\lib_DB\logResult.c:100:9: warning: format '%d' expects argument of type 'int', but argument 3 has type 'uint32_t' [-Wformat=]
         sprintf(writeData,"\n\r%d%s%s%s\n\r",position, start, finish, result); 
         ^
.\lib_DB\logResult.c:100:9: warning: format '%d' expects argument of type 'int', but argument 3 has type 'uint32_t' [-Wformat=]
arm-none-eabi-gcc.exe -mcpu=cortex-m0 -mthumb -Wno-main -I. -IGenerated_Source\PSoC4 -Wa,-alh=.\CortexM0\ARM_GCC_493\Debug/LED.lst -g -D DEBUG -D USE_WDT_RTC -D DEBUG_W_UART -Wall -ffunction-sections -O0 -ffat-lto-objects -c .\lib_LED\LED.c -o .\CortexM0\ARM_GCC_493\Debug\LED.o
arm-none-eabi-gcc.exe -mcpu=cortex-m0 -mthumb -Wno-main -I. -IGenerated_Source\PSoC4 -Wa,-alh=.\CortexM0\ARM_GCC_493\Debug/network.lst -g -D DEBUG -D USE_WDT_RTC -D DEBUG_W_UART -Wall -ffunction-sections -O0 -ffat-lto-objects -c .\lib_Network\network.c -o .\CortexM0\ARM_GCC_493\Debug\network.o
.\lib_Network\network.c: In function 'ReceiveData':
.\lib_Network\network.c:156:13: warning: unused variable 'i' [-Wunused-variable]
         int i;
             ^
.\lib_Network\network.c:155:18: warning: variable 'result' set but not used [-Wunused-but-set-variable]
         uint32_t result = 0;
                  ^
.\lib_Network\network.c: In function 'NTPsync':
.\lib_Network\network.c:324:14: warning: unused variable 'numTruReceive' [-Wunused-variable]
     uint32_t numTruReceive;
              ^
.\lib_Network\network.c: In function 'NTPsendTime':
.\lib_Network\network.c:436:5: warning: format '%X' expects argument of type 'unsigned int', but argument 3 has type 'uint32_t' [-Wformat=]
     sprintf(sendData,"%08X%03X", unixTime,millis); 
     ^
.\lib_Network\network.c:436:5: warning: format '%X' expects argument of type 'unsigned int', but argument 3 has type 'uint32_t' [-Wformat=]
In file included from ./lib_RTC\RTC_WDT.h:8:0,
                 from .\lib_Network\network.c:18:
.\lib_Network\network.c: At top level:
./debug.h:4:17: warning: 'minMs' defined but not used [-Wunused-variable]
 static uint16_t minMs;
                 ^
./debug.h:5:17: warning: 'maxMs' defined but not used [-Wunused-variable]
 static uint16_t maxMs;
                 ^
arm-none-eabi-gcc.exe -mcpu=cortex-m0 -mthumb -Wno-main -I. -IGenerated_Source\PSoC4 -Wa,-alh=.\CortexM0\ARM_GCC_493\Debug/svt.lst -g -D DEBUG -D USE_WDT_RTC -D DEBUG_W_UART -Wall -ffunction-sections -O0 -ffat-lto-objects -c .\lib_Network\svt.c -o .\CortexM0\ARM_GCC_493\Debug\svt.o
.\lib_Network\svt.c: In function 'UnpackData':
.\lib_Network\svt.c:250:21: warning: implicit declaration of function 'sprintf' [-Wimplicit-function-declaration]
                     sprintf(_tmpdata, "%02X:%08X%08X%04X%04X", Data->Command, 
                     ^
.\lib_Network\svt.c:250:21: warning: incompatible implicit declaration of built-in function 'sprintf'
.\lib_Network\svt.c:253:25: warning: format '%X' expects argument of type 'unsigned int', but argument 4 has type 'long unsigned int' [-Wformat=]
                         Data->Data2, Data->Data3);
                         ^
.\lib_Network\svt.c:253:25: warning: format '%X' expects argument of type 'unsigned int', but argument 5 has type 'long unsigned int' [-Wformat=]
.\lib_Network\svt.c: In function 'PackData':
.\lib_Network\svt.c:330:5: warning: incompatible implicit declaration of built-in function 'sprintf'
     sprintf(szSeq, "%04X", Sequence);
     ^
.\lib_Network\svt.c:338:5: warning: format '%X' expects argument of type 'unsigned int', but argument 3 has type 'uint32_t' [-Wformat=]
     sprintf(szCheckSum, "%08X", _crc);
     ^
arm-none-eabi-gcc.exe -mcpu=cortex-m0 -mthumb -Wno-main -I. -IGenerated_Source\PSoC4 -Wa,-alh=.\CortexM0\ARM_GCC_493\Debug/myDelay.lst -g -D DEBUG -D USE_WDT_RTC -D DEBUG_W_UART -Wall -ffunction-sections -O0 -ffat-lto-objects -c .\lib_MyDelay\myDelay.c -o .\CortexM0\ARM_GCC_493\Debug\myDelay.o
arm-none-eabi-gcc.exe -mcpu=cortex-m0 -mthumb -Wno-main -I. -IGenerated_Source\PSoC4 -Wa,-alh=.\CortexM0\ARM_GCC_493\Debug/main.lst -g -D DEBUG -D USE_WDT_RTC -D DEBUG_W_UART -Wall -ffunction-sections -O0 -ffat-lto-objects -c .\main.c -o .\CortexM0\ARM_GCC_493\Debug\main.o
In file included from .\lib_RTC\RTC_WDT.h:8:0,
                 from .\appGlobal.h:6,
                 from .\main.c:2:
./debug.h:4:17: warning: 'minMs' defined but not used [-Wunused-variable]
 static uint16_t minMs;
                 ^
./debug.h:5:17: warning: 'maxMs' defined but not used [-Wunused-variable]
 static uint16_t maxMs;
                 ^
arm-none-eabi-gcc.exe -mcpu=cortex-m0 -mthumb -Wno-main -I. -IGenerated_Source\PSoC4 -Wa,-alh=.\CortexM0\ARM_GCC_493\Debug/debug.lst -g -D DEBUG -D USE_WDT_RTC -D DEBUG_W_UART -Wall -ffunction-sections -O0 -ffat-lto-objects -c .\debug.c -o .\CortexM0\ARM_GCC_493\Debug\debug.o
.\debug.c: In function 'DEBUG_INTERRUPT':
.\debug.c:17:5: warning: implicit declaration of function 'INT_DEBUG_ClearPending' [-Wimplicit-function-declaration]
     INT_DEBUG_ClearPending();
     ^
.\debug.c: In function 'DebugStart':
.\debug.c:22:5: warning: implicit declaration of function 'INT_DEBUG_StartEx' [-Wimplicit-function-declaration]
     INT_DEBUG_StartEx(DEBUG_INTERRUPT); 
     ^
arm-none-eabi-gcc.exe -mcpu=cortex-m0 -mthumb -Wno-main -I. -IGenerated_Source\PSoC4 -Wa,-alh=.\CortexM0\ARM_GCC_493\Debug/cyfitter_cfg.lst -g -D DEBUG -D USE_WDT_RTC -D DEBUG_W_UART -Wall -ffunction-sections -O0 -ffat-lto-objects -c .\Generated_Source\PSoC4\cyfitter_cfg.c -o .\CortexM0\ARM_GCC_493\Debug\cyfitter_cfg.o
arm-none-eabi-gcc.exe -mcpu=cortex-m0 -mthumb -Wno-main -I. -IGenerated_Source\PSoC4 -Wa,-alh=.\CortexM0\ARM_GCC_493\Debug/cymetadata.lst -g -D DEBUG -D USE_WDT_RTC -D DEBUG_W_UART -Wall -ffunction-sections -O0 -ffat-lto-objects -c .\Generated_Source\PSoC4\cymetadata.c -o .\CortexM0\ARM_GCC_493\Debug\cymetadata.o
arm-none-eabi-gcc.exe -mcpu=cortex-m0 -mthumb -Wno-main -I. -IGenerated_Source\PSoC4 -Wa,-alh=.\CortexM0\ARM_GCC_493\Debug/Cm0Start.lst -g -D DEBUG -D USE_WDT_RTC -D DEBUG_W_UART -Wall -ffunction-sections -O0 -ffat-lto-objects -c .\Generated_Source\PSoC4\Cm0Start.c -o .\CortexM0\ARM_GCC_493\Debug\Cm0Start.o
arm-none-eabi-as.exe -mcpu=cortex-m0 -mthumb -I. -IGenerated_Source\PSoC4 -alh=.\CortexM0\ARM_GCC_493\Debug/CyBootAsmGnu.lst -g -W -o .\CortexM0\ARM_GCC_493\Debug\CyBootAsmGnu.o .\Generated_Source\PSoC4\CyBootAsmGnu.s
arm-none-eabi-gcc.exe -mcpu=cortex-m0 -mthumb -Wno-main -I. -IGenerated_Source\PSoC4 -Wa,-alh=.\CortexM0\ARM_GCC_493\Debug/CyFlash.lst -g -D DEBUG -D USE_WDT_RTC -D DEBUG_W_UART -Wall -ffunction-sections -O0 -ffat-lto-objects -c .\Generated_Source\PSoC4\CyFlash.c -o .\CortexM0\ARM_GCC_493\Debug\CyFlash.o
arm-none-eabi-gcc.exe -mcpu=cortex-m0 -mthumb -Wno-main -I. -IGenerated_Source\PSoC4 -Wa,-alh=.\CortexM0\ARM_GCC_493\Debug/CyLib.lst -g -D DEBUG -D USE_WDT_RTC -D DEBUG_W_UART -Wall -ffunction-sections -O0 -ffat-lto-objects -c .\Generated_Source\PSoC4\CyLib.c -o .\CortexM0\ARM_GCC_493\Debug\CyLib.o
arm-none-eabi-gcc.exe -mcpu=cortex-m0 -mthumb -Wno-main -I. -IGenerated_Source\PSoC4 -Wa,-alh=.\CortexM0\ARM_GCC_493\Debug/cyPm.lst -g -D DEBUG -D USE_WDT_RTC -D DEBUG_W_UART -Wall -ffunction-sections -O0 -ffat-lto-objects -c .\Generated_Source\PSoC4\cyPm.c -o .\CortexM0\ARM_GCC_493\Debug\cyPm.o
arm-none-eabi-gcc.exe -mcpu=cortex-m0 -mthumb -Wno-main -I. -IGenerated_Source\PSoC4 -Wa,-alh=.\CortexM0\ARM_GCC_493\Debug/cyutils.lst -g -D DEBUG -D USE_WDT_RTC -D DEBUG_W_UART -Wall -ffunction-sections -O0 -ffat-lto-objects -c .\Generated_Source\PSoC4\cyutils.c -o .\CortexM0\ARM_GCC_493\Debug\cyutils.o
arm-none-eabi-gcc.exe -mcpu=cortex-m0 -mthumb -Wno-main -I. -IGenerated_Source\PSoC4 -Wa,-alh=.\CortexM0\ARM_GCC_493\Debug/CyLFClk.lst -g -D DEBUG -D USE_WDT_RTC -D DEBUG_W_UART -Wall -ffunction-sections -O0 -ffat-lto-objects -c .\Generated_Source\PSoC4\CyLFClk.c -o .\CortexM0\ARM_GCC_493\Debug\CyLFClk.o
arm-none-eabi-gcc.exe -mcpu=cortex-m0 -mthumb -Wno-main -I. -IGenerated_Source\PSoC4 -Wa,-alh=.\CortexM0\ARM_GCC_493\Debug/RTC.lst -g -D DEBUG -D USE_WDT_RTC -D DEBUG_W_UART -Wall -ffunction-sections -O0 -ffat-lto-objects -c .\Generated_Source\PSoC4\RTC.c -o .\CortexM0\ARM_GCC_493\Debug\RTC.o
arm-none-eabi-gcc.exe -mcpu=cortex-m0 -mthumb -Wno-main -I. -IGenerated_Source\PSoC4 -Wa,-alh=.\CortexM0\ARM_GCC_493\Debug/I2C.lst -g -D DEBUG -D USE_WDT_RTC -D DEBUG_W_UART -Wall -ffunction-sections -O0 -ffat-lto-objects -c .\Generated_Source\PSoC4\I2C.c -o .\CortexM0\ARM_GCC_493\Debug\I2C.o
arm-none-eabi-gcc.exe -mcpu=cortex-m0 -mthumb -Wno-main -I. -IGenerated_Source\PSoC4 -Wa,-alh=.\CortexM0\ARM_GCC_493\Debug/I2C_I2C_INT.lst -g -D DEBUG -D USE_WDT_RTC -D DEBUG_W_UART -Wall -ffunction-sections -O0 -ffat-lto-objects -c .\Generated_Source\PSoC4\I2C_I2C_INT.c -o .\CortexM0\ARM_GCC_493\Debug\I2C_I2C_INT.o
arm-none-eabi-gcc.exe -mcpu=cortex-m0 -mthumb -Wno-main -I. -IGenerated_Source\PSoC4 -Wa,-alh=.\CortexM0\ARM_GCC_493\Debug/I2C_I2C.lst -g -D DEBUG -D USE_WDT_RTC -D DEBUG_W_UART -Wall -ffunction-sections -O0 -ffat-lto-objects -c .\Generated_Source\PSoC4\I2C_I2C.c -o .\CortexM0\ARM_GCC_493\Debug\I2C_I2C.o
arm-none-eabi-gcc.exe -mcpu=cortex-m0 -mthumb -Wno-main -I. -IGenerated_Source\PSoC4 -Wa,-alh=.\CortexM0\ARM_GCC_493\Debug/I2C_I2C_BOOT.lst -g -D DEBUG -D USE_WDT_RTC -D DEBUG_W_UART -Wall -ffunction-sections -O0 -ffat-lto-objects -c .\Generated_Source\PSoC4\I2C_I2C_BOOT.c -o .\CortexM0\ARM_GCC_493\Debug\I2C_I2C_BOOT.o
arm-none-eabi-gcc.exe -mcpu=cortex-m0 -mthumb -Wno-main -I. -IGenerated_Source\PSoC4 -Wa,-alh=.\CortexM0\ARM_GCC_493\Debug/I2C_PM.lst -g -D DEBUG -D USE_WDT_RTC -D DEBUG_W_UART -Wall -ffunction-sections -O0 -ffat-lto-objects -c .\Generated_Source\PSoC4\I2C_PM.c -o .\CortexM0\ARM_GCC_493\Debug\I2C_PM.o
arm-none-eabi-gcc.exe -mcpu=cortex-m0 -mthumb -Wno-main -I. -IGenerated_Source\PSoC4 -Wa,-alh=.\CortexM0\ARM_GCC_493\Debug/I2C_BOOT.lst -g -D DEBUG -D USE_WDT_RTC -D DEBUG_W_UART -Wall -ffunction-sections -O0 -ffat-lto-objects -c .\Generated_Source\PSoC4\I2C_BOOT.c -o .\CortexM0\ARM_GCC_493\Debug\I2C_BOOT.o
arm-none-eabi-gcc.exe -mcpu=cortex-m0 -mthumb -Wno-main -I. -IGenerated_Source\PSoC4 -Wa,-alh=.\CortexM0\ARM_GCC_493\Debug/I2C_I2C_MASTER.lst -g -D DEBUG -D USE_WDT_RTC -D DEBUG_W_UART -Wall -ffunction-sections -O0 -ffat-lto-objects -c .\Generated_Source\PSoC4\I2C_I2C_MASTER.c -o .\CortexM0\ARM_GCC_493\Debug\I2C_I2C_MASTER.o
arm-none-eabi-gcc.exe -mcpu=cortex-m0 -mthumb -Wno-main -I. -IGenerated_Source\PSoC4 -Wa,-alh=.\CortexM0\ARM_GCC_493\Debug/I2C_SCBCLK.lst -g -D DEBUG -D USE_WDT_RTC -D DEBUG_W_UART -Wall -ffunction-sections -O0 -ffat-lto-objects -c .\Generated_Source\PSoC4\I2C_SCBCLK.c -o .\CortexM0\ARM_GCC_493\Debug\I2C_SCBCLK.o
arm-none-eabi-gcc.exe -mcpu=cortex-m0 -mthumb -Wno-main -I. -IGenerated_Source\PSoC4 -Wa,-alh=.\CortexM0\ARM_GCC_493\Debug/I2C_sda.lst -g -D DEBUG -D USE_WDT_RTC -D DEBUG_W_UART -Wall -ffunction-sections -O0 -ffat-lto-objects -c .\Generated_Source\PSoC4\I2C_sda.c -o .\CortexM0\ARM_GCC_493\Debug\I2C_sda.o
arm-none-eabi-gcc.exe -mcpu=cortex-m0 -mthumb -Wno-main -I. -IGenerated_Source\PSoC4 -Wa,-alh=.\CortexM0\ARM_GCC_493\Debug/I2C_sda_PM.lst -g -D DEBUG -D USE_WDT_RTC -D DEBUG_W_UART -Wall -ffunction-sections -O0 -ffat-lto-objects -c .\Generated_Source\PSoC4\I2C_sda_PM.c -o .\CortexM0\ARM_GCC_493\Debug\I2C_sda_PM.o
arm-none-eabi-gcc.exe -mcpu=cortex-m0 -mthumb -Wno-main -I. -IGenerated_Source\PSoC4 -Wa,-alh=.\CortexM0\ARM_GCC_493\Debug/I2C_scl.lst -g -D DEBUG -D USE_WDT_RTC -D DEBUG_W_UART -Wall -ffunction-sections -O0 -ffat-lto-objects -c .\Generated_Source\PSoC4\I2C_scl.c -o .\CortexM0\ARM_GCC_493\Debug\I2C_scl.o
arm-none-eabi-gcc.exe -mcpu=cortex-m0 -mthumb -Wno-main -I. -IGenerated_Source\PSoC4 -Wa,-alh=.\CortexM0\ARM_GCC_493\Debug/I2C_scl_PM.lst -g -D DEBUG -D USE_WDT_RTC -D DEBUG_W_UART -Wall -ffunction-sections -O0 -ffat-lto-objects -c .\Generated_Source\PSoC4\I2C_scl_PM.c -o .\CortexM0\ARM_GCC_493\Debug\I2C_scl_PM.o
arm-none-eabi-gcc.exe -mcpu=cortex-m0 -mthumb -Wno-main -I. -IGenerated_Source\PSoC4 -Wa,-alh=.\CortexM0\ARM_GCC_493\Debug/I2C_SCB_IRQ.lst -g -D DEBUG -D USE_WDT_RTC -D DEBUG_W_UART -Wall -ffunction-sections -O0 -ffat-lto-objects -c .\Generated_Source\PSoC4\I2C_SCB_IRQ.c -o .\CortexM0\ARM_GCC_493\Debug\I2C_SCB_IRQ.o
arm-none-eabi-gcc.exe -mcpu=cortex-m0 -mthumb -Wno-main -I. -IGenerated_Source\PSoC4 -Wa,-alh=.\CortexM0\ARM_GCC_493\Debug/LCD.lst -g -D DEBUG -D USE_WDT_RTC -D DEBUG_W_UART -Wall -ffunction-sections -O0 -ffat-lto-objects -c .\Generated_Source\PSoC4\LCD.c -o .\CortexM0\ARM_GCC_493\Debug\LCD.o
arm-none-eabi-gcc.exe -mcpu=cortex-m0 -mthumb -Wno-main -I. -IGenerated_Source\PSoC4 -Wa,-alh=.\CortexM0\ARM_GCC_493\Debug/LCD_PM.lst -g -D DEBUG -D USE_WDT_RTC -D DEBUG_W_UART -Wall -ffunction-sections -O0 -ffat-lto-objects -c .\Generated_Source\PSoC4\LCD_PM.c -o .\CortexM0\ARM_GCC_493\Debug\LCD_PM.o
arm-none-eabi-gcc.exe -mcpu=cortex-m0 -mthumb -Wno-main -I. -IGenerated_Source\PSoC4 -Wa,-alh=.\CortexM0\ARM_GCC_493\Debug/LCD_CustChars.lst -g -D DEBUG -D USE_WDT_RTC -D DEBUG_W_UART -Wall -ffunction-sections -O0 -ffat-lto-objects -c .\Generated_Source\PSoC4\LCD_CustChars.c -o .\CortexM0\ARM_GCC_493\Debug\LCD_CustChars.o
arm-none-eabi-gcc.exe -mcpu=cortex-m0 -mthumb -Wno-main -I. -IGenerated_Source\PSoC4 -Wa,-alh=.\CortexM0\ARM_GCC_493\Debug/LCD_LCDPort.lst -g -D DEBUG -D USE_WDT_RTC -D DEBUG_W_UART -Wall -ffunction-sections -O0 -ffat-lto-objects -c .\Generated_Source\PSoC4\LCD_LCDPort.c -o .\CortexM0\ARM_GCC_493\Debug\LCD_LCDPort.o
arm-none-eabi-gcc.exe -mcpu=cortex-m0 -mthumb -Wno-main -I. -IGenerated_Source\PSoC4 -Wa,-alh=.\CortexM0\ARM_GCC_493\Debug/LCD_LCDPort_PM.lst -g -D DEBUG -D USE_WDT_RTC -D DEBUG_W_UART -Wall -ffunction-sections -O0 -ffat-lto-objects -c .\Generated_Source\PSoC4\LCD_LCDPort_PM.c -o .\CortexM0\ARM_GCC_493\Debug\LCD_LCDPort_PM.o
arm-none-eabi-gcc.exe -mcpu=cortex-m0 -mthumb -Wno-main -I. -IGenerated_Source\PSoC4 -Wa,-alh=.\CortexM0\ARM_GCC_493\Debug/GatePin.lst -g -D DEBUG -D USE_WDT_RTC -D DEBUG_W_UART -Wall -ffunction-sections -O0 -ffat-lto-objects -c .\Generated_Source\PSoC4\GatePin.c -o .\CortexM0\ARM_GCC_493\Debug\GatePin.o
arm-none-eabi-gcc.exe -mcpu=cortex-m0 -mthumb -Wno-main -I. -IGenerated_Source\PSoC4 -Wa,-alh=.\CortexM0\ARM_GCC_493\Debug/GatePin_PM.lst -g -D DEBUG -D USE_WDT_RTC -D DEBUG_W_UART -Wall -ffunction-sections -O0 -ffat-lto-objects -c .\Generated_Source\PSoC4\GatePin_PM.c -o .\CortexM0\ARM_GCC_493\Debug\GatePin_PM.o
arm-none-eabi-gcc.exe -mcpu=cortex-m0 -mthumb -Wno-main -I. -IGenerated_Source\PSoC4 -Wa,-alh=.\CortexM0\ARM_GCC_493\Debug/Timer_LED.lst -g -D DEBUG -D USE_WDT_RTC -D DEBUG_W_UART -Wall -ffunction-sections -O0 -ffat-lto-objects -c .\Generated_Source\PSoC4\Timer_LED.c -o .\CortexM0\ARM_GCC_493\Debug\Timer_LED.o
arm-none-eabi-gcc.exe -mcpu=cortex-m0 -mthumb -Wno-main -I. -IGenerated_Source\PSoC4 -Wa,-alh=.\CortexM0\ARM_GCC_493\Debug/Timer_LED_PM.lst -g -D DEBUG -D USE_WDT_RTC -D DEBUG_W_UART -Wall -ffunction-sections -O0 -ffat-lto-objects -c .\Generated_Source\PSoC4\Timer_LED_PM.c -o .\CortexM0\ARM_GCC_493\Debug\Timer_LED_PM.o
arm-none-eabi-gcc.exe -mcpu=cortex-m0 -mthumb -Wno-main -I. -IGenerated_Source\PSoC4 -Wa,-alh=.\CortexM0\ARM_GCC_493\Debug/Int_Timer_Led.lst -g -D DEBUG -D USE_WDT_RTC -D DEBUG_W_UART -Wall -ffunction-sections -O0 -ffat-lto-objects -c .\Generated_Source\PSoC4\Int_Timer_Led.c -o .\CortexM0\ARM_GCC_493\Debug\Int_Timer_Led.o
arm-none-eabi-gcc.exe -mcpu=cortex-m0 -mthumb -Wno-main -I. -IGenerated_Source\PSoC4 -Wa,-alh=.\CortexM0\ARM_GCC_493\Debug/timer_clock.lst -g -D DEBUG -D USE_WDT_RTC -D DEBUG_W_UART -Wall -ffunction-sections -O0 -ffat-lto-objects -c .\Generated_Source\PSoC4\timer_clock.c -o .\CortexM0\ARM_GCC_493\Debug\timer_clock.o
arm-none-eabi-gcc.exe -mcpu=cortex-m0 -mthumb -Wno-main -I. -IGenerated_Source\PSoC4 -Wa,-alh=.\CortexM0\ARM_GCC_493\Debug/LED_PIN.lst -g -D DEBUG -D USE_WDT_RTC -D DEBUG_W_UART -Wall -ffunction-sections -O0 -ffat-lto-objects -c .\Generated_Source\PSoC4\LED_PIN.c -o .\CortexM0\ARM_GCC_493\Debug\LED_PIN.o
arm-none-eabi-gcc.exe -mcpu=cortex-m0 -mthumb -Wno-main -I. -IGenerated_Source\PSoC4 -Wa,-alh=.\CortexM0\ARM_GCC_493\Debug/LED_PIN_PM.lst -g -D DEBUG -D USE_WDT_RTC -D DEBUG_W_UART -Wall -ffunction-sections -O0 -ffat-lto-objects -c .\Generated_Source\PSoC4\LED_PIN_PM.c -o .\CortexM0\ARM_GCC_493\Debug\LED_PIN_PM.o
arm-none-eabi-gcc.exe -mcpu=cortex-m0 -mthumb -Wno-main -I. -IGenerated_Source\PSoC4 -Wa,-alh=.\CortexM0\ARM_GCC_493\Debug/UART_XB.lst -g -D DEBUG -D USE_WDT_RTC -D DEBUG_W_UART -Wall -ffunction-sections -O0 -ffat-lto-objects -c .\Generated_Source\PSoC4\UART_XB.c -o .\CortexM0\ARM_GCC_493\Debug\UART_XB.o
arm-none-eabi-gcc.exe -mcpu=cortex-m0 -mthumb -Wno-main -I. -IGenerated_Source\PSoC4 -Wa,-alh=.\CortexM0\ARM_GCC_493\Debug/UART_XB_SPI_UART.lst -g -D DEBUG -D USE_WDT_RTC -D DEBUG_W_UART -Wall -ffunction-sections -O0 -ffat-lto-objects -c .\Generated_Source\PSoC4\UART_XB_SPI_UART.c -o .\CortexM0\ARM_GCC_493\Debug\UART_XB_SPI_UART.o
arm-none-eabi-gcc.exe -mcpu=cortex-m0 -mthumb -Wno-main -I. -IGenerated_Source\PSoC4 -Wa,-alh=.\CortexM0\ARM_GCC_493\Debug/UART_XB_SPI_UART_INT.lst -g -D DEBUG -D USE_WDT_RTC -D DEBUG_W_UART -Wall -ffunction-sections -O0 -ffat-lto-objects -c .\Generated_Source\PSoC4\UART_XB_SPI_UART_INT.c -o .\CortexM0\ARM_GCC_493\Debug\UART_XB_SPI_UART_INT.o
arm-none-eabi-gcc.exe -mcpu=cortex-m0 -mthumb -Wno-main -I. -IGenerated_Source\PSoC4 -Wa,-alh=.\CortexM0\ARM_GCC_493\Debug/UART_XB_PM.lst -g -D DEBUG -D USE_WDT_RTC -D DEBUG_W_UART -Wall -ffunction-sections -O0 -ffat-lto-objects -c .\Generated_Source\PSoC4\UART_XB_PM.c -o .\CortexM0\ARM_GCC_493\Debug\UART_XB_PM.o
arm-none-eabi-gcc.exe -mcpu=cortex-m0 -mthumb -Wno-main -I. -IGenerated_Source\PSoC4 -Wa,-alh=.\CortexM0\ARM_GCC_493\Debug/UART_XB_UART.lst -g -D DEBUG -D USE_WDT_RTC -D DEBUG_W_UART -Wall -ffunction-sections -O0 -ffat-lto-objects -c .\Generated_Source\PSoC4\UART_XB_UART.c -o .\CortexM0\ARM_GCC_493\Debug\UART_XB_UART.o
arm-none-eabi-gcc.exe -mcpu=cortex-m0 -mthumb -Wno-main -I. -IGenerated_Source\PSoC4 -Wa,-alh=.\CortexM0\ARM_GCC_493\Debug/UART_XB_BOOT.lst -g -D DEBUG -D USE_WDT_RTC -D DEBUG_W_UART -Wall -ffunction-sections -O0 -ffat-lto-objects -c .\Generated_Source\PSoC4\UART_XB_BOOT.c -o .\CortexM0\ARM_GCC_493\Debug\UART_XB_BOOT.o
arm-none-eabi-gcc.exe -mcpu=cortex-m0 -mthumb -Wno-main -I. -IGenerated_Source\PSoC4 -Wa,-alh=.\CortexM0\ARM_GCC_493\Debug/UART_XB_UART_BOOT.lst -g -D DEBUG -D USE_WDT_RTC -D DEBUG_W_UART -Wall -ffunction-sections -O0 -ffat-lto-objects -c .\Generated_Source\PSoC4\UART_XB_UART_BOOT.c -o .\CortexM0\ARM_GCC_493\Debug\UART_XB_UART_BOOT.o
arm-none-eabi-gcc.exe -mcpu=cortex-m0 -mthumb -Wno-main -I. -IGenerated_Source\PSoC4 -Wa,-alh=.\CortexM0\ARM_GCC_493\Debug/UART_XB_SCBCLK.lst -g -D DEBUG -D USE_WDT_RTC -D DEBUG_W_UART -Wall -ffunction-sections -O0 -ffat-lto-objects -c .\Generated_Source\PSoC4\UART_XB_SCBCLK.c -o .\CortexM0\ARM_GCC_493\Debug\UART_XB_SCBCLK.o
arm-none-eabi-gcc.exe -mcpu=cortex-m0 -mthumb -Wno-main -I. -IGenerated_Source\PSoC4 -Wa,-alh=.\CortexM0\ARM_GCC_493\Debug/UART_XB_tx.lst -g -D DEBUG -D USE_WDT_RTC -D DEBUG_W_UART -Wall -ffunction-sections -O0 -ffat-lto-objects -c .\Generated_Source\PSoC4\UART_XB_tx.c -o .\CortexM0\ARM_GCC_493\Debug\UART_XB_tx.o
arm-none-eabi-gcc.exe -mcpu=cortex-m0 -mthumb -Wno-main -I. -IGenerated_Source\PSoC4 -Wa,-alh=.\CortexM0\ARM_GCC_493\Debug/UART_XB_tx_PM.lst -g -D DEBUG -D USE_WDT_RTC -D DEBUG_W_UART -Wall -ffunction-sections -O0 -ffat-lto-objects -c .\Generated_Source\PSoC4\UART_XB_tx_PM.c -o .\CortexM0\ARM_GCC_493\Debug\UART_XB_tx_PM.o
arm-none-eabi-gcc.exe -mcpu=cortex-m0 -mthumb -Wno-main -I. -IGenerated_Source\PSoC4 -Wa,-alh=.\CortexM0\ARM_GCC_493\Debug/UART_XB_rx.lst -g -D DEBUG -D USE_WDT_RTC -D DEBUG_W_UART -Wall -ffunction-sections -O0 -ffat-lto-objects -c .\Generated_Source\PSoC4\UART_XB_rx.c -o .\CortexM0\ARM_GCC_493\Debug\UART_XB_rx.o
arm-none-eabi-gcc.exe -mcpu=cortex-m0 -mthumb -Wno-main -I. -IGenerated_Source\PSoC4 -Wa,-alh=.\CortexM0\ARM_GCC_493\Debug/UART_XB_rx_PM.lst -g -D DEBUG -D USE_WDT_RTC -D DEBUG_W_UART -Wall -ffunction-sections -O0 -ffat-lto-objects -c .\Generated_Source\PSoC4\UART_XB_rx_PM.c -o .\CortexM0\ARM_GCC_493\Debug\UART_XB_rx_PM.o
arm-none-eabi-gcc.exe -mcpu=cortex-m0 -mthumb -Wno-main -I. -IGenerated_Source\PSoC4 -Wa,-alh=.\CortexM0\ARM_GCC_493\Debug/SwSPI_Master.lst -g -D DEBUG -D USE_WDT_RTC -D DEBUG_W_UART -Wall -ffunction-sections -O0 -ffat-lto-objects -c .\Generated_Source\PSoC4\SwSPI_Master.c -o .\CortexM0\ARM_GCC_493\Debug\SwSPI_Master.o
arm-none-eabi-gcc.exe -mcpu=cortex-m0 -mthumb -Wno-main -I. -IGenerated_Source\PSoC4 -Wa,-alh=.\CortexM0\ARM_GCC_493\Debug/SwSPI_Master_SPIInPort.lst -g -D DEBUG -D USE_WDT_RTC -D DEBUG_W_UART -Wall -ffunction-sections -O0 -ffat-lto-objects -c .\Generated_Source\PSoC4\SwSPI_Master_SPIInPort.c -o .\CortexM0\ARM_GCC_493\Debug\SwSPI_Master_SPIInPort.o
arm-none-eabi-gcc.exe -mcpu=cortex-m0 -mthumb -Wno-main -I. -IGenerated_Source\PSoC4 -Wa,-alh=.\CortexM0\ARM_GCC_493\Debug/SwSPI_Master_SPIInPort_PM.lst -g -D DEBUG -D USE_WDT_RTC -D DEBUG_W_UART -Wall -ffunction-sections -O0 -ffat-lto-objects -c .\Generated_Source\PSoC4\SwSPI_Master_SPIInPort_PM.c -o .\CortexM0\ARM_GCC_493\Debug\SwSPI_Master_SPIInPort_PM.o
arm-none-eabi-gcc.exe -mcpu=cortex-m0 -mthumb -Wno-main -I. -IGenerated_Source\PSoC4 -Wa,-alh=.\CortexM0\ARM_GCC_493\Debug/SwSPI_Master_SPIOutPort.lst -g -D DEBUG -D USE_WDT_RTC -D DEBUG_W_UART -Wall -ffunction-sections -O0 -ffat-lto-objects -c .\Generated_Source\PSoC4\SwSPI_Master_SPIOutPort.c -o .\CortexM0\ARM_GCC_493\Debug\SwSPI_Master_SPIOutPort.o
arm-none-eabi-gcc.exe -mcpu=cortex-m0 -mthumb -Wno-main -I. -IGenerated_Source\PSoC4 -Wa,-alh=.\CortexM0\ARM_GCC_493\Debug/SwSPI_Master_SPIOutPort_PM.lst -g -D DEBUG -D USE_WDT_RTC -D DEBUG_W_UART -Wall -ffunction-sections -O0 -ffat-lto-objects -c .\Generated_Source\PSoC4\SwSPI_Master_SPIOutPort_PM.c -o .\CortexM0\ARM_GCC_493\Debug\SwSPI_Master_SPIOutPort_PM.o
arm-none-eabi-gcc.exe -mcpu=cortex-m0 -mthumb -Wno-main -I. -IGenerated_Source\PSoC4 -Wa,-alh=.\CortexM0\ARM_GCC_493\Debug/UART_XB_SCB_IRQ.lst -g -D DEBUG -D USE_WDT_RTC -D DEBUG_W_UART -Wall -ffunction-sections -O0 -ffat-lto-objects -c .\Generated_Source\PSoC4\UART_XB_SCB_IRQ.c -o .\CortexM0\ARM_GCC_493\Debug\UART_XB_SCB_IRQ.o
arm-none-eabi-gcc.exe -mcpu=cortex-m0 -mthumb -Wno-main -I. -IGenerated_Source\PSoC4 -Wa,-alh=.\CortexM0\ARM_GCC_493\Debug/GATE_INT.lst -g -D DEBUG -D USE_WDT_RTC -D DEBUG_W_UART -Wall -ffunction-sections -O0 -ffat-lto-objects -c .\Generated_Source\PSoC4\GATE_INT.c -o .\CortexM0\ARM_GCC_493\Debug\GATE_INT.o
arm-none-eabi-gcc.exe -mcpu=cortex-m0 -mthumb -Wno-main -I. -IGenerated_Source\PSoC4 -Wa,-alh=.\CortexM0\ARM_GCC_493\Debug/AppDelay.lst -g -D DEBUG -D USE_WDT_RTC -D DEBUG_W_UART -Wall -ffunction-sections -O0 -ffat-lto-objects -c .\Generated_Source\PSoC4\AppDelay.c -o .\CortexM0\ARM_GCC_493\Debug\AppDelay.o
arm-none-eabi-gcc.exe -mcpu=cortex-m0 -mthumb -Wno-main -I. -IGenerated_Source\PSoC4 -Wa,-alh=.\CortexM0\ARM_GCC_493\Debug/AppDelay_PM.lst -g -D DEBUG -D USE_WDT_RTC -D DEBUG_W_UART -Wall -ffunction-sections -O0 -ffat-lto-objects -c .\Generated_Source\PSoC4\AppDelay_PM.c -o .\CortexM0\ARM_GCC_493\Debug\AppDelay_PM.o
arm-none-eabi-as.exe -mcpu=cortex-m0 -mthumb -I. -IGenerated_Source\PSoC4 -alh=.\CortexM0\ARM_GCC_493\Debug/SW_UART_DEBUG_AsmGnu.lst -g -W -o .\CortexM0\ARM_GCC_493\Debug\SW_UART_DEBUG_AsmGnu.o .\Generated_Source\PSoC4\SW_UART_DEBUG_AsmGnu.s
arm-none-eabi-gcc.exe -mcpu=cortex-m0 -mthumb -Wno-main -I. -IGenerated_Source\PSoC4 -Wa,-alh=.\CortexM0\ARM_GCC_493\Debug/SW_UART_DEBUG.lst -g -D DEBUG -D USE_WDT_RTC -D DEBUG_W_UART -Wall -ffunction-sections -O0 -ffat-lto-objects -c .\Generated_Source\PSoC4\SW_UART_DEBUG.c -o .\CortexM0\ARM_GCC_493\Debug\SW_UART_DEBUG.o
arm-none-eabi-gcc.exe -mcpu=cortex-m0 -mthumb -Wno-main -I. -IGenerated_Source\PSoC4 -Wa,-alh=.\CortexM0\ARM_GCC_493\Debug/SDinsert.lst -g -D DEBUG -D USE_WDT_RTC -D DEBUG_W_UART -Wall -ffunction-sections -O0 -ffat-lto-objects -c .\Generated_Source\PSoC4\SDinsert.c -o .\CortexM0\ARM_GCC_493\Debug\SDinsert.o
arm-none-eabi-gcc.exe -mcpu=cortex-m0 -mthumb -Wno-main -I. -IGenerated_Source\PSoC4 -Wa,-alh=.\CortexM0\ARM_GCC_493\Debug/SDinsert_PM.lst -g -D DEBUG -D USE_WDT_RTC -D DEBUG_W_UART -Wall -ffunction-sections -O0 -ffat-lto-objects -c .\Generated_Source\PSoC4\SDinsert_PM.c -o .\CortexM0\ARM_GCC_493\Debug\SDinsert_PM.o
arm-none-eabi-gcc.exe -mcpu=cortex-m0 -mthumb -Wno-main -I. -IGenerated_Source\PSoC4 -Wa,-alh=.\CortexM0\ARM_GCC_493\Debug/debug.lst -g -D DEBUG -D USE_WDT_RTC -D DEBUG_W_UART -Wall -ffunction-sections -O0 -ffat-lto-objects -c .\Generated_Source\PSoC4\debug.c -o .\CortexM0\ARM_GCC_493\Debug\debug.o
arm-none-eabi-gcc.exe -mcpu=cortex-m0 -mthumb -Wno-main -I. -IGenerated_Source\PSoC4 -Wa,-alh=.\CortexM0\ARM_GCC_493\Debug/debug_PM.lst -g -D DEBUG -D USE_WDT_RTC -D DEBUG_W_UART -Wall -ffunction-sections -O0 -ffat-lto-objects -c .\Generated_Source\PSoC4\debug_PM.c -o .\CortexM0\ARM_GCC_493\Debug\debug_PM.o
arm-none-eabi-gcc.exe -mcpu=cortex-m0 -mthumb -Wno-main -I. -IGenerated_Source\PSoC4 -Wa,-alh=.\CortexM0\ARM_GCC_493\Debug/debugntp.lst -g -D DEBUG -D USE_WDT_RTC -D DEBUG_W_UART -Wall -ffunction-sections -O0 -ffat-lto-objects -c .\Generated_Source\PSoC4\debugntp.c -o .\CortexM0\ARM_GCC_493\Debug\debugntp.o
arm-none-eabi-gcc.exe -mcpu=cortex-m0 -mthumb -Wno-main -I. -IGenerated_Source\PSoC4 -Wa,-alh=.\CortexM0\ARM_GCC_493\Debug/debugntp_PM.lst -g -D DEBUG -D USE_WDT_RTC -D DEBUG_W_UART -Wall -ffunction-sections -O0 -ffat-lto-objects -c .\Generated_Source\PSoC4\debugntp_PM.c -o .\CortexM0\ARM_GCC_493\Debug\debugntp_PM.o
arm-none-eabi-ar.exe -rs .\CortexM0\ARM_GCC_493\Debug\fin_v0.a .\CortexM0\ARM_GCC_493\Debug\cyfitter_cfg.o .\CortexM0\ARM_GCC_493\Debug\CyBootAsmGnu.o .\CortexM0\ARM_GCC_493\Debug\CyFlash.o .\CortexM0\ARM_GCC_493\Debug\CyLib.o .\CortexM0\ARM_GCC_493\Debug\cyPm.o .\CortexM0\ARM_GCC_493\Debug\cyutils.o .\CortexM0\ARM_GCC_493\Debug\CyLFClk.o .\CortexM0\ARM_GCC_493\Debug\RTC.o .\CortexM0\ARM_GCC_493\Debug\I2C.o .\CortexM0\ARM_GCC_493\Debug\I2C_I2C_INT.o .\CortexM0\ARM_GCC_493\Debug\I2C_I2C.o .\CortexM0\ARM_GCC_493\Debug\I2C_I2C_BOOT.o .\CortexM0\ARM_GCC_493\Debug\I2C_PM.o .\CortexM0\ARM_GCC_493\Debug\I2C_BOOT.o .\CortexM0\ARM_GCC_493\Debug\I2C_I2C_MASTER.o .\CortexM0\ARM_GCC_493\Debug\I2C_SCBCLK.o .\CortexM0\ARM_GCC_493\Debug\I2C_sda.o .\CortexM0\ARM_GCC_493\Debug\I2C_sda_PM.o .\CortexM0\ARM_GCC_493\Debug\I2C_scl.o .\CortexM0\ARM_GCC_493\Debug\I2C_scl_PM.o .\CortexM0\ARM_GCC_493\Debug\I2C_SCB_IRQ.o .\CortexM0\ARM_GCC_493\Debug\LCD.o .\CortexM0\ARM_GCC_493\Debug\LCD_PM.o .\CortexM0\ARM_GCC_493\Debug\LCD_CustChars.o .\CortexM0\ARM_GCC_493\Debug\LCD_LCDPort.o .\CortexM0\ARM_GCC_493\Debug\LCD_LCDPort_PM.o .\CortexM0\ARM_GCC_493\Debug\GatePin.o .\CortexM0\ARM_GCC_493\Debug\GatePin_PM.o .\CortexM0\ARM_GCC_493\Debug\Timer_LED.o .\CortexM0\ARM_GCC_493\Debug\Timer_LED_PM.o .\CortexM0\ARM_GCC_493\Debug\Int_Timer_Led.o .\CortexM0\ARM_GCC_493\Debug\timer_clock.o .\CortexM0\ARM_GCC_493\Debug\LED_PIN.o .\CortexM0\ARM_GCC_493\Debug\LED_PIN_PM.o .\CortexM0\ARM_GCC_493\Debug\UART_XB.o .\CortexM0\ARM_GCC_493\Debug\UART_XB_SPI_UART.o .\CortexM0\ARM_GCC_493\Debug\UART_XB_SPI_UART_INT.o .\CortexM0\ARM_GCC_493\Debug\UART_XB_PM.o .\CortexM0\ARM_GCC_493\Debug\UART_XB_UART.o .\CortexM0\ARM_GCC_493\Debug\UART_XB_BOOT.o .\CortexM0\ARM_GCC_493\Debug\UART_XB_UART_BOOT.o .\CortexM0\ARM_GCC_493\Debug\UART_XB_SCBCLK.o .\CortexM0\ARM_GCC_493\Debug\UART_XB_tx.o .\CortexM0\ARM_GCC_493\Debug\UART_XB_tx_PM.o .\CortexM0\ARM_GCC_493\Debug\UART_XB_rx.o .\CortexM0\ARM_GCC_493\Debug\UART_XB_rx_PM.o .\CortexM0\ARM_GCC_493\Debug\SwSPI_Master.o .\CortexM0\ARM_GCC_493\Debug\SwSPI_Master_SPIInPort.o .\CortexM0\ARM_GCC_493\Debug\SwSPI_Master_SPIInPort_PM.o .\CortexM0\ARM_GCC_493\Debug\SwSPI_Master_SPIOutPort.o .\CortexM0\ARM_GCC_493\Debug\SwSPI_Master_SPIOutPort_PM.o .\CortexM0\ARM_GCC_493\Debug\UART_XB_SCB_IRQ.o .\CortexM0\ARM_GCC_493\Debug\GATE_INT.o .\CortexM0\ARM_GCC_493\Debug\AppDelay.o .\CortexM0\ARM_GCC_493\Debug\AppDelay_PM.o .\CortexM0\ARM_GCC_493\Debug\SW_UART_DEBUG_AsmGnu.o .\CortexM0\ARM_GCC_493\Debug\SW_UART_DEBUG.o .\CortexM0\ARM_GCC_493\Debug\SDinsert.o .\CortexM0\ARM_GCC_493\Debug\SDinsert_PM.o .\CortexM0\ARM_GCC_493\Debug\debug.o .\CortexM0\ARM_GCC_493\Debug\debug_PM.o .\CortexM0\ARM_GCC_493\Debug\debugntp.o .\CortexM0\ARM_GCC_493\Debug\debugntp_PM.o
arm-none-eabi-ar.exe: creating .\CortexM0\ARM_GCC_493\Debug\fin_v0.a
arm-none-eabi-gcc.exe -Wl,--start-group -o .\CortexM0\ARM_GCC_493\Debug\fin_v0.elf .\CortexM0\ARM_GCC_493\Debug\RTC_WDT.o .\CortexM0\ARM_GCC_493\Debug\DS1307.o .\CortexM0\ARM_GCC_493\Debug\display.o .\CortexM0\ARM_GCC_493\Debug\ff.o .\CortexM0\ARM_GCC_493\Debug\rtc_fat.o .\CortexM0\ARM_GCC_493\Debug\sdcard.o .\CortexM0\ARM_GCC_493\Debug\gate.o .\CortexM0\ARM_GCC_493\Debug\database.o .\CortexM0\ARM_GCC_493\Debug\logResult.o .\CortexM0\ARM_GCC_493\Debug\LED.o .\CortexM0\ARM_GCC_493\Debug\crc32.o .\CortexM0\ARM_GCC_493\Debug\network.o .\CortexM0\ARM_GCC_493\Debug\svt.o .\CortexM0\ARM_GCC_493\Debug\ntp.o .\CortexM0\ARM_GCC_493\Debug\myDelay.o .\CortexM0\ARM_GCC_493\Debug\main.o .\CortexM0\ARM_GCC_493\Debug\debug.o .\CortexM0\ARM_GCC_493\Debug\cymetadata.o .\CortexM0\ARM_GCC_493\Debug\Cm0Start.o .\CortexM0\ARM_GCC_493\Debug\fin_v0.a "C:\Program Files (x86)\Cypress\PSoC Creator\3.3\PSoC Creator\psoc\content\cycomponentlibrary\CyComponentLibrary.cylib\CortexM0\ARM_GCC_493\Debug\CyComponentLibrary.a" -mcpu=cortex-m0 -mthumb -g -ffunction-sections -O0 -ffat-lto-objects -L Generated_Source\PSoC4 -Wl,-Map,.\CortexM0\ARM_GCC_493\Debug/fin_v0.map -T Generated_Source\PSoC4\cm0gcc.ld -specs=nano.specs -Wl,--gc-sections -Wl,--end-group
cyelftool.exe -C "D:\Cypress\system-start-finish\vesion 2\fw\finish\mainline\Finish(state machine)\fin_v0.cydsn\CortexM0\ARM_GCC_493\Debug\fin_v0.elf" --flash_row_size 128 --flash_size 131072
cyelftool.exe -S "D:\Cypress\system-start-finish\vesion 2\fw\finish\mainline\Finish(state machine)\fin_v0.cydsn\CortexM0\ARM_GCC_493\Debug\fin_v0.elf"
Flash used: 45696 of 131072 bytes (34,9%).
SRAM used: 13796 of 16384 bytes (84,2%). Stack: 2048 bytes. Heap: 128 bytes.
--------------- Build Succeeded: 10/13/2016 16:02:42 ---------------
