ARM GAS  C:\Users\Petro\AppData\Local\Temp\ccWqpGRP.s 			page 1


   1              		.cpu cortex-m0
   2              		.fpu softvfp
   3              		.eabi_attribute 20, 1
   4              		.eabi_attribute 21, 1
   5              		.eabi_attribute 23, 3
   6              		.eabi_attribute 24, 1
   7              		.eabi_attribute 25, 1
   8              		.eabi_attribute 26, 1
   9              		.eabi_attribute 30, 6
  10              		.eabi_attribute 34, 0
  11              		.eabi_attribute 18, 4
  12              		.code	16
  13              		.file	"gate.c"
  14              		.text
  15              	.Ltext0:
  16              		.cfi_sections	.debug_frame
  17              		.comm	fatFs,560,4
  18              		.comm	fileO,552,4
  19              		.comm	createFlag,4,4
  20              		.comm	bufferSkiersOnWay,64,8
  21              		.comm	bufferFifo,384,8
  22              		.comm	currentSizeBuff,4,4
  23              		.comm	currentElementStart,4,4
  24              		.comm	currentElementFinish,4,4
  25              		.comm	skiersFinished,2,2
  26              		.comm	skierDB,7200,8
  27              		.comm	fifo,632,8
  28              		.bss
  29              		.align	3
  30              	savedUnixTime:
  31 0000 00000000 		.space	8
  31      00000000 
  32              		.align	2
  33              	savedRecentMs:
  34 0008 00000000 		.space	4
  35              		.align	2
  36              	gateOpen:
  37 000c 00000000 		.space	4
  38              		.section	.text.GATE_INTERRUPT,"ax",%progbits
  39              		.align	2
  40              		.global	GATE_INTERRUPT
  41              		.code	16
  42              		.thumb_func
  43              		.type	GATE_INTERRUPT, %function
  44              	GATE_INTERRUPT:
  45              	.LFB63:
  46              		.file 1 ".\\lib_Gate\\gate.c"
   1:.\lib_Gate/gate.c **** /* ========================================
   2:.\lib_Gate/gate.c ****  *
   3:.\lib_Gate/gate.c ****  * Copyright YOUR COMPANY, THE YEAR
   4:.\lib_Gate/gate.c ****  * All Rights Reserved
   5:.\lib_Gate/gate.c ****  * UNPUBLISHED, LICENSED SOFTWARE.
   6:.\lib_Gate/gate.c ****  *
   7:.\lib_Gate/gate.c ****  * CONFIDENTIAL AND PROPRIETARY INFORMATION
   8:.\lib_Gate/gate.c ****  * WHICH IS THE PROPERTY OF your company.
   9:.\lib_Gate/gate.c ****  *
  10:.\lib_Gate/gate.c ****  * ========================================
ARM GAS  C:\Users\Petro\AppData\Local\Temp\ccWqpGRP.s 			page 2


  11:.\lib_Gate/gate.c **** */
  12:.\lib_Gate/gate.c **** #include "lib_Gate\gate.h"
  13:.\lib_Gate/gate.c **** 
  14:.\lib_Gate/gate.c **** 
  15:.\lib_Gate/gate.c **** 
  16:.\lib_Gate/gate.c **** CY_ISR(GATE_INTERRUPT)
  17:.\lib_Gate/gate.c **** {   
  47              		.loc 1 17 0
  48              		.cfi_startproc
  49 0000 98B5     		push	{r3, r4, r7, lr}
  50              		.cfi_def_cfa_offset 16
  51              		.cfi_offset 3, -16
  52              		.cfi_offset 4, -12
  53              		.cfi_offset 7, -8
  54              		.cfi_offset 14, -4
  55 0002 00AF     		add	r7, sp, #0
  56              		.cfi_def_cfa_register 7
  18:.\lib_Gate/gate.c ****     GATE_INT_Disable();
  57              		.loc 1 18 0
  58 0004 FFF7FEFF 		bl	GATE_INT_Disable
  19:.\lib_Gate/gate.c ****     
  20:.\lib_Gate/gate.c ****     gateOpen = GATE_OPEN;    
  59              		.loc 1 20 0
  60 0008 0A4B     		ldr	r3, .L2
  61 000a 0122     		mov	r2, #1
  62 000c 1A60     		str	r2, [r3]
  21:.\lib_Gate/gate.c **** 
  22:.\lib_Gate/gate.c ****     savedUnixTime = RTCGetUnixTime();
  63              		.loc 1 22 0
  64 000e FFF7FEFF 		bl	RTCGetUnixTime
  65 0012 031C     		mov	r3, r0
  66 0014 0C1C     		mov	r4, r1
  67 0016 084A     		ldr	r2, .L2+4
  68 0018 1360     		str	r3, [r2]
  69 001a 5460     		str	r4, [r2, #4]
  23:.\lib_Gate/gate.c ****     savedRecentMs = RTCgetRecentMs();
  70              		.loc 1 23 0
  71 001c FFF7FEFF 		bl	RTCgetRecentMs
  72 0020 021C     		mov	r2, r0
  73 0022 064B     		ldr	r3, .L2+8
  74 0024 1A60     		str	r2, [r3]
  24:.\lib_Gate/gate.c ****     
  25:.\lib_Gate/gate.c ****     GatePin_ClearInterrupt();
  75              		.loc 1 25 0
  76 0026 FFF7FEFF 		bl	GatePin_ClearInterrupt
  26:.\lib_Gate/gate.c ****     GATE_INT_ClearPending();   
  77              		.loc 1 26 0
  78 002a FFF7FEFF 		bl	GATE_INT_ClearPending
  27:.\lib_Gate/gate.c **** }
  79              		.loc 1 27 0
  80 002e BD46     		mov	sp, r7
  81              		@ sp needed
  82 0030 98BD     		pop	{r3, r4, r7, pc}
  83              	.L3:
  84 0032 C046     		.align	2
  85              	.L2:
  86 0034 0C000000 		.word	gateOpen
ARM GAS  C:\Users\Petro\AppData\Local\Temp\ccWqpGRP.s 			page 3


  87 0038 00000000 		.word	savedUnixTime
  88 003c 08000000 		.word	savedRecentMs
  89              		.cfi_endproc
  90              	.LFE63:
  91              		.size	GATE_INTERRUPT, .-GATE_INTERRUPT
  92              		.section	.text.GateInit,"ax",%progbits
  93              		.align	2
  94              		.global	GateInit
  95              		.code	16
  96              		.thumb_func
  97              		.type	GateInit, %function
  98              	GateInit:
  99              	.LFB64:
  28:.\lib_Gate/gate.c **** 
  29:.\lib_Gate/gate.c **** 
  30:.\lib_Gate/gate.c **** void GateInit(void)
  31:.\lib_Gate/gate.c **** {
 100              		.loc 1 31 0
 101              		.cfi_startproc
 102 0000 80B5     		push	{r7, lr}
 103              		.cfi_def_cfa_offset 8
 104              		.cfi_offset 7, -8
 105              		.cfi_offset 14, -4
 106 0002 00AF     		add	r7, sp, #0
 107              		.cfi_def_cfa_register 7
  32:.\lib_Gate/gate.c ****     GatePin_ClearInterrupt();
 108              		.loc 1 32 0
 109 0004 FFF7FEFF 		bl	GatePin_ClearInterrupt
  33:.\lib_Gate/gate.c ****     GATE_INT_ClearPending();
 110              		.loc 1 33 0
 111 0008 FFF7FEFF 		bl	GATE_INT_ClearPending
  34:.\lib_Gate/gate.c ****     GATE_INT_StartEx(GATE_INTERRUPT); 
 112              		.loc 1 34 0
 113 000c 054B     		ldr	r3, .L5
 114 000e 181C     		mov	r0, r3
 115 0010 FFF7FEFF 		bl	GATE_INT_StartEx
  35:.\lib_Gate/gate.c ****     GATE_INT_Disable();
 116              		.loc 1 35 0
 117 0014 FFF7FEFF 		bl	GATE_INT_Disable
  36:.\lib_Gate/gate.c ****     
  37:.\lib_Gate/gate.c ****     gateOpen = GATE_CLOSE;     
 118              		.loc 1 37 0
 119 0018 034B     		ldr	r3, .L5+4
 120 001a 0022     		mov	r2, #0
 121 001c 1A60     		str	r2, [r3]
  38:.\lib_Gate/gate.c **** }
 122              		.loc 1 38 0
 123 001e BD46     		mov	sp, r7
 124              		@ sp needed
 125 0020 80BD     		pop	{r7, pc}
 126              	.L6:
 127 0022 C046     		.align	2
 128              	.L5:
 129 0024 00000000 		.word	GATE_INTERRUPT
 130 0028 0C000000 		.word	gateOpen
 131              		.cfi_endproc
 132              	.LFE64:
ARM GAS  C:\Users\Petro\AppData\Local\Temp\ccWqpGRP.s 			page 4


 133              		.size	GateInit, .-GateInit
 134              		.section	.text.GateIsOpen,"ax",%progbits
 135              		.align	2
 136              		.global	GateIsOpen
 137              		.code	16
 138              		.thumb_func
 139              		.type	GateIsOpen, %function
 140              	GateIsOpen:
 141              	.LFB65:
  39:.\lib_Gate/gate.c **** 
  40:.\lib_Gate/gate.c **** 
  41:.\lib_Gate/gate.c **** /*******************************************************************************
  42:.\lib_Gate/gate.c **** * Function Name: GateOpen
  43:.\lib_Gate/gate.c **** ********************************************************************************
  44:.\lib_Gate/gate.c **** *
  45:.\lib_Gate/gate.c **** * * verification or gate closed
  46:.\lib_Gate/gate.c **** *
  47:.\lib_Gate/gate.c **** * Return:
  48:.\lib_Gate/gate.c **** *  GATE_CLOSE or GATE_OPEN
  49:.\lib_Gate/gate.c **** *******************************************************************************/
  50:.\lib_Gate/gate.c **** uint32_t GateIsOpen(void)
  51:.\lib_Gate/gate.c **** {   
 142              		.loc 1 51 0
 143              		.cfi_startproc
 144 0000 80B5     		push	{r7, lr}
 145              		.cfi_def_cfa_offset 8
 146              		.cfi_offset 7, -8
 147              		.cfi_offset 14, -4
 148 0002 82B0     		sub	sp, sp, #8
 149              		.cfi_def_cfa_offset 16
 150 0004 00AF     		add	r7, sp, #0
 151              		.cfi_def_cfa_register 7
  52:.\lib_Gate/gate.c ****     uint32_t result;
  53:.\lib_Gate/gate.c ****     
  54:.\lib_Gate/gate.c ****     result = gateOpen;
 152              		.loc 1 54 0
 153 0006 054B     		ldr	r3, .L9
 154 0008 1B68     		ldr	r3, [r3]
 155 000a 7B60     		str	r3, [r7, #4]
  55:.\lib_Gate/gate.c ****     gateOpen = GATE_CLOSE;
 156              		.loc 1 55 0
 157 000c 034B     		ldr	r3, .L9
 158 000e 0022     		mov	r2, #0
 159 0010 1A60     		str	r2, [r3]
  56:.\lib_Gate/gate.c ****     
  57:.\lib_Gate/gate.c ****     return result;
 160              		.loc 1 57 0
 161 0012 7B68     		ldr	r3, [r7, #4]
  58:.\lib_Gate/gate.c **** }
 162              		.loc 1 58 0
 163 0014 181C     		mov	r0, r3
 164 0016 BD46     		mov	sp, r7
 165 0018 02B0     		add	sp, sp, #8
 166              		@ sp needed
 167 001a 80BD     		pop	{r7, pc}
 168              	.L10:
 169              		.align	2
ARM GAS  C:\Users\Petro\AppData\Local\Temp\ccWqpGRP.s 			page 5


 170              	.L9:
 171 001c 0C000000 		.word	gateOpen
 172              		.cfi_endproc
 173              	.LFE65:
 174              		.size	GateIsOpen, .-GateIsOpen
 175              		.section	.text.AllowNextSkier,"ax",%progbits
 176              		.align	2
 177              		.global	AllowNextSkier
 178              		.code	16
 179              		.thumb_func
 180              		.type	AllowNextSkier, %function
 181              	AllowNextSkier:
 182              	.LFB66:
  59:.\lib_Gate/gate.c **** 
  60:.\lib_Gate/gate.c **** 
  61:.\lib_Gate/gate.c **** void AllowNextSkier(void)
  62:.\lib_Gate/gate.c **** {
 183              		.loc 1 62 0
 184              		.cfi_startproc
 185 0000 80B5     		push	{r7, lr}
 186              		.cfi_def_cfa_offset 8
 187              		.cfi_offset 7, -8
 188              		.cfi_offset 14, -4
 189 0002 00AF     		add	r7, sp, #0
 190              		.cfi_def_cfa_register 7
  63:.\lib_Gate/gate.c ****     GatePin_ClearInterrupt();
 191              		.loc 1 63 0
 192 0004 FFF7FEFF 		bl	GatePin_ClearInterrupt
  64:.\lib_Gate/gate.c ****     GATE_INT_ClearPending();
 193              		.loc 1 64 0
 194 0008 FFF7FEFF 		bl	GATE_INT_ClearPending
  65:.\lib_Gate/gate.c ****     GATE_INT_Enable();
 195              		.loc 1 65 0
 196 000c FFF7FEFF 		bl	GATE_INT_Enable
  66:.\lib_Gate/gate.c **** }
 197              		.loc 1 66 0
 198 0010 BD46     		mov	sp, r7
 199              		@ sp needed
 200 0012 80BD     		pop	{r7, pc}
 201              		.cfi_endproc
 202              	.LFE66:
 203              		.size	AllowNextSkier, .-AllowNextSkier
 204              		.section	.text.GetFinTime,"ax",%progbits
 205              		.align	2
 206              		.global	GetFinTime
 207              		.code	16
 208              		.thumb_func
 209              		.type	GetFinTime, %function
 210              	GetFinTime:
 211              	.LFB67:
  67:.\lib_Gate/gate.c **** 
  68:.\lib_Gate/gate.c **** 
  69:.\lib_Gate/gate.c **** void GetFinTime(uint64_t *unixTime,  uint32_t *recentMs)
  70:.\lib_Gate/gate.c **** {
 212              		.loc 1 70 0
 213              		.cfi_startproc
 214 0000 90B5     		push	{r4, r7, lr}
ARM GAS  C:\Users\Petro\AppData\Local\Temp\ccWqpGRP.s 			page 6


 215              		.cfi_def_cfa_offset 12
 216              		.cfi_offset 4, -12
 217              		.cfi_offset 7, -8
 218              		.cfi_offset 14, -4
 219 0002 83B0     		sub	sp, sp, #12
 220              		.cfi_def_cfa_offset 24
 221 0004 00AF     		add	r7, sp, #0
 222              		.cfi_def_cfa_register 7
 223 0006 7860     		str	r0, [r7, #4]
 224 0008 3960     		str	r1, [r7]
  71:.\lib_Gate/gate.c ****     *unixTime = savedUnixTime;
 225              		.loc 1 71 0
 226 000a 064B     		ldr	r3, .L13
 227 000c 5C68     		ldr	r4, [r3, #4]
 228 000e 1B68     		ldr	r3, [r3]
 229 0010 7A68     		ldr	r2, [r7, #4]
 230 0012 1360     		str	r3, [r2]
 231 0014 5460     		str	r4, [r2, #4]
  72:.\lib_Gate/gate.c ****     *recentMs = savedRecentMs;
 232              		.loc 1 72 0
 233 0016 044B     		ldr	r3, .L13+4
 234 0018 1A68     		ldr	r2, [r3]
 235 001a 3B68     		ldr	r3, [r7]
 236 001c 1A60     		str	r2, [r3]
  73:.\lib_Gate/gate.c **** }
 237              		.loc 1 73 0
 238 001e BD46     		mov	sp, r7
 239 0020 03B0     		add	sp, sp, #12
 240              		@ sp needed
 241 0022 90BD     		pop	{r4, r7, pc}
 242              	.L14:
 243              		.align	2
 244              	.L13:
 245 0024 00000000 		.word	savedUnixTime
 246 0028 08000000 		.word	savedRecentMs
 247              		.cfi_endproc
 248              	.LFE67:
 249              		.size	GetFinTime, .-GetFinTime
 250              		.text
 251              	.Letext0:
 252              		.file 2 "c:\\program files (x86)\\cypress\\psoc creator\\3.3\\psoc creator\\import\\gnu\\arm\\4.9.
 253              		.file 3 "c:\\program files (x86)\\cypress\\psoc creator\\3.3\\psoc creator\\import\\gnu\\arm\\4.9.
 254              		.file 4 "./lib_DB\\database.h"
 255              		.file 5 "./lib_Fat\\integer.h"
 256              		.file 6 "./lib_Fat\\ff.h"
 257              		.file 7 "./lib_Gate\\gate.h"
 258              		.file 8 "./lib_DB\\logResult.h"
 259              		.section	.debug_info,"",%progbits
 260              	.Ldebug_info0:
 261 0000 8E050000 		.4byte	0x58e
 262 0004 0400     		.2byte	0x4
 263 0006 00000000 		.4byte	.Ldebug_abbrev0
 264 000a 04       		.byte	0x4
 265 000b 01       		.uleb128 0x1
 266 000c 83020000 		.4byte	.LASF85
 267 0010 01       		.byte	0x1
 268 0011 D3030000 		.4byte	.LASF86
ARM GAS  C:\Users\Petro\AppData\Local\Temp\ccWqpGRP.s 			page 7


 269 0015 D0000000 		.4byte	.LASF87
 270 0019 00000000 		.4byte	.Ldebug_ranges0+0
 271 001d 00000000 		.4byte	0
 272 0021 00000000 		.4byte	.Ldebug_line0
 273 0025 02       		.uleb128 0x2
 274 0026 01       		.byte	0x1
 275 0027 06       		.byte	0x6
 276 0028 BE000000 		.4byte	.LASF0
 277 002c 02       		.uleb128 0x2
 278 002d 01       		.byte	0x1
 279 002e 08       		.byte	0x8
 280 002f CF010000 		.4byte	.LASF1
 281 0033 02       		.uleb128 0x2
 282 0034 02       		.byte	0x2
 283 0035 05       		.byte	0x5
 284 0036 28000000 		.4byte	.LASF2
 285 003a 03       		.uleb128 0x3
 286 003b 60000000 		.4byte	.LASF5
 287 003f 02       		.byte	0x2
 288 0040 2B       		.byte	0x2b
 289 0041 45000000 		.4byte	0x45
 290 0045 02       		.uleb128 0x2
 291 0046 02       		.byte	0x2
 292 0047 07       		.byte	0x7
 293 0048 5E020000 		.4byte	.LASF3
 294 004c 02       		.uleb128 0x2
 295 004d 04       		.byte	0x4
 296 004e 05       		.byte	0x5
 297 004f 5D010000 		.4byte	.LASF4
 298 0053 03       		.uleb128 0x3
 299 0054 6B000000 		.4byte	.LASF6
 300 0058 02       		.byte	0x2
 301 0059 41       		.byte	0x41
 302 005a 5E000000 		.4byte	0x5e
 303 005e 02       		.uleb128 0x2
 304 005f 04       		.byte	0x4
 305 0060 07       		.byte	0x7
 306 0061 7E030000 		.4byte	.LASF7
 307 0065 02       		.uleb128 0x2
 308 0066 08       		.byte	0x8
 309 0067 05       		.byte	0x5
 310 0068 3C010000 		.4byte	.LASF8
 311 006c 03       		.uleb128 0x3
 312 006d 58030000 		.4byte	.LASF9
 313 0071 02       		.byte	0x2
 314 0072 5B       		.byte	0x5b
 315 0073 77000000 		.4byte	0x77
 316 0077 02       		.uleb128 0x2
 317 0078 08       		.byte	0x8
 318 0079 07       		.byte	0x7
 319 007a 08020000 		.4byte	.LASF10
 320 007e 04       		.uleb128 0x4
 321 007f 04       		.byte	0x4
 322 0080 05       		.byte	0x5
 323 0081 696E7400 		.ascii	"int\000"
 324 0085 02       		.uleb128 0x2
 325 0086 04       		.byte	0x4
ARM GAS  C:\Users\Petro\AppData\Local\Temp\ccWqpGRP.s 			page 8


 326 0087 07       		.byte	0x7
 327 0088 28020000 		.4byte	.LASF11
 328 008c 03       		.uleb128 0x3
 329 008d 35020000 		.4byte	.LASF12
 330 0091 03       		.byte	0x3
 331 0092 21       		.byte	0x21
 332 0093 3A000000 		.4byte	0x3a
 333 0097 03       		.uleb128 0x3
 334 0098 1F020000 		.4byte	.LASF13
 335 009c 03       		.byte	0x3
 336 009d 2D       		.byte	0x2d
 337 009e 53000000 		.4byte	0x53
 338 00a2 03       		.uleb128 0x3
 339 00a3 1F000000 		.4byte	.LASF14
 340 00a7 03       		.byte	0x3
 341 00a8 39       		.byte	0x39
 342 00a9 6C000000 		.4byte	0x6c
 343 00ad 02       		.uleb128 0x2
 344 00ae 04       		.byte	0x4
 345 00af 04       		.byte	0x4
 346 00b0 CA000000 		.4byte	.LASF15
 347 00b4 02       		.uleb128 0x2
 348 00b5 08       		.byte	0x8
 349 00b6 04       		.byte	0x4
 350 00b7 99030000 		.4byte	.LASF16
 351 00bb 02       		.uleb128 0x2
 352 00bc 01       		.byte	0x1
 353 00bd 08       		.byte	0x8
 354 00be 76020000 		.4byte	.LASF17
 355 00c2 02       		.uleb128 0x2
 356 00c3 04       		.byte	0x4
 357 00c4 07       		.byte	0x7
 358 00c5 32000000 		.4byte	.LASF18
 359 00c9 05       		.uleb128 0x5
 360 00ca 30       		.byte	0x30
 361 00cb 04       		.byte	0x4
 362 00cc 1B       		.byte	0x1b
 363 00cd 1A010000 		.4byte	0x11a
 364 00d1 06       		.uleb128 0x6
 365 00d2 78010000 		.4byte	.LASF19
 366 00d6 04       		.byte	0x4
 367 00d7 1D       		.byte	0x1d
 368 00d8 A2000000 		.4byte	0xa2
 369 00dc 00       		.byte	0
 370 00dd 06       		.uleb128 0x6
 371 00de 86000000 		.4byte	.LASF20
 372 00e2 04       		.byte	0x4
 373 00e3 1E       		.byte	0x1e
 374 00e4 8C000000 		.4byte	0x8c
 375 00e8 08       		.byte	0x8
 376 00e9 06       		.uleb128 0x6
 377 00ea A4010000 		.4byte	.LASF21
 378 00ee 04       		.byte	0x4
 379 00ef 1F       		.byte	0x1f
 380 00f0 A2000000 		.4byte	0xa2
 381 00f4 10       		.byte	0x10
 382 00f5 06       		.uleb128 0x6
ARM GAS  C:\Users\Petro\AppData\Local\Temp\ccWqpGRP.s 			page 9


 383 00f6 44040000 		.4byte	.LASF22
 384 00fa 04       		.byte	0x4
 385 00fb 20       		.byte	0x20
 386 00fc 8C000000 		.4byte	0x8c
 387 0100 18       		.byte	0x18
 388 0101 06       		.uleb128 0x6
 389 0102 52010000 		.4byte	.LASF23
 390 0106 04       		.byte	0x4
 391 0107 21       		.byte	0x21
 392 0108 A2000000 		.4byte	0xa2
 393 010c 20       		.byte	0x20
 394 010d 06       		.uleb128 0x6
 395 010e E5030000 		.4byte	.LASF24
 396 0112 04       		.byte	0x4
 397 0113 22       		.byte	0x22
 398 0114 8C000000 		.4byte	0x8c
 399 0118 28       		.byte	0x28
 400 0119 00       		.byte	0
 401 011a 03       		.uleb128 0x3
 402 011b 96000000 		.4byte	.LASF25
 403 011f 04       		.byte	0x4
 404 0120 23       		.byte	0x23
 405 0121 C9000000 		.4byte	0xc9
 406 0125 03       		.uleb128 0x3
 407 0126 81000000 		.4byte	.LASF26
 408 012a 05       		.byte	0x5
 409 012b 10       		.byte	0x10
 410 012c 2C000000 		.4byte	0x2c
 411 0130 03       		.uleb128 0x3
 412 0131 AB000000 		.4byte	.LASF27
 413 0135 05       		.byte	0x5
 414 0136 14       		.byte	0x14
 415 0137 45000000 		.4byte	0x45
 416 013b 03       		.uleb128 0x3
 417 013c B4010000 		.4byte	.LASF28
 418 0140 05       		.byte	0x5
 419 0141 1D       		.byte	0x1d
 420 0142 5E000000 		.4byte	0x5e
 421 0146 03       		.uleb128 0x3
 422 0147 3C030000 		.4byte	.LASF29
 423 014b 06       		.byte	0x6
 424 014c 55       		.byte	0x55
 425 014d 3B010000 		.4byte	0x13b
 426 0151 07       		.uleb128 0x7
 427 0152 3002     		.2byte	0x230
 428 0154 06       		.byte	0x6
 429 0155 5C       		.byte	0x5c
 430 0156 32020000 		.4byte	0x232
 431 015a 06       		.uleb128 0x6
 432 015b 17000000 		.4byte	.LASF30
 433 015f 06       		.byte	0x6
 434 0160 5D       		.byte	0x5d
 435 0161 25010000 		.4byte	0x125
 436 0165 00       		.byte	0
 437 0166 08       		.uleb128 0x8
 438 0167 64727600 		.ascii	"drv\000"
 439 016b 06       		.byte	0x6
ARM GAS  C:\Users\Petro\AppData\Local\Temp\ccWqpGRP.s 			page 10


 440 016c 5E       		.byte	0x5e
 441 016d 25010000 		.4byte	0x125
 442 0171 01       		.byte	0x1
 443 0172 06       		.uleb128 0x6
 444 0173 00000000 		.4byte	.LASF31
 445 0177 06       		.byte	0x6
 446 0178 5F       		.byte	0x5f
 447 0179 25010000 		.4byte	0x125
 448 017d 02       		.byte	0x2
 449 017e 06       		.uleb128 0x6
 450 017f 02020000 		.4byte	.LASF32
 451 0183 06       		.byte	0x6
 452 0184 60       		.byte	0x60
 453 0185 25010000 		.4byte	0x125
 454 0189 03       		.byte	0x3
 455 018a 06       		.uleb128 0x6
 456 018b BA010000 		.4byte	.LASF33
 457 018f 06       		.byte	0x6
 458 0190 61       		.byte	0x61
 459 0191 25010000 		.4byte	0x125
 460 0195 04       		.byte	0x4
 461 0196 08       		.uleb128 0x8
 462 0197 696400   		.ascii	"id\000"
 463 019a 06       		.byte	0x6
 464 019b 62       		.byte	0x62
 465 019c 30010000 		.4byte	0x130
 466 01a0 06       		.byte	0x6
 467 01a1 06       		.uleb128 0x6
 468 01a2 87010000 		.4byte	.LASF34
 469 01a6 06       		.byte	0x6
 470 01a7 63       		.byte	0x63
 471 01a8 30010000 		.4byte	0x130
 472 01ac 08       		.byte	0x8
 473 01ad 06       		.uleb128 0x6
 474 01ae 6C010000 		.4byte	.LASF35
 475 01b2 06       		.byte	0x6
 476 01b3 64       		.byte	0x64
 477 01b4 30010000 		.4byte	0x130
 478 01b8 0A       		.byte	0xa
 479 01b9 06       		.uleb128 0x6
 480 01ba 47020000 		.4byte	.LASF36
 481 01be 06       		.byte	0x6
 482 01bf 72       		.byte	0x72
 483 01c0 3B010000 		.4byte	0x13b
 484 01c4 0C       		.byte	0xc
 485 01c5 06       		.uleb128 0x6
 486 01c6 A1000000 		.4byte	.LASF37
 487 01ca 06       		.byte	0x6
 488 01cb 73       		.byte	0x73
 489 01cc 3B010000 		.4byte	0x13b
 490 01d0 10       		.byte	0x10
 491 01d1 06       		.uleb128 0x6
 492 01d2 CA030000 		.4byte	.LASF38
 493 01d6 06       		.byte	0x6
 494 01d7 7D       		.byte	0x7d
 495 01d8 3B010000 		.4byte	0x13b
 496 01dc 14       		.byte	0x14
ARM GAS  C:\Users\Petro\AppData\Local\Temp\ccWqpGRP.s 			page 11


 497 01dd 06       		.uleb128 0x6
 498 01de 9E010000 		.4byte	.LASF39
 499 01e2 06       		.byte	0x6
 500 01e3 7E       		.byte	0x7e
 501 01e4 3B010000 		.4byte	0x13b
 502 01e8 18       		.byte	0x18
 503 01e9 06       		.uleb128 0x6
 504 01ea 25040000 		.4byte	.LASF40
 505 01ee 06       		.byte	0x6
 506 01ef 7F       		.byte	0x7f
 507 01f0 3B010000 		.4byte	0x13b
 508 01f4 1C       		.byte	0x1c
 509 01f5 06       		.uleb128 0x6
 510 01f6 7B020000 		.4byte	.LASF41
 511 01fa 06       		.byte	0x6
 512 01fb 80       		.byte	0x80
 513 01fc 3B010000 		.4byte	0x13b
 514 0200 20       		.byte	0x20
 515 0201 06       		.uleb128 0x6
 516 0202 5E040000 		.4byte	.LASF42
 517 0206 06       		.byte	0x6
 518 0207 81       		.byte	0x81
 519 0208 3B010000 		.4byte	0x13b
 520 020c 24       		.byte	0x24
 521 020d 06       		.uleb128 0x6
 522 020e 3E020000 		.4byte	.LASF43
 523 0212 06       		.byte	0x6
 524 0213 82       		.byte	0x82
 525 0214 3B010000 		.4byte	0x13b
 526 0218 28       		.byte	0x28
 527 0219 06       		.uleb128 0x6
 528 021a 3C040000 		.4byte	.LASF44
 529 021e 06       		.byte	0x6
 530 021f 83       		.byte	0x83
 531 0220 3B010000 		.4byte	0x13b
 532 0224 2C       		.byte	0x2c
 533 0225 08       		.uleb128 0x8
 534 0226 77696E00 		.ascii	"win\000"
 535 022a 06       		.byte	0x6
 536 022b 84       		.byte	0x84
 537 022c 32020000 		.4byte	0x232
 538 0230 30       		.byte	0x30
 539 0231 00       		.byte	0
 540 0232 09       		.uleb128 0x9
 541 0233 25010000 		.4byte	0x125
 542 0237 43020000 		.4byte	0x243
 543 023b 0A       		.uleb128 0xa
 544 023c C2000000 		.4byte	0xc2
 545 0240 FF01     		.2byte	0x1ff
 546 0242 00       		.byte	0
 547 0243 03       		.uleb128 0x3
 548 0244 78030000 		.4byte	.LASF45
 549 0248 06       		.byte	0x6
 550 0249 85       		.byte	0x85
 551 024a 51010000 		.4byte	0x151
 552 024e 05       		.uleb128 0x5
 553 024f 10       		.byte	0x10
ARM GAS  C:\Users\Petro\AppData\Local\Temp\ccWqpGRP.s 			page 12


 554 0250 06       		.byte	0x6
 555 0251 8B       		.byte	0x8b
 556 0252 9D020000 		.4byte	0x29d
 557 0256 08       		.uleb128 0x8
 558 0257 667300   		.ascii	"fs\000"
 559 025a 06       		.byte	0x6
 560 025b 8C       		.byte	0x8c
 561 025c 9D020000 		.4byte	0x29d
 562 0260 00       		.byte	0
 563 0261 08       		.uleb128 0x8
 564 0262 696400   		.ascii	"id\000"
 565 0265 06       		.byte	0x6
 566 0266 8D       		.byte	0x8d
 567 0267 30010000 		.4byte	0x130
 568 026b 04       		.byte	0x4
 569 026c 06       		.uleb128 0x6
 570 026d C5030000 		.4byte	.LASF46
 571 0271 06       		.byte	0x6
 572 0272 8E       		.byte	0x8e
 573 0273 25010000 		.4byte	0x125
 574 0277 06       		.byte	0x6
 575 0278 06       		.uleb128 0x6
 576 0279 20040000 		.4byte	.LASF47
 577 027d 06       		.byte	0x6
 578 027e 8F       		.byte	0x8f
 579 027f 25010000 		.4byte	0x125
 580 0283 07       		.byte	0x7
 581 0284 06       		.uleb128 0x6
 582 0285 02040000 		.4byte	.LASF48
 583 0289 06       		.byte	0x6
 584 028a 90       		.byte	0x90
 585 028b 3B010000 		.4byte	0x13b
 586 028f 08       		.byte	0x8
 587 0290 06       		.uleb128 0x6
 588 0291 4A010000 		.4byte	.LASF49
 589 0295 06       		.byte	0x6
 590 0296 91       		.byte	0x91
 591 0297 46010000 		.4byte	0x146
 592 029b 0C       		.byte	0xc
 593 029c 00       		.byte	0
 594 029d 0B       		.uleb128 0xb
 595 029e 04       		.byte	0x4
 596 029f 43020000 		.4byte	0x243
 597 02a3 03       		.uleb128 0x3
 598 02a4 72010000 		.4byte	.LASF50
 599 02a8 06       		.byte	0x6
 600 02a9 9B       		.byte	0x9b
 601 02aa 4E020000 		.4byte	0x24e
 602 02ae 07       		.uleb128 0x7
 603 02af 2802     		.2byte	0x228
 604 02b1 06       		.byte	0x6
 605 02b2 A1       		.byte	0xa1
 606 02b3 24030000 		.4byte	0x324
 607 02b7 08       		.uleb128 0x8
 608 02b8 6F626A00 		.ascii	"obj\000"
 609 02bc 06       		.byte	0x6
 610 02bd A2       		.byte	0xa2
ARM GAS  C:\Users\Petro\AppData\Local\Temp\ccWqpGRP.s 			page 13


 611 02be A3020000 		.4byte	0x2a3
 612 02c2 00       		.byte	0
 613 02c3 06       		.uleb128 0x6
 614 02c4 1B040000 		.4byte	.LASF51
 615 02c8 06       		.byte	0x6
 616 02c9 A3       		.byte	0xa3
 617 02ca 25010000 		.4byte	0x125
 618 02ce 10       		.byte	0x10
 619 02cf 08       		.uleb128 0x8
 620 02d0 65727200 		.ascii	"err\000"
 621 02d4 06       		.byte	0x6
 622 02d5 A4       		.byte	0xa4
 623 02d6 25010000 		.4byte	0x125
 624 02da 11       		.byte	0x11
 625 02db 06       		.uleb128 0x6
 626 02dc B9000000 		.4byte	.LASF52
 627 02e0 06       		.byte	0x6
 628 02e1 A5       		.byte	0xa5
 629 02e2 46010000 		.4byte	0x146
 630 02e6 14       		.byte	0x14
 631 02e7 06       		.uleb128 0x6
 632 02e8 66010000 		.4byte	.LASF53
 633 02ec 06       		.byte	0x6
 634 02ed A6       		.byte	0xa6
 635 02ee 3B010000 		.4byte	0x13b
 636 02f2 18       		.byte	0x18
 637 02f3 06       		.uleb128 0x6
 638 02f4 FD030000 		.4byte	.LASF54
 639 02f8 06       		.byte	0x6
 640 02f9 A7       		.byte	0xa7
 641 02fa 3B010000 		.4byte	0x13b
 642 02fe 1C       		.byte	0x1c
 643 02ff 06       		.uleb128 0x6
 644 0300 55040000 		.4byte	.LASF55
 645 0304 06       		.byte	0x6
 646 0305 A9       		.byte	0xa9
 647 0306 3B010000 		.4byte	0x13b
 648 030a 20       		.byte	0x20
 649 030b 06       		.uleb128 0x6
 650 030c 56020000 		.4byte	.LASF56
 651 0310 06       		.byte	0x6
 652 0311 AA       		.byte	0xaa
 653 0312 24030000 		.4byte	0x324
 654 0316 24       		.byte	0x24
 655 0317 08       		.uleb128 0x8
 656 0318 62756600 		.ascii	"buf\000"
 657 031c 06       		.byte	0x6
 658 031d B0       		.byte	0xb0
 659 031e 32020000 		.4byte	0x232
 660 0322 28       		.byte	0x28
 661 0323 00       		.byte	0
 662 0324 0B       		.uleb128 0xb
 663 0325 04       		.byte	0x4
 664 0326 25010000 		.4byte	0x125
 665 032a 0C       		.uleb128 0xc
 666 032b 46494C00 		.ascii	"FIL\000"
 667 032f 06       		.byte	0x6
ARM GAS  C:\Users\Petro\AppData\Local\Temp\ccWqpGRP.s 			page 14


 668 0330 B2       		.byte	0xb2
 669 0331 AE020000 		.4byte	0x2ae
 670 0335 0D       		.uleb128 0xd
 671 0336 AE030000 		.4byte	.LASF88
 672 033a 10       		.byte	0x10
 673 033b 04       		.byte	0x4
 674 033c 28       		.byte	0x28
 675 033d 66030000 		.4byte	0x366
 676 0341 06       		.uleb128 0x6
 677 0342 78010000 		.4byte	.LASF19
 678 0346 04       		.byte	0x4
 679 0347 2A       		.byte	0x2a
 680 0348 A2000000 		.4byte	0xa2
 681 034c 00       		.byte	0
 682 034d 06       		.uleb128 0x6
 683 034e 86000000 		.4byte	.LASF20
 684 0352 04       		.byte	0x4
 685 0353 2B       		.byte	0x2b
 686 0354 8C000000 		.4byte	0x8c
 687 0358 08       		.byte	0x8
 688 0359 06       		.uleb128 0x6
 689 035a FA010000 		.4byte	.LASF57
 690 035e 04       		.byte	0x4
 691 035f 2C       		.byte	0x2c
 692 0360 66030000 		.4byte	0x366
 693 0364 0C       		.byte	0xc
 694 0365 00       		.byte	0
 695 0366 0B       		.uleb128 0xb
 696 0367 04       		.byte	0x4
 697 0368 35030000 		.4byte	0x335
 698 036c 07       		.uleb128 0x7
 699 036d 7802     		.2byte	0x278
 700 036f 04       		.byte	0x4
 701 0370 4A       		.byte	0x4a
 702 0371 BF030000 		.4byte	0x3bf
 703 0375 06       		.uleb128 0x6
 704 0376 BA030000 		.4byte	.LASF58
 705 037a 04       		.byte	0x4
 706 037b 4C       		.byte	0x4c
 707 037c 8C000000 		.4byte	0x8c
 708 0380 00       		.byte	0
 709 0381 06       		.uleb128 0x6
 710 0382 91010000 		.4byte	.LASF59
 711 0386 04       		.byte	0x4
 712 0387 4D       		.byte	0x4d
 713 0388 8C000000 		.4byte	0x8c
 714 038c 02       		.byte	0x2
 715 038d 06       		.uleb128 0x6
 716 038e C3010000 		.4byte	.LASF60
 717 0392 04       		.byte	0x4
 718 0393 4E       		.byte	0x4e
 719 0394 8C000000 		.4byte	0x8c
 720 0398 04       		.byte	0x4
 721 0399 06       		.uleb128 0x6
 722 039a 11040000 		.4byte	.LASF61
 723 039e 04       		.byte	0x4
 724 039f 50       		.byte	0x50
ARM GAS  C:\Users\Petro\AppData\Local\Temp\ccWqpGRP.s 			page 15


 725 03a0 8C000000 		.4byte	0x8c
 726 03a4 06       		.byte	0x6
 727 03a5 06       		.uleb128 0x6
 728 03a6 71030000 		.4byte	.LASF62
 729 03aa 04       		.byte	0x4
 730 03ab 52       		.byte	0x52
 731 03ac BF030000 		.4byte	0x3bf
 732 03b0 08       		.byte	0x8
 733 03b1 0E       		.uleb128 0xe
 734 03b2 51020000 		.4byte	.LASF63
 735 03b6 04       		.byte	0x4
 736 03b7 54       		.byte	0x54
 737 03b8 1A010000 		.4byte	0x11a
 738 03bc 4802     		.2byte	0x248
 739 03be 00       		.byte	0
 740 03bf 09       		.uleb128 0x9
 741 03c0 1A010000 		.4byte	0x11a
 742 03c4 CF030000 		.4byte	0x3cf
 743 03c8 0F       		.uleb128 0xf
 744 03c9 C2000000 		.4byte	0xc2
 745 03cd 0B       		.byte	0xb
 746 03ce 00       		.byte	0
 747 03cf 03       		.uleb128 0x3
 748 03d0 2E010000 		.4byte	.LASF64
 749 03d4 04       		.byte	0x4
 750 03d5 55       		.byte	0x55
 751 03d6 6C030000 		.4byte	0x36c
 752 03da 10       		.uleb128 0x10
 753 03db EE030000 		.4byte	.LASF65
 754 03df 01       		.byte	0x1
 755 03e0 10       		.byte	0x10
 756 03e1 00000000 		.4byte	.LFB63
 757 03e5 40000000 		.4byte	.LFE63-.LFB63
 758 03e9 01       		.uleb128 0x1
 759 03ea 9C       		.byte	0x9c
 760 03eb 10       		.uleb128 0x10
 761 03ec 0E000000 		.4byte	.LASF66
 762 03f0 01       		.byte	0x1
 763 03f1 1E       		.byte	0x1e
 764 03f2 00000000 		.4byte	.LFB64
 765 03f6 2C000000 		.4byte	.LFE64-.LFB64
 766 03fa 01       		.uleb128 0x1
 767 03fb 9C       		.byte	0x9c
 768 03fc 11       		.uleb128 0x11
 769 03fd 55000000 		.4byte	.LASF89
 770 0401 01       		.byte	0x1
 771 0402 32       		.byte	0x32
 772 0403 97000000 		.4byte	0x97
 773 0407 00000000 		.4byte	.LFB65
 774 040b 20000000 		.4byte	.LFE65-.LFB65
 775 040f 01       		.uleb128 0x1
 776 0410 9C       		.byte	0x9c
 777 0411 24040000 		.4byte	0x424
 778 0415 12       		.uleb128 0x12
 779 0416 07000000 		.4byte	.LASF70
 780 041a 01       		.byte	0x1
 781 041b 34       		.byte	0x34
ARM GAS  C:\Users\Petro\AppData\Local\Temp\ccWqpGRP.s 			page 16


 782 041c 97000000 		.4byte	0x97
 783 0420 02       		.uleb128 0x2
 784 0421 91       		.byte	0x91
 785 0422 74       		.sleb128 -12
 786 0423 00       		.byte	0
 787 0424 10       		.uleb128 0x10
 788 0425 3B000000 		.4byte	.LASF67
 789 0429 01       		.byte	0x1
 790 042a 3D       		.byte	0x3d
 791 042b 00000000 		.4byte	.LFB66
 792 042f 14000000 		.4byte	.LFE66-.LFB66
 793 0433 01       		.uleb128 0x1
 794 0434 9C       		.byte	0x9c
 795 0435 13       		.uleb128 0x13
 796 0436 76000000 		.4byte	.LASF90
 797 043a 01       		.byte	0x1
 798 043b 45       		.byte	0x45
 799 043c 00000000 		.4byte	.LFB67
 800 0440 2C000000 		.4byte	.LFE67-.LFB67
 801 0444 01       		.uleb128 0x1
 802 0445 9C       		.byte	0x9c
 803 0446 67040000 		.4byte	0x467
 804 044a 14       		.uleb128 0x14
 805 044b 90030000 		.4byte	.LASF68
 806 044f 01       		.byte	0x1
 807 0450 45       		.byte	0x45
 808 0451 67040000 		.4byte	0x467
 809 0455 02       		.uleb128 0x2
 810 0456 91       		.byte	0x91
 811 0457 6C       		.sleb128 -20
 812 0458 14       		.uleb128 0x14
 813 0459 66040000 		.4byte	.LASF69
 814 045d 01       		.byte	0x1
 815 045e 45       		.byte	0x45
 816 045f 6D040000 		.4byte	0x46d
 817 0463 02       		.uleb128 0x2
 818 0464 91       		.byte	0x91
 819 0465 68       		.sleb128 -24
 820 0466 00       		.byte	0
 821 0467 0B       		.uleb128 0xb
 822 0468 04       		.byte	0x4
 823 0469 A2000000 		.4byte	0xa2
 824 046d 0B       		.uleb128 0xb
 825 046e 04       		.byte	0x4
 826 046f 97000000 		.4byte	0x97
 827 0473 12       		.uleb128 0x12
 828 0474 A0030000 		.4byte	.LASF71
 829 0478 07       		.byte	0x7
 830 0479 15       		.byte	0x15
 831 047a A2000000 		.4byte	0xa2
 832 047e 05       		.uleb128 0x5
 833 047f 03       		.byte	0x3
 834 0480 00000000 		.4byte	savedUnixTime
 835 0484 12       		.uleb128 0x12
 836 0485 63030000 		.4byte	.LASF72
 837 0489 07       		.byte	0x7
 838 048a 16       		.byte	0x16
ARM GAS  C:\Users\Petro\AppData\Local\Temp\ccWqpGRP.s 			page 17


 839 048b 97000000 		.4byte	0x97
 840 048f 05       		.uleb128 0x5
 841 0490 03       		.byte	0x3
 842 0491 08000000 		.4byte	savedRecentMs
 843 0495 12       		.uleb128 0x12
 844 0496 B0000000 		.4byte	.LASF73
 845 049a 07       		.byte	0x7
 846 049b 17       		.byte	0x17
 847 049c 97000000 		.4byte	0x97
 848 04a0 05       		.uleb128 0x5
 849 04a1 03       		.byte	0x3
 850 04a2 0C000000 		.4byte	gateOpen
 851 04a6 15       		.uleb128 0x15
 852 04a7 36030000 		.4byte	.LASF74
 853 04ab 08       		.byte	0x8
 854 04ac 18       		.byte	0x18
 855 04ad 43020000 		.4byte	0x243
 856 04b1 05       		.uleb128 0x5
 857 04b2 03       		.byte	0x3
 858 04b3 00000000 		.4byte	fatFs
 859 04b7 15       		.uleb128 0x15
 860 04b8 BF030000 		.4byte	.LASF75
 861 04bc 08       		.byte	0x8
 862 04bd 19       		.byte	0x19
 863 04be 2A030000 		.4byte	0x32a
 864 04c2 05       		.uleb128 0x5
 865 04c3 03       		.byte	0x3
 866 04c4 00000000 		.4byte	fileO
 867 04c8 15       		.uleb128 0x15
 868 04c9 EF010000 		.4byte	.LASF76
 869 04cd 08       		.byte	0x8
 870 04ce 1C       		.byte	0x1c
 871 04cf 3B010000 		.4byte	0x13b
 872 04d3 05       		.uleb128 0x5
 873 04d4 03       		.byte	0x3
 874 04d5 00000000 		.4byte	createFlag
 875 04d9 09       		.uleb128 0x9
 876 04da 35030000 		.4byte	0x335
 877 04de E9040000 		.4byte	0x4e9
 878 04e2 0F       		.uleb128 0xf
 879 04e3 C2000000 		.4byte	0xc2
 880 04e7 03       		.byte	0x3
 881 04e8 00       		.byte	0
 882 04e9 15       		.uleb128 0x15
 883 04ea DD010000 		.4byte	.LASF77
 884 04ee 04       		.byte	0x4
 885 04ef 2D       		.byte	0x2d
 886 04f0 D9040000 		.4byte	0x4d9
 887 04f4 05       		.uleb128 0x5
 888 04f5 03       		.byte	0x3
 889 04f6 00000000 		.4byte	bufferSkiersOnWay
 890 04fa 09       		.uleb128 0x9
 891 04fb 1A010000 		.4byte	0x11a
 892 04ff 0A050000 		.4byte	0x50a
 893 0503 0F       		.uleb128 0xf
 894 0504 C2000000 		.4byte	0xc2
 895 0508 07       		.byte	0x7
ARM GAS  C:\Users\Petro\AppData\Local\Temp\ccWqpGRP.s 			page 18


 896 0509 00       		.byte	0
 897 050a 15       		.uleb128 0x15
 898 050b 4A000000 		.4byte	.LASF78
 899 050f 04       		.byte	0x4
 900 0510 30       		.byte	0x30
 901 0511 FA040000 		.4byte	0x4fa
 902 0515 05       		.uleb128 0x5
 903 0516 03       		.byte	0x3
 904 0517 00000000 		.4byte	bufferFifo
 905 051b 15       		.uleb128 0x15
 906 051c 26030000 		.4byte	.LASF79
 907 0520 04       		.byte	0x4
 908 0521 33       		.byte	0x33
 909 0522 97000000 		.4byte	0x97
 910 0526 05       		.uleb128 0x5
 911 0527 03       		.byte	0x3
 912 0528 00000000 		.4byte	currentSizeBuff
 913 052c 15       		.uleb128 0x15
 914 052d 44030000 		.4byte	.LASF80
 915 0531 04       		.byte	0x4
 916 0532 36       		.byte	0x36
 917 0533 66030000 		.4byte	0x366
 918 0537 05       		.uleb128 0x5
 919 0538 03       		.byte	0x3
 920 0539 00000000 		.4byte	currentElementStart
 921 053d 15       		.uleb128 0x15
 922 053e 11030000 		.4byte	.LASF81
 923 0542 04       		.byte	0x4
 924 0543 37       		.byte	0x37
 925 0544 66030000 		.4byte	0x366
 926 0548 05       		.uleb128 0x5
 927 0549 03       		.byte	0x3
 928 054a 00000000 		.4byte	currentElementFinish
 929 054e 15       		.uleb128 0x15
 930 054f 2D040000 		.4byte	.LASF82
 931 0553 04       		.byte	0x4
 932 0554 3A       		.byte	0x3a
 933 0555 8C000000 		.4byte	0x8c
 934 0559 05       		.uleb128 0x5
 935 055a 03       		.byte	0x3
 936 055b 00000000 		.4byte	skiersFinished
 937 055f 09       		.uleb128 0x9
 938 0560 1A010000 		.4byte	0x11a
 939 0564 6F050000 		.4byte	0x56f
 940 0568 0F       		.uleb128 0xf
 941 0569 C2000000 		.4byte	0xc2
 942 056d 95       		.byte	0x95
 943 056e 00       		.byte	0
 944 056f 15       		.uleb128 0x15
 945 0570 09040000 		.4byte	.LASF83
 946 0574 04       		.byte	0x4
 947 0575 3D       		.byte	0x3d
 948 0576 5F050000 		.4byte	0x55f
 949 057a 05       		.uleb128 0x5
 950 057b 03       		.byte	0x3
 951 057c 00000000 		.4byte	skierDB
 952 0580 15       		.uleb128 0x15
ARM GAS  C:\Users\Petro\AppData\Local\Temp\ccWqpGRP.s 			page 19


 953 0581 71020000 		.4byte	.LASF84
 954 0585 04       		.byte	0x4
 955 0586 57       		.byte	0x57
 956 0587 CF030000 		.4byte	0x3cf
 957 058b 05       		.uleb128 0x5
 958 058c 03       		.byte	0x3
 959 058d 00000000 		.4byte	fifo
 960 0591 00       		.byte	0
 961              		.section	.debug_abbrev,"",%progbits
 962              	.Ldebug_abbrev0:
 963 0000 01       		.uleb128 0x1
 964 0001 11       		.uleb128 0x11
 965 0002 01       		.byte	0x1
 966 0003 25       		.uleb128 0x25
 967 0004 0E       		.uleb128 0xe
 968 0005 13       		.uleb128 0x13
 969 0006 0B       		.uleb128 0xb
 970 0007 03       		.uleb128 0x3
 971 0008 0E       		.uleb128 0xe
 972 0009 1B       		.uleb128 0x1b
 973 000a 0E       		.uleb128 0xe
 974 000b 55       		.uleb128 0x55
 975 000c 17       		.uleb128 0x17
 976 000d 11       		.uleb128 0x11
 977 000e 01       		.uleb128 0x1
 978 000f 10       		.uleb128 0x10
 979 0010 17       		.uleb128 0x17
 980 0011 00       		.byte	0
 981 0012 00       		.byte	0
 982 0013 02       		.uleb128 0x2
 983 0014 24       		.uleb128 0x24
 984 0015 00       		.byte	0
 985 0016 0B       		.uleb128 0xb
 986 0017 0B       		.uleb128 0xb
 987 0018 3E       		.uleb128 0x3e
 988 0019 0B       		.uleb128 0xb
 989 001a 03       		.uleb128 0x3
 990 001b 0E       		.uleb128 0xe
 991 001c 00       		.byte	0
 992 001d 00       		.byte	0
 993 001e 03       		.uleb128 0x3
 994 001f 16       		.uleb128 0x16
 995 0020 00       		.byte	0
 996 0021 03       		.uleb128 0x3
 997 0022 0E       		.uleb128 0xe
 998 0023 3A       		.uleb128 0x3a
 999 0024 0B       		.uleb128 0xb
 1000 0025 3B       		.uleb128 0x3b
 1001 0026 0B       		.uleb128 0xb
 1002 0027 49       		.uleb128 0x49
 1003 0028 13       		.uleb128 0x13
 1004 0029 00       		.byte	0
 1005 002a 00       		.byte	0
 1006 002b 04       		.uleb128 0x4
 1007 002c 24       		.uleb128 0x24
 1008 002d 00       		.byte	0
 1009 002e 0B       		.uleb128 0xb
ARM GAS  C:\Users\Petro\AppData\Local\Temp\ccWqpGRP.s 			page 20


 1010 002f 0B       		.uleb128 0xb
 1011 0030 3E       		.uleb128 0x3e
 1012 0031 0B       		.uleb128 0xb
 1013 0032 03       		.uleb128 0x3
 1014 0033 08       		.uleb128 0x8
 1015 0034 00       		.byte	0
 1016 0035 00       		.byte	0
 1017 0036 05       		.uleb128 0x5
 1018 0037 13       		.uleb128 0x13
 1019 0038 01       		.byte	0x1
 1020 0039 0B       		.uleb128 0xb
 1021 003a 0B       		.uleb128 0xb
 1022 003b 3A       		.uleb128 0x3a
 1023 003c 0B       		.uleb128 0xb
 1024 003d 3B       		.uleb128 0x3b
 1025 003e 0B       		.uleb128 0xb
 1026 003f 01       		.uleb128 0x1
 1027 0040 13       		.uleb128 0x13
 1028 0041 00       		.byte	0
 1029 0042 00       		.byte	0
 1030 0043 06       		.uleb128 0x6
 1031 0044 0D       		.uleb128 0xd
 1032 0045 00       		.byte	0
 1033 0046 03       		.uleb128 0x3
 1034 0047 0E       		.uleb128 0xe
 1035 0048 3A       		.uleb128 0x3a
 1036 0049 0B       		.uleb128 0xb
 1037 004a 3B       		.uleb128 0x3b
 1038 004b 0B       		.uleb128 0xb
 1039 004c 49       		.uleb128 0x49
 1040 004d 13       		.uleb128 0x13
 1041 004e 38       		.uleb128 0x38
 1042 004f 0B       		.uleb128 0xb
 1043 0050 00       		.byte	0
 1044 0051 00       		.byte	0
 1045 0052 07       		.uleb128 0x7
 1046 0053 13       		.uleb128 0x13
 1047 0054 01       		.byte	0x1
 1048 0055 0B       		.uleb128 0xb
 1049 0056 05       		.uleb128 0x5
 1050 0057 3A       		.uleb128 0x3a
 1051 0058 0B       		.uleb128 0xb
 1052 0059 3B       		.uleb128 0x3b
 1053 005a 0B       		.uleb128 0xb
 1054 005b 01       		.uleb128 0x1
 1055 005c 13       		.uleb128 0x13
 1056 005d 00       		.byte	0
 1057 005e 00       		.byte	0
 1058 005f 08       		.uleb128 0x8
 1059 0060 0D       		.uleb128 0xd
 1060 0061 00       		.byte	0
 1061 0062 03       		.uleb128 0x3
 1062 0063 08       		.uleb128 0x8
 1063 0064 3A       		.uleb128 0x3a
 1064 0065 0B       		.uleb128 0xb
 1065 0066 3B       		.uleb128 0x3b
 1066 0067 0B       		.uleb128 0xb
ARM GAS  C:\Users\Petro\AppData\Local\Temp\ccWqpGRP.s 			page 21


 1067 0068 49       		.uleb128 0x49
 1068 0069 13       		.uleb128 0x13
 1069 006a 38       		.uleb128 0x38
 1070 006b 0B       		.uleb128 0xb
 1071 006c 00       		.byte	0
 1072 006d 00       		.byte	0
 1073 006e 09       		.uleb128 0x9
 1074 006f 01       		.uleb128 0x1
 1075 0070 01       		.byte	0x1
 1076 0071 49       		.uleb128 0x49
 1077 0072 13       		.uleb128 0x13
 1078 0073 01       		.uleb128 0x1
 1079 0074 13       		.uleb128 0x13
 1080 0075 00       		.byte	0
 1081 0076 00       		.byte	0
 1082 0077 0A       		.uleb128 0xa
 1083 0078 21       		.uleb128 0x21
 1084 0079 00       		.byte	0
 1085 007a 49       		.uleb128 0x49
 1086 007b 13       		.uleb128 0x13
 1087 007c 2F       		.uleb128 0x2f
 1088 007d 05       		.uleb128 0x5
 1089 007e 00       		.byte	0
 1090 007f 00       		.byte	0
 1091 0080 0B       		.uleb128 0xb
 1092 0081 0F       		.uleb128 0xf
 1093 0082 00       		.byte	0
 1094 0083 0B       		.uleb128 0xb
 1095 0084 0B       		.uleb128 0xb
 1096 0085 49       		.uleb128 0x49
 1097 0086 13       		.uleb128 0x13
 1098 0087 00       		.byte	0
 1099 0088 00       		.byte	0
 1100 0089 0C       		.uleb128 0xc
 1101 008a 16       		.uleb128 0x16
 1102 008b 00       		.byte	0
 1103 008c 03       		.uleb128 0x3
 1104 008d 08       		.uleb128 0x8
 1105 008e 3A       		.uleb128 0x3a
 1106 008f 0B       		.uleb128 0xb
 1107 0090 3B       		.uleb128 0x3b
 1108 0091 0B       		.uleb128 0xb
 1109 0092 49       		.uleb128 0x49
 1110 0093 13       		.uleb128 0x13
 1111 0094 00       		.byte	0
 1112 0095 00       		.byte	0
 1113 0096 0D       		.uleb128 0xd
 1114 0097 13       		.uleb128 0x13
 1115 0098 01       		.byte	0x1
 1116 0099 03       		.uleb128 0x3
 1117 009a 0E       		.uleb128 0xe
 1118 009b 0B       		.uleb128 0xb
 1119 009c 0B       		.uleb128 0xb
 1120 009d 3A       		.uleb128 0x3a
 1121 009e 0B       		.uleb128 0xb
 1122 009f 3B       		.uleb128 0x3b
 1123 00a0 0B       		.uleb128 0xb
ARM GAS  C:\Users\Petro\AppData\Local\Temp\ccWqpGRP.s 			page 22


 1124 00a1 01       		.uleb128 0x1
 1125 00a2 13       		.uleb128 0x13
 1126 00a3 00       		.byte	0
 1127 00a4 00       		.byte	0
 1128 00a5 0E       		.uleb128 0xe
 1129 00a6 0D       		.uleb128 0xd
 1130 00a7 00       		.byte	0
 1131 00a8 03       		.uleb128 0x3
 1132 00a9 0E       		.uleb128 0xe
 1133 00aa 3A       		.uleb128 0x3a
 1134 00ab 0B       		.uleb128 0xb
 1135 00ac 3B       		.uleb128 0x3b
 1136 00ad 0B       		.uleb128 0xb
 1137 00ae 49       		.uleb128 0x49
 1138 00af 13       		.uleb128 0x13
 1139 00b0 38       		.uleb128 0x38
 1140 00b1 05       		.uleb128 0x5
 1141 00b2 00       		.byte	0
 1142 00b3 00       		.byte	0
 1143 00b4 0F       		.uleb128 0xf
 1144 00b5 21       		.uleb128 0x21
 1145 00b6 00       		.byte	0
 1146 00b7 49       		.uleb128 0x49
 1147 00b8 13       		.uleb128 0x13
 1148 00b9 2F       		.uleb128 0x2f
 1149 00ba 0B       		.uleb128 0xb
 1150 00bb 00       		.byte	0
 1151 00bc 00       		.byte	0
 1152 00bd 10       		.uleb128 0x10
 1153 00be 2E       		.uleb128 0x2e
 1154 00bf 00       		.byte	0
 1155 00c0 3F       		.uleb128 0x3f
 1156 00c1 19       		.uleb128 0x19
 1157 00c2 03       		.uleb128 0x3
 1158 00c3 0E       		.uleb128 0xe
 1159 00c4 3A       		.uleb128 0x3a
 1160 00c5 0B       		.uleb128 0xb
 1161 00c6 3B       		.uleb128 0x3b
 1162 00c7 0B       		.uleb128 0xb
 1163 00c8 27       		.uleb128 0x27
 1164 00c9 19       		.uleb128 0x19
 1165 00ca 11       		.uleb128 0x11
 1166 00cb 01       		.uleb128 0x1
 1167 00cc 12       		.uleb128 0x12
 1168 00cd 06       		.uleb128 0x6
 1169 00ce 40       		.uleb128 0x40
 1170 00cf 18       		.uleb128 0x18
 1171 00d0 9642     		.uleb128 0x2116
 1172 00d2 19       		.uleb128 0x19
 1173 00d3 00       		.byte	0
 1174 00d4 00       		.byte	0
 1175 00d5 11       		.uleb128 0x11
 1176 00d6 2E       		.uleb128 0x2e
 1177 00d7 01       		.byte	0x1
 1178 00d8 3F       		.uleb128 0x3f
 1179 00d9 19       		.uleb128 0x19
 1180 00da 03       		.uleb128 0x3
ARM GAS  C:\Users\Petro\AppData\Local\Temp\ccWqpGRP.s 			page 23


 1181 00db 0E       		.uleb128 0xe
 1182 00dc 3A       		.uleb128 0x3a
 1183 00dd 0B       		.uleb128 0xb
 1184 00de 3B       		.uleb128 0x3b
 1185 00df 0B       		.uleb128 0xb
 1186 00e0 27       		.uleb128 0x27
 1187 00e1 19       		.uleb128 0x19
 1188 00e2 49       		.uleb128 0x49
 1189 00e3 13       		.uleb128 0x13
 1190 00e4 11       		.uleb128 0x11
 1191 00e5 01       		.uleb128 0x1
 1192 00e6 12       		.uleb128 0x12
 1193 00e7 06       		.uleb128 0x6
 1194 00e8 40       		.uleb128 0x40
 1195 00e9 18       		.uleb128 0x18
 1196 00ea 9742     		.uleb128 0x2117
 1197 00ec 19       		.uleb128 0x19
 1198 00ed 01       		.uleb128 0x1
 1199 00ee 13       		.uleb128 0x13
 1200 00ef 00       		.byte	0
 1201 00f0 00       		.byte	0
 1202 00f1 12       		.uleb128 0x12
 1203 00f2 34       		.uleb128 0x34
 1204 00f3 00       		.byte	0
 1205 00f4 03       		.uleb128 0x3
 1206 00f5 0E       		.uleb128 0xe
 1207 00f6 3A       		.uleb128 0x3a
 1208 00f7 0B       		.uleb128 0xb
 1209 00f8 3B       		.uleb128 0x3b
 1210 00f9 0B       		.uleb128 0xb
 1211 00fa 49       		.uleb128 0x49
 1212 00fb 13       		.uleb128 0x13
 1213 00fc 02       		.uleb128 0x2
 1214 00fd 18       		.uleb128 0x18
 1215 00fe 00       		.byte	0
 1216 00ff 00       		.byte	0
 1217 0100 13       		.uleb128 0x13
 1218 0101 2E       		.uleb128 0x2e
 1219 0102 01       		.byte	0x1
 1220 0103 3F       		.uleb128 0x3f
 1221 0104 19       		.uleb128 0x19
 1222 0105 03       		.uleb128 0x3
 1223 0106 0E       		.uleb128 0xe
 1224 0107 3A       		.uleb128 0x3a
 1225 0108 0B       		.uleb128 0xb
 1226 0109 3B       		.uleb128 0x3b
 1227 010a 0B       		.uleb128 0xb
 1228 010b 27       		.uleb128 0x27
 1229 010c 19       		.uleb128 0x19
 1230 010d 11       		.uleb128 0x11
 1231 010e 01       		.uleb128 0x1
 1232 010f 12       		.uleb128 0x12
 1233 0110 06       		.uleb128 0x6
 1234 0111 40       		.uleb128 0x40
 1235 0112 18       		.uleb128 0x18
 1236 0113 9742     		.uleb128 0x2117
 1237 0115 19       		.uleb128 0x19
ARM GAS  C:\Users\Petro\AppData\Local\Temp\ccWqpGRP.s 			page 24


 1238 0116 01       		.uleb128 0x1
 1239 0117 13       		.uleb128 0x13
 1240 0118 00       		.byte	0
 1241 0119 00       		.byte	0
 1242 011a 14       		.uleb128 0x14
 1243 011b 05       		.uleb128 0x5
 1244 011c 00       		.byte	0
 1245 011d 03       		.uleb128 0x3
 1246 011e 0E       		.uleb128 0xe
 1247 011f 3A       		.uleb128 0x3a
 1248 0120 0B       		.uleb128 0xb
 1249 0121 3B       		.uleb128 0x3b
 1250 0122 0B       		.uleb128 0xb
 1251 0123 49       		.uleb128 0x49
 1252 0124 13       		.uleb128 0x13
 1253 0125 02       		.uleb128 0x2
 1254 0126 18       		.uleb128 0x18
 1255 0127 00       		.byte	0
 1256 0128 00       		.byte	0
 1257 0129 15       		.uleb128 0x15
 1258 012a 34       		.uleb128 0x34
 1259 012b 00       		.byte	0
 1260 012c 03       		.uleb128 0x3
 1261 012d 0E       		.uleb128 0xe
 1262 012e 3A       		.uleb128 0x3a
 1263 012f 0B       		.uleb128 0xb
 1264 0130 3B       		.uleb128 0x3b
 1265 0131 0B       		.uleb128 0xb
 1266 0132 49       		.uleb128 0x49
 1267 0133 13       		.uleb128 0x13
 1268 0134 3F       		.uleb128 0x3f
 1269 0135 19       		.uleb128 0x19
 1270 0136 02       		.uleb128 0x2
 1271 0137 18       		.uleb128 0x18
 1272 0138 00       		.byte	0
 1273 0139 00       		.byte	0
 1274 013a 00       		.byte	0
 1275              		.section	.debug_aranges,"",%progbits
 1276 0000 3C000000 		.4byte	0x3c
 1277 0004 0200     		.2byte	0x2
 1278 0006 00000000 		.4byte	.Ldebug_info0
 1279 000a 04       		.byte	0x4
 1280 000b 00       		.byte	0
 1281 000c 0000     		.2byte	0
 1282 000e 0000     		.2byte	0
 1283 0010 00000000 		.4byte	.LFB63
 1284 0014 40000000 		.4byte	.LFE63-.LFB63
 1285 0018 00000000 		.4byte	.LFB64
 1286 001c 2C000000 		.4byte	.LFE64-.LFB64
 1287 0020 00000000 		.4byte	.LFB65
 1288 0024 20000000 		.4byte	.LFE65-.LFB65
 1289 0028 00000000 		.4byte	.LFB66
 1290 002c 14000000 		.4byte	.LFE66-.LFB66
 1291 0030 00000000 		.4byte	.LFB67
 1292 0034 2C000000 		.4byte	.LFE67-.LFB67
 1293 0038 00000000 		.4byte	0
 1294 003c 00000000 		.4byte	0
ARM GAS  C:\Users\Petro\AppData\Local\Temp\ccWqpGRP.s 			page 25


 1295              		.section	.debug_ranges,"",%progbits
 1296              	.Ldebug_ranges0:
 1297 0000 00000000 		.4byte	.LFB63
 1298 0004 40000000 		.4byte	.LFE63
 1299 0008 00000000 		.4byte	.LFB64
 1300 000c 2C000000 		.4byte	.LFE64
 1301 0010 00000000 		.4byte	.LFB65
 1302 0014 20000000 		.4byte	.LFE65
 1303 0018 00000000 		.4byte	.LFB66
 1304 001c 14000000 		.4byte	.LFE66
 1305 0020 00000000 		.4byte	.LFB67
 1306 0024 2C000000 		.4byte	.LFE67
 1307 0028 00000000 		.4byte	0
 1308 002c 00000000 		.4byte	0
 1309              		.section	.debug_line,"",%progbits
 1310              	.Ldebug_line0:
 1311 0000 D9010000 		.section	.debug_str,"MS",%progbits,1
 1311      02006F01 
 1311      00000201 
 1311      FB0E0D00 
 1311      01010101 
 1312              	.LASF31:
 1313 0000 6E5F6661 		.ascii	"n_fats\000"
 1313      747300
 1314              	.LASF70:
 1315 0007 72657375 		.ascii	"result\000"
 1315      6C7400
 1316              	.LASF66:
 1317 000e 47617465 		.ascii	"GateInit\000"
 1317      496E6974 
 1317      00
 1318              	.LASF30:
 1319 0017 66735F74 		.ascii	"fs_type\000"
 1319      79706500 
 1320              	.LASF14:
 1321 001f 75696E74 		.ascii	"uint64_t\000"
 1321      36345F74 
 1321      00
 1322              	.LASF2:
 1323 0028 73686F72 		.ascii	"short int\000"
 1323      7420696E 
 1323      7400
 1324              	.LASF18:
 1325 0032 73697A65 		.ascii	"sizetype\000"
 1325      74797065 
 1325      00
 1326              	.LASF67:
 1327 003b 416C6C6F 		.ascii	"AllowNextSkier\000"
 1327      774E6578 
 1327      74536B69 
 1327      657200
 1328              	.LASF78:
 1329 004a 62756666 		.ascii	"bufferFifo\000"
 1329      65724669 
 1329      666F00
 1330              	.LASF89:
 1331 0055 47617465 		.ascii	"GateIsOpen\000"
ARM GAS  C:\Users\Petro\AppData\Local\Temp\ccWqpGRP.s 			page 26


 1331      49734F70 
 1331      656E00
 1332              	.LASF5:
 1333 0060 5F5F7569 		.ascii	"__uint16_t\000"
 1333      6E743136 
 1333      5F7400
 1334              	.LASF6:
 1335 006b 5F5F7569 		.ascii	"__uint32_t\000"
 1335      6E743332 
 1335      5F7400
 1336              	.LASF90:
 1337 0076 47657446 		.ascii	"GetFinTime\000"
 1337      696E5469 
 1337      6D6500
 1338              	.LASF26:
 1339 0081 42595445 		.ascii	"BYTE\000"
 1339      00
 1340              	.LASF20:
 1341 0086 6D696C6C 		.ascii	"millsStartSkier\000"
 1341      73537461 
 1341      7274536B 
 1341      69657200 
 1342              	.LASF25:
 1343 0096 736B6965 		.ascii	"skierDB_El\000"
 1343      7244425F 
 1343      456C00
 1344              	.LASF37:
 1345 00a1 66726565 		.ascii	"free_clst\000"
 1345      5F636C73 
 1345      7400
 1346              	.LASF27:
 1347 00ab 574F5244 		.ascii	"WORD\000"
 1347      00
 1348              	.LASF73:
 1349 00b0 67617465 		.ascii	"gateOpen\000"
 1349      4F70656E 
 1349      00
 1350              	.LASF52:
 1351 00b9 66707472 		.ascii	"fptr\000"
 1351      00
 1352              	.LASF0:
 1353 00be 7369676E 		.ascii	"signed char\000"
 1353      65642063 
 1353      68617200 
 1354              	.LASF15:
 1355 00ca 666C6F61 		.ascii	"float\000"
 1355      7400
 1356              	.LASF87:
 1357 00d0 443A5C43 		.ascii	"D:\\Cypress\\system-start-finish\\vesion 2\\fw\\fin"
 1357      79707265 
 1357      73735C73 
 1357      79737465 
 1357      6D2D7374 
 1358 00fe 6973685C 		.ascii	"ish\\mainline\\Finish(state machine)\\fin_v0.cydsn\000"
 1358      6D61696E 
 1358      6C696E65 
 1358      5C46696E 
ARM GAS  C:\Users\Petro\AppData\Local\Temp\ccWqpGRP.s 			page 27


 1358      69736828 
 1359              	.LASF64:
 1360 012e 6669666F 		.ascii	"fifoTimeSkier\000"
 1360      54696D65 
 1360      536B6965 
 1360      7200
 1361              	.LASF8:
 1362 013c 6C6F6E67 		.ascii	"long long int\000"
 1362      206C6F6E 
 1362      6720696E 
 1362      7400
 1363              	.LASF49:
 1364 014a 6F626A73 		.ascii	"objsize\000"
 1364      697A6500 
 1365              	.LASF23:
 1366 0152 5365636F 		.ascii	"SecondsWay\000"
 1366      6E647357 
 1366      617900
 1367              	.LASF4:
 1368 015d 6C6F6E67 		.ascii	"long int\000"
 1368      20696E74 
 1368      00
 1369              	.LASF53:
 1370 0166 636C7573 		.ascii	"clust\000"
 1370      7400
 1371              	.LASF35:
 1372 016c 6373697A 		.ascii	"csize\000"
 1372      6500
 1373              	.LASF50:
 1374 0172 5F464449 		.ascii	"_FDID\000"
 1374      4400
 1375              	.LASF19:
 1376 0178 756E6978 		.ascii	"unixStartSkier\000"
 1376      53746172 
 1376      74536B69 
 1376      657200
 1377              	.LASF34:
 1378 0187 6E5F726F 		.ascii	"n_rootdir\000"
 1378      6F746469 
 1378      7200
 1379              	.LASF59:
 1380 0191 66697273 		.ascii	"firstElement\000"
 1380      74456C65 
 1380      6D656E74 
 1380      00
 1381              	.LASF39:
 1382 019e 6673697A 		.ascii	"fsize\000"
 1382      6500
 1383              	.LASF21:
 1384 01a4 756E6978 		.ascii	"unixFinishSkier\000"
 1384      46696E69 
 1384      7368536B 
 1384      69657200 
 1385              	.LASF28:
 1386 01b4 44574F52 		.ascii	"DWORD\000"
 1386      4400
 1387              	.LASF33:
ARM GAS  C:\Users\Petro\AppData\Local\Temp\ccWqpGRP.s 			page 28


 1388 01ba 6673695F 		.ascii	"fsi_flag\000"
 1388      666C6167 
 1388      00
 1389              	.LASF60:
 1390 01c3 6C617374 		.ascii	"lastElement\000"
 1390      456C656D 
 1390      656E7400 
 1391              	.LASF1:
 1392 01cf 756E7369 		.ascii	"unsigned char\000"
 1392      676E6564 
 1392      20636861 
 1392      7200
 1393              	.LASF77:
 1394 01dd 62756666 		.ascii	"bufferSkiersOnWay\000"
 1394      6572536B 
 1394      69657273 
 1394      4F6E5761 
 1394      7900
 1395              	.LASF76:
 1396 01ef 63726561 		.ascii	"createFlag\000"
 1396      7465466C 
 1396      616700
 1397              	.LASF57:
 1398 01fa 6E657874 		.ascii	"nextSki\000"
 1398      536B6900 
 1399              	.LASF32:
 1400 0202 77666C61 		.ascii	"wflag\000"
 1400      6700
 1401              	.LASF10:
 1402 0208 6C6F6E67 		.ascii	"long long unsigned int\000"
 1402      206C6F6E 
 1402      6720756E 
 1402      7369676E 
 1402      65642069 
 1403              	.LASF13:
 1404 021f 75696E74 		.ascii	"uint32_t\000"
 1404      33325F74 
 1404      00
 1405              	.LASF11:
 1406 0228 756E7369 		.ascii	"unsigned int\000"
 1406      676E6564 
 1406      20696E74 
 1406      00
 1407              	.LASF12:
 1408 0235 75696E74 		.ascii	"uint16_t\000"
 1408      31365F74 
 1408      00
 1409              	.LASF43:
 1410 023e 64617461 		.ascii	"database\000"
 1410      62617365 
 1410      00
 1411              	.LASF36:
 1412 0247 6C617374 		.ascii	"last_clst\000"
 1412      5F636C73 
 1412      7400
 1413              	.LASF63:
 1414 0251 6C617374 		.ascii	"last\000"
ARM GAS  C:\Users\Petro\AppData\Local\Temp\ccWqpGRP.s 			page 29


 1414      00
 1415              	.LASF56:
 1416 0256 6469725F 		.ascii	"dir_ptr\000"
 1416      70747200 
 1417              	.LASF3:
 1418 025e 73686F72 		.ascii	"short unsigned int\000"
 1418      7420756E 
 1418      7369676E 
 1418      65642069 
 1418      6E7400
 1419              	.LASF84:
 1420 0271 6669666F 		.ascii	"fifo\000"
 1420      00
 1421              	.LASF17:
 1422 0276 63686172 		.ascii	"char\000"
 1422      00
 1423              	.LASF41:
 1424 027b 66617462 		.ascii	"fatbase\000"
 1424      61736500 
 1425              	.LASF85:
 1426 0283 474E5520 		.ascii	"GNU C 4.9.3 20150303 (release) [ARM/embedded-4_9-br"
 1426      4320342E 
 1426      392E3320 
 1426      32303135 
 1426      30333033 
 1427 02b6 616E6368 		.ascii	"anch revision 221220] -mcpu=cortex-m0 -mthumb -g -O"
 1427      20726576 
 1427      6973696F 
 1427      6E203232 
 1427      31323230 
 1428 02e9 30202D66 		.ascii	"0 -ffunction-sections -ffat-lto-objects\000"
 1428      66756E63 
 1428      74696F6E 
 1428      2D736563 
 1428      74696F6E 
 1429              	.LASF81:
 1430 0311 63757272 		.ascii	"currentElementFinish\000"
 1430      656E7445 
 1430      6C656D65 
 1430      6E744669 
 1430      6E697368 
 1431              	.LASF79:
 1432 0326 63757272 		.ascii	"currentSizeBuff\000"
 1432      656E7453 
 1432      697A6542 
 1432      75666600 
 1433              	.LASF74:
 1434 0336 66617446 		.ascii	"fatFs\000"
 1434      7300
 1435              	.LASF29:
 1436 033c 4653495A 		.ascii	"FSIZE_t\000"
 1436      455F7400 
 1437              	.LASF80:
 1438 0344 63757272 		.ascii	"currentElementStart\000"
 1438      656E7445 
 1438      6C656D65 
 1438      6E745374 
ARM GAS  C:\Users\Petro\AppData\Local\Temp\ccWqpGRP.s 			page 30


 1438      61727400 
 1439              	.LASF9:
 1440 0358 5F5F7569 		.ascii	"__uint64_t\000"
 1440      6E743634 
 1440      5F7400
 1441              	.LASF72:
 1442 0363 73617665 		.ascii	"savedRecentMs\000"
 1442      64526563 
 1442      656E744D 
 1442      7300
 1443              	.LASF62:
 1444 0371 62756666 		.ascii	"buffer\000"
 1444      657200
 1445              	.LASF45:
 1446 0378 46415446 		.ascii	"FATFS\000"
 1446      5300
 1447              	.LASF7:
 1448 037e 6C6F6E67 		.ascii	"long unsigned int\000"
 1448      20756E73 
 1448      69676E65 
 1448      6420696E 
 1448      7400
 1449              	.LASF68:
 1450 0390 756E6978 		.ascii	"unixTime\000"
 1450      54696D65 
 1450      00
 1451              	.LASF16:
 1452 0399 646F7562 		.ascii	"double\000"
 1452      6C6500
 1453              	.LASF71:
 1454 03a0 73617665 		.ascii	"savedUnixTime\000"
 1454      64556E69 
 1454      7854696D 
 1454      6500
 1455              	.LASF88:
 1456 03ae 656C656D 		.ascii	"elementBuff\000"
 1456      656E7442 
 1456      75666600 
 1457              	.LASF58:
 1458 03ba 73697A65 		.ascii	"size\000"
 1458      00
 1459              	.LASF75:
 1460 03bf 66696C65 		.ascii	"fileO\000"
 1460      4F00
 1461              	.LASF46:
 1462 03c5 61747472 		.ascii	"attr\000"
 1462      00
 1463              	.LASF38:
 1464 03ca 6E5F6661 		.ascii	"n_fatent\000"
 1464      74656E74 
 1464      00
 1465              	.LASF86:
 1466 03d3 2E5C6C69 		.ascii	".\\lib_Gate\\gate.c\000"
 1466      625F4761 
 1466      74655C67 
 1466      6174652E 
 1466      6300
ARM GAS  C:\Users\Petro\AppData\Local\Temp\ccWqpGRP.s 			page 31


 1467              	.LASF24:
 1468 03e5 6D696C6C 		.ascii	"millsWay\000"
 1468      73576179 
 1468      00
 1469              	.LASF65:
 1470 03ee 47415445 		.ascii	"GATE_INTERRUPT\000"
 1470      5F494E54 
 1470      45525255 
 1470      505400
 1471              	.LASF54:
 1472 03fd 73656374 		.ascii	"sect\000"
 1472      00
 1473              	.LASF48:
 1474 0402 73636C75 		.ascii	"sclust\000"
 1474      737400
 1475              	.LASF83:
 1476 0409 736B6965 		.ascii	"skierDB\000"
 1476      72444200 
 1477              	.LASF61:
 1478 0411 746F7461 		.ascii	"totalSize\000"
 1478      6C53697A 
 1478      6500
 1479              	.LASF51:
 1480 041b 666C6167 		.ascii	"flag\000"
 1480      00
 1481              	.LASF47:
 1482 0420 73746174 		.ascii	"stat\000"
 1482      00
 1483              	.LASF40:
 1484 0425 766F6C62 		.ascii	"volbase\000"
 1484      61736500 
 1485              	.LASF82:
 1486 042d 736B6965 		.ascii	"skiersFinished\000"
 1486      72734669 
 1486      6E697368 
 1486      656400
 1487              	.LASF44:
 1488 043c 77696E73 		.ascii	"winsect\000"
 1488      65637400 
 1489              	.LASF22:
 1490 0444 6D696C6C 		.ascii	"millsFinishSkier\000"
 1490      7346696E 
 1490      69736853 
 1490      6B696572 
 1490      00
 1491              	.LASF55:
 1492 0455 6469725F 		.ascii	"dir_sect\000"
 1492      73656374 
 1492      00
 1493              	.LASF42:
 1494 045e 64697262 		.ascii	"dirbase\000"
 1494      61736500 
 1495              	.LASF69:
 1496 0466 72656365 		.ascii	"recentMs\000"
 1496      6E744D73 
 1496      00
 1497              		.ident	"GCC: (GNU Tools for ARM Embedded Processors) 4.9.3 20150303 (release) [ARM/embedded-4_9-br
ARM GAS  C:\Users\Petro\AppData\Local\Temp\ccWqpGRP.s 			page 32


