ARM GAS  C:\Users\Petro\AppData\Local\Temp\cc5UDY8E.s 			page 1


   1              		.cpu cortex-m0
   2              		.fpu softvfp
   3              		.eabi_attribute 20, 1
   4              		.eabi_attribute 21, 1
   5              		.eabi_attribute 23, 3
   6              		.eabi_attribute 24, 1
   7              		.eabi_attribute 25, 1
   8              		.eabi_attribute 26, 1
   9              		.eabi_attribute 30, 6
  10              		.eabi_attribute 34, 0
  11              		.eabi_attribute 18, 4
  12              		.code	16
  13              		.file	"pwm_PM.c"
  14              		.text
  15              	.Ltext0:
  16              		.cfi_sections	.debug_frame
  17              		.bss
  18              		.align	2
  19              	pwm_backup:
  20 0000 00000000 		.space	5
  20      00
  21 0005 000000   		.section	.text.pwm_SaveConfig,"ax",%progbits
  22              		.align	2
  23              		.global	pwm_SaveConfig
  24              		.code	16
  25              		.thumb_func
  26              		.type	pwm_SaveConfig, %function
  27              	pwm_SaveConfig:
  28              	.LFB2:
  29              		.file 1 "Generated_Source\\PSoC4\\pwm_PM.c"
   1:Generated_Source\PSoC4/pwm_PM.c **** /*******************************************************************************
   2:Generated_Source\PSoC4/pwm_PM.c **** * File Name: pwm_PM.c
   3:Generated_Source\PSoC4/pwm_PM.c **** * Version 3.30
   4:Generated_Source\PSoC4/pwm_PM.c **** *
   5:Generated_Source\PSoC4/pwm_PM.c **** * Description:
   6:Generated_Source\PSoC4/pwm_PM.c **** *  This file provides the power management source code to API for the
   7:Generated_Source\PSoC4/pwm_PM.c **** *  PWM.
   8:Generated_Source\PSoC4/pwm_PM.c **** *
   9:Generated_Source\PSoC4/pwm_PM.c **** * Note:
  10:Generated_Source\PSoC4/pwm_PM.c **** *
  11:Generated_Source\PSoC4/pwm_PM.c **** ********************************************************************************
  12:Generated_Source\PSoC4/pwm_PM.c **** * Copyright 2008-2014, Cypress Semiconductor Corporation.  All rights reserved.
  13:Generated_Source\PSoC4/pwm_PM.c **** * You may use this file only in accordance with the license, terms, conditions,
  14:Generated_Source\PSoC4/pwm_PM.c **** * disclaimers, and limitations in the end user license agreement accompanying
  15:Generated_Source\PSoC4/pwm_PM.c **** * the software package with which this file was provided.
  16:Generated_Source\PSoC4/pwm_PM.c **** *******************************************************************************/
  17:Generated_Source\PSoC4/pwm_PM.c **** 
  18:Generated_Source\PSoC4/pwm_PM.c **** #include "pwm.h"
  19:Generated_Source\PSoC4/pwm_PM.c **** 
  20:Generated_Source\PSoC4/pwm_PM.c **** static pwm_backupStruct pwm_backup;
  21:Generated_Source\PSoC4/pwm_PM.c **** 
  22:Generated_Source\PSoC4/pwm_PM.c **** 
  23:Generated_Source\PSoC4/pwm_PM.c **** /*******************************************************************************
  24:Generated_Source\PSoC4/pwm_PM.c **** * Function Name: pwm_SaveConfig
  25:Generated_Source\PSoC4/pwm_PM.c **** ********************************************************************************
  26:Generated_Source\PSoC4/pwm_PM.c **** *
  27:Generated_Source\PSoC4/pwm_PM.c **** * Summary:
ARM GAS  C:\Users\Petro\AppData\Local\Temp\cc5UDY8E.s 			page 2


  28:Generated_Source\PSoC4/pwm_PM.c **** *  Saves the current user configuration of the component.
  29:Generated_Source\PSoC4/pwm_PM.c **** *
  30:Generated_Source\PSoC4/pwm_PM.c **** * Parameters:
  31:Generated_Source\PSoC4/pwm_PM.c **** *  None
  32:Generated_Source\PSoC4/pwm_PM.c **** *
  33:Generated_Source\PSoC4/pwm_PM.c **** * Return:
  34:Generated_Source\PSoC4/pwm_PM.c **** *  None
  35:Generated_Source\PSoC4/pwm_PM.c **** *
  36:Generated_Source\PSoC4/pwm_PM.c **** * Global variables:
  37:Generated_Source\PSoC4/pwm_PM.c **** *  pwm_backup:  Variables of this global structure are modified to
  38:Generated_Source\PSoC4/pwm_PM.c **** *  store the values of non retention configuration registers when Sleep() API is
  39:Generated_Source\PSoC4/pwm_PM.c **** *  called.
  40:Generated_Source\PSoC4/pwm_PM.c **** *
  41:Generated_Source\PSoC4/pwm_PM.c **** *******************************************************************************/
  42:Generated_Source\PSoC4/pwm_PM.c **** void pwm_SaveConfig(void) 
  43:Generated_Source\PSoC4/pwm_PM.c **** {
  30              		.loc 1 43 0
  31              		.cfi_startproc
  32 0000 80B5     		push	{r7, lr}
  33              		.cfi_def_cfa_offset 8
  34              		.cfi_offset 7, -8
  35              		.cfi_offset 14, -4
  36 0002 00AF     		add	r7, sp, #0
  37              		.cfi_def_cfa_register 7
  44:Generated_Source\PSoC4/pwm_PM.c **** 
  45:Generated_Source\PSoC4/pwm_PM.c ****     #if(!pwm_UsingFixedFunction)
  46:Generated_Source\PSoC4/pwm_PM.c ****         #if(!pwm_PWMModeIsCenterAligned)
  47:Generated_Source\PSoC4/pwm_PM.c ****             pwm_backup.PWMPeriod = pwm_ReadPeriod();
  38              		.loc 1 47 0
  39 0004 FFF7FEFF 		bl	pwm_ReadPeriod
  40 0008 031C     		mov	r3, r0
  41 000a 1A1C     		mov	r2, r3
  42 000c 0A4B     		ldr	r3, .L2
  43 000e 9A70     		strb	r2, [r3, #2]
  48:Generated_Source\PSoC4/pwm_PM.c ****         #endif /* (!pwm_PWMModeIsCenterAligned) */
  49:Generated_Source\PSoC4/pwm_PM.c ****         pwm_backup.PWMUdb = pwm_ReadCounter();
  44              		.loc 1 49 0
  45 0010 FFF7FEFF 		bl	pwm_ReadCounter
  46 0014 031C     		mov	r3, r0
  47 0016 1A1C     		mov	r2, r3
  48 0018 074B     		ldr	r3, .L2
  49 001a 5A70     		strb	r2, [r3, #1]
  50:Generated_Source\PSoC4/pwm_PM.c ****         #if (pwm_UseStatus)
  51:Generated_Source\PSoC4/pwm_PM.c ****             pwm_backup.InterruptMaskValue = pwm_STATUS_MASK;
  50              		.loc 1 51 0
  51 001c 074B     		ldr	r3, .L2+4
  52 001e 1B78     		ldrb	r3, [r3]
  53 0020 DAB2     		uxtb	r2, r3
  54 0022 054B     		ldr	r3, .L2
  55 0024 DA70     		strb	r2, [r3, #3]
  52:Generated_Source\PSoC4/pwm_PM.c ****         #endif /* (pwm_UseStatus) */
  53:Generated_Source\PSoC4/pwm_PM.c **** 
  54:Generated_Source\PSoC4/pwm_PM.c ****         #if(pwm_DeadBandMode == pwm__B_PWM__DBM_256_CLOCKS || \
  55:Generated_Source\PSoC4/pwm_PM.c ****             pwm_DeadBandMode == pwm__B_PWM__DBM_2_4_CLOCKS)
  56:Generated_Source\PSoC4/pwm_PM.c ****             pwm_backup.PWMdeadBandValue = pwm_ReadDeadTime();
  57:Generated_Source\PSoC4/pwm_PM.c ****         #endif /*  deadband count is either 2-4 clocks or 256 clocks */
  58:Generated_Source\PSoC4/pwm_PM.c **** 
ARM GAS  C:\Users\Petro\AppData\Local\Temp\cc5UDY8E.s 			page 3


  59:Generated_Source\PSoC4/pwm_PM.c ****         #if(pwm_KillModeMinTime)
  60:Generated_Source\PSoC4/pwm_PM.c ****              pwm_backup.PWMKillCounterPeriod = pwm_ReadKillTime();
  61:Generated_Source\PSoC4/pwm_PM.c ****         #endif /* (pwm_KillModeMinTime) */
  62:Generated_Source\PSoC4/pwm_PM.c **** 
  63:Generated_Source\PSoC4/pwm_PM.c ****         #if(pwm_UseControl)
  64:Generated_Source\PSoC4/pwm_PM.c ****             pwm_backup.PWMControlRegister = pwm_ReadControlRegister();
  56              		.loc 1 64 0
  57 0026 FFF7FEFF 		bl	pwm_ReadControlRegister
  58 002a 031C     		mov	r3, r0
  59 002c 1A1C     		mov	r2, r3
  60 002e 024B     		ldr	r3, .L2
  61 0030 1A71     		strb	r2, [r3, #4]
  65:Generated_Source\PSoC4/pwm_PM.c ****         #endif /* (pwm_UseControl) */
  66:Generated_Source\PSoC4/pwm_PM.c ****     #endif  /* (!pwm_UsingFixedFunction) */
  67:Generated_Source\PSoC4/pwm_PM.c **** }
  62              		.loc 1 67 0
  63 0032 BD46     		mov	sp, r7
  64              		@ sp needed
  65 0034 80BD     		pop	{r7, pc}
  66              	.L3:
  67 0036 C046     		.align	2
  68              	.L2:
  69 0038 00000000 		.word	pwm_backup
  70 003c 80000F40 		.word	1074724992
  71              		.cfi_endproc
  72              	.LFE2:
  73              		.size	pwm_SaveConfig, .-pwm_SaveConfig
  74              		.section	.text.pwm_RestoreConfig,"ax",%progbits
  75              		.align	2
  76              		.global	pwm_RestoreConfig
  77              		.code	16
  78              		.thumb_func
  79              		.type	pwm_RestoreConfig, %function
  80              	pwm_RestoreConfig:
  81              	.LFB3:
  68:Generated_Source\PSoC4/pwm_PM.c **** 
  69:Generated_Source\PSoC4/pwm_PM.c **** 
  70:Generated_Source\PSoC4/pwm_PM.c **** /*******************************************************************************
  71:Generated_Source\PSoC4/pwm_PM.c **** * Function Name: pwm_RestoreConfig
  72:Generated_Source\PSoC4/pwm_PM.c **** ********************************************************************************
  73:Generated_Source\PSoC4/pwm_PM.c **** *
  74:Generated_Source\PSoC4/pwm_PM.c **** * Summary:
  75:Generated_Source\PSoC4/pwm_PM.c **** *  Restores the current user configuration of the component.
  76:Generated_Source\PSoC4/pwm_PM.c **** *
  77:Generated_Source\PSoC4/pwm_PM.c **** * Parameters:
  78:Generated_Source\PSoC4/pwm_PM.c **** *  None
  79:Generated_Source\PSoC4/pwm_PM.c **** *
  80:Generated_Source\PSoC4/pwm_PM.c **** * Return:
  81:Generated_Source\PSoC4/pwm_PM.c **** *  None
  82:Generated_Source\PSoC4/pwm_PM.c **** *
  83:Generated_Source\PSoC4/pwm_PM.c **** * Global variables:
  84:Generated_Source\PSoC4/pwm_PM.c **** *  pwm_backup:  Variables of this global structure are used to
  85:Generated_Source\PSoC4/pwm_PM.c **** *  restore the values of non retention registers on wakeup from sleep mode.
  86:Generated_Source\PSoC4/pwm_PM.c **** *
  87:Generated_Source\PSoC4/pwm_PM.c **** *******************************************************************************/
  88:Generated_Source\PSoC4/pwm_PM.c **** void pwm_RestoreConfig(void) 
  89:Generated_Source\PSoC4/pwm_PM.c **** {
ARM GAS  C:\Users\Petro\AppData\Local\Temp\cc5UDY8E.s 			page 4


  82              		.loc 1 89 0
  83              		.cfi_startproc
  84 0000 80B5     		push	{r7, lr}
  85              		.cfi_def_cfa_offset 8
  86              		.cfi_offset 7, -8
  87              		.cfi_offset 14, -4
  88 0002 00AF     		add	r7, sp, #0
  89              		.cfi_def_cfa_register 7
  90:Generated_Source\PSoC4/pwm_PM.c ****         #if(!pwm_UsingFixedFunction)
  91:Generated_Source\PSoC4/pwm_PM.c ****             #if(!pwm_PWMModeIsCenterAligned)
  92:Generated_Source\PSoC4/pwm_PM.c ****                 pwm_WritePeriod(pwm_backup.PWMPeriod);
  90              		.loc 1 92 0
  91 0004 0A4B     		ldr	r3, .L5
  92 0006 9B78     		ldrb	r3, [r3, #2]
  93 0008 181C     		mov	r0, r3
  94 000a FFF7FEFF 		bl	pwm_WritePeriod
  93:Generated_Source\PSoC4/pwm_PM.c ****             #endif /* (!pwm_PWMModeIsCenterAligned) */
  94:Generated_Source\PSoC4/pwm_PM.c **** 
  95:Generated_Source\PSoC4/pwm_PM.c ****             pwm_WriteCounter(pwm_backup.PWMUdb);
  95              		.loc 1 95 0
  96 000e 084B     		ldr	r3, .L5
  97 0010 5B78     		ldrb	r3, [r3, #1]
  98 0012 181C     		mov	r0, r3
  99 0014 FFF7FEFF 		bl	pwm_WriteCounter
  96:Generated_Source\PSoC4/pwm_PM.c **** 
  97:Generated_Source\PSoC4/pwm_PM.c ****             #if (pwm_UseStatus)
  98:Generated_Source\PSoC4/pwm_PM.c ****                 pwm_STATUS_MASK = pwm_backup.InterruptMaskValue;
 100              		.loc 1 98 0
 101 0018 064A     		ldr	r2, .L5+4
 102 001a 054B     		ldr	r3, .L5
 103 001c DB78     		ldrb	r3, [r3, #3]
 104 001e 1370     		strb	r3, [r2]
  99:Generated_Source\PSoC4/pwm_PM.c ****             #endif /* (pwm_UseStatus) */
 100:Generated_Source\PSoC4/pwm_PM.c **** 
 101:Generated_Source\PSoC4/pwm_PM.c ****             #if(pwm_DeadBandMode == pwm__B_PWM__DBM_256_CLOCKS || \
 102:Generated_Source\PSoC4/pwm_PM.c ****                 pwm_DeadBandMode == pwm__B_PWM__DBM_2_4_CLOCKS)
 103:Generated_Source\PSoC4/pwm_PM.c ****                 pwm_WriteDeadTime(pwm_backup.PWMdeadBandValue);
 104:Generated_Source\PSoC4/pwm_PM.c ****             #endif /* deadband count is either 2-4 clocks or 256 clocks */
 105:Generated_Source\PSoC4/pwm_PM.c **** 
 106:Generated_Source\PSoC4/pwm_PM.c ****             #if(pwm_KillModeMinTime)
 107:Generated_Source\PSoC4/pwm_PM.c ****                 pwm_WriteKillTime(pwm_backup.PWMKillCounterPeriod);
 108:Generated_Source\PSoC4/pwm_PM.c ****             #endif /* (pwm_KillModeMinTime) */
 109:Generated_Source\PSoC4/pwm_PM.c **** 
 110:Generated_Source\PSoC4/pwm_PM.c ****             #if(pwm_UseControl)
 111:Generated_Source\PSoC4/pwm_PM.c ****                 pwm_WriteControlRegister(pwm_backup.PWMControlRegister);
 105              		.loc 1 111 0
 106 0020 034B     		ldr	r3, .L5
 107 0022 1B79     		ldrb	r3, [r3, #4]
 108 0024 181C     		mov	r0, r3
 109 0026 FFF7FEFF 		bl	pwm_WriteControlRegister
 112:Generated_Source\PSoC4/pwm_PM.c ****             #endif /* (pwm_UseControl) */
 113:Generated_Source\PSoC4/pwm_PM.c ****         #endif  /* (!pwm_UsingFixedFunction) */
 114:Generated_Source\PSoC4/pwm_PM.c ****     }
 110              		.loc 1 114 0
 111 002a BD46     		mov	sp, r7
 112              		@ sp needed
 113 002c 80BD     		pop	{r7, pc}
ARM GAS  C:\Users\Petro\AppData\Local\Temp\cc5UDY8E.s 			page 5


 114              	.L6:
 115 002e C046     		.align	2
 116              	.L5:
 117 0030 00000000 		.word	pwm_backup
 118 0034 80000F40 		.word	1074724992
 119              		.cfi_endproc
 120              	.LFE3:
 121              		.size	pwm_RestoreConfig, .-pwm_RestoreConfig
 122              		.section	.text.pwm_Sleep,"ax",%progbits
 123              		.align	2
 124              		.global	pwm_Sleep
 125              		.code	16
 126              		.thumb_func
 127              		.type	pwm_Sleep, %function
 128              	pwm_Sleep:
 129              	.LFB4:
 115:Generated_Source\PSoC4/pwm_PM.c **** 
 116:Generated_Source\PSoC4/pwm_PM.c **** 
 117:Generated_Source\PSoC4/pwm_PM.c **** /*******************************************************************************
 118:Generated_Source\PSoC4/pwm_PM.c **** * Function Name: pwm_Sleep
 119:Generated_Source\PSoC4/pwm_PM.c **** ********************************************************************************
 120:Generated_Source\PSoC4/pwm_PM.c **** *
 121:Generated_Source\PSoC4/pwm_PM.c **** * Summary:
 122:Generated_Source\PSoC4/pwm_PM.c **** *  Disables block's operation and saves the user configuration. Should be called
 123:Generated_Source\PSoC4/pwm_PM.c **** *  just prior to entering sleep.
 124:Generated_Source\PSoC4/pwm_PM.c **** *
 125:Generated_Source\PSoC4/pwm_PM.c **** * Parameters:
 126:Generated_Source\PSoC4/pwm_PM.c **** *  None
 127:Generated_Source\PSoC4/pwm_PM.c **** *
 128:Generated_Source\PSoC4/pwm_PM.c **** * Return:
 129:Generated_Source\PSoC4/pwm_PM.c **** *  None
 130:Generated_Source\PSoC4/pwm_PM.c **** *
 131:Generated_Source\PSoC4/pwm_PM.c **** * Global variables:
 132:Generated_Source\PSoC4/pwm_PM.c **** *  pwm_backup.PWMEnableState:  Is modified depending on the enable
 133:Generated_Source\PSoC4/pwm_PM.c **** *  state of the block before entering sleep mode.
 134:Generated_Source\PSoC4/pwm_PM.c **** *
 135:Generated_Source\PSoC4/pwm_PM.c **** *******************************************************************************/
 136:Generated_Source\PSoC4/pwm_PM.c **** void pwm_Sleep(void) 
 137:Generated_Source\PSoC4/pwm_PM.c **** {
 130              		.loc 1 137 0
 131              		.cfi_startproc
 132 0000 80B5     		push	{r7, lr}
 133              		.cfi_def_cfa_offset 8
 134              		.cfi_offset 7, -8
 135              		.cfi_offset 14, -4
 136 0002 00AF     		add	r7, sp, #0
 137              		.cfi_def_cfa_register 7
 138:Generated_Source\PSoC4/pwm_PM.c ****     #if(pwm_UseControl)
 139:Generated_Source\PSoC4/pwm_PM.c ****         if(pwm_CTRL_ENABLE == (pwm_CONTROL & pwm_CTRL_ENABLE))
 138              		.loc 1 139 0
 139 0004 094B     		ldr	r3, .L10
 140 0006 1B78     		ldrb	r3, [r3]
 141 0008 DBB2     		uxtb	r3, r3
 142 000a DBB2     		uxtb	r3, r3
 143 000c 5BB2     		sxtb	r3, r3
 144 000e 002B     		cmp	r3, #0
 145 0010 03DA     		bge	.L8
ARM GAS  C:\Users\Petro\AppData\Local\Temp\cc5UDY8E.s 			page 6


 140:Generated_Source\PSoC4/pwm_PM.c ****         {
 141:Generated_Source\PSoC4/pwm_PM.c ****             /*Component is enabled */
 142:Generated_Source\PSoC4/pwm_PM.c ****             pwm_backup.PWMEnableState = 1u;
 146              		.loc 1 142 0
 147 0012 074B     		ldr	r3, .L10+4
 148 0014 0122     		mov	r2, #1
 149 0016 1A70     		strb	r2, [r3]
 150 0018 02E0     		b	.L9
 151              	.L8:
 143:Generated_Source\PSoC4/pwm_PM.c ****         }
 144:Generated_Source\PSoC4/pwm_PM.c ****         else
 145:Generated_Source\PSoC4/pwm_PM.c ****         {
 146:Generated_Source\PSoC4/pwm_PM.c ****             /* Component is disabled */
 147:Generated_Source\PSoC4/pwm_PM.c ****             pwm_backup.PWMEnableState = 0u;
 152              		.loc 1 147 0
 153 001a 054B     		ldr	r3, .L10+4
 154 001c 0022     		mov	r2, #0
 155 001e 1A70     		strb	r2, [r3]
 156              	.L9:
 148:Generated_Source\PSoC4/pwm_PM.c ****         }
 149:Generated_Source\PSoC4/pwm_PM.c ****     #endif /* (pwm_UseControl) */
 150:Generated_Source\PSoC4/pwm_PM.c **** 
 151:Generated_Source\PSoC4/pwm_PM.c ****     /* Stop component */
 152:Generated_Source\PSoC4/pwm_PM.c ****     pwm_Stop();
 157              		.loc 1 152 0
 158 0020 FFF7FEFF 		bl	pwm_Stop
 153:Generated_Source\PSoC4/pwm_PM.c **** 
 154:Generated_Source\PSoC4/pwm_PM.c ****     /* Save registers configuration */
 155:Generated_Source\PSoC4/pwm_PM.c ****     pwm_SaveConfig();
 159              		.loc 1 155 0
 160 0024 FFF7FEFF 		bl	pwm_SaveConfig
 156:Generated_Source\PSoC4/pwm_PM.c **** }
 161              		.loc 1 156 0
 162 0028 BD46     		mov	sp, r7
 163              		@ sp needed
 164 002a 80BD     		pop	{r7, pc}
 165              	.L11:
 166              		.align	2
 167              	.L10:
 168 002c 70000F40 		.word	1074724976
 169 0030 00000000 		.word	pwm_backup
 170              		.cfi_endproc
 171              	.LFE4:
 172              		.size	pwm_Sleep, .-pwm_Sleep
 173              		.section	.text.pwm_Wakeup,"ax",%progbits
 174              		.align	2
 175              		.global	pwm_Wakeup
 176              		.code	16
 177              		.thumb_func
 178              		.type	pwm_Wakeup, %function
 179              	pwm_Wakeup:
 180              	.LFB5:
 157:Generated_Source\PSoC4/pwm_PM.c **** 
 158:Generated_Source\PSoC4/pwm_PM.c **** 
 159:Generated_Source\PSoC4/pwm_PM.c **** /*******************************************************************************
 160:Generated_Source\PSoC4/pwm_PM.c **** * Function Name: pwm_Wakeup
 161:Generated_Source\PSoC4/pwm_PM.c **** ********************************************************************************
ARM GAS  C:\Users\Petro\AppData\Local\Temp\cc5UDY8E.s 			page 7


 162:Generated_Source\PSoC4/pwm_PM.c **** *
 163:Generated_Source\PSoC4/pwm_PM.c **** * Summary:
 164:Generated_Source\PSoC4/pwm_PM.c **** *  Restores and enables the user configuration. Should be called just after
 165:Generated_Source\PSoC4/pwm_PM.c **** *  awaking from sleep.
 166:Generated_Source\PSoC4/pwm_PM.c **** *
 167:Generated_Source\PSoC4/pwm_PM.c **** * Parameters:
 168:Generated_Source\PSoC4/pwm_PM.c **** *  None
 169:Generated_Source\PSoC4/pwm_PM.c **** *
 170:Generated_Source\PSoC4/pwm_PM.c **** * Return:
 171:Generated_Source\PSoC4/pwm_PM.c **** *  None
 172:Generated_Source\PSoC4/pwm_PM.c **** *
 173:Generated_Source\PSoC4/pwm_PM.c **** * Global variables:
 174:Generated_Source\PSoC4/pwm_PM.c **** *  pwm_backup.pwmEnable:  Is used to restore the enable state of
 175:Generated_Source\PSoC4/pwm_PM.c **** *  block on wakeup from sleep mode.
 176:Generated_Source\PSoC4/pwm_PM.c **** *
 177:Generated_Source\PSoC4/pwm_PM.c **** *******************************************************************************/
 178:Generated_Source\PSoC4/pwm_PM.c **** void pwm_Wakeup(void) 
 179:Generated_Source\PSoC4/pwm_PM.c **** {
 181              		.loc 1 179 0
 182              		.cfi_startproc
 183 0000 80B5     		push	{r7, lr}
 184              		.cfi_def_cfa_offset 8
 185              		.cfi_offset 7, -8
 186              		.cfi_offset 14, -4
 187 0002 00AF     		add	r7, sp, #0
 188              		.cfi_def_cfa_register 7
 180:Generated_Source\PSoC4/pwm_PM.c ****      /* Restore registers values */
 181:Generated_Source\PSoC4/pwm_PM.c ****     pwm_RestoreConfig();
 189              		.loc 1 181 0
 190 0004 FFF7FEFF 		bl	pwm_RestoreConfig
 182:Generated_Source\PSoC4/pwm_PM.c **** 
 183:Generated_Source\PSoC4/pwm_PM.c ****     if(pwm_backup.PWMEnableState != 0u)
 191              		.loc 1 183 0
 192 0008 034B     		ldr	r3, .L14
 193 000a 1B78     		ldrb	r3, [r3]
 194 000c 002B     		cmp	r3, #0
 195 000e 01D0     		beq	.L12
 184:Generated_Source\PSoC4/pwm_PM.c ****     {
 185:Generated_Source\PSoC4/pwm_PM.c ****         /* Enable component's operation */
 186:Generated_Source\PSoC4/pwm_PM.c ****         pwm_Enable();
 196              		.loc 1 186 0
 197 0010 FFF7FEFF 		bl	pwm_Enable
 198              	.L12:
 187:Generated_Source\PSoC4/pwm_PM.c ****     } /* Do nothing if component's block was disabled before */
 188:Generated_Source\PSoC4/pwm_PM.c **** 
 189:Generated_Source\PSoC4/pwm_PM.c **** }
 199              		.loc 1 189 0
 200 0014 BD46     		mov	sp, r7
 201              		@ sp needed
 202 0016 80BD     		pop	{r7, pc}
 203              	.L15:
 204              		.align	2
 205              	.L14:
 206 0018 00000000 		.word	pwm_backup
 207              		.cfi_endproc
 208              	.LFE5:
 209              		.size	pwm_Wakeup, .-pwm_Wakeup
ARM GAS  C:\Users\Petro\AppData\Local\Temp\cc5UDY8E.s 			page 8


 210              		.text
 211              	.Letext0:
 212              		.file 2 "Generated_Source\\PSoC4\\cytypes.h"
 213              		.file 3 "Generated_Source\\PSoC4\\pwm.h"
 214              		.section	.debug_info,"",%progbits
 215              	.Ldebug_info0:
 216 0000 46010000 		.4byte	0x146
 217 0004 0400     		.2byte	0x4
 218 0006 00000000 		.4byte	.Ldebug_abbrev0
 219 000a 04       		.byte	0x4
 220 000b 01       		.uleb128 0x1
 221 000c 0E000000 		.4byte	.LASF25
 222 0010 01       		.byte	0x1
 223 0011 F6000000 		.4byte	.LASF26
 224 0015 16010000 		.4byte	.LASF27
 225 0019 00000000 		.4byte	.Ldebug_ranges0+0
 226 001d 00000000 		.4byte	0
 227 0021 00000000 		.4byte	.Ldebug_line0
 228 0025 02       		.uleb128 0x2
 229 0026 01       		.byte	0x1
 230 0027 06       		.byte	0x6
 231 0028 08020000 		.4byte	.LASF0
 232 002c 02       		.uleb128 0x2
 233 002d 01       		.byte	0x1
 234 002e 08       		.byte	0x8
 235 002f 80010000 		.4byte	.LASF1
 236 0033 02       		.uleb128 0x2
 237 0034 02       		.byte	0x2
 238 0035 05       		.byte	0x5
 239 0036 25020000 		.4byte	.LASF2
 240 003a 02       		.uleb128 0x2
 241 003b 02       		.byte	0x2
 242 003c 07       		.byte	0x7
 243 003d F5010000 		.4byte	.LASF3
 244 0041 02       		.uleb128 0x2
 245 0042 04       		.byte	0x4
 246 0043 05       		.byte	0x5
 247 0044 B7010000 		.4byte	.LASF4
 248 0048 02       		.uleb128 0x2
 249 0049 04       		.byte	0x4
 250 004a 07       		.byte	0x7
 251 004b C8000000 		.4byte	.LASF5
 252 004f 02       		.uleb128 0x2
 253 0050 08       		.byte	0x8
 254 0051 05       		.byte	0x5
 255 0052 00000000 		.4byte	.LASF6
 256 0056 02       		.uleb128 0x2
 257 0057 08       		.byte	0x8
 258 0058 07       		.byte	0x7
 259 0059 DA000000 		.4byte	.LASF7
 260 005d 03       		.uleb128 0x3
 261 005e 04       		.byte	0x4
 262 005f 05       		.byte	0x5
 263 0060 696E7400 		.ascii	"int\000"
 264 0064 02       		.uleb128 0x2
 265 0065 04       		.byte	0x4
 266 0066 07       		.byte	0x7
ARM GAS  C:\Users\Petro\AppData\Local\Temp\cc5UDY8E.s 			page 9


 267 0067 9C000000 		.4byte	.LASF8
 268 006b 04       		.uleb128 0x4
 269 006c C2000000 		.4byte	.LASF12
 270 0070 02       		.byte	0x2
 271 0071 9801     		.2byte	0x198
 272 0073 2C000000 		.4byte	0x2c
 273 0077 02       		.uleb128 0x2
 274 0078 04       		.byte	0x4
 275 0079 04       		.byte	0x4
 276 007a 14020000 		.4byte	.LASF9
 277 007e 02       		.uleb128 0x2
 278 007f 08       		.byte	0x8
 279 0080 04       		.byte	0x4
 280 0081 DC010000 		.4byte	.LASF10
 281 0085 02       		.uleb128 0x2
 282 0086 01       		.byte	0x1
 283 0087 08       		.byte	0x8
 284 0088 F1000000 		.4byte	.LASF11
 285 008c 04       		.uleb128 0x4
 286 008d 2F020000 		.4byte	.LASF13
 287 0091 02       		.byte	0x2
 288 0092 4202     		.2byte	0x242
 289 0094 98000000 		.4byte	0x98
 290 0098 05       		.uleb128 0x5
 291 0099 6B000000 		.4byte	0x6b
 292 009d 02       		.uleb128 0x2
 293 009e 04       		.byte	0x4
 294 009f 07       		.byte	0x7
 295 00a0 51020000 		.4byte	.LASF14
 296 00a4 06       		.uleb128 0x6
 297 00a5 05       		.byte	0x5
 298 00a6 03       		.byte	0x3
 299 00a7 6B       		.byte	0x6b
 300 00a8 E9000000 		.4byte	0xe9
 301 00ac 07       		.uleb128 0x7
 302 00ad A9000000 		.4byte	.LASF15
 303 00b1 03       		.byte	0x3
 304 00b2 6E       		.byte	0x6e
 305 00b3 6B000000 		.4byte	0x6b
 306 00b7 00       		.byte	0
 307 00b8 07       		.uleb128 0x7
 308 00b9 9D010000 		.4byte	.LASF16
 309 00bd 03       		.byte	0x3
 310 00be 71       		.byte	0x71
 311 00bf 6B000000 		.4byte	0x6b
 312 00c3 01       		.byte	0x1
 313 00c4 07       		.uleb128 0x7
 314 00c5 47020000 		.4byte	.LASF17
 315 00c9 03       		.byte	0x3
 316 00ca 73       		.byte	0x73
 317 00cb 6B000000 		.4byte	0x6b
 318 00cf 02       		.byte	0x2
 319 00d0 07       		.uleb128 0x7
 320 00d1 34020000 		.4byte	.LASF18
 321 00d5 03       		.byte	0x3
 322 00d6 76       		.byte	0x76
 323 00d7 6B000000 		.4byte	0x6b
ARM GAS  C:\Users\Petro\AppData\Local\Temp\cc5UDY8E.s 			page 10


 324 00db 03       		.byte	0x3
 325 00dc 07       		.uleb128 0x7
 326 00dd A4010000 		.4byte	.LASF19
 327 00e1 03       		.byte	0x3
 328 00e2 86       		.byte	0x86
 329 00e3 6B000000 		.4byte	0x6b
 330 00e7 04       		.byte	0x4
 331 00e8 00       		.byte	0
 332 00e9 08       		.uleb128 0x8
 333 00ea C0010000 		.4byte	.LASF20
 334 00ee 03       		.byte	0x3
 335 00ef 8B       		.byte	0x8b
 336 00f0 A4000000 		.4byte	0xa4
 337 00f4 09       		.uleb128 0x9
 338 00f5 8E010000 		.4byte	.LASF21
 339 00f9 01       		.byte	0x1
 340 00fa 2A       		.byte	0x2a
 341 00fb 00000000 		.4byte	.LFB2
 342 00ff 40000000 		.4byte	.LFE2-.LFB2
 343 0103 01       		.uleb128 0x1
 344 0104 9C       		.byte	0x9c
 345 0105 09       		.uleb128 0x9
 346 0106 E3010000 		.4byte	.LASF22
 347 010a 01       		.byte	0x1
 348 010b 58       		.byte	0x58
 349 010c 00000000 		.4byte	.LFB3
 350 0110 38000000 		.4byte	.LFE3-.LFB3
 351 0114 01       		.uleb128 0x1
 352 0115 9C       		.byte	0x9c
 353 0116 09       		.uleb128 0x9
 354 0117 B8000000 		.4byte	.LASF23
 355 011b 01       		.byte	0x1
 356 011c 88       		.byte	0x88
 357 011d 00000000 		.4byte	.LFB4
 358 0121 34000000 		.4byte	.LFE4-.LFB4
 359 0125 01       		.uleb128 0x1
 360 0126 9C       		.byte	0x9c
 361 0127 09       		.uleb128 0x9
 362 0128 D1010000 		.4byte	.LASF24
 363 012c 01       		.byte	0x1
 364 012d B2       		.byte	0xb2
 365 012e 00000000 		.4byte	.LFB5
 366 0132 1C000000 		.4byte	.LFE5-.LFB5
 367 0136 01       		.uleb128 0x1
 368 0137 9C       		.byte	0x9c
 369 0138 0A       		.uleb128 0xa
 370 0139 1A020000 		.4byte	.LASF28
 371 013d 01       		.byte	0x1
 372 013e 14       		.byte	0x14
 373 013f E9000000 		.4byte	0xe9
 374 0143 05       		.uleb128 0x5
 375 0144 03       		.byte	0x3
 376 0145 00000000 		.4byte	pwm_backup
 377 0149 00       		.byte	0
 378              		.section	.debug_abbrev,"",%progbits
 379              	.Ldebug_abbrev0:
 380 0000 01       		.uleb128 0x1
ARM GAS  C:\Users\Petro\AppData\Local\Temp\cc5UDY8E.s 			page 11


 381 0001 11       		.uleb128 0x11
 382 0002 01       		.byte	0x1
 383 0003 25       		.uleb128 0x25
 384 0004 0E       		.uleb128 0xe
 385 0005 13       		.uleb128 0x13
 386 0006 0B       		.uleb128 0xb
 387 0007 03       		.uleb128 0x3
 388 0008 0E       		.uleb128 0xe
 389 0009 1B       		.uleb128 0x1b
 390 000a 0E       		.uleb128 0xe
 391 000b 55       		.uleb128 0x55
 392 000c 17       		.uleb128 0x17
 393 000d 11       		.uleb128 0x11
 394 000e 01       		.uleb128 0x1
 395 000f 10       		.uleb128 0x10
 396 0010 17       		.uleb128 0x17
 397 0011 00       		.byte	0
 398 0012 00       		.byte	0
 399 0013 02       		.uleb128 0x2
 400 0014 24       		.uleb128 0x24
 401 0015 00       		.byte	0
 402 0016 0B       		.uleb128 0xb
 403 0017 0B       		.uleb128 0xb
 404 0018 3E       		.uleb128 0x3e
 405 0019 0B       		.uleb128 0xb
 406 001a 03       		.uleb128 0x3
 407 001b 0E       		.uleb128 0xe
 408 001c 00       		.byte	0
 409 001d 00       		.byte	0
 410 001e 03       		.uleb128 0x3
 411 001f 24       		.uleb128 0x24
 412 0020 00       		.byte	0
 413 0021 0B       		.uleb128 0xb
 414 0022 0B       		.uleb128 0xb
 415 0023 3E       		.uleb128 0x3e
 416 0024 0B       		.uleb128 0xb
 417 0025 03       		.uleb128 0x3
 418 0026 08       		.uleb128 0x8
 419 0027 00       		.byte	0
 420 0028 00       		.byte	0
 421 0029 04       		.uleb128 0x4
 422 002a 16       		.uleb128 0x16
 423 002b 00       		.byte	0
 424 002c 03       		.uleb128 0x3
 425 002d 0E       		.uleb128 0xe
 426 002e 3A       		.uleb128 0x3a
 427 002f 0B       		.uleb128 0xb
 428 0030 3B       		.uleb128 0x3b
 429 0031 05       		.uleb128 0x5
 430 0032 49       		.uleb128 0x49
 431 0033 13       		.uleb128 0x13
 432 0034 00       		.byte	0
 433 0035 00       		.byte	0
 434 0036 05       		.uleb128 0x5
 435 0037 35       		.uleb128 0x35
 436 0038 00       		.byte	0
 437 0039 49       		.uleb128 0x49
ARM GAS  C:\Users\Petro\AppData\Local\Temp\cc5UDY8E.s 			page 12


 438 003a 13       		.uleb128 0x13
 439 003b 00       		.byte	0
 440 003c 00       		.byte	0
 441 003d 06       		.uleb128 0x6
 442 003e 13       		.uleb128 0x13
 443 003f 01       		.byte	0x1
 444 0040 0B       		.uleb128 0xb
 445 0041 0B       		.uleb128 0xb
 446 0042 3A       		.uleb128 0x3a
 447 0043 0B       		.uleb128 0xb
 448 0044 3B       		.uleb128 0x3b
 449 0045 0B       		.uleb128 0xb
 450 0046 01       		.uleb128 0x1
 451 0047 13       		.uleb128 0x13
 452 0048 00       		.byte	0
 453 0049 00       		.byte	0
 454 004a 07       		.uleb128 0x7
 455 004b 0D       		.uleb128 0xd
 456 004c 00       		.byte	0
 457 004d 03       		.uleb128 0x3
 458 004e 0E       		.uleb128 0xe
 459 004f 3A       		.uleb128 0x3a
 460 0050 0B       		.uleb128 0xb
 461 0051 3B       		.uleb128 0x3b
 462 0052 0B       		.uleb128 0xb
 463 0053 49       		.uleb128 0x49
 464 0054 13       		.uleb128 0x13
 465 0055 38       		.uleb128 0x38
 466 0056 0B       		.uleb128 0xb
 467 0057 00       		.byte	0
 468 0058 00       		.byte	0
 469 0059 08       		.uleb128 0x8
 470 005a 16       		.uleb128 0x16
 471 005b 00       		.byte	0
 472 005c 03       		.uleb128 0x3
 473 005d 0E       		.uleb128 0xe
 474 005e 3A       		.uleb128 0x3a
 475 005f 0B       		.uleb128 0xb
 476 0060 3B       		.uleb128 0x3b
 477 0061 0B       		.uleb128 0xb
 478 0062 49       		.uleb128 0x49
 479 0063 13       		.uleb128 0x13
 480 0064 00       		.byte	0
 481 0065 00       		.byte	0
 482 0066 09       		.uleb128 0x9
 483 0067 2E       		.uleb128 0x2e
 484 0068 00       		.byte	0
 485 0069 3F       		.uleb128 0x3f
 486 006a 19       		.uleb128 0x19
 487 006b 03       		.uleb128 0x3
 488 006c 0E       		.uleb128 0xe
 489 006d 3A       		.uleb128 0x3a
 490 006e 0B       		.uleb128 0xb
 491 006f 3B       		.uleb128 0x3b
 492 0070 0B       		.uleb128 0xb
 493 0071 27       		.uleb128 0x27
 494 0072 19       		.uleb128 0x19
ARM GAS  C:\Users\Petro\AppData\Local\Temp\cc5UDY8E.s 			page 13


 495 0073 11       		.uleb128 0x11
 496 0074 01       		.uleb128 0x1
 497 0075 12       		.uleb128 0x12
 498 0076 06       		.uleb128 0x6
 499 0077 40       		.uleb128 0x40
 500 0078 18       		.uleb128 0x18
 501 0079 9642     		.uleb128 0x2116
 502 007b 19       		.uleb128 0x19
 503 007c 00       		.byte	0
 504 007d 00       		.byte	0
 505 007e 0A       		.uleb128 0xa
 506 007f 34       		.uleb128 0x34
 507 0080 00       		.byte	0
 508 0081 03       		.uleb128 0x3
 509 0082 0E       		.uleb128 0xe
 510 0083 3A       		.uleb128 0x3a
 511 0084 0B       		.uleb128 0xb
 512 0085 3B       		.uleb128 0x3b
 513 0086 0B       		.uleb128 0xb
 514 0087 49       		.uleb128 0x49
 515 0088 13       		.uleb128 0x13
 516 0089 02       		.uleb128 0x2
 517 008a 18       		.uleb128 0x18
 518 008b 00       		.byte	0
 519 008c 00       		.byte	0
 520 008d 00       		.byte	0
 521              		.section	.debug_aranges,"",%progbits
 522 0000 34000000 		.4byte	0x34
 523 0004 0200     		.2byte	0x2
 524 0006 00000000 		.4byte	.Ldebug_info0
 525 000a 04       		.byte	0x4
 526 000b 00       		.byte	0
 527 000c 0000     		.2byte	0
 528 000e 0000     		.2byte	0
 529 0010 00000000 		.4byte	.LFB2
 530 0014 40000000 		.4byte	.LFE2-.LFB2
 531 0018 00000000 		.4byte	.LFB3
 532 001c 38000000 		.4byte	.LFE3-.LFB3
 533 0020 00000000 		.4byte	.LFB4
 534 0024 34000000 		.4byte	.LFE4-.LFB4
 535 0028 00000000 		.4byte	.LFB5
 536 002c 1C000000 		.4byte	.LFE5-.LFB5
 537 0030 00000000 		.4byte	0
 538 0034 00000000 		.4byte	0
 539              		.section	.debug_ranges,"",%progbits
 540              	.Ldebug_ranges0:
 541 0000 00000000 		.4byte	.LFB2
 542 0004 40000000 		.4byte	.LFE2
 543 0008 00000000 		.4byte	.LFB3
 544 000c 38000000 		.4byte	.LFE3
 545 0010 00000000 		.4byte	.LFB4
 546 0014 34000000 		.4byte	.LFE4
 547 0018 00000000 		.4byte	.LFB5
 548 001c 1C000000 		.4byte	.LFE5
 549 0020 00000000 		.4byte	0
 550 0024 00000000 		.4byte	0
 551              		.section	.debug_line,"",%progbits
ARM GAS  C:\Users\Petro\AppData\Local\Temp\cc5UDY8E.s 			page 14


 552              	.Ldebug_line0:
 553 0000 A9000000 		.section	.debug_str,"MS",%progbits,1
 553      02004C00 
 553      00000201 
 553      FB0E0D00 
 553      01010101 
 554              	.LASF6:
 555 0000 6C6F6E67 		.ascii	"long long int\000"
 555      206C6F6E 
 555      6720696E 
 555      7400
 556              	.LASF25:
 557 000e 474E5520 		.ascii	"GNU C 4.9.3 20150303 (release) [ARM/embedded-4_9-br"
 557      4320342E 
 557      392E3320 
 557      32303135 
 557      30333033 
 558 0041 616E6368 		.ascii	"anch revision 221220] -mcpu=cortex-m0 -mthumb -g -O"
 558      20726576 
 558      6973696F 
 558      6E203232 
 558      31323230 
 559 0074 30202D66 		.ascii	"0 -ffunction-sections -ffat-lto-objects\000"
 559      66756E63 
 559      74696F6E 
 559      2D736563 
 559      74696F6E 
 560              	.LASF8:
 561 009c 756E7369 		.ascii	"unsigned int\000"
 561      676E6564 
 561      20696E74 
 561      00
 562              	.LASF15:
 563 00a9 50574D45 		.ascii	"PWMEnableState\000"
 563      6E61626C 
 563      65537461 
 563      746500
 564              	.LASF23:
 565 00b8 70776D5F 		.ascii	"pwm_Sleep\000"
 565      536C6565 
 565      7000
 566              	.LASF12:
 567 00c2 75696E74 		.ascii	"uint8\000"
 567      3800
 568              	.LASF5:
 569 00c8 6C6F6E67 		.ascii	"long unsigned int\000"
 569      20756E73 
 569      69676E65 
 569      6420696E 
 569      7400
 570              	.LASF7:
 571 00da 6C6F6E67 		.ascii	"long long unsigned int\000"
 571      206C6F6E 
 571      6720756E 
 571      7369676E 
 571      65642069 
 572              	.LASF11:
ARM GAS  C:\Users\Petro\AppData\Local\Temp\cc5UDY8E.s 			page 15


 573 00f1 63686172 		.ascii	"char\000"
 573      00
 574              	.LASF26:
 575 00f6 47656E65 		.ascii	"Generated_Source\\PSoC4\\pwm_PM.c\000"
 575      72617465 
 575      645F536F 
 575      75726365 
 575      5C50536F 
 576              	.LASF27:
 577 0116 443A5C43 		.ascii	"D:\\Cypress\\system-start-finish\\vesion 2\\fw\\fin"
 577      79707265 
 577      73735C73 
 577      79737465 
 577      6D2D7374 
 578 0144 6973685C 		.ascii	"ish\\sandbox\\v7_debug_ntp\\Finish(state machine)\\"
 578      73616E64 
 578      626F785C 
 578      76375F64 
 578      65627567 
 579 0173 66696E5F 		.ascii	"fin_v0.cydsn\000"
 579      76302E63 
 579      7964736E 
 579      00
 580              	.LASF1:
 581 0180 756E7369 		.ascii	"unsigned char\000"
 581      676E6564 
 581      20636861 
 581      7200
 582              	.LASF21:
 583 018e 70776D5F 		.ascii	"pwm_SaveConfig\000"
 583      53617665 
 583      436F6E66 
 583      696700
 584              	.LASF16:
 585 019d 50574D55 		.ascii	"PWMUdb\000"
 585      646200
 586              	.LASF19:
 587 01a4 50574D43 		.ascii	"PWMControlRegister\000"
 587      6F6E7472 
 587      6F6C5265 
 587      67697374 
 587      657200
 588              	.LASF4:
 589 01b7 6C6F6E67 		.ascii	"long int\000"
 589      20696E74 
 589      00
 590              	.LASF20:
 591 01c0 70776D5F 		.ascii	"pwm_backupStruct\000"
 591      6261636B 
 591      75705374 
 591      72756374 
 591      00
 592              	.LASF24:
 593 01d1 70776D5F 		.ascii	"pwm_Wakeup\000"
 593      57616B65 
 593      757000
 594              	.LASF10:
ARM GAS  C:\Users\Petro\AppData\Local\Temp\cc5UDY8E.s 			page 16


 595 01dc 646F7562 		.ascii	"double\000"
 595      6C6500
 596              	.LASF22:
 597 01e3 70776D5F 		.ascii	"pwm_RestoreConfig\000"
 597      52657374 
 597      6F726543 
 597      6F6E6669 
 597      6700
 598              	.LASF3:
 599 01f5 73686F72 		.ascii	"short unsigned int\000"
 599      7420756E 
 599      7369676E 
 599      65642069 
 599      6E7400
 600              	.LASF0:
 601 0208 7369676E 		.ascii	"signed char\000"
 601      65642063 
 601      68617200 
 602              	.LASF9:
 603 0214 666C6F61 		.ascii	"float\000"
 603      7400
 604              	.LASF28:
 605 021a 70776D5F 		.ascii	"pwm_backup\000"
 605      6261636B 
 605      757000
 606              	.LASF2:
 607 0225 73686F72 		.ascii	"short int\000"
 607      7420696E 
 607      7400
 608              	.LASF13:
 609 022f 72656738 		.ascii	"reg8\000"
 609      00
 610              	.LASF18:
 611 0234 496E7465 		.ascii	"InterruptMaskValue\000"
 611      72727570 
 611      744D6173 
 611      6B56616C 
 611      756500
 612              	.LASF17:
 613 0247 50574D50 		.ascii	"PWMPeriod\000"
 613      6572696F 
 613      6400
 614              	.LASF14:
 615 0251 73697A65 		.ascii	"sizetype\000"
 615      74797065 
 615      00
 616              		.ident	"GCC: (GNU Tools for ARM Embedded Processors) 4.9.3 20150303 (release) [ARM/embedded-4_9-br
