ARM GAS  C:\Users\Petro\AppData\Local\Temp\ccLCvfje.s 			page 1


   1              		.cpu cortex-m0
   2              		.fpu softvfp
   3              		.eabi_attribute 20, 1
   4              		.eabi_attribute 21, 1
   5              		.eabi_attribute 23, 3
   6              		.eabi_attribute 24, 1
   7              		.eabi_attribute 25, 1
   8              		.eabi_attribute 26, 1
   9              		.eabi_attribute 30, 6
  10              		.eabi_attribute 34, 0
  11              		.eabi_attribute 18, 4
  12              		.code	16
  13              		.file	"main.c"
  14              		.text
  15              	.Ltext0:
  16              		.cfi_sections	.debug_frame
  17              		.comm	currentState,1,1
  18              		.bss
  19              		.align	2
  20              	result:
  21 0000 00000000 		.space	4
  22              		.section	.text.main,"ax",%progbits
  23              		.align	2
  24              		.global	main
  25              		.code	16
  26              		.thumb_func
  27              		.type	main, %function
  28              	main:
  29              	.LFB63:
  30              		.file 1 "main.c"
   1:main.c        **** #include "appGlobal.h"
   2:main.c        **** 
   3:main.c        **** int main()
   4:main.c        **** {
  31              		.loc 1 4 0
  32              		.cfi_startproc
  33 0000 80B5     		push	{r7, lr}
  34              		.cfi_def_cfa_offset 8
  35              		.cfi_offset 7, -8
  36              		.cfi_offset 14, -4
  37 0002 00AF     		add	r7, sp, #0
  38              		.cfi_def_cfa_register 7
   5:main.c        ****     SystemInit();
  39              		.loc 1 5 0
  40 0004 FFF7FEFF 		bl	SystemInit
   6:main.c        ****     currentState = TIME_SYNC;
  41              		.loc 1 6 0
  42 0008 284B     		ldr	r3, .L14
  43 000a 0022     		mov	r2, #0
  44 000c 1A70     		strb	r2, [r3]
  45              	.L13:
   7:main.c        **** 
   8:main.c        ****     for(;;)
   9:main.c        ****     {
  10:main.c        ****         switch (currentState)
  46              		.loc 1 10 0
  47 000e 274B     		ldr	r3, .L14
ARM GAS  C:\Users\Petro\AppData\Local\Temp\ccLCvfje.s 			page 2


  48 0010 1B78     		ldrb	r3, [r3]
  49 0012 012B     		cmp	r3, #1
  50 0014 16D0     		beq	.L3
  51 0016 02DC     		bgt	.L4
  52 0018 002B     		cmp	r3, #0
  53 001a 05D0     		beq	.L5
  54 001c 42E0     		b	.L2
  55              	.L4:
  56 001e 022B     		cmp	r3, #2
  57 0020 26D0     		beq	.L6
  58 0022 032B     		cmp	r3, #3
  59 0024 35D0     		beq	.L7
  60 0026 3DE0     		b	.L2
  61              	.L5:
  11:main.c        ****         {
  12:main.c        ****             case TIME_SYNC:
  13:main.c        ****             {
  14:main.c        ****                 result = TimeSynchronize();
  62              		.loc 1 14 0
  63 0028 FFF7FEFF 		bl	TimeSynchronize
  64 002c 021C     		mov	r2, r0
  65 002e 204B     		ldr	r3, .L14+4
  66 0030 1A60     		str	r2, [r3]
  15:main.c        ****                 if(result == TIME_SYNC_OK)
  67              		.loc 1 15 0
  68 0032 1F4B     		ldr	r3, .L14+4
  69 0034 1B68     		ldr	r3, [r3]
  70 0036 002B     		cmp	r3, #0
  71 0038 03D1     		bne	.L8
  16:main.c        ****                 {
  17:main.c        ****                     currentState = GET_FIN_STATUS;
  72              		.loc 1 17 0
  73 003a 1C4B     		ldr	r3, .L14
  74 003c 0122     		mov	r2, #1
  75 003e 1A70     		strb	r2, [r3]
  18:main.c        ****                 }
  19:main.c        ****                 break;
  76              		.loc 1 19 0
  77 0040 30E0     		b	.L2
  78              	.L8:
  79 0042 2FE0     		b	.L2
  80              	.L3:
  20:main.c        ****             }
  21:main.c        ****             case GET_FIN_STATUS:
  22:main.c        ****             {
  23:main.c        ****                 result = GetFinishStatus();
  81              		.loc 1 23 0
  82 0044 FFF7FEFF 		bl	GetFinishStatus
  83 0048 021C     		mov	r2, r0
  84 004a 194B     		ldr	r3, .L14+4
  85 004c 1A60     		str	r2, [r3]
  24:main.c        **** 
  25:main.c        ****                 if(result == NO_ERROR)
  86              		.loc 1 25 0
  87 004e 184B     		ldr	r3, .L14+4
  88 0050 1B68     		ldr	r3, [r3]
  89 0052 012B     		cmp	r3, #1
ARM GAS  C:\Users\Petro\AppData\Local\Temp\ccLCvfje.s 			page 3


  90 0054 03D1     		bne	.L9
  26:main.c        ****                 {
  27:main.c        ****                     currentState = CHECK_GATE;                   
  91              		.loc 1 27 0
  92 0056 154B     		ldr	r3, .L14
  93 0058 0222     		mov	r2, #2
  94 005a 1A70     		strb	r2, [r3]
  95 005c 07E0     		b	.L10
  96              	.L9:
  28:main.c        ****                 }
  29:main.c        ****                 else if(result == REBOOT)  
  97              		.loc 1 29 0
  98 005e 144B     		ldr	r3, .L14+4
  99 0060 1B68     		ldr	r3, [r3]
 100 0062 FF2B     		cmp	r3, #255
 101 0064 03D1     		bne	.L10
  30:main.c        ****                 {
  31:main.c        ****                     currentState = TIME_SYNC;
 102              		.loc 1 31 0
 103 0066 114B     		ldr	r3, .L14
 104 0068 0022     		mov	r2, #0
 105 006a 1A70     		strb	r2, [r3]
  32:main.c        ****                 }
  33:main.c        ****                 break;
 106              		.loc 1 33 0
 107 006c 1AE0     		b	.L2
 108              	.L10:
 109 006e 19E0     		b	.L2
 110              	.L6:
  34:main.c        ****             }
  35:main.c        ****             case CHECK_GATE:
  36:main.c        ****             {
  37:main.c        ****                 result = CheckGate();
 111              		.loc 1 37 0
 112 0070 FFF7FEFF 		bl	CheckGate
 113 0074 021C     		mov	r2, r0
 114 0076 0E4B     		ldr	r3, .L14+4
 115 0078 1A60     		str	r2, [r3]
  38:main.c        ****                 if(result == GATE_OPEN)
 116              		.loc 1 38 0
 117 007a 0D4B     		ldr	r3, .L14+4
 118 007c 1B68     		ldr	r3, [r3]
 119 007e 012B     		cmp	r3, #1
 120 0080 03D1     		bne	.L11
  39:main.c        ****                 {
  40:main.c        ****                     currentState = SAVE_RESULT;
 121              		.loc 1 40 0
 122 0082 0A4B     		ldr	r3, .L14
 123 0084 0322     		mov	r2, #3
 124 0086 1A70     		strb	r2, [r3]
  41:main.c        ****                 }
  42:main.c        ****                 else
  43:main.c        ****                 {
  44:main.c        ****                     currentState = GET_FIN_STATUS;
  45:main.c        ****                 }
  46:main.c        ****                 break;
 125              		.loc 1 46 0
ARM GAS  C:\Users\Petro\AppData\Local\Temp\ccLCvfje.s 			page 4


 126 0088 0CE0     		b	.L2
 127              	.L11:
  44:main.c        ****                 }
 128              		.loc 1 44 0
 129 008a 084B     		ldr	r3, .L14
 130 008c 0122     		mov	r2, #1
 131 008e 1A70     		strb	r2, [r3]
 132              		.loc 1 46 0
 133 0090 08E0     		b	.L2
 134              	.L7:
  47:main.c        ****             }
  48:main.c        ****             case SAVE_RESULT:
  49:main.c        ****             {
  50:main.c        ****                 result = SaveResult();
 135              		.loc 1 50 0
 136 0092 FFF7FEFF 		bl	SaveResult
 137 0096 021C     		mov	r2, r0
 138 0098 054B     		ldr	r3, .L14+4
 139 009a 1A60     		str	r2, [r3]
  51:main.c        ****                 currentState = GET_FIN_STATUS;
 140              		.loc 1 51 0
 141 009c 034B     		ldr	r3, .L14
 142 009e 0122     		mov	r2, #1
 143 00a0 1A70     		strb	r2, [r3]
  52:main.c        ****     
  53:main.c        ****                 break;
 144              		.loc 1 53 0
 145 00a2 C046     		mov	r8, r8
 146              	.L2:
  54:main.c        ****             }           
  55:main.c        ****         }
  56:main.c        ****         //CyDelay(TIMEOUT_STATE);
  57:main.c        ****         TaskCheck();
 147              		.loc 1 57 0
 148 00a4 FFF7FEFF 		bl	TaskCheck
  58:main.c        ****     }
 149              		.loc 1 58 0
 150 00a8 B1E7     		b	.L13
 151              	.L15:
 152 00aa C046     		.align	2
 153              	.L14:
 154 00ac 00000000 		.word	currentState
 155 00b0 00000000 		.word	result
 156              		.cfi_endproc
 157              	.LFE63:
 158              		.size	main, .-main
 159              		.section	.rodata
 160              		.align	2
 161              	.LC2:
 162 0000 53797374 		.ascii	"System init...\000"
 162      656D2069 
 162      6E69742E 
 162      2E2E00
 163              		.section	.text.SystemInit,"ax",%progbits
 164              		.align	2
 165              		.global	SystemInit
 166              		.code	16
ARM GAS  C:\Users\Petro\AppData\Local\Temp\ccLCvfje.s 			page 5


 167              		.thumb_func
 168              		.type	SystemInit, %function
 169              	SystemInit:
 170              	.LFB64:
  59:main.c        **** }
  60:main.c        **** 
  61:main.c        **** void  SystemInit(void)
  62:main.c        **** {   
 171              		.loc 1 62 0
 172              		.cfi_startproc
 173 0000 80B5     		push	{r7, lr}
 174              		.cfi_def_cfa_offset 8
 175              		.cfi_offset 7, -8
 176              		.cfi_offset 14, -4
 177 0002 00AF     		add	r7, sp, #0
 178              		.cfi_def_cfa_register 7
  63:main.c        ****     SetRebootFlag();
 179              		.loc 1 63 0
 180 0004 FFF7FEFF 		bl	SetRebootFlag
  64:main.c        ****     LedInit();
 181              		.loc 1 64 0
 182 0008 FFF7FEFF 		bl	LedInit
  65:main.c        ****     SetLedsState(LED_ENABLE, LED_DISABLE);
 183              		.loc 1 65 0
 184 000c 0120     		mov	r0, #1
 185 000e 0021     		mov	r1, #0
 186 0010 FFF7FEFF 		bl	SetLedsState
  66:main.c        ****     
  67:main.c        ****     DisplayStart();
 187              		.loc 1 67 0
 188 0014 FFF7FEFF 		bl	DisplayStart
  68:main.c        ****     Display("System init...");
 189              		.loc 1 68 0
 190 0018 124B     		ldr	r3, .L17
 191 001a 181C     		mov	r0, r3
 192 001c FFF7FEFF 		bl	Display
  69:main.c        ****     DisplaBacklightOn();
 193              		.loc 1 69 0
 194 0020 FFF7FEFF 		bl	DisplaBacklightOn
  70:main.c        ****     
  71:main.c        ****     RTC_WDT_Init(); 
 195              		.loc 1 71 0
 196 0024 FFF7FEFF 		bl	RTC_WDT_Init
  72:main.c        ****     InitNetwork();
 197              		.loc 1 72 0
 198 0028 FFF7FEFF 		bl	InitNetwork
  73:main.c        ****     GateInit();
 199              		.loc 1 73 0
 200 002c FFF7FEFF 		bl	GateInit
  74:main.c        ****     BattADC_Init();
 201              		.loc 1 74 0
 202 0030 FFF7FEFF 		bl	BattADC_Init
  75:main.c        ****     
  76:main.c        ****     TaskTimerInit();    
 203              		.loc 1 76 0
 204 0034 FFF7FEFF 		bl	TaskTimerInit
  77:main.c        ****     SetTaskTimer(ACTION1, ACTION1_TIMEOUT); //network
ARM GAS  C:\Users\Petro\AppData\Local\Temp\ccLCvfje.s 			page 6


 205              		.loc 1 77 0
 206 0038 FA23     		mov	r3, #250
 207 003a 5B00     		lsl	r3, r3, #1
 208 003c 0020     		mov	r0, #0
 209 003e 191C     		mov	r1, r3
 210 0040 FFF7FEFF 		bl	SetTaskTimer
  78:main.c        ****     SetTaskTimer(ACTION2, ACTION2_TIMEOUT); //display real time
 211              		.loc 1 78 0
 212 0044 FA23     		mov	r3, #250
 213 0046 5B00     		lsl	r3, r3, #1
 214 0048 0120     		mov	r0, #1
 215 004a 191C     		mov	r1, r3
 216 004c FFF7FEFF 		bl	SetTaskTimer
  79:main.c        ****     SetTaskTimer(ACTION3, ACTION3_TIMEOUT); //display indicator
 217              		.loc 1 79 0
 218 0050 FA23     		mov	r3, #250
 219 0052 5B00     		lsl	r3, r3, #1
 220 0054 0220     		mov	r0, #2
 221 0056 191C     		mov	r1, r3
 222 0058 FFF7FEFF 		bl	SetTaskTimer
  80:main.c        ****     
  81:main.c        ****     /* Enable global interrupts. */ 
  82:main.c        ****     CyGlobalIntEnable; 
 223              		.loc 1 82 0
 224              	@ 82 "main.c" 1
 225 005c 62B6     		CPSIE   i
 226              	@ 0 "" 2
  83:main.c        ****     
  84:main.c        **** }
 227              		.loc 1 84 0
 228              		.code	16
 229 005e BD46     		mov	sp, r7
 230              		@ sp needed
 231 0060 80BD     		pop	{r7, pc}
 232              	.L18:
 233 0062 C046     		.align	2
 234              	.L17:
 235 0064 00000000 		.word	.LC2
 236              		.cfi_endproc
 237              	.LFE64:
 238              		.size	SystemInit, .-SystemInit
 239              		.section	.rodata
 240 000f 00       		.align	2
 241              	.LC4:
 242 0010 436F6E6E 		.ascii	"Connect...\000"
 242      6563742E 
 242      2E2E00
 243 001b 00       		.align	2
 244              	.LC6:
 245 001c 53796E63 		.ascii	"Sync time...\000"
 245      2074696D 
 245      652E2E2E 
 245      00
 246 0029 000000   		.align	2
 247              	.LC8:
 248 002c 20205379 		.ascii	"  Sync ok\000"
 248      6E63206F 
ARM GAS  C:\Users\Petro\AppData\Local\Temp\ccLCvfje.s 			page 7


 248      6B00
 249 0036 0000     		.align	2
 250              	.LC10:
 251 0038 53796E63 		.ascii	"Sync error\000"
 251      20657272 
 251      6F7200
 252              		.section	.text.TimeSynchronize,"ax",%progbits
 253              		.align	2
 254              		.global	TimeSynchronize
 255              		.code	16
 256              		.thumb_func
 257              		.type	TimeSynchronize, %function
 258              	TimeSynchronize:
 259              	.LFB65:
  85:main.c        **** 
  86:main.c        **** uint32_t TimeSynchronize(void)
  87:main.c        **** {
 260              		.loc 1 87 0
 261              		.cfi_startproc
 262 0000 80B5     		push	{r7, lr}
 263              		.cfi_def_cfa_offset 8
 264              		.cfi_offset 7, -8
 265              		.cfi_offset 14, -4
 266 0002 82B0     		sub	sp, sp, #8
 267              		.cfi_def_cfa_offset 16
 268 0004 00AF     		add	r7, sp, #0
 269              		.cfi_def_cfa_register 7
  88:main.c        ****     uint32_t result;
  89:main.c        ****     
  90:main.c        ****     SetLedsState(LED_ENABLE, LED_DISABLE);
 270              		.loc 1 90 0
 271 0006 0120     		mov	r0, #1
 272 0008 0021     		mov	r1, #0
 273 000a FFF7FEFF 		bl	SetLedsState
  91:main.c        ****     
  92:main.c        ****     /*network connect*/
  93:main.c        ****     if(NetworkStatus() == NETWORK_DISCONN)
 274              		.loc 1 93 0
 275 000e FFF7FEFF 		bl	NetworkStatus
 276 0012 031E     		sub	r3, r0, #0
 277 0014 09D1     		bne	.L20
  94:main.c        ****     {
  95:main.c        ****         Display("Connect...");
 278              		.loc 1 95 0
 279 0016 194B     		ldr	r3, .L24
 280 0018 181C     		mov	r0, r3
 281 001a FFF7FEFF 		bl	Display
  96:main.c        ****         Delay(TIMEOUT_STATE);
 282              		.loc 1 96 0
 283 001e FA23     		mov	r3, #250
 284 0020 5B00     		lsl	r3, r3, #1
 285 0022 181C     		mov	r0, r3
 286 0024 FFF7FEFF 		bl	Delay
 287 0028 22E0     		b	.L21
 288              	.L20:
  97:main.c        ****     }
  98:main.c        ****     else
ARM GAS  C:\Users\Petro\AppData\Local\Temp\ccLCvfje.s 			page 8


  99:main.c        ****     {
 100:main.c        ****         /*time sync*/
 101:main.c        ****         Display("Sync time...");
 289              		.loc 1 101 0
 290 002a 154B     		ldr	r3, .L24+4
 291 002c 181C     		mov	r0, r3
 292 002e FFF7FEFF 		bl	Display
 102:main.c        ****         
 103:main.c        ****         if(NTPsync() == TIME_SYNC_OK)
 293              		.loc 1 103 0
 294 0032 FFF7FEFF 		bl	NTPsync
 295 0036 031E     		sub	r3, r0, #0
 296 0038 0DD1     		bne	.L22
 104:main.c        ****         {
 105:main.c        ****             Display("  Sync ok");
 297              		.loc 1 105 0
 298 003a 124B     		ldr	r3, .L24+8
 299 003c 181C     		mov	r0, r3
 300 003e FFF7FEFF 		bl	Display
 106:main.c        ****             ClearRebootFlag();
 301              		.loc 1 106 0
 302 0042 FFF7FEFF 		bl	ClearRebootFlag
 107:main.c        ****             Delay(TIMEOUT_USER_READ_INFO);
 303              		.loc 1 107 0
 304 0046 FA23     		mov	r3, #250
 305 0048 5B00     		lsl	r3, r3, #1
 306 004a 181C     		mov	r0, r3
 307 004c FFF7FEFF 		bl	Delay
 108:main.c        ****             
 109:main.c        ****             result = TIME_SYNC_OK;
 308              		.loc 1 109 0
 309 0050 0023     		mov	r3, #0
 310 0052 7B60     		str	r3, [r7, #4]
 311 0054 0CE0     		b	.L21
 312              	.L22:
 110:main.c        ****         }
 111:main.c        ****         else
 112:main.c        ****         {
 113:main.c        ****             Display("Sync error");
 313              		.loc 1 113 0
 314 0056 0C4B     		ldr	r3, .L24+12
 315 0058 181C     		mov	r0, r3
 316 005a FFF7FEFF 		bl	Display
 114:main.c        ****             SetRebootFlag();
 317              		.loc 1 114 0
 318 005e FFF7FEFF 		bl	SetRebootFlag
 115:main.c        ****             Delay(TIMEOUT_USER_READ_INFO);
 319              		.loc 1 115 0
 320 0062 FA23     		mov	r3, #250
 321 0064 5B00     		lsl	r3, r3, #1
 322 0066 181C     		mov	r0, r3
 323 0068 FFF7FEFF 		bl	Delay
 116:main.c        ****       
 117:main.c        ****             result = TIME_SYNC_ERR;
 324              		.loc 1 117 0
 325 006c 0123     		mov	r3, #1
 326 006e 7B60     		str	r3, [r7, #4]
ARM GAS  C:\Users\Petro\AppData\Local\Temp\ccLCvfje.s 			page 9


 327              	.L21:
 118:main.c        ****         }
 119:main.c        ****     }
 120:main.c        ****     
 121:main.c        ****     return result;
 328              		.loc 1 121 0
 329 0070 7B68     		ldr	r3, [r7, #4]
 122:main.c        **** }
 330              		.loc 1 122 0
 331 0072 181C     		mov	r0, r3
 332 0074 BD46     		mov	sp, r7
 333 0076 02B0     		add	sp, sp, #8
 334              		@ sp needed
 335 0078 80BD     		pop	{r7, pc}
 336              	.L25:
 337 007a C046     		.align	2
 338              	.L24:
 339 007c 10000000 		.word	.LC4
 340 0080 1C000000 		.word	.LC6
 341 0084 2C000000 		.word	.LC8
 342 0088 38000000 		.word	.LC10
 343              		.cfi_endproc
 344              	.LFE65:
 345              		.size	TimeSynchronize, .-TimeSynchronize
 346              		.section	.rodata
 347 0043 00       		.align	2
 348              	.LC12:
 349 0044 204E6F20 		.ascii	" No ready\000"
 349      72656164 
 349      7900
 350              		.section	.text.GetFinishStatus,"ax",%progbits
 351              		.align	2
 352              		.global	GetFinishStatus
 353              		.code	16
 354              		.thumb_func
 355              		.type	GetFinishStatus, %function
 356              	GetFinishStatus:
 357              	.LFB66:
 123:main.c        **** 
 124:main.c        **** uint32_t GetFinishStatus(void)
 125:main.c        **** {
 358              		.loc 1 125 0
 359              		.cfi_startproc
 360 0000 80B5     		push	{r7, lr}
 361              		.cfi_def_cfa_offset 8
 362              		.cfi_offset 7, -8
 363              		.cfi_offset 14, -4
 364 0002 82B0     		sub	sp, sp, #8
 365              		.cfi_def_cfa_offset 16
 366 0004 00AF     		add	r7, sp, #0
 367              		.cfi_def_cfa_register 7
 126:main.c        ****     uint32_t result;
 127:main.c        ****     
 128:main.c        ****     if (NetworkStatus() == NETWORK_DISCONN || FinWriteInDB() == NO_WRITE || FinReady() == NO_READY)
 368              		.loc 1 128 0
 369 0006 FFF7FEFF 		bl	NetworkStatus
 370 000a 031E     		sub	r3, r0, #0
ARM GAS  C:\Users\Petro\AppData\Local\Temp\ccLCvfje.s 			page 10


 371 000c 07D0     		beq	.L27
 372              		.loc 1 128 0 is_stmt 0 discriminator 1
 373 000e FFF7FEFF 		bl	FinWriteInDB
 374 0012 031E     		sub	r3, r0, #0
 375 0014 03D0     		beq	.L27
 376              		.loc 1 128 0 discriminator 2
 377 0016 FFF7FEFF 		bl	FinReady
 378 001a 031E     		sub	r3, r0, #0
 379 001c 11D1     		bne	.L28
 380              	.L27:
 129:main.c        ****     {
 130:main.c        ****         //LedRedBlink(FREQ_ERR_BLINK);
 131:main.c        ****         SetLedsState(LED_ENABLE, LED_DISABLE);
 381              		.loc 1 131 0 is_stmt 1
 382 001e 0120     		mov	r0, #1
 383 0020 0021     		mov	r1, #0
 384 0022 FFF7FEFF 		bl	SetLedsState
 132:main.c        ****         Display(" No ready");
 385              		.loc 1 132 0
 386 0026 0F4B     		ldr	r3, .L32
 387 0028 181C     		mov	r0, r3
 388 002a FFF7FEFF 		bl	Display
 133:main.c        ****         DisAllowNextSkier();
 389              		.loc 1 133 0
 390 002e FFF7FEFF 		bl	DisAllowNextSkier
 134:main.c        ****         Delay(TIMEOUT_USER_READ_INFO);
 391              		.loc 1 134 0
 392 0032 FA23     		mov	r3, #250
 393 0034 5B00     		lsl	r3, r3, #1
 394 0036 181C     		mov	r0, r3
 395 0038 FFF7FEFF 		bl	Delay
 135:main.c        ****         result = ERROR;
 396              		.loc 1 135 0
 397 003c 0023     		mov	r3, #0
 398 003e 7B60     		str	r3, [r7, #4]
 399 0040 01E0     		b	.L29
 400              	.L28:
 136:main.c        ****     }
 137:main.c        ****     else
 138:main.c        ****     {
 139:main.c        ****         result = NO_ERROR;
 401              		.loc 1 139 0
 402 0042 0123     		mov	r3, #1
 403 0044 7B60     		str	r3, [r7, #4]
 404              	.L29:
 140:main.c        ****     }
 141:main.c        ****     
 142:main.c        ****     if(IsRebootFinishFlag() == REBOOT)
 405              		.loc 1 142 0
 406 0046 FFF7FEFF 		bl	IsRebootFinishFlag
 407 004a 031E     		sub	r3, r0, #0
 408 004c FF2B     		cmp	r3, #255
 409 004e 01D1     		bne	.L30
 143:main.c        ****     {
 144:main.c        ****         result = REBOOT;    
 410              		.loc 1 144 0
 411 0050 FF23     		mov	r3, #255
ARM GAS  C:\Users\Petro\AppData\Local\Temp\ccLCvfje.s 			page 11


 412 0052 7B60     		str	r3, [r7, #4]
 413              	.L30:
 145:main.c        ****     }
 146:main.c        ****     
 147:main.c        ****     TestMode();
 414              		.loc 1 147 0
 415 0054 FFF7FEFF 		bl	TestMode
 148:main.c        ****     
 149:main.c        ****     return result;
 416              		.loc 1 149 0
 417 0058 7B68     		ldr	r3, [r7, #4]
 150:main.c        ****     
 151:main.c        **** }
 418              		.loc 1 151 0
 419 005a 181C     		mov	r0, r3
 420 005c BD46     		mov	sp, r7
 421 005e 02B0     		add	sp, sp, #8
 422              		@ sp needed
 423 0060 80BD     		pop	{r7, pc}
 424              	.L33:
 425 0062 C046     		.align	2
 426              	.L32:
 427 0064 44000000 		.word	.LC12
 428              		.cfi_endproc
 429              	.LFE66:
 430              		.size	GetFinishStatus, .-GetFinishStatus
 431              		.section	.rodata
 432 004e 0000     		.align	2
 433              	.LC14:
 434 0050 536B6965 		.ascii	"Skier Started\000"
 434      72205374 
 434      61727465 
 434      6400
 435 005e 0000     		.align	2
 436              	.LC16:
 437 0060 53746172 		.ascii	"Start ready\000"
 437      74207265 
 437      61647900 
 438              		.section	.text.CheckGate,"ax",%progbits
 439              		.align	2
 440              		.global	CheckGate
 441              		.code	16
 442              		.thumb_func
 443              		.type	CheckGate, %function
 444              	CheckGate:
 445              	.LFB67:
 152:main.c        **** 
 153:main.c        **** uint32_t CheckGate(void)
 154:main.c        **** {
 446              		.loc 1 154 0
 447              		.cfi_startproc
 448 0000 80B5     		push	{r7, lr}
 449              		.cfi_def_cfa_offset 8
 450              		.cfi_offset 7, -8
 451              		.cfi_offset 14, -4
 452 0002 82B0     		sub	sp, sp, #8
 453              		.cfi_def_cfa_offset 16
ARM GAS  C:\Users\Petro\AppData\Local\Temp\ccLCvfje.s 			page 12


 454 0004 00AF     		add	r7, sp, #0
 455              		.cfi_def_cfa_register 7
 155:main.c        ****     uint32_t result;
 156:main.c        ****     
 157:main.c        ****     result = GateIsOpen();
 456              		.loc 1 157 0
 457 0006 FFF7FEFF 		bl	GateIsOpen
 458 000a 031C     		mov	r3, r0
 459 000c 7B60     		str	r3, [r7, #4]
 158:main.c        ****     
 159:main.c        ****     if(result == GATE_OPEN)
 460              		.loc 1 159 0
 461 000e 7B68     		ldr	r3, [r7, #4]
 462 0010 012B     		cmp	r3, #1
 463 0012 0FD1     		bne	.L35
 160:main.c        ****     {
 161:main.c        ****         DisAllowNextSkier();
 464              		.loc 1 161 0
 465 0014 FFF7FEFF 		bl	DisAllowNextSkier
 162:main.c        ****         Display("Skier Started");
 466              		.loc 1 162 0
 467 0018 0E4B     		ldr	r3, .L38
 468 001a 181C     		mov	r0, r3
 469 001c FFF7FEFF 		bl	Display
 163:main.c        ****         SetLedsState(LED_ENABLE, LED_DISABLE);
 470              		.loc 1 163 0
 471 0020 0120     		mov	r0, #1
 472 0022 0021     		mov	r1, #0
 473 0024 FFF7FEFF 		bl	SetLedsState
 164:main.c        ****         Delay(TIMEOUT_USER_READ_INFO);
 474              		.loc 1 164 0
 475 0028 FA23     		mov	r3, #250
 476 002a 5B00     		lsl	r3, r3, #1
 477 002c 181C     		mov	r0, r3
 478 002e FFF7FEFF 		bl	Delay
 479 0032 09E0     		b	.L36
 480              	.L35:
 165:main.c        ****     }
 166:main.c        ****     else
 167:main.c        ****     {
 168:main.c        ****         Display("Start ready");
 481              		.loc 1 168 0
 482 0034 084B     		ldr	r3, .L38+4
 483 0036 181C     		mov	r0, r3
 484 0038 FFF7FEFF 		bl	Display
 169:main.c        ****         SetLedsState(LED_DISABLE, LED_ENABLE);
 485              		.loc 1 169 0
 486 003c 0020     		mov	r0, #0
 487 003e 0121     		mov	r1, #1
 488 0040 FFF7FEFF 		bl	SetLedsState
 170:main.c        ****         AllowNextSkier();
 489              		.loc 1 170 0
 490 0044 FFF7FEFF 		bl	AllowNextSkier
 491              	.L36:
 171:main.c        ****     }
 172:main.c        **** 
 173:main.c        ****     return result;
ARM GAS  C:\Users\Petro\AppData\Local\Temp\ccLCvfje.s 			page 13


 492              		.loc 1 173 0
 493 0048 7B68     		ldr	r3, [r7, #4]
 174:main.c        ****     
 175:main.c        **** }
 494              		.loc 1 175 0
 495 004a 181C     		mov	r0, r3
 496 004c BD46     		mov	sp, r7
 497 004e 02B0     		add	sp, sp, #8
 498              		@ sp needed
 499 0050 80BD     		pop	{r7, pc}
 500              	.L39:
 501 0052 C046     		.align	2
 502              	.L38:
 503 0054 50000000 		.word	.LC14
 504 0058 60000000 		.word	.LC16
 505              		.cfi_endproc
 506              	.LFE67:
 507              		.size	CheckGate, .-CheckGate
 508              		.section	.rodata
 509              		.align	2
 510              	.LC18:
 511 006c 53617665 		.ascii	"Save result\000"
 511      20726573 
 511      756C7400 
 512              		.align	2
 513              	.LC20:
 514 0078 4E657874 		.ascii	"Next skier\000"
 514      20736B69 
 514      657200
 515 0083 00       		.section	.text.SaveResult,"ax",%progbits
 516              		.align	2
 517              		.global	SaveResult
 518              		.code	16
 519              		.thumb_func
 520              		.type	SaveResult, %function
 521              	SaveResult:
 522              	.LFB68:
 176:main.c        **** 
 177:main.c        **** uint32_t SaveResult(void)
 178:main.c        **** {
 523              		.loc 1 178 0
 524              		.cfi_startproc
 525 0000 90B5     		push	{r4, r7, lr}
 526              		.cfi_def_cfa_offset 12
 527              		.cfi_offset 4, -12
 528              		.cfi_offset 7, -8
 529              		.cfi_offset 14, -4
 530 0002 87B0     		sub	sp, sp, #28
 531              		.cfi_def_cfa_offset 40
 532 0004 00AF     		add	r7, sp, #0
 533              		.cfi_def_cfa_register 7
 179:main.c        ****     uint32_t result;
 180:main.c        ****     uint64_t startUnixTime;
 181:main.c        ****     uint32_t startRecentMs;
 182:main.c        ****     
 183:main.c        ****     //LedRedBlink(FREQ_INIT_BLINK);
 184:main.c        ****     SetLedsState(LED_ENABLE, LED_DISABLE);
ARM GAS  C:\Users\Petro\AppData\Local\Temp\ccLCvfje.s 			page 14


 534              		.loc 1 184 0
 535 0006 0120     		mov	r0, #1
 536 0008 0021     		mov	r1, #0
 537 000a FFF7FEFF 		bl	SetLedsState
 185:main.c        ****     
 186:main.c        ****     Display("Save result");
 538              		.loc 1 186 0
 539 000e 134B     		ldr	r3, .L42
 540 0010 181C     		mov	r0, r3
 541 0012 FFF7FEFF 		bl	Display
 187:main.c        ****     
 188:main.c        ****     GetStartTime(&startUnixTime, &startRecentMs);
 542              		.loc 1 188 0
 543 0016 0823     		mov	r3, #8
 544 0018 FA18     		add	r2, r7, r3
 545 001a 3B1D     		add	r3, r7, #4
 546 001c 101C     		mov	r0, r2
 547 001e 191C     		mov	r1, r3
 548 0020 FFF7FEFF 		bl	GetStartTime
 189:main.c        ****     SendSkierStart(startUnixTime, startRecentMs);
 549              		.loc 1 189 0
 550 0024 BB68     		ldr	r3, [r7, #8]
 551 0026 FC68     		ldr	r4, [r7, #12]
 552 0028 7A68     		ldr	r2, [r7, #4]
 553 002a 181C     		mov	r0, r3
 554 002c 211C     		mov	r1, r4
 555 002e FFF7FEFF 		bl	SendSkierStart
 190:main.c        ****     Delay(TIMEOUT_USER_READ_INFO);
 556              		.loc 1 190 0
 557 0032 FA23     		mov	r3, #250
 558 0034 5B00     		lsl	r3, r3, #1
 559 0036 181C     		mov	r0, r3
 560 0038 FFF7FEFF 		bl	Delay
 191:main.c        ****     
 192:main.c        ****     Display("Next skier");
 561              		.loc 1 192 0
 562 003c 084B     		ldr	r3, .L42+4
 563 003e 181C     		mov	r0, r3
 564 0040 FFF7FEFF 		bl	Display
 193:main.c        ****     Delay(TIMEOUT_NEXT_SKIER);
 565              		.loc 1 193 0
 566 0044 074B     		ldr	r3, .L42+8
 567 0046 181C     		mov	r0, r3
 568 0048 FFF7FEFF 		bl	Delay
 194:main.c        ****     
 195:main.c        ****     result = NO_ERROR;
 569              		.loc 1 195 0
 570 004c 0123     		mov	r3, #1
 571 004e 7B61     		str	r3, [r7, #20]
 196:main.c        ****     
 197:main.c        ****     return result;
 572              		.loc 1 197 0
 573 0050 7B69     		ldr	r3, [r7, #20]
 198:main.c        ****     
 199:main.c        **** }
 574              		.loc 1 199 0
 575 0052 181C     		mov	r0, r3
ARM GAS  C:\Users\Petro\AppData\Local\Temp\ccLCvfje.s 			page 15


 576 0054 BD46     		mov	sp, r7
 577 0056 07B0     		add	sp, sp, #28
 578              		@ sp needed
 579 0058 90BD     		pop	{r4, r7, pc}
 580              	.L43:
 581 005a C046     		.align	2
 582              	.L42:
 583 005c 6C000000 		.word	.LC18
 584 0060 78000000 		.word	.LC20
 585 0064 B80B0000 		.word	3000
 586              		.cfi_endproc
 587              	.LFE68:
 588              		.size	SaveResult, .-SaveResult
 589              		.section	.text.Delay,"ax",%progbits
 590              		.align	2
 591              		.global	Delay
 592              		.code	16
 593              		.thumb_func
 594              		.type	Delay, %function
 595              	Delay:
 596              	.LFB69:
 200:main.c        **** 
 201:main.c        **** void Delay(uint32_t delayMs)
 202:main.c        **** {
 597              		.loc 1 202 0
 598              		.cfi_startproc
 599 0000 80B5     		push	{r7, lr}
 600              		.cfi_def_cfa_offset 8
 601              		.cfi_offset 7, -8
 602              		.cfi_offset 14, -4
 603 0002 82B0     		sub	sp, sp, #8
 604              		.cfi_def_cfa_offset 16
 605 0004 00AF     		add	r7, sp, #0
 606              		.cfi_def_cfa_register 7
 607 0006 7860     		str	r0, [r7, #4]
 203:main.c        ****     while(delayMs --)
 608              		.loc 1 203 0
 609 0008 04E0     		b	.L45
 610              	.L46:
 204:main.c        ****     {
 205:main.c        ****         CyDelay(1);
 611              		.loc 1 205 0
 612 000a 0120     		mov	r0, #1
 613 000c FFF7FEFF 		bl	CyDelay
 206:main.c        ****         TaskCheck();
 614              		.loc 1 206 0
 615 0010 FFF7FEFF 		bl	TaskCheck
 616              	.L45:
 203:main.c        ****     while(delayMs --)
 617              		.loc 1 203 0
 618 0014 7B68     		ldr	r3, [r7, #4]
 619 0016 5A1E     		sub	r2, r3, #1
 620 0018 7A60     		str	r2, [r7, #4]
 621 001a 002B     		cmp	r3, #0
 622 001c F5D1     		bne	.L46
 207:main.c        ****     }
 208:main.c        **** }
ARM GAS  C:\Users\Petro\AppData\Local\Temp\ccLCvfje.s 			page 16


 623              		.loc 1 208 0
 624 001e BD46     		mov	sp, r7
 625 0020 02B0     		add	sp, sp, #8
 626              		@ sp needed
 627 0022 80BD     		pop	{r7, pc}
 628              		.cfi_endproc
 629              	.LFE69:
 630              		.size	Delay, .-Delay
 631              		.text
 632              	.Letext0:
 633              		.file 2 "c:\\program files (x86)\\cypress\\psoc creator\\4.0\\psoc creator\\import\\gnu\\arm\\4.9.
 634              		.file 3 "c:\\program files (x86)\\cypress\\psoc creator\\4.0\\psoc creator\\import\\gnu\\arm\\4.9.
 635              		.file 4 "lib_TaskTimer\\taskAutomat.h"
 636              		.file 5 "appGlobal.h"
 637              		.section	.debug_info,"",%progbits
 638              	.Ldebug_info0:
 639 0000 2B020000 		.4byte	0x22b
 640 0004 0400     		.2byte	0x4
 641 0006 00000000 		.4byte	.Ldebug_abbrev0
 642 000a 04       		.byte	0x4
 643 000b 01       		.uleb128 0x1
 644 000c 29010000 		.4byte	.LASF36
 645 0010 01       		.byte	0x1
 646 0011 4A020000 		.4byte	.LASF37
 647 0015 A8000000 		.4byte	.LASF38
 648 0019 00000000 		.4byte	.Ldebug_ranges0+0
 649 001d 00000000 		.4byte	0
 650 0021 00000000 		.4byte	.Ldebug_line0
 651 0025 02       		.uleb128 0x2
 652 0026 01       		.byte	0x1
 653 0027 06       		.byte	0x6
 654 0028 7D020000 		.4byte	.LASF0
 655 002c 02       		.uleb128 0x2
 656 002d 01       		.byte	0x1
 657 002e 08       		.byte	0x8
 658 002f 6D000000 		.4byte	.LASF1
 659 0033 02       		.uleb128 0x2
 660 0034 02       		.byte	0x2
 661 0035 05       		.byte	0x5
 662 0036 56020000 		.4byte	.LASF2
 663 003a 02       		.uleb128 0x2
 664 003b 02       		.byte	0x2
 665 003c 07       		.byte	0x7
 666 003d 95000000 		.4byte	.LASF3
 667 0041 02       		.uleb128 0x2
 668 0042 04       		.byte	0x4
 669 0043 05       		.byte	0x5
 670 0044 74020000 		.4byte	.LASF4
 671 0048 03       		.uleb128 0x3
 672 0049 1E010000 		.4byte	.LASF7
 673 004d 02       		.byte	0x2
 674 004e 41       		.byte	0x41
 675 004f 53000000 		.4byte	0x53
 676 0053 02       		.uleb128 0x2
 677 0054 04       		.byte	0x4
 678 0055 07       		.byte	0x7
 679 0056 83000000 		.4byte	.LASF5
ARM GAS  C:\Users\Petro\AppData\Local\Temp\ccLCvfje.s 			page 17


 680 005a 02       		.uleb128 0x2
 681 005b 08       		.byte	0x8
 682 005c 05       		.byte	0x5
 683 005d 3C020000 		.4byte	.LASF6
 684 0061 03       		.uleb128 0x3
 685 0062 60020000 		.4byte	.LASF8
 686 0066 02       		.byte	0x2
 687 0067 5B       		.byte	0x5b
 688 0068 6C000000 		.4byte	0x6c
 689 006c 02       		.uleb128 0x2
 690 006d 08       		.byte	0x8
 691 006e 07       		.byte	0x7
 692 006f F1010000 		.4byte	.LASF9
 693 0073 04       		.uleb128 0x4
 694 0074 04       		.byte	0x4
 695 0075 05       		.byte	0x5
 696 0076 696E7400 		.ascii	"int\000"
 697 007a 02       		.uleb128 0x2
 698 007b 04       		.byte	0x4
 699 007c 07       		.byte	0x7
 700 007d E4010000 		.4byte	.LASF10
 701 0081 03       		.uleb128 0x3
 702 0082 6B020000 		.4byte	.LASF11
 703 0086 03       		.byte	0x3
 704 0087 2D       		.byte	0x2d
 705 0088 48000000 		.4byte	0x48
 706 008c 03       		.uleb128 0x3
 707 008d 5E000000 		.4byte	.LASF12
 708 0091 03       		.byte	0x3
 709 0092 39       		.byte	0x39
 710 0093 61000000 		.4byte	0x61
 711 0097 02       		.uleb128 0x2
 712 0098 04       		.byte	0x4
 713 0099 04       		.byte	0x4
 714 009a 67000000 		.4byte	.LASF13
 715 009e 02       		.uleb128 0x2
 716 009f 08       		.byte	0x8
 717 00a0 04       		.byte	0x4
 718 00a1 0D010000 		.4byte	.LASF14
 719 00a5 02       		.uleb128 0x2
 720 00a6 01       		.byte	0x1
 721 00a7 08       		.byte	0x8
 722 00a8 51020000 		.4byte	.LASF15
 723 00ac 02       		.uleb128 0x2
 724 00ad 04       		.byte	0x4
 725 00ae 07       		.byte	0x7
 726 00af 33020000 		.4byte	.LASF16
 727 00b3 05       		.uleb128 0x5
 728 00b4 01       		.byte	0x1
 729 00b5 04       		.byte	0x4
 730 00b6 0C       		.byte	0xc
 731 00b7 DA000000 		.4byte	0xda
 732 00bb 06       		.uleb128 0x6
 733 00bc 2C000000 		.4byte	.LASF17
 734 00c0 00       		.sleb128 0
 735 00c1 06       		.uleb128 0x6
 736 00c2 34000000 		.4byte	.LASF18
ARM GAS  C:\Users\Petro\AppData\Local\Temp\ccLCvfje.s 			page 18


 737 00c6 01       		.sleb128 1
 738 00c7 06       		.uleb128 0x6
 739 00c8 3C000000 		.4byte	.LASF19
 740 00cc 02       		.sleb128 2
 741 00cd 06       		.uleb128 0x6
 742 00ce 44000000 		.4byte	.LASF20
 743 00d2 03       		.sleb128 3
 744 00d3 06       		.uleb128 0x6
 745 00d4 4C000000 		.4byte	.LASF21
 746 00d8 04       		.sleb128 4
 747 00d9 00       		.byte	0
 748 00da 05       		.uleb128 0x5
 749 00db 01       		.byte	0x1
 750 00dc 05       		.byte	0x5
 751 00dd 14       		.byte	0x14
 752 00de FB000000 		.4byte	0xfb
 753 00e2 06       		.uleb128 0x6
 754 00e3 14010000 		.4byte	.LASF22
 755 00e7 00       		.sleb128 0
 756 00e8 06       		.uleb128 0x6
 757 00e9 00000000 		.4byte	.LASF23
 758 00ed 01       		.sleb128 1
 759 00ee 06       		.uleb128 0x6
 760 00ef 02010000 		.4byte	.LASF24
 761 00f3 02       		.sleb128 2
 762 00f4 06       		.uleb128 0x6
 763 00f5 89020000 		.4byte	.LASF25
 764 00f9 03       		.sleb128 3
 765 00fa 00       		.byte	0
 766 00fb 03       		.uleb128 0x3
 767 00fc B7010000 		.4byte	.LASF26
 768 0100 05       		.byte	0x5
 769 0101 14       		.byte	0x14
 770 0102 DA000000 		.4byte	0xda
 771 0106 07       		.uleb128 0x7
 772 0107 DF010000 		.4byte	.LASF27
 773 010b 01       		.byte	0x1
 774 010c 03       		.byte	0x3
 775 010d 73000000 		.4byte	0x73
 776 0111 00000000 		.4byte	.LFB63
 777 0115 B4000000 		.4byte	.LFE63-.LFB63
 778 0119 01       		.uleb128 0x1
 779 011a 9C       		.byte	0x9c
 780 011b 08       		.uleb128 0x8
 781 011c 1A020000 		.4byte	.LASF28
 782 0120 01       		.byte	0x1
 783 0121 3D       		.byte	0x3d
 784 0122 00000000 		.4byte	.LFB64
 785 0126 68000000 		.4byte	.LFE64-.LFB64
 786 012a 01       		.uleb128 0x1
 787 012b 9C       		.byte	0x9c
 788 012c 09       		.uleb128 0x9
 789 012d CF010000 		.4byte	.LASF29
 790 0131 01       		.byte	0x1
 791 0132 56       		.byte	0x56
 792 0133 81000000 		.4byte	0x81
 793 0137 00000000 		.4byte	.LFB65
ARM GAS  C:\Users\Petro\AppData\Local\Temp\ccLCvfje.s 			page 19


 794 013b 8C000000 		.4byte	.LFE65-.LFB65
 795 013f 01       		.uleb128 0x1
 796 0140 9C       		.byte	0x9c
 797 0141 54010000 		.4byte	0x154
 798 0145 0A       		.uleb128 0xa
 799 0146 13020000 		.4byte	.LASF31
 800 014a 01       		.byte	0x1
 801 014b 58       		.byte	0x58
 802 014c 81000000 		.4byte	0x81
 803 0150 02       		.uleb128 0x2
 804 0151 91       		.byte	0x91
 805 0152 74       		.sleb128 -12
 806 0153 00       		.byte	0
 807 0154 09       		.uleb128 0x9
 808 0155 1C000000 		.4byte	.LASF30
 809 0159 01       		.byte	0x1
 810 015a 7C       		.byte	0x7c
 811 015b 81000000 		.4byte	0x81
 812 015f 00000000 		.4byte	.LFB66
 813 0163 68000000 		.4byte	.LFE66-.LFB66
 814 0167 01       		.uleb128 0x1
 815 0168 9C       		.byte	0x9c
 816 0169 7C010000 		.4byte	0x17c
 817 016d 0A       		.uleb128 0xa
 818 016e 13020000 		.4byte	.LASF31
 819 0172 01       		.byte	0x1
 820 0173 7E       		.byte	0x7e
 821 0174 81000000 		.4byte	0x81
 822 0178 02       		.uleb128 0x2
 823 0179 91       		.byte	0x91
 824 017a 74       		.sleb128 -12
 825 017b 00       		.byte	0
 826 017c 09       		.uleb128 0x9
 827 017d 54000000 		.4byte	.LASF32
 828 0181 01       		.byte	0x1
 829 0182 99       		.byte	0x99
 830 0183 81000000 		.4byte	0x81
 831 0187 00000000 		.4byte	.LFB67
 832 018b 5C000000 		.4byte	.LFE67-.LFB67
 833 018f 01       		.uleb128 0x1
 834 0190 9C       		.byte	0x9c
 835 0191 A4010000 		.4byte	0x1a4
 836 0195 0A       		.uleb128 0xa
 837 0196 13020000 		.4byte	.LASF31
 838 019a 01       		.byte	0x1
 839 019b 9B       		.byte	0x9b
 840 019c 81000000 		.4byte	0x81
 841 01a0 02       		.uleb128 0x2
 842 01a1 91       		.byte	0x91
 843 01a2 74       		.sleb128 -12
 844 01a3 00       		.byte	0
 845 01a4 09       		.uleb128 0x9
 846 01a5 08020000 		.4byte	.LASF33
 847 01a9 01       		.byte	0x1
 848 01aa B1       		.byte	0xb1
 849 01ab 81000000 		.4byte	0x81
 850 01af 00000000 		.4byte	.LFB68
ARM GAS  C:\Users\Petro\AppData\Local\Temp\ccLCvfje.s 			page 20


 851 01b3 68000000 		.4byte	.LFE68-.LFB68
 852 01b7 01       		.uleb128 0x1
 853 01b8 9C       		.byte	0x9c
 854 01b9 E8010000 		.4byte	0x1e8
 855 01bd 0A       		.uleb128 0xa
 856 01be 13020000 		.4byte	.LASF31
 857 01c2 01       		.byte	0x1
 858 01c3 B3       		.byte	0xb3
 859 01c4 81000000 		.4byte	0x81
 860 01c8 02       		.uleb128 0x2
 861 01c9 91       		.byte	0x91
 862 01ca 6C       		.sleb128 -20
 863 01cb 0A       		.uleb128 0xa
 864 01cc 25020000 		.4byte	.LASF34
 865 01d0 01       		.byte	0x1
 866 01d1 B4       		.byte	0xb4
 867 01d2 8C000000 		.4byte	0x8c
 868 01d6 02       		.uleb128 0x2
 869 01d7 91       		.byte	0x91
 870 01d8 60       		.sleb128 -32
 871 01d9 0A       		.uleb128 0xa
 872 01da C1010000 		.4byte	.LASF35
 873 01de 01       		.byte	0x1
 874 01df B5       		.byte	0xb5
 875 01e0 81000000 		.4byte	0x81
 876 01e4 02       		.uleb128 0x2
 877 01e5 91       		.byte	0x91
 878 01e6 5C       		.sleb128 -36
 879 01e7 00       		.byte	0
 880 01e8 0B       		.uleb128 0xb
 881 01e9 95020000 		.4byte	.LASF39
 882 01ed 01       		.byte	0x1
 883 01ee C9       		.byte	0xc9
 884 01ef 00000000 		.4byte	.LFB69
 885 01f3 24000000 		.4byte	.LFE69-.LFB69
 886 01f7 01       		.uleb128 0x1
 887 01f8 9C       		.byte	0x9c
 888 01f9 0C020000 		.4byte	0x20c
 889 01fd 0C       		.uleb128 0xc
 890 01fe 7B000000 		.4byte	.LASF40
 891 0202 01       		.byte	0x1
 892 0203 C9       		.byte	0xc9
 893 0204 81000000 		.4byte	0x81
 894 0208 02       		.uleb128 0x2
 895 0209 91       		.byte	0x91
 896 020a 74       		.sleb128 -12
 897 020b 00       		.byte	0
 898 020c 0A       		.uleb128 0xa
 899 020d 13020000 		.4byte	.LASF31
 900 0211 05       		.byte	0x5
 901 0212 17       		.byte	0x17
 902 0213 81000000 		.4byte	0x81
 903 0217 05       		.uleb128 0x5
 904 0218 03       		.byte	0x3
 905 0219 00000000 		.4byte	result
 906 021d 0D       		.uleb128 0xd
 907 021e 0F000000 		.4byte	.LASF41
ARM GAS  C:\Users\Petro\AppData\Local\Temp\ccLCvfje.s 			page 21


 908 0222 05       		.byte	0x5
 909 0223 15       		.byte	0x15
 910 0224 FB000000 		.4byte	0xfb
 911 0228 05       		.uleb128 0x5
 912 0229 03       		.byte	0x3
 913 022a 00000000 		.4byte	currentState
 914 022e 00       		.byte	0
 915              		.section	.debug_abbrev,"",%progbits
 916              	.Ldebug_abbrev0:
 917 0000 01       		.uleb128 0x1
 918 0001 11       		.uleb128 0x11
 919 0002 01       		.byte	0x1
 920 0003 25       		.uleb128 0x25
 921 0004 0E       		.uleb128 0xe
 922 0005 13       		.uleb128 0x13
 923 0006 0B       		.uleb128 0xb
 924 0007 03       		.uleb128 0x3
 925 0008 0E       		.uleb128 0xe
 926 0009 1B       		.uleb128 0x1b
 927 000a 0E       		.uleb128 0xe
 928 000b 55       		.uleb128 0x55
 929 000c 17       		.uleb128 0x17
 930 000d 11       		.uleb128 0x11
 931 000e 01       		.uleb128 0x1
 932 000f 10       		.uleb128 0x10
 933 0010 17       		.uleb128 0x17
 934 0011 00       		.byte	0
 935 0012 00       		.byte	0
 936 0013 02       		.uleb128 0x2
 937 0014 24       		.uleb128 0x24
 938 0015 00       		.byte	0
 939 0016 0B       		.uleb128 0xb
 940 0017 0B       		.uleb128 0xb
 941 0018 3E       		.uleb128 0x3e
 942 0019 0B       		.uleb128 0xb
 943 001a 03       		.uleb128 0x3
 944 001b 0E       		.uleb128 0xe
 945 001c 00       		.byte	0
 946 001d 00       		.byte	0
 947 001e 03       		.uleb128 0x3
 948 001f 16       		.uleb128 0x16
 949 0020 00       		.byte	0
 950 0021 03       		.uleb128 0x3
 951 0022 0E       		.uleb128 0xe
 952 0023 3A       		.uleb128 0x3a
 953 0024 0B       		.uleb128 0xb
 954 0025 3B       		.uleb128 0x3b
 955 0026 0B       		.uleb128 0xb
 956 0027 49       		.uleb128 0x49
 957 0028 13       		.uleb128 0x13
 958 0029 00       		.byte	0
 959 002a 00       		.byte	0
 960 002b 04       		.uleb128 0x4
 961 002c 24       		.uleb128 0x24
 962 002d 00       		.byte	0
 963 002e 0B       		.uleb128 0xb
 964 002f 0B       		.uleb128 0xb
ARM GAS  C:\Users\Petro\AppData\Local\Temp\ccLCvfje.s 			page 22


 965 0030 3E       		.uleb128 0x3e
 966 0031 0B       		.uleb128 0xb
 967 0032 03       		.uleb128 0x3
 968 0033 08       		.uleb128 0x8
 969 0034 00       		.byte	0
 970 0035 00       		.byte	0
 971 0036 05       		.uleb128 0x5
 972 0037 04       		.uleb128 0x4
 973 0038 01       		.byte	0x1
 974 0039 0B       		.uleb128 0xb
 975 003a 0B       		.uleb128 0xb
 976 003b 3A       		.uleb128 0x3a
 977 003c 0B       		.uleb128 0xb
 978 003d 3B       		.uleb128 0x3b
 979 003e 0B       		.uleb128 0xb
 980 003f 01       		.uleb128 0x1
 981 0040 13       		.uleb128 0x13
 982 0041 00       		.byte	0
 983 0042 00       		.byte	0
 984 0043 06       		.uleb128 0x6
 985 0044 28       		.uleb128 0x28
 986 0045 00       		.byte	0
 987 0046 03       		.uleb128 0x3
 988 0047 0E       		.uleb128 0xe
 989 0048 1C       		.uleb128 0x1c
 990 0049 0D       		.uleb128 0xd
 991 004a 00       		.byte	0
 992 004b 00       		.byte	0
 993 004c 07       		.uleb128 0x7
 994 004d 2E       		.uleb128 0x2e
 995 004e 00       		.byte	0
 996 004f 3F       		.uleb128 0x3f
 997 0050 19       		.uleb128 0x19
 998 0051 03       		.uleb128 0x3
 999 0052 0E       		.uleb128 0xe
 1000 0053 3A       		.uleb128 0x3a
 1001 0054 0B       		.uleb128 0xb
 1002 0055 3B       		.uleb128 0x3b
 1003 0056 0B       		.uleb128 0xb
 1004 0057 49       		.uleb128 0x49
 1005 0058 13       		.uleb128 0x13
 1006 0059 11       		.uleb128 0x11
 1007 005a 01       		.uleb128 0x1
 1008 005b 12       		.uleb128 0x12
 1009 005c 06       		.uleb128 0x6
 1010 005d 40       		.uleb128 0x40
 1011 005e 18       		.uleb128 0x18
 1012 005f 9642     		.uleb128 0x2116
 1013 0061 19       		.uleb128 0x19
 1014 0062 00       		.byte	0
 1015 0063 00       		.byte	0
 1016 0064 08       		.uleb128 0x8
 1017 0065 2E       		.uleb128 0x2e
 1018 0066 00       		.byte	0
 1019 0067 3F       		.uleb128 0x3f
 1020 0068 19       		.uleb128 0x19
 1021 0069 03       		.uleb128 0x3
ARM GAS  C:\Users\Petro\AppData\Local\Temp\ccLCvfje.s 			page 23


 1022 006a 0E       		.uleb128 0xe
 1023 006b 3A       		.uleb128 0x3a
 1024 006c 0B       		.uleb128 0xb
 1025 006d 3B       		.uleb128 0x3b
 1026 006e 0B       		.uleb128 0xb
 1027 006f 27       		.uleb128 0x27
 1028 0070 19       		.uleb128 0x19
 1029 0071 11       		.uleb128 0x11
 1030 0072 01       		.uleb128 0x1
 1031 0073 12       		.uleb128 0x12
 1032 0074 06       		.uleb128 0x6
 1033 0075 40       		.uleb128 0x40
 1034 0076 18       		.uleb128 0x18
 1035 0077 9642     		.uleb128 0x2116
 1036 0079 19       		.uleb128 0x19
 1037 007a 00       		.byte	0
 1038 007b 00       		.byte	0
 1039 007c 09       		.uleb128 0x9
 1040 007d 2E       		.uleb128 0x2e
 1041 007e 01       		.byte	0x1
 1042 007f 3F       		.uleb128 0x3f
 1043 0080 19       		.uleb128 0x19
 1044 0081 03       		.uleb128 0x3
 1045 0082 0E       		.uleb128 0xe
 1046 0083 3A       		.uleb128 0x3a
 1047 0084 0B       		.uleb128 0xb
 1048 0085 3B       		.uleb128 0x3b
 1049 0086 0B       		.uleb128 0xb
 1050 0087 27       		.uleb128 0x27
 1051 0088 19       		.uleb128 0x19
 1052 0089 49       		.uleb128 0x49
 1053 008a 13       		.uleb128 0x13
 1054 008b 11       		.uleb128 0x11
 1055 008c 01       		.uleb128 0x1
 1056 008d 12       		.uleb128 0x12
 1057 008e 06       		.uleb128 0x6
 1058 008f 40       		.uleb128 0x40
 1059 0090 18       		.uleb128 0x18
 1060 0091 9642     		.uleb128 0x2116
 1061 0093 19       		.uleb128 0x19
 1062 0094 01       		.uleb128 0x1
 1063 0095 13       		.uleb128 0x13
 1064 0096 00       		.byte	0
 1065 0097 00       		.byte	0
 1066 0098 0A       		.uleb128 0xa
 1067 0099 34       		.uleb128 0x34
 1068 009a 00       		.byte	0
 1069 009b 03       		.uleb128 0x3
 1070 009c 0E       		.uleb128 0xe
 1071 009d 3A       		.uleb128 0x3a
 1072 009e 0B       		.uleb128 0xb
 1073 009f 3B       		.uleb128 0x3b
 1074 00a0 0B       		.uleb128 0xb
 1075 00a1 49       		.uleb128 0x49
 1076 00a2 13       		.uleb128 0x13
 1077 00a3 02       		.uleb128 0x2
 1078 00a4 18       		.uleb128 0x18
ARM GAS  C:\Users\Petro\AppData\Local\Temp\ccLCvfje.s 			page 24


 1079 00a5 00       		.byte	0
 1080 00a6 00       		.byte	0
 1081 00a7 0B       		.uleb128 0xb
 1082 00a8 2E       		.uleb128 0x2e
 1083 00a9 01       		.byte	0x1
 1084 00aa 3F       		.uleb128 0x3f
 1085 00ab 19       		.uleb128 0x19
 1086 00ac 03       		.uleb128 0x3
 1087 00ad 0E       		.uleb128 0xe
 1088 00ae 3A       		.uleb128 0x3a
 1089 00af 0B       		.uleb128 0xb
 1090 00b0 3B       		.uleb128 0x3b
 1091 00b1 0B       		.uleb128 0xb
 1092 00b2 27       		.uleb128 0x27
 1093 00b3 19       		.uleb128 0x19
 1094 00b4 11       		.uleb128 0x11
 1095 00b5 01       		.uleb128 0x1
 1096 00b6 12       		.uleb128 0x12
 1097 00b7 06       		.uleb128 0x6
 1098 00b8 40       		.uleb128 0x40
 1099 00b9 18       		.uleb128 0x18
 1100 00ba 9642     		.uleb128 0x2116
 1101 00bc 19       		.uleb128 0x19
 1102 00bd 01       		.uleb128 0x1
 1103 00be 13       		.uleb128 0x13
 1104 00bf 00       		.byte	0
 1105 00c0 00       		.byte	0
 1106 00c1 0C       		.uleb128 0xc
 1107 00c2 05       		.uleb128 0x5
 1108 00c3 00       		.byte	0
 1109 00c4 03       		.uleb128 0x3
 1110 00c5 0E       		.uleb128 0xe
 1111 00c6 3A       		.uleb128 0x3a
 1112 00c7 0B       		.uleb128 0xb
 1113 00c8 3B       		.uleb128 0x3b
 1114 00c9 0B       		.uleb128 0xb
 1115 00ca 49       		.uleb128 0x49
 1116 00cb 13       		.uleb128 0x13
 1117 00cc 02       		.uleb128 0x2
 1118 00cd 18       		.uleb128 0x18
 1119 00ce 00       		.byte	0
 1120 00cf 00       		.byte	0
 1121 00d0 0D       		.uleb128 0xd
 1122 00d1 34       		.uleb128 0x34
 1123 00d2 00       		.byte	0
 1124 00d3 03       		.uleb128 0x3
 1125 00d4 0E       		.uleb128 0xe
 1126 00d5 3A       		.uleb128 0x3a
 1127 00d6 0B       		.uleb128 0xb
 1128 00d7 3B       		.uleb128 0x3b
 1129 00d8 0B       		.uleb128 0xb
 1130 00d9 49       		.uleb128 0x49
 1131 00da 13       		.uleb128 0x13
 1132 00db 3F       		.uleb128 0x3f
 1133 00dc 19       		.uleb128 0x19
 1134 00dd 02       		.uleb128 0x2
 1135 00de 18       		.uleb128 0x18
ARM GAS  C:\Users\Petro\AppData\Local\Temp\ccLCvfje.s 			page 25


 1136 00df 00       		.byte	0
 1137 00e0 00       		.byte	0
 1138 00e1 00       		.byte	0
 1139              		.section	.debug_aranges,"",%progbits
 1140 0000 4C000000 		.4byte	0x4c
 1141 0004 0200     		.2byte	0x2
 1142 0006 00000000 		.4byte	.Ldebug_info0
 1143 000a 04       		.byte	0x4
 1144 000b 00       		.byte	0
 1145 000c 0000     		.2byte	0
 1146 000e 0000     		.2byte	0
 1147 0010 00000000 		.4byte	.LFB63
 1148 0014 B4000000 		.4byte	.LFE63-.LFB63
 1149 0018 00000000 		.4byte	.LFB64
 1150 001c 68000000 		.4byte	.LFE64-.LFB64
 1151 0020 00000000 		.4byte	.LFB65
 1152 0024 8C000000 		.4byte	.LFE65-.LFB65
 1153 0028 00000000 		.4byte	.LFB66
 1154 002c 68000000 		.4byte	.LFE66-.LFB66
 1155 0030 00000000 		.4byte	.LFB67
 1156 0034 5C000000 		.4byte	.LFE67-.LFB67
 1157 0038 00000000 		.4byte	.LFB68
 1158 003c 68000000 		.4byte	.LFE68-.LFB68
 1159 0040 00000000 		.4byte	.LFB69
 1160 0044 24000000 		.4byte	.LFE69-.LFB69
 1161 0048 00000000 		.4byte	0
 1162 004c 00000000 		.4byte	0
 1163              		.section	.debug_ranges,"",%progbits
 1164              	.Ldebug_ranges0:
 1165 0000 00000000 		.4byte	.LFB63
 1166 0004 B4000000 		.4byte	.LFE63
 1167 0008 00000000 		.4byte	.LFB64
 1168 000c 68000000 		.4byte	.LFE64
 1169 0010 00000000 		.4byte	.LFB65
 1170 0014 8C000000 		.4byte	.LFE65
 1171 0018 00000000 		.4byte	.LFB66
 1172 001c 68000000 		.4byte	.LFE66
 1173 0020 00000000 		.4byte	.LFB67
 1174 0024 5C000000 		.4byte	.LFE67
 1175 0028 00000000 		.4byte	.LFB68
 1176 002c 68000000 		.4byte	.LFE68
 1177 0030 00000000 		.4byte	.LFB69
 1178 0034 24000000 		.4byte	.LFE69
 1179 0038 00000000 		.4byte	0
 1180 003c 00000000 		.4byte	0
 1181              		.section	.debug_line,"",%progbits
 1182              	.Ldebug_line0:
 1183 0000 1F020000 		.section	.debug_str,"MS",%progbits,1
 1183      02004301 
 1183      00000201 
 1183      FB0E0D00 
 1183      01010101 
 1184              	.LASF23:
 1185 0000 4745545F 		.ascii	"GET_FIN_STATUS\000"
 1185      46494E5F 
 1185      53544154 
 1185      555300
ARM GAS  C:\Users\Petro\AppData\Local\Temp\ccLCvfje.s 			page 26


 1186              	.LASF41:
 1187 000f 63757272 		.ascii	"currentState\000"
 1187      656E7453 
 1187      74617465 
 1187      00
 1188              	.LASF30:
 1189 001c 47657446 		.ascii	"GetFinishStatus\000"
 1189      696E6973 
 1189      68537461 
 1189      74757300 
 1190              	.LASF17:
 1191 002c 41435449 		.ascii	"ACTION1\000"
 1191      4F4E3100 
 1192              	.LASF18:
 1193 0034 41435449 		.ascii	"ACTION2\000"
 1193      4F4E3200 
 1194              	.LASF19:
 1195 003c 41435449 		.ascii	"ACTION3\000"
 1195      4F4E3300 
 1196              	.LASF20:
 1197 0044 41435449 		.ascii	"ACTION4\000"
 1197      4F4E3400 
 1198              	.LASF21:
 1199 004c 41435449 		.ascii	"ACTION5\000"
 1199      4F4E3500 
 1200              	.LASF32:
 1201 0054 43686563 		.ascii	"CheckGate\000"
 1201      6B476174 
 1201      6500
 1202              	.LASF12:
 1203 005e 75696E74 		.ascii	"uint64_t\000"
 1203      36345F74 
 1203      00
 1204              	.LASF13:
 1205 0067 666C6F61 		.ascii	"float\000"
 1205      7400
 1206              	.LASF1:
 1207 006d 756E7369 		.ascii	"unsigned char\000"
 1207      676E6564 
 1207      20636861 
 1207      7200
 1208              	.LASF40:
 1209 007b 64656C61 		.ascii	"delayMs\000"
 1209      794D7300 
 1210              	.LASF5:
 1211 0083 6C6F6E67 		.ascii	"long unsigned int\000"
 1211      20756E73 
 1211      69676E65 
 1211      6420696E 
 1211      7400
 1212              	.LASF3:
 1213 0095 73686F72 		.ascii	"short unsigned int\000"
 1213      7420756E 
 1213      7369676E 
 1213      65642069 
 1213      6E7400
 1214              	.LASF38:
ARM GAS  C:\Users\Petro\AppData\Local\Temp\ccLCvfje.s 			page 27


 1215 00a8 443A5C43 		.ascii	"D:\\Cypress\\system-start-finish\\vesion 2\\fw\\sta"
 1215      79707265 
 1215      73735C73 
 1215      79737465 
 1215      6D2D7374 
 1216 00d6 72745C73 		.ascii	"rt\\sandbox\\v11_flag_machine\\start_v11.cydsn\000"
 1216      616E6462 
 1216      6F785C76 
 1216      31315F66 
 1216      6C61675F 
 1217              	.LASF24:
 1218 0102 43484543 		.ascii	"CHECK_GATE\000"
 1218      4B5F4741 
 1218      544500
 1219              	.LASF14:
 1220 010d 646F7562 		.ascii	"double\000"
 1220      6C6500
 1221              	.LASF22:
 1222 0114 54494D45 		.ascii	"TIME_SYNC\000"
 1222      5F53594E 
 1222      4300
 1223              	.LASF7:
 1224 011e 5F5F7569 		.ascii	"__uint32_t\000"
 1224      6E743332 
 1224      5F7400
 1225              	.LASF36:
 1226 0129 474E5520 		.ascii	"GNU C 4.9.3 20150303 (release) [ARM/embedded-4_9-br"
 1226      4320342E 
 1226      392E3320 
 1226      32303135 
 1226      30333033 
 1227 015c 616E6368 		.ascii	"anch revision 221220] -mcpu=cortex-m0 -mthumb -g -O"
 1227      20726576 
 1227      6973696F 
 1227      6E203232 
 1227      31323230 
 1228 018f 30202D66 		.ascii	"0 -ffunction-sections -ffat-lto-objects\000"
 1228      66756E63 
 1228      74696F6E 
 1228      2D736563 
 1228      74696F6E 
 1229              	.LASF26:
 1230 01b7 53746174 		.ascii	"StateType\000"
 1230      65547970 
 1230      6500
 1231              	.LASF35:
 1232 01c1 73746172 		.ascii	"startRecentMs\000"
 1232      74526563 
 1232      656E744D 
 1232      7300
 1233              	.LASF29:
 1234 01cf 54696D65 		.ascii	"TimeSynchronize\000"
 1234      53796E63 
 1234      68726F6E 
 1234      697A6500 
 1235              	.LASF27:
 1236 01df 6D61696E 		.ascii	"main\000"
ARM GAS  C:\Users\Petro\AppData\Local\Temp\ccLCvfje.s 			page 28


 1236      00
 1237              	.LASF10:
 1238 01e4 756E7369 		.ascii	"unsigned int\000"
 1238      676E6564 
 1238      20696E74 
 1238      00
 1239              	.LASF9:
 1240 01f1 6C6F6E67 		.ascii	"long long unsigned int\000"
 1240      206C6F6E 
 1240      6720756E 
 1240      7369676E 
 1240      65642069 
 1241              	.LASF33:
 1242 0208 53617665 		.ascii	"SaveResult\000"
 1242      52657375 
 1242      6C7400
 1243              	.LASF31:
 1244 0213 72657375 		.ascii	"result\000"
 1244      6C7400
 1245              	.LASF28:
 1246 021a 53797374 		.ascii	"SystemInit\000"
 1246      656D496E 
 1246      697400
 1247              	.LASF34:
 1248 0225 73746172 		.ascii	"startUnixTime\000"
 1248      74556E69 
 1248      7854696D 
 1248      6500
 1249              	.LASF16:
 1250 0233 73697A65 		.ascii	"sizetype\000"
 1250      74797065 
 1250      00
 1251              	.LASF6:
 1252 023c 6C6F6E67 		.ascii	"long long int\000"
 1252      206C6F6E 
 1252      6720696E 
 1252      7400
 1253              	.LASF37:
 1254 024a 6D61696E 		.ascii	"main.c\000"
 1254      2E6300
 1255              	.LASF15:
 1256 0251 63686172 		.ascii	"char\000"
 1256      00
 1257              	.LASF2:
 1258 0256 73686F72 		.ascii	"short int\000"
 1258      7420696E 
 1258      7400
 1259              	.LASF8:
 1260 0260 5F5F7569 		.ascii	"__uint64_t\000"
 1260      6E743634 
 1260      5F7400
 1261              	.LASF11:
 1262 026b 75696E74 		.ascii	"uint32_t\000"
 1262      33325F74 
 1262      00
 1263              	.LASF4:
 1264 0274 6C6F6E67 		.ascii	"long int\000"
ARM GAS  C:\Users\Petro\AppData\Local\Temp\ccLCvfje.s 			page 29


 1264      20696E74 
 1264      00
 1265              	.LASF0:
 1266 027d 7369676E 		.ascii	"signed char\000"
 1266      65642063 
 1266      68617200 
 1267              	.LASF25:
 1268 0289 53415645 		.ascii	"SAVE_RESULT\000"
 1268      5F524553 
 1268      554C5400 
 1269              	.LASF39:
 1270 0295 44656C61 		.ascii	"Delay\000"
 1270      7900
 1271              		.ident	"GCC: (GNU Tools for ARM Embedded Processors) 4.9.3 20150303 (release) [ARM/embedded-4_9-br
