ARM GAS  C:\DOCUME~1\9335~1\LOCALS~1\Temp\ccyHlXNh.s 			page 1


   1              		.cpu cortex-m0
   2              		.fpu softvfp
   3              		.eabi_attribute 20, 1
   4              		.eabi_attribute 21, 1
   5              		.eabi_attribute 23, 3
   6              		.eabi_attribute 24, 1
   7              		.eabi_attribute 25, 1
   8              		.eabi_attribute 26, 1
   9              		.eabi_attribute 30, 6
  10              		.eabi_attribute 34, 0
  11              		.eabi_attribute 18, 4
  12              		.code	16
  13              		.file	"network.c"
  14              		.text
  15              	.Ltext0:
  16              		.cfi_sections	.debug_frame
  17              		.section	.rodata
  18              		.align	2
  19              	.LC0:
  20 0000 53656E64 		.ascii	"Sending Packet For Ready Start Module\015\012\000"
  20      696E6720 
  20      5061636B 
  20      65742046 
  20      6F722052 
  21              		.align	2
  22              	.LC2:
  23 0028 4F4B2052 		.ascii	"OK RECIEVED\015\012\000"
  23      45434945 
  23      5645440D 
  23      0A00
  24 0036 0000     		.align	2
  25              	.LC4:
  26 0038 4552523A 		.ascii	"ERR: TIMEOUT\015\012\000"
  26      2054494D 
  26      454F5554 
  26      0D0A00
  27 0047 00       		.section	.text.CheckConnection,"ax",%progbits
  28              		.align	2
  29              		.global	CheckConnection
  30              		.code	16
  31              		.thumb_func
  32              		.type	CheckConnection, %function
  33              	CheckConnection:
  34              	.LFB2:
  35              		.file 1 ".\\network.c"
   1:.\network.c   **** /* ========================================
   2:.\network.c   ****  *
   3:.\network.c   ****  * Copyright YOUR COMPANY, THE YEAR
   4:.\network.c   ****  * All Rights Reserved
   5:.\network.c   ****  * UNPUBLISHED, LICENSED SOFTWARE.
   6:.\network.c   ****  *
   7:.\network.c   ****  * CONFIDENTIAL AND PROPRIETARY INFORMATION
   8:.\network.c   ****  * WHICH IS THE PROPERTY OF your company.
   9:.\network.c   ****  *
  10:.\network.c   ****  * ========================================
  11:.\network.c   **** */
  12:.\network.c   **** #include <network.h>
ARM GAS  C:\DOCUME~1\9335~1\LOCALS~1\Temp\ccyHlXNh.s 			page 2


  13:.\network.c   **** 
  14:.\network.c   **** uint32_t CheckConnection()
  15:.\network.c   **** {
  36              		.loc 1 15 0
  37              		.cfi_startproc
  38 0000 80B5     		push	{r7, lr}
  39              		.cfi_def_cfa_offset 8
  40              		.cfi_offset 7, -8
  41              		.cfi_offset 14, -4
  42 0002 84B0     		sub	sp, sp, #16
  43              		.cfi_def_cfa_offset 24
  44 0004 00AF     		add	r7, sp, #0
  45              		.cfi_def_cfa_register 7
  16:.\network.c   ****     uint32_t Stat = 0;
  46              		.loc 1 16 0
  47 0006 0023     		mov	r3, #0
  48 0008 FB60     		str	r3, [r7, #12]
  17:.\network.c   ****     uint32_t Resp = 0;
  49              		.loc 1 17 0
  50 000a 0023     		mov	r3, #0
  51 000c 7B60     		str	r3, [r7, #4]
  18:.\network.c   ****     uint32_t Ticks = 0;
  52              		.loc 1 18 0
  53 000e 0023     		mov	r3, #0
  54 0010 BB60     		str	r3, [r7, #8]
  19:.\network.c   **** 
  20:.\network.c   ****     
  21:.\network.c   ****     UART_XB_UartPutChar(XBEE_COMM_RD);
  55              		.loc 1 21 0
  56 0012 5220     		mov	r0, #82
  57 0014 FFF7FEFF 		bl	UART_XB_SpiUartWriteTxData
  22:.\network.c   ****     
  23:.\network.c   ****     #ifdef DEBUG_W_UART
  24:.\network.c   ****     UART_PC_UartPutString("Sending Packet For Ready Start Module\r\n");
  58              		.loc 1 24 0
  59 0018 154B     		ldr	r3, .L7
  60 001a 181C     		mov	r0, r3
  61 001c FFF7FEFF 		bl	UART_PC_UartPutString
  25:.\network.c   ****     #endif
  26:.\network.c   ****     
  27:.\network.c   ****     while((++Ticks<50) && !Stat)
  62              		.loc 1 27 0
  63 0020 11E0     		b	.L2
  64              	.L4:
  28:.\network.c   ****     {
  29:.\network.c   ****         CyDelay(100);
  65              		.loc 1 29 0
  66 0022 6420     		mov	r0, #100
  67 0024 FFF7FEFF 		bl	CyDelay
  30:.\network.c   ****         Resp = (UART_XB_UartGetChar() & 0xFF);
  68              		.loc 1 30 0
  69 0028 FFF7FEFF 		bl	UART_XB_UartGetChar
  70 002c 021C     		mov	r2, r0
  71 002e FF23     		mov	r3, #255
  72 0030 1340     		and	r3, r2
  73 0032 7B60     		str	r3, [r7, #4]
  31:.\network.c   ****         if( XBEE_COMM_OK == Resp)
ARM GAS  C:\DOCUME~1\9335~1\LOCALS~1\Temp\ccyHlXNh.s 			page 3


  74              		.loc 1 31 0
  75 0034 7B68     		ldr	r3, [r7, #4]
  76 0036 4F2B     		cmp	r3, #79
  77 0038 05D1     		bne	.L2
  32:.\network.c   ****         {
  33:.\network.c   ****             Stat = 1;
  78              		.loc 1 33 0
  79 003a 0123     		mov	r3, #1
  80 003c FB60     		str	r3, [r7, #12]
  34:.\network.c   ****                 #ifdef DEBUG_W_UART
  35:.\network.c   ****                 UART_PC_UartPutString("OK RECIEVED\r\n");
  81              		.loc 1 35 0
  82 003e 0D4B     		ldr	r3, .L7+4
  83 0040 181C     		mov	r0, r3
  84 0042 FFF7FEFF 		bl	UART_PC_UartPutString
  85              	.L2:
  27:.\network.c   ****     {
  86              		.loc 1 27 0
  87 0046 BB68     		ldr	r3, [r7, #8]
  88 0048 0133     		add	r3, r3, #1
  89 004a BB60     		str	r3, [r7, #8]
  90 004c BB68     		ldr	r3, [r7, #8]
  91 004e 312B     		cmp	r3, #49
  92 0050 02D8     		bhi	.L3
  27:.\network.c   ****     {
  93              		.loc 1 27 0 is_stmt 0 discriminator 1
  94 0052 FB68     		ldr	r3, [r7, #12]
  95 0054 002B     		cmp	r3, #0
  96 0056 E4D0     		beq	.L4
  97              	.L3:
  36:.\network.c   ****                 #endif
  37:.\network.c   ****         }
  38:.\network.c   ****     }
  39:.\network.c   ****     
  40:.\network.c   ****     #ifdef DEBUG_W_UART
  41:.\network.c   ****     if (!Stat)
  98              		.loc 1 41 0 is_stmt 1
  99 0058 FB68     		ldr	r3, [r7, #12]
 100 005a 002B     		cmp	r3, #0
 101 005c 03D1     		bne	.L5
  42:.\network.c   ****         UART_PC_UartPutString("ERR: TIMEOUT\r\n");
 102              		.loc 1 42 0
 103 005e 064B     		ldr	r3, .L7+8
 104 0060 181C     		mov	r0, r3
 105 0062 FFF7FEFF 		bl	UART_PC_UartPutString
 106              	.L5:
  43:.\network.c   ****     #endif    
  44:.\network.c   ****     
  45:.\network.c   ****     return Stat;
 107              		.loc 1 45 0
 108 0066 FB68     		ldr	r3, [r7, #12]
  46:.\network.c   **** }
 109              		.loc 1 46 0
 110 0068 181C     		mov	r0, r3
 111 006a BD46     		mov	sp, r7
 112 006c 04B0     		add	sp, sp, #16
 113              		@ sp needed
ARM GAS  C:\DOCUME~1\9335~1\LOCALS~1\Temp\ccyHlXNh.s 			page 4


 114 006e 80BD     		pop	{r7, pc}
 115              	.L8:
 116              		.align	2
 117              	.L7:
 118 0070 00000000 		.word	.LC0
 119 0074 28000000 		.word	.LC2
 120 0078 38000000 		.word	.LC4
 121              		.cfi_endproc
 122              	.LFE2:
 123              		.size	CheckConnection, .-CheckConnection
 124              		.section	.text.NTP_Send,"ax",%progbits
 125              		.align	2
 126              		.global	NTP_Send
 127              		.code	16
 128              		.thumb_func
 129              		.type	NTP_Send, %function
 130              	NTP_Send:
 131              	.LFB3:
  47:.\network.c   **** 
  48:.\network.c   **** uint32_t NTP_Send()
  49:.\network.c   **** {
 132              		.loc 1 49 0
 133              		.cfi_startproc
 134 0000 80B5     		push	{r7, lr}
 135              		.cfi_def_cfa_offset 8
 136              		.cfi_offset 7, -8
 137              		.cfi_offset 14, -4
 138 0002 00AF     		add	r7, sp, #0
 139              		.cfi_def_cfa_register 7
  50:.\network.c   ****     return 1u;
 140              		.loc 1 50 0
 141 0004 0123     		mov	r3, #1
  51:.\network.c   **** }
 142              		.loc 1 51 0
 143 0006 181C     		mov	r0, r3
 144 0008 BD46     		mov	sp, r7
 145              		@ sp needed
 146 000a 80BD     		pop	{r7, pc}
 147              		.cfi_endproc
 148              	.LFE3:
 149              		.size	NTP_Send, .-NTP_Send
 150              		.text
 151              	.Letext0:
 152              		.file 2 "c:\\program files\\cypress\\psoc creator\\3.3\\psoc creator\\import\\gnu\\arm\\4.9.3\\arm
 153              		.file 3 "c:\\program files\\cypress\\psoc creator\\3.3\\psoc creator\\import\\gnu\\arm\\4.9.3\\arm
 154              		.file 4 "Generated_Source\\PSoC4/cytypes.h"
 155              		.section	.debug_info,"",%progbits
 156              	.Ldebug_info0:
 157 0000 FF000000 		.4byte	0xff
 158 0004 0400     		.2byte	0x4
 159 0006 00000000 		.4byte	.Ldebug_abbrev0
 160 000a 04       		.byte	0x4
 161 000b 01       		.uleb128 0x1
 162 000c C0000000 		.4byte	.LASF19
 163 0010 01       		.byte	0x1
 164 0011 70000000 		.4byte	.LASF20
 165 0015 22000000 		.4byte	.LASF21
ARM GAS  C:\DOCUME~1\9335~1\LOCALS~1\Temp\ccyHlXNh.s 			page 5


 166 0019 00000000 		.4byte	.Ldebug_ranges0+0
 167 001d 00000000 		.4byte	0
 168 0021 00000000 		.4byte	.Ldebug_line0
 169 0025 02       		.uleb128 0x2
 170 0026 01       		.byte	0x1
 171 0027 06       		.byte	0x6
 172 0028 93010000 		.4byte	.LASF0
 173 002c 02       		.uleb128 0x2
 174 002d 01       		.byte	0x1
 175 002e 08       		.byte	0x8
 176 002f 4E010000 		.4byte	.LASF1
 177 0033 02       		.uleb128 0x2
 178 0034 02       		.byte	0x2
 179 0035 05       		.byte	0x5
 180 0036 A8010000 		.4byte	.LASF2
 181 003a 02       		.uleb128 0x2
 182 003b 02       		.byte	0x2
 183 003c 07       		.byte	0x7
 184 003d 80010000 		.4byte	.LASF3
 185 0041 02       		.uleb128 0x2
 186 0042 04       		.byte	0x4
 187 0043 05       		.byte	0x5
 188 0044 6A010000 		.4byte	.LASF4
 189 0048 03       		.uleb128 0x3
 190 0049 65000000 		.4byte	.LASF9
 191 004d 02       		.byte	0x2
 192 004e 41       		.byte	0x41
 193 004f 53000000 		.4byte	0x53
 194 0053 02       		.uleb128 0x2
 195 0054 04       		.byte	0x4
 196 0055 07       		.byte	0x7
 197 0056 7C000000 		.4byte	.LASF5
 198 005a 02       		.uleb128 0x2
 199 005b 08       		.byte	0x8
 200 005c 05       		.byte	0x5
 201 005d 00000000 		.4byte	.LASF6
 202 0061 02       		.uleb128 0x2
 203 0062 08       		.byte	0x8
 204 0063 07       		.byte	0x7
 205 0064 8E000000 		.4byte	.LASF7
 206 0068 04       		.uleb128 0x4
 207 0069 04       		.byte	0x4
 208 006a 05       		.byte	0x5
 209 006b 696E7400 		.ascii	"int\000"
 210 006f 02       		.uleb128 0x2
 211 0070 04       		.byte	0x4
 212 0071 07       		.byte	0x7
 213 0072 15000000 		.4byte	.LASF8
 214 0076 03       		.uleb128 0x3
 215 0077 61010000 		.4byte	.LASF10
 216 007b 03       		.byte	0x3
 217 007c 2D       		.byte	0x2d
 218 007d 48000000 		.4byte	0x48
 219 0081 05       		.uleb128 0x5
 220 0082 0E000000 		.4byte	.LASF11
 221 0086 04       		.byte	0x4
 222 0087 9A01     		.2byte	0x19a
ARM GAS  C:\DOCUME~1\9335~1\LOCALS~1\Temp\ccyHlXNh.s 			page 6


 223 0089 53000000 		.4byte	0x53
 224 008d 02       		.uleb128 0x2
 225 008e 04       		.byte	0x4
 226 008f 04       		.byte	0x4
 227 0090 B5000000 		.4byte	.LASF12
 228 0094 02       		.uleb128 0x2
 229 0095 08       		.byte	0x8
 230 0096 04       		.byte	0x4
 231 0097 73010000 		.4byte	.LASF13
 232 009b 02       		.uleb128 0x2
 233 009c 01       		.byte	0x1
 234 009d 08       		.byte	0x8
 235 009e 5C010000 		.4byte	.LASF14
 236 00a2 02       		.uleb128 0x2
 237 00a3 04       		.byte	0x4
 238 00a4 07       		.byte	0x7
 239 00a5 9F010000 		.4byte	.LASF15
 240 00a9 06       		.uleb128 0x6
 241 00aa A5000000 		.4byte	.LASF22
 242 00ae 01       		.byte	0x1
 243 00af 0E       		.byte	0xe
 244 00b0 76000000 		.4byte	0x76
 245 00b4 00000000 		.4byte	.LFB2
 246 00b8 7C000000 		.4byte	.LFE2-.LFB2
 247 00bc 01       		.uleb128 0x1
 248 00bd 9C       		.byte	0x9c
 249 00be ED000000 		.4byte	0xed
 250 00c2 07       		.uleb128 0x7
 251 00c3 BB010000 		.4byte	.LASF16
 252 00c7 01       		.byte	0x1
 253 00c8 10       		.byte	0x10
 254 00c9 76000000 		.4byte	0x76
 255 00cd 02       		.uleb128 0x2
 256 00ce 91       		.byte	0x91
 257 00cf 74       		.sleb128 -12
 258 00d0 07       		.uleb128 0x7
 259 00d1 BB000000 		.4byte	.LASF17
 260 00d5 01       		.byte	0x1
 261 00d6 11       		.byte	0x11
 262 00d7 76000000 		.4byte	0x76
 263 00db 02       		.uleb128 0x2
 264 00dc 91       		.byte	0x91
 265 00dd 6C       		.sleb128 -20
 266 00de 07       		.uleb128 0x7
 267 00df 7A010000 		.4byte	.LASF18
 268 00e3 01       		.byte	0x1
 269 00e4 12       		.byte	0x12
 270 00e5 76000000 		.4byte	0x76
 271 00e9 02       		.uleb128 0x2
 272 00ea 91       		.byte	0x91
 273 00eb 70       		.sleb128 -16
 274 00ec 00       		.byte	0
 275 00ed 08       		.uleb128 0x8
 276 00ee B2010000 		.4byte	.LASF23
 277 00f2 01       		.byte	0x1
 278 00f3 30       		.byte	0x30
 279 00f4 76000000 		.4byte	0x76
ARM GAS  C:\DOCUME~1\9335~1\LOCALS~1\Temp\ccyHlXNh.s 			page 7


 280 00f8 00000000 		.4byte	.LFB3
 281 00fc 0C000000 		.4byte	.LFE3-.LFB3
 282 0100 01       		.uleb128 0x1
 283 0101 9C       		.byte	0x9c
 284 0102 00       		.byte	0
 285              		.section	.debug_abbrev,"",%progbits
 286              	.Ldebug_abbrev0:
 287 0000 01       		.uleb128 0x1
 288 0001 11       		.uleb128 0x11
 289 0002 01       		.byte	0x1
 290 0003 25       		.uleb128 0x25
 291 0004 0E       		.uleb128 0xe
 292 0005 13       		.uleb128 0x13
 293 0006 0B       		.uleb128 0xb
 294 0007 03       		.uleb128 0x3
 295 0008 0E       		.uleb128 0xe
 296 0009 1B       		.uleb128 0x1b
 297 000a 0E       		.uleb128 0xe
 298 000b 55       		.uleb128 0x55
 299 000c 17       		.uleb128 0x17
 300 000d 11       		.uleb128 0x11
 301 000e 01       		.uleb128 0x1
 302 000f 10       		.uleb128 0x10
 303 0010 17       		.uleb128 0x17
 304 0011 00       		.byte	0
 305 0012 00       		.byte	0
 306 0013 02       		.uleb128 0x2
 307 0014 24       		.uleb128 0x24
 308 0015 00       		.byte	0
 309 0016 0B       		.uleb128 0xb
 310 0017 0B       		.uleb128 0xb
 311 0018 3E       		.uleb128 0x3e
 312 0019 0B       		.uleb128 0xb
 313 001a 03       		.uleb128 0x3
 314 001b 0E       		.uleb128 0xe
 315 001c 00       		.byte	0
 316 001d 00       		.byte	0
 317 001e 03       		.uleb128 0x3
 318 001f 16       		.uleb128 0x16
 319 0020 00       		.byte	0
 320 0021 03       		.uleb128 0x3
 321 0022 0E       		.uleb128 0xe
 322 0023 3A       		.uleb128 0x3a
 323 0024 0B       		.uleb128 0xb
 324 0025 3B       		.uleb128 0x3b
 325 0026 0B       		.uleb128 0xb
 326 0027 49       		.uleb128 0x49
 327 0028 13       		.uleb128 0x13
 328 0029 00       		.byte	0
 329 002a 00       		.byte	0
 330 002b 04       		.uleb128 0x4
 331 002c 24       		.uleb128 0x24
 332 002d 00       		.byte	0
 333 002e 0B       		.uleb128 0xb
 334 002f 0B       		.uleb128 0xb
 335 0030 3E       		.uleb128 0x3e
 336 0031 0B       		.uleb128 0xb
ARM GAS  C:\DOCUME~1\9335~1\LOCALS~1\Temp\ccyHlXNh.s 			page 8


 337 0032 03       		.uleb128 0x3
 338 0033 08       		.uleb128 0x8
 339 0034 00       		.byte	0
 340 0035 00       		.byte	0
 341 0036 05       		.uleb128 0x5
 342 0037 16       		.uleb128 0x16
 343 0038 00       		.byte	0
 344 0039 03       		.uleb128 0x3
 345 003a 0E       		.uleb128 0xe
 346 003b 3A       		.uleb128 0x3a
 347 003c 0B       		.uleb128 0xb
 348 003d 3B       		.uleb128 0x3b
 349 003e 05       		.uleb128 0x5
 350 003f 49       		.uleb128 0x49
 351 0040 13       		.uleb128 0x13
 352 0041 00       		.byte	0
 353 0042 00       		.byte	0
 354 0043 06       		.uleb128 0x6
 355 0044 2E       		.uleb128 0x2e
 356 0045 01       		.byte	0x1
 357 0046 3F       		.uleb128 0x3f
 358 0047 19       		.uleb128 0x19
 359 0048 03       		.uleb128 0x3
 360 0049 0E       		.uleb128 0xe
 361 004a 3A       		.uleb128 0x3a
 362 004b 0B       		.uleb128 0xb
 363 004c 3B       		.uleb128 0x3b
 364 004d 0B       		.uleb128 0xb
 365 004e 49       		.uleb128 0x49
 366 004f 13       		.uleb128 0x13
 367 0050 11       		.uleb128 0x11
 368 0051 01       		.uleb128 0x1
 369 0052 12       		.uleb128 0x12
 370 0053 06       		.uleb128 0x6
 371 0054 40       		.uleb128 0x40
 372 0055 18       		.uleb128 0x18
 373 0056 9642     		.uleb128 0x2116
 374 0058 19       		.uleb128 0x19
 375 0059 01       		.uleb128 0x1
 376 005a 13       		.uleb128 0x13
 377 005b 00       		.byte	0
 378 005c 00       		.byte	0
 379 005d 07       		.uleb128 0x7
 380 005e 34       		.uleb128 0x34
 381 005f 00       		.byte	0
 382 0060 03       		.uleb128 0x3
 383 0061 0E       		.uleb128 0xe
 384 0062 3A       		.uleb128 0x3a
 385 0063 0B       		.uleb128 0xb
 386 0064 3B       		.uleb128 0x3b
 387 0065 0B       		.uleb128 0xb
 388 0066 49       		.uleb128 0x49
 389 0067 13       		.uleb128 0x13
 390 0068 02       		.uleb128 0x2
 391 0069 18       		.uleb128 0x18
 392 006a 00       		.byte	0
 393 006b 00       		.byte	0
ARM GAS  C:\DOCUME~1\9335~1\LOCALS~1\Temp\ccyHlXNh.s 			page 9


 394 006c 08       		.uleb128 0x8
 395 006d 2E       		.uleb128 0x2e
 396 006e 00       		.byte	0
 397 006f 3F       		.uleb128 0x3f
 398 0070 19       		.uleb128 0x19
 399 0071 03       		.uleb128 0x3
 400 0072 0E       		.uleb128 0xe
 401 0073 3A       		.uleb128 0x3a
 402 0074 0B       		.uleb128 0xb
 403 0075 3B       		.uleb128 0x3b
 404 0076 0B       		.uleb128 0xb
 405 0077 49       		.uleb128 0x49
 406 0078 13       		.uleb128 0x13
 407 0079 11       		.uleb128 0x11
 408 007a 01       		.uleb128 0x1
 409 007b 12       		.uleb128 0x12
 410 007c 06       		.uleb128 0x6
 411 007d 40       		.uleb128 0x40
 412 007e 18       		.uleb128 0x18
 413 007f 9742     		.uleb128 0x2117
 414 0081 19       		.uleb128 0x19
 415 0082 00       		.byte	0
 416 0083 00       		.byte	0
 417 0084 00       		.byte	0
 418              		.section	.debug_aranges,"",%progbits
 419 0000 24000000 		.4byte	0x24
 420 0004 0200     		.2byte	0x2
 421 0006 00000000 		.4byte	.Ldebug_info0
 422 000a 04       		.byte	0x4
 423 000b 00       		.byte	0
 424 000c 0000     		.2byte	0
 425 000e 0000     		.2byte	0
 426 0010 00000000 		.4byte	.LFB2
 427 0014 7C000000 		.4byte	.LFE2-.LFB2
 428 0018 00000000 		.4byte	.LFB3
 429 001c 0C000000 		.4byte	.LFE3-.LFB3
 430 0020 00000000 		.4byte	0
 431 0024 00000000 		.4byte	0
 432              		.section	.debug_ranges,"",%progbits
 433              	.Ldebug_ranges0:
 434 0000 00000000 		.4byte	.LFB2
 435 0004 7C000000 		.4byte	.LFE2
 436 0008 00000000 		.4byte	.LFB3
 437 000c 0C000000 		.4byte	.LFE3
 438 0010 00000000 		.4byte	0
 439 0014 00000000 		.4byte	0
 440              		.section	.debug_line,"",%progbits
 441              	.Ldebug_line0:
 442 0000 73010000 		.section	.debug_str,"MS",%progbits,1
 442      02003201 
 442      00000201 
 442      FB0E0D00 
 442      01010101 
 443              	.LASF6:
 444 0000 6C6F6E67 		.ascii	"long long int\000"
 444      206C6F6E 
 444      6720696E 
ARM GAS  C:\DOCUME~1\9335~1\LOCALS~1\Temp\ccyHlXNh.s 			page 10


 444      7400
 445              	.LASF11:
 446 000e 75696E74 		.ascii	"uint32\000"
 446      333200
 447              	.LASF8:
 448 0015 756E7369 		.ascii	"unsigned int\000"
 448      676E6564 
 448      20696E74 
 448      00
 449              	.LASF21:
 450 0022 433A5C43 		.ascii	"C:\\Cypress\\Cypress_Projects\\Start-Finish_System_"
 450      79707265 
 450      73735C43 
 450      79707265 
 450      73735F50 
 451 0052 46696E69 		.ascii	"FinishModule.cydsn\000"
 451      73684D6F 
 451      64756C65 
 451      2E637964 
 451      736E00
 452              	.LASF9:
 453 0065 5F5F7569 		.ascii	"__uint32_t\000"
 453      6E743332 
 453      5F7400
 454              	.LASF20:
 455 0070 2E5C6E65 		.ascii	".\\network.c\000"
 455      74776F72 
 455      6B2E6300 
 456              	.LASF5:
 457 007c 6C6F6E67 		.ascii	"long unsigned int\000"
 457      20756E73 
 457      69676E65 
 457      6420696E 
 457      7400
 458              	.LASF7:
 459 008e 6C6F6E67 		.ascii	"long long unsigned int\000"
 459      206C6F6E 
 459      6720756E 
 459      7369676E 
 459      65642069 
 460              	.LASF22:
 461 00a5 43686563 		.ascii	"CheckConnection\000"
 461      6B436F6E 
 461      6E656374 
 461      696F6E00 
 462              	.LASF12:
 463 00b5 666C6F61 		.ascii	"float\000"
 463      7400
 464              	.LASF17:
 465 00bb 52657370 		.ascii	"Resp\000"
 465      00
 466              	.LASF19:
 467 00c0 474E5520 		.ascii	"GNU C 4.9.3 20150303 (release) [ARM/embedded-4_9-br"
 467      4320342E 
 467      392E3320 
 467      32303135 
 467      30333033 
ARM GAS  C:\DOCUME~1\9335~1\LOCALS~1\Temp\ccyHlXNh.s 			page 11


 468 00f3 616E6368 		.ascii	"anch revision 221220] -mcpu=cortex-m0 -mthumb -g -O"
 468      20726576 
 468      6973696F 
 468      6E203232 
 468      31323230 
 469 0126 30202D66 		.ascii	"0 -ffunction-sections -ffat-lto-objects\000"
 469      66756E63 
 469      74696F6E 
 469      2D736563 
 469      74696F6E 
 470              	.LASF1:
 471 014e 756E7369 		.ascii	"unsigned char\000"
 471      676E6564 
 471      20636861 
 471      7200
 472              	.LASF14:
 473 015c 63686172 		.ascii	"char\000"
 473      00
 474              	.LASF10:
 475 0161 75696E74 		.ascii	"uint32_t\000"
 475      33325F74 
 475      00
 476              	.LASF4:
 477 016a 6C6F6E67 		.ascii	"long int\000"
 477      20696E74 
 477      00
 478              	.LASF13:
 479 0173 646F7562 		.ascii	"double\000"
 479      6C6500
 480              	.LASF18:
 481 017a 5469636B 		.ascii	"Ticks\000"
 481      7300
 482              	.LASF3:
 483 0180 73686F72 		.ascii	"short unsigned int\000"
 483      7420756E 
 483      7369676E 
 483      65642069 
 483      6E7400
 484              	.LASF0:
 485 0193 7369676E 		.ascii	"signed char\000"
 485      65642063 
 485      68617200 
 486              	.LASF15:
 487 019f 73697A65 		.ascii	"sizetype\000"
 487      74797065 
 487      00
 488              	.LASF2:
 489 01a8 73686F72 		.ascii	"short int\000"
 489      7420696E 
 489      7400
 490              	.LASF23:
 491 01b2 4E54505F 		.ascii	"NTP_Send\000"
 491      53656E64 
 491      00
 492              	.LASF16:
 493 01bb 53746174 		.ascii	"Stat\000"
 493      00
ARM GAS  C:\DOCUME~1\9335~1\LOCALS~1\Temp\ccyHlXNh.s 			page 12


 494              		.ident	"GCC: (GNU Tools for ARM Embedded Processors) 4.9.3 20150303 (release) [ARM/embedded-4_9-br
