ARM GAS  C:\Users\Petro\AppData\Local\Temp\cculepiF.s 			page 1


   1              		.cpu cortex-m0
   2              		.fpu softvfp
   3              		.eabi_attribute 20, 1
   4              		.eabi_attribute 21, 1
   5              		.eabi_attribute 23, 3
   6              		.eabi_attribute 24, 1
   7              		.eabi_attribute 25, 1
   8              		.eabi_attribute 26, 1
   9              		.eabi_attribute 30, 4
  10              		.eabi_attribute 34, 0
  11              		.eabi_attribute 18, 4
  12              		.code	16
  13              		.file	"batt.c"
  14              		.text
  15              	.Ltext0:
  16              		.cfi_sections	.debug_frame
  17              		.section	.text.BattADC_Init,"ax",%progbits
  18              		.align	1
  19              		.global	BattADC_Init
  20              		.code	16
  21              		.thumb_func
  22              		.type	BattADC_Init, %function
  23              	BattADC_Init:
  24              	.LFB2:
  25              		.file 1 "lib_Batt\\batt.c"
   1:lib_Batt/batt.c **** #include "lib_Batt\batt.h"
   2:lib_Batt/batt.c **** #include "ADC.h"
   3:lib_Batt/batt.c **** 
   4:lib_Batt/batt.c **** float voltage;
   5:lib_Batt/batt.c **** 
   6:lib_Batt/batt.c **** 
   7:lib_Batt/batt.c **** void BattADC_Init(void)
   8:lib_Batt/batt.c **** {
  26              		.loc 1 8 0
  27              		.cfi_startproc
  28 0000 08B5     		push	{r3, lr}
  29              		.cfi_def_cfa_offset 8
  30              		.cfi_offset 3, -8
  31              		.cfi_offset 14, -4
   9:lib_Batt/batt.c ****     ADC_Start();
  32              		.loc 1 9 0
  33 0002 FFF7FEFF 		bl	ADC_Start
  34              	.LVL0:
  10:lib_Batt/batt.c ****     ADC_StartConvert();
  35              		.loc 1 10 0
  36 0006 FFF7FEFF 		bl	ADC_StartConvert
  37              	.LVL1:
  11:lib_Batt/batt.c ****     ADC_IsEndConversion(ADC_WAIT_FOR_RESULT);        
  38              		.loc 1 11 0
  39 000a 0220     		mov	r0, #2
  40 000c FFF7FEFF 		bl	ADC_IsEndConversion
  41              	.LVL2:
  12:lib_Batt/batt.c **** }
  42              		.loc 1 12 0
  43              		@ sp needed
  44 0010 08BD     		pop	{r3, pc}
  45              		.cfi_endproc
ARM GAS  C:\Users\Petro\AppData\Local\Temp\cculepiF.s 			page 2


  46              	.LFE2:
  47              		.size	BattADC_Init, .-BattADC_Init
  48              		.section	.text.ReadBattVoltage,"ax",%progbits
  49              		.align	1
  50              		.global	ReadBattVoltage
  51              		.code	16
  52              		.thumb_func
  53              		.type	ReadBattVoltage, %function
  54              	ReadBattVoltage:
  55              	.LFB3:
  13:lib_Batt/batt.c **** 
  14:lib_Batt/batt.c **** float ReadBattVoltage(void)
  15:lib_Batt/batt.c **** {
  56              		.loc 1 15 0
  57              		.cfi_startproc
  58 0000 08B5     		push	{r3, lr}
  59              		.cfi_def_cfa_offset 8
  60              		.cfi_offset 3, -8
  61              		.cfi_offset 14, -4
  16:lib_Batt/batt.c ****     int32_t conversion;
  17:lib_Batt/batt.c ****     
  18:lib_Batt/batt.c ****     conversion = ADC_GetResult16(0);
  62              		.loc 1 18 0
  63 0002 0020     		mov	r0, #0
  64 0004 FFF7FEFF 		bl	ADC_GetResult16
  65              	.LVL3:
  66 0008 011C     		mov	r1, r0
  67              	.LVL4:
  19:lib_Batt/batt.c ****     voltage = ADC_CountsTo_Volts(0,conversion);
  68              		.loc 1 19 0
  69 000a 0020     		mov	r0, #0
  70 000c FFF7FEFF 		bl	ADC_CountsTo_Volts
  71              	.LVL5:
  72 0010 014B     		ldr	r3, .L3
  20:lib_Batt/batt.c ****     
  21:lib_Batt/batt.c ****     return voltage;
  22:lib_Batt/batt.c **** }...
  73              		.loc 1 22 0
  74              		@ sp needed
  19:lib_Batt/batt.c ****     voltage = ADC_CountsTo_Volts(0,conversion);
  75              		.loc 1 19 0
  76 0012 1860     		str	r0, [r3]
  77              		.loc 1 22 0
  78 0014 08BD     		pop	{r3, pc}
  79              	.L4:
  80 0016 C046     		.align	2
  81              	.L3:
  82 0018 00000000 		.word	voltage
  83              		.cfi_endproc
  84              	.LFE3:
  85              		.size	ReadBattVoltage, .-ReadBattVoltage
  86              		.comm	voltage,4,4
  87              		.text
  88              	.Letext0:
  89              		.file 2 "c:\\program files (x86)\\cypress\\psoc creator\\4.0\\psoc creator\\import\\gnu\\arm\\4.9.
  90              		.file 3 "c:\\program files (x86)\\cypress\\psoc creator\\4.0\\psoc creator\\import\\gnu\\arm\\4.9.
  91              		.file 4 "Generated_Source\\PSoC4/cytypes.h"
ARM GAS  C:\Users\Petro\AppData\Local\Temp\cculepiF.s 			page 3


  92              		.file 5 "Generated_Source\\PSoC4/ADC.h"
  93              		.section	.debug_info,"",%progbits
  94              	.Ldebug_info0:
  95 0000 9F010000 		.4byte	0x19f
  96 0004 0400     		.2byte	0x4
  97 0006 00000000 		.4byte	.Ldebug_abbrev0
  98 000a 04       		.byte	0x4
  99 000b 01       		.uleb128 0x1
 100 000c 0E000000 		.4byte	.LASF22
 101 0010 01       		.byte	0x1
 102 0011 E7010000 		.4byte	.LASF23
 103 0015 63010000 		.4byte	.LASF24
 104 0019 00000000 		.4byte	.Ldebug_ranges0+0
 105 001d 00000000 		.4byte	0
 106 0021 00000000 		.4byte	.Ldebug_line0
 107 0025 02       		.uleb128 0x2
 108 0026 01       		.byte	0x1
 109 0027 06       		.byte	0x6
 110 0028 44020000 		.4byte	.LASF0
 111 002c 02       		.uleb128 0x2
 112 002d 01       		.byte	0x1
 113 002e 08       		.byte	0x8
 114 002f C7000000 		.4byte	.LASF1
 115 0033 02       		.uleb128 0x2
 116 0034 02       		.byte	0x2
 117 0035 05       		.byte	0x5
 118 0036 31020000 		.4byte	.LASF2
 119 003a 02       		.uleb128 0x2
 120 003b 02       		.byte	0x2
 121 003c 07       		.byte	0x7
 122 003d ED000000 		.4byte	.LASF3
 123 0041 03       		.uleb128 0x3
 124 0042 9C000000 		.4byte	.LASF9
 125 0046 02       		.byte	0x2
 126 0047 3F       		.byte	0x3f
 127 0048 4C000000 		.4byte	0x4c
 128 004c 02       		.uleb128 0x2
 129 004d 04       		.byte	0x4
 130 004e 05       		.byte	0x5
 131 004f 3B020000 		.4byte	.LASF4
 132 0053 02       		.uleb128 0x2
 133 0054 04       		.byte	0x4
 134 0055 07       		.byte	0x7
 135 0056 DB000000 		.4byte	.LASF5
 136 005a 02       		.uleb128 0x2
 137 005b 08       		.byte	0x8
 138 005c 05       		.byte	0x5
 139 005d 00000000 		.4byte	.LASF6
 140 0061 02       		.uleb128 0x2
 141 0062 08       		.byte	0x8
 142 0063 07       		.byte	0x7
 143 0064 4C010000 		.4byte	.LASF7
 144 0068 04       		.uleb128 0x4
 145 0069 04       		.byte	0x4
 146 006a 05       		.byte	0x5
 147 006b 696E7400 		.ascii	"int\000"
 148 006f 02       		.uleb128 0x2
ARM GAS  C:\Users\Petro\AppData\Local\Temp\cculepiF.s 			page 4


 149 0070 04       		.byte	0x4
 150 0071 07       		.byte	0x7
 151 0072 3F010000 		.4byte	.LASF8
 152 0076 03       		.uleb128 0x3
 153 0077 F7010000 		.4byte	.LASF10
 154 007b 03       		.byte	0x3
 155 007c 2C       		.byte	0x2c
 156 007d 41000000 		.4byte	0x41
 157 0081 05       		.uleb128 0x5
 158 0082 38010000 		.4byte	.LASF11
 159 0086 04       		.byte	0x4
 160 0087 9A01     		.2byte	0x19a
 161 0089 53000000 		.4byte	0x53
 162 008d 05       		.uleb128 0x5
 163 008e D5000000 		.4byte	.LASF12
 164 0092 04       		.byte	0x4
 165 0093 9C01     		.2byte	0x19c
 166 0095 33000000 		.4byte	0x33
 167 0099 05       		.uleb128 0x5
 168 009a 30010000 		.4byte	.LASF13
 169 009e 04       		.byte	0x4
 170 009f 9E01     		.2byte	0x19e
 171 00a1 A5000000 		.4byte	0xa5
 172 00a5 02       		.uleb128 0x2
 173 00a6 04       		.byte	0x4
 174 00a7 04       		.byte	0x4
 175 00a8 C1000000 		.4byte	.LASF14
 176 00ac 02       		.uleb128 0x2
 177 00ad 08       		.byte	0x8
 178 00ae 04       		.byte	0x4
 179 00af 29010000 		.4byte	.LASF15
 180 00b3 02       		.uleb128 0x2
 181 00b4 01       		.byte	0x1
 182 00b5 08       		.byte	0x8
 183 00b6 2C020000 		.4byte	.LASF16
 184 00ba 02       		.uleb128 0x2
 185 00bb 04       		.byte	0x4
 186 00bc 07       		.byte	0x7
 187 00bd FF010000 		.4byte	.LASF17
 188 00c1 06       		.uleb128 0x6
 189 00c2 08010000 		.4byte	.LASF25
 190 00c6 01       		.byte	0x1
 191 00c7 07       		.byte	0x7
 192 00c8 00000000 		.4byte	.LFB2
 193 00cc 12000000 		.4byte	.LFE2-.LFB2
 194 00d0 01       		.uleb128 0x1
 195 00d1 9C       		.byte	0x9c
 196 00d2 F8000000 		.4byte	0xf8
 197 00d6 07       		.uleb128 0x7
 198 00d7 06000000 		.4byte	.LVL0
 199 00db 54010000 		.4byte	0x154
 200 00df 07       		.uleb128 0x7
 201 00e0 0A000000 		.4byte	.LVL1
 202 00e4 5B010000 		.4byte	0x15b
 203 00e8 08       		.uleb128 0x8
 204 00e9 10000000 		.4byte	.LVL2
 205 00ed 62010000 		.4byte	0x162
ARM GAS  C:\Users\Petro\AppData\Local\Temp\cculepiF.s 			page 5


 206 00f1 09       		.uleb128 0x9
 207 00f2 01       		.uleb128 0x1
 208 00f3 50       		.byte	0x50
 209 00f4 01       		.uleb128 0x1
 210 00f5 32       		.byte	0x32
 211 00f6 00       		.byte	0
 212 00f7 00       		.byte	0
 213 00f8 0A       		.uleb128 0xa
 214 00f9 D7010000 		.4byte	.LASF26
 215 00fd 01       		.byte	0x1
 216 00fe 0E       		.byte	0xe
 217 00ff A5000000 		.4byte	0xa5
 218 0103 00000000 		.4byte	.LFB3
 219 0107 1C000000 		.4byte	.LFE3-.LFB3
 220 010b 01       		.uleb128 0x1
 221 010c 9C       		.byte	0x9c
 222 010d 43010000 		.4byte	0x143
 223 0111 0B       		.uleb128 0xb
 224 0112 B6000000 		.4byte	.LASF27
 225 0116 01       		.byte	0x1
 226 0117 10       		.byte	0x10
 227 0118 76000000 		.4byte	0x76
 228 011c 00000000 		.4byte	.LLST0
 229 0120 0C       		.uleb128 0xc
 230 0121 08000000 		.4byte	.LVL3
 231 0125 77010000 		.4byte	0x177
 232 0129 33010000 		.4byte	0x133
 233 012d 09       		.uleb128 0x9
 234 012e 01       		.uleb128 0x1
 235 012f 50       		.byte	0x50
 236 0130 01       		.uleb128 0x1
 237 0131 30       		.byte	0x30
 238 0132 00       		.byte	0
 239 0133 08       		.uleb128 0x8
 240 0134 10000000 		.4byte	.LVL5
 241 0138 8C010000 		.4byte	0x18c
 242 013c 09       		.uleb128 0x9
 243 013d 01       		.uleb128 0x1
 244 013e 50       		.byte	0x50
 245 013f 01       		.uleb128 0x1
 246 0140 30       		.byte	0x30
 247 0141 00       		.byte	0
 248 0142 00       		.byte	0
 249 0143 0D       		.uleb128 0xd
 250 0144 00010000 		.4byte	.LASF28
 251 0148 01       		.byte	0x1
 252 0149 04       		.byte	0x4
 253 014a A5000000 		.4byte	0xa5
 254 014e 05       		.uleb128 0x5
 255 014f 03       		.byte	0x3
 256 0150 00000000 		.4byte	voltage
 257 0154 0E       		.uleb128 0xe
 258 0155 CD010000 		.4byte	.LASF18
 259 0159 05       		.byte	0x5
 260 015a 98       		.byte	0x98
 261 015b 0E       		.uleb128 0xe
 262 015c 1B020000 		.4byte	.LASF19
ARM GAS  C:\Users\Petro\AppData\Local\Temp\cculepiF.s 			page 6


 263 0160 05       		.byte	0x5
 264 0161 9C       		.byte	0x9c
 265 0162 0F       		.uleb128 0xf
 266 0163 15010000 		.4byte	.LASF20
 267 0167 05       		.byte	0x5
 268 0168 9E       		.byte	0x9e
 269 0169 81000000 		.4byte	0x81
 270 016d 77010000 		.4byte	0x177
 271 0171 10       		.uleb128 0x10
 272 0172 81000000 		.4byte	0x81
 273 0176 00       		.byte	0
 274 0177 0F       		.uleb128 0xf
 275 0178 A6000000 		.4byte	.LASF21
 276 017c 05       		.byte	0x5
 277 017d 9F       		.byte	0x9f
 278 017e 8D000000 		.4byte	0x8d
 279 0182 8C010000 		.4byte	0x18c
 280 0186 10       		.uleb128 0x10
 281 0187 81000000 		.4byte	0x81
 282 018b 00       		.byte	0
 283 018c 11       		.uleb128 0x11
 284 018d 08020000 		.4byte	.LASF29
 285 0191 05       		.byte	0x5
 286 0192 AD       		.byte	0xad
 287 0193 99000000 		.4byte	0x99
 288 0197 10       		.uleb128 0x10
 289 0198 81000000 		.4byte	0x81
 290 019c 10       		.uleb128 0x10
 291 019d 8D000000 		.4byte	0x8d
 292 01a1 00       		.byte	0
 293 01a2 00       		.byte	0
 294              		.section	.debug_abbrev,"",%progbits
 295              	.Ldebug_abbrev0:
 296 0000 01       		.uleb128 0x1
 297 0001 11       		.uleb128 0x11
 298 0002 01       		.byte	0x1
 299 0003 25       		.uleb128 0x25
 300 0004 0E       		.uleb128 0xe
 301 0005 13       		.uleb128 0x13
 302 0006 0B       		.uleb128 0xb
 303 0007 03       		.uleb128 0x3
 304 0008 0E       		.uleb128 0xe
 305 0009 1B       		.uleb128 0x1b
 306 000a 0E       		.uleb128 0xe
 307 000b 55       		.uleb128 0x55
 308 000c 17       		.uleb128 0x17
 309 000d 11       		.uleb128 0x11
 310 000e 01       		.uleb128 0x1
 311 000f 10       		.uleb128 0x10
 312 0010 17       		.uleb128 0x17
 313 0011 00       		.byte	0
 314 0012 00       		.byte	0
 315 0013 02       		.uleb128 0x2
 316 0014 24       		.uleb128 0x24
 317 0015 00       		.byte	0
 318 0016 0B       		.uleb128 0xb
 319 0017 0B       		.uleb128 0xb
ARM GAS  C:\Users\Petro\AppData\Local\Temp\cculepiF.s 			page 7


 320 0018 3E       		.uleb128 0x3e
 321 0019 0B       		.uleb128 0xb
 322 001a 03       		.uleb128 0x3
 323 001b 0E       		.uleb128 0xe
 324 001c 00       		.byte	0
 325 001d 00       		.byte	0
 326 001e 03       		.uleb128 0x3
 327 001f 16       		.uleb128 0x16
 328 0020 00       		.byte	0
 329 0021 03       		.uleb128 0x3
 330 0022 0E       		.uleb128 0xe
 331 0023 3A       		.uleb128 0x3a
 332 0024 0B       		.uleb128 0xb
 333 0025 3B       		.uleb128 0x3b
 334 0026 0B       		.uleb128 0xb
 335 0027 49       		.uleb128 0x49
 336 0028 13       		.uleb128 0x13
 337 0029 00       		.byte	0
 338 002a 00       		.byte	0
 339 002b 04       		.uleb128 0x4
 340 002c 24       		.uleb128 0x24
 341 002d 00       		.byte	0
 342 002e 0B       		.uleb128 0xb
 343 002f 0B       		.uleb128 0xb
 344 0030 3E       		.uleb128 0x3e
 345 0031 0B       		.uleb128 0xb
 346 0032 03       		.uleb128 0x3
 347 0033 08       		.uleb128 0x8
 348 0034 00       		.byte	0
 349 0035 00       		.byte	0
 350 0036 05       		.uleb128 0x5
 351 0037 16       		.uleb128 0x16
 352 0038 00       		.byte	0
 353 0039 03       		.uleb128 0x3
 354 003a 0E       		.uleb128 0xe
 355 003b 3A       		.uleb128 0x3a
 356 003c 0B       		.uleb128 0xb
 357 003d 3B       		.uleb128 0x3b
 358 003e 05       		.uleb128 0x5
 359 003f 49       		.uleb128 0x49
 360 0040 13       		.uleb128 0x13
 361 0041 00       		.byte	0
 362 0042 00       		.byte	0
 363 0043 06       		.uleb128 0x6
 364 0044 2E       		.uleb128 0x2e
 365 0045 01       		.byte	0x1
 366 0046 3F       		.uleb128 0x3f
 367 0047 19       		.uleb128 0x19
 368 0048 03       		.uleb128 0x3
 369 0049 0E       		.uleb128 0xe
 370 004a 3A       		.uleb128 0x3a
 371 004b 0B       		.uleb128 0xb
 372 004c 3B       		.uleb128 0x3b
 373 004d 0B       		.uleb128 0xb
 374 004e 27       		.uleb128 0x27
 375 004f 19       		.uleb128 0x19
 376 0050 11       		.uleb128 0x11
ARM GAS  C:\Users\Petro\AppData\Local\Temp\cculepiF.s 			page 8


 377 0051 01       		.uleb128 0x1
 378 0052 12       		.uleb128 0x12
 379 0053 06       		.uleb128 0x6
 380 0054 40       		.uleb128 0x40
 381 0055 18       		.uleb128 0x18
 382 0056 9742     		.uleb128 0x2117
 383 0058 19       		.uleb128 0x19
 384 0059 01       		.uleb128 0x1
 385 005a 13       		.uleb128 0x13
 386 005b 00       		.byte	0
 387 005c 00       		.byte	0
 388 005d 07       		.uleb128 0x7
 389 005e 898201   		.uleb128 0x4109
 390 0061 00       		.byte	0
 391 0062 11       		.uleb128 0x11
 392 0063 01       		.uleb128 0x1
 393 0064 31       		.uleb128 0x31
 394 0065 13       		.uleb128 0x13
 395 0066 00       		.byte	0
 396 0067 00       		.byte	0
 397 0068 08       		.uleb128 0x8
 398 0069 898201   		.uleb128 0x4109
 399 006c 01       		.byte	0x1
 400 006d 11       		.uleb128 0x11
 401 006e 01       		.uleb128 0x1
 402 006f 31       		.uleb128 0x31
 403 0070 13       		.uleb128 0x13
 404 0071 00       		.byte	0
 405 0072 00       		.byte	0
 406 0073 09       		.uleb128 0x9
 407 0074 8A8201   		.uleb128 0x410a
 408 0077 00       		.byte	0
 409 0078 02       		.uleb128 0x2
 410 0079 18       		.uleb128 0x18
 411 007a 9142     		.uleb128 0x2111
 412 007c 18       		.uleb128 0x18
 413 007d 00       		.byte	0
 414 007e 00       		.byte	0
 415 007f 0A       		.uleb128 0xa
 416 0080 2E       		.uleb128 0x2e
 417 0081 01       		.byte	0x1
 418 0082 3F       		.uleb128 0x3f
 419 0083 19       		.uleb128 0x19
 420 0084 03       		.uleb128 0x3
 421 0085 0E       		.uleb128 0xe
 422 0086 3A       		.uleb128 0x3a
 423 0087 0B       		.uleb128 0xb
 424 0088 3B       		.uleb128 0x3b
 425 0089 0B       		.uleb128 0xb
 426 008a 27       		.uleb128 0x27
 427 008b 19       		.uleb128 0x19
 428 008c 49       		.uleb128 0x49
 429 008d 13       		.uleb128 0x13
 430 008e 11       		.uleb128 0x11
 431 008f 01       		.uleb128 0x1
 432 0090 12       		.uleb128 0x12
 433 0091 06       		.uleb128 0x6
ARM GAS  C:\Users\Petro\AppData\Local\Temp\cculepiF.s 			page 9


 434 0092 40       		.uleb128 0x40
 435 0093 18       		.uleb128 0x18
 436 0094 9742     		.uleb128 0x2117
 437 0096 19       		.uleb128 0x19
 438 0097 01       		.uleb128 0x1
 439 0098 13       		.uleb128 0x13
 440 0099 00       		.byte	0
 441 009a 00       		.byte	0
 442 009b 0B       		.uleb128 0xb
 443 009c 34       		.uleb128 0x34
 444 009d 00       		.byte	0
 445 009e 03       		.uleb128 0x3
 446 009f 0E       		.uleb128 0xe
 447 00a0 3A       		.uleb128 0x3a
 448 00a1 0B       		.uleb128 0xb
 449 00a2 3B       		.uleb128 0x3b
 450 00a3 0B       		.uleb128 0xb
 451 00a4 49       		.uleb128 0x49
 452 00a5 13       		.uleb128 0x13
 453 00a6 02       		.uleb128 0x2
 454 00a7 17       		.uleb128 0x17
 455 00a8 00       		.byte	0
 456 00a9 00       		.byte	0
 457 00aa 0C       		.uleb128 0xc
 458 00ab 898201   		.uleb128 0x4109
 459 00ae 01       		.byte	0x1
 460 00af 11       		.uleb128 0x11
 461 00b0 01       		.uleb128 0x1
 462 00b1 31       		.uleb128 0x31
 463 00b2 13       		.uleb128 0x13
 464 00b3 01       		.uleb128 0x1
 465 00b4 13       		.uleb128 0x13
 466 00b5 00       		.byte	0
 467 00b6 00       		.byte	0
 468 00b7 0D       		.uleb128 0xd
 469 00b8 34       		.uleb128 0x34
 470 00b9 00       		.byte	0
 471 00ba 03       		.uleb128 0x3
 472 00bb 0E       		.uleb128 0xe
 473 00bc 3A       		.uleb128 0x3a
 474 00bd 0B       		.uleb128 0xb
 475 00be 3B       		.uleb128 0x3b
 476 00bf 0B       		.uleb128 0xb
 477 00c0 49       		.uleb128 0x49
 478 00c1 13       		.uleb128 0x13
 479 00c2 3F       		.uleb128 0x3f
 480 00c3 19       		.uleb128 0x19
 481 00c4 02       		.uleb128 0x2
 482 00c5 18       		.uleb128 0x18
 483 00c6 00       		.byte	0
 484 00c7 00       		.byte	0
 485 00c8 0E       		.uleb128 0xe
 486 00c9 2E       		.uleb128 0x2e
 487 00ca 00       		.byte	0
 488 00cb 3F       		.uleb128 0x3f
 489 00cc 19       		.uleb128 0x19
 490 00cd 03       		.uleb128 0x3
ARM GAS  C:\Users\Petro\AppData\Local\Temp\cculepiF.s 			page 10


 491 00ce 0E       		.uleb128 0xe
 492 00cf 3A       		.uleb128 0x3a
 493 00d0 0B       		.uleb128 0xb
 494 00d1 3B       		.uleb128 0x3b
 495 00d2 0B       		.uleb128 0xb
 496 00d3 27       		.uleb128 0x27
 497 00d4 19       		.uleb128 0x19
 498 00d5 3C       		.uleb128 0x3c
 499 00d6 19       		.uleb128 0x19
 500 00d7 00       		.byte	0
 501 00d8 00       		.byte	0
 502 00d9 0F       		.uleb128 0xf
 503 00da 2E       		.uleb128 0x2e
 504 00db 01       		.byte	0x1
 505 00dc 3F       		.uleb128 0x3f
 506 00dd 19       		.uleb128 0x19
 507 00de 03       		.uleb128 0x3
 508 00df 0E       		.uleb128 0xe
 509 00e0 3A       		.uleb128 0x3a
 510 00e1 0B       		.uleb128 0xb
 511 00e2 3B       		.uleb128 0x3b
 512 00e3 0B       		.uleb128 0xb
 513 00e4 27       		.uleb128 0x27
 514 00e5 19       		.uleb128 0x19
 515 00e6 49       		.uleb128 0x49
 516 00e7 13       		.uleb128 0x13
 517 00e8 3C       		.uleb128 0x3c
 518 00e9 19       		.uleb128 0x19
 519 00ea 01       		.uleb128 0x1
 520 00eb 13       		.uleb128 0x13
 521 00ec 00       		.byte	0
 522 00ed 00       		.byte	0
 523 00ee 10       		.uleb128 0x10
 524 00ef 05       		.uleb128 0x5
 525 00f0 00       		.byte	0
 526 00f1 49       		.uleb128 0x49
 527 00f2 13       		.uleb128 0x13
 528 00f3 00       		.byte	0
 529 00f4 00       		.byte	0
 530 00f5 11       		.uleb128 0x11
 531 00f6 2E       		.uleb128 0x2e
 532 00f7 01       		.byte	0x1
 533 00f8 3F       		.uleb128 0x3f
 534 00f9 19       		.uleb128 0x19
 535 00fa 03       		.uleb128 0x3
 536 00fb 0E       		.uleb128 0xe
 537 00fc 3A       		.uleb128 0x3a
 538 00fd 0B       		.uleb128 0xb
 539 00fe 3B       		.uleb128 0x3b
 540 00ff 0B       		.uleb128 0xb
 541 0100 27       		.uleb128 0x27
 542 0101 19       		.uleb128 0x19
 543 0102 49       		.uleb128 0x49
 544 0103 13       		.uleb128 0x13
 545 0104 3C       		.uleb128 0x3c
 546 0105 19       		.uleb128 0x19
 547 0106 00       		.byte	0
ARM GAS  C:\Users\Petro\AppData\Local\Temp\cculepiF.s 			page 11


 548 0107 00       		.byte	0
 549 0108 00       		.byte	0
 550              		.section	.debug_loc,"",%progbits
 551              	.Ldebug_loc0:
 552              	.LLST0:
 553 0000 0A000000 		.4byte	.LVL4
 554 0004 0F000000 		.4byte	.LVL5-1
 555 0008 0700     		.2byte	0x7
 556 000a 71       		.byte	0x71
 557 000b 00       		.sleb128 0
 558 000c 40       		.byte	0x40
 559 000d 24       		.byte	0x24
 560 000e 40       		.byte	0x40
 561 000f 26       		.byte	0x26
 562 0010 9F       		.byte	0x9f
 563 0011 00000000 		.4byte	0
 564 0015 00000000 		.4byte	0
 565              		.section	.debug_aranges,"",%progbits
 566 0000 24000000 		.4byte	0x24
 567 0004 0200     		.2byte	0x2
 568 0006 00000000 		.4byte	.Ldebug_info0
 569 000a 04       		.byte	0x4
 570 000b 00       		.byte	0
 571 000c 0000     		.2byte	0
 572 000e 0000     		.2byte	0
 573 0010 00000000 		.4byte	.LFB2
 574 0014 12000000 		.4byte	.LFE2-.LFB2
 575 0018 00000000 		.4byte	.LFB3
 576 001c 1C000000 		.4byte	.LFE3-.LFB3
 577 0020 00000000 		.4byte	0
 578 0024 00000000 		.4byte	0
 579              		.section	.debug_ranges,"",%progbits
 580              	.Ldebug_ranges0:
 581 0000 00000000 		.4byte	.LFB2
 582 0004 12000000 		.4byte	.LFE2
 583 0008 00000000 		.4byte	.LFB3
 584 000c 1C000000 		.4byte	.LFE3
 585 0010 00000000 		.4byte	0
 586 0014 00000000 		.4byte	0
 587              		.section	.debug_line,"",%progbits
 588              	.Ldebug_line0:
 589 0000 76010000 		.section	.debug_str,"MS",%progbits,1
 589      02004B01 
 589      00000201 
 589      FB0E0D00 
 589      01010101 
 590              	.LASF6:
 591 0000 6C6F6E67 		.ascii	"long long int\000"
 591      206C6F6E 
 591      6720696E 
 591      7400
 592              	.LASF22:
 593 000e 474E5520 		.ascii	"GNU C 4.9.3 20150303 (release) [ARM/embedded-4_9-br"
 593      4320342E 
 593      392E3320 
 593      32303135 
 593      30333033 
ARM GAS  C:\Users\Petro\AppData\Local\Temp\cculepiF.s 			page 12


 594 0041 616E6368 		.ascii	"anch revision 221220] -mcpu=cortex-m0 -mthumb -g -O"
 594      20726576 
 594      6973696F 
 594      6E203232 
 594      31323230 
 595 0074 73202D66 		.ascii	"s -ffunction-sections -ffat-lto-objects\000"
 595      66756E63 
 595      74696F6E 
 595      2D736563 
 595      74696F6E 
 596              	.LASF9:
 597 009c 5F5F696E 		.ascii	"__int32_t\000"
 597      7433325F 
 597      7400
 598              	.LASF21:
 599 00a6 4144435F 		.ascii	"ADC_GetResult16\000"
 599      47657452 
 599      6573756C 
 599      74313600 
 600              	.LASF27:
 601 00b6 636F6E76 		.ascii	"conversion\000"
 601      65727369 
 601      6F6E00
 602              	.LASF14:
 603 00c1 666C6F61 		.ascii	"float\000"
 603      7400
 604              	.LASF1:
 605 00c7 756E7369 		.ascii	"unsigned char\000"
 605      676E6564 
 605      20636861 
 605      7200
 606              	.LASF12:
 607 00d5 696E7431 		.ascii	"int16\000"
 607      3600
 608              	.LASF5:
 609 00db 6C6F6E67 		.ascii	"long unsigned int\000"
 609      20756E73 
 609      69676E65 
 609      6420696E 
 609      7400
 610              	.LASF3:
 611 00ed 73686F72 		.ascii	"short unsigned int\000"
 611      7420756E 
 611      7369676E 
 611      65642069 
 611      6E7400
 612              	.LASF28:
 613 0100 766F6C74 		.ascii	"voltage\000"
 613      61676500 
 614              	.LASF25:
 615 0108 42617474 		.ascii	"BattADC_Init\000"
 615      4144435F 
 615      496E6974 
 615      00
 616              	.LASF20:
 617 0115 4144435F 		.ascii	"ADC_IsEndConversion\000"
 617      4973456E 
ARM GAS  C:\Users\Petro\AppData\Local\Temp\cculepiF.s 			page 13


 617      64436F6E 
 617      76657273 
 617      696F6E00 
 618              	.LASF15:
 619 0129 646F7562 		.ascii	"double\000"
 619      6C6500
 620              	.LASF13:
 621 0130 666C6F61 		.ascii	"float32\000"
 621      74333200 
 622              	.LASF11:
 623 0138 75696E74 		.ascii	"uint32\000"
 623      333200
 624              	.LASF8:
 625 013f 756E7369 		.ascii	"unsigned int\000"
 625      676E6564 
 625      20696E74 
 625      00
 626              	.LASF7:
 627 014c 6C6F6E67 		.ascii	"long long unsigned int\000"
 627      206C6F6E 
 627      6720756E 
 627      7369676E 
 627      65642069 
 628              	.LASF24:
 629 0163 443A5C43 		.ascii	"D:\\Cypress\\system-start-finish\\vesion 2\\fw\\fin"
 629      79707265 
 629      73735C73 
 629      79737465 
 629      6D2D7374 
 630 0191 6973685C 		.ascii	"ish\\sandbox\\v7_debug_ntp\\Finish(state machine)\\"
 630      73616E64 
 630      626F785C 
 630      76375F64 
 630      65627567 
 631 01c0 66696E5F 		.ascii	"fin_v0.cydsn\000"
 631      76302E63 
 631      7964736E 
 631      00
 632              	.LASF18:
 633 01cd 4144435F 		.ascii	"ADC_Start\000"
 633      53746172 
 633      7400
 634              	.LASF26:
 635 01d7 52656164 		.ascii	"ReadBattVoltage\000"
 635      42617474 
 635      566F6C74 
 635      61676500 
 636              	.LASF23:
 637 01e7 6C69625F 		.ascii	"lib_Batt\\batt.c\000"
 637      42617474 
 637      5C626174 
 637      742E6300 
 638              	.LASF10:
 639 01f7 696E7433 		.ascii	"int32_t\000"
 639      325F7400 
 640              	.LASF17:
 641 01ff 73697A65 		.ascii	"sizetype\000"
ARM GAS  C:\Users\Petro\AppData\Local\Temp\cculepiF.s 			page 14


 641      74797065 
 641      00
 642              	.LASF29:
 643 0208 4144435F 		.ascii	"ADC_CountsTo_Volts\000"
 643      436F756E 
 643      7473546F 
 643      5F566F6C 
 643      747300
 644              	.LASF19:
 645 021b 4144435F 		.ascii	"ADC_StartConvert\000"
 645      53746172 
 645      74436F6E 
 645      76657274 
 645      00
 646              	.LASF16:
 647 022c 63686172 		.ascii	"char\000"
 647      00
 648              	.LASF2:
 649 0231 73686F72 		.ascii	"short int\000"
 649      7420696E 
 649      7400
 650              	.LASF4:
 651 023b 6C6F6E67 		.ascii	"long int\000"
 651      20696E74 
 651      00
 652              	.LASF0:
 653 0244 7369676E 		.ascii	"signed char\000"
 653      65642063 
 653      68617200 
 654              		.ident	"GCC: (GNU Tools for ARM Embedded Processors) 4.9.3 20150303 (release) [ARM/embedded-4_9-br
