ARM GAS  C:\Users\Petro\AppData\Local\Temp\ccIpPG0w.s 			page 1


   1              		.cpu cortex-m0
   2              		.fpu softvfp
   3              		.eabi_attribute 20, 1
   4              		.eabi_attribute 21, 1
   5              		.eabi_attribute 23, 3
   6              		.eabi_attribute 24, 1
   7              		.eabi_attribute 25, 1
   8              		.eabi_attribute 26, 1
   9              		.eabi_attribute 30, 4
  10              		.eabi_attribute 34, 0
  11              		.eabi_attribute 18, 4
  12              		.code	16
  13              		.file	"LCD_LCDPort.c"
  14              		.text
  15              	.Ltext0:
  16              		.cfi_sections	.debug_frame
  17              		.section	.text.LCD_LCDPort_SetDriveMode,"ax",%progbits
  18              		.align	1
  19              		.global	LCD_LCDPort_SetDriveMode
  20              		.code	16
  21              		.thumb_func
  22              		.type	LCD_LCDPort_SetDriveMode, %function
  23              	LCD_LCDPort_SetDriveMode:
  24              	.LFB0:
  25              		.file 1 "Generated_Source\\PSoC4\\LCD_LCDPort.c"
   1:Generated_Source\PSoC4/LCD_LCDPort.c **** /*******************************************************************************
   2:Generated_Source\PSoC4/LCD_LCDPort.c **** * File Name: LCD_LCDPort.c  
   3:Generated_Source\PSoC4/LCD_LCDPort.c **** * Version 2.20
   4:Generated_Source\PSoC4/LCD_LCDPort.c **** *
   5:Generated_Source\PSoC4/LCD_LCDPort.c **** * Description:
   6:Generated_Source\PSoC4/LCD_LCDPort.c **** *  This file contains API to enable firmware control of a Pins component.
   7:Generated_Source\PSoC4/LCD_LCDPort.c **** *
   8:Generated_Source\PSoC4/LCD_LCDPort.c **** ********************************************************************************
   9:Generated_Source\PSoC4/LCD_LCDPort.c **** * Copyright 2008-2015, Cypress Semiconductor Corporation.  All rights reserved.
  10:Generated_Source\PSoC4/LCD_LCDPort.c **** * You may use this file only in accordance with the license, terms, conditions, 
  11:Generated_Source\PSoC4/LCD_LCDPort.c **** * disclaimers, and limitations in the end user license agreement accompanying 
  12:Generated_Source\PSoC4/LCD_LCDPort.c **** * the software package with which this file was provided.
  13:Generated_Source\PSoC4/LCD_LCDPort.c **** *******************************************************************************/
  14:Generated_Source\PSoC4/LCD_LCDPort.c **** 
  15:Generated_Source\PSoC4/LCD_LCDPort.c **** #include "cytypes.h"
  16:Generated_Source\PSoC4/LCD_LCDPort.c **** #include "LCD_LCDPort.h"
  17:Generated_Source\PSoC4/LCD_LCDPort.c **** 
  18:Generated_Source\PSoC4/LCD_LCDPort.c **** 
  19:Generated_Source\PSoC4/LCD_LCDPort.c **** #if defined(LCD_LCDPort__PC)
  20:Generated_Source\PSoC4/LCD_LCDPort.c ****     #define LCD_LCDPort_SetP4PinDriveMode(shift, mode)  \
  21:Generated_Source\PSoC4/LCD_LCDPort.c ****     do { \
  22:Generated_Source\PSoC4/LCD_LCDPort.c ****         LCD_LCDPort_PC =   (LCD_LCDPort_PC & \
  23:Generated_Source\PSoC4/LCD_LCDPort.c ****                                 (uint32)(~(uint32)(LCD_LCDPort_DRIVE_MODE_IND_MASK << \
  24:Generated_Source\PSoC4/LCD_LCDPort.c ****                                 (LCD_LCDPort_DRIVE_MODE_BITS * (shift))))) | \
  25:Generated_Source\PSoC4/LCD_LCDPort.c ****                                 (uint32)((uint32)(mode) << \
  26:Generated_Source\PSoC4/LCD_LCDPort.c ****                                 (LCD_LCDPort_DRIVE_MODE_BITS * (shift))); \
  27:Generated_Source\PSoC4/LCD_LCDPort.c ****     } while (0)
  28:Generated_Source\PSoC4/LCD_LCDPort.c **** #else
  29:Generated_Source\PSoC4/LCD_LCDPort.c ****     #if (CY_PSOC4_4200L)
  30:Generated_Source\PSoC4/LCD_LCDPort.c ****         #define LCD_LCDPort_SetP4PinDriveMode(shift, mode)  \
  31:Generated_Source\PSoC4/LCD_LCDPort.c ****         do { \
  32:Generated_Source\PSoC4/LCD_LCDPort.c ****             LCD_LCDPort_USBIO_CTRL_REG = (LCD_LCDPort_USBIO_CTRL_REG & \
ARM GAS  C:\Users\Petro\AppData\Local\Temp\ccIpPG0w.s 			page 2


  33:Generated_Source\PSoC4/LCD_LCDPort.c ****                                     (uint32)(~(uint32)(LCD_LCDPort_DRIVE_MODE_IND_MASK << \
  34:Generated_Source\PSoC4/LCD_LCDPort.c ****                                     (LCD_LCDPort_DRIVE_MODE_BITS * (shift))))) | \
  35:Generated_Source\PSoC4/LCD_LCDPort.c ****                                     (uint32)((uint32)(mode) << \
  36:Generated_Source\PSoC4/LCD_LCDPort.c ****                                     (LCD_LCDPort_DRIVE_MODE_BITS * (shift))); \
  37:Generated_Source\PSoC4/LCD_LCDPort.c ****         } while (0)
  38:Generated_Source\PSoC4/LCD_LCDPort.c ****     #endif
  39:Generated_Source\PSoC4/LCD_LCDPort.c **** #endif
  40:Generated_Source\PSoC4/LCD_LCDPort.c ****   
  41:Generated_Source\PSoC4/LCD_LCDPort.c **** 
  42:Generated_Source\PSoC4/LCD_LCDPort.c **** #if defined(LCD_LCDPort__PC) || (CY_PSOC4_4200L) 
  43:Generated_Source\PSoC4/LCD_LCDPort.c ****     /*******************************************************************************
  44:Generated_Source\PSoC4/LCD_LCDPort.c ****     * Function Name: LCD_LCDPort_SetDriveMode
  45:Generated_Source\PSoC4/LCD_LCDPort.c ****     ****************************************************************************//**
  46:Generated_Source\PSoC4/LCD_LCDPort.c ****     *
  47:Generated_Source\PSoC4/LCD_LCDPort.c ****     * \brief Sets the drive mode for each of the Pins component's pins.
  48:Generated_Source\PSoC4/LCD_LCDPort.c ****     * 
  49:Generated_Source\PSoC4/LCD_LCDPort.c ****     * <b>Note</b> This affects all pins in the Pins component instance. Use the
  50:Generated_Source\PSoC4/LCD_LCDPort.c ****     * Per-Pin APIs if you wish to control individual pin's drive modes.
  51:Generated_Source\PSoC4/LCD_LCDPort.c ****     *
  52:Generated_Source\PSoC4/LCD_LCDPort.c ****     * <b>Note</b> USBIOs have limited drive functionality. Refer to the Drive Mode
  53:Generated_Source\PSoC4/LCD_LCDPort.c ****     * parameter for more information.
  54:Generated_Source\PSoC4/LCD_LCDPort.c ****     *
  55:Generated_Source\PSoC4/LCD_LCDPort.c ****     * \param mode
  56:Generated_Source\PSoC4/LCD_LCDPort.c ****     *  Mode for the selected signals. Valid options are documented in 
  57:Generated_Source\PSoC4/LCD_LCDPort.c ****     *  \ref driveMode.
  58:Generated_Source\PSoC4/LCD_LCDPort.c ****     *
  59:Generated_Source\PSoC4/LCD_LCDPort.c ****     * \return
  60:Generated_Source\PSoC4/LCD_LCDPort.c ****     *  None
  61:Generated_Source\PSoC4/LCD_LCDPort.c ****     *
  62:Generated_Source\PSoC4/LCD_LCDPort.c ****     * \sideeffect
  63:Generated_Source\PSoC4/LCD_LCDPort.c ****     *  If you use read-modify-write operations that are not atomic, the ISR can
  64:Generated_Source\PSoC4/LCD_LCDPort.c ****     *  cause corruption of this function. An ISR that interrupts this function 
  65:Generated_Source\PSoC4/LCD_LCDPort.c ****     *  and performs writes to the Pins component Drive Mode registers can cause 
  66:Generated_Source\PSoC4/LCD_LCDPort.c ****     *  corrupted port data. To avoid this issue, you should either use the Per-Pin
  67:Generated_Source\PSoC4/LCD_LCDPort.c ****     *  APIs (primary method) or disable interrupts around this function.
  68:Generated_Source\PSoC4/LCD_LCDPort.c ****     *
  69:Generated_Source\PSoC4/LCD_LCDPort.c ****     * \funcusage
  70:Generated_Source\PSoC4/LCD_LCDPort.c ****     *  \snippet LCD_LCDPort_SUT.c usage_LCD_LCDPort_SetDriveMode
  71:Generated_Source\PSoC4/LCD_LCDPort.c ****     *******************************************************************************/
  72:Generated_Source\PSoC4/LCD_LCDPort.c ****     void LCD_LCDPort_SetDriveMode(uint8 mode)
  73:Generated_Source\PSoC4/LCD_LCDPort.c ****     {
  26              		.loc 1 73 0
  27              		.cfi_startproc
  28              	.LVL0:
  74:Generated_Source\PSoC4/LCD_LCDPort.c **** 		LCD_LCDPort_SetP4PinDriveMode(LCD_LCDPort__0__SHIFT, mode);
  29              		.loc 1 74 0
  30 0000 0721     		mov	r1, #7
  73:Generated_Source\PSoC4/LCD_LCDPort.c **** 		LCD_LCDPort_SetP4PinDriveMode(LCD_LCDPort__0__SHIFT, mode);
  31              		.loc 1 73 0
  32 0002 10B5     		push	{r4, lr}
  33              		.cfi_def_cfa_offset 8
  34              		.cfi_offset 4, -8
  35              		.cfi_offset 14, -4
  75:Generated_Source\PSoC4/LCD_LCDPort.c **** 		LCD_LCDPort_SetP4PinDriveMode(LCD_LCDPort__1__SHIFT, mode);
  36              		.loc 1 75 0
  37 0004 3824     		mov	r4, #56
  74:Generated_Source\PSoC4/LCD_LCDPort.c **** 		LCD_LCDPort_SetP4PinDriveMode(LCD_LCDPort__0__SHIFT, mode);
ARM GAS  C:\Users\Petro\AppData\Local\Temp\ccIpPG0w.s 			page 3


  38              		.loc 1 74 0
  39 0006 144B     		ldr	r3, .L2
  76:Generated_Source\PSoC4/LCD_LCDPort.c **** 		LCD_LCDPort_SetP4PinDriveMode(LCD_LCDPort__2__SHIFT, mode);
  77:Generated_Source\PSoC4/LCD_LCDPort.c **** 		LCD_LCDPort_SetP4PinDriveMode(LCD_LCDPort__3__SHIFT, mode);
  78:Generated_Source\PSoC4/LCD_LCDPort.c **** 		LCD_LCDPort_SetP4PinDriveMode(LCD_LCDPort__4__SHIFT, mode);
  79:Generated_Source\PSoC4/LCD_LCDPort.c **** 		LCD_LCDPort_SetP4PinDriveMode(LCD_LCDPort__5__SHIFT, mode);
  80:Generated_Source\PSoC4/LCD_LCDPort.c **** 		LCD_LCDPort_SetP4PinDriveMode(LCD_LCDPort__6__SHIFT, mode);
  81:Generated_Source\PSoC4/LCD_LCDPort.c ****     }
  40              		.loc 1 81 0
  41              		@ sp needed
  74:Generated_Source\PSoC4/LCD_LCDPort.c **** 		LCD_LCDPort_SetP4PinDriveMode(LCD_LCDPort__1__SHIFT, mode);
  42              		.loc 1 74 0
  43 0008 1A68     		ldr	r2, [r3]
  44 000a 8A43     		bic	r2, r1
  45 000c 0243     		orr	r2, r0
  46 000e 1A60     		str	r2, [r3]
  75:Generated_Source\PSoC4/LCD_LCDPort.c **** 		LCD_LCDPort_SetP4PinDriveMode(LCD_LCDPort__1__SHIFT, mode);
  47              		.loc 1 75 0
  48 0010 1A68     		ldr	r2, [r3]
  49 0012 C100     		lsl	r1, r0, #3
  50 0014 A243     		bic	r2, r4
  51 0016 0A43     		orr	r2, r1
  52 0018 1A60     		str	r2, [r3]
  76:Generated_Source\PSoC4/LCD_LCDPort.c **** 		LCD_LCDPort_SetP4PinDriveMode(LCD_LCDPort__2__SHIFT, mode);
  53              		.loc 1 76 0
  54 001a 1A68     		ldr	r2, [r3]
  55 001c 0F49     		ldr	r1, .L2+4
  56 001e 8401     		lsl	r4, r0, #6
  57 0020 0A40     		and	r2, r1
  58 0022 2243     		orr	r2, r4
  59 0024 1A60     		str	r2, [r3]
  77:Generated_Source\PSoC4/LCD_LCDPort.c **** 		LCD_LCDPort_SetP4PinDriveMode(LCD_LCDPort__4__SHIFT, mode);
  60              		.loc 1 77 0
  61 0026 1A68     		ldr	r2, [r3]
  62 0028 0D49     		ldr	r1, .L2+8
  63 002a 4402     		lsl	r4, r0, #9
  64 002c 0A40     		and	r2, r1
  65 002e 2243     		orr	r2, r4
  66 0030 1A60     		str	r2, [r3]
  78:Generated_Source\PSoC4/LCD_LCDPort.c **** 		LCD_LCDPort_SetP4PinDriveMode(LCD_LCDPort__5__SHIFT, mode);
  67              		.loc 1 78 0
  68 0032 1A68     		ldr	r2, [r3]
  69 0034 0B49     		ldr	r1, .L2+12
  70 0036 0403     		lsl	r4, r0, #12
  71 0038 0A40     		and	r2, r1
  72 003a 2243     		orr	r2, r4
  73 003c 1A60     		str	r2, [r3]
  79:Generated_Source\PSoC4/LCD_LCDPort.c **** 		LCD_LCDPort_SetP4PinDriveMode(LCD_LCDPort__6__SHIFT, mode);
  74              		.loc 1 79 0
  75 003e 1A68     		ldr	r2, [r3]
  76 0040 0949     		ldr	r1, .L2+16
  77 0042 C403     		lsl	r4, r0, #15
  78 0044 0A40     		and	r2, r1
  79 0046 2243     		orr	r2, r4
  80 0048 1A60     		str	r2, [r3]
  80:Generated_Source\PSoC4/LCD_LCDPort.c ****     }
  81              		.loc 1 80 0
ARM GAS  C:\Users\Petro\AppData\Local\Temp\ccIpPG0w.s 			page 4


  82 004a 1968     		ldr	r1, [r3]
  83 004c 074A     		ldr	r2, .L2+20
  84 004e 8004     		lsl	r0, r0, #18
  85              	.LVL1:
  86 0050 0A40     		and	r2, r1
  87 0052 1043     		orr	r0, r2
  88 0054 1860     		str	r0, [r3]
  89              		.loc 1 81 0
  90 0056 10BD     		pop	{r4, pc}
  91              	.L3:
  92              		.align	2
  93              	.L2:
  94 0058 08010440 		.word	1074004232
  95 005c 3FFEFFFF 		.word	-449
  96 0060 FFF1FFFF 		.word	-3585
  97 0064 FF8FFFFF 		.word	-28673
  98 0068 FF7FFCFF 		.word	-229377
  99 006c FFFFE3FF 		.word	-1835009
 100              		.cfi_endproc
 101              	.LFE0:
 102              		.size	LCD_LCDPort_SetDriveMode, .-LCD_LCDPort_SetDriveMode
 103              		.section	.text.LCD_LCDPort_Write,"ax",%progbits
 104              		.align	1
 105              		.global	LCD_LCDPort_Write
 106              		.code	16
 107              		.thumb_func
 108              		.type	LCD_LCDPort_Write, %function
 109              	LCD_LCDPort_Write:
 110              	.LFB1:
  82:Generated_Source\PSoC4/LCD_LCDPort.c **** #endif
  83:Generated_Source\PSoC4/LCD_LCDPort.c **** 
  84:Generated_Source\PSoC4/LCD_LCDPort.c **** 
  85:Generated_Source\PSoC4/LCD_LCDPort.c **** /*******************************************************************************
  86:Generated_Source\PSoC4/LCD_LCDPort.c **** * Function Name: LCD_LCDPort_Write
  87:Generated_Source\PSoC4/LCD_LCDPort.c **** ****************************************************************************//**
  88:Generated_Source\PSoC4/LCD_LCDPort.c **** *
  89:Generated_Source\PSoC4/LCD_LCDPort.c **** * \brief Writes the value to the physical port (data output register), masking
  90:Generated_Source\PSoC4/LCD_LCDPort.c **** *  and shifting the bits appropriately. 
  91:Generated_Source\PSoC4/LCD_LCDPort.c **** *
  92:Generated_Source\PSoC4/LCD_LCDPort.c **** * The data output register controls the signal applied to the physical pin in 
  93:Generated_Source\PSoC4/LCD_LCDPort.c **** * conjunction with the drive mode parameter. This function avoids changing 
  94:Generated_Source\PSoC4/LCD_LCDPort.c **** * other bits in the port by using the appropriate method (read-modify-write or
  95:Generated_Source\PSoC4/LCD_LCDPort.c **** * bit banding).
  96:Generated_Source\PSoC4/LCD_LCDPort.c **** *
  97:Generated_Source\PSoC4/LCD_LCDPort.c **** * <b>Note</b> This function should not be used on a hardware digital output pin 
  98:Generated_Source\PSoC4/LCD_LCDPort.c **** * as it is driven by the hardware signal attached to it.
  99:Generated_Source\PSoC4/LCD_LCDPort.c **** *
 100:Generated_Source\PSoC4/LCD_LCDPort.c **** * \param value
 101:Generated_Source\PSoC4/LCD_LCDPort.c **** *  Value to write to the component instance.
 102:Generated_Source\PSoC4/LCD_LCDPort.c **** *
 103:Generated_Source\PSoC4/LCD_LCDPort.c **** * \return 
 104:Generated_Source\PSoC4/LCD_LCDPort.c **** *  None 
 105:Generated_Source\PSoC4/LCD_LCDPort.c **** *
 106:Generated_Source\PSoC4/LCD_LCDPort.c **** * \sideeffect
 107:Generated_Source\PSoC4/LCD_LCDPort.c **** *  If you use read-modify-write operations that are not atomic; the Interrupt 
 108:Generated_Source\PSoC4/LCD_LCDPort.c **** *  Service Routines (ISR) can cause corruption of this function. An ISR that 
 109:Generated_Source\PSoC4/LCD_LCDPort.c **** *  interrupts this function and performs writes to the Pins component data 
ARM GAS  C:\Users\Petro\AppData\Local\Temp\ccIpPG0w.s 			page 5


 110:Generated_Source\PSoC4/LCD_LCDPort.c **** *  register can cause corrupted port data. To avoid this issue, you should 
 111:Generated_Source\PSoC4/LCD_LCDPort.c **** *  either use the Per-Pin APIs (primary method) or disable interrupts around 
 112:Generated_Source\PSoC4/LCD_LCDPort.c **** *  this function.
 113:Generated_Source\PSoC4/LCD_LCDPort.c **** *
 114:Generated_Source\PSoC4/LCD_LCDPort.c **** * \funcusage
 115:Generated_Source\PSoC4/LCD_LCDPort.c **** *  \snippet LCD_LCDPort_SUT.c usage_LCD_LCDPort_Write
 116:Generated_Source\PSoC4/LCD_LCDPort.c **** *******************************************************************************/
 117:Generated_Source\PSoC4/LCD_LCDPort.c **** void LCD_LCDPort_Write(uint8 value)
 118:Generated_Source\PSoC4/LCD_LCDPort.c **** {
 111              		.loc 1 118 0
 112              		.cfi_startproc
 113              	.LVL2:
 119:Generated_Source\PSoC4/LCD_LCDPort.c ****     uint8 drVal = (uint8)(LCD_LCDPort_DR & (uint8)(~LCD_LCDPort_MASK));
 114              		.loc 1 119 0
 115 0000 7F23     		mov	r3, #127
 116 0002 0449     		ldr	r1, .L5
 120:Generated_Source\PSoC4/LCD_LCDPort.c ****     drVal = (drVal | ((uint8)(value << LCD_LCDPort_SHIFT) & LCD_LCDPort_MASK));
 121:Generated_Source\PSoC4/LCD_LCDPort.c ****     LCD_LCDPort_DR = (uint32)drVal;
 122:Generated_Source\PSoC4/LCD_LCDPort.c **** }
 117              		.loc 1 122 0
 118              		@ sp needed
 119:Generated_Source\PSoC4/LCD_LCDPort.c ****     uint8 drVal = (uint8)(LCD_LCDPort_DR & (uint8)(~LCD_LCDPort_MASK));
 119              		.loc 1 119 0
 120 0004 0A68     		ldr	r2, [r1]
 121 0006 9A43     		bic	r2, r3
 122 0008 D2B2     		uxtb	r2, r2
 123              	.LVL3:
 120:Generated_Source\PSoC4/LCD_LCDPort.c ****     drVal = (drVal | ((uint8)(value << LCD_LCDPort_SHIFT) & LCD_LCDPort_MASK));
 124              		.loc 1 120 0
 125 000a 0340     		and	r3, r0
 121:Generated_Source\PSoC4/LCD_LCDPort.c **** }
 126              		.loc 1 121 0
 127 000c 1343     		orr	r3, r2
 128 000e 0B60     		str	r3, [r1]
 129              		.loc 1 122 0
 130 0010 7047     		bx	lr
 131              	.L6:
 132 0012 C046     		.align	2
 133              	.L5:
 134 0014 00010440 		.word	1074004224
 135              		.cfi_endproc
 136              	.LFE1:
 137              		.size	LCD_LCDPort_Write, .-LCD_LCDPort_Write
 138              		.section	.text.LCD_LCDPort_Read,"ax",%progbits
 139              		.align	1
 140              		.global	LCD_LCDPort_Read
 141              		.code	16
 142              		.thumb_func
 143              		.type	LCD_LCDPort_Read, %function
 144              	LCD_LCDPort_Read:
 145              	.LFB2:
 123:Generated_Source\PSoC4/LCD_LCDPort.c **** 
 124:Generated_Source\PSoC4/LCD_LCDPort.c **** 
 125:Generated_Source\PSoC4/LCD_LCDPort.c **** /*******************************************************************************
 126:Generated_Source\PSoC4/LCD_LCDPort.c **** * Function Name: LCD_LCDPort_Read
 127:Generated_Source\PSoC4/LCD_LCDPort.c **** ****************************************************************************//**
 128:Generated_Source\PSoC4/LCD_LCDPort.c **** *
ARM GAS  C:\Users\Petro\AppData\Local\Temp\ccIpPG0w.s 			page 6


 129:Generated_Source\PSoC4/LCD_LCDPort.c **** * \brief Reads the associated physical port (pin status register) and masks 
 130:Generated_Source\PSoC4/LCD_LCDPort.c **** *  the required bits according to the width and bit position of the component
 131:Generated_Source\PSoC4/LCD_LCDPort.c **** *  instance. 
 132:Generated_Source\PSoC4/LCD_LCDPort.c **** *
 133:Generated_Source\PSoC4/LCD_LCDPort.c **** * The pin's status register returns the current logic level present on the 
 134:Generated_Source\PSoC4/LCD_LCDPort.c **** * physical pin.
 135:Generated_Source\PSoC4/LCD_LCDPort.c **** *
 136:Generated_Source\PSoC4/LCD_LCDPort.c **** * \return 
 137:Generated_Source\PSoC4/LCD_LCDPort.c **** *  The current value for the pins in the component as a right justified number.
 138:Generated_Source\PSoC4/LCD_LCDPort.c **** *
 139:Generated_Source\PSoC4/LCD_LCDPort.c **** * \funcusage
 140:Generated_Source\PSoC4/LCD_LCDPort.c **** *  \snippet LCD_LCDPort_SUT.c usage_LCD_LCDPort_Read  
 141:Generated_Source\PSoC4/LCD_LCDPort.c **** *******************************************************************************/
 142:Generated_Source\PSoC4/LCD_LCDPort.c **** uint8 LCD_LCDPort_Read(void)
 143:Generated_Source\PSoC4/LCD_LCDPort.c **** {
 146              		.loc 1 143 0
 147              		.cfi_startproc
 144:Generated_Source\PSoC4/LCD_LCDPort.c ****     return (uint8)((LCD_LCDPort_PS & LCD_LCDPort_MASK) >> LCD_LCDPort_SHIFT);
 148              		.loc 1 144 0
 149 0000 024B     		ldr	r3, .L8
 145:Generated_Source\PSoC4/LCD_LCDPort.c **** }
 150              		.loc 1 145 0
 151              		@ sp needed
 144:Generated_Source\PSoC4/LCD_LCDPort.c ****     return (uint8)((LCD_LCDPort_PS & LCD_LCDPort_MASK) >> LCD_LCDPort_SHIFT);
 152              		.loc 1 144 0
 153 0002 1868     		ldr	r0, [r3]
 154 0004 7F23     		mov	r3, #127
 155 0006 1840     		and	r0, r3
 156              		.loc 1 145 0
 157 0008 7047     		bx	lr
 158              	.L9:
 159 000a C046     		.align	2
 160              	.L8:
 161 000c 04010440 		.word	1074004228
 162              		.cfi_endproc
 163              	.LFE2:
 164              		.size	LCD_LCDPort_Read, .-LCD_LCDPort_Read
 165              		.section	.text.LCD_LCDPort_ReadDataReg,"ax",%progbits
 166              		.align	1
 167              		.global	LCD_LCDPort_ReadDataReg
 168              		.code	16
 169              		.thumb_func
 170              		.type	LCD_LCDPort_ReadDataReg, %function
 171              	LCD_LCDPort_ReadDataReg:
 172              	.LFB3:
 146:Generated_Source\PSoC4/LCD_LCDPort.c **** 
 147:Generated_Source\PSoC4/LCD_LCDPort.c **** 
 148:Generated_Source\PSoC4/LCD_LCDPort.c **** /*******************************************************************************
 149:Generated_Source\PSoC4/LCD_LCDPort.c **** * Function Name: LCD_LCDPort_ReadDataReg
 150:Generated_Source\PSoC4/LCD_LCDPort.c **** ****************************************************************************//**
 151:Generated_Source\PSoC4/LCD_LCDPort.c **** *
 152:Generated_Source\PSoC4/LCD_LCDPort.c **** * \brief Reads the associated physical port's data output register and masks 
 153:Generated_Source\PSoC4/LCD_LCDPort.c **** *  the correct bits according to the width and bit position of the component 
 154:Generated_Source\PSoC4/LCD_LCDPort.c **** *  instance. 
 155:Generated_Source\PSoC4/LCD_LCDPort.c **** *
 156:Generated_Source\PSoC4/LCD_LCDPort.c **** * The data output register controls the signal applied to the physical pin in 
 157:Generated_Source\PSoC4/LCD_LCDPort.c **** * conjunction with the drive mode parameter. This is not the same as the 
ARM GAS  C:\Users\Petro\AppData\Local\Temp\ccIpPG0w.s 			page 7


 158:Generated_Source\PSoC4/LCD_LCDPort.c **** * preferred LCD_LCDPort_Read() API because the 
 159:Generated_Source\PSoC4/LCD_LCDPort.c **** * LCD_LCDPort_ReadDataReg() reads the data register instead of the status 
 160:Generated_Source\PSoC4/LCD_LCDPort.c **** * register. For output pins this is a useful function to determine the value 
 161:Generated_Source\PSoC4/LCD_LCDPort.c **** * just written to the pin.
 162:Generated_Source\PSoC4/LCD_LCDPort.c **** *
 163:Generated_Source\PSoC4/LCD_LCDPort.c **** * \return 
 164:Generated_Source\PSoC4/LCD_LCDPort.c **** *  The current value of the data register masked and shifted into a right 
 165:Generated_Source\PSoC4/LCD_LCDPort.c **** *  justified number for the component instance.
 166:Generated_Source\PSoC4/LCD_LCDPort.c **** *
 167:Generated_Source\PSoC4/LCD_LCDPort.c **** * \funcusage
 168:Generated_Source\PSoC4/LCD_LCDPort.c **** *  \snippet LCD_LCDPort_SUT.c usage_LCD_LCDPort_ReadDataReg 
 169:Generated_Source\PSoC4/LCD_LCDPort.c **** *******************************************************************************/
 170:Generated_Source\PSoC4/LCD_LCDPort.c **** uint8 LCD_LCDPort_ReadDataReg(void)
 171:Generated_Source\PSoC4/LCD_LCDPort.c **** {
 173              		.loc 1 171 0
 174              		.cfi_startproc
 172:Generated_Source\PSoC4/LCD_LCDPort.c ****     return (uint8)((LCD_LCDPort_DR & LCD_LCDPort_MASK) >> LCD_LCDPort_SHIFT);
 175              		.loc 1 172 0
 176 0000 024B     		ldr	r3, .L11
 173:Generated_Source\PSoC4/LCD_LCDPort.c **** }
 177              		.loc 1 173 0
 178              		@ sp needed
 172:Generated_Source\PSoC4/LCD_LCDPort.c ****     return (uint8)((LCD_LCDPort_DR & LCD_LCDPort_MASK) >> LCD_LCDPort_SHIFT);
 179              		.loc 1 172 0
 180 0002 1868     		ldr	r0, [r3]
 181 0004 7F23     		mov	r3, #127
 182 0006 1840     		and	r0, r3
 183              		.loc 1 173 0
 184 0008 7047     		bx	lr
 185              	.L12:
 186 000a C046     		.align	2
 187              	.L11:
 188 000c 00010440 		.word	1074004224
 189              		.cfi_endproc
 190              	.LFE3:
 191              		.size	LCD_LCDPort_ReadDataReg, .-LCD_LCDPort_ReadDataReg
 192              		.section	.text.LCD_LCDPort_SetInterruptMode,"ax",%progbits
 193              		.align	1
 194              		.global	LCD_LCDPort_SetInterruptMode
 195              		.code	16
 196              		.thumb_func
 197              		.type	LCD_LCDPort_SetInterruptMode, %function
 198              	LCD_LCDPort_SetInterruptMode:
 199              	.LFB4:
 174:Generated_Source\PSoC4/LCD_LCDPort.c **** 
 175:Generated_Source\PSoC4/LCD_LCDPort.c **** 
 176:Generated_Source\PSoC4/LCD_LCDPort.c **** /*******************************************************************************
 177:Generated_Source\PSoC4/LCD_LCDPort.c **** * Function Name: LCD_LCDPort_SetInterruptMode
 178:Generated_Source\PSoC4/LCD_LCDPort.c **** ****************************************************************************//**
 179:Generated_Source\PSoC4/LCD_LCDPort.c **** *
 180:Generated_Source\PSoC4/LCD_LCDPort.c **** * \brief Configures the interrupt mode for each of the Pins component's
 181:Generated_Source\PSoC4/LCD_LCDPort.c **** *  pins. Alternatively you may set the interrupt mode for all the pins
 182:Generated_Source\PSoC4/LCD_LCDPort.c **** *  specified in the Pins component.
 183:Generated_Source\PSoC4/LCD_LCDPort.c **** *
 184:Generated_Source\PSoC4/LCD_LCDPort.c **** *  <b>Note</b> The interrupt is port-wide and therefore any enabled pin
 185:Generated_Source\PSoC4/LCD_LCDPort.c **** *  interrupt may trigger it.
 186:Generated_Source\PSoC4/LCD_LCDPort.c **** *
ARM GAS  C:\Users\Petro\AppData\Local\Temp\ccIpPG0w.s 			page 8


 187:Generated_Source\PSoC4/LCD_LCDPort.c **** * \param position
 188:Generated_Source\PSoC4/LCD_LCDPort.c **** *  The pin position as listed in the Pins component. You may OR these to be 
 189:Generated_Source\PSoC4/LCD_LCDPort.c **** *  able to configure the interrupt mode of multiple pins within a Pins 
 190:Generated_Source\PSoC4/LCD_LCDPort.c **** *  component. Or you may use LCD_LCDPort_INTR_ALL to configure the
 191:Generated_Source\PSoC4/LCD_LCDPort.c **** *  interrupt mode of all the pins in the Pins component.       
 192:Generated_Source\PSoC4/LCD_LCDPort.c **** *  - LCD_LCDPort_0_INTR       (First pin in the list)
 193:Generated_Source\PSoC4/LCD_LCDPort.c **** *  - LCD_LCDPort_1_INTR       (Second pin in the list)
 194:Generated_Source\PSoC4/LCD_LCDPort.c **** *  - ...
 195:Generated_Source\PSoC4/LCD_LCDPort.c **** *  - LCD_LCDPort_INTR_ALL     (All pins in Pins component)
 196:Generated_Source\PSoC4/LCD_LCDPort.c **** *
 197:Generated_Source\PSoC4/LCD_LCDPort.c **** * \param mode
 198:Generated_Source\PSoC4/LCD_LCDPort.c **** *  Interrupt mode for the selected pins. Valid options are documented in
 199:Generated_Source\PSoC4/LCD_LCDPort.c **** *  \ref intrMode.
 200:Generated_Source\PSoC4/LCD_LCDPort.c **** *
 201:Generated_Source\PSoC4/LCD_LCDPort.c **** * \return 
 202:Generated_Source\PSoC4/LCD_LCDPort.c **** *  None
 203:Generated_Source\PSoC4/LCD_LCDPort.c **** *  
 204:Generated_Source\PSoC4/LCD_LCDPort.c **** * \sideeffect
 205:Generated_Source\PSoC4/LCD_LCDPort.c **** *  It is recommended that the interrupt be disabled before calling this 
 206:Generated_Source\PSoC4/LCD_LCDPort.c **** *  function to avoid unintended interrupt requests. Note that the interrupt
 207:Generated_Source\PSoC4/LCD_LCDPort.c **** *  type is port wide, and therefore will trigger for any enabled pin on the 
 208:Generated_Source\PSoC4/LCD_LCDPort.c **** *  port.
 209:Generated_Source\PSoC4/LCD_LCDPort.c **** *
 210:Generated_Source\PSoC4/LCD_LCDPort.c **** * \funcusage
 211:Generated_Source\PSoC4/LCD_LCDPort.c **** *  \snippet LCD_LCDPort_SUT.c usage_LCD_LCDPort_SetInterruptMode
 212:Generated_Source\PSoC4/LCD_LCDPort.c **** *******************************************************************************/
 213:Generated_Source\PSoC4/LCD_LCDPort.c **** void LCD_LCDPort_SetInterruptMode(uint16 position, uint16 mode)
 214:Generated_Source\PSoC4/LCD_LCDPort.c **** {
 200              		.loc 1 214 0
 201              		.cfi_startproc
 202              	.LVL4:
 215:Generated_Source\PSoC4/LCD_LCDPort.c ****     uint32 intrCfg;
 216:Generated_Source\PSoC4/LCD_LCDPort.c ****     
 217:Generated_Source\PSoC4/LCD_LCDPort.c ****     intrCfg =  LCD_LCDPort_INTCFG & (uint32)(~(uint32)position);
 203              		.loc 1 217 0
 204 0000 034A     		ldr	r2, .L14
 218:Generated_Source\PSoC4/LCD_LCDPort.c ****     LCD_LCDPort_INTCFG = intrCfg | ((uint32)position & (uint32)mode);
 219:Generated_Source\PSoC4/LCD_LCDPort.c **** }
 205              		.loc 1 219 0
 206              		@ sp needed
 217:Generated_Source\PSoC4/LCD_LCDPort.c ****     LCD_LCDPort_INTCFG = intrCfg | ((uint32)position & (uint32)mode);
 207              		.loc 1 217 0
 208 0002 1368     		ldr	r3, [r2]
 209              	.LVL5:
 210 0004 8343     		bic	r3, r0
 211              	.LVL6:
 218:Generated_Source\PSoC4/LCD_LCDPort.c ****     LCD_LCDPort_INTCFG = intrCfg | ((uint32)position & (uint32)mode);
 212              		.loc 1 218 0
 213 0006 0840     		and	r0, r1
 214              	.LVL7:
 215 0008 1843     		orr	r0, r3
 216 000a 1060     		str	r0, [r2]
 217              		.loc 1 219 0
 218 000c 7047     		bx	lr
 219              	.L15:
 220 000e C046     		.align	2
 221              	.L14:
ARM GAS  C:\Users\Petro\AppData\Local\Temp\ccIpPG0w.s 			page 9


 222 0010 0C010440 		.word	1074004236
 223              		.cfi_endproc
 224              	.LFE4:
 225              		.size	LCD_LCDPort_SetInterruptMode, .-LCD_LCDPort_SetInterruptMode
 226              		.section	.text.LCD_LCDPort_ClearInterrupt,"ax",%progbits
 227              		.align	1
 228              		.global	LCD_LCDPort_ClearInterrupt
 229              		.code	16
 230              		.thumb_func
 231              		.type	LCD_LCDPort_ClearInterrupt, %function
 232              	LCD_LCDPort_ClearInterrupt:
 233              	.LFB5:
 220:Generated_Source\PSoC4/LCD_LCDPort.c **** 
 221:Generated_Source\PSoC4/LCD_LCDPort.c **** 
 222:Generated_Source\PSoC4/LCD_LCDPort.c **** /*******************************************************************************
 223:Generated_Source\PSoC4/LCD_LCDPort.c **** * Function Name: LCD_LCDPort_ClearInterrupt
 224:Generated_Source\PSoC4/LCD_LCDPort.c **** ****************************************************************************//**
 225:Generated_Source\PSoC4/LCD_LCDPort.c **** *
 226:Generated_Source\PSoC4/LCD_LCDPort.c **** * \brief Clears any active interrupts attached with the component and returns 
 227:Generated_Source\PSoC4/LCD_LCDPort.c **** *  the value of the interrupt status register allowing determination of which
 228:Generated_Source\PSoC4/LCD_LCDPort.c **** *  pins generated an interrupt event.
 229:Generated_Source\PSoC4/LCD_LCDPort.c **** *
 230:Generated_Source\PSoC4/LCD_LCDPort.c **** * \return 
 231:Generated_Source\PSoC4/LCD_LCDPort.c **** *  The right-shifted current value of the interrupt status register. Each pin 
 232:Generated_Source\PSoC4/LCD_LCDPort.c **** *  has one bit set if it generated an interrupt event. For example, bit 0 is 
 233:Generated_Source\PSoC4/LCD_LCDPort.c **** *  for pin 0 and bit 1 is for pin 1 of the Pins component.
 234:Generated_Source\PSoC4/LCD_LCDPort.c **** *  
 235:Generated_Source\PSoC4/LCD_LCDPort.c **** * \sideeffect
 236:Generated_Source\PSoC4/LCD_LCDPort.c **** *  Clears all bits of the physical port's interrupt status register, not just
 237:Generated_Source\PSoC4/LCD_LCDPort.c **** *  those associated with the Pins component.
 238:Generated_Source\PSoC4/LCD_LCDPort.c **** *
 239:Generated_Source\PSoC4/LCD_LCDPort.c **** * \funcusage
 240:Generated_Source\PSoC4/LCD_LCDPort.c **** *  \snippet LCD_LCDPort_SUT.c usage_LCD_LCDPort_ClearInterrupt
 241:Generated_Source\PSoC4/LCD_LCDPort.c **** *******************************************************************************/
 242:Generated_Source\PSoC4/LCD_LCDPort.c **** uint8 LCD_LCDPort_ClearInterrupt(void)
 243:Generated_Source\PSoC4/LCD_LCDPort.c **** {
 234              		.loc 1 243 0
 235              		.cfi_startproc
 244:Generated_Source\PSoC4/LCD_LCDPort.c **** 	uint8 maskedStatus = (uint8)(LCD_LCDPort_INTSTAT & LCD_LCDPort_MASK);
 236              		.loc 1 244 0
 237 0000 7F23     		mov	r3, #127
 238 0002 024A     		ldr	r2, .L17
 245:Generated_Source\PSoC4/LCD_LCDPort.c **** 	LCD_LCDPort_INTSTAT = maskedStatus;
 246:Generated_Source\PSoC4/LCD_LCDPort.c ****     return maskedStatus >> LCD_LCDPort_SHIFT;
 247:Generated_Source\PSoC4/LCD_LCDPort.c **** }
 239              		.loc 1 247 0
 240              		@ sp needed
 244:Generated_Source\PSoC4/LCD_LCDPort.c **** 	uint8 maskedStatus = (uint8)(LCD_LCDPort_INTSTAT & LCD_LCDPort_MASK);
 241              		.loc 1 244 0
 242 0004 1068     		ldr	r0, [r2]
 243 0006 1840     		and	r0, r3
 244              	.LVL8:
 245:Generated_Source\PSoC4/LCD_LCDPort.c **** 	LCD_LCDPort_INTSTAT = maskedStatus;
 245              		.loc 1 245 0
 246 0008 1060     		str	r0, [r2]
 247              		.loc 1 247 0
 248 000a 7047     		bx	lr
ARM GAS  C:\Users\Petro\AppData\Local\Temp\ccIpPG0w.s 			page 10


 249              	.L18:
 250              		.align	2
 251              	.L17:
 252 000c 10010440 		.word	1074004240
 253              		.cfi_endproc
 254              	.LFE5:
 255              		.size	LCD_LCDPort_ClearInterrupt, .-LCD_LCDPort_ClearInterrupt
 256              		.text
 257              	.Letext0:
 258              		.file 2 "Generated_Source\\PSoC4\\cytypes.h"
 259              		.section	.debug_info,"",%progbits
 260              	.Ldebug_info0:
 261 0000 9D010000 		.4byte	0x19d
 262 0004 0400     		.2byte	0x4
 263 0006 00000000 		.4byte	.Ldebug_abbrev0
 264 000a 04       		.byte	0x4
 265 000b 01       		.uleb128 0x1
 266 000c 06000000 		.4byte	.LASF28
 267 0010 01       		.byte	0x1
 268 0011 54010000 		.4byte	.LASF29
 269 0015 C3010000 		.4byte	.LASF30
 270 0019 00000000 		.4byte	.Ldebug_ranges0+0
 271 001d 00000000 		.4byte	0
 272 0021 00000000 		.4byte	.Ldebug_line0
 273 0025 02       		.uleb128 0x2
 274 0026 01       		.byte	0x1
 275 0027 06       		.byte	0x6
 276 0028 7C020000 		.4byte	.LASF0
 277 002c 02       		.uleb128 0x2
 278 002d 01       		.byte	0x1
 279 002e 08       		.byte	0x8
 280 002f 02010000 		.4byte	.LASF1
 281 0033 02       		.uleb128 0x2
 282 0034 02       		.byte	0x2
 283 0035 05       		.byte	0x5
 284 0036 52020000 		.4byte	.LASF2
 285 003a 02       		.uleb128 0x2
 286 003b 02       		.byte	0x2
 287 003c 07       		.byte	0x7
 288 003d 28010000 		.4byte	.LASF3
 289 0041 02       		.uleb128 0x2
 290 0042 04       		.byte	0x4
 291 0043 05       		.byte	0x5
 292 0044 73020000 		.4byte	.LASF4
 293 0048 02       		.uleb128 0x2
 294 0049 04       		.byte	0x4
 295 004a 07       		.byte	0x7
 296 004b 16010000 		.4byte	.LASF5
 297 004f 02       		.uleb128 0x2
 298 0050 08       		.byte	0x8
 299 0051 05       		.byte	0x5
 300 0052 32020000 		.4byte	.LASF6
 301 0056 02       		.uleb128 0x2
 302 0057 08       		.byte	0x8
 303 0058 07       		.byte	0x7
 304 0059 AC010000 		.4byte	.LASF7
 305 005d 03       		.uleb128 0x3
ARM GAS  C:\Users\Petro\AppData\Local\Temp\ccIpPG0w.s 			page 11


 306 005e 04       		.byte	0x4
 307 005f 05       		.byte	0x5
 308 0060 696E7400 		.ascii	"int\000"
 309 0064 02       		.uleb128 0x2
 310 0065 04       		.byte	0x4
 311 0066 07       		.byte	0x7
 312 0067 9F010000 		.4byte	.LASF8
 313 006b 04       		.uleb128 0x4
 314 006c 5C020000 		.4byte	.LASF9
 315 0070 02       		.byte	0x2
 316 0071 9801     		.2byte	0x198
 317 0073 2C000000 		.4byte	0x2c
 318 0077 04       		.uleb128 0x4
 319 0078 80010000 		.4byte	.LASF10
 320 007c 02       		.byte	0x2
 321 007d 9901     		.2byte	0x199
 322 007f 3A000000 		.4byte	0x3a
 323 0083 04       		.uleb128 0x4
 324 0084 90010000 		.4byte	.LASF11
 325 0088 02       		.byte	0x2
 326 0089 9A01     		.2byte	0x19a
 327 008b 48000000 		.4byte	0x48
 328 008f 02       		.uleb128 0x2
 329 0090 04       		.byte	0x4
 330 0091 04       		.byte	0x4
 331 0092 FC000000 		.4byte	.LASF12
 332 0096 02       		.uleb128 0x2
 333 0097 08       		.byte	0x8
 334 0098 04       		.byte	0x4
 335 0099 79010000 		.4byte	.LASF13
 336 009d 02       		.uleb128 0x2
 337 009e 01       		.byte	0x1
 338 009f 08       		.byte	0x8
 339 00a0 4D020000 		.4byte	.LASF14
 340 00a4 04       		.uleb128 0x4
 341 00a5 00000000 		.4byte	.LASF15
 342 00a9 02       		.byte	0x2
 343 00aa 4402     		.2byte	0x244
 344 00ac B0000000 		.4byte	0xb0
 345 00b0 05       		.uleb128 0x5
 346 00b1 83000000 		.4byte	0x83
 347 00b5 06       		.uleb128 0x6
 348 00b6 3B010000 		.4byte	.LASF16
 349 00ba 01       		.byte	0x1
 350 00bb 48       		.byte	0x48
 351 00bc 00000000 		.4byte	.LFB0
 352 00c0 70000000 		.4byte	.LFE0-.LFB0
 353 00c4 01       		.uleb128 0x1
 354 00c5 9C       		.byte	0x9c
 355 00c6 DA000000 		.4byte	0xda
 356 00ca 07       		.uleb128 0x7
 357 00cb 2D020000 		.4byte	.LASF18
 358 00cf 01       		.byte	0x1
 359 00d0 48       		.byte	0x48
 360 00d1 6B000000 		.4byte	0x6b
 361 00d5 00000000 		.4byte	.LLST0
 362 00d9 00       		.byte	0
ARM GAS  C:\Users\Petro\AppData\Local\Temp\ccIpPG0w.s 			page 12


 363 00da 06       		.uleb128 0x6
 364 00db 9A000000 		.4byte	.LASF17
 365 00df 01       		.byte	0x1
 366 00e0 75       		.byte	0x75
 367 00e1 00000000 		.4byte	.LFB1
 368 00e5 18000000 		.4byte	.LFE1-.LFB1
 369 00e9 01       		.uleb128 0x1
 370 00ea 9C       		.byte	0x9c
 371 00eb 12010000 		.4byte	0x112
 372 00ef 08       		.uleb128 0x8
 373 00f0 94000000 		.4byte	.LASF19
 374 00f4 01       		.byte	0x1
 375 00f5 75       		.byte	0x75
 376 00f6 6B000000 		.4byte	0x6b
 377 00fa 01       		.uleb128 0x1
 378 00fb 50       		.byte	0x50
 379 00fc 09       		.uleb128 0x9
 380 00fd 10010000 		.4byte	.LASF24
 381 0101 01       		.byte	0x1
 382 0102 77       		.byte	0x77
 383 0103 6B000000 		.4byte	0x6b
 384 0107 09       		.uleb128 0x9
 385 0108 70       		.byte	0x70
 386 0109 00       		.sleb128 0
 387 010a 08       		.byte	0x8
 388 010b 7F       		.byte	0x7f
 389 010c 1A       		.byte	0x1a
 390 010d 72       		.byte	0x72
 391 010e 00       		.sleb128 0
 392 010f 21       		.byte	0x21
 393 0110 9F       		.byte	0x9f
 394 0111 00       		.byte	0
 395 0112 0A       		.uleb128 0xa
 396 0113 62020000 		.4byte	.LASF20
 397 0117 01       		.byte	0x1
 398 0118 8E       		.byte	0x8e
 399 0119 6B000000 		.4byte	0x6b
 400 011d 00000000 		.4byte	.LFB2
 401 0121 10000000 		.4byte	.LFE2-.LFB2
 402 0125 01       		.uleb128 0x1
 403 0126 9C       		.byte	0x9c
 404 0127 0A       		.uleb128 0xa
 405 0128 AC000000 		.4byte	.LASF21
 406 012c 01       		.byte	0x1
 407 012d AA       		.byte	0xaa
 408 012e 6B000000 		.4byte	0x6b
 409 0132 00000000 		.4byte	.LFB3
 410 0136 10000000 		.4byte	.LFE3-.LFB3
 411 013a 01       		.uleb128 0x1
 412 013b 9C       		.byte	0x9c
 413 013c 06       		.uleb128 0x6
 414 013d C4000000 		.4byte	.LASF22
 415 0141 01       		.byte	0x1
 416 0142 D5       		.byte	0xd5
 417 0143 00000000 		.4byte	.LFB4
 418 0147 14000000 		.4byte	.LFE4-.LFB4
 419 014b 01       		.uleb128 0x1
ARM GAS  C:\Users\Petro\AppData\Local\Temp\ccIpPG0w.s 			page 13


 420 014c 9C       		.byte	0x9c
 421 014d 7D010000 		.4byte	0x17d
 422 0151 07       		.uleb128 0x7
 423 0152 87010000 		.4byte	.LASF23
 424 0156 01       		.byte	0x1
 425 0157 D5       		.byte	0xd5
 426 0158 77000000 		.4byte	0x77
 427 015c 21000000 		.4byte	.LLST1
 428 0160 08       		.uleb128 0x8
 429 0161 2D020000 		.4byte	.LASF18
 430 0165 01       		.byte	0x1
 431 0166 D5       		.byte	0xd5
 432 0167 77000000 		.4byte	0x77
 433 016b 01       		.uleb128 0x1
 434 016c 51       		.byte	0x51
 435 016d 0B       		.uleb128 0xb
 436 016e 97010000 		.4byte	.LASF25
 437 0172 01       		.byte	0x1
 438 0173 D7       		.byte	0xd7
 439 0174 83000000 		.4byte	0x83
 440 0178 42000000 		.4byte	.LLST2
 441 017c 00       		.byte	0
 442 017d 0C       		.uleb128 0xc
 443 017e E1000000 		.4byte	.LASF26
 444 0182 01       		.byte	0x1
 445 0183 F2       		.byte	0xf2
 446 0184 6B000000 		.4byte	0x6b
 447 0188 00000000 		.4byte	.LFB5
 448 018c 10000000 		.4byte	.LFE5-.LFB5
 449 0190 01       		.uleb128 0x1
 450 0191 9C       		.byte	0x9c
 451 0192 09       		.uleb128 0x9
 452 0193 40020000 		.4byte	.LASF27
 453 0197 01       		.byte	0x1
 454 0198 F4       		.byte	0xf4
 455 0199 6B000000 		.4byte	0x6b
 456 019d 01       		.uleb128 0x1
 457 019e 50       		.byte	0x50
 458 019f 00       		.byte	0
 459 01a0 00       		.byte	0
 460              		.section	.debug_abbrev,"",%progbits
 461              	.Ldebug_abbrev0:
 462 0000 01       		.uleb128 0x1
 463 0001 11       		.uleb128 0x11
 464 0002 01       		.byte	0x1
 465 0003 25       		.uleb128 0x25
 466 0004 0E       		.uleb128 0xe
 467 0005 13       		.uleb128 0x13
 468 0006 0B       		.uleb128 0xb
 469 0007 03       		.uleb128 0x3
 470 0008 0E       		.uleb128 0xe
 471 0009 1B       		.uleb128 0x1b
 472 000a 0E       		.uleb128 0xe
 473 000b 55       		.uleb128 0x55
 474 000c 17       		.uleb128 0x17
 475 000d 11       		.uleb128 0x11
 476 000e 01       		.uleb128 0x1
ARM GAS  C:\Users\Petro\AppData\Local\Temp\ccIpPG0w.s 			page 14


 477 000f 10       		.uleb128 0x10
 478 0010 17       		.uleb128 0x17
 479 0011 00       		.byte	0
 480 0012 00       		.byte	0
 481 0013 02       		.uleb128 0x2
 482 0014 24       		.uleb128 0x24
 483 0015 00       		.byte	0
 484 0016 0B       		.uleb128 0xb
 485 0017 0B       		.uleb128 0xb
 486 0018 3E       		.uleb128 0x3e
 487 0019 0B       		.uleb128 0xb
 488 001a 03       		.uleb128 0x3
 489 001b 0E       		.uleb128 0xe
 490 001c 00       		.byte	0
 491 001d 00       		.byte	0
 492 001e 03       		.uleb128 0x3
 493 001f 24       		.uleb128 0x24
 494 0020 00       		.byte	0
 495 0021 0B       		.uleb128 0xb
 496 0022 0B       		.uleb128 0xb
 497 0023 3E       		.uleb128 0x3e
 498 0024 0B       		.uleb128 0xb
 499 0025 03       		.uleb128 0x3
 500 0026 08       		.uleb128 0x8
 501 0027 00       		.byte	0
 502 0028 00       		.byte	0
 503 0029 04       		.uleb128 0x4
 504 002a 16       		.uleb128 0x16
 505 002b 00       		.byte	0
 506 002c 03       		.uleb128 0x3
 507 002d 0E       		.uleb128 0xe
 508 002e 3A       		.uleb128 0x3a
 509 002f 0B       		.uleb128 0xb
 510 0030 3B       		.uleb128 0x3b
 511 0031 05       		.uleb128 0x5
 512 0032 49       		.uleb128 0x49
 513 0033 13       		.uleb128 0x13
 514 0034 00       		.byte	0
 515 0035 00       		.byte	0
 516 0036 05       		.uleb128 0x5
 517 0037 35       		.uleb128 0x35
 518 0038 00       		.byte	0
 519 0039 49       		.uleb128 0x49
 520 003a 13       		.uleb128 0x13
 521 003b 00       		.byte	0
 522 003c 00       		.byte	0
 523 003d 06       		.uleb128 0x6
 524 003e 2E       		.uleb128 0x2e
 525 003f 01       		.byte	0x1
 526 0040 3F       		.uleb128 0x3f
 527 0041 19       		.uleb128 0x19
 528 0042 03       		.uleb128 0x3
 529 0043 0E       		.uleb128 0xe
 530 0044 3A       		.uleb128 0x3a
 531 0045 0B       		.uleb128 0xb
 532 0046 3B       		.uleb128 0x3b
 533 0047 0B       		.uleb128 0xb
ARM GAS  C:\Users\Petro\AppData\Local\Temp\ccIpPG0w.s 			page 15


 534 0048 27       		.uleb128 0x27
 535 0049 19       		.uleb128 0x19
 536 004a 11       		.uleb128 0x11
 537 004b 01       		.uleb128 0x1
 538 004c 12       		.uleb128 0x12
 539 004d 06       		.uleb128 0x6
 540 004e 40       		.uleb128 0x40
 541 004f 18       		.uleb128 0x18
 542 0050 9742     		.uleb128 0x2117
 543 0052 19       		.uleb128 0x19
 544 0053 01       		.uleb128 0x1
 545 0054 13       		.uleb128 0x13
 546 0055 00       		.byte	0
 547 0056 00       		.byte	0
 548 0057 07       		.uleb128 0x7
 549 0058 05       		.uleb128 0x5
 550 0059 00       		.byte	0
 551 005a 03       		.uleb128 0x3
 552 005b 0E       		.uleb128 0xe
 553 005c 3A       		.uleb128 0x3a
 554 005d 0B       		.uleb128 0xb
 555 005e 3B       		.uleb128 0x3b
 556 005f 0B       		.uleb128 0xb
 557 0060 49       		.uleb128 0x49
 558 0061 13       		.uleb128 0x13
 559 0062 02       		.uleb128 0x2
 560 0063 17       		.uleb128 0x17
 561 0064 00       		.byte	0
 562 0065 00       		.byte	0
 563 0066 08       		.uleb128 0x8
 564 0067 05       		.uleb128 0x5
 565 0068 00       		.byte	0
 566 0069 03       		.uleb128 0x3
 567 006a 0E       		.uleb128 0xe
 568 006b 3A       		.uleb128 0x3a
 569 006c 0B       		.uleb128 0xb
 570 006d 3B       		.uleb128 0x3b
 571 006e 0B       		.uleb128 0xb
 572 006f 49       		.uleb128 0x49
 573 0070 13       		.uleb128 0x13
 574 0071 02       		.uleb128 0x2
 575 0072 18       		.uleb128 0x18
 576 0073 00       		.byte	0
 577 0074 00       		.byte	0
 578 0075 09       		.uleb128 0x9
 579 0076 34       		.uleb128 0x34
 580 0077 00       		.byte	0
 581 0078 03       		.uleb128 0x3
 582 0079 0E       		.uleb128 0xe
 583 007a 3A       		.uleb128 0x3a
 584 007b 0B       		.uleb128 0xb
 585 007c 3B       		.uleb128 0x3b
 586 007d 0B       		.uleb128 0xb
 587 007e 49       		.uleb128 0x49
 588 007f 13       		.uleb128 0x13
 589 0080 02       		.uleb128 0x2
 590 0081 18       		.uleb128 0x18
ARM GAS  C:\Users\Petro\AppData\Local\Temp\ccIpPG0w.s 			page 16


 591 0082 00       		.byte	0
 592 0083 00       		.byte	0
 593 0084 0A       		.uleb128 0xa
 594 0085 2E       		.uleb128 0x2e
 595 0086 00       		.byte	0
 596 0087 3F       		.uleb128 0x3f
 597 0088 19       		.uleb128 0x19
 598 0089 03       		.uleb128 0x3
 599 008a 0E       		.uleb128 0xe
 600 008b 3A       		.uleb128 0x3a
 601 008c 0B       		.uleb128 0xb
 602 008d 3B       		.uleb128 0x3b
 603 008e 0B       		.uleb128 0xb
 604 008f 27       		.uleb128 0x27
 605 0090 19       		.uleb128 0x19
 606 0091 49       		.uleb128 0x49
 607 0092 13       		.uleb128 0x13
 608 0093 11       		.uleb128 0x11
 609 0094 01       		.uleb128 0x1
 610 0095 12       		.uleb128 0x12
 611 0096 06       		.uleb128 0x6
 612 0097 40       		.uleb128 0x40
 613 0098 18       		.uleb128 0x18
 614 0099 9742     		.uleb128 0x2117
 615 009b 19       		.uleb128 0x19
 616 009c 00       		.byte	0
 617 009d 00       		.byte	0
 618 009e 0B       		.uleb128 0xb
 619 009f 34       		.uleb128 0x34
 620 00a0 00       		.byte	0
 621 00a1 03       		.uleb128 0x3
 622 00a2 0E       		.uleb128 0xe
 623 00a3 3A       		.uleb128 0x3a
 624 00a4 0B       		.uleb128 0xb
 625 00a5 3B       		.uleb128 0x3b
 626 00a6 0B       		.uleb128 0xb
 627 00a7 49       		.uleb128 0x49
 628 00a8 13       		.uleb128 0x13
 629 00a9 02       		.uleb128 0x2
 630 00aa 17       		.uleb128 0x17
 631 00ab 00       		.byte	0
 632 00ac 00       		.byte	0
 633 00ad 0C       		.uleb128 0xc
 634 00ae 2E       		.uleb128 0x2e
 635 00af 01       		.byte	0x1
 636 00b0 3F       		.uleb128 0x3f
 637 00b1 19       		.uleb128 0x19
 638 00b2 03       		.uleb128 0x3
 639 00b3 0E       		.uleb128 0xe
 640 00b4 3A       		.uleb128 0x3a
 641 00b5 0B       		.uleb128 0xb
 642 00b6 3B       		.uleb128 0x3b
 643 00b7 0B       		.uleb128 0xb
 644 00b8 27       		.uleb128 0x27
 645 00b9 19       		.uleb128 0x19
 646 00ba 49       		.uleb128 0x49
 647 00bb 13       		.uleb128 0x13
ARM GAS  C:\Users\Petro\AppData\Local\Temp\ccIpPG0w.s 			page 17


 648 00bc 11       		.uleb128 0x11
 649 00bd 01       		.uleb128 0x1
 650 00be 12       		.uleb128 0x12
 651 00bf 06       		.uleb128 0x6
 652 00c0 40       		.uleb128 0x40
 653 00c1 18       		.uleb128 0x18
 654 00c2 9742     		.uleb128 0x2117
 655 00c4 19       		.uleb128 0x19
 656 00c5 00       		.byte	0
 657 00c6 00       		.byte	0
 658 00c7 00       		.byte	0
 659              		.section	.debug_loc,"",%progbits
 660              	.Ldebug_loc0:
 661              	.LLST0:
 662 0000 00000000 		.4byte	.LVL0
 663 0004 50000000 		.4byte	.LVL1
 664 0008 0100     		.2byte	0x1
 665 000a 50       		.byte	0x50
 666 000b 50000000 		.4byte	.LVL1
 667 000f 70000000 		.4byte	.LFE0
 668 0013 0400     		.2byte	0x4
 669 0015 F3       		.byte	0xf3
 670 0016 01       		.uleb128 0x1
 671 0017 50       		.byte	0x50
 672 0018 9F       		.byte	0x9f
 673 0019 00000000 		.4byte	0
 674 001d 00000000 		.4byte	0
 675              	.LLST1:
 676 0021 00000000 		.4byte	.LVL4
 677 0025 08000000 		.4byte	.LVL7
 678 0029 0100     		.2byte	0x1
 679 002b 50       		.byte	0x50
 680 002c 08000000 		.4byte	.LVL7
 681 0030 14000000 		.4byte	.LFE4
 682 0034 0400     		.2byte	0x4
 683 0036 F3       		.byte	0xf3
 684 0037 01       		.uleb128 0x1
 685 0038 50       		.byte	0x50
 686 0039 9F       		.byte	0x9f
 687 003a 00000000 		.4byte	0
 688 003e 00000000 		.4byte	0
 689              	.LLST2:
 690 0042 04000000 		.4byte	.LVL5
 691 0046 06000000 		.4byte	.LVL6
 692 004a 0B00     		.2byte	0xb
 693 004c 70       		.byte	0x70
 694 004d 00       		.sleb128 0
 695 004e 0A       		.byte	0xa
 696 004f FFFF     		.2byte	0xffff
 697 0051 1A       		.byte	0x1a
 698 0052 20       		.byte	0x20
 699 0053 73       		.byte	0x73
 700 0054 00       		.sleb128 0
 701 0055 1A       		.byte	0x1a
 702 0056 9F       		.byte	0x9f
 703 0057 00000000 		.4byte	0
 704 005b 00000000 		.4byte	0
ARM GAS  C:\Users\Petro\AppData\Local\Temp\ccIpPG0w.s 			page 18


 705              		.section	.debug_aranges,"",%progbits
 706 0000 44000000 		.4byte	0x44
 707 0004 0200     		.2byte	0x2
 708 0006 00000000 		.4byte	.Ldebug_info0
 709 000a 04       		.byte	0x4
 710 000b 00       		.byte	0
 711 000c 0000     		.2byte	0
 712 000e 0000     		.2byte	0
 713 0010 00000000 		.4byte	.LFB0
 714 0014 70000000 		.4byte	.LFE0-.LFB0
 715 0018 00000000 		.4byte	.LFB1
 716 001c 18000000 		.4byte	.LFE1-.LFB1
 717 0020 00000000 		.4byte	.LFB2
 718 0024 10000000 		.4byte	.LFE2-.LFB2
 719 0028 00000000 		.4byte	.LFB3
 720 002c 10000000 		.4byte	.LFE3-.LFB3
 721 0030 00000000 		.4byte	.LFB4
 722 0034 14000000 		.4byte	.LFE4-.LFB4
 723 0038 00000000 		.4byte	.LFB5
 724 003c 10000000 		.4byte	.LFE5-.LFB5
 725 0040 00000000 		.4byte	0
 726 0044 00000000 		.4byte	0
 727              		.section	.debug_ranges,"",%progbits
 728              	.Ldebug_ranges0:
 729 0000 00000000 		.4byte	.LFB0
 730 0004 70000000 		.4byte	.LFE0
 731 0008 00000000 		.4byte	.LFB1
 732 000c 18000000 		.4byte	.LFE1
 733 0010 00000000 		.4byte	.LFB2
 734 0014 10000000 		.4byte	.LFE2
 735 0018 00000000 		.4byte	.LFB3
 736 001c 10000000 		.4byte	.LFE3
 737 0020 00000000 		.4byte	.LFB4
 738 0024 14000000 		.4byte	.LFE4
 739 0028 00000000 		.4byte	.LFB5
 740 002c 10000000 		.4byte	.LFE5
 741 0030 00000000 		.4byte	0
 742 0034 00000000 		.4byte	0
 743              		.section	.debug_line,"",%progbits
 744              	.Ldebug_line0:
 745 0000 D5000000 		.section	.debug_str,"MS",%progbits,1
 745      02004800 
 745      00000201 
 745      FB0E0D00 
 745      01010101 
 746              	.LASF15:
 747 0000 72656733 		.ascii	"reg32\000"
 747      3200
 748              	.LASF28:
 749 0006 474E5520 		.ascii	"GNU C 4.9.3 20150303 (release) [ARM/embedded-4_9-br"
 749      4320342E 
 749      392E3320 
 749      32303135 
 749      30333033 
 750 0039 616E6368 		.ascii	"anch revision 221220] -mcpu=cortex-m0 -mthumb -g -O"
 750      20726576 
 750      6973696F 
ARM GAS  C:\Users\Petro\AppData\Local\Temp\ccIpPG0w.s 			page 19


 750      6E203232 
 750      31323230 
 751 006c 73202D66 		.ascii	"s -ffunction-sections -ffat-lto-objects\000"
 751      66756E63 
 751      74696F6E 
 751      2D736563 
 751      74696F6E 
 752              	.LASF19:
 753 0094 76616C75 		.ascii	"value\000"
 753      6500
 754              	.LASF17:
 755 009a 4C43445F 		.ascii	"LCD_LCDPort_Write\000"
 755      4C434450 
 755      6F72745F 
 755      57726974 
 755      6500
 756              	.LASF21:
 757 00ac 4C43445F 		.ascii	"LCD_LCDPort_ReadDataReg\000"
 757      4C434450 
 757      6F72745F 
 757      52656164 
 757      44617461 
 758              	.LASF22:
 759 00c4 4C43445F 		.ascii	"LCD_LCDPort_SetInterruptMode\000"
 759      4C434450 
 759      6F72745F 
 759      53657449 
 759      6E746572 
 760              	.LASF26:
 761 00e1 4C43445F 		.ascii	"LCD_LCDPort_ClearInterrupt\000"
 761      4C434450 
 761      6F72745F 
 761      436C6561 
 761      72496E74 
 762              	.LASF12:
 763 00fc 666C6F61 		.ascii	"float\000"
 763      7400
 764              	.LASF1:
 765 0102 756E7369 		.ascii	"unsigned char\000"
 765      676E6564 
 765      20636861 
 765      7200
 766              	.LASF24:
 767 0110 64725661 		.ascii	"drVal\000"
 767      6C00
 768              	.LASF5:
 769 0116 6C6F6E67 		.ascii	"long unsigned int\000"
 769      20756E73 
 769      69676E65 
 769      6420696E 
 769      7400
 770              	.LASF3:
 771 0128 73686F72 		.ascii	"short unsigned int\000"
 771      7420756E 
 771      7369676E 
 771      65642069 
 771      6E7400
ARM GAS  C:\Users\Petro\AppData\Local\Temp\ccIpPG0w.s 			page 20


 772              	.LASF16:
 773 013b 4C43445F 		.ascii	"LCD_LCDPort_SetDriveMode\000"
 773      4C434450 
 773      6F72745F 
 773      53657444 
 773      72697665 
 774              	.LASF29:
 775 0154 47656E65 		.ascii	"Generated_Source\\PSoC4\\LCD_LCDPort.c\000"
 775      72617465 
 775      645F536F 
 775      75726365 
 775      5C50536F 
 776              	.LASF13:
 777 0179 646F7562 		.ascii	"double\000"
 777      6C6500
 778              	.LASF10:
 779 0180 75696E74 		.ascii	"uint16\000"
 779      313600
 780              	.LASF23:
 781 0187 706F7369 		.ascii	"position\000"
 781      74696F6E 
 781      00
 782              	.LASF11:
 783 0190 75696E74 		.ascii	"uint32\000"
 783      333200
 784              	.LASF25:
 785 0197 696E7472 		.ascii	"intrCfg\000"
 785      43666700 
 786              	.LASF8:
 787 019f 756E7369 		.ascii	"unsigned int\000"
 787      676E6564 
 787      20696E74 
 787      00
 788              	.LASF7:
 789 01ac 6C6F6E67 		.ascii	"long long unsigned int\000"
 789      206C6F6E 
 789      6720756E 
 789      7369676E 
 789      65642069 
 790              	.LASF30:
 791 01c3 443A5C43 		.ascii	"D:\\Cypress\\system-start-finish\\vesion 2\\fw\\fin"
 791      79707265 
 791      73735C73 
 791      79737465 
 791      6D2D7374 
 792 01f1 6973685C 		.ascii	"ish\\sandbox\\v7_debug_ntp\\Finish(state machine)\\"
 792      73616E64 
 792      626F785C 
 792      76375F64 
 792      65627567 
 793 0220 66696E5F 		.ascii	"fin_v0.cydsn\000"
 793      76302E63 
 793      7964736E 
 793      00
 794              	.LASF18:
 795 022d 6D6F6465 		.ascii	"mode\000"
 795      00
ARM GAS  C:\Users\Petro\AppData\Local\Temp\ccIpPG0w.s 			page 21


 796              	.LASF6:
 797 0232 6C6F6E67 		.ascii	"long long int\000"
 797      206C6F6E 
 797      6720696E 
 797      7400
 798              	.LASF27:
 799 0240 6D61736B 		.ascii	"maskedStatus\000"
 799      65645374 
 799      61747573 
 799      00
 800              	.LASF14:
 801 024d 63686172 		.ascii	"char\000"
 801      00
 802              	.LASF2:
 803 0252 73686F72 		.ascii	"short int\000"
 803      7420696E 
 803      7400
 804              	.LASF9:
 805 025c 75696E74 		.ascii	"uint8\000"
 805      3800
 806              	.LASF20:
 807 0262 4C43445F 		.ascii	"LCD_LCDPort_Read\000"
 807      4C434450 
 807      6F72745F 
 807      52656164 
 807      00
 808              	.LASF4:
 809 0273 6C6F6E67 		.ascii	"long int\000"
 809      20696E74 
 809      00
 810              	.LASF0:
 811 027c 7369676E 		.ascii	"signed char\000"
 811      65642063 
 811      68617200 
 812              		.ident	"GCC: (GNU Tools for ARM Embedded Processors) 4.9.3 20150303 (release) [ARM/embedded-4_9-br
