ARM GAS  C:\Users\Petro\AppData\Local\Temp\ccKRo6af.s 			page 1


   1              		.cpu cortex-m0
   2              		.fpu softvfp
   3              		.eabi_attribute 20, 1
   4              		.eabi_attribute 21, 1
   5              		.eabi_attribute 23, 3
   6              		.eabi_attribute 24, 1
   7              		.eabi_attribute 25, 1
   8              		.eabi_attribute 26, 1
   9              		.eabi_attribute 30, 6
  10              		.eabi_attribute 34, 0
  11              		.eabi_attribute 18, 4
  12              		.code	16
  13              		.file	"main.c"
  14              		.text
  15              	.Ltext0:
  16              		.cfi_sections	.debug_frame
  17              		.comm	currentState,1,1
  18              		.bss
  19              		.align	2
  20              	result:
  21 0000 00000000 		.space	4
  22              		.section	.text.main,"ax",%progbits
  23              		.align	2
  24              		.global	main
  25              		.code	16
  26              		.thumb_func
  27              		.type	main, %function
  28              	main:
  29              	.LFB63:
  30              		.file 1 "main.c"
   1:main.c        **** 
   2:main.c        **** #include "appGlobal.h"
   3:main.c        **** 
   4:main.c        **** 
   5:main.c        **** int main()
   6:main.c        **** {      
  31              		.loc 1 6 0
  32              		.cfi_startproc
  33 0000 80B5     		push	{r7, lr}
  34              		.cfi_def_cfa_offset 8
  35              		.cfi_offset 7, -8
  36              		.cfi_offset 14, -4
  37 0002 00AF     		add	r7, sp, #0
  38              		.cfi_def_cfa_register 7
   7:main.c        ****     while(SystemInit() == ERROR);
  39              		.loc 1 7 0
  40 0004 C046     		mov	r8, r8
  41              	.L2:
  42              		.loc 1 7 0 is_stmt 0 discriminator 1
  43 0006 FFF7FEFF 		bl	SystemInit
  44 000a 031E     		sub	r3, r0, #0
  45 000c FBD0     		beq	.L2
   8:main.c        ****     BLE_start();
  46              		.loc 1 8 0 is_stmt 1
  47 000e FFF7FEFF 		bl	BLE_start
   9:main.c        ****     currentState = TIME_SYNC;
  48              		.loc 1 9 0
ARM GAS  C:\Users\Petro\AppData\Local\Temp\ccKRo6af.s 			page 2


  49 0012 284B     		ldr	r3, .L15
  50 0014 0022     		mov	r2, #0
  51 0016 1A70     		strb	r2, [r3]
  52              	.L14:
  10:main.c        ****     
  11:main.c        ****     for(;;)
  12:main.c        ****     {
  13:main.c        ****         switch (currentState)
  53              		.loc 1 13 0
  54 0018 264B     		ldr	r3, .L15
  55 001a 1B78     		ldrb	r3, [r3]
  56 001c 012B     		cmp	r3, #1
  57 001e 16D0     		beq	.L4
  58 0020 02DC     		bgt	.L5
  59 0022 002B     		cmp	r3, #0
  60 0024 05D0     		beq	.L6
  61 0026 3FE0     		b	.L3
  62              	.L5:
  63 0028 022B     		cmp	r3, #2
  64 002a 26D0     		beq	.L7
  65 002c 032B     		cmp	r3, #3
  66 002e 35D0     		beq	.L8
  67 0030 3AE0     		b	.L3
  68              	.L6:
  14:main.c        ****         {
  15:main.c        ****             case TIME_SYNC:
  16:main.c        ****             {
  17:main.c        ****                 result = TimeSynchronize();
  69              		.loc 1 17 0
  70 0032 FFF7FEFF 		bl	TimeSynchronize
  71 0036 021C     		mov	r2, r0
  72 0038 1F4B     		ldr	r3, .L15+4
  73 003a 1A60     		str	r2, [r3]
  18:main.c        ****                 if(result == TIME_SYNC_OK)
  74              		.loc 1 18 0
  75 003c 1E4B     		ldr	r3, .L15+4
  76 003e 1B68     		ldr	r3, [r3]
  77 0040 002B     		cmp	r3, #0
  78 0042 03D1     		bne	.L9
  19:main.c        ****                 {
  20:main.c        ****                     currentState = READY;
  79              		.loc 1 20 0
  80 0044 1B4B     		ldr	r3, .L15
  81 0046 0122     		mov	r2, #1
  82 0048 1A70     		strb	r2, [r3]
  21:main.c        ****                 }
  22:main.c        ****                 break;
  83              		.loc 1 22 0
  84 004a 2DE0     		b	.L3
  85              	.L9:
  86 004c 2CE0     		b	.L3
  87              	.L4:
  23:main.c        ****             }
  24:main.c        ****             case READY:
  25:main.c        ****             {
  26:main.c        ****                 result = CheckReady();
  88              		.loc 1 26 0
ARM GAS  C:\Users\Petro\AppData\Local\Temp\ccKRo6af.s 			page 3


  89 004e FFF7FEFF 		bl	CheckReady
  90 0052 021C     		mov	r2, r0
  91 0054 184B     		ldr	r3, .L15+4
  92 0056 1A60     		str	r2, [r3]
  27:main.c        ****                 if(result == NO_ERROR)
  93              		.loc 1 27 0
  94 0058 174B     		ldr	r3, .L15+4
  95 005a 1B68     		ldr	r3, [r3]
  96 005c 012B     		cmp	r3, #1
  97 005e 03D1     		bne	.L10
  28:main.c        ****                 {
  29:main.c        ****                     currentState = CHECK_GATE;
  98              		.loc 1 29 0
  99 0060 144B     		ldr	r3, .L15
 100 0062 0222     		mov	r2, #2
 101 0064 1A70     		strb	r2, [r3]
 102 0066 07E0     		b	.L11
 103              	.L10:
  30:main.c        ****                 }
  31:main.c        ****                 else if(result == REBOOT)  
 104              		.loc 1 31 0
 105 0068 134B     		ldr	r3, .L15+4
 106 006a 1B68     		ldr	r3, [r3]
 107 006c FF2B     		cmp	r3, #255
 108 006e 03D1     		bne	.L11
  32:main.c        ****                 {
  33:main.c        ****                     currentState = TIME_SYNC;
 109              		.loc 1 33 0
 110 0070 104B     		ldr	r3, .L15
 111 0072 0022     		mov	r2, #0
 112 0074 1A70     		strb	r2, [r3]
  34:main.c        ****                 }
  35:main.c        ****                 break;
 113              		.loc 1 35 0
 114 0076 17E0     		b	.L3
 115              	.L11:
 116 0078 16E0     		b	.L3
 117              	.L7:
  36:main.c        ****             }
  37:main.c        ****             case CHECK_GATE:
  38:main.c        ****             {
  39:main.c        ****                 result = CheckGate();
 118              		.loc 1 39 0
 119 007a FFF7FEFF 		bl	CheckGate
 120 007e 021C     		mov	r2, r0
 121 0080 0D4B     		ldr	r3, .L15+4
 122 0082 1A60     		str	r2, [r3]
  40:main.c        ****                 if(result == GATE_OPEN)
 123              		.loc 1 40 0
 124 0084 0C4B     		ldr	r3, .L15+4
 125 0086 1B68     		ldr	r3, [r3]
 126 0088 012B     		cmp	r3, #1
 127 008a 03D1     		bne	.L12
  41:main.c        ****                 {
  42:main.c        ****                     currentState = SAVE_RESULT;
 128              		.loc 1 42 0
 129 008c 094B     		ldr	r3, .L15
ARM GAS  C:\Users\Petro\AppData\Local\Temp\ccKRo6af.s 			page 4


 130 008e 0322     		mov	r2, #3
 131 0090 1A70     		strb	r2, [r3]
  43:main.c        ****                 }
  44:main.c        ****                 else
  45:main.c        ****                 {
  46:main.c        ****                     currentState = READY;
  47:main.c        ****                 }
  48:main.c        ****                 break;
 132              		.loc 1 48 0
 133 0092 09E0     		b	.L3
 134              	.L12:
  46:main.c        ****                 }
 135              		.loc 1 46 0
 136 0094 074B     		ldr	r3, .L15
 137 0096 0122     		mov	r2, #1
 138 0098 1A70     		strb	r2, [r3]
 139              		.loc 1 48 0
 140 009a 05E0     		b	.L3
 141              	.L8:
  49:main.c        ****             }
  50:main.c        ****             case SAVE_RESULT:
  51:main.c        ****             {
  52:main.c        ****                 SaveResult();
 142              		.loc 1 52 0
 143 009c FFF7FEFF 		bl	SaveResult
  53:main.c        ****                 currentState = READY;
 144              		.loc 1 53 0
 145 00a0 044B     		ldr	r3, .L15
 146 00a2 0122     		mov	r2, #1
 147 00a4 1A70     		strb	r2, [r3]
  54:main.c        ****                 break;
 148              		.loc 1 54 0
 149 00a6 C046     		mov	r8, r8
 150              	.L3:
  55:main.c        ****             }            
  56:main.c        ****         }
  57:main.c        ****         MyDelay(TIMEOUT_DELAY);
 151              		.loc 1 57 0
 152 00a8 FA23     		mov	r3, #250
 153 00aa 5B00     		lsl	r3, r3, #1
 154 00ac 181C     		mov	r0, r3
 155 00ae FFF7FEFF 		bl	MyDelay
  58:main.c        ****     }
 156              		.loc 1 58 0
 157 00b2 B1E7     		b	.L14
 158              	.L16:
 159              		.align	2
 160              	.L15:
 161 00b4 00000000 		.word	currentState
 162 00b8 00000000 		.word	result
 163              		.cfi_endproc
 164              	.LFE63:
 165              		.size	main, .-main
 166              		.section	.rodata
 167              		.align	2
 168              	.LC2:
 169 0000 53797374 		.ascii	"System init...\000"
ARM GAS  C:\Users\Petro\AppData\Local\Temp\ccKRo6af.s 			page 5


 169      656D2069 
 169      6E69742E 
 169      2E2E00
 170 000f 00       		.align	2
 171              	.LC4:
 172 0010 506C6561 		.ascii	"Please insert SD\000"
 172      73652069 
 172      6E736572 
 172      74205344 
 172      00
 173 0021 000000   		.align	2
 174              	.LC6:
 175 0024 4572726F 		.ascii	"Error sync time\000"
 175      72207379 
 175      6E632074 
 175      696D6500 
 176              		.section	.text.SystemInit,"ax",%progbits
 177              		.align	2
 178              		.global	SystemInit
 179              		.code	16
 180              		.thumb_func
 181              		.type	SystemInit, %function
 182              	SystemInit:
 183              	.LFB64:
  59:main.c        **** }
  60:main.c        **** 
  61:main.c        **** 
  62:main.c        **** uint32_t SystemInit(void)
  63:main.c        **** {
 184              		.loc 1 63 0
 185              		.cfi_startproc
 186 0000 90B5     		push	{r4, r7, lr}
 187              		.cfi_def_cfa_offset 12
 188              		.cfi_offset 4, -12
 189              		.cfi_offset 7, -8
 190              		.cfi_offset 14, -4
 191 0002 85B0     		sub	sp, sp, #20
 192              		.cfi_def_cfa_offset 32
 193 0004 00AF     		add	r7, sp, #0
 194              		.cfi_def_cfa_register 7
  64:main.c        ****     uint32_t result;
  65:main.c        ****     uint64_t unixTime;
  66:main.c        ****         
  67:main.c        ****     SetRebootFlag();
 195              		.loc 1 67 0
 196 0006 FFF7FEFF 		bl	SetRebootFlag
  68:main.c        ****     LedInit();   
 197              		.loc 1 68 0
 198 000a FFF7FEFF 		bl	LedInit
  69:main.c        ****     DisplayStart();   
 199              		.loc 1 69 0
 200 000e FFF7FEFF 		bl	DisplayStart
  70:main.c        ****     RTC_WDT_Init(); 
 201              		.loc 1 70 0
 202 0012 FFF7FEFF 		bl	RTC_WDT_Init
  71:main.c        ****     InitNetwork();
 203              		.loc 1 71 0
ARM GAS  C:\Users\Petro\AppData\Local\Temp\ccKRo6af.s 			page 6


 204 0016 FFF7FEFF 		bl	InitNetwork
  72:main.c        ****     GateInit();
 205              		.loc 1 72 0
 206 001a FFF7FEFF 		bl	GateInit
  73:main.c        ****     InitBuff();
 207              		.loc 1 73 0
 208 001e FFF7FEFF 		bl	InitBuff
  74:main.c        **** 
  75:main.c        ****     /* Enable global interrupts */
  76:main.c        ****     CyGlobalIntEnable;
 209              		.loc 1 76 0
 210              	@ 76 "main.c" 1
 211 0022 62B6     		CPSIE   i
 212              	@ 0 "" 2
  77:main.c        ****    
  78:main.c        ****     /*sync real time*/
  79:main.c        ****     unixTime = DS1307_GetUnixTime();
 213              		.loc 1 79 0
 214              		.code	16
 215 0024 FFF7FEFF 		bl	DS1307_GetUnixTime
 216 0028 031C     		mov	r3, r0
 217 002a 0C1C     		mov	r4, r1
 218 002c 3B60     		str	r3, [r7]
 219 002e 7C60     		str	r4, [r7, #4]
  80:main.c        ****     
  81:main.c        ****     if(unixTime > 0)
 220              		.loc 1 81 0
 221 0030 3B68     		ldr	r3, [r7]
 222 0032 7A68     		ldr	r2, [r7, #4]
 223 0034 1343     		orr	r3, r2
 224 0036 1DD0     		beq	.L18
  82:main.c        ****     {      
  83:main.c        ****         RTC_SetUnixTime(unixTime);
 225              		.loc 1 83 0
 226 0038 3B68     		ldr	r3, [r7]
 227 003a 7C68     		ldr	r4, [r7, #4]
 228 003c 181C     		mov	r0, r3
 229 003e 211C     		mov	r1, r4
 230 0040 FFF7FEFF 		bl	RTC_SetUnixTime
  84:main.c        ****         result = DataBaseStart();
 231              		.loc 1 84 0
 232 0044 FFF7FEFF 		bl	DataBaseStart
 233 0048 031C     		mov	r3, r0
 234 004a FB60     		str	r3, [r7, #12]
  85:main.c        ****         
  86:main.c        ****         if(result == DB_NO_ERROR)
 235              		.loc 1 86 0
 236 004c FB68     		ldr	r3, [r7, #12]
 237 004e 012B     		cmp	r3, #1
 238 0050 06D1     		bne	.L20
  87:main.c        ****         {
  88:main.c        ****             Display("System init...");
 239              		.loc 1 88 0
 240 0052 0F4B     		ldr	r3, .L24
 241 0054 181C     		mov	r0, r3
 242 0056 FFF7FEFF 		bl	Display
  89:main.c        ****             result = NO_ERROR;
ARM GAS  C:\Users\Petro\AppData\Local\Temp\ccKRo6af.s 			page 7


 243              		.loc 1 89 0
 244 005a 0123     		mov	r3, #1
 245 005c FB60     		str	r3, [r7, #12]
 246 005e 12E0     		b	.L22
 247              	.L20:
  90:main.c        ****         }
  91:main.c        ****         else
  92:main.c        ****         {
  93:main.c        ****             Display("Please insert SD");
 248              		.loc 1 93 0
 249 0060 0C4B     		ldr	r3, .L24+4
 250 0062 181C     		mov	r0, r3
 251 0064 FFF7FEFF 		bl	Display
  94:main.c        ****             result = ERROR;
 252              		.loc 1 94 0
 253 0068 0023     		mov	r3, #0
 254 006a FB60     		str	r3, [r7, #12]
  95:main.c        ****             SendFinStatus(FIN_NO_READY);
 255              		.loc 1 95 0
 256 006c 0020     		mov	r0, #0
 257 006e FFF7FEFF 		bl	SendFinStatus
 258 0072 08E0     		b	.L22
 259              	.L18:
  96:main.c        ****         }
  97:main.c        ****     }
  98:main.c        ****     else
  99:main.c        ****     {
 100:main.c        ****         Display("Error sync time");
 260              		.loc 1 100 0
 261 0074 084B     		ldr	r3, .L24+8
 262 0076 181C     		mov	r0, r3
 263 0078 FFF7FEFF 		bl	Display
 101:main.c        ****         result = ERROR;
 264              		.loc 1 101 0
 265 007c 0023     		mov	r3, #0
 266 007e FB60     		str	r3, [r7, #12]
 102:main.c        ****         SendFinStatus(FIN_NO_READY);
 267              		.loc 1 102 0
 268 0080 0020     		mov	r0, #0
 269 0082 FFF7FEFF 		bl	SendFinStatus
 270              	.L22:
 103:main.c        ****     }
 104:main.c        ****     
 105:main.c        ****     return result;    
 271              		.loc 1 105 0
 272 0086 FB68     		ldr	r3, [r7, #12]
 106:main.c        **** }
 273              		.loc 1 106 0
 274 0088 181C     		mov	r0, r3
 275 008a BD46     		mov	sp, r7
 276 008c 05B0     		add	sp, sp, #20
 277              		@ sp needed
 278 008e 90BD     		pop	{r4, r7, pc}
 279              	.L25:
 280              		.align	2
 281              	.L24:
 282 0090 00000000 		.word	.LC2
ARM GAS  C:\Users\Petro\AppData\Local\Temp\ccKRo6af.s 			page 8


 283 0094 10000000 		.word	.LC4
 284 0098 24000000 		.word	.LC6
 285              		.cfi_endproc
 286              	.LFE64:
 287              		.size	SystemInit, .-SystemInit
 288              		.section	.rodata
 289              		.align	2
 290              	.LC8:
 291 0034 4E657477 		.ascii	"Network conn...\000"
 291      6F726B20 
 291      636F6E6E 
 291      2E2E2E00 
 292              		.align	2
 293              	.LC10:
 294 0044 53796E63 		.ascii	"Sync time...\000"
 294      2074696D 
 294      652E2E2E 
 294      00
 295 0051 000000   		.align	2
 296              	.LC12:
 297 0054 53796E63 		.ascii	"Sync ok\000"
 297      206F6B00 
 298              		.align	2
 299              	.LC14:
 300 005c 53796E63 		.ascii	"Sync time error\000"
 300      2074696D 
 300      65206572 
 300      726F7200 
 301              		.section	.text.TimeSynchronize,"ax",%progbits
 302              		.align	2
 303              		.global	TimeSynchronize
 304              		.code	16
 305              		.thumb_func
 306              		.type	TimeSynchronize, %function
 307              	TimeSynchronize:
 308              	.LFB65:
 107:main.c        **** 
 108:main.c        **** uint32_t TimeSynchronize(void)
 109:main.c        **** {
 309              		.loc 1 109 0
 310              		.cfi_startproc
 311 0000 80B5     		push	{r7, lr}
 312              		.cfi_def_cfa_offset 8
 313              		.cfi_offset 7, -8
 314              		.cfi_offset 14, -4
 315 0002 82B0     		sub	sp, sp, #8
 316              		.cfi_def_cfa_offset 16
 317 0004 00AF     		add	r7, sp, #0
 318              		.cfi_def_cfa_register 7
 110:main.c        ****     uint32_t result;
 111:main.c        ****     
 112:main.c        ****     LedBlink(FREQ_INIT_BLINK);
 319              		.loc 1 112 0
 320 0006 0A20     		mov	r0, #10
 321 0008 FFF7FEFF 		bl	LedBlink
 113:main.c        ****     
 114:main.c        ****     /* network connect */
ARM GAS  C:\Users\Petro\AppData\Local\Temp\ccKRo6af.s 			page 9


 115:main.c        ****     if(NetworkStatus() == NETWORK_DISCONNECT)
 322              		.loc 1 115 0
 323 000c FFF7FEFF 		bl	NetworkStatus
 324 0010 031E     		sub	r3, r0, #0
 325 0012 04D1     		bne	.L27
 116:main.c        ****     {
 117:main.c        ****         Display("Network conn...");
 326              		.loc 1 117 0
 327 0014 1A4B     		ldr	r3, .L31
 328 0016 181C     		mov	r0, r3
 329 0018 FFF7FEFF 		bl	Display
 330 001c 2AE0     		b	.L28
 331              	.L27:
 118:main.c        ****         //MyDelay(TIMEOUT_DELAY);
 119:main.c        ****     }
 120:main.c        ****     else
 121:main.c        ****     {  
 122:main.c        ****         /* time sync */
 123:main.c        ****         Display("Sync time...");
 332              		.loc 1 123 0
 333 001e 194B     		ldr	r3, .L31+4
 334 0020 181C     		mov	r0, r3
 335 0022 FFF7FEFF 		bl	Display
 124:main.c        ****         if(NTPsync() == TIME_SYNC_OK)
 336              		.loc 1 124 0
 337 0026 FFF7FEFF 		bl	NTPsync
 338 002a 031E     		sub	r3, r0, #0
 339 002c 12D1     		bne	.L29
 125:main.c        ****         {
 126:main.c        ****             Display("Sync ok");
 340              		.loc 1 126 0
 341 002e 164B     		ldr	r3, .L31+8
 342 0030 181C     		mov	r0, r3
 343 0032 FFF7FEFF 		bl	Display
 127:main.c        ****             ClearRebootFlag();
 344              		.loc 1 127 0
 345 0036 FFF7FEFF 		bl	ClearRebootFlag
 128:main.c        ****             BLE_sendSystemStatus(STATUS_OK);
 346              		.loc 1 128 0
 347 003a 0020     		mov	r0, #0
 348 003c FFF7FEFF 		bl	BLE_sendSystemStatus
 129:main.c        ****             ResetTimerForTimeSync();
 349              		.loc 1 129 0
 350 0040 FFF7FEFF 		bl	ResetTimerForTimeSync
 130:main.c        ****             
 131:main.c        ****             MyDelay(4 * TIMEOUT_USER_READ_INFO);
 351              		.loc 1 131 0
 352 0044 FA23     		mov	r3, #250
 353 0046 DB00     		lsl	r3, r3, #3
 354 0048 181C     		mov	r0, r3
 355 004a FFF7FEFF 		bl	MyDelay
 132:main.c        ****             
 133:main.c        ****             result = TIME_SYNC_OK;
 356              		.loc 1 133 0
 357 004e 0023     		mov	r3, #0
 358 0050 7B60     		str	r3, [r7, #4]
 359 0052 0FE0     		b	.L28
ARM GAS  C:\Users\Petro\AppData\Local\Temp\ccKRo6af.s 			page 10


 360              	.L29:
 134:main.c        ****         }
 135:main.c        ****         else
 136:main.c        ****         {
 137:main.c        ****             Display("Sync time error");
 361              		.loc 1 137 0
 362 0054 0D4B     		ldr	r3, .L31+12
 363 0056 181C     		mov	r0, r3
 364 0058 FFF7FEFF 		bl	Display
 138:main.c        ****             SetRebootFlag();
 365              		.loc 1 138 0
 366 005c FFF7FEFF 		bl	SetRebootFlag
 139:main.c        ****             BLE_sendSystemStatus(STATUS_ERROR);
 367              		.loc 1 139 0
 368 0060 0120     		mov	r0, #1
 369 0062 FFF7FEFF 		bl	BLE_sendSystemStatus
 140:main.c        ****             MyDelay(4 * TIMEOUT_USER_READ_INFO);
 370              		.loc 1 140 0
 371 0066 FA23     		mov	r3, #250
 372 0068 DB00     		lsl	r3, r3, #3
 373 006a 181C     		mov	r0, r3
 374 006c FFF7FEFF 		bl	MyDelay
 141:main.c        ****             
 142:main.c        ****             result = TIME_SYNC_ERR;
 375              		.loc 1 142 0
 376 0070 0123     		mov	r3, #1
 377 0072 7B60     		str	r3, [r7, #4]
 378              	.L28:
 143:main.c        ****         }
 144:main.c        ****     }
 145:main.c        ****     
 146:main.c        ****     return result;
 379              		.loc 1 146 0
 380 0074 7B68     		ldr	r3, [r7, #4]
 147:main.c        **** }
 381              		.loc 1 147 0
 382 0076 181C     		mov	r0, r3
 383 0078 BD46     		mov	sp, r7
 384 007a 02B0     		add	sp, sp, #8
 385              		@ sp needed
 386 007c 80BD     		pop	{r7, pc}
 387              	.L32:
 388 007e C046     		.align	2
 389              	.L31:
 390 0080 34000000 		.word	.LC8
 391 0084 44000000 		.word	.LC10
 392 0088 54000000 		.word	.LC12
 393 008c 5C000000 		.word	.LC14
 394              		.cfi_endproc
 395              	.LFE65:
 396              		.size	TimeSynchronize, .-TimeSynchronize
 397              		.section	.rodata
 398              		.align	2
 399              	.LC16:
 400 006c 4572726F 		.ascii	"Error SD Card!\000"
 400      72205344 
 400      20436172 
ARM GAS  C:\Users\Petro\AppData\Local\Temp\ccKRo6af.s 			page 11


 400      642100
 401 007b 00       		.align	2
 402              	.LC18:
 403 007c 4D617820 		.ascii	"Max skier on way\000"
 403      736B6965 
 403      72206F6E 
 403      20776179 
 403      00
 404 008d 000000   		.align	2
 405              	.LC20:
 406 0090 46696E69 		.ascii	"Finish Ready\000"
 406      73682052 
 406      65616479 
 406      00
 407              		.section	.text.CheckReady,"ax",%progbits
 408              		.align	2
 409              		.global	CheckReady
 410              		.code	16
 411              		.thumb_func
 412              		.type	CheckReady, %function
 413              	CheckReady:
 414              	.LFB66:
 148:main.c        **** 
 149:main.c        **** 
 150:main.c        **** uint32_t CheckReady(void)
 151:main.c        **** {
 415              		.loc 1 151 0
 416              		.cfi_startproc
 417 0000 80B5     		push	{r7, lr}
 418              		.cfi_def_cfa_offset 8
 419              		.cfi_offset 7, -8
 420              		.cfi_offset 14, -4
 421 0002 82B0     		sub	sp, sp, #8
 422              		.cfi_def_cfa_offset 16
 423 0004 00AF     		add	r7, sp, #0
 424              		.cfi_def_cfa_register 7
 152:main.c        ****     uint32_t result;   
 153:main.c        ****  
 154:main.c        ****     /*sise FIFO*/
 155:main.c        ****     if ((FifoGetSize() >= MAX_SKIERS_ON_BUF/*main_db_buffer) */)&& (FifoGetSize() <= MAX_FIFO_SIZE)
 425              		.loc 1 155 0
 426 0006 FFF7FEFF 		bl	FifoGetSize
 427 000a 031E     		sub	r3, r0, #0
 428 000c 072B     		cmp	r3, #7
 429 000e 15D9     		bls	.L34
 430              		.loc 1 155 0 is_stmt 0 discriminator 1
 431 0010 FFF7FEFF 		bl	FifoGetSize
 432 0014 031E     		sub	r3, r0, #0
 433 0016 0C2B     		cmp	r3, #12
 434 0018 10D8     		bhi	.L34
 156:main.c        ****     {
 157:main.c        ****         /*skier finish successful*/
 158:main.c        ****         Display("Error SD Card!");
 435              		.loc 1 158 0 is_stmt 1
 436 001a 334B     		ldr	r3, .L45
 437 001c 181C     		mov	r0, r3
 438 001e FFF7FEFF 		bl	Display
ARM GAS  C:\Users\Petro\AppData\Local\Temp\ccKRo6af.s 			page 12


 159:main.c        ****         SendFinStatus(FIN_NO_READY); 
 439              		.loc 1 159 0
 440 0022 0020     		mov	r0, #0
 441 0024 FFF7FEFF 		bl	SendFinStatus
 160:main.c        ****         
 161:main.c        ****         if (SkierOnWay() != 0)
 442              		.loc 1 161 0
 443 0028 FFF7FEFF 		bl	SkierOnWay
 444 002c 031E     		sub	r3, r0, #0
 445 002e 02D0     		beq	.L35
 162:main.c        ****         {
 163:main.c        ****             /*if skiers on way*/
 164:main.c        ****             result = NO_ERROR;
 446              		.loc 1 164 0
 447 0030 0123     		mov	r3, #1
 448 0032 7B60     		str	r3, [r7, #4]
 161:main.c        ****         {
 449              		.loc 1 161 0
 450 0034 3FE0     		b	.L37
 451              	.L35:
 165:main.c        ****         }
 166:main.c        ****         else
 167:main.c        ****         {
 168:main.c        ****             /*if not skiers on way*/
 169:main.c        ****             result = ERROR;
 452              		.loc 1 169 0
 453 0036 0023     		mov	r3, #0
 454 0038 7B60     		str	r3, [r7, #4]
 161:main.c        ****         {
 455              		.loc 1 161 0
 456 003a 3CE0     		b	.L37
 457              	.L34:
 170:main.c        ****         }        
 171:main.c        ****     }
 172:main.c        ****     else if(FifoGetSize() > MAX_FIFO_SIZE)
 458              		.loc 1 172 0
 459 003c FFF7FEFF 		bl	FifoGetSize
 460 0040 031E     		sub	r3, r0, #0
 461 0042 0C2B     		cmp	r3, #12
 462 0044 09D9     		bls	.L38
 173:main.c        ****     {
 174:main.c        ****         /*skier finish no successful*/
 175:main.c        ****         Display("Error SD Card!");
 463              		.loc 1 175 0
 464 0046 284B     		ldr	r3, .L45
 465 0048 181C     		mov	r0, r3
 466 004a FFF7FEFF 		bl	Display
 176:main.c        ****         SendFinStatus(FIN_NO_READY); 
 467              		.loc 1 176 0
 468 004e 0020     		mov	r0, #0
 469 0050 FFF7FEFF 		bl	SendFinStatus
 177:main.c        ****         
 178:main.c        ****         result = ERROR;                
 470              		.loc 1 178 0
 471 0054 0023     		mov	r3, #0
 472 0056 7B60     		str	r3, [r7, #4]
 473 0058 2DE0     		b	.L37
ARM GAS  C:\Users\Petro\AppData\Local\Temp\ccKRo6af.s 			page 13


 474              	.L38:
 179:main.c        ****     }
 180:main.c        ****     else if(SkierOnWay() >= MAX_SKIERS_ON_WAY/*MAX_COUNT, TRACK_OVERFLOW*/)
 475              		.loc 1 180 0
 476 005a FFF7FEFF 		bl	SkierOnWay
 477 005e 031E     		sub	r3, r0, #0
 478 0060 032B     		cmp	r3, #3
 479 0062 0ED9     		bls	.L39
 181:main.c        ****     {
 182:main.c        ****         /*max skier on way*/
 183:main.c        ****      
 184:main.c        ****         Display("Max skier on way");
 480              		.loc 1 184 0
 481 0064 214B     		ldr	r3, .L45+4
 482 0066 181C     		mov	r0, r3
 483 0068 FFF7FEFF 		bl	Display
 185:main.c        ****         SendFinStatus(FIN_NO_READY);
 484              		.loc 1 185 0
 485 006c 0020     		mov	r0, #0
 486 006e FFF7FEFF 		bl	SendFinStatus
 186:main.c        ****         MyDelay(TIMEOUT_USER_READ_INFO);
 487              		.loc 1 186 0
 488 0072 FA23     		mov	r3, #250
 489 0074 5B00     		lsl	r3, r3, #1
 490 0076 181C     		mov	r0, r3
 491 0078 FFF7FEFF 		bl	MyDelay
 187:main.c        ****         
 188:main.c        ****         result = NO_ERROR;      
 492              		.loc 1 188 0
 493 007c 0123     		mov	r3, #1
 494 007e 7B60     		str	r3, [r7, #4]
 495 0080 19E0     		b	.L37
 496              	.L39:
 189:main.c        ****     }
 190:main.c        ****     else if(SkierOnWay() == 0)
 497              		.loc 1 190 0
 498 0082 FFF7FEFF 		bl	SkierOnWay
 499 0086 031E     		sub	r3, r0, #0
 500 0088 0CD1     		bne	.L40
 191:main.c        ****     {
 192:main.c        ****         Display("Finish Ready");
 501              		.loc 1 192 0
 502 008a 194B     		ldr	r3, .L45+8
 503 008c 181C     		mov	r0, r3
 504 008e FFF7FEFF 		bl	Display
 193:main.c        ****         SendFinStatus(FIN_READY);
 505              		.loc 1 193 0
 506 0092 0120     		mov	r0, #1
 507 0094 FFF7FEFF 		bl	SendFinStatus
 194:main.c        ****         SetLedState(LED_DISABLE);        
 508              		.loc 1 194 0
 509 0098 0020     		mov	r0, #0
 510 009a FFF7FEFF 		bl	SetLedState
 195:main.c        ****         
 196:main.c        ****         result = ERROR;      
 511              		.loc 1 196 0
 512 009e 0023     		mov	r3, #0
ARM GAS  C:\Users\Petro\AppData\Local\Temp\ccKRo6af.s 			page 14


 513 00a0 7B60     		str	r3, [r7, #4]
 514 00a2 08E0     		b	.L37
 515              	.L40:
 197:main.c        ****     }
 198:main.c        ****     else
 199:main.c        ****     {
 200:main.c        ****         /*finish ready*/
 201:main.c        ****         SendFinStatus(FIN_READY);
 516              		.loc 1 201 0
 517 00a4 0120     		mov	r0, #1
 518 00a6 FFF7FEFF 		bl	SendFinStatus
 202:main.c        ****         Display("Finish Ready");
 519              		.loc 1 202 0
 520 00aa 114B     		ldr	r3, .L45+8
 521 00ac 181C     		mov	r0, r3
 522 00ae FFF7FEFF 		bl	Display
 203:main.c        ****         
 204:main.c        ****         result = NO_ERROR;
 523              		.loc 1 204 0
 524 00b2 0123     		mov	r3, #1
 525 00b4 7B60     		str	r3, [r7, #4]
 526              	.L37:
 205:main.c        ****     }
 206:main.c        ****     
 207:main.c        ****     //if(ReadRebootStartFlag() == REBOOT/*IS*/)
 208:main.c        ****     if(IsRebootStartFlag() == REBOOT)
 527              		.loc 1 208 0
 528 00b6 FFF7FEFF 		bl	IsRebootStartFlag
 529 00ba 031E     		sub	r3, r0, #0
 530 00bc FF2B     		cmp	r3, #255
 531 00be 01D1     		bne	.L41
 209:main.c        ****     {
 210:main.c        ****         result = REBOOT;
 532              		.loc 1 210 0
 533 00c0 FF23     		mov	r3, #255
 534 00c2 7B60     		str	r3, [r7, #4]
 535              	.L41:
 211:main.c        ****     }
 212:main.c        ****     
 213:main.c        ****     /*if  admin , read skier time from SD card and send bluetooth*/
 214:main.c        ****     if(BLE_getFlagAdminOnly() != 0)
 536              		.loc 1 214 0
 537 00c4 FFF7FEFF 		bl	BLE_getFlagAdminOnly
 538 00c8 031E     		sub	r3, r0, #0
 539 00ca 01D0     		beq	.L42
 215:main.c        ****     {
 216:main.c        ****         ReadSkierResultAndSendBLE();
 540              		.loc 1 216 0
 541 00cc FFF7FEFF 		bl	ReadSkierResultAndSendBLE
 542              	.L42:
 217:main.c        ****     }
 218:main.c        ****     
 219:main.c        ****     if(ChekTimerForTimeSync() == SYNC_REQUIRES)
 543              		.loc 1 219 0
 544 00d0 FFF7FEFF 		bl	ChekTimerForTimeSync
 545 00d4 031E     		sub	r3, r0, #0
 546 00d6 012B     		cmp	r3, #1
ARM GAS  C:\Users\Petro\AppData\Local\Temp\ccKRo6af.s 			page 15


 547 00d8 01D1     		bne	.L43
 220:main.c        ****     {
 221:main.c        ****         SetRebootFlag();
 548              		.loc 1 221 0
 549 00da FFF7FEFF 		bl	SetRebootFlag
 550              	.L43:
 222:main.c        ****     }
 223:main.c        ****            
 224:main.c        ****     return result;
 551              		.loc 1 224 0
 552 00de 7B68     		ldr	r3, [r7, #4]
 225:main.c        **** }
 553              		.loc 1 225 0
 554 00e0 181C     		mov	r0, r3
 555 00e2 BD46     		mov	sp, r7
 556 00e4 02B0     		add	sp, sp, #8
 557              		@ sp needed
 558 00e6 80BD     		pop	{r7, pc}
 559              	.L46:
 560              		.align	2
 561              	.L45:
 562 00e8 6C000000 		.word	.LC16
 563 00ec 7C000000 		.word	.LC18
 564 00f0 90000000 		.word	.LC20
 565              		.cfi_endproc
 566              	.LFE66:
 567              		.size	CheckReady, .-CheckReady
 568              		.section	.rodata
 569 009d 000000   		.align	2
 570              	.LC22:
 571 00a0 536B6965 		.ascii	"Skier Finished\000"
 571      72204669 
 571      6E697368 
 571      656400
 572              		.section	.text.CheckGate,"ax",%progbits
 573              		.align	2
 574              		.global	CheckGate
 575              		.code	16
 576              		.thumb_func
 577              		.type	CheckGate, %function
 578              	CheckGate:
 579              	.LFB67:
 226:main.c        **** 
 227:main.c        **** uint32_t CheckGate(void)
 228:main.c        **** {
 580              		.loc 1 228 0
 581              		.cfi_startproc
 582 0000 80B5     		push	{r7, lr}
 583              		.cfi_def_cfa_offset 8
 584              		.cfi_offset 7, -8
 585              		.cfi_offset 14, -4
 586 0002 82B0     		sub	sp, sp, #8
 587              		.cfi_def_cfa_offset 16
 588 0004 00AF     		add	r7, sp, #0
 589              		.cfi_def_cfa_register 7
 229:main.c        ****     uint32_t result;
 230:main.c        ****     
ARM GAS  C:\Users\Petro\AppData\Local\Temp\ccKRo6af.s 			page 16


 231:main.c        ****     SetLedState(LED_ENABLE);
 590              		.loc 1 231 0
 591 0006 0120     		mov	r0, #1
 592 0008 FFF7FEFF 		bl	SetLedState
 232:main.c        ****     result = GateIsOpen();/*IsGateOpen(), CheckGateStatus()*/
 593              		.loc 1 232 0
 594 000c FFF7FEFF 		bl	GateIsOpen
 595 0010 031C     		mov	r3, r0
 596 0012 7B60     		str	r3, [r7, #4]
 233:main.c        ****     
 234:main.c        ****     if(result == GATE_OPEN)
 597              		.loc 1 234 0
 598 0014 7B68     		ldr	r3, [r7, #4]
 599 0016 012B     		cmp	r3, #1
 600 0018 09D1     		bne	.L48
 235:main.c        ****     {
 236:main.c        ****         Display("Skier Finished");
 601              		.loc 1 236 0
 602 001a 084B     		ldr	r3, .L51
 603 001c 181C     		mov	r0, r3
 604 001e FFF7FEFF 		bl	Display
 237:main.c        ****         MyDelay(TIMEOUT_USER_READ_INFO);
 605              		.loc 1 237 0
 606 0022 FA23     		mov	r3, #250
 607 0024 5B00     		lsl	r3, r3, #1
 608 0026 181C     		mov	r0, r3
 609 0028 FFF7FEFF 		bl	MyDelay
 610 002c 01E0     		b	.L49
 611              	.L48:
 238:main.c        ****     }
 239:main.c        ****     else
 240:main.c        ****     {
 241:main.c        ****         AllowNextSkier();
 612              		.loc 1 241 0
 613 002e FFF7FEFF 		bl	AllowNextSkier
 614              	.L49:
 242:main.c        ****     }
 243:main.c        ****     
 244:main.c        ****     return result;  
 615              		.loc 1 244 0
 616 0032 7B68     		ldr	r3, [r7, #4]
 245:main.c        **** }
 617              		.loc 1 245 0
 618 0034 181C     		mov	r0, r3
 619 0036 BD46     		mov	sp, r7
 620 0038 02B0     		add	sp, sp, #8
 621              		@ sp needed
 622 003a 80BD     		pop	{r7, pc}
 623              	.L52:
 624              		.align	2
 625              	.L51:
 626 003c A0000000 		.word	.LC22
 627              		.cfi_endproc
 628              	.LFE67:
 629              		.size	CheckGate, .-CheckGate
 630              		.section	.rodata
 631 00af 00       		.align	2
ARM GAS  C:\Users\Petro\AppData\Local\Temp\ccKRo6af.s 			page 17


 632              	.LC24:
 633 00b0 53617665 		.ascii	"Save data\000"
 633      20646174 
 633      6100
 634 00ba 0000     		.section	.text.SaveResult,"ax",%progbits
 635              		.align	2
 636              		.global	SaveResult
 637              		.code	16
 638              		.thumb_func
 639              		.type	SaveResult, %function
 640              	SaveResult:
 641              	.LFB68:
 246:main.c        **** 
 247:main.c        **** void SaveResult(void)
 248:main.c        **** {
 642              		.loc 1 248 0
 643              		.cfi_startproc
 644 0000 90B5     		push	{r4, r7, lr}
 645              		.cfi_def_cfa_offset 12
 646              		.cfi_offset 4, -12
 647              		.cfi_offset 7, -8
 648              		.cfi_offset 14, -4
 649 0002 85B0     		sub	sp, sp, #20
 650              		.cfi_def_cfa_offset 32
 651 0004 00AF     		add	r7, sp, #0
 652              		.cfi_def_cfa_register 7
 249:main.c        ****     uint64_t finUnixTime;
 250:main.c        ****     uint32_t finRecentMs;
 251:main.c        ****     
 252:main.c        ****     SendFinStatus(FIN_READY);
 653              		.loc 1 252 0
 654 0006 0120     		mov	r0, #1
 655 0008 FFF7FEFF 		bl	SendFinStatus
 253:main.c        ****     LedBlink(FREQ_INIT_BLINK);
 656              		.loc 1 253 0
 657 000c 0A20     		mov	r0, #10
 658 000e FFF7FEFF 		bl	LedBlink
 254:main.c        ****     Display("Save data");
 659              		.loc 1 254 0
 660 0012 164B     		ldr	r3, .L54
 661 0014 181C     		mov	r0, r3
 662 0016 FFF7FEFF 		bl	Display
 255:main.c        ****     MyDelay(TIMEOUT_USER_READ_INFO);
 663              		.loc 1 255 0
 664 001a FA23     		mov	r3, #250
 665 001c 5B00     		lsl	r3, r3, #1
 666 001e 181C     		mov	r0, r3
 667 0020 FFF7FEFF 		bl	MyDelay
 256:main.c        ****     
 257:main.c        ****     /*write time in fifo*/
 258:main.c        ****     GetFinTime(&finUnixTime, &finRecentMs);
 668              		.loc 1 258 0
 669 0024 0823     		mov	r3, #8
 670 0026 FA18     		add	r2, r7, r3
 671 0028 3B1D     		add	r3, r7, #4
 672 002a 101C     		mov	r0, r2
 673 002c 191C     		mov	r1, r3
ARM GAS  C:\Users\Petro\AppData\Local\Temp\ccKRo6af.s 			page 18


 674 002e FFF7FEFF 		bl	GetFinTime
 259:main.c        ****     WriteFinishTime(finUnixTime,finRecentMs);
 675              		.loc 1 259 0
 676 0032 BB68     		ldr	r3, [r7, #8]
 677 0034 FC68     		ldr	r4, [r7, #12]
 678 0036 7A68     		ldr	r2, [r7, #4]
 679 0038 92B2     		uxth	r2, r2
 680 003a 181C     		mov	r0, r3
 681 003c 211C     		mov	r1, r4
 682 003e FFF7FEFF 		bl	WriteFinishTime
 260:main.c        ****     
 261:main.c        ****     FifoPushLastFinished();
 683              		.loc 1 261 0
 684 0042 FFF7FEFF 		bl	FifoPushLastFinished
 262:main.c        ****     
 263:main.c        ****     /*print time result last skier finished*/
 264:main.c        ****     DisplayLastSkierTime(LastSecTimeOnWay(),LastMillsTimeOnWay());/*LastTimeOnWaySecs(), LastTimeOn
 685              		.loc 1 264 0
 686 0046 FFF7FEFF 		bl	LastSecTimeOnWay
 687 004a 041C     		mov	r4, r0
 688 004c FFF7FEFF 		bl	LastMillsTimeOnWay
 689 0050 031C     		mov	r3, r0
 690 0052 9BB2     		uxth	r3, r3
 691 0054 201C     		mov	r0, r4
 692 0056 191C     		mov	r1, r3
 693 0058 FFF7FEFF 		bl	DisplayLastSkierTime
 265:main.c        ****     MyDelay(2*TIMEOUT_USER_READ_INFO);
 694              		.loc 1 265 0
 695 005c FA23     		mov	r3, #250
 696 005e 9B00     		lsl	r3, r3, #2
 697 0060 181C     		mov	r0, r3
 698 0062 FFF7FEFF 		bl	MyDelay
 266:main.c        **** }
 699              		.loc 1 266 0
 700 0066 BD46     		mov	sp, r7
 701 0068 05B0     		add	sp, sp, #20
 702              		@ sp needed
 703 006a 90BD     		pop	{r4, r7, pc}
 704              	.L55:
 705              		.align	2
 706              	.L54:
 707 006c B0000000 		.word	.LC24
 708              		.cfi_endproc
 709              	.LFE68:
 710              		.size	SaveResult, .-SaveResult
 711              		.text
 712              	.Letext0:
 713              		.file 2 "c:\\program files (x86)\\cypress\\psoc creator\\4.0\\psoc creator\\import\\gnu\\arm\\4.9.
 714              		.file 3 "c:\\program files (x86)\\cypress\\psoc creator\\4.0\\psoc creator\\import\\gnu\\arm\\4.9.
 715              		.file 4 "Generated_Source\\PSoC4/ble_Stack.h"
 716              		.file 5 "lib_BLE\\bluetooth.h"
 717              		.file 6 "appGlobal.h"
 718              		.section	.debug_info,"",%progbits
 719              	.Ldebug_info0:
 720 0000 8D030000 		.4byte	0x38d
 721 0004 0400     		.2byte	0x4
 722 0006 00000000 		.4byte	.Ldebug_abbrev0
ARM GAS  C:\Users\Petro\AppData\Local\Temp\ccKRo6af.s 			page 19


 723 000a 04       		.byte	0x4
 724 000b 01       		.uleb128 0x1
 725 000c 95050000 		.4byte	.LASF89
 726 0010 01       		.byte	0x1
 727 0011 A9060000 		.4byte	.LASF90
 728 0015 1C050000 		.4byte	.LASF91
 729 0019 00000000 		.4byte	.Ldebug_ranges0+0
 730 001d 00000000 		.4byte	0
 731 0021 00000000 		.4byte	.Ldebug_line0
 732 0025 02       		.uleb128 0x2
 733 0026 01       		.byte	0x1
 734 0027 06       		.byte	0x6
 735 0028 F9030000 		.4byte	.LASF0
 736 002c 02       		.uleb128 0x2
 737 002d 01       		.byte	0x1
 738 002e 08       		.byte	0x8
 739 002f 83030000 		.4byte	.LASF1
 740 0033 02       		.uleb128 0x2
 741 0034 02       		.byte	0x2
 742 0035 05       		.byte	0x5
 743 0036 5C000000 		.4byte	.LASF2
 744 003a 02       		.uleb128 0x2
 745 003b 02       		.byte	0x2
 746 003c 07       		.byte	0x7
 747 003d FC040000 		.4byte	.LASF3
 748 0041 02       		.uleb128 0x2
 749 0042 04       		.byte	0x4
 750 0043 05       		.byte	0x5
 751 0044 70020000 		.4byte	.LASF4
 752 0048 03       		.uleb128 0x3
 753 0049 8E000000 		.4byte	.LASF7
 754 004d 02       		.byte	0x2
 755 004e 41       		.byte	0x41
 756 004f 53000000 		.4byte	0x53
 757 0053 02       		.uleb128 0x2
 758 0054 04       		.byte	0x4
 759 0055 07       		.byte	0x7
 760 0056 8A040000 		.4byte	.LASF5
 761 005a 02       		.uleb128 0x2
 762 005b 08       		.byte	0x8
 763 005c 05       		.byte	0x5
 764 005d 41020000 		.4byte	.LASF6
 765 0061 03       		.uleb128 0x3
 766 0062 36060000 		.4byte	.LASF8
 767 0066 02       		.byte	0x2
 768 0067 5B       		.byte	0x5b
 769 0068 6C000000 		.4byte	0x6c
 770 006c 02       		.uleb128 0x2
 771 006d 08       		.byte	0x8
 772 006e 07       		.byte	0x7
 773 006f 4F020000 		.4byte	.LASF9
 774 0073 04       		.uleb128 0x4
 775 0074 04       		.byte	0x4
 776 0075 05       		.byte	0x5
 777 0076 696E7400 		.ascii	"int\000"
 778 007a 02       		.uleb128 0x2
 779 007b 04       		.byte	0x4
ARM GAS  C:\Users\Petro\AppData\Local\Temp\ccKRo6af.s 			page 20


 780 007c 07       		.byte	0x7
 781 007d 62040000 		.4byte	.LASF10
 782 0081 03       		.uleb128 0x3
 783 0082 C0010000 		.4byte	.LASF11
 784 0086 03       		.byte	0x3
 785 0087 2D       		.byte	0x2d
 786 0088 48000000 		.4byte	0x48
 787 008c 03       		.uleb128 0x3
 788 008d 53000000 		.4byte	.LASF12
 789 0091 03       		.byte	0x3
 790 0092 39       		.byte	0x39
 791 0093 61000000 		.4byte	0x61
 792 0097 02       		.uleb128 0x2
 793 0098 04       		.byte	0x4
 794 0099 04       		.byte	0x4
 795 009a 08020000 		.4byte	.LASF13
 796 009e 02       		.uleb128 0x2
 797 009f 08       		.byte	0x8
 798 00a0 04       		.byte	0x4
 799 00a1 D3060000 		.4byte	.LASF14
 800 00a5 02       		.uleb128 0x2
 801 00a6 01       		.byte	0x1
 802 00a7 08       		.byte	0x8
 803 00a8 86050000 		.4byte	.LASF15
 804 00ac 02       		.uleb128 0x2
 805 00ad 04       		.byte	0x4
 806 00ae 07       		.byte	0x7
 807 00af 80000000 		.4byte	.LASF16
 808 00b3 05       		.uleb128 0x5
 809 00b4 01       		.byte	0x1
 810 00b5 04       		.byte	0x4
 811 00b6 A4       		.byte	0xa4
 812 00b7 38020000 		.4byte	0x238
 813 00bb 06       		.uleb128 0x6
 814 00bc A9010000 		.4byte	.LASF17
 815 00c0 00       		.sleb128 0
 816 00c1 06       		.uleb128 0x6
 817 00c2 F8000000 		.4byte	.LASF18
 818 00c6 01       		.sleb128 1
 819 00c7 06       		.uleb128 0x6
 820 00c8 79080000 		.4byte	.LASF19
 821 00cc 02       		.sleb128 2
 822 00cd 06       		.uleb128 0x6
 823 00ce 60070000 		.4byte	.LASF20
 824 00d2 03       		.sleb128 3
 825 00d3 06       		.uleb128 0x6
 826 00d4 A4000000 		.4byte	.LASF21
 827 00d8 04       		.sleb128 4
 828 00d9 06       		.uleb128 0x6
 829 00da 02030000 		.4byte	.LASF22
 830 00de 05       		.sleb128 5
 831 00df 06       		.uleb128 0x6
 832 00e0 BE070000 		.4byte	.LASF23
 833 00e4 20       		.sleb128 32
 834 00e5 06       		.uleb128 0x6
 835 00e6 9C040000 		.4byte	.LASF24
 836 00ea 21       		.sleb128 33
ARM GAS  C:\Users\Petro\AppData\Local\Temp\ccKRo6af.s 			page 21


 837 00eb 06       		.uleb128 0x6
 838 00ec 13070000 		.4byte	.LASF25
 839 00f0 22       		.sleb128 34
 840 00f1 06       		.uleb128 0x6
 841 00f2 1E030000 		.4byte	.LASF26
 842 00f6 23       		.sleb128 35
 843 00f7 06       		.uleb128 0x6
 844 00f8 46040000 		.4byte	.LASF27
 845 00fc 24       		.sleb128 36
 846 00fd 06       		.uleb128 0x6
 847 00fe 66000000 		.4byte	.LASF28
 848 0102 25       		.sleb128 37
 849 0103 06       		.uleb128 0x6
 850 0104 B9020000 		.4byte	.LASF29
 851 0108 26       		.sleb128 38
 852 0109 06       		.uleb128 0x6
 853 010a 9A020000 		.4byte	.LASF30
 854 010e 27       		.sleb128 39
 855 010f 06       		.uleb128 0x6
 856 0110 FF080000 		.4byte	.LASF31
 857 0114 28       		.sleb128 40
 858 0115 06       		.uleb128 0x6
 859 0116 D4040000 		.4byte	.LASF32
 860 011a 29       		.sleb128 41
 861 011b 06       		.uleb128 0x6
 862 011c 07000000 		.4byte	.LASF33
 863 0120 2A       		.sleb128 42
 864 0121 06       		.uleb128 0x6
 865 0122 8A060000 		.4byte	.LASF34
 866 0126 2B       		.sleb128 43
 867 0127 06       		.uleb128 0x6
 868 0128 45010000 		.4byte	.LASF35
 869 012c 2C       		.sleb128 44
 870 012d 06       		.uleb128 0x6
 871 012e 39000000 		.4byte	.LASF36
 872 0132 C000     		.sleb128 64
 873 0134 06       		.uleb128 0x6
 874 0135 6F040000 		.4byte	.LASF37
 875 0139 C100     		.sleb128 65
 876 013b 06       		.uleb128 0x6
 877 013c 45090000 		.4byte	.LASF38
 878 0140 C200     		.sleb128 66
 879 0142 06       		.uleb128 0x6
 880 0143 0B010000 		.4byte	.LASF39
 881 0147 C300     		.sleb128 67
 882 0149 06       		.uleb128 0x6
 883 014a 27080000 		.4byte	.LASF40
 884 014e C400     		.sleb128 68
 885 0150 06       		.uleb128 0x6
 886 0151 E2070000 		.4byte	.LASF41
 887 0155 C500     		.sleb128 69
 888 0157 06       		.uleb128 0x6
 889 0158 B9000000 		.4byte	.LASF42
 890 015c C600     		.sleb128 70
 891 015e 06       		.uleb128 0x6
 892 015f DB030000 		.4byte	.LASF43
 893 0163 C700     		.sleb128 71
ARM GAS  C:\Users\Petro\AppData\Local\Temp\ccKRo6af.s 			page 22


 894 0165 06       		.uleb128 0x6
 895 0166 1F040000 		.4byte	.LASF44
 896 016a C800     		.sleb128 72
 897 016c 06       		.uleb128 0x6
 898 016d 0E020000 		.4byte	.LASF45
 899 0171 C900     		.sleb128 73
 900 0173 06       		.uleb128 0x6
 901 0174 41060000 		.4byte	.LASF46
 902 0178 CA00     		.sleb128 74
 903 017a 06       		.uleb128 0x6
 904 017b 69010000 		.4byte	.LASF47
 905 017f CB00     		.sleb128 75
 906 0181 06       		.uleb128 0x6
 907 0182 05040000 		.4byte	.LASF48
 908 0186 CC00     		.sleb128 76
 909 0188 06       		.uleb128 0x6
 910 0189 27020000 		.4byte	.LASF49
 911 018d CD00     		.sleb128 77
 912 018f 06       		.uleb128 0x6
 913 0190 09080000 		.4byte	.LASF50
 914 0194 CE00     		.sleb128 78
 915 0196 06       		.uleb128 0x6
 916 0197 91030000 		.4byte	.LASF51
 917 019b CF00     		.sleb128 79
 918 019d 06       		.uleb128 0x6
 919 019e D6080000 		.4byte	.LASF52
 920 01a2 D000     		.sleb128 80
 921 01a4 06       		.uleb128 0x6
 922 01a5 6B060000 		.4byte	.LASF53
 923 01a9 D100     		.sleb128 81
 924 01ab 06       		.uleb128 0x6
 925 01ac E1020000 		.4byte	.LASF54
 926 01b0 D200     		.sleb128 82
 927 01b2 06       		.uleb128 0x6
 928 01b3 79020000 		.4byte	.LASF55
 929 01b7 D300     		.sleb128 83
 930 01b9 06       		.uleb128 0x6
 931 01ba 88010000 		.4byte	.LASF56
 932 01be D400     		.sleb128 84
 933 01c0 06       		.uleb128 0x6
 934 01c1 21090000 		.4byte	.LASF57
 935 01c5 D500     		.sleb128 85
 936 01c7 06       		.uleb128 0x6
 937 01c8 B4080000 		.4byte	.LASF58
 938 01cc D600     		.sleb128 86
 939 01ce 06       		.uleb128 0x6
 940 01cf 8B080000 		.4byte	.LASF59
 941 01d3 D700     		.sleb128 87
 942 01d5 06       		.uleb128 0x6
 943 01d6 5D030000 		.4byte	.LASF60
 944 01da F000     		.sleb128 112
 945 01dc 06       		.uleb128 0x6
 946 01dd 98070000 		.4byte	.LASF61
 947 01e1 F100     		.sleb128 113
 948 01e3 06       		.uleb128 0x6
 949 01e4 29010000 		.4byte	.LASF62
 950 01e8 F200     		.sleb128 114
ARM GAS  C:\Users\Petro\AppData\Local\Temp\ccKRo6af.s 			page 23


 951 01ea 06       		.uleb128 0x6
 952 01eb C9010000 		.4byte	.LASF63
 953 01ef F300     		.sleb128 115
 954 01f1 06       		.uleb128 0x6
 955 01f2 37070000 		.4byte	.LASF64
 956 01f6 F400     		.sleb128 116
 957 01f8 06       		.uleb128 0x6
 958 01f9 B3040000 		.4byte	.LASF65
 959 01fd F500     		.sleb128 117
 960 01ff 06       		.uleb128 0x6
 961 0200 E7010000 		.4byte	.LASF66
 962 0204 F600     		.sleb128 118
 963 0206 06       		.uleb128 0x6
 964 0207 79070000 		.4byte	.LASF67
 965 020b F700     		.sleb128 119
 966 020d 06       		.uleb128 0x6
 967 020e B0060000 		.4byte	.LASF68
 968 0212 F800     		.sleb128 120
 969 0214 06       		.uleb128 0x6
 970 0215 DA060000 		.4byte	.LASF69
 971 0219 F900     		.sleb128 121
 972 021b 06       		.uleb128 0x6
 973 021c 55080000 		.4byte	.LASF70
 974 0220 FA00     		.sleb128 122
 975 0222 06       		.uleb128 0x6
 976 0223 DA000000 		.4byte	.LASF71
 977 0227 FA01     		.sleb128 250
 978 0229 06       		.uleb128 0x6
 979 022a B0030000 		.4byte	.LASF72
 980 022e FB01     		.sleb128 251
 981 0230 06       		.uleb128 0x6
 982 0231 4F030000 		.4byte	.LASF73
 983 0235 FF01     		.sleb128 255
 984 0237 00       		.byte	0
 985 0238 05       		.uleb128 0x5
 986 0239 01       		.byte	0x1
 987 023a 05       		.byte	0x5
 988 023b 15       		.byte	0x15
 989 023c 4D020000 		.4byte	0x24d
 990 0240 06       		.uleb128 0x6
 991 0241 66020000 		.4byte	.LASF74
 992 0245 00       		.sleb128 0
 993 0246 06       		.uleb128 0x6
 994 0247 0F050000 		.4byte	.LASF75
 995 024b 01       		.sleb128 1
 996 024c 00       		.byte	0
 997 024d 05       		.uleb128 0x5
 998 024e 01       		.byte	0x1
 999 024f 06       		.byte	0x6
 1000 0250 1A       		.byte	0x1a
 1001 0251 6E020000 		.4byte	0x26e
 1002 0255 06       		.uleb128 0x6
 1003 0256 8B050000 		.4byte	.LASF76
 1004 025a 00       		.sleb128 0
 1005 025b 06       		.uleb128 0x6
 1006 025c 30060000 		.4byte	.LASF77
 1007 0260 01       		.sleb128 1
ARM GAS  C:\Users\Petro\AppData\Local\Temp\ccKRo6af.s 			page 24


 1008 0261 06       		.uleb128 0x6
 1009 0262 99000000 		.4byte	.LASF78
 1010 0266 02       		.sleb128 2
 1011 0267 06       		.uleb128 0x6
 1012 0268 CF030000 		.4byte	.LASF79
 1013 026c 03       		.sleb128 3
 1014 026d 00       		.byte	0
 1015 026e 03       		.uleb128 0x3
 1016 026f 09070000 		.4byte	.LASF80
 1017 0273 06       		.byte	0x6
 1018 0274 1A       		.byte	0x1a
 1019 0275 4D020000 		.4byte	0x24d
 1020 0279 07       		.uleb128 0x7
 1021 027a 89000000 		.4byte	.LASF92
 1022 027e 01       		.byte	0x1
 1023 027f 05       		.byte	0x5
 1024 0280 73000000 		.4byte	0x73
 1025 0284 00000000 		.4byte	.LFB63
 1026 0288 BC000000 		.4byte	.LFE63-.LFB63
 1027 028c 01       		.uleb128 0x1
 1028 028d 9C       		.byte	0x9c
 1029 028e 08       		.uleb128 0x8
 1030 028f F1040000 		.4byte	.LASF83
 1031 0293 01       		.byte	0x1
 1032 0294 3E       		.byte	0x3e
 1033 0295 81000000 		.4byte	0x81
 1034 0299 00000000 		.4byte	.LFB64
 1035 029d 9C000000 		.4byte	.LFE64-.LFB64
 1036 02a1 01       		.uleb128 0x1
 1037 02a2 9C       		.byte	0x9c
 1038 02a3 C4020000 		.4byte	0x2c4
 1039 02a7 09       		.uleb128 0x9
 1040 02a8 00000000 		.4byte	.LASF81
 1041 02ac 01       		.byte	0x1
 1042 02ad 40       		.byte	0x40
 1043 02ae 81000000 		.4byte	0x81
 1044 02b2 02       		.uleb128 0x2
 1045 02b3 91       		.byte	0x91
 1046 02b4 6C       		.sleb128 -20
 1047 02b5 09       		.uleb128 0x9
 1048 02b6 30000000 		.4byte	.LASF82
 1049 02ba 01       		.byte	0x1
 1050 02bb 41       		.byte	0x41
 1051 02bc 8C000000 		.4byte	0x8c
 1052 02c0 02       		.uleb128 0x2
 1053 02c1 91       		.byte	0x91
 1054 02c2 60       		.sleb128 -32
 1055 02c3 00       		.byte	0
 1056 02c4 08       		.uleb128 0x8
 1057 02c5 45080000 		.4byte	.LASF84
 1058 02c9 01       		.byte	0x1
 1059 02ca 6C       		.byte	0x6c
 1060 02cb 81000000 		.4byte	0x81
 1061 02cf 00000000 		.4byte	.LFB65
 1062 02d3 90000000 		.4byte	.LFE65-.LFB65
 1063 02d7 01       		.uleb128 0x1
 1064 02d8 9C       		.byte	0x9c
ARM GAS  C:\Users\Petro\AppData\Local\Temp\ccKRo6af.s 			page 25


 1065 02d9 EC020000 		.4byte	0x2ec
 1066 02dd 09       		.uleb128 0x9
 1067 02de 00000000 		.4byte	.LASF81
 1068 02e2 01       		.byte	0x1
 1069 02e3 6E       		.byte	0x6e
 1070 02e4 81000000 		.4byte	0x81
 1071 02e8 02       		.uleb128 0x2
 1072 02e9 91       		.byte	0x91
 1073 02ea 74       		.sleb128 -12
 1074 02eb 00       		.byte	0
 1075 02ec 08       		.uleb128 0x8
 1076 02ed 44030000 		.4byte	.LASF85
 1077 02f1 01       		.byte	0x1
 1078 02f2 96       		.byte	0x96
 1079 02f3 81000000 		.4byte	0x81
 1080 02f7 00000000 		.4byte	.LFB66
 1081 02fb F4000000 		.4byte	.LFE66-.LFB66
 1082 02ff 01       		.uleb128 0x1
 1083 0300 9C       		.byte	0x9c
 1084 0301 14030000 		.4byte	0x314
 1085 0305 09       		.uleb128 0x9
 1086 0306 00000000 		.4byte	.LASF81
 1087 030a 01       		.byte	0x1
 1088 030b 98       		.byte	0x98
 1089 030c 81000000 		.4byte	0x81
 1090 0310 02       		.uleb128 0x2
 1091 0311 91       		.byte	0x91
 1092 0312 74       		.sleb128 -12
 1093 0313 00       		.byte	0
 1094 0314 08       		.uleb128 0x8
 1095 0315 F5080000 		.4byte	.LASF86
 1096 0319 01       		.byte	0x1
 1097 031a E3       		.byte	0xe3
 1098 031b 81000000 		.4byte	0x81
 1099 031f 00000000 		.4byte	.LFB67
 1100 0323 40000000 		.4byte	.LFE67-.LFB67
 1101 0327 01       		.uleb128 0x1
 1102 0328 9C       		.byte	0x9c
 1103 0329 3C030000 		.4byte	0x33c
 1104 032d 09       		.uleb128 0x9
 1105 032e 00000000 		.4byte	.LASF81
 1106 0332 01       		.byte	0x1
 1107 0333 E5       		.byte	0xe5
 1108 0334 81000000 		.4byte	0x81
 1109 0338 02       		.uleb128 0x2
 1110 0339 91       		.byte	0x91
 1111 033a 74       		.sleb128 -12
 1112 033b 00       		.byte	0
 1113 033c 0A       		.uleb128 0xa
 1114 033d 55070000 		.4byte	.LASF93
 1115 0341 01       		.byte	0x1
 1116 0342 F7       		.byte	0xf7
 1117 0343 00000000 		.4byte	.LFB68
 1118 0347 70000000 		.4byte	.LFE68-.LFB68
 1119 034b 01       		.uleb128 0x1
 1120 034c 9C       		.byte	0x9c
 1121 034d 6E030000 		.4byte	0x36e
ARM GAS  C:\Users\Petro\AppData\Local\Temp\ccKRo6af.s 			page 26


 1122 0351 09       		.uleb128 0x9
 1123 0352 FD060000 		.4byte	.LASF87
 1124 0356 01       		.byte	0x1
 1125 0357 F9       		.byte	0xf9
 1126 0358 8C000000 		.4byte	0x8c
 1127 035c 02       		.uleb128 0x2
 1128 035d 91       		.byte	0x91
 1129 035e 68       		.sleb128 -24
 1130 035f 09       		.uleb128 0x9
 1131 0360 5F060000 		.4byte	.LASF88
 1132 0364 01       		.byte	0x1
 1133 0365 FA       		.byte	0xfa
 1134 0366 81000000 		.4byte	0x81
 1135 036a 02       		.uleb128 0x2
 1136 036b 91       		.byte	0x91
 1137 036c 64       		.sleb128 -28
 1138 036d 00       		.byte	0
 1139 036e 09       		.uleb128 0x9
 1140 036f 00000000 		.4byte	.LASF81
 1141 0373 06       		.byte	0x6
 1142 0374 1D       		.byte	0x1d
 1143 0375 81000000 		.4byte	0x81
 1144 0379 05       		.uleb128 0x5
 1145 037a 03       		.byte	0x3
 1146 037b 00000000 		.4byte	result
 1147 037f 0B       		.uleb128 0xb
 1148 0380 23060000 		.4byte	.LASF94
 1149 0384 06       		.byte	0x6
 1150 0385 1B       		.byte	0x1b
 1151 0386 6E020000 		.4byte	0x26e
 1152 038a 05       		.uleb128 0x5
 1153 038b 03       		.byte	0x3
 1154 038c 00000000 		.4byte	currentState
 1155 0390 00       		.byte	0
 1156              		.section	.debug_abbrev,"",%progbits
 1157              	.Ldebug_abbrev0:
 1158 0000 01       		.uleb128 0x1
 1159 0001 11       		.uleb128 0x11
 1160 0002 01       		.byte	0x1
 1161 0003 25       		.uleb128 0x25
 1162 0004 0E       		.uleb128 0xe
 1163 0005 13       		.uleb128 0x13
 1164 0006 0B       		.uleb128 0xb
 1165 0007 03       		.uleb128 0x3
 1166 0008 0E       		.uleb128 0xe
 1167 0009 1B       		.uleb128 0x1b
 1168 000a 0E       		.uleb128 0xe
 1169 000b 55       		.uleb128 0x55
 1170 000c 17       		.uleb128 0x17
 1171 000d 11       		.uleb128 0x11
 1172 000e 01       		.uleb128 0x1
 1173 000f 10       		.uleb128 0x10
 1174 0010 17       		.uleb128 0x17
 1175 0011 00       		.byte	0
 1176 0012 00       		.byte	0
 1177 0013 02       		.uleb128 0x2
 1178 0014 24       		.uleb128 0x24
ARM GAS  C:\Users\Petro\AppData\Local\Temp\ccKRo6af.s 			page 27


 1179 0015 00       		.byte	0
 1180 0016 0B       		.uleb128 0xb
 1181 0017 0B       		.uleb128 0xb
 1182 0018 3E       		.uleb128 0x3e
 1183 0019 0B       		.uleb128 0xb
 1184 001a 03       		.uleb128 0x3
 1185 001b 0E       		.uleb128 0xe
 1186 001c 00       		.byte	0
 1187 001d 00       		.byte	0
 1188 001e 03       		.uleb128 0x3
 1189 001f 16       		.uleb128 0x16
 1190 0020 00       		.byte	0
 1191 0021 03       		.uleb128 0x3
 1192 0022 0E       		.uleb128 0xe
 1193 0023 3A       		.uleb128 0x3a
 1194 0024 0B       		.uleb128 0xb
 1195 0025 3B       		.uleb128 0x3b
 1196 0026 0B       		.uleb128 0xb
 1197 0027 49       		.uleb128 0x49
 1198 0028 13       		.uleb128 0x13
 1199 0029 00       		.byte	0
 1200 002a 00       		.byte	0
 1201 002b 04       		.uleb128 0x4
 1202 002c 24       		.uleb128 0x24
 1203 002d 00       		.byte	0
 1204 002e 0B       		.uleb128 0xb
 1205 002f 0B       		.uleb128 0xb
 1206 0030 3E       		.uleb128 0x3e
 1207 0031 0B       		.uleb128 0xb
 1208 0032 03       		.uleb128 0x3
 1209 0033 08       		.uleb128 0x8
 1210 0034 00       		.byte	0
 1211 0035 00       		.byte	0
 1212 0036 05       		.uleb128 0x5
 1213 0037 04       		.uleb128 0x4
 1214 0038 01       		.byte	0x1
 1215 0039 0B       		.uleb128 0xb
 1216 003a 0B       		.uleb128 0xb
 1217 003b 3A       		.uleb128 0x3a
 1218 003c 0B       		.uleb128 0xb
 1219 003d 3B       		.uleb128 0x3b
 1220 003e 0B       		.uleb128 0xb
 1221 003f 01       		.uleb128 0x1
 1222 0040 13       		.uleb128 0x13
 1223 0041 00       		.byte	0
 1224 0042 00       		.byte	0
 1225 0043 06       		.uleb128 0x6
 1226 0044 28       		.uleb128 0x28
 1227 0045 00       		.byte	0
 1228 0046 03       		.uleb128 0x3
 1229 0047 0E       		.uleb128 0xe
 1230 0048 1C       		.uleb128 0x1c
 1231 0049 0D       		.uleb128 0xd
 1232 004a 00       		.byte	0
 1233 004b 00       		.byte	0
 1234 004c 07       		.uleb128 0x7
 1235 004d 2E       		.uleb128 0x2e
ARM GAS  C:\Users\Petro\AppData\Local\Temp\ccKRo6af.s 			page 28


 1236 004e 00       		.byte	0
 1237 004f 3F       		.uleb128 0x3f
 1238 0050 19       		.uleb128 0x19
 1239 0051 03       		.uleb128 0x3
 1240 0052 0E       		.uleb128 0xe
 1241 0053 3A       		.uleb128 0x3a
 1242 0054 0B       		.uleb128 0xb
 1243 0055 3B       		.uleb128 0x3b
 1244 0056 0B       		.uleb128 0xb
 1245 0057 49       		.uleb128 0x49
 1246 0058 13       		.uleb128 0x13
 1247 0059 11       		.uleb128 0x11
 1248 005a 01       		.uleb128 0x1
 1249 005b 12       		.uleb128 0x12
 1250 005c 06       		.uleb128 0x6
 1251 005d 40       		.uleb128 0x40
 1252 005e 18       		.uleb128 0x18
 1253 005f 9642     		.uleb128 0x2116
 1254 0061 19       		.uleb128 0x19
 1255 0062 00       		.byte	0
 1256 0063 00       		.byte	0
 1257 0064 08       		.uleb128 0x8
 1258 0065 2E       		.uleb128 0x2e
 1259 0066 01       		.byte	0x1
 1260 0067 3F       		.uleb128 0x3f
 1261 0068 19       		.uleb128 0x19
 1262 0069 03       		.uleb128 0x3
 1263 006a 0E       		.uleb128 0xe
 1264 006b 3A       		.uleb128 0x3a
 1265 006c 0B       		.uleb128 0xb
 1266 006d 3B       		.uleb128 0x3b
 1267 006e 0B       		.uleb128 0xb
 1268 006f 27       		.uleb128 0x27
 1269 0070 19       		.uleb128 0x19
 1270 0071 49       		.uleb128 0x49
 1271 0072 13       		.uleb128 0x13
 1272 0073 11       		.uleb128 0x11
 1273 0074 01       		.uleb128 0x1
 1274 0075 12       		.uleb128 0x12
 1275 0076 06       		.uleb128 0x6
 1276 0077 40       		.uleb128 0x40
 1277 0078 18       		.uleb128 0x18
 1278 0079 9642     		.uleb128 0x2116
 1279 007b 19       		.uleb128 0x19
 1280 007c 01       		.uleb128 0x1
 1281 007d 13       		.uleb128 0x13
 1282 007e 00       		.byte	0
 1283 007f 00       		.byte	0
 1284 0080 09       		.uleb128 0x9
 1285 0081 34       		.uleb128 0x34
 1286 0082 00       		.byte	0
 1287 0083 03       		.uleb128 0x3
 1288 0084 0E       		.uleb128 0xe
 1289 0085 3A       		.uleb128 0x3a
 1290 0086 0B       		.uleb128 0xb
 1291 0087 3B       		.uleb128 0x3b
 1292 0088 0B       		.uleb128 0xb
ARM GAS  C:\Users\Petro\AppData\Local\Temp\ccKRo6af.s 			page 29


 1293 0089 49       		.uleb128 0x49
 1294 008a 13       		.uleb128 0x13
 1295 008b 02       		.uleb128 0x2
 1296 008c 18       		.uleb128 0x18
 1297 008d 00       		.byte	0
 1298 008e 00       		.byte	0
 1299 008f 0A       		.uleb128 0xa
 1300 0090 2E       		.uleb128 0x2e
 1301 0091 01       		.byte	0x1
 1302 0092 3F       		.uleb128 0x3f
 1303 0093 19       		.uleb128 0x19
 1304 0094 03       		.uleb128 0x3
 1305 0095 0E       		.uleb128 0xe
 1306 0096 3A       		.uleb128 0x3a
 1307 0097 0B       		.uleb128 0xb
 1308 0098 3B       		.uleb128 0x3b
 1309 0099 0B       		.uleb128 0xb
 1310 009a 27       		.uleb128 0x27
 1311 009b 19       		.uleb128 0x19
 1312 009c 11       		.uleb128 0x11
 1313 009d 01       		.uleb128 0x1
 1314 009e 12       		.uleb128 0x12
 1315 009f 06       		.uleb128 0x6
 1316 00a0 40       		.uleb128 0x40
 1317 00a1 18       		.uleb128 0x18
 1318 00a2 9642     		.uleb128 0x2116
 1319 00a4 19       		.uleb128 0x19
 1320 00a5 01       		.uleb128 0x1
 1321 00a6 13       		.uleb128 0x13
 1322 00a7 00       		.byte	0
 1323 00a8 00       		.byte	0
 1324 00a9 0B       		.uleb128 0xb
 1325 00aa 34       		.uleb128 0x34
 1326 00ab 00       		.byte	0
 1327 00ac 03       		.uleb128 0x3
 1328 00ad 0E       		.uleb128 0xe
 1329 00ae 3A       		.uleb128 0x3a
 1330 00af 0B       		.uleb128 0xb
 1331 00b0 3B       		.uleb128 0x3b
 1332 00b1 0B       		.uleb128 0xb
 1333 00b2 49       		.uleb128 0x49
 1334 00b3 13       		.uleb128 0x13
 1335 00b4 3F       		.uleb128 0x3f
 1336 00b5 19       		.uleb128 0x19
 1337 00b6 02       		.uleb128 0x2
 1338 00b7 18       		.uleb128 0x18
 1339 00b8 00       		.byte	0
 1340 00b9 00       		.byte	0
 1341 00ba 00       		.byte	0
 1342              		.section	.debug_aranges,"",%progbits
 1343 0000 44000000 		.4byte	0x44
 1344 0004 0200     		.2byte	0x2
 1345 0006 00000000 		.4byte	.Ldebug_info0
 1346 000a 04       		.byte	0x4
 1347 000b 00       		.byte	0
 1348 000c 0000     		.2byte	0
 1349 000e 0000     		.2byte	0
ARM GAS  C:\Users\Petro\AppData\Local\Temp\ccKRo6af.s 			page 30


 1350 0010 00000000 		.4byte	.LFB63
 1351 0014 BC000000 		.4byte	.LFE63-.LFB63
 1352 0018 00000000 		.4byte	.LFB64
 1353 001c 9C000000 		.4byte	.LFE64-.LFB64
 1354 0020 00000000 		.4byte	.LFB65
 1355 0024 90000000 		.4byte	.LFE65-.LFB65
 1356 0028 00000000 		.4byte	.LFB66
 1357 002c F4000000 		.4byte	.LFE66-.LFB66
 1358 0030 00000000 		.4byte	.LFB67
 1359 0034 40000000 		.4byte	.LFE67-.LFB67
 1360 0038 00000000 		.4byte	.LFB68
 1361 003c 70000000 		.4byte	.LFE68-.LFB68
 1362 0040 00000000 		.4byte	0
 1363 0044 00000000 		.4byte	0
 1364              		.section	.debug_ranges,"",%progbits
 1365              	.Ldebug_ranges0:
 1366 0000 00000000 		.4byte	.LFB63
 1367 0004 BC000000 		.4byte	.LFE63
 1368 0008 00000000 		.4byte	.LFB64
 1369 000c 9C000000 		.4byte	.LFE64
 1370 0010 00000000 		.4byte	.LFB65
 1371 0014 90000000 		.4byte	.LFE65
 1372 0018 00000000 		.4byte	.LFB66
 1373 001c F4000000 		.4byte	.LFE66
 1374 0020 00000000 		.4byte	.LFB67
 1375 0024 40000000 		.4byte	.LFE67
 1376 0028 00000000 		.4byte	.LFB68
 1377 002c 70000000 		.4byte	.LFE68
 1378 0030 00000000 		.4byte	0
 1379 0034 00000000 		.4byte	0
 1380              		.section	.debug_line,"",%progbits
 1381              	.Ldebug_line0:
 1382 0000 4A020000 		.section	.debug_str,"MS",%progbits,1
 1382      02006101 
 1382      00000201 
 1382      FB0E0D00 
 1382      01010101 
 1383              	.LASF81:
 1384 0000 72657375 		.ascii	"result\000"
 1384      6C7400
 1385              	.LASF33:
 1386 0007 4359424C 		.ascii	"CYBLE_EVT_GAP_CONNECTION_UPDATE_COMPLETE\000"
 1386      455F4556 
 1386      545F4741 
 1386      505F434F 
 1386      4E4E4543 
 1387              	.LASF82:
 1388 0030 756E6978 		.ascii	"unixTime\000"
 1388      54696D65 
 1388      00
 1389              	.LASF36:
 1390 0039 4359424C 		.ascii	"CYBLE_EVT_GATTC_ERROR_RSP\000"
 1390      455F4556 
 1390      545F4741 
 1390      5454435F 
 1390      4552524F 
 1391              	.LASF12:
ARM GAS  C:\Users\Petro\AppData\Local\Temp\ccKRo6af.s 			page 31


 1392 0053 75696E74 		.ascii	"uint64_t\000"
 1392      36345F74 
 1392      00
 1393              	.LASF2:
 1394 005c 73686F72 		.ascii	"short int\000"
 1394      7420696E 
 1394      7400
 1395              	.LASF28:
 1396 0066 4359424C 		.ascii	"CYBLE_EVT_GAP_AUTH_FAILED\000"
 1396      455F4556 
 1396      545F4741 
 1396      505F4155 
 1396      54485F46 
 1397              	.LASF16:
 1398 0080 73697A65 		.ascii	"sizetype\000"
 1398      74797065 
 1398      00
 1399              	.LASF92:
 1400 0089 6D61696E 		.ascii	"main\000"
 1400      00
 1401              	.LASF7:
 1402 008e 5F5F7569 		.ascii	"__uint32_t\000"
 1402      6E743332 
 1402      5F7400
 1403              	.LASF78:
 1404 0099 43484543 		.ascii	"CHECK_GATE\000"
 1404      4B5F4741 
 1404      544500
 1405              	.LASF21:
 1406 00a4 4359424C 		.ascii	"CYBLE_EVT_HCI_STATUS\000"
 1406      455F4556 
 1406      545F4843 
 1406      495F5354 
 1406      41545553 
 1407              	.LASF42:
 1408 00b9 4359424C 		.ascii	"CYBLE_EVT_GATTC_READ_BY_TYPE_RSP\000"
 1408      455F4556 
 1408      545F4741 
 1408      5454435F 
 1408      52454144 
 1409              	.LASF71:
 1410 00da 4359424C 		.ascii	"CYBLE_EVT_PENDING_FLASH_WRITE\000"
 1410      455F4556 
 1410      545F5045 
 1410      4E44494E 
 1410      475F464C 
 1411              	.LASF18:
 1412 00f8 4359424C 		.ascii	"CYBLE_EVT_STACK_ON\000"
 1412      455F4556 
 1412      545F5354 
 1412      41434B5F 
 1412      4F4E00
 1413              	.LASF39:
 1414 010b 4359424C 		.ascii	"CYBLE_EVT_GATTS_XCNHG_MTU_REQ\000"
 1414      455F4556 
 1414      545F4741 
 1414      5454535F 
ARM GAS  C:\Users\Petro\AppData\Local\Temp\ccKRo6af.s 			page 32


 1414      58434E48 
 1415              	.LASF62:
 1416 0129 4359424C 		.ascii	"CYBLE_EVT_L2CAP_COMMAND_REJ\000"
 1416      455F4556 
 1416      545F4C32 
 1416      4341505F 
 1416      434F4D4D 
 1417              	.LASF35:
 1418 0145 4359424C 		.ascii	"CYBLE_EVT_GAP_KEYINFO_EXCHNGE_CMPLT\000"
 1418      455F4556 
 1418      545F4741 
 1418      505F4B45 
 1418      59494E46 
 1419              	.LASF47:
 1420 0169 4359424C 		.ascii	"CYBLE_EVT_GATTC_READ_MULTI_RSP\000"
 1420      455F4556 
 1420      545F4741 
 1420      5454435F 
 1420      52454144 
 1421              	.LASF56:
 1422 0188 4359424C 		.ascii	"CYBLE_EVT_GATTS_HANDLE_VALUE_CNF\000"
 1422      455F4556 
 1422      545F4741 
 1422      5454535F 
 1422      48414E44 
 1423              	.LASF17:
 1424 01a9 4359424C 		.ascii	"CYBLE_EVT_HOST_INVALID\000"
 1424      455F4556 
 1424      545F484F 
 1424      53545F49 
 1424      4E56414C 
 1425              	.LASF11:
 1426 01c0 75696E74 		.ascii	"uint32_t\000"
 1426      33325F74 
 1426      00
 1427              	.LASF63:
 1428 01c9 4359424C 		.ascii	"CYBLE_EVT_L2CAP_CBFC_CONN_IND\000"
 1428      455F4556 
 1428      545F4C32 
 1428      4341505F 
 1428      43424643 
 1429              	.LASF66:
 1430 01e7 4359424C 		.ascii	"CYBLE_EVT_L2CAP_CBFC_DISCONN_CNF\000"
 1430      455F4556 
 1430      545F4C32 
 1430      4341505F 
 1430      43424643 
 1431              	.LASF13:
 1432 0208 666C6F61 		.ascii	"float\000"
 1432      7400
 1433              	.LASF45:
 1434 020e 4359424C 		.ascii	"CYBLE_EVT_GATTC_READ_RSP\000"
 1434      455F4556 
 1434      545F4741 
 1434      5454435F 
 1434      52454144 
 1435              	.LASF49:
ARM GAS  C:\Users\Petro\AppData\Local\Temp\ccKRo6af.s 			page 33


 1436 0227 4359424C 		.ascii	"CYBLE_EVT_GATTC_WRITE_RSP\000"
 1436      455F4556 
 1436      545F4741 
 1436      5454435F 
 1436      57524954 
 1437              	.LASF6:
 1438 0241 6C6F6E67 		.ascii	"long long int\000"
 1438      206C6F6E 
 1438      6720696E 
 1438      7400
 1439              	.LASF9:
 1440 024f 6C6F6E67 		.ascii	"long long unsigned int\000"
 1440      206C6F6E 
 1440      6720756E 
 1440      7369676E 
 1440      65642069 
 1441              	.LASF74:
 1442 0266 53544154 		.ascii	"STATUS_OK\000"
 1442      55535F4F 
 1442      4B00
 1443              	.LASF4:
 1444 0270 6C6F6E67 		.ascii	"long int\000"
 1444      20696E74 
 1444      00
 1445              	.LASF55:
 1446 0279 4359424C 		.ascii	"CYBLE_EVT_GATTC_HANDLE_VALUE_IND\000"
 1446      455F4556 
 1446      545F4741 
 1446      5454435F 
 1446      48414E44 
 1447              	.LASF30:
 1448 029a 4359424C 		.ascii	"CYBLE_EVT_GAP_DEVICE_CONNECTED\000"
 1448      455F4556 
 1448      545F4741 
 1448      505F4445 
 1448      56494345 
 1449              	.LASF29:
 1450 02b9 4359424C 		.ascii	"CYBLE_EVT_GAPP_ADVERTISEMENT_START_STOP\000"
 1450      455F4556 
 1450      545F4741 
 1450      50505F41 
 1450      44564552 
 1451              	.LASF54:
 1452 02e1 4359424C 		.ascii	"CYBLE_EVT_GATTC_HANDLE_VALUE_NTF\000"
 1452      455F4556 
 1452      545F4741 
 1452      5454435F 
 1452      48414E44 
 1453              	.LASF22:
 1454 0302 4359424C 		.ascii	"CYBLE_EVT_STACK_BUSY_STATUS\000"
 1454      455F4556 
 1454      545F5354 
 1454      41434B5F 
 1454      42555359 
 1455              	.LASF26:
 1456 031e 4359424C 		.ascii	"CYBLE_EVT_GAP_PASSKEY_DISPLAY_REQUEST\000"
 1456      455F4556 
ARM GAS  C:\Users\Petro\AppData\Local\Temp\ccKRo6af.s 			page 34


 1456      545F4741 
 1456      505F5041 
 1456      53534B45 
 1457              	.LASF85:
 1458 0344 43686563 		.ascii	"CheckReady\000"
 1458      6B526561 
 1458      647900
 1459              	.LASF73:
 1460 034f 4359424C 		.ascii	"CYBLE_EVT_MAX\000"
 1460      455F4556 
 1460      545F4D41 
 1460      5800
 1461              	.LASF60:
 1462 035d 4359424C 		.ascii	"CYBLE_EVT_L2CAP_CONN_PARAM_UPDATE_REQ\000"
 1462      455F4556 
 1462      545F4C32 
 1462      4341505F 
 1462      434F4E4E 
 1463              	.LASF1:
 1464 0383 756E7369 		.ascii	"unsigned char\000"
 1464      676E6564 
 1464      20636861 
 1464      7200
 1465              	.LASF51:
 1466 0391 4359424C 		.ascii	"CYBLE_EVT_GATTS_PREP_WRITE_REQ\000"
 1466      455F4556 
 1466      545F4741 
 1466      5454535F 
 1466      50524550 
 1467              	.LASF72:
 1468 03b0 4359424C 		.ascii	"CYBLE_EVT_LE_PING_AUTH_TIMEOUT\000"
 1468      455F4556 
 1468      545F4C45 
 1468      5F50494E 
 1468      475F4155 
 1469              	.LASF79:
 1470 03cf 53415645 		.ascii	"SAVE_RESULT\000"
 1470      5F524553 
 1470      554C5400 
 1471              	.LASF43:
 1472 03db 4359424C 		.ascii	"CYBLE_EVT_GATTC_FIND_INFO_RSP\000"
 1472      455F4556 
 1472      545F4741 
 1472      5454435F 
 1472      46494E44 
 1473              	.LASF0:
 1474 03f9 7369676E 		.ascii	"signed char\000"
 1474      65642063 
 1474      68617200 
 1475              	.LASF48:
 1476 0405 4359424C 		.ascii	"CYBLE_EVT_GATTS_WRITE_REQ\000"
 1476      455F4556 
 1476      545F4741 
 1476      5454535F 
 1476      57524954 
 1477              	.LASF44:
 1478 041f 4359424C 		.ascii	"CYBLE_EVT_GATTC_FIND_BY_TYPE_VALUE_RSP\000"
ARM GAS  C:\Users\Petro\AppData\Local\Temp\ccKRo6af.s 			page 35


 1478      455F4556 
 1478      545F4741 
 1478      5454435F 
 1478      46494E44 
 1479              	.LASF27:
 1480 0446 4359424C 		.ascii	"CYBLE_EVT_GAP_AUTH_COMPLETE\000"
 1480      455F4556 
 1480      545F4741 
 1480      505F4155 
 1480      54485F43 
 1481              	.LASF10:
 1482 0462 756E7369 		.ascii	"unsigned int\000"
 1482      676E6564 
 1482      20696E74 
 1482      00
 1483              	.LASF37:
 1484 046f 4359424C 		.ascii	"CYBLE_EVT_GATT_CONNECT_IND\000"
 1484      455F4556 
 1484      545F4741 
 1484      54545F43 
 1484      4F4E4E45 
 1485              	.LASF5:
 1486 048a 6C6F6E67 		.ascii	"long unsigned int\000"
 1486      20756E73 
 1486      69676E65 
 1486      6420696E 
 1486      7400
 1487              	.LASF24:
 1488 049c 4359424C 		.ascii	"CYBLE_EVT_GAP_AUTH_REQ\000"
 1488      455F4556 
 1488      545F4741 
 1488      505F4155 
 1488      54485F52 
 1489              	.LASF65:
 1490 04b3 4359424C 		.ascii	"CYBLE_EVT_L2CAP_CBFC_DISCONN_IND\000"
 1490      455F4556 
 1490      545F4C32 
 1490      4341505F 
 1490      43424643 
 1491              	.LASF32:
 1492 04d4 4359424C 		.ascii	"CYBLE_EVT_GAP_ENCRYPT_CHANGE\000"
 1492      455F4556 
 1492      545F4741 
 1492      505F454E 
 1492      43525950 
 1493              	.LASF83:
 1494 04f1 53797374 		.ascii	"SystemInit\000"
 1494      656D496E 
 1494      697400
 1495              	.LASF3:
 1496 04fc 73686F72 		.ascii	"short unsigned int\000"
 1496      7420756E 
 1496      7369676E 
 1496      65642069 
 1496      6E7400
 1497              	.LASF75:
 1498 050f 53544154 		.ascii	"STATUS_ERROR\000"
ARM GAS  C:\Users\Petro\AppData\Local\Temp\ccKRo6af.s 			page 36


 1498      55535F45 
 1498      52524F52 
 1498      00
 1499              	.LASF91:
 1500 051c 443A5C43 		.ascii	"D:\\Cypress\\system-start-finish\\vesion 2\\fw\\fin"
 1500      79707265 
 1500      73735C73 
 1500      79737465 
 1500      6D2D7374 
 1501 054a 6973685C 		.ascii	"ish\\sandbox\\v7_debug_ntp\\Finish(state machine)\\"
 1501      73616E64 
 1501      626F785C 
 1501      76375F64 
 1501      65627567 
 1502 0579 66696E5F 		.ascii	"fin_v0.cydsn\000"
 1502      76302E63 
 1502      7964736E 
 1502      00
 1503              	.LASF15:
 1504 0586 63686172 		.ascii	"char\000"
 1504      00
 1505              	.LASF76:
 1506 058b 54494D45 		.ascii	"TIME_SYNC\000"
 1506      5F53594E 
 1506      4300
 1507              	.LASF89:
 1508 0595 474E5520 		.ascii	"GNU C 4.9.3 20150303 (release) [ARM/embedded-4_9-br"
 1508      4320342E 
 1508      392E3320 
 1508      32303135 
 1508      30333033 
 1509 05c8 616E6368 		.ascii	"anch revision 221220] -mcpu=cortex-m0 -mthumb -g -O"
 1509      20726576 
 1509      6973696F 
 1509      6E203232 
 1509      31323230 
 1510 05fb 30202D66 		.ascii	"0 -ffunction-sections -ffat-lto-objects\000"
 1510      66756E63 
 1510      74696F6E 
 1510      2D736563 
 1510      74696F6E 
 1511              	.LASF94:
 1512 0623 63757272 		.ascii	"currentState\000"
 1512      656E7453 
 1512      74617465 
 1512      00
 1513              	.LASF77:
 1514 0630 52454144 		.ascii	"READY\000"
 1514      5900
 1515              	.LASF8:
 1516 0636 5F5F7569 		.ascii	"__uint64_t\000"
 1516      6E743634 
 1516      5F7400
 1517              	.LASF46:
 1518 0641 4359424C 		.ascii	"CYBLE_EVT_GATTC_READ_BLOB_RSP\000"
 1518      455F4556 
 1518      545F4741 
ARM GAS  C:\Users\Petro\AppData\Local\Temp\ccKRo6af.s 			page 37


 1518      5454435F 
 1518      52454144 
 1519              	.LASF88:
 1520 065f 66696E52 		.ascii	"finRecentMs\000"
 1520      6563656E 
 1520      744D7300 
 1521              	.LASF53:
 1522 066b 4359424C 		.ascii	"CYBLE_EVT_GATTC_EXEC_WRITE_RSP\000"
 1522      455F4556 
 1522      545F4741 
 1522      5454435F 
 1522      45584543 
 1523              	.LASF34:
 1524 068a 4359424C 		.ascii	"CYBLE_EVT_GAPC_SCAN_START_STOP\000"
 1524      455F4556 
 1524      545F4741 
 1524      50435F53 
 1524      43414E5F 
 1525              	.LASF90:
 1526 06a9 6D61696E 		.ascii	"main.c\000"
 1526      2E6300
 1527              	.LASF68:
 1528 06b0 4359424C 		.ascii	"CYBLE_EVT_L2CAP_CBFC_RX_CREDIT_IND\000"
 1528      455F4556 
 1528      545F4C32 
 1528      4341505F 
 1528      43424643 
 1529              	.LASF14:
 1530 06d3 646F7562 		.ascii	"double\000"
 1530      6C6500
 1531              	.LASF69:
 1532 06da 4359424C 		.ascii	"CYBLE_EVT_L2CAP_CBFC_TX_CREDIT_IND\000"
 1532      455F4556 
 1532      545F4C32 
 1532      4341505F 
 1532      43424643 
 1533              	.LASF87:
 1534 06fd 66696E55 		.ascii	"finUnixTime\000"
 1534      6E697854 
 1534      696D6500 
 1535              	.LASF80:
 1536 0709 53746174 		.ascii	"StateType\000"
 1536      65547970 
 1536      6500
 1537              	.LASF25:
 1538 0713 4359424C 		.ascii	"CYBLE_EVT_GAP_PASSKEY_ENTRY_REQUEST\000"
 1538      455F4556 
 1538      545F4741 
 1538      505F5041 
 1538      53534B45 
 1539              	.LASF64:
 1540 0737 4359424C 		.ascii	"CYBLE_EVT_L2CAP_CBFC_CONN_CNF\000"
 1540      455F4556 
 1540      545F4C32 
 1540      4341505F 
 1540      43424643 
 1541              	.LASF93:
ARM GAS  C:\Users\Petro\AppData\Local\Temp\ccKRo6af.s 			page 38


 1542 0755 53617665 		.ascii	"SaveResult\000"
 1542      52657375 
 1542      6C7400
 1543              	.LASF20:
 1544 0760 4359424C 		.ascii	"CYBLE_EVT_HARDWARE_ERROR\000"
 1544      455F4556 
 1544      545F4841 
 1544      52445741 
 1544      52455F45 
 1545              	.LASF67:
 1546 0779 4359424C 		.ascii	"CYBLE_EVT_L2CAP_CBFC_DATA_READ\000"
 1546      455F4556 
 1546      545F4C32 
 1546      4341505F 
 1546      43424643 
 1547              	.LASF61:
 1548 0798 4359424C 		.ascii	"CYBLE_EVT_L2CAP_CONN_PARAM_UPDATE_RSP\000"
 1548      455F4556 
 1548      545F4C32 
 1548      4341505F 
 1548      434F4E4E 
 1549              	.LASF23:
 1550 07be 4359424C 		.ascii	"CYBLE_EVT_GAPC_SCAN_PROGRESS_RESULT\000"
 1550      455F4556 
 1550      545F4741 
 1550      50435F53 
 1550      43414E5F 
 1551              	.LASF41:
 1552 07e2 4359424C 		.ascii	"CYBLE_EVT_GATTC_READ_BY_GROUP_TYPE_RSP\000"
 1552      455F4556 
 1552      545F4741 
 1552      5454435F 
 1552      52454144 
 1553              	.LASF50:
 1554 0809 4359424C 		.ascii	"CYBLE_EVT_GATTS_WRITE_CMD_REQ\000"
 1554      455F4556 
 1554      545F4741 
 1554      5454535F 
 1554      57524954 
 1555              	.LASF40:
 1556 0827 4359424C 		.ascii	"CYBLE_EVT_GATTC_XCHNG_MTU_RSP\000"
 1556      455F4556 
 1556      545F4741 
 1556      5454435F 
 1556      5843484E 
 1557              	.LASF84:
 1558 0845 54696D65 		.ascii	"TimeSynchronize\000"
 1558      53796E63 
 1558      68726F6E 
 1558      697A6500 
 1559              	.LASF70:
 1560 0855 4359424C 		.ascii	"CYBLE_EVT_L2CAP_CBFC_DATA_WRITE_IND\000"
 1560      455F4556 
 1560      545F4C32 
 1560      4341505F 
 1560      43424643 
 1561              	.LASF19:
ARM GAS  C:\Users\Petro\AppData\Local\Temp\ccKRo6af.s 			page 39


 1562 0879 4359424C 		.ascii	"CYBLE_EVT_TIMEOUT\000"
 1562      455F4556 
 1562      545F5449 
 1562      4D454F55 
 1562      5400
 1563              	.LASF59:
 1564 088b 4359424C 		.ascii	"CYBLE_EVT_GATTS_READ_CHAR_VAL_ACCESS_REQ\000"
 1564      455F4556 
 1564      545F4741 
 1564      5454535F 
 1564      52454144 
 1565              	.LASF58:
 1566 08b4 4359424C 		.ascii	"CYBLE_EVT_GATTC_STOP_CMD_COMPLETE\000"
 1566      455F4556 
 1566      545F4741 
 1566      5454435F 
 1566      53544F50 
 1567              	.LASF52:
 1568 08d6 4359424C 		.ascii	"CYBLE_EVT_GATTS_EXEC_WRITE_REQ\000"
 1568      455F4556 
 1568      545F4741 
 1568      5454535F 
 1568      45584543 
 1569              	.LASF86:
 1570 08f5 43686563 		.ascii	"CheckGate\000"
 1570      6B476174 
 1570      6500
 1571              	.LASF31:
 1572 08ff 4359424C 		.ascii	"CYBLE_EVT_GAP_DEVICE_DISCONNECTED\000"
 1572      455F4556 
 1572      545F4741 
 1572      505F4445 
 1572      56494345 
 1573              	.LASF57:
 1574 0921 4359424C 		.ascii	"CYBLE_EVT_GATTS_DATA_SIGNED_CMD_REQ\000"
 1574      455F4556 
 1574      545F4741 
 1574      5454535F 
 1574      44415441 
 1575              	.LASF38:
 1576 0945 4359424C 		.ascii	"CYBLE_EVT_GATT_DISCONNECT_IND\000"
 1576      455F4556 
 1576      545F4741 
 1576      54545F44 
 1576      4953434F 
 1577              		.ident	"GCC: (GNU Tools for ARM Embedded Processors) 4.9.3 20150303 (release) [ARM/embedded-4_9-br
