ARM GAS  C:\Users\Petro\AppData\Local\Temp\ccHyQOZn.s 			page 1


   1              		.cpu cortex-m0
   2              		.fpu softvfp
   3              		.eabi_attribute 20, 1
   4              		.eabi_attribute 21, 1
   5              		.eabi_attribute 23, 3
   6              		.eabi_attribute 24, 1
   7              		.eabi_attribute 25, 1
   8              		.eabi_attribute 26, 1
   9              		.eabi_attribute 30, 1
  10              		.eabi_attribute 34, 0
  11              		.eabi_attribute 18, 4
  12              		.code	16
  13              		.file	"diskio.c"
  14              		.text
  15              	.Ltext0:
  16              		.cfi_sections	.debug_frame
  17              		.section	.text.disk_status,"ax",%progbits
  18              		.align	2
  19              		.global	disk_status
  20              		.code	16
  21              		.thumb_func
  22              		.type	disk_status, %function
  23              	disk_status:
  24              	.LFB0:
  25              		.file 1 ".\\diskio.c"
   1:.\diskio.c    **** /*-----------------------------------------------------------------------*/
   2:.\diskio.c    **** /* Low level disk I/O module glue functions         (C)ChaN, 2016        */
   3:.\diskio.c    **** /*-----------------------------------------------------------------------*/
   4:.\diskio.c    **** /* If a working storage control module is available, it should be        */
   5:.\diskio.c    **** /* attached to the FatFs via a glue function rather than modifying it.   */
   6:.\diskio.c    **** /* This is an example of glue functions to attach various exsisting      */
   7:.\diskio.c    **** /* storage control modules to the FatFs module with a defined API.       */
   8:.\diskio.c    **** /*-----------------------------------------------------------------------*/
   9:.\diskio.c    **** 
  10:.\diskio.c    **** #include "diskio.h"			/* FatFs lower layer API */
  11:.\diskio.c    **** #include "mmc_avr_usart.h"	/* Header file of existing SD control module */
  12:.\diskio.c    **** 
  13:.\diskio.c    **** 
  14:.\diskio.c    **** /*-----------------------------------------------------------------------*/
  15:.\diskio.c    **** /* Get Drive Status                                                      */
  16:.\diskio.c    **** /*-----------------------------------------------------------------------*/
  17:.\diskio.c    **** 
  18:.\diskio.c    **** DSTATUS disk_status (
  19:.\diskio.c    **** 	BYTE pdrv		/* Physical drive nmuber to identify the drive */
  20:.\diskio.c    **** )
  21:.\diskio.c    **** {
  26              		.loc 1 21 0
  27              		.cfi_startproc
  28              	.LVL0:
  29 0000 08B5     		push	{r3, lr}
  30              		.cfi_def_cfa_offset 8
  31              		.cfi_offset 3, -8
  32              		.cfi_offset 14, -4
  22:.\diskio.c    ****     return mmc_disk_status();
  33              		.loc 1 22 0
  34 0002 FFF7FEFF 		bl	mmc_disk_status
  35              	.LVL1:
ARM GAS  C:\Users\Petro\AppData\Local\Temp\ccHyQOZn.s 			page 2


  23:.\diskio.c    **** }
  36              		.loc 1 23 0
  37              		@ sp needed
  38 0006 08BD     		pop	{r3, pc}
  39              		.cfi_endproc
  40              	.LFE0:
  41              		.size	disk_status, .-disk_status
  42              		.section	.text.disk_initialize,"ax",%progbits
  43              		.align	2
  44              		.global	disk_initialize
  45              		.code	16
  46              		.thumb_func
  47              		.type	disk_initialize, %function
  48              	disk_initialize:
  49              	.LFB1:
  24:.\diskio.c    **** 
  25:.\diskio.c    **** 
  26:.\diskio.c    **** 
  27:.\diskio.c    **** /*-----------------------------------------------------------------------*/
  28:.\diskio.c    **** /* Inidialize a Drive                                                    */
  29:.\diskio.c    **** /*-----------------------------------------------------------------------*/
  30:.\diskio.c    **** 
  31:.\diskio.c    **** DSTATUS disk_initialize (
  32:.\diskio.c    **** 	BYTE pdrv				/* Physical drive nmuber to identify the drive */
  33:.\diskio.c    **** )
  34:.\diskio.c    **** {
  50              		.loc 1 34 0
  51              		.cfi_startproc
  52              	.LVL2:
  53 0000 08B5     		push	{r3, lr}
  54              		.cfi_def_cfa_offset 8
  55              		.cfi_offset 3, -8
  56              		.cfi_offset 14, -4
  35:.\diskio.c    **** 	return mmc_disk_initialize();
  57              		.loc 1 35 0
  58 0002 FFF7FEFF 		bl	mmc_disk_initialize
  59              	.LVL3:
  36:.\diskio.c    **** 	return STA_NOINIT;
  37:.\diskio.c    **** }
  60              		.loc 1 37 0
  61              		@ sp needed
  62 0006 08BD     		pop	{r3, pc}
  63              		.cfi_endproc
  64              	.LFE1:
  65              		.size	disk_initialize, .-disk_initialize
  66              		.section	.text.disk_read,"ax",%progbits
  67              		.align	2
  68              		.global	disk_read
  69              		.code	16
  70              		.thumb_func
  71              		.type	disk_read, %function
  72              	disk_read:
  73              	.LFB2:
  38:.\diskio.c    **** 
  39:.\diskio.c    **** 
  40:.\diskio.c    **** 
  41:.\diskio.c    **** /*-----------------------------------------------------------------------*/
ARM GAS  C:\Users\Petro\AppData\Local\Temp\ccHyQOZn.s 			page 3


  42:.\diskio.c    **** /* Read Sector(s)                                                        */
  43:.\diskio.c    **** /*-----------------------------------------------------------------------*/
  44:.\diskio.c    **** 
  45:.\diskio.c    **** DRESULT disk_read (
  46:.\diskio.c    **** 	BYTE pdrv,		/* Physical drive nmuber to identify the drive */
  47:.\diskio.c    **** 	BYTE *buff,		/* Data buffer to store read data */
  48:.\diskio.c    **** 	DWORD sector,	/* Sector address in LBA */
  49:.\diskio.c    **** 	UINT count		/* Number of sectors to read */
  50:.\diskio.c    **** )
  51:.\diskio.c    **** {
  74              		.loc 1 51 0
  75              		.cfi_startproc
  76              	.LVL4:
  77 0000 08B5     		push	{r3, lr}
  78              		.cfi_def_cfa_offset 8
  79              		.cfi_offset 3, -8
  80              		.cfi_offset 14, -4
  52:.\diskio.c    **** 	return mmc_disk_read(buff, sector, count);
  81              		.loc 1 52 0
  82 0002 081C     		mov	r0, r1
  83              	.LVL5:
  84 0004 111C     		mov	r1, r2
  85              	.LVL6:
  86 0006 1A1C     		mov	r2, r3
  87              	.LVL7:
  88 0008 FFF7FEFF 		bl	mmc_disk_read
  89              	.LVL8:
  53:.\diskio.c    **** 	return RES_PARERR;
  54:.\diskio.c    **** }
  90              		.loc 1 54 0
  91              		@ sp needed
  92 000c 08BD     		pop	{r3, pc}
  93              		.cfi_endproc
  94              	.LFE2:
  95              		.size	disk_read, .-disk_read
  96 000e C046     		.section	.text.disk_write,"ax",%progbits
  97              		.align	2
  98              		.global	disk_write
  99              		.code	16
 100              		.thumb_func
 101              		.type	disk_write, %function
 102              	disk_write:
 103              	.LFB3:
  55:.\diskio.c    **** 
  56:.\diskio.c    **** 
  57:.\diskio.c    **** 
  58:.\diskio.c    **** /*-----------------------------------------------------------------------*/
  59:.\diskio.c    **** /* Write Sector(s)                                                       */
  60:.\diskio.c    **** /*-----------------------------------------------------------------------*/
  61:.\diskio.c    **** 
  62:.\diskio.c    **** #if _USE_WRITE
  63:.\diskio.c    **** DRESULT disk_write (
  64:.\diskio.c    **** 	BYTE pdrv,			/* Physical drive nmuber to identify the drive */
  65:.\diskio.c    **** 	const BYTE *buff,	/* Data to be written */
  66:.\diskio.c    **** 	DWORD sector,		/* Sector address in LBA */
  67:.\diskio.c    **** 	UINT count			/* Number of sectors to write */
  68:.\diskio.c    **** )
ARM GAS  C:\Users\Petro\AppData\Local\Temp\ccHyQOZn.s 			page 4


  69:.\diskio.c    **** {
 104              		.loc 1 69 0
 105              		.cfi_startproc
 106              	.LVL9:
 107 0000 08B5     		push	{r3, lr}
 108              		.cfi_def_cfa_offset 8
 109              		.cfi_offset 3, -8
 110              		.cfi_offset 14, -4
  70:.\diskio.c    **** 	return mmc_disk_write(buff, sector, count);
 111              		.loc 1 70 0
 112 0002 081C     		mov	r0, r1
 113              	.LVL10:
 114 0004 111C     		mov	r1, r2
 115              	.LVL11:
 116 0006 1A1C     		mov	r2, r3
 117              	.LVL12:
 118 0008 FFF7FEFF 		bl	mmc_disk_write
 119              	.LVL13:
  71:.\diskio.c    **** 	return RES_PARERR;
  72:.\diskio.c    **** }
 120              		.loc 1 72 0
 121              		@ sp needed
 122 000c 08BD     		pop	{r3, pc}
 123              		.cfi_endproc
 124              	.LFE3:
 125              		.size	disk_write, .-disk_write
 126 000e C046     		.section	.text.disk_ioctl,"ax",%progbits
 127              		.align	2
 128              		.global	disk_ioctl
 129              		.code	16
 130              		.thumb_func
 131              		.type	disk_ioctl, %function
 132              	disk_ioctl:
 133              	.LFB4:
  73:.\diskio.c    **** #endif
  74:.\diskio.c    **** 
  75:.\diskio.c    **** 
  76:.\diskio.c    **** /*-----------------------------------------------------------------------*/
  77:.\diskio.c    **** /* Miscellaneous Functions                                               */
  78:.\diskio.c    **** /*-----------------------------------------------------------------------*/
  79:.\diskio.c    **** 
  80:.\diskio.c    **** #if _USE_IOCTL
  81:.\diskio.c    **** DRESULT disk_ioctl (
  82:.\diskio.c    **** 	BYTE pdrv,		/* Physical drive nmuber (0..) */
  83:.\diskio.c    **** 	BYTE cmd,		/* Control code */
  84:.\diskio.c    **** 	void *buff		/* Buffer to send/receive control data */
  85:.\diskio.c    **** )
  86:.\diskio.c    **** {
 134              		.loc 1 86 0
 135              		.cfi_startproc
 136              	.LVL14:
 137 0000 08B5     		push	{r3, lr}
 138              		.cfi_def_cfa_offset 8
 139              		.cfi_offset 3, -8
 140              		.cfi_offset 14, -4
  87:.\diskio.c    **** 	return mmc_disk_ioctl(cmd, buff);
 141              		.loc 1 87 0
ARM GAS  C:\Users\Petro\AppData\Local\Temp\ccHyQOZn.s 			page 5


 142 0002 081C     		mov	r0, r1
 143              	.LVL15:
 144 0004 111C     		mov	r1, r2
 145              	.LVL16:
 146 0006 FFF7FEFF 		bl	mmc_disk_ioctl
 147              	.LVL17:
  88:.\diskio.c    **** 	return RES_PARERR;
  89:.\diskio.c    **** }
 148              		.loc 1 89 0
 149              		@ sp needed
 150 000a 08BD     		pop	{r3, pc}
 151              		.cfi_endproc
 152              	.LFE4:
 153              		.size	disk_ioctl, .-disk_ioctl
 154              		.section	.text.disk_timerproc,"ax",%progbits
 155              		.align	2
 156              		.global	disk_timerproc
 157              		.code	16
 158              		.thumb_func
 159              		.type	disk_timerproc, %function
 160              	disk_timerproc:
 161              	.LFB5:
  90:.\diskio.c    **** #endif
  91:.\diskio.c    **** 
  92:.\diskio.c    **** 
  93:.\diskio.c    **** /*-----------------------------------------------------------------------*/
  94:.\diskio.c    **** /* Timer driven procedure                                                */
  95:.\diskio.c    **** /*-----------------------------------------------------------------------*/
  96:.\diskio.c    **** 
  97:.\diskio.c    **** void disk_timerproc (void)
  98:.\diskio.c    **** {
 162              		.loc 1 98 0
 163              		.cfi_startproc
 164 0000 08B5     		push	{r3, lr}
 165              		.cfi_def_cfa_offset 8
 166              		.cfi_offset 3, -8
 167              		.cfi_offset 14, -4
  99:.\diskio.c    **** 	mmc_disk_timerproc();
 168              		.loc 1 99 0
 169 0002 FFF7FEFF 		bl	mmc_disk_timerproc
 170              	.LVL18:
 100:.\diskio.c    **** }
 171              		.loc 1 100 0
 172              		@ sp needed
 173 0006 08BD     		pop	{r3, pc}
 174              		.cfi_endproc
 175              	.LFE5:
 176              		.size	disk_timerproc, .-disk_timerproc
 177              		.text
 178              	.Letext0:
 179              		.file 2 ".\\integer.h"
 180              		.file 3 ".\\diskio.h"
 181              		.file 4 ".\\mmc_avr_usart.h"
 182              		.section	.debug_info,"",%progbits
 183              	.Ldebug_info0:
 184 0000 05030000 		.4byte	0x305
 185 0004 0400     		.2byte	0x4
ARM GAS  C:\Users\Petro\AppData\Local\Temp\ccHyQOZn.s 			page 6


 186 0006 00000000 		.4byte	.Ldebug_abbrev0
 187 000a 04       		.byte	0x4
 188 000b 01       		.uleb128 0x1
 189 000c 2C010000 		.4byte	.LASF31
 190 0010 01       		.byte	0x1
 191 0011 69000000 		.4byte	.LASF32
 192 0015 FF010000 		.4byte	.LASF33
 193 0019 00000000 		.4byte	.Ldebug_ranges0+0
 194 001d 00000000 		.4byte	0
 195 0021 00000000 		.4byte	.Ldebug_line0
 196 0025 02       		.uleb128 0x2
 197 0026 04       		.byte	0x4
 198 0027 05       		.byte	0x5
 199 0028 696E7400 		.ascii	"int\000"
 200 002c 03       		.uleb128 0x3
 201 002d 20010000 		.4byte	.LASF1
 202 0031 02       		.byte	0x2
 203 0032 13       		.byte	0x13
 204 0033 37000000 		.4byte	0x37
 205 0037 04       		.uleb128 0x4
 206 0038 04       		.byte	0x4
 207 0039 07       		.byte	0x7
 208 003a E2000000 		.4byte	.LASF0
 209 003e 03       		.uleb128 0x3
 210 003f 35000000 		.4byte	.LASF2
 211 0043 02       		.byte	0x2
 212 0044 16       		.byte	0x16
 213 0045 49000000 		.4byte	0x49
 214 0049 04       		.uleb128 0x4
 215 004a 01       		.byte	0x1
 216 004b 08       		.byte	0x8
 217 004c C1000000 		.4byte	.LASF3
 218 0050 04       		.uleb128 0x4
 219 0051 02       		.byte	0x2
 220 0052 05       		.byte	0x5
 221 0053 D4010000 		.4byte	.LASF4
 222 0057 04       		.uleb128 0x4
 223 0058 02       		.byte	0x2
 224 0059 07       		.byte	0x7
 225 005a 86000000 		.4byte	.LASF5
 226 005e 04       		.uleb128 0x4
 227 005f 04       		.byte	0x4
 228 0060 05       		.byte	0x5
 229 0061 E8010000 		.4byte	.LASF6
 230 0065 03       		.uleb128 0x3
 231 0066 25000000 		.4byte	.LASF7
 232 006a 02       		.byte	0x2
 233 006b 1F       		.byte	0x1f
 234 006c 70000000 		.4byte	0x70
 235 0070 04       		.uleb128 0x4
 236 0071 04       		.byte	0x4
 237 0072 07       		.byte	0x7
 238 0073 74000000 		.4byte	.LASF8
 239 0077 04       		.uleb128 0x4
 240 0078 08       		.byte	0x8
 241 0079 07       		.byte	0x7
 242 007a FA000000 		.4byte	.LASF9
ARM GAS  C:\Users\Petro\AppData\Local\Temp\ccHyQOZn.s 			page 7


 243 007e 03       		.uleb128 0x3
 244 007f B9000000 		.4byte	.LASF10
 245 0083 03       		.byte	0x3
 246 0084 14       		.byte	0x14
 247 0085 3E000000 		.4byte	0x3e
 248 0089 05       		.uleb128 0x5
 249 008a 01       		.byte	0x1
 250 008b 03       		.byte	0x3
 251 008c 17       		.byte	0x17
 252 008d B0000000 		.4byte	0xb0
 253 0091 06       		.uleb128 0x6
 254 0092 25010000 		.4byte	.LASF11
 255 0096 00       		.sleb128 0
 256 0097 06       		.uleb128 0x6
 257 0098 DE010000 		.4byte	.LASF12
 258 009c 01       		.sleb128 1
 259 009d 06       		.uleb128 0x6
 260 009e 2B000000 		.4byte	.LASF13
 261 00a2 02       		.sleb128 2
 262 00a3 06       		.uleb128 0x6
 263 00a4 9E000000 		.4byte	.LASF14
 264 00a8 03       		.sleb128 3
 265 00a9 06       		.uleb128 0x6
 266 00aa 5B020000 		.4byte	.LASF15
 267 00ae 04       		.sleb128 4
 268 00af 00       		.byte	0
 269 00b0 03       		.uleb128 0x3
 270 00b1 DA000000 		.4byte	.LASF16
 271 00b5 03       		.byte	0x3
 272 00b6 1D       		.byte	0x1d
 273 00b7 89000000 		.4byte	0x89
 274 00bb 07       		.uleb128 0x7
 275 00bc 04       		.byte	0x4
 276 00bd 08       		.uleb128 0x8
 277 00be 5D000000 		.4byte	.LASF17
 278 00c2 01       		.byte	0x1
 279 00c3 12       		.byte	0x12
 280 00c4 7E000000 		.4byte	0x7e
 281 00c8 00000000 		.4byte	.LFB0
 282 00cc 08000000 		.4byte	.LFE0-.LFB0
 283 00d0 01       		.uleb128 0x1
 284 00d1 9C       		.byte	0x9c
 285 00d2 EF000000 		.4byte	0xef
 286 00d6 09       		.uleb128 0x9
 287 00d7 66020000 		.4byte	.LASF19
 288 00db 01       		.byte	0x1
 289 00dc 13       		.byte	0x13
 290 00dd 3E000000 		.4byte	0x3e
 291 00e1 00000000 		.4byte	.LLST0
 292 00e5 0A       		.uleb128 0xa
 293 00e6 06000000 		.4byte	.LVL1
 294 00ea 93020000 		.4byte	0x293
 295 00ee 00       		.byte	0
 296 00ef 08       		.uleb128 0x8
 297 00f0 4D000000 		.4byte	.LASF18
 298 00f4 01       		.byte	0x1
 299 00f5 1F       		.byte	0x1f
ARM GAS  C:\Users\Petro\AppData\Local\Temp\ccHyQOZn.s 			page 8


 300 00f6 7E000000 		.4byte	0x7e
 301 00fa 00000000 		.4byte	.LFB1
 302 00fe 08000000 		.4byte	.LFE1-.LFB1
 303 0102 01       		.uleb128 0x1
 304 0103 9C       		.byte	0x9c
 305 0104 21010000 		.4byte	0x121
 306 0108 09       		.uleb128 0x9
 307 0109 66020000 		.4byte	.LASF19
 308 010d 01       		.byte	0x1
 309 010e 20       		.byte	0x20
 310 010f 3E000000 		.4byte	0x3e
 311 0113 21000000 		.4byte	.LLST1
 312 0117 0A       		.uleb128 0xa
 313 0118 06000000 		.4byte	.LVL3
 314 011c 9E020000 		.4byte	0x29e
 315 0120 00       		.byte	0
 316 0121 08       		.uleb128 0x8
 317 0122 51020000 		.4byte	.LASF20
 318 0126 01       		.byte	0x1
 319 0127 2D       		.byte	0x2d
 320 0128 B0000000 		.4byte	0xb0
 321 012c 00000000 		.4byte	.LFB2
 322 0130 0E000000 		.4byte	.LFE2-.LFB2
 323 0134 01       		.uleb128 0x1
 324 0135 9C       		.byte	0x9c
 325 0136 96010000 		.4byte	0x196
 326 013a 09       		.uleb128 0x9
 327 013b 66020000 		.4byte	.LASF19
 328 013f 01       		.byte	0x1
 329 0140 2E       		.byte	0x2e
 330 0141 3E000000 		.4byte	0x3e
 331 0145 42000000 		.4byte	.LLST2
 332 0149 09       		.uleb128 0x9
 333 014a 99000000 		.4byte	.LASF21
 334 014e 01       		.byte	0x1
 335 014f 2F       		.byte	0x2f
 336 0150 96010000 		.4byte	0x196
 337 0154 63000000 		.4byte	.LLST3
 338 0158 09       		.uleb128 0x9
 339 0159 1E000000 		.4byte	.LASF22
 340 015d 01       		.byte	0x1
 341 015e 30       		.byte	0x30
 342 015f 65000000 		.4byte	0x65
 343 0163 8F000000 		.4byte	.LLST4
 344 0167 09       		.uleb128 0x9
 345 0168 BA010000 		.4byte	.LASF23
 346 016c 01       		.byte	0x1
 347 016d 31       		.byte	0x31
 348 016e 2C000000 		.4byte	0x2c
 349 0172 BB000000 		.4byte	.LLST5
 350 0176 0B       		.uleb128 0xb
 351 0177 0C000000 		.4byte	.LVL8
 352 017b A9020000 		.4byte	0x2a9
 353 017f 0C       		.uleb128 0xc
 354 0180 01       		.uleb128 0x1
 355 0181 52       		.byte	0x52
 356 0182 03       		.uleb128 0x3
ARM GAS  C:\Users\Petro\AppData\Local\Temp\ccHyQOZn.s 			page 9


 357 0183 F3       		.byte	0xf3
 358 0184 01       		.uleb128 0x1
 359 0185 53       		.byte	0x53
 360 0186 0C       		.uleb128 0xc
 361 0187 01       		.uleb128 0x1
 362 0188 51       		.byte	0x51
 363 0189 03       		.uleb128 0x3
 364 018a F3       		.byte	0xf3
 365 018b 01       		.uleb128 0x1
 366 018c 52       		.byte	0x52
 367 018d 0C       		.uleb128 0xc
 368 018e 01       		.uleb128 0x1
 369 018f 50       		.byte	0x50
 370 0190 03       		.uleb128 0x3
 371 0191 F3       		.byte	0xf3
 372 0192 01       		.uleb128 0x1
 373 0193 51       		.byte	0x51
 374 0194 00       		.byte	0
 375 0195 00       		.byte	0
 376 0196 0D       		.uleb128 0xd
 377 0197 04       		.byte	0x4
 378 0198 3E000000 		.4byte	0x3e
 379 019c 08       		.uleb128 0x8
 380 019d EF000000 		.4byte	.LASF24
 381 01a1 01       		.byte	0x1
 382 01a2 3F       		.byte	0x3f
 383 01a3 B0000000 		.4byte	0xb0
 384 01a7 00000000 		.4byte	.LFB3
 385 01ab 0E000000 		.4byte	.LFE3-.LFB3
 386 01af 01       		.uleb128 0x1
 387 01b0 9C       		.byte	0x9c
 388 01b1 11020000 		.4byte	0x211
 389 01b5 09       		.uleb128 0x9
 390 01b6 66020000 		.4byte	.LASF19
 391 01ba 01       		.byte	0x1
 392 01bb 40       		.byte	0x40
 393 01bc 3E000000 		.4byte	0x3e
 394 01c0 DC000000 		.4byte	.LLST6
 395 01c4 09       		.uleb128 0x9
 396 01c5 99000000 		.4byte	.LASF21
 397 01c9 01       		.byte	0x1
 398 01ca 41       		.byte	0x41
 399 01cb 11020000 		.4byte	0x211
 400 01cf FD000000 		.4byte	.LLST7
 401 01d3 09       		.uleb128 0x9
 402 01d4 1E000000 		.4byte	.LASF22
 403 01d8 01       		.byte	0x1
 404 01d9 42       		.byte	0x42
 405 01da 65000000 		.4byte	0x65
 406 01de 29010000 		.4byte	.LLST8
 407 01e2 09       		.uleb128 0x9
 408 01e3 BA010000 		.4byte	.LASF23
 409 01e7 01       		.byte	0x1
 410 01e8 43       		.byte	0x43
 411 01e9 2C000000 		.4byte	0x2c
 412 01ed 55010000 		.4byte	.LLST9
 413 01f1 0B       		.uleb128 0xb
ARM GAS  C:\Users\Petro\AppData\Local\Temp\ccHyQOZn.s 			page 10


 414 01f2 0C000000 		.4byte	.LVL13
 415 01f6 C8020000 		.4byte	0x2c8
 416 01fa 0C       		.uleb128 0xc
 417 01fb 01       		.uleb128 0x1
 418 01fc 52       		.byte	0x52
 419 01fd 03       		.uleb128 0x3
 420 01fe F3       		.byte	0xf3
 421 01ff 01       		.uleb128 0x1
 422 0200 53       		.byte	0x53
 423 0201 0C       		.uleb128 0xc
 424 0202 01       		.uleb128 0x1
 425 0203 51       		.byte	0x51
 426 0204 03       		.uleb128 0x3
 427 0205 F3       		.byte	0xf3
 428 0206 01       		.uleb128 0x1
 429 0207 52       		.byte	0x52
 430 0208 0C       		.uleb128 0xc
 431 0209 01       		.uleb128 0x1
 432 020a 50       		.byte	0x50
 433 020b 03       		.uleb128 0x3
 434 020c F3       		.byte	0xf3
 435 020d 01       		.uleb128 0x1
 436 020e 51       		.byte	0x51
 437 020f 00       		.byte	0
 438 0210 00       		.byte	0
 439 0211 0D       		.uleb128 0xd
 440 0212 04       		.byte	0x4
 441 0213 17020000 		.4byte	0x217
 442 0217 0E       		.uleb128 0xe
 443 0218 3E000000 		.4byte	0x3e
 444 021c 08       		.uleb128 0x8
 445 021d CF000000 		.4byte	.LASF25
 446 0221 01       		.byte	0x1
 447 0222 51       		.byte	0x51
 448 0223 B0000000 		.4byte	0xb0
 449 0227 00000000 		.4byte	.LFB4
 450 022b 0C000000 		.4byte	.LFE4-.LFB4
 451 022f 01       		.uleb128 0x1
 452 0230 9C       		.byte	0x9c
 453 0231 74020000 		.4byte	0x274
 454 0235 09       		.uleb128 0x9
 455 0236 66020000 		.4byte	.LASF19
 456 023a 01       		.byte	0x1
 457 023b 52       		.byte	0x52
 458 023c 3E000000 		.4byte	0x3e
 459 0240 76010000 		.4byte	.LLST10
 460 0244 0F       		.uleb128 0xf
 461 0245 636D6400 		.ascii	"cmd\000"
 462 0249 01       		.byte	0x1
 463 024a 53       		.byte	0x53
 464 024b 3E000000 		.4byte	0x3e
 465 024f 97010000 		.4byte	.LLST11
 466 0253 09       		.uleb128 0x9
 467 0254 99000000 		.4byte	.LASF21
 468 0258 01       		.byte	0x1
 469 0259 54       		.byte	0x54
 470 025a BB000000 		.4byte	0xbb
ARM GAS  C:\Users\Petro\AppData\Local\Temp\ccHyQOZn.s 			page 11


 471 025e B8010000 		.4byte	.LLST12
 472 0262 0B       		.uleb128 0xb
 473 0263 0A000000 		.4byte	.LVL17
 474 0267 E7020000 		.4byte	0x2e7
 475 026b 0C       		.uleb128 0xc
 476 026c 01       		.uleb128 0x1
 477 026d 51       		.byte	0x51
 478 026e 03       		.uleb128 0x3
 479 026f F3       		.byte	0xf3
 480 0270 01       		.uleb128 0x1
 481 0271 52       		.byte	0x52
 482 0272 00       		.byte	0
 483 0273 00       		.byte	0
 484 0274 10       		.uleb128 0x10
 485 0275 11010000 		.4byte	.LASF34
 486 0279 01       		.byte	0x1
 487 027a 61       		.byte	0x61
 488 027b 00000000 		.4byte	.LFB5
 489 027f 08000000 		.4byte	.LFE5-.LFB5
 490 0283 01       		.uleb128 0x1
 491 0284 9C       		.byte	0x9c
 492 0285 93020000 		.4byte	0x293
 493 0289 0A       		.uleb128 0xa
 494 028a 06000000 		.4byte	.LVL18
 495 028e 01030000 		.4byte	0x301
 496 0292 00       		.byte	0
 497 0293 11       		.uleb128 0x11
 498 0294 A9000000 		.4byte	.LASF26
 499 0298 04       		.byte	0x4
 500 0299 12       		.byte	0x12
 501 029a 7E000000 		.4byte	0x7e
 502 029e 11       		.uleb128 0x11
 503 029f C0010000 		.4byte	.LASF27
 504 02a3 04       		.byte	0x4
 505 02a4 11       		.byte	0x11
 506 02a5 7E000000 		.4byte	0x7e
 507 02a9 12       		.uleb128 0x12
 508 02aa F1010000 		.4byte	.LASF28
 509 02ae 04       		.byte	0x4
 510 02af 13       		.byte	0x13
 511 02b0 B0000000 		.4byte	0xb0
 512 02b4 C8020000 		.4byte	0x2c8
 513 02b8 13       		.uleb128 0x13
 514 02b9 96010000 		.4byte	0x196
 515 02bd 13       		.uleb128 0x13
 516 02be 65000000 		.4byte	0x65
 517 02c2 13       		.uleb128 0x13
 518 02c3 2C000000 		.4byte	0x2c
 519 02c7 00       		.byte	0
 520 02c8 12       		.uleb128 0x12
 521 02c9 00000000 		.4byte	.LASF29
 522 02cd 04       		.byte	0x4
 523 02ce 14       		.byte	0x14
 524 02cf B0000000 		.4byte	0xb0
 525 02d3 E7020000 		.4byte	0x2e7
 526 02d7 13       		.uleb128 0x13
 527 02d8 11020000 		.4byte	0x211
ARM GAS  C:\Users\Petro\AppData\Local\Temp\ccHyQOZn.s 			page 12


 528 02dc 13       		.uleb128 0x13
 529 02dd 65000000 		.4byte	0x65
 530 02e1 13       		.uleb128 0x13
 531 02e2 2C000000 		.4byte	0x2c
 532 02e6 00       		.byte	0
 533 02e7 12       		.uleb128 0x12
 534 02e8 0F000000 		.4byte	.LASF30
 535 02ec 04       		.byte	0x4
 536 02ed 15       		.byte	0x15
 537 02ee B0000000 		.4byte	0xb0
 538 02f2 01030000 		.4byte	0x301
 539 02f6 13       		.uleb128 0x13
 540 02f7 3E000000 		.4byte	0x3e
 541 02fb 13       		.uleb128 0x13
 542 02fc BB000000 		.4byte	0xbb
 543 0300 00       		.byte	0
 544 0301 14       		.uleb128 0x14
 545 0302 3A000000 		.4byte	.LASF35
 546 0306 04       		.byte	0x4
 547 0307 16       		.byte	0x16
 548 0308 00       		.byte	0
 549              		.section	.debug_abbrev,"",%progbits
 550              	.Ldebug_abbrev0:
 551 0000 01       		.uleb128 0x1
 552 0001 11       		.uleb128 0x11
 553 0002 01       		.byte	0x1
 554 0003 25       		.uleb128 0x25
 555 0004 0E       		.uleb128 0xe
 556 0005 13       		.uleb128 0x13
 557 0006 0B       		.uleb128 0xb
 558 0007 03       		.uleb128 0x3
 559 0008 0E       		.uleb128 0xe
 560 0009 1B       		.uleb128 0x1b
 561 000a 0E       		.uleb128 0xe
 562 000b 55       		.uleb128 0x55
 563 000c 17       		.uleb128 0x17
 564 000d 11       		.uleb128 0x11
 565 000e 01       		.uleb128 0x1
 566 000f 10       		.uleb128 0x10
 567 0010 17       		.uleb128 0x17
 568 0011 00       		.byte	0
 569 0012 00       		.byte	0
 570 0013 02       		.uleb128 0x2
 571 0014 24       		.uleb128 0x24
 572 0015 00       		.byte	0
 573 0016 0B       		.uleb128 0xb
 574 0017 0B       		.uleb128 0xb
 575 0018 3E       		.uleb128 0x3e
 576 0019 0B       		.uleb128 0xb
 577 001a 03       		.uleb128 0x3
 578 001b 08       		.uleb128 0x8
 579 001c 00       		.byte	0
 580 001d 00       		.byte	0
 581 001e 03       		.uleb128 0x3
 582 001f 16       		.uleb128 0x16
 583 0020 00       		.byte	0
 584 0021 03       		.uleb128 0x3
ARM GAS  C:\Users\Petro\AppData\Local\Temp\ccHyQOZn.s 			page 13


 585 0022 0E       		.uleb128 0xe
 586 0023 3A       		.uleb128 0x3a
 587 0024 0B       		.uleb128 0xb
 588 0025 3B       		.uleb128 0x3b
 589 0026 0B       		.uleb128 0xb
 590 0027 49       		.uleb128 0x49
 591 0028 13       		.uleb128 0x13
 592 0029 00       		.byte	0
 593 002a 00       		.byte	0
 594 002b 04       		.uleb128 0x4
 595 002c 24       		.uleb128 0x24
 596 002d 00       		.byte	0
 597 002e 0B       		.uleb128 0xb
 598 002f 0B       		.uleb128 0xb
 599 0030 3E       		.uleb128 0x3e
 600 0031 0B       		.uleb128 0xb
 601 0032 03       		.uleb128 0x3
 602 0033 0E       		.uleb128 0xe
 603 0034 00       		.byte	0
 604 0035 00       		.byte	0
 605 0036 05       		.uleb128 0x5
 606 0037 04       		.uleb128 0x4
 607 0038 01       		.byte	0x1
 608 0039 0B       		.uleb128 0xb
 609 003a 0B       		.uleb128 0xb
 610 003b 3A       		.uleb128 0x3a
 611 003c 0B       		.uleb128 0xb
 612 003d 3B       		.uleb128 0x3b
 613 003e 0B       		.uleb128 0xb
 614 003f 01       		.uleb128 0x1
 615 0040 13       		.uleb128 0x13
 616 0041 00       		.byte	0
 617 0042 00       		.byte	0
 618 0043 06       		.uleb128 0x6
 619 0044 28       		.uleb128 0x28
 620 0045 00       		.byte	0
 621 0046 03       		.uleb128 0x3
 622 0047 0E       		.uleb128 0xe
 623 0048 1C       		.uleb128 0x1c
 624 0049 0D       		.uleb128 0xd
 625 004a 00       		.byte	0
 626 004b 00       		.byte	0
 627 004c 07       		.uleb128 0x7
 628 004d 0F       		.uleb128 0xf
 629 004e 00       		.byte	0
 630 004f 0B       		.uleb128 0xb
 631 0050 0B       		.uleb128 0xb
 632 0051 00       		.byte	0
 633 0052 00       		.byte	0
 634 0053 08       		.uleb128 0x8
 635 0054 2E       		.uleb128 0x2e
 636 0055 01       		.byte	0x1
 637 0056 3F       		.uleb128 0x3f
 638 0057 19       		.uleb128 0x19
 639 0058 03       		.uleb128 0x3
 640 0059 0E       		.uleb128 0xe
 641 005a 3A       		.uleb128 0x3a
ARM GAS  C:\Users\Petro\AppData\Local\Temp\ccHyQOZn.s 			page 14


 642 005b 0B       		.uleb128 0xb
 643 005c 3B       		.uleb128 0x3b
 644 005d 0B       		.uleb128 0xb
 645 005e 27       		.uleb128 0x27
 646 005f 19       		.uleb128 0x19
 647 0060 49       		.uleb128 0x49
 648 0061 13       		.uleb128 0x13
 649 0062 11       		.uleb128 0x11
 650 0063 01       		.uleb128 0x1
 651 0064 12       		.uleb128 0x12
 652 0065 06       		.uleb128 0x6
 653 0066 40       		.uleb128 0x40
 654 0067 18       		.uleb128 0x18
 655 0068 9742     		.uleb128 0x2117
 656 006a 19       		.uleb128 0x19
 657 006b 01       		.uleb128 0x1
 658 006c 13       		.uleb128 0x13
 659 006d 00       		.byte	0
 660 006e 00       		.byte	0
 661 006f 09       		.uleb128 0x9
 662 0070 05       		.uleb128 0x5
 663 0071 00       		.byte	0
 664 0072 03       		.uleb128 0x3
 665 0073 0E       		.uleb128 0xe
 666 0074 3A       		.uleb128 0x3a
 667 0075 0B       		.uleb128 0xb
 668 0076 3B       		.uleb128 0x3b
 669 0077 0B       		.uleb128 0xb
 670 0078 49       		.uleb128 0x49
 671 0079 13       		.uleb128 0x13
 672 007a 02       		.uleb128 0x2
 673 007b 17       		.uleb128 0x17
 674 007c 00       		.byte	0
 675 007d 00       		.byte	0
 676 007e 0A       		.uleb128 0xa
 677 007f 898201   		.uleb128 0x4109
 678 0082 00       		.byte	0
 679 0083 11       		.uleb128 0x11
 680 0084 01       		.uleb128 0x1
 681 0085 31       		.uleb128 0x31
 682 0086 13       		.uleb128 0x13
 683 0087 00       		.byte	0
 684 0088 00       		.byte	0
 685 0089 0B       		.uleb128 0xb
 686 008a 898201   		.uleb128 0x4109
 687 008d 01       		.byte	0x1
 688 008e 11       		.uleb128 0x11
 689 008f 01       		.uleb128 0x1
 690 0090 31       		.uleb128 0x31
 691 0091 13       		.uleb128 0x13
 692 0092 00       		.byte	0
 693 0093 00       		.byte	0
 694 0094 0C       		.uleb128 0xc
 695 0095 8A8201   		.uleb128 0x410a
 696 0098 00       		.byte	0
 697 0099 02       		.uleb128 0x2
 698 009a 18       		.uleb128 0x18
ARM GAS  C:\Users\Petro\AppData\Local\Temp\ccHyQOZn.s 			page 15


 699 009b 9142     		.uleb128 0x2111
 700 009d 18       		.uleb128 0x18
 701 009e 00       		.byte	0
 702 009f 00       		.byte	0
 703 00a0 0D       		.uleb128 0xd
 704 00a1 0F       		.uleb128 0xf
 705 00a2 00       		.byte	0
 706 00a3 0B       		.uleb128 0xb
 707 00a4 0B       		.uleb128 0xb
 708 00a5 49       		.uleb128 0x49
 709 00a6 13       		.uleb128 0x13
 710 00a7 00       		.byte	0
 711 00a8 00       		.byte	0
 712 00a9 0E       		.uleb128 0xe
 713 00aa 26       		.uleb128 0x26
 714 00ab 00       		.byte	0
 715 00ac 49       		.uleb128 0x49
 716 00ad 13       		.uleb128 0x13
 717 00ae 00       		.byte	0
 718 00af 00       		.byte	0
 719 00b0 0F       		.uleb128 0xf
 720 00b1 05       		.uleb128 0x5
 721 00b2 00       		.byte	0
 722 00b3 03       		.uleb128 0x3
 723 00b4 08       		.uleb128 0x8
 724 00b5 3A       		.uleb128 0x3a
 725 00b6 0B       		.uleb128 0xb
 726 00b7 3B       		.uleb128 0x3b
 727 00b8 0B       		.uleb128 0xb
 728 00b9 49       		.uleb128 0x49
 729 00ba 13       		.uleb128 0x13
 730 00bb 02       		.uleb128 0x2
 731 00bc 17       		.uleb128 0x17
 732 00bd 00       		.byte	0
 733 00be 00       		.byte	0
 734 00bf 10       		.uleb128 0x10
 735 00c0 2E       		.uleb128 0x2e
 736 00c1 01       		.byte	0x1
 737 00c2 3F       		.uleb128 0x3f
 738 00c3 19       		.uleb128 0x19
 739 00c4 03       		.uleb128 0x3
 740 00c5 0E       		.uleb128 0xe
 741 00c6 3A       		.uleb128 0x3a
 742 00c7 0B       		.uleb128 0xb
 743 00c8 3B       		.uleb128 0x3b
 744 00c9 0B       		.uleb128 0xb
 745 00ca 27       		.uleb128 0x27
 746 00cb 19       		.uleb128 0x19
 747 00cc 11       		.uleb128 0x11
 748 00cd 01       		.uleb128 0x1
 749 00ce 12       		.uleb128 0x12
 750 00cf 06       		.uleb128 0x6
 751 00d0 40       		.uleb128 0x40
 752 00d1 18       		.uleb128 0x18
 753 00d2 9742     		.uleb128 0x2117
 754 00d4 19       		.uleb128 0x19
 755 00d5 01       		.uleb128 0x1
ARM GAS  C:\Users\Petro\AppData\Local\Temp\ccHyQOZn.s 			page 16


 756 00d6 13       		.uleb128 0x13
 757 00d7 00       		.byte	0
 758 00d8 00       		.byte	0
 759 00d9 11       		.uleb128 0x11
 760 00da 2E       		.uleb128 0x2e
 761 00db 00       		.byte	0
 762 00dc 3F       		.uleb128 0x3f
 763 00dd 19       		.uleb128 0x19
 764 00de 03       		.uleb128 0x3
 765 00df 0E       		.uleb128 0xe
 766 00e0 3A       		.uleb128 0x3a
 767 00e1 0B       		.uleb128 0xb
 768 00e2 3B       		.uleb128 0x3b
 769 00e3 0B       		.uleb128 0xb
 770 00e4 27       		.uleb128 0x27
 771 00e5 19       		.uleb128 0x19
 772 00e6 49       		.uleb128 0x49
 773 00e7 13       		.uleb128 0x13
 774 00e8 3C       		.uleb128 0x3c
 775 00e9 19       		.uleb128 0x19
 776 00ea 00       		.byte	0
 777 00eb 00       		.byte	0
 778 00ec 12       		.uleb128 0x12
 779 00ed 2E       		.uleb128 0x2e
 780 00ee 01       		.byte	0x1
 781 00ef 3F       		.uleb128 0x3f
 782 00f0 19       		.uleb128 0x19
 783 00f1 03       		.uleb128 0x3
 784 00f2 0E       		.uleb128 0xe
 785 00f3 3A       		.uleb128 0x3a
 786 00f4 0B       		.uleb128 0xb
 787 00f5 3B       		.uleb128 0x3b
 788 00f6 0B       		.uleb128 0xb
 789 00f7 27       		.uleb128 0x27
 790 00f8 19       		.uleb128 0x19
 791 00f9 49       		.uleb128 0x49
 792 00fa 13       		.uleb128 0x13
 793 00fb 3C       		.uleb128 0x3c
 794 00fc 19       		.uleb128 0x19
 795 00fd 01       		.uleb128 0x1
 796 00fe 13       		.uleb128 0x13
 797 00ff 00       		.byte	0
 798 0100 00       		.byte	0
 799 0101 13       		.uleb128 0x13
 800 0102 05       		.uleb128 0x5
 801 0103 00       		.byte	0
 802 0104 49       		.uleb128 0x49
 803 0105 13       		.uleb128 0x13
 804 0106 00       		.byte	0
 805 0107 00       		.byte	0
 806 0108 14       		.uleb128 0x14
 807 0109 2E       		.uleb128 0x2e
 808 010a 00       		.byte	0
 809 010b 3F       		.uleb128 0x3f
 810 010c 19       		.uleb128 0x19
 811 010d 03       		.uleb128 0x3
 812 010e 0E       		.uleb128 0xe
ARM GAS  C:\Users\Petro\AppData\Local\Temp\ccHyQOZn.s 			page 17


 813 010f 3A       		.uleb128 0x3a
 814 0110 0B       		.uleb128 0xb
 815 0111 3B       		.uleb128 0x3b
 816 0112 0B       		.uleb128 0xb
 817 0113 27       		.uleb128 0x27
 818 0114 19       		.uleb128 0x19
 819 0115 3C       		.uleb128 0x3c
 820 0116 19       		.uleb128 0x19
 821 0117 00       		.byte	0
 822 0118 00       		.byte	0
 823 0119 00       		.byte	0
 824              		.section	.debug_loc,"",%progbits
 825              	.Ldebug_loc0:
 826              	.LLST0:
 827 0000 00000000 		.4byte	.LVL0
 828 0004 05000000 		.4byte	.LVL1-1
 829 0008 0100     		.2byte	0x1
 830 000a 50       		.byte	0x50
 831 000b 05000000 		.4byte	.LVL1-1
 832 000f 08000000 		.4byte	.LFE0
 833 0013 0400     		.2byte	0x4
 834 0015 F3       		.byte	0xf3
 835 0016 01       		.uleb128 0x1
 836 0017 50       		.byte	0x50
 837 0018 9F       		.byte	0x9f
 838 0019 00000000 		.4byte	0
 839 001d 00000000 		.4byte	0
 840              	.LLST1:
 841 0021 00000000 		.4byte	.LVL2
 842 0025 05000000 		.4byte	.LVL3-1
 843 0029 0100     		.2byte	0x1
 844 002b 50       		.byte	0x50
 845 002c 05000000 		.4byte	.LVL3-1
 846 0030 08000000 		.4byte	.LFE1
 847 0034 0400     		.2byte	0x4
 848 0036 F3       		.byte	0xf3
 849 0037 01       		.uleb128 0x1
 850 0038 50       		.byte	0x50
 851 0039 9F       		.byte	0x9f
 852 003a 00000000 		.4byte	0
 853 003e 00000000 		.4byte	0
 854              	.LLST2:
 855 0042 00000000 		.4byte	.LVL4
 856 0046 04000000 		.4byte	.LVL5
 857 004a 0100     		.2byte	0x1
 858 004c 50       		.byte	0x50
 859 004d 04000000 		.4byte	.LVL5
 860 0051 0E000000 		.4byte	.LFE2
 861 0055 0400     		.2byte	0x4
 862 0057 F3       		.byte	0xf3
 863 0058 01       		.uleb128 0x1
 864 0059 50       		.byte	0x50
 865 005a 9F       		.byte	0x9f
 866 005b 00000000 		.4byte	0
 867 005f 00000000 		.4byte	0
 868              	.LLST3:
 869 0063 00000000 		.4byte	.LVL4
ARM GAS  C:\Users\Petro\AppData\Local\Temp\ccHyQOZn.s 			page 18


 870 0067 06000000 		.4byte	.LVL6
 871 006b 0100     		.2byte	0x1
 872 006d 51       		.byte	0x51
 873 006e 06000000 		.4byte	.LVL6
 874 0072 0B000000 		.4byte	.LVL8-1
 875 0076 0100     		.2byte	0x1
 876 0078 50       		.byte	0x50
 877 0079 0B000000 		.4byte	.LVL8-1
 878 007d 0E000000 		.4byte	.LFE2
 879 0081 0400     		.2byte	0x4
 880 0083 F3       		.byte	0xf3
 881 0084 01       		.uleb128 0x1
 882 0085 51       		.byte	0x51
 883 0086 9F       		.byte	0x9f
 884 0087 00000000 		.4byte	0
 885 008b 00000000 		.4byte	0
 886              	.LLST4:
 887 008f 00000000 		.4byte	.LVL4
 888 0093 08000000 		.4byte	.LVL7
 889 0097 0100     		.2byte	0x1
 890 0099 52       		.byte	0x52
 891 009a 08000000 		.4byte	.LVL7
 892 009e 0B000000 		.4byte	.LVL8-1
 893 00a2 0100     		.2byte	0x1
 894 00a4 51       		.byte	0x51
 895 00a5 0B000000 		.4byte	.LVL8-1
 896 00a9 0E000000 		.4byte	.LFE2
 897 00ad 0400     		.2byte	0x4
 898 00af F3       		.byte	0xf3
 899 00b0 01       		.uleb128 0x1
 900 00b1 52       		.byte	0x52
 901 00b2 9F       		.byte	0x9f
 902 00b3 00000000 		.4byte	0
 903 00b7 00000000 		.4byte	0
 904              	.LLST5:
 905 00bb 00000000 		.4byte	.LVL4
 906 00bf 0B000000 		.4byte	.LVL8-1
 907 00c3 0100     		.2byte	0x1
 908 00c5 53       		.byte	0x53
 909 00c6 0B000000 		.4byte	.LVL8-1
 910 00ca 0E000000 		.4byte	.LFE2
 911 00ce 0400     		.2byte	0x4
 912 00d0 F3       		.byte	0xf3
 913 00d1 01       		.uleb128 0x1
 914 00d2 53       		.byte	0x53
 915 00d3 9F       		.byte	0x9f
 916 00d4 00000000 		.4byte	0
 917 00d8 00000000 		.4byte	0
 918              	.LLST6:
 919 00dc 00000000 		.4byte	.LVL9
 920 00e0 04000000 		.4byte	.LVL10
 921 00e4 0100     		.2byte	0x1
 922 00e6 50       		.byte	0x50
 923 00e7 04000000 		.4byte	.LVL10
 924 00eb 0E000000 		.4byte	.LFE3
 925 00ef 0400     		.2byte	0x4
 926 00f1 F3       		.byte	0xf3
ARM GAS  C:\Users\Petro\AppData\Local\Temp\ccHyQOZn.s 			page 19


 927 00f2 01       		.uleb128 0x1
 928 00f3 50       		.byte	0x50
 929 00f4 9F       		.byte	0x9f
 930 00f5 00000000 		.4byte	0
 931 00f9 00000000 		.4byte	0
 932              	.LLST7:
 933 00fd 00000000 		.4byte	.LVL9
 934 0101 06000000 		.4byte	.LVL11
 935 0105 0100     		.2byte	0x1
 936 0107 51       		.byte	0x51
 937 0108 06000000 		.4byte	.LVL11
 938 010c 0B000000 		.4byte	.LVL13-1
 939 0110 0100     		.2byte	0x1
 940 0112 50       		.byte	0x50
 941 0113 0B000000 		.4byte	.LVL13-1
 942 0117 0E000000 		.4byte	.LFE3
 943 011b 0400     		.2byte	0x4
 944 011d F3       		.byte	0xf3
 945 011e 01       		.uleb128 0x1
 946 011f 51       		.byte	0x51
 947 0120 9F       		.byte	0x9f
 948 0121 00000000 		.4byte	0
 949 0125 00000000 		.4byte	0
 950              	.LLST8:
 951 0129 00000000 		.4byte	.LVL9
 952 012d 08000000 		.4byte	.LVL12
 953 0131 0100     		.2byte	0x1
 954 0133 52       		.byte	0x52
 955 0134 08000000 		.4byte	.LVL12
 956 0138 0B000000 		.4byte	.LVL13-1
 957 013c 0100     		.2byte	0x1
 958 013e 51       		.byte	0x51
 959 013f 0B000000 		.4byte	.LVL13-1
 960 0143 0E000000 		.4byte	.LFE3
 961 0147 0400     		.2byte	0x4
 962 0149 F3       		.byte	0xf3
 963 014a 01       		.uleb128 0x1
 964 014b 52       		.byte	0x52
 965 014c 9F       		.byte	0x9f
 966 014d 00000000 		.4byte	0
 967 0151 00000000 		.4byte	0
 968              	.LLST9:
 969 0155 00000000 		.4byte	.LVL9
 970 0159 0B000000 		.4byte	.LVL13-1
 971 015d 0100     		.2byte	0x1
 972 015f 53       		.byte	0x53
 973 0160 0B000000 		.4byte	.LVL13-1
 974 0164 0E000000 		.4byte	.LFE3
 975 0168 0400     		.2byte	0x4
 976 016a F3       		.byte	0xf3
 977 016b 01       		.uleb128 0x1
 978 016c 53       		.byte	0x53
 979 016d 9F       		.byte	0x9f
 980 016e 00000000 		.4byte	0
 981 0172 00000000 		.4byte	0
 982              	.LLST10:
 983 0176 00000000 		.4byte	.LVL14
ARM GAS  C:\Users\Petro\AppData\Local\Temp\ccHyQOZn.s 			page 20


 984 017a 04000000 		.4byte	.LVL15
 985 017e 0100     		.2byte	0x1
 986 0180 50       		.byte	0x50
 987 0181 04000000 		.4byte	.LVL15
 988 0185 0C000000 		.4byte	.LFE4
 989 0189 0400     		.2byte	0x4
 990 018b F3       		.byte	0xf3
 991 018c 01       		.uleb128 0x1
 992 018d 50       		.byte	0x50
 993 018e 9F       		.byte	0x9f
 994 018f 00000000 		.4byte	0
 995 0193 00000000 		.4byte	0
 996              	.LLST11:
 997 0197 00000000 		.4byte	.LVL14
 998 019b 06000000 		.4byte	.LVL16
 999 019f 0100     		.2byte	0x1
 1000 01a1 51       		.byte	0x51
 1001 01a2 06000000 		.4byte	.LVL16
 1002 01a6 0C000000 		.4byte	.LFE4
 1003 01aa 0400     		.2byte	0x4
 1004 01ac F3       		.byte	0xf3
 1005 01ad 01       		.uleb128 0x1
 1006 01ae 51       		.byte	0x51
 1007 01af 9F       		.byte	0x9f
 1008 01b0 00000000 		.4byte	0
 1009 01b4 00000000 		.4byte	0
 1010              	.LLST12:
 1011 01b8 00000000 		.4byte	.LVL14
 1012 01bc 09000000 		.4byte	.LVL17-1
 1013 01c0 0100     		.2byte	0x1
 1014 01c2 52       		.byte	0x52
 1015 01c3 09000000 		.4byte	.LVL17-1
 1016 01c7 0C000000 		.4byte	.LFE4
 1017 01cb 0400     		.2byte	0x4
 1018 01cd F3       		.byte	0xf3
 1019 01ce 01       		.uleb128 0x1
 1020 01cf 52       		.byte	0x52
 1021 01d0 9F       		.byte	0x9f
 1022 01d1 00000000 		.4byte	0
 1023 01d5 00000000 		.4byte	0
 1024              		.section	.debug_aranges,"",%progbits
 1025 0000 44000000 		.4byte	0x44
 1026 0004 0200     		.2byte	0x2
 1027 0006 00000000 		.4byte	.Ldebug_info0
 1028 000a 04       		.byte	0x4
 1029 000b 00       		.byte	0
 1030 000c 0000     		.2byte	0
 1031 000e 0000     		.2byte	0
 1032 0010 00000000 		.4byte	.LFB0
 1033 0014 08000000 		.4byte	.LFE0-.LFB0
 1034 0018 00000000 		.4byte	.LFB1
 1035 001c 08000000 		.4byte	.LFE1-.LFB1
 1036 0020 00000000 		.4byte	.LFB2
 1037 0024 0E000000 		.4byte	.LFE2-.LFB2
 1038 0028 00000000 		.4byte	.LFB3
 1039 002c 0E000000 		.4byte	.LFE3-.LFB3
 1040 0030 00000000 		.4byte	.LFB4
ARM GAS  C:\Users\Petro\AppData\Local\Temp\ccHyQOZn.s 			page 21


 1041 0034 0C000000 		.4byte	.LFE4-.LFB4
 1042 0038 00000000 		.4byte	.LFB5
 1043 003c 08000000 		.4byte	.LFE5-.LFB5
 1044 0040 00000000 		.4byte	0
 1045 0044 00000000 		.4byte	0
 1046              		.section	.debug_ranges,"",%progbits
 1047              	.Ldebug_ranges0:
 1048 0000 00000000 		.4byte	.LFB0
 1049 0004 08000000 		.4byte	.LFE0
 1050 0008 00000000 		.4byte	.LFB1
 1051 000c 08000000 		.4byte	.LFE1
 1052 0010 00000000 		.4byte	.LFB2
 1053 0014 0E000000 		.4byte	.LFE2
 1054 0018 00000000 		.4byte	.LFB3
 1055 001c 0E000000 		.4byte	.LFE3
 1056 0020 00000000 		.4byte	.LFB4
 1057 0024 0C000000 		.4byte	.LFE4
 1058 0028 00000000 		.4byte	.LFB5
 1059 002c 08000000 		.4byte	.LFE5
 1060 0030 00000000 		.4byte	0
 1061 0034 00000000 		.4byte	0
 1062              		.section	.debug_line,"",%progbits
 1063              	.Ldebug_line0:
 1064 0000 C2000000 		.section	.debug_str,"MS",%progbits,1
 1064      02005300 
 1064      00000201 
 1064      FB0E0D00 
 1064      01010101 
 1065              	.LASF29:
 1066 0000 6D6D635F 		.ascii	"mmc_disk_write\000"
 1066      6469736B 
 1066      5F777269 
 1066      746500
 1067              	.LASF30:
 1068 000f 6D6D635F 		.ascii	"mmc_disk_ioctl\000"
 1068      6469736B 
 1068      5F696F63 
 1068      746C00
 1069              	.LASF22:
 1070 001e 73656374 		.ascii	"sector\000"
 1070      6F7200
 1071              	.LASF7:
 1072 0025 44574F52 		.ascii	"DWORD\000"
 1072      4400
 1073              	.LASF13:
 1074 002b 5245535F 		.ascii	"RES_WRPRT\000"
 1074      57525052 
 1074      5400
 1075              	.LASF2:
 1076 0035 42595445 		.ascii	"BYTE\000"
 1076      00
 1077              	.LASF35:
 1078 003a 6D6D635F 		.ascii	"mmc_disk_timerproc\000"
 1078      6469736B 
 1078      5F74696D 
 1078      65727072 
 1078      6F6300
ARM GAS  C:\Users\Petro\AppData\Local\Temp\ccHyQOZn.s 			page 22


 1079              	.LASF18:
 1080 004d 6469736B 		.ascii	"disk_initialize\000"
 1080      5F696E69 
 1080      7469616C 
 1080      697A6500 
 1081              	.LASF17:
 1082 005d 6469736B 		.ascii	"disk_status\000"
 1082      5F737461 
 1082      74757300 
 1083              	.LASF32:
 1084 0069 2E5C6469 		.ascii	".\\diskio.c\000"
 1084      736B696F 
 1084      2E6300
 1085              	.LASF8:
 1086 0074 6C6F6E67 		.ascii	"long unsigned int\000"
 1086      20756E73 
 1086      69676E65 
 1086      6420696E 
 1086      7400
 1087              	.LASF5:
 1088 0086 73686F72 		.ascii	"short unsigned int\000"
 1088      7420756E 
 1088      7369676E 
 1088      65642069 
 1088      6E7400
 1089              	.LASF21:
 1090 0099 62756666 		.ascii	"buff\000"
 1090      00
 1091              	.LASF14:
 1092 009e 5245535F 		.ascii	"RES_NOTRDY\000"
 1092      4E4F5452 
 1092      445900
 1093              	.LASF26:
 1094 00a9 6D6D635F 		.ascii	"mmc_disk_status\000"
 1094      6469736B 
 1094      5F737461 
 1094      74757300 
 1095              	.LASF10:
 1096 00b9 44535441 		.ascii	"DSTATUS\000"
 1096      54555300 
 1097              	.LASF3:
 1098 00c1 756E7369 		.ascii	"unsigned char\000"
 1098      676E6564 
 1098      20636861 
 1098      7200
 1099              	.LASF25:
 1100 00cf 6469736B 		.ascii	"disk_ioctl\000"
 1100      5F696F63 
 1100      746C00
 1101              	.LASF16:
 1102 00da 44524553 		.ascii	"DRESULT\000"
 1102      554C5400 
 1103              	.LASF0:
 1104 00e2 756E7369 		.ascii	"unsigned int\000"
 1104      676E6564 
 1104      20696E74 
 1104      00
ARM GAS  C:\Users\Petro\AppData\Local\Temp\ccHyQOZn.s 			page 23


 1105              	.LASF24:
 1106 00ef 6469736B 		.ascii	"disk_write\000"
 1106      5F777269 
 1106      746500
 1107              	.LASF9:
 1108 00fa 6C6F6E67 		.ascii	"long long unsigned int\000"
 1108      206C6F6E 
 1108      6720756E 
 1108      7369676E 
 1108      65642069 
 1109              	.LASF34:
 1110 0111 6469736B 		.ascii	"disk_timerproc\000"
 1110      5F74696D 
 1110      65727072 
 1110      6F6300
 1111              	.LASF1:
 1112 0120 55494E54 		.ascii	"UINT\000"
 1112      00
 1113              	.LASF11:
 1114 0125 5245535F 		.ascii	"RES_OK\000"
 1114      4F4B00
 1115              	.LASF31:
 1116 012c 474E5520 		.ascii	"GNU C 4.9.3 20150303 (release) [ARM/embedded-4_9-br"
 1116      4320342E 
 1116      392E3320 
 1116      32303135 
 1116      30333033 
 1117 015f 616E6368 		.ascii	"anch revision 221220] -mcpu=cortex-m0 -mthumb -g -O"
 1117      20726576 
 1117      6973696F 
 1117      6E203232 
 1117      31323230 
 1118 0192 67202D66 		.ascii	"g -ffunction-sections -ffat-lto-objects\000"
 1118      66756E63 
 1118      74696F6E 
 1118      2D736563 
 1118      74696F6E 
 1119              	.LASF23:
 1120 01ba 636F756E 		.ascii	"count\000"
 1120      7400
 1121              	.LASF27:
 1122 01c0 6D6D635F 		.ascii	"mmc_disk_initialize\000"
 1122      6469736B 
 1122      5F696E69 
 1122      7469616C 
 1122      697A6500 
 1123              	.LASF4:
 1124 01d4 73686F72 		.ascii	"short int\000"
 1124      7420696E 
 1124      7400
 1125              	.LASF12:
 1126 01de 5245535F 		.ascii	"RES_ERROR\000"
 1126      4552524F 
 1126      5200
 1127              	.LASF6:
 1128 01e8 6C6F6E67 		.ascii	"long int\000"
 1128      20696E74 
ARM GAS  C:\Users\Petro\AppData\Local\Temp\ccHyQOZn.s 			page 24


 1128      00
 1129              	.LASF28:
 1130 01f1 6D6D635F 		.ascii	"mmc_disk_read\000"
 1130      6469736B 
 1130      5F726561 
 1130      6400
 1131              	.LASF33:
 1132 01ff 443A5C43 		.ascii	"D:\\Cypress\\system-start-finish\\vesion 2\\fw\\fin"
 1132      79707265 
 1132      73735C73 
 1132      79737465 
 1132      6D2D7374 
 1133 022d 6973685C 		.ascii	"ish\\sandbox\\v2\\SD\\sd_v2_FatFs.cydsn\000"
 1133      73616E64 
 1133      626F785C 
 1133      76325C53 
 1133      445C7364 
 1134              	.LASF20:
 1135 0251 6469736B 		.ascii	"disk_read\000"
 1135      5F726561 
 1135      6400
 1136              	.LASF15:
 1137 025b 5245535F 		.ascii	"RES_PARERR\000"
 1137      50415245 
 1137      525200
 1138              	.LASF19:
 1139 0266 70647276 		.ascii	"pdrv\000"
 1139      00
 1140              		.ident	"GCC: (GNU Tools for ARM Embedded Processors) 4.9.3 20150303 (release) [ARM/embedded-4_9-br
