ARM GAS  C:\Users\Petro\AppData\Local\Temp\ccbMbmMW.s 			page 1


   1              		.cpu cortex-m0
   2              		.fpu softvfp
   3              		.eabi_attribute 20, 1
   4              		.eabi_attribute 21, 1
   5              		.eabi_attribute 23, 3
   6              		.eabi_attribute 24, 1
   7              		.eabi_attribute 25, 1
   8              		.eabi_attribute 26, 1
   9              		.eabi_attribute 30, 1
  10              		.eabi_attribute 34, 0
  11              		.eabi_attribute 18, 4
  12              		.code	16
  13              		.file	"cyfitter_cfg.c"
  14              		.text
  15              	.Ltext0:
  16              		.cfi_sections	.debug_frame
  17              		.section	.text.AnalogSetDefault,"ax",%progbits
  18              		.align	2
  19              		.code	16
  20              		.thumb_func
  21              		.type	AnalogSetDefault, %function
  22              	AnalogSetDefault:
  23              	.LFB6:
  24              		.file 1 "Generated_Source\\PSoC4\\cyfitter_cfg.c"
   1:Generated_Source\PSoC4/cyfitter_cfg.c **** /*******************************************************************************
   2:Generated_Source\PSoC4/cyfitter_cfg.c **** * File Name: cyfitter_cfg.c
   3:Generated_Source\PSoC4/cyfitter_cfg.c **** * 
   4:Generated_Source\PSoC4/cyfitter_cfg.c **** * PSoC Creator  4.0
   5:Generated_Source\PSoC4/cyfitter_cfg.c **** *
   6:Generated_Source\PSoC4/cyfitter_cfg.c **** * Description:
   7:Generated_Source\PSoC4/cyfitter_cfg.c **** * This file contains device initialization code.
   8:Generated_Source\PSoC4/cyfitter_cfg.c **** * Except for the user defined sections in CyClockStartupError(), this file should not be modified.
   9:Generated_Source\PSoC4/cyfitter_cfg.c **** * This file is automatically generated by PSoC Creator.
  10:Generated_Source\PSoC4/cyfitter_cfg.c **** *
  11:Generated_Source\PSoC4/cyfitter_cfg.c **** ********************************************************************************
  12:Generated_Source\PSoC4/cyfitter_cfg.c **** * Copyright (c) 2007-2016 Cypress Semiconductor.  All rights reserved.
  13:Generated_Source\PSoC4/cyfitter_cfg.c **** * You may use this file only in accordance with the license, terms, conditions, 
  14:Generated_Source\PSoC4/cyfitter_cfg.c **** * disclaimers, and limitations in the end user license agreement accompanying 
  15:Generated_Source\PSoC4/cyfitter_cfg.c **** * the software package with which this file was provided.
  16:Generated_Source\PSoC4/cyfitter_cfg.c **** ********************************************************************************/
  17:Generated_Source\PSoC4/cyfitter_cfg.c **** 
  18:Generated_Source\PSoC4/cyfitter_cfg.c **** #include <string.h>
  19:Generated_Source\PSoC4/cyfitter_cfg.c **** #include "cytypes.h"
  20:Generated_Source\PSoC4/cyfitter_cfg.c **** #include "cydevice_trm.h"
  21:Generated_Source\PSoC4/cyfitter_cfg.c **** #include "cyfitter.h"
  22:Generated_Source\PSoC4/cyfitter_cfg.c **** #include "CyLib.h"
  23:Generated_Source\PSoC4/cyfitter_cfg.c **** #include "CyLFClk.h"
  24:Generated_Source\PSoC4/cyfitter_cfg.c **** #include "cyfitter_cfg.h"
  25:Generated_Source\PSoC4/cyfitter_cfg.c **** #include "cyapicallbacks.h"
  26:Generated_Source\PSoC4/cyfitter_cfg.c **** 
  27:Generated_Source\PSoC4/cyfitter_cfg.c **** 
  28:Generated_Source\PSoC4/cyfitter_cfg.c **** #if defined(__GNUC__) || defined(__ARMCC_VERSION)
  29:Generated_Source\PSoC4/cyfitter_cfg.c ****     #define CYPACKED 
  30:Generated_Source\PSoC4/cyfitter_cfg.c ****     #define CYPACKED_ATTR __attribute__ ((packed))
  31:Generated_Source\PSoC4/cyfitter_cfg.c ****     #define CYALIGNED __attribute__ ((aligned))
  32:Generated_Source\PSoC4/cyfitter_cfg.c ****     #define CY_CFG_UNUSED __attribute__ ((unused))
  33:Generated_Source\PSoC4/cyfitter_cfg.c ****     #ifndef CY_CFG_SECTION
ARM GAS  C:\Users\Petro\AppData\Local\Temp\ccbMbmMW.s 			page 2


  34:Generated_Source\PSoC4/cyfitter_cfg.c ****         #define CY_CFG_SECTION __attribute__ ((section(".psocinit")))
  35:Generated_Source\PSoC4/cyfitter_cfg.c ****     #endif
  36:Generated_Source\PSoC4/cyfitter_cfg.c ****     
  37:Generated_Source\PSoC4/cyfitter_cfg.c ****     #if defined(__ARMCC_VERSION)
  38:Generated_Source\PSoC4/cyfitter_cfg.c ****         #define CY_CFG_MEMORY_BARRIER() __memory_changed()
  39:Generated_Source\PSoC4/cyfitter_cfg.c ****     #else
  40:Generated_Source\PSoC4/cyfitter_cfg.c ****         #define CY_CFG_MEMORY_BARRIER() __sync_synchronize()
  41:Generated_Source\PSoC4/cyfitter_cfg.c ****     #endif
  42:Generated_Source\PSoC4/cyfitter_cfg.c ****     
  43:Generated_Source\PSoC4/cyfitter_cfg.c **** #elif defined(__ICCARM__)
  44:Generated_Source\PSoC4/cyfitter_cfg.c ****     #include <intrinsics.h>
  45:Generated_Source\PSoC4/cyfitter_cfg.c **** 
  46:Generated_Source\PSoC4/cyfitter_cfg.c ****     #define CYPACKED __packed
  47:Generated_Source\PSoC4/cyfitter_cfg.c ****     #define CYPACKED_ATTR 
  48:Generated_Source\PSoC4/cyfitter_cfg.c ****     #define CYALIGNED _Pragma("data_alignment=4")
  49:Generated_Source\PSoC4/cyfitter_cfg.c ****     #define CY_CFG_UNUSED _Pragma("diag_suppress=Pe177")
  50:Generated_Source\PSoC4/cyfitter_cfg.c ****     #define CY_CFG_SECTION _Pragma("location=\".psocinit\"")
  51:Generated_Source\PSoC4/cyfitter_cfg.c ****     
  52:Generated_Source\PSoC4/cyfitter_cfg.c ****     #define CY_CFG_MEMORY_BARRIER() __DMB()
  53:Generated_Source\PSoC4/cyfitter_cfg.c ****     
  54:Generated_Source\PSoC4/cyfitter_cfg.c **** #else
  55:Generated_Source\PSoC4/cyfitter_cfg.c ****     #error Unsupported toolchain
  56:Generated_Source\PSoC4/cyfitter_cfg.c **** #endif
  57:Generated_Source\PSoC4/cyfitter_cfg.c **** 
  58:Generated_Source\PSoC4/cyfitter_cfg.c **** 
  59:Generated_Source\PSoC4/cyfitter_cfg.c **** CY_CFG_UNUSED
  60:Generated_Source\PSoC4/cyfitter_cfg.c **** static void CYMEMZERO(void *s, size_t n);
  61:Generated_Source\PSoC4/cyfitter_cfg.c **** CY_CFG_UNUSED
  62:Generated_Source\PSoC4/cyfitter_cfg.c **** static void CYMEMZERO(void *s, size_t n)
  63:Generated_Source\PSoC4/cyfitter_cfg.c **** {
  64:Generated_Source\PSoC4/cyfitter_cfg.c **** 	(void)memset(s, 0, n);
  65:Generated_Source\PSoC4/cyfitter_cfg.c **** }
  66:Generated_Source\PSoC4/cyfitter_cfg.c **** CY_CFG_UNUSED
  67:Generated_Source\PSoC4/cyfitter_cfg.c **** static void CYCONFIGCPY(void *dest, const void *src, size_t n);
  68:Generated_Source\PSoC4/cyfitter_cfg.c **** CY_CFG_UNUSED
  69:Generated_Source\PSoC4/cyfitter_cfg.c **** static void CYCONFIGCPY(void *dest, const void *src, size_t n)
  70:Generated_Source\PSoC4/cyfitter_cfg.c **** {
  71:Generated_Source\PSoC4/cyfitter_cfg.c **** 	(void)memcpy(dest, src, n);
  72:Generated_Source\PSoC4/cyfitter_cfg.c **** }
  73:Generated_Source\PSoC4/cyfitter_cfg.c **** CY_CFG_UNUSED
  74:Generated_Source\PSoC4/cyfitter_cfg.c **** static void CYCONFIGCPYCODE(void *dest, const void *src, size_t n);
  75:Generated_Source\PSoC4/cyfitter_cfg.c **** CY_CFG_UNUSED
  76:Generated_Source\PSoC4/cyfitter_cfg.c **** static void CYCONFIGCPYCODE(void *dest, const void *src, size_t n)
  77:Generated_Source\PSoC4/cyfitter_cfg.c **** {
  78:Generated_Source\PSoC4/cyfitter_cfg.c **** 	(void)memcpy(dest, src, n);
  79:Generated_Source\PSoC4/cyfitter_cfg.c **** }
  80:Generated_Source\PSoC4/cyfitter_cfg.c **** 
  81:Generated_Source\PSoC4/cyfitter_cfg.c **** 
  82:Generated_Source\PSoC4/cyfitter_cfg.c **** 
  83:Generated_Source\PSoC4/cyfitter_cfg.c **** 
  84:Generated_Source\PSoC4/cyfitter_cfg.c **** /* Clock startup error codes                                                   */
  85:Generated_Source\PSoC4/cyfitter_cfg.c **** #define CYCLOCKSTART_NO_ERROR    0u
  86:Generated_Source\PSoC4/cyfitter_cfg.c **** #define CYCLOCKSTART_XTAL_ERROR  1u
  87:Generated_Source\PSoC4/cyfitter_cfg.c **** #define CYCLOCKSTART_32KHZ_ERROR 2u
  88:Generated_Source\PSoC4/cyfitter_cfg.c **** #define CYCLOCKSTART_PLL_ERROR   3u
  89:Generated_Source\PSoC4/cyfitter_cfg.c **** 
  90:Generated_Source\PSoC4/cyfitter_cfg.c **** 
ARM GAS  C:\Users\Petro\AppData\Local\Temp\ccbMbmMW.s 			page 3


  91:Generated_Source\PSoC4/cyfitter_cfg.c **** #ifdef CY_NEED_CYCLOCKSTARTUPERROR
  92:Generated_Source\PSoC4/cyfitter_cfg.c **** /*******************************************************************************
  93:Generated_Source\PSoC4/cyfitter_cfg.c **** * Function Name: CyClockStartupError
  94:Generated_Source\PSoC4/cyfitter_cfg.c **** ********************************************************************************
  95:Generated_Source\PSoC4/cyfitter_cfg.c **** * Summary:
  96:Generated_Source\PSoC4/cyfitter_cfg.c **** *  If an error is encountered during clock configuration (crystal startup error,
  97:Generated_Source\PSoC4/cyfitter_cfg.c **** *  PLL lock error, etc.), the system will end up here.  Unless reimplemented by
  98:Generated_Source\PSoC4/cyfitter_cfg.c **** *  the customer, this function will stop in an infinite loop.
  99:Generated_Source\PSoC4/cyfitter_cfg.c **** *
 100:Generated_Source\PSoC4/cyfitter_cfg.c **** * Parameters:
 101:Generated_Source\PSoC4/cyfitter_cfg.c **** *   void
 102:Generated_Source\PSoC4/cyfitter_cfg.c **** *
 103:Generated_Source\PSoC4/cyfitter_cfg.c **** * Return:
 104:Generated_Source\PSoC4/cyfitter_cfg.c **** *   void
 105:Generated_Source\PSoC4/cyfitter_cfg.c **** *
 106:Generated_Source\PSoC4/cyfitter_cfg.c **** *******************************************************************************/
 107:Generated_Source\PSoC4/cyfitter_cfg.c **** CY_CFG_UNUSED
 108:Generated_Source\PSoC4/cyfitter_cfg.c **** static void CyClockStartupError(uint8 errorCode);
 109:Generated_Source\PSoC4/cyfitter_cfg.c **** CY_CFG_UNUSED
 110:Generated_Source\PSoC4/cyfitter_cfg.c **** static void CyClockStartupError(uint8 errorCode)
 111:Generated_Source\PSoC4/cyfitter_cfg.c **** {
 112:Generated_Source\PSoC4/cyfitter_cfg.c ****     /* To remove the compiler warning if errorCode not used.                */
 113:Generated_Source\PSoC4/cyfitter_cfg.c ****     errorCode = errorCode;
 114:Generated_Source\PSoC4/cyfitter_cfg.c **** 
 115:Generated_Source\PSoC4/cyfitter_cfg.c ****     /* If we have a clock startup error (bad MHz crystal, PLL lock, etc.),  */
 116:Generated_Source\PSoC4/cyfitter_cfg.c ****     /* we will end up here to allow the customer to implement something to  */
 117:Generated_Source\PSoC4/cyfitter_cfg.c ****     /* deal with the clock condition.                                       */
 118:Generated_Source\PSoC4/cyfitter_cfg.c **** 
 119:Generated_Source\PSoC4/cyfitter_cfg.c **** #ifdef CY_CFG_CLOCK_STARTUP_ERROR_CALLBACK
 120:Generated_Source\PSoC4/cyfitter_cfg.c **** 	CY_CFG_Clock_Startup_ErrorCallback();
 121:Generated_Source\PSoC4/cyfitter_cfg.c **** #else
 122:Generated_Source\PSoC4/cyfitter_cfg.c **** 	/*  If not using CY_CFG_CLOCK_STARTUP_ERROR_CALLBACK, place your clock startup code here. */
 123:Generated_Source\PSoC4/cyfitter_cfg.c ****     /* `#START CyClockStartupError` */
 124:Generated_Source\PSoC4/cyfitter_cfg.c **** 
 125:Generated_Source\PSoC4/cyfitter_cfg.c **** 
 126:Generated_Source\PSoC4/cyfitter_cfg.c **** 
 127:Generated_Source\PSoC4/cyfitter_cfg.c ****     /* `#END` */
 128:Generated_Source\PSoC4/cyfitter_cfg.c **** 
 129:Generated_Source\PSoC4/cyfitter_cfg.c ****     /* If nothing else, stop here since the clocks have not started         */
 130:Generated_Source\PSoC4/cyfitter_cfg.c ****     /* correctly.                                                           */
 131:Generated_Source\PSoC4/cyfitter_cfg.c ****     while(1) {}
 132:Generated_Source\PSoC4/cyfitter_cfg.c **** #endif /* CY_CFG_CLOCK_STARTUP_ERROR_CALLBACK */ 
 133:Generated_Source\PSoC4/cyfitter_cfg.c **** }
 134:Generated_Source\PSoC4/cyfitter_cfg.c **** #endif
 135:Generated_Source\PSoC4/cyfitter_cfg.c **** 
 136:Generated_Source\PSoC4/cyfitter_cfg.c **** 
 137:Generated_Source\PSoC4/cyfitter_cfg.c **** 
 138:Generated_Source\PSoC4/cyfitter_cfg.c **** /*******************************************************************************
 139:Generated_Source\PSoC4/cyfitter_cfg.c **** * Function Name: ClockSetup
 140:Generated_Source\PSoC4/cyfitter_cfg.c **** ********************************************************************************
 141:Generated_Source\PSoC4/cyfitter_cfg.c **** *
 142:Generated_Source\PSoC4/cyfitter_cfg.c **** * Summary:
 143:Generated_Source\PSoC4/cyfitter_cfg.c **** *   Performs the initialization of all of the clocks in the device based on the
 144:Generated_Source\PSoC4/cyfitter_cfg.c **** *   settings in the Clock tab of the DWR.  This includes enabling the requested
 145:Generated_Source\PSoC4/cyfitter_cfg.c **** *   clocks and setting the necessary dividers to produce the desired frequency. 
 146:Generated_Source\PSoC4/cyfitter_cfg.c **** *
 147:Generated_Source\PSoC4/cyfitter_cfg.c **** * Parameters:
ARM GAS  C:\Users\Petro\AppData\Local\Temp\ccbMbmMW.s 			page 4


 148:Generated_Source\PSoC4/cyfitter_cfg.c **** *   void
 149:Generated_Source\PSoC4/cyfitter_cfg.c **** *
 150:Generated_Source\PSoC4/cyfitter_cfg.c **** * Return:
 151:Generated_Source\PSoC4/cyfitter_cfg.c **** *   void
 152:Generated_Source\PSoC4/cyfitter_cfg.c **** *
 153:Generated_Source\PSoC4/cyfitter_cfg.c **** *******************************************************************************/
 154:Generated_Source\PSoC4/cyfitter_cfg.c **** static void ClockSetup(void);
 155:Generated_Source\PSoC4/cyfitter_cfg.c **** CY_CFG_SECTION
 156:Generated_Source\PSoC4/cyfitter_cfg.c **** static void ClockSetup(void)
 157:Generated_Source\PSoC4/cyfitter_cfg.c **** {
 158:Generated_Source\PSoC4/cyfitter_cfg.c **** 
 159:Generated_Source\PSoC4/cyfitter_cfg.c **** 	/* Set Flash Cycles based on max possible frequency in case a glitch occurs during ClockSetup(). *
 160:Generated_Source\PSoC4/cyfitter_cfg.c **** 	CY_SET_REG32((void CYXDATA *)(CYREG_CPUSS_FLASH_CTL), (0x0012u));
 161:Generated_Source\PSoC4/cyfitter_cfg.c **** 
 162:Generated_Source\PSoC4/cyfitter_cfg.c **** 	/* Start the WCO */
 163:Generated_Source\PSoC4/cyfitter_cfg.c **** 	CySysClkWcoStart();
 164:Generated_Source\PSoC4/cyfitter_cfg.c **** 	CyDelayCycles(12000000u); /* WCO may take up to 500ms to start */
 165:Generated_Source\PSoC4/cyfitter_cfg.c **** 	(void)CySysClkWcoSetPowerMode(CY_SYS_CLK_WCO_LPM);    /* Switch to the low power mode */
 166:Generated_Source\PSoC4/cyfitter_cfg.c **** 
 167:Generated_Source\PSoC4/cyfitter_cfg.c **** 	/* Setup and trim IMO based on desired frequency. */
 168:Generated_Source\PSoC4/cyfitter_cfg.c **** 	CySysClkWriteImoFreq(48u);
 169:Generated_Source\PSoC4/cyfitter_cfg.c **** 	/* CYDEV_CLK_ILO_CONFIG Starting address: CYDEV_CLK_ILO_CONFIG */
 170:Generated_Source\PSoC4/cyfitter_cfg.c **** 	CY_SET_XTND_REG32((void CYFAR *)(CYREG_CLK_ILO_CONFIG), 0x80000006u);
 171:Generated_Source\PSoC4/cyfitter_cfg.c **** 
 172:Generated_Source\PSoC4/cyfitter_cfg.c **** 	/* CYDEV_WDT_CONFIG Starting address: CYDEV_WDT_CONFIG */
 173:Generated_Source\PSoC4/cyfitter_cfg.c **** 	CY_SET_XTND_REG32((void CYFAR *)(CYREG_WDT_CONFIG), 0x40000000u);
 174:Generated_Source\PSoC4/cyfitter_cfg.c **** 
 175:Generated_Source\PSoC4/cyfitter_cfg.c **** 
 176:Generated_Source\PSoC4/cyfitter_cfg.c **** 	/* Enable fast start mode for XO */
 177:Generated_Source\PSoC4/cyfitter_cfg.c **** 	CY_SET_REG32((void*)CYREG_BLE_BLERD_BB_XO, CY_GET_REG32((void*)CYREG_BLE_BLERD_BB_XO) | (uint32)0x
 178:Generated_Source\PSoC4/cyfitter_cfg.c **** 	CY_SET_XTND_REG32((void CYFAR *)(CYREG_BLE_BLERD_BB_XO_CAPTRIM), 0x00003E2Du);
 179:Generated_Source\PSoC4/cyfitter_cfg.c **** 	/*Set XTAL(ECO) divider*/
 180:Generated_Source\PSoC4/cyfitter_cfg.c **** 	CY_SET_XTND_REG32((void CYFAR *)(CYREG_BLE_BLESS_XTAL_CLK_DIV_CONFIG), 0x00000000u);
 181:Generated_Source\PSoC4/cyfitter_cfg.c **** 	/* Disable Crystal Stable Interrupt before enabling ECO */
 182:Generated_Source\PSoC4/cyfitter_cfg.c **** 	CY_SET_REG32((void*)CYREG_BLE_BLESS_LL_DSM_CTRL, CY_GET_REG32((void*)CYREG_BLE_BLESS_LL_DSM_CTRL) 
 183:Generated_Source\PSoC4/cyfitter_cfg.c **** 	/* Start the ECO and do not check status since it is not needed for HFCLK */
 184:Generated_Source\PSoC4/cyfitter_cfg.c **** 	(void)CySysClkEcoStart(2000u);
 185:Generated_Source\PSoC4/cyfitter_cfg.c **** 	CyDelayUs(1500u); /* Wait to stabalize */
 186:Generated_Source\PSoC4/cyfitter_cfg.c **** 
 187:Generated_Source\PSoC4/cyfitter_cfg.c **** 	/* Setup phase aligned clocks */
 188:Generated_Source\PSoC4/cyfitter_cfg.c **** 	CY_SET_REG32((void *)CYREG_PERI_DIV_16_CTL0, 0x00000F00u);
 189:Generated_Source\PSoC4/cyfitter_cfg.c **** 	CY_SET_REG32((void *)CYREG_PERI_DIV_CMD, 0x8000FF40u);
 190:Generated_Source\PSoC4/cyfitter_cfg.c **** 
 191:Generated_Source\PSoC4/cyfitter_cfg.c **** 	/* CYDEV_CLK_IMO_CONFIG Starting address: CYDEV_CLK_IMO_CONFIG */
 192:Generated_Source\PSoC4/cyfitter_cfg.c **** 	CY_SET_XTND_REG32((void CYFAR *)(CYREG_CLK_IMO_CONFIG), 0x82000000u);
 193:Generated_Source\PSoC4/cyfitter_cfg.c **** 
 194:Generated_Source\PSoC4/cyfitter_cfg.c **** 	/* CYDEV_CLK_SELECT Starting address: CYDEV_CLK_SELECT */
 195:Generated_Source\PSoC4/cyfitter_cfg.c **** 	CY_SET_XTND_REG32((void CYFAR *)(CYREG_CLK_SELECT), 0x00040000u);
 196:Generated_Source\PSoC4/cyfitter_cfg.c **** 
 197:Generated_Source\PSoC4/cyfitter_cfg.c **** 	/* CYDEV_PERI_PCLK_CTL6 Starting address: CYDEV_PERI_PCLK_CTL6 */
 198:Generated_Source\PSoC4/cyfitter_cfg.c **** 	CY_SET_XTND_REG32((void CYFAR *)(CYREG_PERI_PCLK_CTL6), 0x00000040u);
 199:Generated_Source\PSoC4/cyfitter_cfg.c **** 
 200:Generated_Source\PSoC4/cyfitter_cfg.c **** 	(void)CyIntSetVector(8u, &CySysWdtIsr);
 201:Generated_Source\PSoC4/cyfitter_cfg.c **** 	CyIntEnable(8u);
 202:Generated_Source\PSoC4/cyfitter_cfg.c **** 	CY_SET_XTND_REG32((void CYFAR *)(CYREG_WDT_CONFIG), 0x40000000u);
 203:Generated_Source\PSoC4/cyfitter_cfg.c **** }
 204:Generated_Source\PSoC4/cyfitter_cfg.c **** 
ARM GAS  C:\Users\Petro\AppData\Local\Temp\ccbMbmMW.s 			page 5


 205:Generated_Source\PSoC4/cyfitter_cfg.c **** 
 206:Generated_Source\PSoC4/cyfitter_cfg.c **** /* Analog API Functions */
 207:Generated_Source\PSoC4/cyfitter_cfg.c **** 
 208:Generated_Source\PSoC4/cyfitter_cfg.c **** 
 209:Generated_Source\PSoC4/cyfitter_cfg.c **** /*******************************************************************************
 210:Generated_Source\PSoC4/cyfitter_cfg.c **** * Function Name: AnalogSetDefault
 211:Generated_Source\PSoC4/cyfitter_cfg.c **** ********************************************************************************
 212:Generated_Source\PSoC4/cyfitter_cfg.c **** *
 213:Generated_Source\PSoC4/cyfitter_cfg.c **** * Summary:
 214:Generated_Source\PSoC4/cyfitter_cfg.c **** *  Sets up the analog portions of the chip to default values based on chip
 215:Generated_Source\PSoC4/cyfitter_cfg.c **** *  configuration options from the project.
 216:Generated_Source\PSoC4/cyfitter_cfg.c **** *
 217:Generated_Source\PSoC4/cyfitter_cfg.c **** * Parameters:
 218:Generated_Source\PSoC4/cyfitter_cfg.c **** *  void
 219:Generated_Source\PSoC4/cyfitter_cfg.c **** *
 220:Generated_Source\PSoC4/cyfitter_cfg.c **** * Return:
 221:Generated_Source\PSoC4/cyfitter_cfg.c **** *  void
 222:Generated_Source\PSoC4/cyfitter_cfg.c **** *
 223:Generated_Source\PSoC4/cyfitter_cfg.c **** *******************************************************************************/
 224:Generated_Source\PSoC4/cyfitter_cfg.c **** static void AnalogSetDefault(void);
 225:Generated_Source\PSoC4/cyfitter_cfg.c **** static void AnalogSetDefault(void)
 226:Generated_Source\PSoC4/cyfitter_cfg.c **** {
  25              		.loc 1 226 0
  26              		.cfi_startproc
 227:Generated_Source\PSoC4/cyfitter_cfg.c **** 	CY_SET_XTND_REG32((void CYFAR *)CYREG_CTBM0_DFT_CTRL, 0x00000003u);
  27              		.loc 1 227 0
  28 0000 0323     		mov	r3, #3
  29 0002 074A     		ldr	r2, .L2
  30 0004 1360     		str	r3, [r2]
 228:Generated_Source\PSoC4/cyfitter_cfg.c **** 	CY_SET_XTND_REG32((void CYFAR *)CYREG_CTBM1_DFT_CTRL, 0x00000003u);
  31              		.loc 1 228 0
  32 0006 074A     		ldr	r2, .L2+4
  33 0008 1360     		str	r3, [r2]
 229:Generated_Source\PSoC4/cyfitter_cfg.c **** 	CY_SET_XTND_REG32((void CYFAR *)CYREG_SAR_CTRL, 0x80000000u);
  34              		.loc 1 229 0
  35 000a 8022     		mov	r2, #128
  36 000c 1206     		lsl	r2, r2, #24
  37 000e 064B     		ldr	r3, .L2+8
  38 0010 1A60     		str	r2, [r3]
 230:Generated_Source\PSoC4/cyfitter_cfg.c **** 	CY_SET_XTND_REG32((void CYFAR *)CYREG_SAR_MUX_SWITCH0, 0x00000010u);
  39              		.loc 1 230 0
  40 0012 1022     		mov	r2, #16
  41 0014 054B     		ldr	r3, .L2+12
  42 0016 1A60     		str	r2, [r3]
 231:Generated_Source\PSoC4/cyfitter_cfg.c **** 	CY_SET_XTND_REG32((void CYFAR *)CYREG_PASS_DSAB_DSAB_CTRL, 0x00000000u);
  43              		.loc 1 231 0
  44 0018 0022     		mov	r2, #0
  45 001a 054B     		ldr	r3, .L2+16
  46 001c 1A60     		str	r2, [r3]
 232:Generated_Source\PSoC4/cyfitter_cfg.c **** 	/* Variable VDDA is selected; no pumps are enabled by default */
 233:Generated_Source\PSoC4/cyfitter_cfg.c **** }
  47              		.loc 1 233 0
  48              		@ sp needed
  49 001e 7047     		bx	lr
  50              	.L3:
  51              		.align	2
  52              	.L2:
ARM GAS  C:\Users\Petro\AppData\Local\Temp\ccbMbmMW.s 			page 6


  53 0020 30003040 		.word	1076887600
  54 0024 30003140 		.word	1076953136
  55 0028 00003A40 		.word	1077542912
  56 002c 00033A40 		.word	1077543680
  57 0030 000E3F40 		.word	1077874176
  58              		.cfi_endproc
  59              	.LFE6:
  60              		.size	AnalogSetDefault, .-AnalogSetDefault
  61              		.section	.text.CYMEMZERO,"ax",%progbits
  62              		.align	2
  63              		.code	16
  64              		.thumb_func
  65              		.type	CYMEMZERO, %function
  66              	CYMEMZERO:
  67              	.LFB2:
  63:Generated_Source\PSoC4/cyfitter_cfg.c **** 	(void)memset(s, 0, n);
  68              		.loc 1 63 0
  69              		.cfi_startproc
  70              	.LVL0:
  71 0000 08B5     		push	{r3, lr}
  72              		.cfi_def_cfa_offset 8
  73              		.cfi_offset 3, -8
  74              		.cfi_offset 14, -4
  75 0002 0A1C     		mov	r2, r1
  64:Generated_Source\PSoC4/cyfitter_cfg.c **** }
  76              		.loc 1 64 0
  77 0004 0021     		mov	r1, #0
  78              	.LVL1:
  79 0006 FFF7FEFF 		bl	memset
  80              	.LVL2:
  65:Generated_Source\PSoC4/cyfitter_cfg.c **** CY_CFG_UNUSED
  81              		.loc 1 65 0
  82              		@ sp needed
  83 000a 08BD     		pop	{r3, pc}
  84              		.cfi_endproc
  85              	.LFE2:
  86              		.size	CYMEMZERO, .-CYMEMZERO
  87              		.section	.psocinit,"ax",%progbits
  88              		.align	2
  89              		.code	16
  90              		.thumb_func
  91              		.type	ClockSetup, %function
  92              	ClockSetup:
  93              	.LFB5:
 157:Generated_Source\PSoC4/cyfitter_cfg.c **** 
  94              		.loc 1 157 0
  95              		.cfi_startproc
  96 0000 38B5     		push	{r3, r4, r5, lr}
  97              		.cfi_def_cfa_offset 16
  98              		.cfi_offset 3, -16
  99              		.cfi_offset 4, -12
 100              		.cfi_offset 5, -8
 101              		.cfi_offset 14, -4
 160:Generated_Source\PSoC4/cyfitter_cfg.c **** 
 102              		.loc 1 160 0
 103 0002 1222     		mov	r2, #18
 104 0004 224B     		ldr	r3, .L6
ARM GAS  C:\Users\Petro\AppData\Local\Temp\ccbMbmMW.s 			page 7


 105 0006 1A60     		str	r2, [r3]
 163:Generated_Source\PSoC4/cyfitter_cfg.c **** 	CyDelayCycles(12000000u); /* WCO may take up to 500ms to start */
 106              		.loc 1 163 0
 107 0008 FFF7FEFF 		bl	CySysClkWcoStart
 108              	.LVL3:
 164:Generated_Source\PSoC4/cyfitter_cfg.c **** 	(void)CySysClkWcoSetPowerMode(CY_SYS_CLK_WCO_LPM);    /* Switch to the low power mode */
 109              		.loc 1 164 0
 110 000c 2148     		ldr	r0, .L6+4
 111 000e FFF7FEFF 		bl	CyDelayCycles
 112              	.LVL4:
 165:Generated_Source\PSoC4/cyfitter_cfg.c **** 
 113              		.loc 1 165 0
 114 0012 0120     		mov	r0, #1
 115 0014 FFF7FEFF 		bl	CySysClkWcoSetPowerMode
 116              	.LVL5:
 168:Generated_Source\PSoC4/cyfitter_cfg.c **** 	/* CYDEV_CLK_ILO_CONFIG Starting address: CYDEV_CLK_ILO_CONFIG */
 117              		.loc 1 168 0
 118 0018 3020     		mov	r0, #48
 119 001a FFF7FEFF 		bl	CySysClkWriteImoFreq
 120              	.LVL6:
 170:Generated_Source\PSoC4/cyfitter_cfg.c **** 
 121              		.loc 1 170 0
 122 001e 1E4A     		ldr	r2, .L6+8
 123 0020 1E4B     		ldr	r3, .L6+12
 124 0022 1A60     		str	r2, [r3]
 173:Generated_Source\PSoC4/cyfitter_cfg.c **** 
 125              		.loc 1 173 0
 126 0024 1E4C     		ldr	r4, .L6+16
 127 0026 8025     		mov	r5, #128
 128 0028 ED05     		lsl	r5, r5, #23
 129 002a 2560     		str	r5, [r4]
 177:Generated_Source\PSoC4/cyfitter_cfg.c **** 	CY_SET_XTND_REG32((void CYFAR *)(CYREG_BLE_BLERD_BB_XO_CAPTRIM), 0x00003E2Du);
 130              		.loc 1 177 0
 131 002c 1D4A     		ldr	r2, .L6+20
 132 002e 1168     		ldr	r1, [r2]
 133 0030 0223     		mov	r3, #2
 134 0032 0B43     		orr	r3, r1
 135 0034 1360     		str	r3, [r2]
 178:Generated_Source\PSoC4/cyfitter_cfg.c **** 	/*Set XTAL(ECO) divider*/
 136              		.loc 1 178 0
 137 0036 1C4A     		ldr	r2, .L6+24
 138 0038 1C4B     		ldr	r3, .L6+28
 139 003a 1A60     		str	r2, [r3]
 180:Generated_Source\PSoC4/cyfitter_cfg.c **** 	/* Disable Crystal Stable Interrupt before enabling ECO */
 140              		.loc 1 180 0
 141 003c 0022     		mov	r2, #0
 142 003e 1C4B     		ldr	r3, .L6+32
 143 0040 1A60     		str	r2, [r3]
 182:Generated_Source\PSoC4/cyfitter_cfg.c **** 	/* Start the ECO and do not check status since it is not needed for HFCLK */
 144              		.loc 1 182 0
 145 0042 1C4A     		ldr	r2, .L6+36
 146 0044 1368     		ldr	r3, [r2]
 147 0046 0821     		mov	r1, #8
 148 0048 8B43     		bic	r3, r1
 149 004a 1360     		str	r3, [r2]
 184:Generated_Source\PSoC4/cyfitter_cfg.c **** 	CyDelayUs(1500u); /* Wait to stabalize */
 150              		.loc 1 184 0
ARM GAS  C:\Users\Petro\AppData\Local\Temp\ccbMbmMW.s 			page 8


 151 004c FA20     		mov	r0, #250
 152 004e C000     		lsl	r0, r0, #3
 153 0050 FFF7FEFF 		bl	CySysClkEcoStart
 154              	.LVL7:
 185:Generated_Source\PSoC4/cyfitter_cfg.c **** 
 155              		.loc 1 185 0
 156 0054 1848     		ldr	r0, .L6+40
 157 0056 FFF7FEFF 		bl	CyDelayUs
 158              	.LVL8:
 188:Generated_Source\PSoC4/cyfitter_cfg.c **** 	CY_SET_REG32((void *)CYREG_PERI_DIV_CMD, 0x8000FF40u);
 159              		.loc 1 188 0
 160 005a F022     		mov	r2, #240
 161 005c 1201     		lsl	r2, r2, #4
 162 005e 174B     		ldr	r3, .L6+44
 163 0060 1A60     		str	r2, [r3]
 189:Generated_Source\PSoC4/cyfitter_cfg.c **** 
 164              		.loc 1 189 0
 165 0062 174A     		ldr	r2, .L6+48
 166 0064 174B     		ldr	r3, .L6+52
 167 0066 1A60     		str	r2, [r3]
 192:Generated_Source\PSoC4/cyfitter_cfg.c **** 
 168              		.loc 1 192 0
 169 0068 8222     		mov	r2, #130
 170 006a 1206     		lsl	r2, r2, #24
 171 006c 164B     		ldr	r3, .L6+56
 172 006e 1A60     		str	r2, [r3]
 195:Generated_Source\PSoC4/cyfitter_cfg.c **** 
 173              		.loc 1 195 0
 174 0070 8022     		mov	r2, #128
 175 0072 D202     		lsl	r2, r2, #11
 176 0074 154B     		ldr	r3, .L6+60
 177 0076 1A60     		str	r2, [r3]
 198:Generated_Source\PSoC4/cyfitter_cfg.c **** 
 178              		.loc 1 198 0
 179 0078 4022     		mov	r2, #64
 180 007a 154B     		ldr	r3, .L6+64
 181 007c 1A60     		str	r2, [r3]
 200:Generated_Source\PSoC4/cyfitter_cfg.c **** 	CyIntEnable(8u);
 182              		.loc 1 200 0
 183 007e 0820     		mov	r0, #8
 184 0080 1449     		ldr	r1, .L6+68
 185 0082 FFF7FEFF 		bl	CyIntSetVector
 186              	.LVL9:
 201:Generated_Source\PSoC4/cyfitter_cfg.c **** 	CY_SET_XTND_REG32((void CYFAR *)(CYREG_WDT_CONFIG), 0x40000000u);
 187              		.loc 1 201 0
 188 0086 0820     		mov	r0, #8
 189 0088 FFF7FEFF 		bl	CyIntEnable
 190              	.LVL10:
 202:Generated_Source\PSoC4/cyfitter_cfg.c **** }
 191              		.loc 1 202 0
 192 008c 2560     		str	r5, [r4]
 203:Generated_Source\PSoC4/cyfitter_cfg.c **** 
 193              		.loc 1 203 0
 194              		@ sp needed
 195 008e 38BD     		pop	{r3, r4, r5, pc}
 196              	.L7:
 197              		.align	2
ARM GAS  C:\Users\Petro\AppData\Local\Temp\ccbMbmMW.s 			page 9


 198              	.L6:
 199 0090 30001040 		.word	1074790448
 200 0094 001BB700 		.word	12000000
 201 0098 06000080 		.word	-2147483642
 202 009c 04010B40 		.word	1074462980
 203 00a0 0C020B40 		.word	1074463244
 204 00a4 78002E40 		.word	1076756600
 205 00a8 2D3E0000 		.word	15917
 206 00ac 7C002E40 		.word	1076756604
 207 00b0 64F02E40 		.word	1076818020
 208 00b4 6CF02E40 		.word	1076818028
 209 00b8 DC050000 		.word	1500
 210 00bc 00030140 		.word	1073808128
 211 00c0 40FF0080 		.word	-2147418304
 212 00c4 00000140 		.word	1073807360
 213 00c8 08010B40 		.word	1074462984
 214 00cc 00010B40 		.word	1074462976
 215 00d0 18010140 		.word	1073807640
 216 00d4 00000000 		.word	CySysWdtIsr
 217              		.cfi_endproc
 218              	.LFE5:
 219              		.size	ClockSetup, .-ClockSetup
 220              		.section	.text.SetAnalogRoutingPumps,"ax",%progbits
 221              		.align	2
 222              		.global	SetAnalogRoutingPumps
 223              		.code	16
 224              		.thumb_func
 225              		.type	SetAnalogRoutingPumps, %function
 226              	SetAnalogRoutingPumps:
 227              	.LFB7:
 234:Generated_Source\PSoC4/cyfitter_cfg.c **** 
 235:Generated_Source\PSoC4/cyfitter_cfg.c **** 
 236:Generated_Source\PSoC4/cyfitter_cfg.c **** /*******************************************************************************
 237:Generated_Source\PSoC4/cyfitter_cfg.c **** * Function Name: SetAnalogRoutingPumps
 238:Generated_Source\PSoC4/cyfitter_cfg.c **** ********************************************************************************
 239:Generated_Source\PSoC4/cyfitter_cfg.c **** *
 240:Generated_Source\PSoC4/cyfitter_cfg.c **** * Summary:
 241:Generated_Source\PSoC4/cyfitter_cfg.c **** * Enables or disables the analog pumps feeding analog routing switches.
 242:Generated_Source\PSoC4/cyfitter_cfg.c **** * Intended to be called at startup, based on the Vdda system configuration;
 243:Generated_Source\PSoC4/cyfitter_cfg.c **** * may be called during operation when the user informs us that the Vdda voltage crossed the pump th
 244:Generated_Source\PSoC4/cyfitter_cfg.c **** *
 245:Generated_Source\PSoC4/cyfitter_cfg.c **** * Parameters:
 246:Generated_Source\PSoC4/cyfitter_cfg.c **** *  enabled - 1 to enable the pumps, 0 to disable the pumps
 247:Generated_Source\PSoC4/cyfitter_cfg.c **** *
 248:Generated_Source\PSoC4/cyfitter_cfg.c **** * Return:
 249:Generated_Source\PSoC4/cyfitter_cfg.c **** *  void
 250:Generated_Source\PSoC4/cyfitter_cfg.c **** *
 251:Generated_Source\PSoC4/cyfitter_cfg.c **** *******************************************************************************/
 252:Generated_Source\PSoC4/cyfitter_cfg.c **** void SetAnalogRoutingPumps(uint8 enabled)
 253:Generated_Source\PSoC4/cyfitter_cfg.c **** {
 228              		.loc 1 253 0
 229              		.cfi_startproc
 230              	.LVL11:
 254:Generated_Source\PSoC4/cyfitter_cfg.c **** 	uint32 regValue = CY_GET_XTND_REG32((void *)(CYREG_SAR_PUMP_CTRL));
 231              		.loc 1 254 0
 232 0000 064B     		ldr	r3, .L11
 233 0002 1B68     		ldr	r3, [r3]
ARM GAS  C:\Users\Petro\AppData\Local\Temp\ccbMbmMW.s 			page 10


 234              	.LVL12:
 255:Generated_Source\PSoC4/cyfitter_cfg.c **** 	if (enabled != 0u)
 235              		.loc 1 255 0
 236 0004 0028     		cmp	r0, #0
 237 0006 03D0     		beq	.L9
 256:Generated_Source\PSoC4/cyfitter_cfg.c **** 	{
 257:Generated_Source\PSoC4/cyfitter_cfg.c **** 		regValue |= 0x80000000u;
 238              		.loc 1 257 0
 239 0008 8022     		mov	r2, #128
 240 000a 1206     		lsl	r2, r2, #24
 241 000c 1343     		orr	r3, r2
 242              	.LVL13:
 243 000e 01E0     		b	.L10
 244              	.L9:
 258:Generated_Source\PSoC4/cyfitter_cfg.c **** 	}
 259:Generated_Source\PSoC4/cyfitter_cfg.c **** 	else
 260:Generated_Source\PSoC4/cyfitter_cfg.c **** 	{
 261:Generated_Source\PSoC4/cyfitter_cfg.c **** 		regValue &= ~0x80000000u;
 245              		.loc 1 261 0
 246 0010 5B00     		lsl	r3, r3, #1
 247              	.LVL14:
 248 0012 5B08     		lsr	r3, r3, #1
 249              	.LVL15:
 250              	.L10:
 262:Generated_Source\PSoC4/cyfitter_cfg.c **** 	}
 263:Generated_Source\PSoC4/cyfitter_cfg.c **** 	CY_SET_XTND_REG32((void *)(CYREG_SAR_PUMP_CTRL), regValue);
 251              		.loc 1 263 0
 252 0014 014A     		ldr	r2, .L11
 253 0016 1360     		str	r3, [r2]
 264:Generated_Source\PSoC4/cyfitter_cfg.c **** }
 254              		.loc 1 264 0
 255              		@ sp needed
 256 0018 7047     		bx	lr
 257              	.L12:
 258 001a C046     		.align	2
 259              	.L11:
 260 001c 80033A40 		.word	1077543808
 261              		.cfi_endproc
 262              	.LFE7:
 263              		.size	SetAnalogRoutingPumps, .-SetAnalogRoutingPumps
 264              		.section	.psocinit
 265              		.align	2
 266              		.global	cyfitter_cfg
 267              		.code	16
 268              		.thumb_func
 269              		.type	cyfitter_cfg, %function
 270              	cyfitter_cfg:
 271              	.LFB8:
 265:Generated_Source\PSoC4/cyfitter_cfg.c **** 
 266:Generated_Source\PSoC4/cyfitter_cfg.c **** #define CY_AMUX_UNUSED CYREG_CM0_ROM_DWT
 267:Generated_Source\PSoC4/cyfitter_cfg.c **** 
 268:Generated_Source\PSoC4/cyfitter_cfg.c **** 
 269:Generated_Source\PSoC4/cyfitter_cfg.c **** /*******************************************************************************
 270:Generated_Source\PSoC4/cyfitter_cfg.c **** * Function Name: cyfitter_cfg
 271:Generated_Source\PSoC4/cyfitter_cfg.c **** ********************************************************************************
 272:Generated_Source\PSoC4/cyfitter_cfg.c **** * Summary:
 273:Generated_Source\PSoC4/cyfitter_cfg.c **** *  This function is called by the start-up code for the selected device. It
ARM GAS  C:\Users\Petro\AppData\Local\Temp\ccbMbmMW.s 			page 11


 274:Generated_Source\PSoC4/cyfitter_cfg.c **** *  performs all of the necessary device configuration based on the design
 275:Generated_Source\PSoC4/cyfitter_cfg.c **** *  settings.  This includes settings from the Design Wide Resources (DWR) such
 276:Generated_Source\PSoC4/cyfitter_cfg.c **** *  as Clocks and Pins as well as any component configuration that is necessary.
 277:Generated_Source\PSoC4/cyfitter_cfg.c **** *
 278:Generated_Source\PSoC4/cyfitter_cfg.c **** * Parameters:  
 279:Generated_Source\PSoC4/cyfitter_cfg.c **** *   void
 280:Generated_Source\PSoC4/cyfitter_cfg.c **** *
 281:Generated_Source\PSoC4/cyfitter_cfg.c **** * Return:
 282:Generated_Source\PSoC4/cyfitter_cfg.c **** *   void
 283:Generated_Source\PSoC4/cyfitter_cfg.c **** *
 284:Generated_Source\PSoC4/cyfitter_cfg.c **** *******************************************************************************/
 285:Generated_Source\PSoC4/cyfitter_cfg.c **** CY_CFG_SECTION
 286:Generated_Source\PSoC4/cyfitter_cfg.c **** void cyfitter_cfg(void)
 287:Generated_Source\PSoC4/cyfitter_cfg.c **** {
 272              		.loc 1 287 0
 273              		.cfi_startproc
 274 00d8 10B5     		push	{r4, lr}
 275              		.cfi_def_cfa_offset 8
 276              		.cfi_offset 4, -8
 277              		.cfi_offset 14, -4
 288:Generated_Source\PSoC4/cyfitter_cfg.c **** 	/* Disable interrupts by default. Let user enable if/when they want. */
 289:Generated_Source\PSoC4/cyfitter_cfg.c **** 	CyGlobalIntDisable;
 278              		.loc 1 289 0
 279              	@ 289 "Generated_Source\PSoC4\cyfitter_cfg.c" 1
 280 00da 72B6     		CPSID   i
 281              	@ 0 "" 2
 290:Generated_Source\PSoC4/cyfitter_cfg.c **** 
 291:Generated_Source\PSoC4/cyfitter_cfg.c **** 	CY_SET_XTND_REG32((void CYFAR *)(CYREG_BLE_BLESS_LL_DSM_CTRL), 0x00000000u);
 282              		.loc 1 291 0
 283              		.code	16
 284 00dc 0022     		mov	r2, #0
 285 00de 224B     		ldr	r3, .L16
 286 00e0 1A60     		str	r2, [r3]
 287              	.LVL16:
 288              	.LBB2:
 292:Generated_Source\PSoC4/cyfitter_cfg.c **** 
 293:Generated_Source\PSoC4/cyfitter_cfg.c **** 	{
 294:Generated_Source\PSoC4/cyfitter_cfg.c **** 
 295:Generated_Source\PSoC4/cyfitter_cfg.c **** 		CYPACKED typedef struct {
 296:Generated_Source\PSoC4/cyfitter_cfg.c **** 			void CYFAR *address;
 297:Generated_Source\PSoC4/cyfitter_cfg.c **** 			uint16 size;
 298:Generated_Source\PSoC4/cyfitter_cfg.c **** 		} CYPACKED_ATTR cfg_memset_t;
 299:Generated_Source\PSoC4/cyfitter_cfg.c **** 
 300:Generated_Source\PSoC4/cyfitter_cfg.c **** 		static const cfg_memset_t CYCODE cfg_memset_list [] = {
 301:Generated_Source\PSoC4/cyfitter_cfg.c **** 			/* address, size */
 302:Generated_Source\PSoC4/cyfitter_cfg.c **** 			{(void CYFAR *)(CYDEV_UDB_P0_U0_BASE), 1024u},
 303:Generated_Source\PSoC4/cyfitter_cfg.c **** 			{(void CYFAR *)(CYDEV_UDB_DSI0_BASE), 1024u},
 304:Generated_Source\PSoC4/cyfitter_cfg.c **** 		};
 305:Generated_Source\PSoC4/cyfitter_cfg.c **** 
 306:Generated_Source\PSoC4/cyfitter_cfg.c **** 		uint8 CYDATA i;
 307:Generated_Source\PSoC4/cyfitter_cfg.c **** 
 308:Generated_Source\PSoC4/cyfitter_cfg.c **** 		/* Zero out critical memory blocks before beginning configuration */
 309:Generated_Source\PSoC4/cyfitter_cfg.c **** 		for (i = 0u; i < (sizeof(cfg_memset_list)/sizeof(cfg_memset_list[0])); i++)
 289              		.loc 1 309 0
 290 00e2 0024     		mov	r4, #0
 291 00e4 10E0     		b	.L14
 292              	.LVL17:
ARM GAS  C:\Users\Petro\AppData\Local\Temp\ccbMbmMW.s 			page 12


 293              	.L15:
 294              	.LBB3:
 310:Generated_Source\PSoC4/cyfitter_cfg.c **** 		{
 311:Generated_Source\PSoC4/cyfitter_cfg.c **** 			const cfg_memset_t CYCODE * CYDATA ms = &cfg_memset_list[i];
 312:Generated_Source\PSoC4/cyfitter_cfg.c **** 			CYMEMZERO(ms->address, (size_t)(uint32)(ms->size));
 295              		.loc 1 312 0 discriminator 3
 296 00e6 2148     		ldr	r0, .L16+4
 297 00e8 6300     		lsl	r3, r4, #1
 298 00ea 1A19     		add	r2, r3, r4
 299 00ec 5200     		lsl	r2, r2, #1
 300 00ee 8218     		add	r2, r0, r2
 301 00f0 9188     		ldrh	r1, [r2, #4]
 302 00f2 1B19     		add	r3, r3, r4
 303 00f4 5B00     		lsl	r3, r3, #1
 304 00f6 1A5A     		ldrh	r2, [r3, r0]
 305 00f8 C318     		add	r3, r0, r3
 306 00fa 5888     		ldrh	r0, [r3, #2]
 307 00fc 0004     		lsl	r0, r0, #16
 308 00fe 1043     		orr	r0, r2
 309 0100 FFF7FEFF 		bl	CYMEMZERO
 310              	.LVL18:
 311              	.LBE3:
 309:Generated_Source\PSoC4/cyfitter_cfg.c **** 		{
 312              		.loc 1 309 0 discriminator 3
 313 0104 0134     		add	r4, r4, #1
 314              	.LVL19:
 315 0106 E4B2     		uxtb	r4, r4
 316              	.LVL20:
 317              	.L14:
 309:Generated_Source\PSoC4/cyfitter_cfg.c **** 		{
 318              		.loc 1 309 0 is_stmt 0 discriminator 1
 319 0108 012C     		cmp	r4, #1
 320 010a ECD9     		bls	.L15
 313:Generated_Source\PSoC4/cyfitter_cfg.c **** 		}
 314:Generated_Source\PSoC4/cyfitter_cfg.c **** 
 315:Generated_Source\PSoC4/cyfitter_cfg.c **** 		/* HSIOM Starting address: CYDEV_HSIOM_BASE */
 316:Generated_Source\PSoC4/cyfitter_cfg.c **** 		CY_SET_XTND_REG32((void CYFAR *)(CYDEV_HSIOM_BASE), 0xEE000000u);
 321              		.loc 1 316 0 is_stmt 1
 322 010c EE22     		mov	r2, #238
 323 010e 1206     		lsl	r2, r2, #24
 324 0110 174B     		ldr	r3, .L16+8
 325 0112 1A60     		str	r2, [r3]
 317:Generated_Source\PSoC4/cyfitter_cfg.c **** 
 318:Generated_Source\PSoC4/cyfitter_cfg.c **** 		/* UDB_PA_0 Starting address: CYDEV_UDB_PA0_BASE */
 319:Generated_Source\PSoC4/cyfitter_cfg.c **** 		CY_SET_XTND_REG32((void CYFAR *)(CYDEV_UDB_PA0_BASE), 0x00990000u);
 326              		.loc 1 319 0
 327 0114 9923     		mov	r3, #153
 328 0116 1B04     		lsl	r3, r3, #16
 329 0118 164A     		ldr	r2, .L16+12
 330 011a 1360     		str	r3, [r2]
 320:Generated_Source\PSoC4/cyfitter_cfg.c **** 
 321:Generated_Source\PSoC4/cyfitter_cfg.c **** 		/* UDB_PA_1 Starting address: CYDEV_UDB_PA1_BASE */
 322:Generated_Source\PSoC4/cyfitter_cfg.c **** 		CY_SET_XTND_REG32((void CYFAR *)(CYDEV_UDB_PA1_BASE), 0x00990000u);
 331              		.loc 1 322 0
 332 011c 164A     		ldr	r2, .L16+16
 333 011e 1360     		str	r3, [r2]
 323:Generated_Source\PSoC4/cyfitter_cfg.c **** 
ARM GAS  C:\Users\Petro\AppData\Local\Temp\ccbMbmMW.s 			page 13


 324:Generated_Source\PSoC4/cyfitter_cfg.c **** 		/* UDB_PA_3 Starting address: CYDEV_UDB_PA3_BASE */
 325:Generated_Source\PSoC4/cyfitter_cfg.c **** 		CY_SET_XTND_REG32((void CYFAR *)(CYDEV_UDB_PA3_BASE), 0x00990000u);
 334              		.loc 1 325 0
 335 0120 164A     		ldr	r2, .L16+20
 336 0122 1360     		str	r3, [r2]
 326:Generated_Source\PSoC4/cyfitter_cfg.c **** 
 327:Generated_Source\PSoC4/cyfitter_cfg.c **** 		/* Enable digital routing */
 328:Generated_Source\PSoC4/cyfitter_cfg.c **** 		CY_SET_XTND_REG8((void *)CYREG_UDB_UDBIF_BANK_CTL, CY_GET_XTND_REG8((void *)CYREG_UDB_UDBIF_BANK_
 337              		.loc 1 328 0
 338 0124 164B     		ldr	r3, .L16+24
 339 0126 1978     		ldrb	r1, [r3]
 340 0128 0222     		mov	r2, #2
 341 012a 0A43     		orr	r2, r1
 342 012c 1A70     		strb	r2, [r3]
 329:Generated_Source\PSoC4/cyfitter_cfg.c **** 
 330:Generated_Source\PSoC4/cyfitter_cfg.c **** 		/* Enable UDB array */
 331:Generated_Source\PSoC4/cyfitter_cfg.c **** 		CY_SET_XTND_REG8((void *)CYREG_UDB_UDBIF_WAIT_CFG, (uint8)((CY_GET_XTND_REG8((void *)CYREG_UDB_UD
 343              		.loc 1 331 0
 344 012e 1548     		ldr	r0, .L16+28
 345 0130 0278     		ldrb	r2, [r0]
 346 0132 3C21     		mov	r1, #60
 347 0134 8A43     		bic	r2, r1
 348 0136 2839     		sub	r1, r1, #40
 349 0138 0A43     		orr	r2, r1
 350 013a 0270     		strb	r2, [r0]
 332:Generated_Source\PSoC4/cyfitter_cfg.c **** 		CY_SET_XTND_REG8((void *)CYREG_UDB_UDBIF_BANK_CTL, (uint8)(CY_GET_XTND_REG8((void *)CYREG_UDB_UDB
 351              		.loc 1 332 0
 352 013c 1978     		ldrb	r1, [r3]
 353 013e 1622     		mov	r2, #22
 354 0140 0A43     		orr	r2, r1
 355 0142 1A70     		strb	r2, [r3]
 356              	.LBE2:
 333:Generated_Source\PSoC4/cyfitter_cfg.c **** 	}
 334:Generated_Source\PSoC4/cyfitter_cfg.c **** 
 335:Generated_Source\PSoC4/cyfitter_cfg.c **** 	/* Perform second pass device configuration. These items must be configured in specific order afte
 336:Generated_Source\PSoC4/cyfitter_cfg.c **** 	/* IOPINS0_0 Starting address: CYDEV_GPIO_PRT0_BASE */
 337:Generated_Source\PSoC4/cyfitter_cfg.c **** 	CY_SET_XTND_REG32((void CYFAR *)(CYREG_GPIO_PRT0_PC), 0x00D80000u);
 357              		.loc 1 337 0
 358 0144 D822     		mov	r2, #216
 359 0146 1204     		lsl	r2, r2, #16
 360 0148 0F4B     		ldr	r3, .L16+32
 361 014a 1A60     		str	r2, [r3]
 338:Generated_Source\PSoC4/cyfitter_cfg.c **** 
 339:Generated_Source\PSoC4/cyfitter_cfg.c **** 	/* IOPINS0_1 Starting address: CYDEV_GPIO_PRT1_BASE */
 340:Generated_Source\PSoC4/cyfitter_cfg.c **** 	CY_SET_XTND_REG32((void CYFAR *)(CYREG_GPIO_PRT1_PC), 0x001B6DB6u);
 362              		.loc 1 340 0
 363 014c 0F4A     		ldr	r2, .L16+36
 364 014e 104B     		ldr	r3, .L16+40
 365 0150 1A60     		str	r2, [r3]
 341:Generated_Source\PSoC4/cyfitter_cfg.c **** 
 342:Generated_Source\PSoC4/cyfitter_cfg.c **** 	/* IOPINS0_3 Starting address: CYDEV_GPIO_PRT3_BASE */
 343:Generated_Source\PSoC4/cyfitter_cfg.c **** 	CY_SET_XTND_REG32((void CYFAR *)(CYDEV_GPIO_PRT3_BASE), 0x00000010u);
 366              		.loc 1 343 0
 367 0152 1023     		mov	r3, #16
 368 0154 0F4A     		ldr	r2, .L16+44
 369 0156 1360     		str	r3, [r2]
 344:Generated_Source\PSoC4/cyfitter_cfg.c **** 	CY_SET_XTND_REG32((void CYFAR *)(CYREG_GPIO_PRT3_PC2), 0x00000010u);
ARM GAS  C:\Users\Petro\AppData\Local\Temp\ccbMbmMW.s 			page 14


 370              		.loc 1 344 0
 371 0158 0F4A     		ldr	r2, .L16+48
 372 015a 1360     		str	r3, [r2]
 345:Generated_Source\PSoC4/cyfitter_cfg.c **** 
 346:Generated_Source\PSoC4/cyfitter_cfg.c **** 
 347:Generated_Source\PSoC4/cyfitter_cfg.c **** 	/* Setup clocks based on selections from Clock DWR */
 348:Generated_Source\PSoC4/cyfitter_cfg.c **** 	ClockSetup();
 373              		.loc 1 348 0
 374 015c FFF750FF 		bl	ClockSetup
 375              	.LVL21:
 349:Generated_Source\PSoC4/cyfitter_cfg.c **** 
 350:Generated_Source\PSoC4/cyfitter_cfg.c **** 	/* Perform basic analog initialization to defaults */
 351:Generated_Source\PSoC4/cyfitter_cfg.c **** 	AnalogSetDefault();
 376              		.loc 1 351 0
 377 0160 FFF7FEFF 		bl	AnalogSetDefault
 378              	.LVL22:
 352:Generated_Source\PSoC4/cyfitter_cfg.c **** 
 353:Generated_Source\PSoC4/cyfitter_cfg.c **** }
 379              		.loc 1 353 0
 380              		@ sp needed
 381              	.LVL23:
 382 0164 10BD     		pop	{r4, pc}
 383              	.L17:
 384 0166 C046     		.align	2
 385              	.L16:
 386 0168 6CF02E40 		.word	1076818028
 387 016c 00000000 		.word	.LANCHOR0
 388 0170 00000240 		.word	1073872896
 389 0174 00500F40 		.word	1074745344
 390 0178 10500F40 		.word	1074745360
 391 017c 30500F40 		.word	1074745392
 392 0180 00700F40 		.word	1074753536
 393 0184 01700F40 		.word	1074753537
 394 0188 08000440 		.word	1074003976
 395 018c B66D1B00 		.word	1797558
 396 0190 08010440 		.word	1074004232
 397 0194 00030440 		.word	1074004736
 398 0198 18030440 		.word	1074004760
 399              		.cfi_endproc
 400              	.LFE8:
 401              		.size	cyfitter_cfg, .-cyfitter_cfg
 402              		.section	.rodata
 403              		.align	2
 404              		.set	.LANCHOR0,. + 0
 405              		.type	cfg_memset_list.4768, %object
 406              		.size	cfg_memset_list.4768, 12
 407              	cfg_memset_list.4768:
 408 0000 00300F40 		.word	1074737152
 409 0004 0004     		.short	1024
 410 0006 00400F40 		.4byte	1074741248
 411 000a 0004     		.short	1024
 412              		.text
 413              	.Letext0:
 414              		.file 2 "c:\\program files (x86)\\cypress\\psoc creator\\4.0\\psoc creator\\import\\gnu\\arm\\4.9.
 415              		.file 3 "Generated_Source\\PSoC4\\cytypes.h"
 416              		.file 4 "Generated_Source\\PSoC4\\CyLib.h"
 417              		.file 5 "Generated_Source\\PSoC4\\CyLFClk.h"
ARM GAS  C:\Users\Petro\AppData\Local\Temp\ccbMbmMW.s 			page 15


 418              		.section	.debug_info,"",%progbits
 419              	.Ldebug_info0:
 420 0000 A0030000 		.4byte	0x3a0
 421 0004 0400     		.2byte	0x4
 422 0006 00000000 		.4byte	.Ldebug_abbrev0
 423 000a 04       		.byte	0x4
 424 000b 01       		.uleb128 0x1
 425 000c 10020000 		.4byte	.LASF38
 426 0010 01       		.byte	0x1
 427 0011 DA020000 		.4byte	.LASF39
 428 0015 91000000 		.4byte	.LASF40
 429 0019 00000000 		.4byte	.Ldebug_ranges0+0
 430 001d 00000000 		.4byte	0
 431 0021 00000000 		.4byte	.Ldebug_line0
 432 0025 02       		.uleb128 0x2
 433 0026 04       		.byte	0x4
 434 0027 05       		.byte	0x5
 435 0028 696E7400 		.ascii	"int\000"
 436 002c 03       		.uleb128 0x3
 437 002d 14000000 		.4byte	.LASF11
 438 0031 02       		.byte	0x2
 439 0032 D4       		.byte	0xd4
 440 0033 37000000 		.4byte	0x37
 441 0037 04       		.uleb128 0x4
 442 0038 04       		.byte	0x4
 443 0039 07       		.byte	0x7
 444 003a 86010000 		.4byte	.LASF0
 445 003e 04       		.uleb128 0x4
 446 003f 01       		.byte	0x1
 447 0040 06       		.byte	0x6
 448 0041 CE020000 		.4byte	.LASF1
 449 0045 04       		.uleb128 0x4
 450 0046 01       		.byte	0x1
 451 0047 08       		.byte	0x8
 452 0048 47010000 		.4byte	.LASF2
 453 004c 04       		.uleb128 0x4
 454 004d 02       		.byte	0x2
 455 004e 05       		.byte	0x5
 456 004f A6020000 		.4byte	.LASF3
 457 0053 04       		.uleb128 0x4
 458 0054 02       		.byte	0x2
 459 0055 07       		.byte	0x7
 460 0056 56000000 		.4byte	.LASF4
 461 005a 04       		.uleb128 0x4
 462 005b 04       		.byte	0x4
 463 005c 05       		.byte	0x5
 464 005d C5020000 		.4byte	.LASF5
 465 0061 04       		.uleb128 0x4
 466 0062 04       		.byte	0x4
 467 0063 07       		.byte	0x7
 468 0064 FE000000 		.4byte	.LASF6
 469 0068 04       		.uleb128 0x4
 470 0069 08       		.byte	0x8
 471 006a 05       		.byte	0x5
 472 006b E2010000 		.4byte	.LASF7
 473 006f 04       		.uleb128 0x4
 474 0070 08       		.byte	0x8
ARM GAS  C:\Users\Petro\AppData\Local\Temp\ccbMbmMW.s 			page 16


 475 0071 07       		.byte	0x7
 476 0072 A8010000 		.4byte	.LASF8
 477 0076 04       		.uleb128 0x4
 478 0077 04       		.byte	0x4
 479 0078 07       		.byte	0x7
 480 0079 D9010000 		.4byte	.LASF9
 481 007d 05       		.uleb128 0x5
 482 007e 04       		.byte	0x4
 483 007f 06       		.uleb128 0x6
 484 0080 04       		.byte	0x4
 485 0081 85000000 		.4byte	0x85
 486 0085 07       		.uleb128 0x7
 487 0086 04       		.uleb128 0x4
 488 0087 01       		.byte	0x1
 489 0088 08       		.byte	0x8
 490 0089 FA010000 		.4byte	.LASF10
 491 008d 08       		.uleb128 0x8
 492 008e 10010000 		.4byte	.LASF12
 493 0092 03       		.byte	0x3
 494 0093 B901     		.2byte	0x1b9
 495 0095 45000000 		.4byte	0x45
 496 0099 08       		.uleb128 0x8
 497 009a 6F010000 		.4byte	.LASF13
 498 009e 03       		.byte	0x3
 499 009f BA01     		.2byte	0x1ba
 500 00a1 53000000 		.4byte	0x53
 501 00a5 08       		.uleb128 0x8
 502 00a6 7F010000 		.4byte	.LASF14
 503 00aa 03       		.byte	0x3
 504 00ab BB01     		.2byte	0x1bb
 505 00ad 61000000 		.4byte	0x61
 506 00b1 04       		.uleb128 0x4
 507 00b2 04       		.byte	0x4
 508 00b3 04       		.byte	0x4
 509 00b4 69000000 		.4byte	.LASF15
 510 00b8 04       		.uleb128 0x4
 511 00b9 08       		.byte	0x8
 512 00ba 04       		.byte	0x4
 513 00bb 5C010000 		.4byte	.LASF16
 514 00bf 08       		.uleb128 0x8
 515 00c0 76010000 		.4byte	.LASF17
 516 00c4 03       		.byte	0x3
 517 00c5 5B02     		.2byte	0x25b
 518 00c7 61000000 		.4byte	0x61
 519 00cb 08       		.uleb128 0x8
 520 00cc 8C000000 		.4byte	.LASF18
 521 00d0 03       		.byte	0x3
 522 00d1 6302     		.2byte	0x263
 523 00d3 D7000000 		.4byte	0xd7
 524 00d7 09       		.uleb128 0x9
 525 00d8 8D000000 		.4byte	0x8d
 526 00dc 08       		.uleb128 0x8
 527 00dd 0E000000 		.4byte	.LASF19
 528 00e1 03       		.byte	0x3
 529 00e2 6502     		.2byte	0x265
 530 00e4 E8000000 		.4byte	0xe8
 531 00e8 09       		.uleb128 0x9
ARM GAS  C:\Users\Petro\AppData\Local\Temp\ccbMbmMW.s 			page 17


 532 00e9 A5000000 		.4byte	0xa5
 533 00ed 08       		.uleb128 0x8
 534 00ee BF010000 		.4byte	.LASF20
 535 00f2 03       		.byte	0x3
 536 00f3 7502     		.2byte	0x275
 537 00f5 7F000000 		.4byte	0x7f
 538 00f9 0A       		.uleb128 0xa
 539 00fa 1B000000 		.4byte	.LASF41
 540 00fe 01       		.byte	0x1
 541 00ff E1       		.byte	0xe1
 542 0100 00000000 		.4byte	.LFB6
 543 0104 34000000 		.4byte	.LFE6-.LFB6
 544 0108 01       		.uleb128 0x1
 545 0109 9C       		.byte	0x9c
 546 010a 0B       		.uleb128 0xb
 547 010b 27010000 		.4byte	.LASF21
 548 010f 01       		.byte	0x1
 549 0110 3E       		.byte	0x3e
 550 0111 00000000 		.4byte	.LFB2
 551 0115 0C000000 		.4byte	.LFE2-.LFB2
 552 0119 01       		.uleb128 0x1
 553 011a 9C       		.byte	0x9c
 554 011b 57010000 		.4byte	0x157
 555 011f 0C       		.uleb128 0xc
 556 0120 7300     		.ascii	"s\000"
 557 0122 01       		.byte	0x1
 558 0123 3E       		.byte	0x3e
 559 0124 7D000000 		.4byte	0x7d
 560 0128 00000000 		.4byte	.LLST0
 561 012c 0C       		.uleb128 0xc
 562 012d 6E00     		.ascii	"n\000"
 563 012f 01       		.byte	0x1
 564 0130 3E       		.byte	0x3e
 565 0131 2C000000 		.4byte	0x2c
 566 0135 21000000 		.4byte	.LLST1
 567 0139 0D       		.uleb128 0xd
 568 013a 0A000000 		.4byte	.LVL2
 569 013e FB020000 		.4byte	0x2fb
 570 0142 0E       		.uleb128 0xe
 571 0143 01       		.uleb128 0x1
 572 0144 52       		.byte	0x52
 573 0145 03       		.uleb128 0x3
 574 0146 F3       		.byte	0xf3
 575 0147 01       		.uleb128 0x1
 576 0148 51       		.byte	0x51
 577 0149 0E       		.uleb128 0xe
 578 014a 01       		.uleb128 0x1
 579 014b 51       		.byte	0x51
 580 014c 01       		.uleb128 0x1
 581 014d 30       		.byte	0x30
 582 014e 0E       		.uleb128 0xe
 583 014f 01       		.uleb128 0x1
 584 0150 50       		.byte	0x50
 585 0151 03       		.uleb128 0x3
 586 0152 F3       		.byte	0xf3
 587 0153 01       		.uleb128 0x1
 588 0154 50       		.byte	0x50
ARM GAS  C:\Users\Petro\AppData\Local\Temp\ccbMbmMW.s 			page 18


 589 0155 00       		.byte	0
 590 0156 00       		.byte	0
 591 0157 0B       		.uleb128 0xb
 592 0158 4B000000 		.4byte	.LASF22
 593 015c 01       		.byte	0x1
 594 015d 9C       		.byte	0x9c
 595 015e 00000000 		.4byte	.LFB5
 596 0162 D8000000 		.4byte	.LFE5-.LFB5
 597 0166 01       		.uleb128 0x1
 598 0167 9C       		.byte	0x9c
 599 0168 00020000 		.4byte	0x200
 600 016c 0F       		.uleb128 0xf
 601 016d 0C000000 		.4byte	.LVL3
 602 0171 18030000 		.4byte	0x318
 603 0175 10       		.uleb128 0x10
 604 0176 12000000 		.4byte	.LVL4
 605 017a 1F030000 		.4byte	0x31f
 606 017e 8C010000 		.4byte	0x18c
 607 0182 0E       		.uleb128 0xe
 608 0183 01       		.uleb128 0x1
 609 0184 50       		.byte	0x50
 610 0185 05       		.uleb128 0x5
 611 0186 0C       		.byte	0xc
 612 0187 001BB700 		.4byte	0xb71b00
 613 018b 00       		.byte	0
 614 018c 10       		.uleb128 0x10
 615 018d 18000000 		.4byte	.LVL5
 616 0191 30030000 		.4byte	0x330
 617 0195 9F010000 		.4byte	0x19f
 618 0199 0E       		.uleb128 0xe
 619 019a 01       		.uleb128 0x1
 620 019b 50       		.byte	0x50
 621 019c 01       		.uleb128 0x1
 622 019d 31       		.byte	0x31
 623 019e 00       		.byte	0
 624 019f 10       		.uleb128 0x10
 625 01a0 1E000000 		.4byte	.LVL6
 626 01a4 45030000 		.4byte	0x345
 627 01a8 B3010000 		.4byte	0x1b3
 628 01ac 0E       		.uleb128 0xe
 629 01ad 01       		.uleb128 0x1
 630 01ae 50       		.byte	0x50
 631 01af 02       		.uleb128 0x2
 632 01b0 08       		.byte	0x8
 633 01b1 30       		.byte	0x30
 634 01b2 00       		.byte	0
 635 01b3 10       		.uleb128 0x10
 636 01b4 54000000 		.4byte	.LVL7
 637 01b8 56030000 		.4byte	0x356
 638 01bc C8010000 		.4byte	0x1c8
 639 01c0 0E       		.uleb128 0xe
 640 01c1 01       		.uleb128 0x1
 641 01c2 50       		.byte	0x50
 642 01c3 03       		.uleb128 0x3
 643 01c4 0A       		.byte	0xa
 644 01c5 D007     		.2byte	0x7d0
 645 01c7 00       		.byte	0
ARM GAS  C:\Users\Petro\AppData\Local\Temp\ccbMbmMW.s 			page 19


 646 01c8 10       		.uleb128 0x10
 647 01c9 5A000000 		.4byte	.LVL8
 648 01cd 6B030000 		.4byte	0x36b
 649 01d1 DD010000 		.4byte	0x1dd
 650 01d5 0E       		.uleb128 0xe
 651 01d6 01       		.uleb128 0x1
 652 01d7 50       		.byte	0x50
 653 01d8 03       		.uleb128 0x3
 654 01d9 0A       		.byte	0xa
 655 01da DC05     		.2byte	0x5dc
 656 01dc 00       		.byte	0
 657 01dd 10       		.uleb128 0x10
 658 01de 86000000 		.4byte	.LVL9
 659 01e2 7C030000 		.4byte	0x37c
 660 01e6 F0010000 		.4byte	0x1f0
 661 01ea 0E       		.uleb128 0xe
 662 01eb 01       		.uleb128 0x1
 663 01ec 50       		.byte	0x50
 664 01ed 01       		.uleb128 0x1
 665 01ee 38       		.byte	0x38
 666 01ef 00       		.byte	0
 667 01f0 0D       		.uleb128 0xd
 668 01f1 8C000000 		.4byte	.LVL10
 669 01f5 96030000 		.4byte	0x396
 670 01f9 0E       		.uleb128 0xe
 671 01fa 01       		.uleb128 0x1
 672 01fb 50       		.byte	0x50
 673 01fc 01       		.uleb128 0x1
 674 01fd 38       		.byte	0x38
 675 01fe 00       		.byte	0
 676 01ff 00       		.byte	0
 677 0200 11       		.uleb128 0x11
 678 0201 31010000 		.4byte	.LASF24
 679 0205 01       		.byte	0x1
 680 0206 FC       		.byte	0xfc
 681 0207 00000000 		.4byte	.LFB7
 682 020b 20000000 		.4byte	.LFE7-.LFB7
 683 020f 01       		.uleb128 0x1
 684 0210 9C       		.byte	0x9c
 685 0211 32020000 		.4byte	0x232
 686 0215 12       		.uleb128 0x12
 687 0216 9E020000 		.4byte	.LASF23
 688 021a 01       		.byte	0x1
 689 021b FC       		.byte	0xfc
 690 021c 8D000000 		.4byte	0x8d
 691 0220 01       		.uleb128 0x1
 692 0221 50       		.byte	0x50
 693 0222 13       		.uleb128 0x13
 694 0223 00030000 		.4byte	.LASF29
 695 0227 01       		.byte	0x1
 696 0228 FE       		.byte	0xfe
 697 0229 A5000000 		.4byte	0xa5
 698 022d 4D000000 		.4byte	.LLST2
 699 0231 00       		.byte	0
 700 0232 14       		.uleb128 0x14
 701 0233 93010000 		.4byte	.LASF25
 702 0237 01       		.byte	0x1
ARM GAS  C:\Users\Petro\AppData\Local\Temp\ccbMbmMW.s 			page 20


 703 0238 1E01     		.2byte	0x11e
 704 023a D8000000 		.4byte	.LFB8
 705 023e C4000000 		.4byte	.LFE8-.LFB8
 706 0242 01       		.uleb128 0x1
 707 0243 9C       		.byte	0x9c
 708 0244 FB020000 		.4byte	0x2fb
 709 0248 15       		.uleb128 0x15
 710 0249 E2000000 		.4byte	.LBB2
 711 024d 62000000 		.4byte	.LBE2-.LBB2
 712 0251 E8020000 		.4byte	0x2e8
 713 0255 16       		.uleb128 0x16
 714 0256 06       		.byte	0x6
 715 0257 01       		.byte	0x1
 716 0258 2701     		.2byte	0x127
 717 025a 79020000 		.4byte	0x279
 718 025e 17       		.uleb128 0x17
 719 025f A0010000 		.4byte	.LASF26
 720 0263 01       		.byte	0x1
 721 0264 2801     		.2byte	0x128
 722 0266 7D000000 		.4byte	0x7d
 723 026a 00       		.byte	0
 724 026b 17       		.uleb128 0x17
 725 026c 6F000000 		.4byte	.LASF27
 726 0270 01       		.byte	0x1
 727 0271 2901     		.2byte	0x129
 728 0273 99000000 		.4byte	0x99
 729 0277 04       		.byte	0x4
 730 0278 00       		.byte	0
 731 0279 08       		.uleb128 0x8
 732 027a CC010000 		.4byte	.LASF28
 733 027e 01       		.byte	0x1
 734 027f 2A01     		.2byte	0x12a
 735 0281 55020000 		.4byte	0x255
 736 0285 18       		.uleb128 0x18
 737 0286 79020000 		.4byte	0x279
 738 028a 95020000 		.4byte	0x295
 739 028e 19       		.uleb128 0x19
 740 028f 76000000 		.4byte	0x76
 741 0293 01       		.byte	0x1
 742 0294 00       		.byte	0
 743 0295 1A       		.uleb128 0x1a
 744 0296 3B000000 		.4byte	.LASF30
 745 029a 01       		.byte	0x1
 746 029b 2C01     		.2byte	0x12c
 747 029d A7020000 		.4byte	0x2a7
 748 02a1 05       		.uleb128 0x5
 749 02a2 03       		.byte	0x3
 750 02a3 00000000 		.4byte	cfg_memset_list.4768
 751 02a7 1B       		.uleb128 0x1b
 752 02a8 85020000 		.4byte	0x285
 753 02ac 1C       		.uleb128 0x1c
 754 02ad 6900     		.ascii	"i\000"
 755 02af 01       		.byte	0x1
 756 02b0 3201     		.2byte	0x132
 757 02b2 8D000000 		.4byte	0x8d
 758 02b6 6B000000 		.4byte	.LLST3
 759 02ba 1D       		.uleb128 0x1d
ARM GAS  C:\Users\Petro\AppData\Local\Temp\ccbMbmMW.s 			page 21


 760 02bb E6000000 		.4byte	.LBB3
 761 02bf 1E000000 		.4byte	.LBE3-.LBB3
 762 02c3 1C       		.uleb128 0x1c
 763 02c4 6D7300   		.ascii	"ms\000"
 764 02c7 01       		.byte	0x1
 765 02c8 3701     		.2byte	0x137
 766 02ca D2020000 		.4byte	0x2d2
 767 02ce 95000000 		.4byte	.LLST4
 768 02d2 06       		.uleb128 0x6
 769 02d3 04       		.byte	0x4
 770 02d4 D8020000 		.4byte	0x2d8
 771 02d8 1B       		.uleb128 0x1b
 772 02d9 79020000 		.4byte	0x279
 773 02dd 0F       		.uleb128 0xf
 774 02de 04010000 		.4byte	.LVL18
 775 02e2 0A010000 		.4byte	0x10a
 776 02e6 00       		.byte	0
 777 02e7 00       		.byte	0
 778 02e8 0F       		.uleb128 0xf
 779 02e9 60010000 		.4byte	.LVL21
 780 02ed 57010000 		.4byte	0x157
 781 02f1 0F       		.uleb128 0xf
 782 02f2 64010000 		.4byte	.LVL22
 783 02f6 F9000000 		.4byte	0xf9
 784 02fa 00       		.byte	0
 785 02fb 1E       		.uleb128 0x1e
 786 02fc 55010000 		.4byte	.LASF31
 787 0300 7D000000 		.4byte	0x7d
 788 0304 18030000 		.4byte	0x318
 789 0308 1F       		.uleb128 0x1f
 790 0309 7D000000 		.4byte	0x7d
 791 030d 1F       		.uleb128 0x1f
 792 030e 25000000 		.4byte	0x25
 793 0312 1F       		.uleb128 0x1f
 794 0313 76000000 		.4byte	0x76
 795 0317 00       		.byte	0
 796 0318 20       		.uleb128 0x20
 797 0319 16010000 		.4byte	.LASF42
 798 031d 05       		.byte	0x5
 799 031e 4F       		.byte	0x4f
 800 031f 21       		.uleb128 0x21
 801 0320 00000000 		.4byte	.LASF32
 802 0324 04       		.byte	0x4
 803 0325 DC       		.byte	0xdc
 804 0326 30030000 		.4byte	0x330
 805 032a 1F       		.uleb128 0x1f
 806 032b A5000000 		.4byte	0xa5
 807 032f 00       		.byte	0
 808 0330 22       		.uleb128 0x22
 809 0331 74000000 		.4byte	.LASF34
 810 0335 05       		.byte	0x5
 811 0336 51       		.byte	0x51
 812 0337 A5000000 		.4byte	0xa5
 813 033b 45030000 		.4byte	0x345
 814 033f 1F       		.uleb128 0x1f
 815 0340 A5000000 		.4byte	0xa5
 816 0344 00       		.byte	0
ARM GAS  C:\Users\Petro\AppData\Local\Temp\ccbMbmMW.s 			page 22


 817 0345 21       		.uleb128 0x21
 818 0346 B0020000 		.4byte	.LASF33
 819 034a 04       		.byte	0x4
 820 034b 6C       		.byte	0x6c
 821 034c 56030000 		.4byte	0x356
 822 0350 1F       		.uleb128 0x1f
 823 0351 A5000000 		.4byte	0xa5
 824 0355 00       		.byte	0
 825 0356 22       		.uleb128 0x22
 826 0357 FF010000 		.4byte	.LASF35
 827 035b 04       		.byte	0x4
 828 035c 84       		.byte	0x84
 829 035d BF000000 		.4byte	0xbf
 830 0361 6B030000 		.4byte	0x36b
 831 0365 1F       		.uleb128 0x1f
 832 0366 A5000000 		.4byte	0xa5
 833 036a 00       		.byte	0
 834 036b 21       		.uleb128 0x21
 835 036c F0010000 		.4byte	.LASF36
 836 0370 04       		.byte	0x4
 837 0371 DA       		.byte	0xda
 838 0372 7C030000 		.4byte	0x37c
 839 0376 1F       		.uleb128 0x1f
 840 0377 99000000 		.4byte	0x99
 841 037b 00       		.byte	0
 842 037c 22       		.uleb128 0x22
 843 037d 2C000000 		.4byte	.LASF37
 844 0381 04       		.byte	0x4
 845 0382 BD       		.byte	0xbd
 846 0383 ED000000 		.4byte	0xed
 847 0387 96030000 		.4byte	0x396
 848 038b 1F       		.uleb128 0x1f
 849 038c 8D000000 		.4byte	0x8d
 850 0390 1F       		.uleb128 0x1f
 851 0391 ED000000 		.4byte	0xed
 852 0395 00       		.byte	0
 853 0396 23       		.uleb128 0x23
 854 0397 63010000 		.4byte	.LASF43
 855 039b 04       		.byte	0x4
 856 039c C3       		.byte	0xc3
 857 039d 1F       		.uleb128 0x1f
 858 039e 8D000000 		.4byte	0x8d
 859 03a2 00       		.byte	0
 860 03a3 00       		.byte	0
 861              		.section	.debug_abbrev,"",%progbits
 862              	.Ldebug_abbrev0:
 863 0000 01       		.uleb128 0x1
 864 0001 11       		.uleb128 0x11
 865 0002 01       		.byte	0x1
 866 0003 25       		.uleb128 0x25
 867 0004 0E       		.uleb128 0xe
 868 0005 13       		.uleb128 0x13
 869 0006 0B       		.uleb128 0xb
 870 0007 03       		.uleb128 0x3
 871 0008 0E       		.uleb128 0xe
 872 0009 1B       		.uleb128 0x1b
 873 000a 0E       		.uleb128 0xe
ARM GAS  C:\Users\Petro\AppData\Local\Temp\ccbMbmMW.s 			page 23


 874 000b 55       		.uleb128 0x55
 875 000c 17       		.uleb128 0x17
 876 000d 11       		.uleb128 0x11
 877 000e 01       		.uleb128 0x1
 878 000f 10       		.uleb128 0x10
 879 0010 17       		.uleb128 0x17
 880 0011 00       		.byte	0
 881 0012 00       		.byte	0
 882 0013 02       		.uleb128 0x2
 883 0014 24       		.uleb128 0x24
 884 0015 00       		.byte	0
 885 0016 0B       		.uleb128 0xb
 886 0017 0B       		.uleb128 0xb
 887 0018 3E       		.uleb128 0x3e
 888 0019 0B       		.uleb128 0xb
 889 001a 03       		.uleb128 0x3
 890 001b 08       		.uleb128 0x8
 891 001c 00       		.byte	0
 892 001d 00       		.byte	0
 893 001e 03       		.uleb128 0x3
 894 001f 16       		.uleb128 0x16
 895 0020 00       		.byte	0
 896 0021 03       		.uleb128 0x3
 897 0022 0E       		.uleb128 0xe
 898 0023 3A       		.uleb128 0x3a
 899 0024 0B       		.uleb128 0xb
 900 0025 3B       		.uleb128 0x3b
 901 0026 0B       		.uleb128 0xb
 902 0027 49       		.uleb128 0x49
 903 0028 13       		.uleb128 0x13
 904 0029 00       		.byte	0
 905 002a 00       		.byte	0
 906 002b 04       		.uleb128 0x4
 907 002c 24       		.uleb128 0x24
 908 002d 00       		.byte	0
 909 002e 0B       		.uleb128 0xb
 910 002f 0B       		.uleb128 0xb
 911 0030 3E       		.uleb128 0x3e
 912 0031 0B       		.uleb128 0xb
 913 0032 03       		.uleb128 0x3
 914 0033 0E       		.uleb128 0xe
 915 0034 00       		.byte	0
 916 0035 00       		.byte	0
 917 0036 05       		.uleb128 0x5
 918 0037 0F       		.uleb128 0xf
 919 0038 00       		.byte	0
 920 0039 0B       		.uleb128 0xb
 921 003a 0B       		.uleb128 0xb
 922 003b 00       		.byte	0
 923 003c 00       		.byte	0
 924 003d 06       		.uleb128 0x6
 925 003e 0F       		.uleb128 0xf
 926 003f 00       		.byte	0
 927 0040 0B       		.uleb128 0xb
 928 0041 0B       		.uleb128 0xb
 929 0042 49       		.uleb128 0x49
 930 0043 13       		.uleb128 0x13
ARM GAS  C:\Users\Petro\AppData\Local\Temp\ccbMbmMW.s 			page 24


 931 0044 00       		.byte	0
 932 0045 00       		.byte	0
 933 0046 07       		.uleb128 0x7
 934 0047 15       		.uleb128 0x15
 935 0048 00       		.byte	0
 936 0049 27       		.uleb128 0x27
 937 004a 19       		.uleb128 0x19
 938 004b 00       		.byte	0
 939 004c 00       		.byte	0
 940 004d 08       		.uleb128 0x8
 941 004e 16       		.uleb128 0x16
 942 004f 00       		.byte	0
 943 0050 03       		.uleb128 0x3
 944 0051 0E       		.uleb128 0xe
 945 0052 3A       		.uleb128 0x3a
 946 0053 0B       		.uleb128 0xb
 947 0054 3B       		.uleb128 0x3b
 948 0055 05       		.uleb128 0x5
 949 0056 49       		.uleb128 0x49
 950 0057 13       		.uleb128 0x13
 951 0058 00       		.byte	0
 952 0059 00       		.byte	0
 953 005a 09       		.uleb128 0x9
 954 005b 35       		.uleb128 0x35
 955 005c 00       		.byte	0
 956 005d 49       		.uleb128 0x49
 957 005e 13       		.uleb128 0x13
 958 005f 00       		.byte	0
 959 0060 00       		.byte	0
 960 0061 0A       		.uleb128 0xa
 961 0062 2E       		.uleb128 0x2e
 962 0063 00       		.byte	0
 963 0064 03       		.uleb128 0x3
 964 0065 0E       		.uleb128 0xe
 965 0066 3A       		.uleb128 0x3a
 966 0067 0B       		.uleb128 0xb
 967 0068 3B       		.uleb128 0x3b
 968 0069 0B       		.uleb128 0xb
 969 006a 27       		.uleb128 0x27
 970 006b 19       		.uleb128 0x19
 971 006c 11       		.uleb128 0x11
 972 006d 01       		.uleb128 0x1
 973 006e 12       		.uleb128 0x12
 974 006f 06       		.uleb128 0x6
 975 0070 40       		.uleb128 0x40
 976 0071 18       		.uleb128 0x18
 977 0072 9742     		.uleb128 0x2117
 978 0074 19       		.uleb128 0x19
 979 0075 00       		.byte	0
 980 0076 00       		.byte	0
 981 0077 0B       		.uleb128 0xb
 982 0078 2E       		.uleb128 0x2e
 983 0079 01       		.byte	0x1
 984 007a 03       		.uleb128 0x3
 985 007b 0E       		.uleb128 0xe
 986 007c 3A       		.uleb128 0x3a
 987 007d 0B       		.uleb128 0xb
ARM GAS  C:\Users\Petro\AppData\Local\Temp\ccbMbmMW.s 			page 25


 988 007e 3B       		.uleb128 0x3b
 989 007f 0B       		.uleb128 0xb
 990 0080 27       		.uleb128 0x27
 991 0081 19       		.uleb128 0x19
 992 0082 11       		.uleb128 0x11
 993 0083 01       		.uleb128 0x1
 994 0084 12       		.uleb128 0x12
 995 0085 06       		.uleb128 0x6
 996 0086 40       		.uleb128 0x40
 997 0087 18       		.uleb128 0x18
 998 0088 9742     		.uleb128 0x2117
 999 008a 19       		.uleb128 0x19
 1000 008b 01       		.uleb128 0x1
 1001 008c 13       		.uleb128 0x13
 1002 008d 00       		.byte	0
 1003 008e 00       		.byte	0
 1004 008f 0C       		.uleb128 0xc
 1005 0090 05       		.uleb128 0x5
 1006 0091 00       		.byte	0
 1007 0092 03       		.uleb128 0x3
 1008 0093 08       		.uleb128 0x8
 1009 0094 3A       		.uleb128 0x3a
 1010 0095 0B       		.uleb128 0xb
 1011 0096 3B       		.uleb128 0x3b
 1012 0097 0B       		.uleb128 0xb
 1013 0098 49       		.uleb128 0x49
 1014 0099 13       		.uleb128 0x13
 1015 009a 02       		.uleb128 0x2
 1016 009b 17       		.uleb128 0x17
 1017 009c 00       		.byte	0
 1018 009d 00       		.byte	0
 1019 009e 0D       		.uleb128 0xd
 1020 009f 898201   		.uleb128 0x4109
 1021 00a2 01       		.byte	0x1
 1022 00a3 11       		.uleb128 0x11
 1023 00a4 01       		.uleb128 0x1
 1024 00a5 31       		.uleb128 0x31
 1025 00a6 13       		.uleb128 0x13
 1026 00a7 00       		.byte	0
 1027 00a8 00       		.byte	0
 1028 00a9 0E       		.uleb128 0xe
 1029 00aa 8A8201   		.uleb128 0x410a
 1030 00ad 00       		.byte	0
 1031 00ae 02       		.uleb128 0x2
 1032 00af 18       		.uleb128 0x18
 1033 00b0 9142     		.uleb128 0x2111
 1034 00b2 18       		.uleb128 0x18
 1035 00b3 00       		.byte	0
 1036 00b4 00       		.byte	0
 1037 00b5 0F       		.uleb128 0xf
 1038 00b6 898201   		.uleb128 0x4109
 1039 00b9 00       		.byte	0
 1040 00ba 11       		.uleb128 0x11
 1041 00bb 01       		.uleb128 0x1
 1042 00bc 31       		.uleb128 0x31
 1043 00bd 13       		.uleb128 0x13
 1044 00be 00       		.byte	0
ARM GAS  C:\Users\Petro\AppData\Local\Temp\ccbMbmMW.s 			page 26


 1045 00bf 00       		.byte	0
 1046 00c0 10       		.uleb128 0x10
 1047 00c1 898201   		.uleb128 0x4109
 1048 00c4 01       		.byte	0x1
 1049 00c5 11       		.uleb128 0x11
 1050 00c6 01       		.uleb128 0x1
 1051 00c7 31       		.uleb128 0x31
 1052 00c8 13       		.uleb128 0x13
 1053 00c9 01       		.uleb128 0x1
 1054 00ca 13       		.uleb128 0x13
 1055 00cb 00       		.byte	0
 1056 00cc 00       		.byte	0
 1057 00cd 11       		.uleb128 0x11
 1058 00ce 2E       		.uleb128 0x2e
 1059 00cf 01       		.byte	0x1
 1060 00d0 3F       		.uleb128 0x3f
 1061 00d1 19       		.uleb128 0x19
 1062 00d2 03       		.uleb128 0x3
 1063 00d3 0E       		.uleb128 0xe
 1064 00d4 3A       		.uleb128 0x3a
 1065 00d5 0B       		.uleb128 0xb
 1066 00d6 3B       		.uleb128 0x3b
 1067 00d7 0B       		.uleb128 0xb
 1068 00d8 27       		.uleb128 0x27
 1069 00d9 19       		.uleb128 0x19
 1070 00da 11       		.uleb128 0x11
 1071 00db 01       		.uleb128 0x1
 1072 00dc 12       		.uleb128 0x12
 1073 00dd 06       		.uleb128 0x6
 1074 00de 40       		.uleb128 0x40
 1075 00df 18       		.uleb128 0x18
 1076 00e0 9742     		.uleb128 0x2117
 1077 00e2 19       		.uleb128 0x19
 1078 00e3 01       		.uleb128 0x1
 1079 00e4 13       		.uleb128 0x13
 1080 00e5 00       		.byte	0
 1081 00e6 00       		.byte	0
 1082 00e7 12       		.uleb128 0x12
 1083 00e8 05       		.uleb128 0x5
 1084 00e9 00       		.byte	0
 1085 00ea 03       		.uleb128 0x3
 1086 00eb 0E       		.uleb128 0xe
 1087 00ec 3A       		.uleb128 0x3a
 1088 00ed 0B       		.uleb128 0xb
 1089 00ee 3B       		.uleb128 0x3b
 1090 00ef 0B       		.uleb128 0xb
 1091 00f0 49       		.uleb128 0x49
 1092 00f1 13       		.uleb128 0x13
 1093 00f2 02       		.uleb128 0x2
 1094 00f3 18       		.uleb128 0x18
 1095 00f4 00       		.byte	0
 1096 00f5 00       		.byte	0
 1097 00f6 13       		.uleb128 0x13
 1098 00f7 34       		.uleb128 0x34
 1099 00f8 00       		.byte	0
 1100 00f9 03       		.uleb128 0x3
 1101 00fa 0E       		.uleb128 0xe
ARM GAS  C:\Users\Petro\AppData\Local\Temp\ccbMbmMW.s 			page 27


 1102 00fb 3A       		.uleb128 0x3a
 1103 00fc 0B       		.uleb128 0xb
 1104 00fd 3B       		.uleb128 0x3b
 1105 00fe 0B       		.uleb128 0xb
 1106 00ff 49       		.uleb128 0x49
 1107 0100 13       		.uleb128 0x13
 1108 0101 02       		.uleb128 0x2
 1109 0102 17       		.uleb128 0x17
 1110 0103 00       		.byte	0
 1111 0104 00       		.byte	0
 1112 0105 14       		.uleb128 0x14
 1113 0106 2E       		.uleb128 0x2e
 1114 0107 01       		.byte	0x1
 1115 0108 3F       		.uleb128 0x3f
 1116 0109 19       		.uleb128 0x19
 1117 010a 03       		.uleb128 0x3
 1118 010b 0E       		.uleb128 0xe
 1119 010c 3A       		.uleb128 0x3a
 1120 010d 0B       		.uleb128 0xb
 1121 010e 3B       		.uleb128 0x3b
 1122 010f 05       		.uleb128 0x5
 1123 0110 27       		.uleb128 0x27
 1124 0111 19       		.uleb128 0x19
 1125 0112 11       		.uleb128 0x11
 1126 0113 01       		.uleb128 0x1
 1127 0114 12       		.uleb128 0x12
 1128 0115 06       		.uleb128 0x6
 1129 0116 40       		.uleb128 0x40
 1130 0117 18       		.uleb128 0x18
 1131 0118 9742     		.uleb128 0x2117
 1132 011a 19       		.uleb128 0x19
 1133 011b 01       		.uleb128 0x1
 1134 011c 13       		.uleb128 0x13
 1135 011d 00       		.byte	0
 1136 011e 00       		.byte	0
 1137 011f 15       		.uleb128 0x15
 1138 0120 0B       		.uleb128 0xb
 1139 0121 01       		.byte	0x1
 1140 0122 11       		.uleb128 0x11
 1141 0123 01       		.uleb128 0x1
 1142 0124 12       		.uleb128 0x12
 1143 0125 06       		.uleb128 0x6
 1144 0126 01       		.uleb128 0x1
 1145 0127 13       		.uleb128 0x13
 1146 0128 00       		.byte	0
 1147 0129 00       		.byte	0
 1148 012a 16       		.uleb128 0x16
 1149 012b 13       		.uleb128 0x13
 1150 012c 01       		.byte	0x1
 1151 012d 0B       		.uleb128 0xb
 1152 012e 0B       		.uleb128 0xb
 1153 012f 3A       		.uleb128 0x3a
 1154 0130 0B       		.uleb128 0xb
 1155 0131 3B       		.uleb128 0x3b
 1156 0132 05       		.uleb128 0x5
 1157 0133 01       		.uleb128 0x1
 1158 0134 13       		.uleb128 0x13
ARM GAS  C:\Users\Petro\AppData\Local\Temp\ccbMbmMW.s 			page 28


 1159 0135 00       		.byte	0
 1160 0136 00       		.byte	0
 1161 0137 17       		.uleb128 0x17
 1162 0138 0D       		.uleb128 0xd
 1163 0139 00       		.byte	0
 1164 013a 03       		.uleb128 0x3
 1165 013b 0E       		.uleb128 0xe
 1166 013c 3A       		.uleb128 0x3a
 1167 013d 0B       		.uleb128 0xb
 1168 013e 3B       		.uleb128 0x3b
 1169 013f 05       		.uleb128 0x5
 1170 0140 49       		.uleb128 0x49
 1171 0141 13       		.uleb128 0x13
 1172 0142 38       		.uleb128 0x38
 1173 0143 0B       		.uleb128 0xb
 1174 0144 00       		.byte	0
 1175 0145 00       		.byte	0
 1176 0146 18       		.uleb128 0x18
 1177 0147 01       		.uleb128 0x1
 1178 0148 01       		.byte	0x1
 1179 0149 49       		.uleb128 0x49
 1180 014a 13       		.uleb128 0x13
 1181 014b 01       		.uleb128 0x1
 1182 014c 13       		.uleb128 0x13
 1183 014d 00       		.byte	0
 1184 014e 00       		.byte	0
 1185 014f 19       		.uleb128 0x19
 1186 0150 21       		.uleb128 0x21
 1187 0151 00       		.byte	0
 1188 0152 49       		.uleb128 0x49
 1189 0153 13       		.uleb128 0x13
 1190 0154 2F       		.uleb128 0x2f
 1191 0155 0B       		.uleb128 0xb
 1192 0156 00       		.byte	0
 1193 0157 00       		.byte	0
 1194 0158 1A       		.uleb128 0x1a
 1195 0159 34       		.uleb128 0x34
 1196 015a 00       		.byte	0
 1197 015b 03       		.uleb128 0x3
 1198 015c 0E       		.uleb128 0xe
 1199 015d 3A       		.uleb128 0x3a
 1200 015e 0B       		.uleb128 0xb
 1201 015f 3B       		.uleb128 0x3b
 1202 0160 05       		.uleb128 0x5
 1203 0161 49       		.uleb128 0x49
 1204 0162 13       		.uleb128 0x13
 1205 0163 02       		.uleb128 0x2
 1206 0164 18       		.uleb128 0x18
 1207 0165 00       		.byte	0
 1208 0166 00       		.byte	0
 1209 0167 1B       		.uleb128 0x1b
 1210 0168 26       		.uleb128 0x26
 1211 0169 00       		.byte	0
 1212 016a 49       		.uleb128 0x49
 1213 016b 13       		.uleb128 0x13
 1214 016c 00       		.byte	0
 1215 016d 00       		.byte	0
ARM GAS  C:\Users\Petro\AppData\Local\Temp\ccbMbmMW.s 			page 29


 1216 016e 1C       		.uleb128 0x1c
 1217 016f 34       		.uleb128 0x34
 1218 0170 00       		.byte	0
 1219 0171 03       		.uleb128 0x3
 1220 0172 08       		.uleb128 0x8
 1221 0173 3A       		.uleb128 0x3a
 1222 0174 0B       		.uleb128 0xb
 1223 0175 3B       		.uleb128 0x3b
 1224 0176 05       		.uleb128 0x5
 1225 0177 49       		.uleb128 0x49
 1226 0178 13       		.uleb128 0x13
 1227 0179 02       		.uleb128 0x2
 1228 017a 17       		.uleb128 0x17
 1229 017b 00       		.byte	0
 1230 017c 00       		.byte	0
 1231 017d 1D       		.uleb128 0x1d
 1232 017e 0B       		.uleb128 0xb
 1233 017f 01       		.byte	0x1
 1234 0180 11       		.uleb128 0x11
 1235 0181 01       		.uleb128 0x1
 1236 0182 12       		.uleb128 0x12
 1237 0183 06       		.uleb128 0x6
 1238 0184 00       		.byte	0
 1239 0185 00       		.byte	0
 1240 0186 1E       		.uleb128 0x1e
 1241 0187 2E       		.uleb128 0x2e
 1242 0188 01       		.byte	0x1
 1243 0189 3F       		.uleb128 0x3f
 1244 018a 19       		.uleb128 0x19
 1245 018b 03       		.uleb128 0x3
 1246 018c 0E       		.uleb128 0xe
 1247 018d 27       		.uleb128 0x27
 1248 018e 19       		.uleb128 0x19
 1249 018f 49       		.uleb128 0x49
 1250 0190 13       		.uleb128 0x13
 1251 0191 34       		.uleb128 0x34
 1252 0192 19       		.uleb128 0x19
 1253 0193 3C       		.uleb128 0x3c
 1254 0194 19       		.uleb128 0x19
 1255 0195 01       		.uleb128 0x1
 1256 0196 13       		.uleb128 0x13
 1257 0197 00       		.byte	0
 1258 0198 00       		.byte	0
 1259 0199 1F       		.uleb128 0x1f
 1260 019a 05       		.uleb128 0x5
 1261 019b 00       		.byte	0
 1262 019c 49       		.uleb128 0x49
 1263 019d 13       		.uleb128 0x13
 1264 019e 00       		.byte	0
 1265 019f 00       		.byte	0
 1266 01a0 20       		.uleb128 0x20
 1267 01a1 2E       		.uleb128 0x2e
 1268 01a2 00       		.byte	0
 1269 01a3 3F       		.uleb128 0x3f
 1270 01a4 19       		.uleb128 0x19
 1271 01a5 03       		.uleb128 0x3
 1272 01a6 0E       		.uleb128 0xe
ARM GAS  C:\Users\Petro\AppData\Local\Temp\ccbMbmMW.s 			page 30


 1273 01a7 3A       		.uleb128 0x3a
 1274 01a8 0B       		.uleb128 0xb
 1275 01a9 3B       		.uleb128 0x3b
 1276 01aa 0B       		.uleb128 0xb
 1277 01ab 27       		.uleb128 0x27
 1278 01ac 19       		.uleb128 0x19
 1279 01ad 3C       		.uleb128 0x3c
 1280 01ae 19       		.uleb128 0x19
 1281 01af 00       		.byte	0
 1282 01b0 00       		.byte	0
 1283 01b1 21       		.uleb128 0x21
 1284 01b2 2E       		.uleb128 0x2e
 1285 01b3 01       		.byte	0x1
 1286 01b4 3F       		.uleb128 0x3f
 1287 01b5 19       		.uleb128 0x19
 1288 01b6 03       		.uleb128 0x3
 1289 01b7 0E       		.uleb128 0xe
 1290 01b8 3A       		.uleb128 0x3a
 1291 01b9 0B       		.uleb128 0xb
 1292 01ba 3B       		.uleb128 0x3b
 1293 01bb 0B       		.uleb128 0xb
 1294 01bc 27       		.uleb128 0x27
 1295 01bd 19       		.uleb128 0x19
 1296 01be 3C       		.uleb128 0x3c
 1297 01bf 19       		.uleb128 0x19
 1298 01c0 01       		.uleb128 0x1
 1299 01c1 13       		.uleb128 0x13
 1300 01c2 00       		.byte	0
 1301 01c3 00       		.byte	0
 1302 01c4 22       		.uleb128 0x22
 1303 01c5 2E       		.uleb128 0x2e
 1304 01c6 01       		.byte	0x1
 1305 01c7 3F       		.uleb128 0x3f
 1306 01c8 19       		.uleb128 0x19
 1307 01c9 03       		.uleb128 0x3
 1308 01ca 0E       		.uleb128 0xe
 1309 01cb 3A       		.uleb128 0x3a
 1310 01cc 0B       		.uleb128 0xb
 1311 01cd 3B       		.uleb128 0x3b
 1312 01ce 0B       		.uleb128 0xb
 1313 01cf 27       		.uleb128 0x27
 1314 01d0 19       		.uleb128 0x19
 1315 01d1 49       		.uleb128 0x49
 1316 01d2 13       		.uleb128 0x13
 1317 01d3 3C       		.uleb128 0x3c
 1318 01d4 19       		.uleb128 0x19
 1319 01d5 01       		.uleb128 0x1
 1320 01d6 13       		.uleb128 0x13
 1321 01d7 00       		.byte	0
 1322 01d8 00       		.byte	0
 1323 01d9 23       		.uleb128 0x23
 1324 01da 2E       		.uleb128 0x2e
 1325 01db 01       		.byte	0x1
 1326 01dc 3F       		.uleb128 0x3f
 1327 01dd 19       		.uleb128 0x19
 1328 01de 03       		.uleb128 0x3
 1329 01df 0E       		.uleb128 0xe
ARM GAS  C:\Users\Petro\AppData\Local\Temp\ccbMbmMW.s 			page 31


 1330 01e0 3A       		.uleb128 0x3a
 1331 01e1 0B       		.uleb128 0xb
 1332 01e2 3B       		.uleb128 0x3b
 1333 01e3 0B       		.uleb128 0xb
 1334 01e4 27       		.uleb128 0x27
 1335 01e5 19       		.uleb128 0x19
 1336 01e6 3C       		.uleb128 0x3c
 1337 01e7 19       		.uleb128 0x19
 1338 01e8 00       		.byte	0
 1339 01e9 00       		.byte	0
 1340 01ea 00       		.byte	0
 1341              		.section	.debug_loc,"",%progbits
 1342              	.Ldebug_loc0:
 1343              	.LLST0:
 1344 0000 00000000 		.4byte	.LVL0
 1345 0004 09000000 		.4byte	.LVL2-1
 1346 0008 0100     		.2byte	0x1
 1347 000a 50       		.byte	0x50
 1348 000b 09000000 		.4byte	.LVL2-1
 1349 000f 0C000000 		.4byte	.LFE2
 1350 0013 0400     		.2byte	0x4
 1351 0015 F3       		.byte	0xf3
 1352 0016 01       		.uleb128 0x1
 1353 0017 50       		.byte	0x50
 1354 0018 9F       		.byte	0x9f
 1355 0019 00000000 		.4byte	0
 1356 001d 00000000 		.4byte	0
 1357              	.LLST1:
 1358 0021 00000000 		.4byte	.LVL0
 1359 0025 06000000 		.4byte	.LVL1
 1360 0029 0100     		.2byte	0x1
 1361 002b 51       		.byte	0x51
 1362 002c 06000000 		.4byte	.LVL1
 1363 0030 09000000 		.4byte	.LVL2-1
 1364 0034 0100     		.2byte	0x1
 1365 0036 52       		.byte	0x52
 1366 0037 09000000 		.4byte	.LVL2-1
 1367 003b 0C000000 		.4byte	.LFE2
 1368 003f 0400     		.2byte	0x4
 1369 0041 F3       		.byte	0xf3
 1370 0042 01       		.uleb128 0x1
 1371 0043 51       		.byte	0x51
 1372 0044 9F       		.byte	0x9f
 1373 0045 00000000 		.4byte	0
 1374 0049 00000000 		.4byte	0
 1375              	.LLST2:
 1376 004d 04000000 		.4byte	.LVL12
 1377 0051 12000000 		.4byte	.LVL14
 1378 0055 0100     		.2byte	0x1
 1379 0057 53       		.byte	0x53
 1380 0058 14000000 		.4byte	.LVL15
 1381 005c 20000000 		.4byte	.LFE7
 1382 0060 0100     		.2byte	0x1
 1383 0062 53       		.byte	0x53
 1384 0063 00000000 		.4byte	0
 1385 0067 00000000 		.4byte	0
 1386              	.LLST3:
ARM GAS  C:\Users\Petro\AppData\Local\Temp\ccbMbmMW.s 			page 32


 1387 006b E2000000 		.4byte	.LVL16
 1388 006f E6000000 		.4byte	.LVL17
 1389 0073 0200     		.2byte	0x2
 1390 0075 30       		.byte	0x30
 1391 0076 9F       		.byte	0x9f
 1392 0077 E6000000 		.4byte	.LVL17
 1393 007b 06010000 		.4byte	.LVL19
 1394 007f 0100     		.2byte	0x1
 1395 0081 54       		.byte	0x54
 1396 0082 08010000 		.4byte	.LVL20
 1397 0086 64010000 		.4byte	.LVL23
 1398 008a 0100     		.2byte	0x1
 1399 008c 54       		.byte	0x54
 1400 008d 00000000 		.4byte	0
 1401 0091 00000000 		.4byte	0
 1402              	.LLST4:
 1403 0095 E6000000 		.4byte	.LVL17
 1404 0099 06010000 		.4byte	.LVL19
 1405 009d 0B00     		.2byte	0xb
 1406 009f 74       		.byte	0x74
 1407 00a0 00       		.sleb128 0
 1408 00a1 36       		.byte	0x36
 1409 00a2 1E       		.byte	0x1e
 1410 00a3 03       		.byte	0x3
 1411 00a4 00000000 		.4byte	cfg_memset_list.4768
 1412 00a8 22       		.byte	0x22
 1413 00a9 9F       		.byte	0x9f
 1414 00aa 06010000 		.4byte	.LVL19
 1415 00ae 08010000 		.4byte	.LVL20
 1416 00b2 0B00     		.2byte	0xb
 1417 00b4 74       		.byte	0x74
 1418 00b5 7F       		.sleb128 -1
 1419 00b6 36       		.byte	0x36
 1420 00b7 1E       		.byte	0x1e
 1421 00b8 03       		.byte	0x3
 1422 00b9 00000000 		.4byte	cfg_memset_list.4768
 1423 00bd 22       		.byte	0x22
 1424 00be 9F       		.byte	0x9f
 1425 00bf 00000000 		.4byte	0
 1426 00c3 00000000 		.4byte	0
 1427              		.section	.debug_aranges,"",%progbits
 1428 0000 3C000000 		.4byte	0x3c
 1429 0004 0200     		.2byte	0x2
 1430 0006 00000000 		.4byte	.Ldebug_info0
 1431 000a 04       		.byte	0x4
 1432 000b 00       		.byte	0
 1433 000c 0000     		.2byte	0
 1434 000e 0000     		.2byte	0
 1435 0010 00000000 		.4byte	.LFB6
 1436 0014 34000000 		.4byte	.LFE6-.LFB6
 1437 0018 00000000 		.4byte	.LFB2
 1438 001c 0C000000 		.4byte	.LFE2-.LFB2
 1439 0020 00000000 		.4byte	.LFB5
 1440 0024 D8000000 		.4byte	.LFE5-.LFB5
 1441 0028 00000000 		.4byte	.LFB7
 1442 002c 20000000 		.4byte	.LFE7-.LFB7
 1443 0030 D8000000 		.4byte	.LFB8
ARM GAS  C:\Users\Petro\AppData\Local\Temp\ccbMbmMW.s 			page 33


 1444 0034 C4000000 		.4byte	.LFE8-.LFB8
 1445 0038 00000000 		.4byte	0
 1446 003c 00000000 		.4byte	0
 1447              		.section	.debug_ranges,"",%progbits
 1448              	.Ldebug_ranges0:
 1449 0000 00000000 		.4byte	.LFB6
 1450 0004 34000000 		.4byte	.LFE6
 1451 0008 00000000 		.4byte	.LFB2
 1452 000c 0C000000 		.4byte	.LFE2
 1453 0010 00000000 		.4byte	.LFB5
 1454 0014 D8000000 		.4byte	.LFE5
 1455 0018 00000000 		.4byte	.LFB7
 1456 001c 20000000 		.4byte	.LFE7
 1457 0020 D8000000 		.4byte	.LFB8
 1458 0024 9C010000 		.4byte	.LFE8
 1459 0028 00000000 		.4byte	0
 1460 002c 00000000 		.4byte	0
 1461              		.section	.debug_line,"",%progbits
 1462              	.Ldebug_line0:
 1463 0000 76010000 		.section	.debug_str,"MS",%progbits,1
 1463      0200E300 
 1463      00000201 
 1463      FB0E0D00 
 1463      01010101 
 1464              	.LASF32:
 1465 0000 43794465 		.ascii	"CyDelayCycles\000"
 1465      6C617943 
 1465      79636C65 
 1465      7300
 1466              	.LASF19:
 1467 000e 72656733 		.ascii	"reg32\000"
 1467      3200
 1468              	.LASF11:
 1469 0014 73697A65 		.ascii	"size_t\000"
 1469      5F7400
 1470              	.LASF41:
 1471 001b 416E616C 		.ascii	"AnalogSetDefault\000"
 1471      6F675365 
 1471      74446566 
 1471      61756C74 
 1471      00
 1472              	.LASF37:
 1473 002c 4379496E 		.ascii	"CyIntSetVector\000"
 1473      74536574 
 1473      56656374 
 1473      6F7200
 1474              	.LASF30:
 1475 003b 6366675F 		.ascii	"cfg_memset_list\000"
 1475      6D656D73 
 1475      65745F6C 
 1475      69737400 
 1476              	.LASF22:
 1477 004b 436C6F63 		.ascii	"ClockSetup\000"
 1477      6B536574 
 1477      757000
 1478              	.LASF4:
 1479 0056 73686F72 		.ascii	"short unsigned int\000"
ARM GAS  C:\Users\Petro\AppData\Local\Temp\ccbMbmMW.s 			page 34


 1479      7420756E 
 1479      7369676E 
 1479      65642069 
 1479      6E7400
 1480              	.LASF15:
 1481 0069 666C6F61 		.ascii	"float\000"
 1481      7400
 1482              	.LASF27:
 1483 006f 73697A65 		.ascii	"size\000"
 1483      00
 1484              	.LASF34:
 1485 0074 43795379 		.ascii	"CySysClkWcoSetPowerMode\000"
 1485      73436C6B 
 1485      57636F53 
 1485      6574506F 
 1485      7765724D 
 1486              	.LASF18:
 1487 008c 72656738 		.ascii	"reg8\000"
 1487      00
 1488              	.LASF40:
 1489 0091 443A5C43 		.ascii	"D:\\Cypress\\system-start-finish\\vesion 2\\fw\\sta"
 1489      79707265 
 1489      73735C73 
 1489      79737465 
 1489      6D2D7374 
 1490 00bf 72745C73 		.ascii	"rt\\sandbox\\v7_debug_ntp\\Start(state machine)\\AD"
 1490      616E6462 
 1490      6F785C76 
 1490      375F6465 
 1490      6275675F 
 1491 00ee 435F7072 		.ascii	"C_project.cydsn\000"
 1491      6F6A6563 
 1491      742E6379 
 1491      64736E00 
 1492              	.LASF6:
 1493 00fe 6C6F6E67 		.ascii	"long unsigned int\000"
 1493      20756E73 
 1493      69676E65 
 1493      6420696E 
 1493      7400
 1494              	.LASF12:
 1495 0110 75696E74 		.ascii	"uint8\000"
 1495      3800
 1496              	.LASF42:
 1497 0116 43795379 		.ascii	"CySysClkWcoStart\000"
 1497      73436C6B 
 1497      57636F53 
 1497      74617274 
 1497      00
 1498              	.LASF21:
 1499 0127 43594D45 		.ascii	"CYMEMZERO\000"
 1499      4D5A4552 
 1499      4F00
 1500              	.LASF24:
 1501 0131 53657441 		.ascii	"SetAnalogRoutingPumps\000"
 1501      6E616C6F 
 1501      67526F75 
ARM GAS  C:\Users\Petro\AppData\Local\Temp\ccbMbmMW.s 			page 35


 1501      74696E67 
 1501      50756D70 
 1502              	.LASF2:
 1503 0147 756E7369 		.ascii	"unsigned char\000"
 1503      676E6564 
 1503      20636861 
 1503      7200
 1504              	.LASF31:
 1505 0155 6D656D73 		.ascii	"memset\000"
 1505      657400
 1506              	.LASF16:
 1507 015c 646F7562 		.ascii	"double\000"
 1507      6C6500
 1508              	.LASF43:
 1509 0163 4379496E 		.ascii	"CyIntEnable\000"
 1509      74456E61 
 1509      626C6500 
 1510              	.LASF13:
 1511 016f 75696E74 		.ascii	"uint16\000"
 1511      313600
 1512              	.LASF17:
 1513 0176 63797374 		.ascii	"cystatus\000"
 1513      61747573 
 1513      00
 1514              	.LASF14:
 1515 017f 75696E74 		.ascii	"uint32\000"
 1515      333200
 1516              	.LASF0:
 1517 0186 756E7369 		.ascii	"unsigned int\000"
 1517      676E6564 
 1517      20696E74 
 1517      00
 1518              	.LASF25:
 1519 0193 63796669 		.ascii	"cyfitter_cfg\000"
 1519      74746572 
 1519      5F636667 
 1519      00
 1520              	.LASF26:
 1521 01a0 61646472 		.ascii	"address\000"
 1521      65737300 
 1522              	.LASF8:
 1523 01a8 6C6F6E67 		.ascii	"long long unsigned int\000"
 1523      206C6F6E 
 1523      6720756E 
 1523      7369676E 
 1523      65642069 
 1524              	.LASF20:
 1525 01bf 63796973 		.ascii	"cyisraddress\000"
 1525      72616464 
 1525      72657373 
 1525      00
 1526              	.LASF28:
 1527 01cc 6366675F 		.ascii	"cfg_memset_t\000"
 1527      6D656D73 
 1527      65745F74 
 1527      00
 1528              	.LASF9:
ARM GAS  C:\Users\Petro\AppData\Local\Temp\ccbMbmMW.s 			page 36


 1529 01d9 73697A65 		.ascii	"sizetype\000"
 1529      74797065 
 1529      00
 1530              	.LASF7:
 1531 01e2 6C6F6E67 		.ascii	"long long int\000"
 1531      206C6F6E 
 1531      6720696E 
 1531      7400
 1532              	.LASF36:
 1533 01f0 43794465 		.ascii	"CyDelayUs\000"
 1533      6C617955 
 1533      7300
 1534              	.LASF10:
 1535 01fa 63686172 		.ascii	"char\000"
 1535      00
 1536              	.LASF35:
 1537 01ff 43795379 		.ascii	"CySysClkEcoStart\000"
 1537      73436C6B 
 1537      45636F53 
 1537      74617274 
 1537      00
 1538              	.LASF38:
 1539 0210 474E5520 		.ascii	"GNU C 4.9.3 20150303 (release) [ARM/embedded-4_9-br"
 1539      4320342E 
 1539      392E3320 
 1539      32303135 
 1539      30333033 
 1540 0243 616E6368 		.ascii	"anch revision 221220] -mcpu=cortex-m0 -mthumb -g -O"
 1540      20726576 
 1540      6973696F 
 1540      6E203232 
 1540      31323230 
 1541 0276 67202D66 		.ascii	"g -ffunction-sections -ffat-lto-objects\000"
 1541      66756E63 
 1541      74696F6E 
 1541      2D736563 
 1541      74696F6E 
 1542              	.LASF23:
 1543 029e 656E6162 		.ascii	"enabled\000"
 1543      6C656400 
 1544              	.LASF3:
 1545 02a6 73686F72 		.ascii	"short int\000"
 1545      7420696E 
 1545      7400
 1546              	.LASF33:
 1547 02b0 43795379 		.ascii	"CySysClkWriteImoFreq\000"
 1547      73436C6B 
 1547      57726974 
 1547      65496D6F 
 1547      46726571 
 1548              	.LASF5:
 1549 02c5 6C6F6E67 		.ascii	"long int\000"
 1549      20696E74 
 1549      00
 1550              	.LASF1:
 1551 02ce 7369676E 		.ascii	"signed char\000"
 1551      65642063 
ARM GAS  C:\Users\Petro\AppData\Local\Temp\ccbMbmMW.s 			page 37


 1551      68617200 
 1552              	.LASF39:
 1553 02da 47656E65 		.ascii	"Generated_Source\\PSoC4\\cyfitter_cfg.c\000"
 1553      72617465 
 1553      645F536F 
 1553      75726365 
 1553      5C50536F 
 1554              	.LASF29:
 1555 0300 72656756 		.ascii	"regValue\000"
 1555      616C7565 
 1555      00
 1556              		.ident	"GCC: (GNU Tools for ARM Embedded Processors) 4.9.3 20150303 (release) [ARM/embedded-4_9-br
