--------------- Build Started: 08/08/2016 17:33:52 Project: ntp_master, Configuration: ARM GCC 4.9-2015-q1-update Debug ---------------
The code generation step is up to date.
arm-none-eabi-gcc.exe -mcpu=cortex-m0 -mthumb -Wno-main -I. -IGenerated_Source\PSoC4 -Wa,-alh=.\CortexM0\ARM_GCC_493\Debug/main.lst -g -D DEBUG -Wall -ffunction-sections -Og -ffat-lto-objects -c .\main.c -o .\CortexM0\ARM_GCC_493\Debug\main.o
In file included from .\main.c:3:0:
.\lib_Display\Display.h:14:14: warning: 'buff' defined but not used [-Wunused-variable]
 static  char buff[100];
              ^
In file included from .\main.c:5:0:
.\lib_network\network.h:84:17: warning: 'networkStatus' defined but not used [-Wunused-variable]
 static uint32_t networkStatus;
                 ^
.\lib_network\network.h:85:12: warning: 'noConnect' defined but not used [-Wunused-variable]
 static int noConnect;
            ^
.\lib_network\network.h:86:12: warning: 'finNoReady' defined but not used [-Wunused-variable]
 static int finNoReady;
            ^
arm-none-eabi-ar.exe -rs .\CortexM0\ARM_GCC_493\Debug\ntp_master.a .\CortexM0\ARM_GCC_493\Debug\cyfitter_cfg.o .\CortexM0\ARM_GCC_493\Debug\CyBootAsmGnu.o .\CortexM0\ARM_GCC_493\Debug\CyFlash.o .\CortexM0\ARM_GCC_493\Debug\CyLib.o .\CortexM0\ARM_GCC_493\Debug\cyPm.o .\CortexM0\ARM_GCC_493\Debug\cyutils.o .\CortexM0\ARM_GCC_493\Debug\CyLFClk.o .\CortexM0\ARM_GCC_493\Debug\RTC.o .\CortexM0\ARM_GCC_493\Debug\UART_XB.o .\CortexM0\ARM_GCC_493\Debug\UART_XB_SPI_UART.o .\CortexM0\ARM_GCC_493\Debug\UART_XB_SPI_UART_INT.o .\CortexM0\ARM_GCC_493\Debug\UART_XB_PM.o .\CortexM0\ARM_GCC_493\Debug\UART_XB_UART.o .\CortexM0\ARM_GCC_493\Debug\UART_XB_BOOT.o .\CortexM0\ARM_GCC_493\Debug\UART_XB_UART_BOOT.o .\CortexM0\ARM_GCC_493\Debug\LCD.o .\CortexM0\ARM_GCC_493\Debug\LCD_PM.o .\CortexM0\ARM_GCC_493\Debug\LCD_CustChars.o .\CortexM0\ARM_GCC_493\Debug\UART_XB_SCBCLK.o .\CortexM0\ARM_GCC_493\Debug\UART_XB_tx.o .\CortexM0\ARM_GCC_493\Debug\UART_XB_tx_PM.o .\CortexM0\ARM_GCC_493\Debug\UART_XB_SCB_IRQ.o .\CortexM0\ARM_GCC_493\Debug\UART_XB_rx.o .\CortexM0\ARM_GCC_493\Debug\UART_XB_rx_PM.o .\CortexM0\ARM_GCC_493\Debug\LCD_LCDPort.o .\CortexM0\ARM_GCC_493\Debug\LCD_LCDPort_PM.o .\CortexM0\ARM_GCC_493\Debug\SW_UART_PC_AsmGnu.o .\CortexM0\ARM_GCC_493\Debug\SW_UART_PC.o
arm-none-eabi-ar.exe: creating .\CortexM0\ARM_GCC_493\Debug\ntp_master.a
arm-none-eabi-gcc.exe -Wl,--start-group -o .\CortexM0\ARM_GCC_493\Debug\ntp_master.elf .\CortexM0\ARM_GCC_493\Debug\main.o .\CortexM0\ARM_GCC_493\Debug\RTC_WDT.o .\CortexM0\ARM_GCC_493\Debug\crc32.o .\CortexM0\ARM_GCC_493\Debug\network.o .\CortexM0\ARM_GCC_493\Debug\svt.o .\CortexM0\ARM_GCC_493\Debug\display.o .\CortexM0\ARM_GCC_493\Debug\cymetadata.o .\CortexM0\ARM_GCC_493\Debug\Cm0Start.o .\CortexM0\ARM_GCC_493\Debug\ntp_master.a "C:\Program Files (x86)\Cypress\PSoC Creator\3.3\PSoC Creator\psoc\content\cycomponentlibrary\CyComponentLibrary.cylib\CortexM0\ARM_GCC_493\Debug\CyComponentLibrary.a" -mcpu=cortex-m0 -mthumb -g -ffunction-sections -Og -ffat-lto-objects -L Generated_Source\PSoC4 -Wl,-Map,.\CortexM0\ARM_GCC_493\Debug/ntp_master.map -T Generated_Source\PSoC4\cm0gcc.ld -specs=nano.specs -Wl,--gc-sections -Wl,--end-group
.\CortexM0\ARM_GCC_493\Debug\network.o: In function `InitNetwork':
D:\Cypress\system-start-finish\vesion 2\fw\finish\sandbox\v2\ntp\NTP\ntp_master.cydsn/.\lib_Network/network.c:11: undefined reference to `SW_UART_DEBUG_Start'
D:\Cypress\system-start-finish\vesion 2\fw\finish\sandbox\v2\ntp\NTP\ntp_master.cydsn/.\lib_Network/network.c:12: undefined reference to `SW_UART_DEBUG_PutString'
collect2.exe: error: ld returned 1 exit status
The command 'arm-none-eabi-gcc.exe' failed with exit code '1'.
--------------- Build Failed: 08/08/2016 17:33:53 ---------------
