ARM GAS  C:\Users\Petro\AppData\Local\Temp\ccaooTre.s 			page 1


   1              		.cpu cortex-m0
   2              		.fpu softvfp
   3              		.eabi_attribute 20, 1
   4              		.eabi_attribute 21, 1
   5              		.eabi_attribute 23, 3
   6              		.eabi_attribute 24, 1
   7              		.eabi_attribute 25, 1
   8              		.eabi_attribute 26, 1
   9              		.eabi_attribute 30, 1
  10              		.eabi_attribute 34, 0
  11              		.eabi_attribute 18, 4
  12              		.code	16
  13              		.file	"network.c"
  14              		.text
  15              	.Ltext0:
  16              		.cfi_sections	.debug_frame
  17              		.section	.text.InitNetwork,"ax",%progbits
  18              		.align	2
  19              		.global	InitNetwork
  20              		.code	16
  21              		.thumb_func
  22              		.type	InitNetwork, %function
  23              	InitNetwork:
  24              	.LFB63:
  25              		.file 1 ".\\lib_Network\\network.c"
   1:.\lib_Network/network.c **** 
   2:.\lib_Network/network.c **** #include "lib_Network\network.h"
   3:.\lib_Network/network.c **** 
   4:.\lib_Network/network.c **** 
   5:.\lib_Network/network.c **** 
   6:.\lib_Network/network.c **** void InitNetwork(void)
   7:.\lib_Network/network.c **** {
  26              		.loc 1 7 0
  27              		.cfi_startproc
  28 0000 08B5     		push	{r3, lr}
  29              		.cfi_def_cfa_offset 8
  30              		.cfi_offset 3, -8
  31              		.cfi_offset 14, -4
   8:.\lib_Network/network.c ****     UART_XB_Start();
  32              		.loc 1 8 0
  33 0002 FFF7FEFF 		bl	UART_XB_Start
  34              	.LVL0:
   9:.\lib_Network/network.c ****     
  10:.\lib_Network/network.c ****     #ifdef DEBUG_PC
  11:.\lib_Network/network.c ****     SW_UART_DEBUG_Start();
  35              		.loc 1 11 0
  36 0006 FFF7FEFF 		bl	SW_UART_DEBUG_Start
  37              	.LVL1:
  12:.\lib_Network/network.c ****     SW_UART_DEBUG_PutString("\n\nInit network start\n\n");
  38              		.loc 1 12 0
  39 000a 0848     		ldr	r0, .L2
  40 000c FFF7FEFF 		bl	SW_UART_DEBUG_PutString
  41              	.LVL2:
  13:.\lib_Network/network.c ****     #endif
  14:.\lib_Network/network.c ****     
  15:.\lib_Network/network.c ****     inData.readStatus = NO_READ;
  42              		.loc 1 15 0
ARM GAS  C:\Users\Petro\AppData\Local\Temp\ccaooTre.s 			page 2


  43 0010 0023     		mov	r3, #0
  44 0012 074A     		ldr	r2, .L2+4
  45 0014 9374     		strb	r3, [r2, #18]
  16:.\lib_Network/network.c ****     outData.writeStatus = WRITE_OK;
  46              		.loc 1 16 0
  47 0016 074A     		ldr	r2, .L2+8
  48 0018 0121     		mov	r1, #1
  49 001a D174     		strb	r1, [r2, #19]
  17:.\lib_Network/network.c ****     outData.IDpacket = 0xFF;
  50              		.loc 1 17 0
  51 001c FE31     		add	r1, r1, #254
  52 001e 1170     		strb	r1, [r2]
  18:.\lib_Network/network.c ****     networkStatus = NETWORK_DISCONN;   
  53              		.loc 1 18 0
  54 0020 054A     		ldr	r2, .L2+12
  55 0022 1360     		str	r3, [r2]
  19:.\lib_Network/network.c ****     UART_XB_SpiUartClearRxBuffer();
  56              		.loc 1 19 0
  57 0024 FFF7FEFF 		bl	UART_XB_SpiUartClearRxBuffer
  58              	.LVL3:
  20:.\lib_Network/network.c **** }
  59              		.loc 1 20 0
  60              		@ sp needed
  61 0028 08BD     		pop	{r3, pc}
  62              	.L3:
  63 002a C046     		.align	2
  64              	.L2:
  65 002c 00000000 		.word	.LC0
  66 0030 00000000 		.word	inData
  67 0034 00000000 		.word	outData
  68 0038 00000000 		.word	.LANCHOR0
  69              		.cfi_endproc
  70              	.LFE63:
  71              		.size	InitNetwork, .-InitNetwork
  72              		.section	.text.SendData,"ax",%progbits
  73              		.align	2
  74              		.global	SendData
  75              		.code	16
  76              		.thumb_func
  77              		.type	SendData, %function
  78              	SendData:
  79              	.LFB64:
  21:.\lib_Network/network.c **** 
  22:.\lib_Network/network.c **** void SendData(void)
  23:.\lib_Network/network.c **** {
  80              		.loc 1 23 0
  81              		.cfi_startproc
  82 0000 30B5     		push	{r4, r5, lr}
  83              		.cfi_def_cfa_offset 12
  84              		.cfi_offset 4, -12
  85              		.cfi_offset 5, -8
  86              		.cfi_offset 14, -4
  87 0002 9FB0     		sub	sp, sp, #124
  88              		.cfi_def_cfa_offset 136
  24:.\lib_Network/network.c ****     if(outData.writeStatus == NO_WRITE && inData.readStatus == READ_OK)
  89              		.loc 1 24 0
  90 0004 214B     		ldr	r3, .L7
ARM GAS  C:\Users\Petro\AppData\Local\Temp\ccaooTre.s 			page 3


  91 0006 DB7C     		ldrb	r3, [r3, #19]
  92 0008 002B     		cmp	r3, #0
  93 000a 3DD1     		bne	.L4
  94              		.loc 1 24 0 is_stmt 0 discriminator 1
  95 000c 204B     		ldr	r3, .L7+4
  96 000e 9B7C     		ldrb	r3, [r3, #18]
  97 0010 012B     		cmp	r3, #1
  98 0012 39D1     		bne	.L4
  25:.\lib_Network/network.c ****     { 
  26:.\lib_Network/network.c ****         if (inData.IDpacket == outData.IDpacket)
  99              		.loc 1 26 0 is_stmt 1
 100 0014 1E4B     		ldr	r3, .L7+4
 101 0016 1A78     		ldrb	r2, [r3]
 102 0018 1C4B     		ldr	r3, .L7
 103 001a 1B78     		ldrb	r3, [r3]
 104 001c 9A42     		cmp	r2, r3
 105 001e 09D1     		bne	.L6
  27:.\lib_Network/network.c ****         {
  28:.\lib_Network/network.c ****             /*send previous packet*/
  29:.\lib_Network/network.c ****             
  30:.\lib_Network/network.c ****             UART_XB_UartPutString(previousData);
 106              		.loc 1 30 0
 107 0020 1C48     		ldr	r0, .L7+8
 108 0022 FFF7FEFF 		bl	UART_XB_UartPutString
 109              	.LVL4:
  31:.\lib_Network/network.c ****             outData.writeStatus = WRITE_OK;
 110              		.loc 1 31 0
 111 0026 0122     		mov	r2, #1
 112 0028 184B     		ldr	r3, .L7
 113 002a DA74     		strb	r2, [r3, #19]
  32:.\lib_Network/network.c ****             inData.readStatus = NO_READ;
 114              		.loc 1 32 0
 115 002c 0022     		mov	r2, #0
 116 002e 184B     		ldr	r3, .L7+4
 117 0030 9A74     		strb	r2, [r3, #18]
 118 0032 29E0     		b	.L4
 119              	.L6:
 120              	.LBB2:
  33:.\lib_Network/network.c ****         }else
  34:.\lib_Network/network.c ****         {
  35:.\lib_Network/network.c ****             /*send nex packet*/
  36:.\lib_Network/network.c ****             
  37:.\lib_Network/network.c ****             char sendBuffer[DATA_BUFFER];
  38:.\lib_Network/network.c ****             char sendData[DATA_BUFFER];
  39:.\lib_Network/network.c ****             
  40:.\lib_Network/network.c ****             /*pack data*/
  41:.\lib_Network/network.c ****             sprintf(sendData,"%02X:%08X%08X%04X%02X",
  42:.\lib_Network/network.c ****                     0u,
  43:.\lib_Network/network.c ****                     (uint32_t)((outData.unixStartTime & MASK_HIGH) >> DATA_SHIFT), 
 121              		.loc 1 43 0
 122 0034 154C     		ldr	r4, .L7
 123 0036 E368     		ldr	r3, [r4, #12]
  44:.\lib_Network/network.c ****                     (uint32_t)(outData.unixStartTime & MASK_LOW), 
  45:.\lib_Network/network.c ****                     outData.startMsTime, 
 124              		.loc 1 45 0
 125 0038 218A     		ldrh	r1, [r4, #16]
  46:.\lib_Network/network.c ****                     outData.newSkier);
ARM GAS  C:\Users\Petro\AppData\Local\Temp\ccaooTre.s 			page 4


 126              		.loc 1 46 0
 127 003a A27C     		ldrb	r2, [r4, #18]
  41:.\lib_Network/network.c ****                     0u,
 128              		.loc 1 41 0
 129 003c A068     		ldr	r0, [r4, #8]
 130 003e 0090     		str	r0, [sp]
 131 0040 0191     		str	r1, [sp, #4]
 132 0042 0292     		str	r2, [sp, #8]
 133 0044 11A8     		add	r0, sp, #68
 134 0046 1449     		ldr	r1, .L7+12
 135 0048 0022     		mov	r2, #0
 136 004a FFF7FEFF 		bl	sprintf
 137              	.LVL5:
  47:.\lib_Network/network.c ****             
  48:.\lib_Network/network.c ****             
  49:.\lib_Network/network.c ****             PackData(sendBuffer, (uint8_t *)sendData, inData.IDpacket);
 138              		.loc 1 49 0
 139 004e 104D     		ldr	r5, .L7+4
 140 0050 2A78     		ldrb	r2, [r5]
 141 0052 04A8     		add	r0, sp, #16
 142 0054 11A9     		add	r1, sp, #68
 143 0056 FFF7FEFF 		bl	PackData
 144              	.LVL6:
  50:.\lib_Network/network.c ****             UART_XB_UartPutString(sendBuffer);
 145              		.loc 1 50 0
 146 005a 04A8     		add	r0, sp, #16
 147 005c FFF7FEFF 		bl	UART_XB_UartPutString
 148              	.LVL7:
  51:.\lib_Network/network.c ****             
  52:.\lib_Network/network.c **** 
  53:.\lib_Network/network.c ****             outData.newSkier = !NEW_SKIER_IN_TARCK;
 149              		.loc 1 53 0
 150 0060 0023     		mov	r3, #0
 151 0062 A374     		strb	r3, [r4, #18]
  54:.\lib_Network/network.c ****                 
  55:.\lib_Network/network.c ****             outData.writeStatus = WRITE_OK;
 152              		.loc 1 55 0
 153 0064 0122     		mov	r2, #1
 154 0066 E274     		strb	r2, [r4, #19]
  56:.\lib_Network/network.c ****             outData.IDpacket = inData.IDpacket;
 155              		.loc 1 56 0
 156 0068 2A78     		ldrb	r2, [r5]
 157 006a 2270     		strb	r2, [r4]
  57:.\lib_Network/network.c ****             inData.readStatus = NO_READ;
 158              		.loc 1 57 0
 159 006c AB74     		strb	r3, [r5, #18]
  58:.\lib_Network/network.c ****             #ifdef DEBUG_PC
  59:.\lib_Network/network.c ****             SW_UART_DEBUG_PutString("out data - "); 
 160              		.loc 1 59 0
 161 006e 0B48     		ldr	r0, .L7+16
 162 0070 FFF7FEFF 		bl	SW_UART_DEBUG_PutString
 163              	.LVL8:
  60:.\lib_Network/network.c ****             SW_UART_DEBUG_PutString(sendBuffer);   
 164              		.loc 1 60 0
 165 0074 04A8     		add	r0, sp, #16
 166 0076 FFF7FEFF 		bl	SW_UART_DEBUG_PutString
 167              	.LVL9:
ARM GAS  C:\Users\Petro\AppData\Local\Temp\ccaooTre.s 			page 5


  61:.\lib_Network/network.c ****             SW_UART_DEBUG_PutString("\n\r");
 168              		.loc 1 61 0
 169 007a 0948     		ldr	r0, .L7+20
 170 007c FFF7FEFF 		bl	SW_UART_DEBUG_PutString
 171              	.LVL10:
  62:.\lib_Network/network.c ****             #endif   
  63:.\lib_Network/network.c ****             strcpy(previousData, sendBuffer);
 172              		.loc 1 63 0
 173 0080 0448     		ldr	r0, .L7+8
 174 0082 04A9     		add	r1, sp, #16
 175 0084 FFF7FEFF 		bl	strcpy
 176              	.LVL11:
 177              	.L4:
 178              	.LBE2:
  64:.\lib_Network/network.c ****         }
  65:.\lib_Network/network.c ****     }
  66:.\lib_Network/network.c **** }
 179              		.loc 1 66 0
 180 0088 1FB0     		add	sp, sp, #124
 181              		@ sp needed
 182 008a 30BD     		pop	{r4, r5, pc}
 183              	.L8:
 184              		.align	2
 185              	.L7:
 186 008c 00000000 		.word	outData
 187 0090 00000000 		.word	inData
 188 0094 00000000 		.word	previousData
 189 0098 18000000 		.word	.LC8
 190 009c 30000000 		.word	.LC10
 191 00a0 3C000000 		.word	.LC12
 192              		.cfi_endproc
 193              	.LFE64:
 194              		.size	SendData, .-SendData
 195              		.section	.text.ReceiveData,"ax",%progbits
 196              		.align	2
 197              		.global	ReceiveData
 198              		.code	16
 199              		.thumb_func
 200              		.type	ReceiveData, %function
 201              	ReceiveData:
 202              	.LFB65:
  67:.\lib_Network/network.c **** 
  68:.\lib_Network/network.c **** 
  69:.\lib_Network/network.c **** uint32_t ReceiveData(void)
  70:.\lib_Network/network.c **** {
 203              		.loc 1 70 0
 204              		.cfi_startproc
 205 0000 10B5     		push	{r4, lr}
 206              		.cfi_def_cfa_offset 8
 207              		.cfi_offset 4, -8
 208              		.cfi_offset 14, -4
 209 0002 88B0     		sub	sp, sp, #32
 210              		.cfi_def_cfa_offset 40
  71:.\lib_Network/network.c ****     if(outData.writeStatus == WRITE_OK && inData.readStatus == NO_READ)
 211              		.loc 1 71 0
 212 0004 244B     		ldr	r3, .L17
 213 0006 DB7C     		ldrb	r3, [r3, #19]
ARM GAS  C:\Users\Petro\AppData\Local\Temp\ccaooTre.s 			page 6


 214 0008 012B     		cmp	r3, #1
 215 000a 42D1     		bne	.L15
 216              		.loc 1 71 0 is_stmt 0 discriminator 1
 217 000c 234B     		ldr	r3, .L17+4
 218 000e 9B7C     		ldrb	r3, [r3, #18]
 219 0010 002B     		cmp	r3, #0
 220 0012 29D0     		beq	.L11
  72:.\lib_Network/network.c ****     {
  73:.\lib_Network/network.c ****         uint32_t byte;
  74:.\lib_Network/network.c ****         struct Resp recvData;
  75:.\lib_Network/network.c ****           
  76:.\lib_Network/network.c ****         while((UART_XB_SpiUartGetRxBufferSize() > 0) && ((byte=UART_XB_UartGetChar()) != 0))
  77:.\lib_Network/network.c ****         { 
  78:.\lib_Network/network.c ****             UnpackData(&recvData, (uint8_t)(byte & 0xFF));
  79:.\lib_Network/network.c ****             
  80:.\lib_Network/network.c ****             #ifdef DEBUG_PC
  81:.\lib_Network/network.c ****             //SW_UART_DEBUG_PutString("\nbyte - ");
  82:.\lib_Network/network.c ****             SW_UART_DEBUG_PutChar(byte);
  83:.\lib_Network/network.c ****             #endif
  84:.\lib_Network/network.c ****             
  85:.\lib_Network/network.c ****             if(recvData.EndPacket == 1)
  86:.\lib_Network/network.c ****             {                      
  87:.\lib_Network/network.c ****                 inData.IDpacket = recvData.Seq;
  88:.\lib_Network/network.c ****                 
  89:.\lib_Network/network.c ****                 inData.readStatus = READ_OK;
  90:.\lib_Network/network.c ****                 outData.writeStatus = NO_WRITE;
  91:.\lib_Network/network.c ****                 
  92:.\lib_Network/network.c ****                 /*connect network*/
  93:.\lib_Network/network.c ****                 networkStatus = NETWORK_CONN;
  94:.\lib_Network/network.c ****                 noConnect = 0;
  95:.\lib_Network/network.c ****                 /*write data*/
  96:.\lib_Network/network.c ****                 inData.countSkiers = recvData.Data3;
  97:.\lib_Network/network.c ****                 //inData.unixStartTime = recvData.Data1;
  98:.\lib_Network/network.c ****                 inData.ready = (recvData.Data2 & 0xFF00) >> 8;
  99:.\lib_Network/network.c ****                 inData.reboot = recvData.Data2 & 0x00FF;
 100:.\lib_Network/network.c ****                 /*next packet*/
 101:.\lib_Network/network.c ****                 //outData.IDpacket++;
 102:.\lib_Network/network.c ****                 #ifdef DEBUG_PC
 103:.\lib_Network/network.c ****                 SW_UART_DEBUG_PutString("       READ DATA OKEY");   
 104:.\lib_Network/network.c ****                 SW_UART_DEBUG_PutString("\n\r");
 105:.\lib_Network/network.c ****                 #endif 
 106:.\lib_Network/network.c **** 
 107:.\lib_Network/network.c ****                 return  NETWORK_CONN;  
 108:.\lib_Network/network.c ****             }
 109:.\lib_Network/network.c ****         }
 110:.\lib_Network/network.c ****         
 111:.\lib_Network/network.c ****         #ifdef DEBUG_PC
 112:.\lib_Network/network.c ****         //SW_UART_DEBUG_PutString("\nERROR READ!!!!");   
 113:.\lib_Network/network.c ****         //SW_UART_DEBUG_PutString("\n\r");
 114:.\lib_Network/network.c ****         #endif 
 115:.\lib_Network/network.c ****         
 116:.\lib_Network/network.c ****         /*tyme to respond*/
 117:.\lib_Network/network.c ****         if(noConnect++ >= NETWORK_TIMEOUT)
 118:.\lib_Network/network.c ****         {
 119:.\lib_Network/network.c ****             networkStatus = NETWORK_DISCONN;
 120:.\lib_Network/network.c ****         }
 121:.\lib_Network/network.c ****         return  NETWORK_DISCONN;
ARM GAS  C:\Users\Petro\AppData\Local\Temp\ccaooTre.s 			page 7


 122:.\lib_Network/network.c ****     }
 123:.\lib_Network/network.c ****     return 0;
 221              		.loc 1 123 0 is_stmt 1
 222 0014 0020     		mov	r0, #0
 223 0016 3DE0     		b	.L10
 224              	.LVL12:
 225              	.L14:
 226              	.LBB3:
  78:.\lib_Network/network.c ****             
 227              		.loc 1 78 0
 228 0018 C4B2     		uxtb	r4, r0
 229 001a 6846     		mov	r0, sp
 230              	.LVL13:
 231 001c 211C     		mov	r1, r4
 232 001e FFF7FEFF 		bl	UnpackData
 233              	.LVL14:
  82:.\lib_Network/network.c ****             #endif
 234              		.loc 1 82 0
 235 0022 201C     		mov	r0, r4
 236 0024 FFF7FEFF 		bl	SW_UART_DEBUG_PutChar
 237              	.LVL15:
  85:.\lib_Network/network.c ****             {                      
 238              		.loc 1 85 0
 239 0028 6B46     		mov	r3, sp
 240 002a 1B7E     		ldrb	r3, [r3, #24]
 241 002c 012B     		cmp	r3, #1
 242 002e 1BD1     		bne	.L11
  87:.\lib_Network/network.c ****                 
 243              		.loc 1 87 0
 244 0030 6B46     		mov	r3, sp
 245 0032 1A88     		ldrh	r2, [r3]
 246 0034 194B     		ldr	r3, .L17+4
 247 0036 1A70     		strb	r2, [r3]
  89:.\lib_Network/network.c ****                 outData.writeStatus = NO_WRITE;
 248              		.loc 1 89 0
 249 0038 0120     		mov	r0, #1
 250 003a 9874     		strb	r0, [r3, #18]
  90:.\lib_Network/network.c ****                 
 251              		.loc 1 90 0
 252 003c 0021     		mov	r1, #0
 253 003e 164A     		ldr	r2, .L17
 254 0040 D174     		strb	r1, [r2, #19]
  93:.\lib_Network/network.c ****                 noConnect = 0;
 255              		.loc 1 93 0
 256 0042 174A     		ldr	r2, .L17+8
 257 0044 1060     		str	r0, [r2]
  94:.\lib_Network/network.c ****                 /*write data*/
 258              		.loc 1 94 0
 259 0046 5160     		str	r1, [r2, #4]
  96:.\lib_Network/network.c ****                 //inData.unixStartTime = recvData.Data1;
 260              		.loc 1 96 0
 261 0048 6A46     		mov	r2, sp
 262 004a 927C     		ldrb	r2, [r2, #18]
 263 004c DA70     		strb	r2, [r3, #3]
  98:.\lib_Network/network.c ****                 inData.reboot = recvData.Data2 & 0x00FF;
 264              		.loc 1 98 0
 265 004e 6A46     		mov	r2, sp
ARM GAS  C:\Users\Petro\AppData\Local\Temp\ccaooTre.s 			page 8


 266 0050 128A     		ldrh	r2, [r2, #16]
 267 0052 110A     		lsr	r1, r2, #8
 268 0054 5970     		strb	r1, [r3, #1]
  99:.\lib_Network/network.c ****                 /*next packet*/
 269              		.loc 1 99 0
 270 0056 9A70     		strb	r2, [r3, #2]
 103:.\lib_Network/network.c ****                 SW_UART_DEBUG_PutString("\n\r");
 271              		.loc 1 103 0
 272 0058 1248     		ldr	r0, .L17+12
 273 005a FFF7FEFF 		bl	SW_UART_DEBUG_PutString
 274              	.LVL16:
 104:.\lib_Network/network.c ****                 #endif 
 275              		.loc 1 104 0
 276 005e 1248     		ldr	r0, .L17+16
 277 0060 FFF7FEFF 		bl	SW_UART_DEBUG_PutString
 278              	.LVL17:
 107:.\lib_Network/network.c ****             }
 279              		.loc 1 107 0
 280 0064 0120     		mov	r0, #1
 281 0066 15E0     		b	.L10
 282              	.L11:
  76:.\lib_Network/network.c ****         { 
 283              		.loc 1 76 0
 284 0068 FFF7FEFF 		bl	UART_XB_SpiUartGetRxBufferSize
 285              	.LVL18:
 286 006c 0028     		cmp	r0, #0
 287 006e 03D0     		beq	.L13
  76:.\lib_Network/network.c ****         { 
 288              		.loc 1 76 0 is_stmt 0 discriminator 1
 289 0070 FFF7FEFF 		bl	UART_XB_UartGetChar
 290              	.LVL19:
 291 0074 0028     		cmp	r0, #0
 292 0076 CFD1     		bne	.L14
 293              	.LVL20:
 294              	.L13:
 117:.\lib_Network/network.c ****         {
 295              		.loc 1 117 0 is_stmt 1
 296 0078 094A     		ldr	r2, .L17+8
 297 007a 5368     		ldr	r3, [r2, #4]
 298 007c 591C     		add	r1, r3, #1
 299 007e 5160     		str	r1, [r2, #4]
 300 0080 1D2B     		cmp	r3, #29
 301 0082 04DD     		ble	.L16
 119:.\lib_Network/network.c ****         }
 302              		.loc 1 119 0
 303 0084 0022     		mov	r2, #0
 304 0086 064B     		ldr	r3, .L17+8
 305 0088 1A60     		str	r2, [r3]
 121:.\lib_Network/network.c ****     }
 306              		.loc 1 121 0
 307 008a 0020     		mov	r0, #0
 308 008c 02E0     		b	.L10
 309              	.L16:
 310 008e 0020     		mov	r0, #0
 311 0090 00E0     		b	.L10
 312              	.L15:
 313              	.LBE3:
ARM GAS  C:\Users\Petro\AppData\Local\Temp\ccaooTre.s 			page 9


 314              		.loc 1 123 0
 315 0092 0020     		mov	r0, #0
 316              	.L10:
 124:.\lib_Network/network.c **** }
 317              		.loc 1 124 0 discriminator 1
 318 0094 08B0     		add	sp, sp, #32
 319              		@ sp needed
 320 0096 10BD     		pop	{r4, pc}
 321              	.L18:
 322              		.align	2
 323              	.L17:
 324 0098 00000000 		.word	outData
 325 009c 00000000 		.word	inData
 326 00a0 00000000 		.word	.LANCHOR0
 327 00a4 40000000 		.word	.LC17
 328 00a8 3C000000 		.word	.LC12
 329              		.cfi_endproc
 330              	.LFE65:
 331              		.size	ReceiveData, .-ReceiveData
 332              		.section	.text.NetworkStatus,"ax",%progbits
 333              		.align	2
 334              		.global	NetworkStatus
 335              		.code	16
 336              		.thumb_func
 337              		.type	NetworkStatus, %function
 338              	NetworkStatus:
 339              	.LFB66:
 125:.\lib_Network/network.c **** 
 126:.\lib_Network/network.c **** 
 127:.\lib_Network/network.c **** uint32_t NetworkStatus(void)
 128:.\lib_Network/network.c **** {
 340              		.loc 1 128 0
 341              		.cfi_startproc
 129:.\lib_Network/network.c ****     return networkStatus;
 342              		.loc 1 129 0
 343 0000 014B     		ldr	r3, .L20
 344 0002 1868     		ldr	r0, [r3]
 130:.\lib_Network/network.c **** }
 345              		.loc 1 130 0
 346              		@ sp needed
 347 0004 7047     		bx	lr
 348              	.L21:
 349 0006 C046     		.align	2
 350              	.L20:
 351 0008 00000000 		.word	.LANCHOR0
 352              		.cfi_endproc
 353              	.LFE66:
 354              		.size	NetworkStatus, .-NetworkStatus
 355              		.section	.text.SendSkierStart,"ax",%progbits
 356              		.align	2
 357              		.global	SendSkierStart
 358              		.code	16
 359              		.thumb_func
 360              		.type	SendSkierStart, %function
 361              	SendSkierStart:
 362              	.LFB67:
 131:.\lib_Network/network.c **** 
ARM GAS  C:\Users\Petro\AppData\Local\Temp\ccaooTre.s 			page 10


 132:.\lib_Network/network.c **** 
 133:.\lib_Network/network.c **** void SendSkierStart(uint64_t unixTimeStart, uint32_t recentMs)
 134:.\lib_Network/network.c **** {
 363              		.loc 1 134 0
 364              		.cfi_startproc
 365              	.LVL21:
 135:.\lib_Network/network.c ****     outData.unixStartTime = unixTimeStart;
 366              		.loc 1 135 0
 367 0000 034B     		ldr	r3, .L23
 368 0002 9860     		str	r0, [r3, #8]
 369 0004 D960     		str	r1, [r3, #12]
 136:.\lib_Network/network.c ****     outData.startMsTime = recentMs;
 370              		.loc 1 136 0
 371 0006 1A82     		strh	r2, [r3, #16]
 137:.\lib_Network/network.c ****     outData.newSkier = NEW_SKIER_IN_TARCK;
 372              		.loc 1 137 0
 373 0008 0122     		mov	r2, #1
 374              	.LVL22:
 375 000a 9A74     		strb	r2, [r3, #18]
 138:.\lib_Network/network.c **** }
 376              		.loc 1 138 0
 377              		@ sp needed
 378 000c 7047     		bx	lr
 379              	.L24:
 380 000e C046     		.align	2
 381              	.L23:
 382 0010 00000000 		.word	outData
 383              		.cfi_endproc
 384              	.LFE67:
 385              		.size	SendSkierStart, .-SendSkierStart
 386              		.section	.text.FinReady,"ax",%progbits
 387              		.align	2
 388              		.global	FinReady
 389              		.code	16
 390              		.thumb_func
 391              		.type	FinReady, %function
 392              	FinReady:
 393              	.LFB68:
 139:.\lib_Network/network.c **** 
 140:.\lib_Network/network.c **** 
 141:.\lib_Network/network.c **** uint32_t FinReady(void)
 142:.\lib_Network/network.c **** {
 394              		.loc 1 142 0
 395              		.cfi_startproc
 143:.\lib_Network/network.c ****     /*uint32_t result;
 144:.\lib_Network/network.c ****     
 145:.\lib_Network/network.c ****     if(finNoReady <= TIMEOUT_FIN_READY )
 146:.\lib_Network/network.c ****     {
 147:.\lib_Network/network.c ****         if(inData.ready == READY)
 148:.\lib_Network/network.c ****         {
 149:.\lib_Network/network.c ****             finNoReady = 0;
 150:.\lib_Network/network.c ****         }else
 151:.\lib_Network/network.c ****         {
 152:.\lib_Network/network.c ****             finNoReady++;    
 153:.\lib_Network/network.c ****         }
 154:.\lib_Network/network.c ****         
 155:.\lib_Network/network.c ****         result = READY;
ARM GAS  C:\Users\Petro\AppData\Local\Temp\ccaooTre.s 			page 11


 156:.\lib_Network/network.c ****     }else 
 157:.\lib_Network/network.c ****     {
 158:.\lib_Network/network.c ****         result = NO_READY;
 159:.\lib_Network/network.c ****         finNoReady = TIMEOUT_FIN_READY;
 160:.\lib_Network/network.c ****     }
 161:.\lib_Network/network.c ****     
 162:.\lib_Network/network.c ****     return result;*/
 163:.\lib_Network/network.c ****     return inData.ready;
 396              		.loc 1 163 0
 397 0000 014B     		ldr	r3, .L26
 398 0002 5878     		ldrb	r0, [r3, #1]
 164:.\lib_Network/network.c **** }
 399              		.loc 1 164 0
 400              		@ sp needed
 401 0004 7047     		bx	lr
 402              	.L27:
 403 0006 C046     		.align	2
 404              	.L26:
 405 0008 00000000 		.word	inData
 406              		.cfi_endproc
 407              	.LFE68:
 408              		.size	FinReady, .-FinReady
 409              		.section	.text.FinWriteInDB,"ax",%progbits
 410              		.align	2
 411              		.global	FinWriteInDB
 412              		.code	16
 413              		.thumb_func
 414              		.type	FinWriteInDB, %function
 415              	FinWriteInDB:
 416              	.LFB69:
 165:.\lib_Network/network.c **** 
 166:.\lib_Network/network.c **** 
 167:.\lib_Network/network.c **** uint32_t FinWriteInDB(void)
 168:.\lib_Network/network.c **** {
 417              		.loc 1 168 0
 418              		.cfi_startproc
 169:.\lib_Network/network.c ****     uint32_t result;
 170:.\lib_Network/network.c ****     
 171:.\lib_Network/network.c ****     if(outData.newSkier == NEW_SKIER_IN_TARCK)
 419              		.loc 1 171 0
 420 0000 034B     		ldr	r3, .L31
 421 0002 9B7C     		ldrb	r3, [r3, #18]
 422 0004 012B     		cmp	r3, #1
 423 0006 01D1     		bne	.L30
 172:.\lib_Network/network.c ****     {
 173:.\lib_Network/network.c ****         result = NO_WRITE;
 424              		.loc 1 173 0
 425 0008 0020     		mov	r0, #0
 426 000a 00E0     		b	.L29
 427              	.L30:
 174:.\lib_Network/network.c ****     }else
 175:.\lib_Network/network.c ****     {
 176:.\lib_Network/network.c ****         result = WRITE_OK;
 428              		.loc 1 176 0
 429 000c 0120     		mov	r0, #1
 430              	.L29:
 431              	.LVL23:
ARM GAS  C:\Users\Petro\AppData\Local\Temp\ccaooTre.s 			page 12


 177:.\lib_Network/network.c ****     }
 178:.\lib_Network/network.c ****     
 179:.\lib_Network/network.c ****     return result;
 180:.\lib_Network/network.c **** }
 432              		.loc 1 180 0
 433              		@ sp needed
 434 000e 7047     		bx	lr
 435              	.L32:
 436              		.align	2
 437              	.L31:
 438 0010 00000000 		.word	outData
 439              		.cfi_endproc
 440              	.LFE69:
 441              		.size	FinWriteInDB, .-FinWriteInDB
 442              		.comm	previousData,100,4
 443              		.comm	outData,24,8
 444              		.comm	inData,24,8
 445              		.comm	LenC,1,1
 446              		.comm	LenChS,1,1
 447              		.comm	LenSeq,1,1
 448              		.comm	LenD3,1,1
 449              		.comm	LenD2,1,1
 450              		.comm	LenD1,1,1
 451              		.comm	PROTO_STATE,1,1
 452              		.section	.rodata.str1.4,"aMS",%progbits,1
 453              		.align	2
 454              	.LC0:
 455 0000 0A0A496E 		.ascii	"\012\012Init network start\012\012\000"
 455      6974206E 
 455      6574776F 
 455      726B2073 
 455      74617274 
 456 0017 00       		.space	1
 457              	.LC8:
 458 0018 25303258 		.ascii	"%02X:%08X%08X%04X%02X\000"
 458      3A253038 
 458      58253038 
 458      58253034 
 458      58253032 
 459 002e 0000     		.space	2
 460              	.LC10:
 461 0030 6F757420 		.ascii	"out data - \000"
 461      64617461 
 461      202D2000 
 462              	.LC12:
 463 003c 0A0D00   		.ascii	"\012\015\000"
 464 003f 00       		.space	1
 465              	.LC17:
 466 0040 20202020 		.ascii	"       READ DATA OKEY\000"
 466      20202052 
 466      45414420 
 466      44415441 
 466      204F4B45 
 467 0056 0000     		.bss
 468              		.align	2
 469              		.set	.LANCHOR0,. + 0
 470              		.type	networkStatus, %object
ARM GAS  C:\Users\Petro\AppData\Local\Temp\ccaooTre.s 			page 13


 471              		.size	networkStatus, 4
 472              	networkStatus:
 473 0000 00000000 		.space	4
 474              		.type	noConnect, %object
 475              		.size	noConnect, 4
 476              	noConnect:
 477 0004 00000000 		.space	4
 478              		.text
 479              	.Letext0:
 480              		.file 2 "c:\\program files (x86)\\cypress\\psoc creator\\3.3\\psoc creator\\import\\gnu\\arm\\4.9.
 481              		.file 3 "c:\\program files (x86)\\cypress\\psoc creator\\3.3\\psoc creator\\import\\gnu\\arm\\4.9.
 482              		.file 4 "Generated_Source\\PSoC4/cytypes.h"
 483              		.file 5 "./lib_Network\\svt.h"
 484              		.file 6 "./lib_Network\\network.h"
 485              		.file 7 "Generated_Source\\PSoC4/UART_XB.h"
 486              		.file 8 "Generated_Source\\PSoC4/SW_UART_DEBUG.h"
 487              		.file 9 "Generated_Source\\PSoC4/UART_XB_SPI_UART.h"
 488              		.file 10 "c:\\program files (x86)\\cypress\\psoc creator\\3.3\\psoc creator\\import\\gnu\\arm\\4.9
 489              		.file 11 "c:\\program files (x86)\\cypress\\psoc creator\\3.3\\psoc creator\\import\\gnu\\arm\\4.9
 490              		.section	.debug_info,"",%progbits
 491              	.Ldebug_info0:
 492 0000 8D060000 		.4byte	0x68d
 493 0004 0400     		.2byte	0x4
 494 0006 00000000 		.4byte	.Ldebug_abbrev0
 495 000a 04       		.byte	0x4
 496 000b 01       		.uleb128 0x1
 497 000c D5030000 		.4byte	.LASF81
 498 0010 01       		.byte	0x1
 499 0011 1D030000 		.4byte	.LASF82
 500 0015 50030000 		.4byte	.LASF83
 501 0019 00000000 		.4byte	.Ldebug_ranges0+0
 502 001d 00000000 		.4byte	0
 503 0021 00000000 		.4byte	.Ldebug_line0
 504 0025 02       		.uleb128 0x2
 505 0026 01       		.byte	0x1
 506 0027 06       		.byte	0x6
 507 0028 BF010000 		.4byte	.LASF0
 508 002c 03       		.uleb128 0x3
 509 002d 54010000 		.4byte	.LASF3
 510 0031 02       		.byte	0x2
 511 0032 1D       		.byte	0x1d
 512 0033 37000000 		.4byte	0x37
 513 0037 02       		.uleb128 0x2
 514 0038 01       		.byte	0x1
 515 0039 08       		.byte	0x8
 516 003a 98010000 		.4byte	.LASF1
 517 003e 02       		.uleb128 0x2
 518 003f 02       		.byte	0x2
 519 0040 05       		.byte	0x5
 520 0041 9F000000 		.4byte	.LASF2
 521 0045 03       		.uleb128 0x3
 522 0046 94000000 		.4byte	.LASF4
 523 004a 02       		.byte	0x2
 524 004b 2B       		.byte	0x2b
 525 004c 50000000 		.4byte	0x50
 526 0050 02       		.uleb128 0x2
 527 0051 02       		.byte	0x2
ARM GAS  C:\Users\Petro\AppData\Local\Temp\ccaooTre.s 			page 14


 528 0052 07       		.byte	0x7
 529 0053 BB020000 		.4byte	.LASF5
 530 0057 02       		.uleb128 0x2
 531 0058 04       		.byte	0x4
 532 0059 05       		.byte	0x5
 533 005a 24010000 		.4byte	.LASF6
 534 005e 03       		.uleb128 0x3
 535 005f 7A000000 		.4byte	.LASF7
 536 0063 02       		.byte	0x2
 537 0064 41       		.byte	0x41
 538 0065 69000000 		.4byte	0x69
 539 0069 02       		.uleb128 0x2
 540 006a 04       		.byte	0x4
 541 006b 07       		.byte	0x7
 542 006c 4E020000 		.4byte	.LASF8
 543 0070 02       		.uleb128 0x2
 544 0071 08       		.byte	0x8
 545 0072 05       		.byte	0x5
 546 0073 0B010000 		.4byte	.LASF9
 547 0077 03       		.uleb128 0x3
 548 0078 F5020000 		.4byte	.LASF10
 549 007c 02       		.byte	0x2
 550 007d 5B       		.byte	0x5b
 551 007e 82000000 		.4byte	0x82
 552 0082 02       		.uleb128 0x2
 553 0083 08       		.byte	0x8
 554 0084 07       		.byte	0x7
 555 0085 D4010000 		.4byte	.LASF11
 556 0089 04       		.uleb128 0x4
 557 008a 04       		.byte	0x4
 558 008b 05       		.byte	0x5
 559 008c 696E7400 		.ascii	"int\000"
 560 0090 02       		.uleb128 0x2
 561 0091 04       		.byte	0x4
 562 0092 07       		.byte	0x7
 563 0093 1B020000 		.4byte	.LASF12
 564 0097 03       		.uleb128 0x3
 565 0098 BF000000 		.4byte	.LASF13
 566 009c 03       		.byte	0x3
 567 009d 15       		.byte	0x15
 568 009e 2C000000 		.4byte	0x2c
 569 00a2 03       		.uleb128 0x3
 570 00a3 95020000 		.4byte	.LASF14
 571 00a7 03       		.byte	0x3
 572 00a8 21       		.byte	0x21
 573 00a9 45000000 		.4byte	0x45
 574 00ad 03       		.uleb128 0x3
 575 00ae F9010000 		.4byte	.LASF15
 576 00b2 03       		.byte	0x3
 577 00b3 2D       		.byte	0x2d
 578 00b4 5E000000 		.4byte	0x5e
 579 00b8 03       		.uleb128 0x3
 580 00b9 CB010000 		.4byte	.LASF16
 581 00bd 03       		.byte	0x3
 582 00be 39       		.byte	0x39
 583 00bf 77000000 		.4byte	0x77
 584 00c3 05       		.uleb128 0x5
ARM GAS  C:\Users\Petro\AppData\Local\Temp\ccaooTre.s 			page 15


 585 00c4 DF000000 		.4byte	.LASF17
 586 00c8 04       		.byte	0x4
 587 00c9 9801     		.2byte	0x198
 588 00cb 37000000 		.4byte	0x37
 589 00cf 05       		.uleb128 0x5
 590 00d0 35030000 		.4byte	.LASF18
 591 00d4 04       		.byte	0x4
 592 00d5 9A01     		.2byte	0x19a
 593 00d7 69000000 		.4byte	0x69
 594 00db 02       		.uleb128 0x2
 595 00dc 04       		.byte	0x4
 596 00dd 04       		.byte	0x4
 597 00de F9000000 		.4byte	.LASF19
 598 00e2 02       		.uleb128 0x2
 599 00e3 08       		.byte	0x8
 600 00e4 04       		.byte	0x4
 601 00e5 49030000 		.4byte	.LASF20
 602 00e9 05       		.uleb128 0x5
 603 00ea 68000000 		.4byte	.LASF21
 604 00ee 04       		.byte	0x4
 605 00ef A901     		.2byte	0x1a9
 606 00f1 F5000000 		.4byte	0xf5
 607 00f5 02       		.uleb128 0x2
 608 00f6 01       		.byte	0x1
 609 00f7 08       		.byte	0x8
 610 00f8 90020000 		.4byte	.LASF22
 611 00fc 02       		.uleb128 0x2
 612 00fd 04       		.byte	0x4
 613 00fe 07       		.byte	0x7
 614 00ff 50000000 		.4byte	.LASF23
 615 0103 06       		.uleb128 0x6
 616 0104 04       		.byte	0x4
 617 0105 F5000000 		.4byte	0xf5
 618 0109 06       		.uleb128 0x6
 619 010a 04       		.byte	0x4
 620 010b 0F010000 		.4byte	0x10f
 621 010f 07       		.uleb128 0x7
 622 0110 F5000000 		.4byte	0xf5
 623 0114 08       		.uleb128 0x8
 624 0115 35010000 		.4byte	.LASF84
 625 0119 20       		.byte	0x20
 626 011a 05       		.byte	0x5
 627 011b 0E       		.byte	0xe
 628 011c 75010000 		.4byte	0x175
 629 0120 09       		.uleb128 0x9
 630 0121 53657100 		.ascii	"Seq\000"
 631 0125 05       		.byte	0x5
 632 0126 10       		.byte	0x10
 633 0127 A2000000 		.4byte	0xa2
 634 012b 00       		.byte	0
 635 012c 0A       		.uleb128 0xa
 636 012d 7D020000 		.4byte	.LASF24
 637 0131 05       		.byte	0x5
 638 0132 11       		.byte	0x11
 639 0133 89000000 		.4byte	0x89
 640 0137 04       		.byte	0x4
 641 0138 0A       		.uleb128 0xa
ARM GAS  C:\Users\Petro\AppData\Local\Temp\ccaooTre.s 			page 16


 642 0139 E9020000 		.4byte	.LASF25
 643 013d 05       		.byte	0x5
 644 013e 12       		.byte	0x12
 645 013f B8000000 		.4byte	0xb8
 646 0143 08       		.byte	0x8
 647 0144 0A       		.uleb128 0xa
 648 0145 EF020000 		.4byte	.LASF26
 649 0149 05       		.byte	0x5
 650 014a 13       		.byte	0x13
 651 014b A2000000 		.4byte	0xa2
 652 014f 10       		.byte	0x10
 653 0150 0A       		.uleb128 0xa
 654 0151 AB030000 		.4byte	.LASF27
 655 0155 05       		.byte	0x5
 656 0156 14       		.byte	0x14
 657 0157 97000000 		.4byte	0x97
 658 015b 12       		.byte	0x12
 659 015c 0A       		.uleb128 0xa
 660 015d 6F010000 		.4byte	.LASF28
 661 0161 05       		.byte	0x5
 662 0162 15       		.byte	0x15
 663 0163 AD000000 		.4byte	0xad
 664 0167 14       		.byte	0x14
 665 0168 0A       		.uleb128 0xa
 666 0169 C6030000 		.4byte	.LASF29
 667 016d 05       		.byte	0x5
 668 016e 16       		.byte	0x16
 669 016f 97000000 		.4byte	0x97
 670 0173 18       		.byte	0x18
 671 0174 00       		.byte	0
 672 0175 0B       		.uleb128 0xb
 673 0176 18       		.byte	0x18
 674 0177 06       		.byte	0x6
 675 0178 3B       		.byte	0x3b
 676 0179 D2010000 		.4byte	0x1d2
 677 017d 0A       		.uleb128 0xa
 678 017e 74020000 		.4byte	.LASF30
 679 0182 06       		.byte	0x6
 680 0183 3D       		.byte	0x3d
 681 0184 97000000 		.4byte	0x97
 682 0188 00       		.byte	0
 683 0189 0A       		.uleb128 0xa
 684 018a A7020000 		.4byte	.LASF31
 685 018e 06       		.byte	0x6
 686 018f 3E       		.byte	0x3e
 687 0190 97000000 		.4byte	0x97
 688 0194 01       		.byte	0x1
 689 0195 0A       		.uleb128 0xa
 690 0196 49000000 		.4byte	.LASF32
 691 019a 06       		.byte	0x6
 692 019b 3F       		.byte	0x3f
 693 019c 97000000 		.4byte	0x97
 694 01a0 02       		.byte	0x2
 695 01a1 0A       		.uleb128 0xa
 696 01a2 79040000 		.4byte	.LASF33
 697 01a6 06       		.byte	0x6
 698 01a7 40       		.byte	0x40
ARM GAS  C:\Users\Petro\AppData\Local\Temp\ccaooTre.s 			page 17


 699 01a8 97000000 		.4byte	0x97
 700 01ac 03       		.byte	0x3
 701 01ad 0A       		.uleb128 0xa
 702 01ae 6C020000 		.4byte	.LASF34
 703 01b2 06       		.byte	0x6
 704 01b3 41       		.byte	0x41
 705 01b4 B8000000 		.4byte	0xb8
 706 01b8 08       		.byte	0x8
 707 01b9 0A       		.uleb128 0xa
 708 01ba 65010000 		.4byte	.LASF35
 709 01be 06       		.byte	0x6
 710 01bf 42       		.byte	0x42
 711 01c0 A2000000 		.4byte	0xa2
 712 01c4 10       		.byte	0x10
 713 01c5 0A       		.uleb128 0xa
 714 01c6 85020000 		.4byte	.LASF36
 715 01ca 06       		.byte	0x6
 716 01cb 43       		.byte	0x43
 717 01cc 97000000 		.4byte	0x97
 718 01d0 12       		.byte	0x12
 719 01d1 00       		.byte	0
 720 01d2 03       		.uleb128 0x3
 721 01d3 19010000 		.4byte	.LASF37
 722 01d7 06       		.byte	0x6
 723 01d8 44       		.byte	0x44
 724 01d9 75010000 		.4byte	0x175
 725 01dd 0B       		.uleb128 0xb
 726 01de 18       		.byte	0x18
 727 01df 06       		.byte	0x6
 728 01e0 46       		.byte	0x46
 729 01e1 22020000 		.4byte	0x222
 730 01e5 0A       		.uleb128 0xa
 731 01e6 74020000 		.4byte	.LASF30
 732 01ea 06       		.byte	0x6
 733 01eb 48       		.byte	0x48
 734 01ec 97000000 		.4byte	0x97
 735 01f0 00       		.byte	0
 736 01f1 0A       		.uleb128 0xa
 737 01f2 AD020000 		.4byte	.LASF38
 738 01f6 06       		.byte	0x6
 739 01f7 49       		.byte	0x49
 740 01f8 B8000000 		.4byte	0xb8
 741 01fc 08       		.byte	0x8
 742 01fd 0A       		.uleb128 0xa
 743 01fe 6E000000 		.4byte	.LASF39
 744 0202 06       		.byte	0x6
 745 0203 4A       		.byte	0x4a
 746 0204 A2000000 		.4byte	0xa2
 747 0208 10       		.byte	0x10
 748 0209 0A       		.uleb128 0xa
 749 020a 0E000000 		.4byte	.LASF40
 750 020e 06       		.byte	0x6
 751 020f 4B       		.byte	0x4b
 752 0210 97000000 		.4byte	0x97
 753 0214 12       		.byte	0x12
 754 0215 0A       		.uleb128 0xa
 755 0216 48010000 		.4byte	.LASF41
ARM GAS  C:\Users\Petro\AppData\Local\Temp\ccaooTre.s 			page 18


 756 021a 06       		.byte	0x6
 757 021b 4C       		.byte	0x4c
 758 021c 97000000 		.4byte	0x97
 759 0220 13       		.byte	0x13
 760 0221 00       		.byte	0
 761 0222 03       		.uleb128 0x3
 762 0223 D5000000 		.4byte	.LASF42
 763 0227 06       		.byte	0x6
 764 0228 4D       		.byte	0x4d
 765 0229 DD010000 		.4byte	0x1dd
 766 022d 0C       		.uleb128 0xc
 767 022e 60020000 		.4byte	.LASF43
 768 0232 01       		.byte	0x1
 769 0233 06       		.byte	0x6
 770 0234 00000000 		.4byte	.LFB63
 771 0238 3C000000 		.4byte	.LFE63-.LFB63
 772 023c 01       		.uleb128 0x1
 773 023d 9C       		.byte	0x9c
 774 023e 75020000 		.4byte	0x275
 775 0242 0D       		.uleb128 0xd
 776 0243 06000000 		.4byte	.LVL0
 777 0247 A9050000 		.4byte	0x5a9
 778 024b 0D       		.uleb128 0xd
 779 024c 0A000000 		.4byte	.LVL1
 780 0250 B0050000 		.4byte	0x5b0
 781 0254 0E       		.uleb128 0xe
 782 0255 10000000 		.4byte	.LVL2
 783 0259 B7050000 		.4byte	0x5b7
 784 025d 6B020000 		.4byte	0x26b
 785 0261 0F       		.uleb128 0xf
 786 0262 01       		.uleb128 0x1
 787 0263 50       		.byte	0x50
 788 0264 05       		.uleb128 0x5
 789 0265 03       		.byte	0x3
 790 0266 00000000 		.4byte	.LC0
 791 026a 00       		.byte	0
 792 026b 0D       		.uleb128 0xd
 793 026c 28000000 		.4byte	.LVL3
 794 0270 D3050000 		.4byte	0x5d3
 795 0274 00       		.byte	0
 796 0275 0C       		.uleb128 0xc
 797 0276 17000000 		.4byte	.LASF44
 798 027a 01       		.byte	0x1
 799 027b 16       		.byte	0x16
 800 027c 00000000 		.4byte	.LFB64
 801 0280 A4000000 		.4byte	.LFE64-.LFB64
 802 0284 01       		.uleb128 0x1
 803 0285 9C       		.byte	0x9c
 804 0286 7B030000 		.4byte	0x37b
 805 028a 10       		.uleb128 0x10
 806 028b 34000000 		.4byte	.LBB2
 807 028f 54000000 		.4byte	.LBE2-.LBB2
 808 0293 67030000 		.4byte	0x367
 809 0297 11       		.uleb128 0x11
 810 0298 B4000000 		.4byte	.LASF45
 811 029c 01       		.byte	0x1
 812 029d 25       		.byte	0x25
ARM GAS  C:\Users\Petro\AppData\Local\Temp\ccaooTre.s 			page 19


 813 029e 7B030000 		.4byte	0x37b
 814 02a2 03       		.uleb128 0x3
 815 02a3 91       		.byte	0x91
 816 02a4 887F     		.sleb128 -120
 817 02a6 11       		.uleb128 0x11
 818 02a7 20000000 		.4byte	.LASF46
 819 02ab 01       		.byte	0x1
 820 02ac 26       		.byte	0x26
 821 02ad 7B030000 		.4byte	0x37b
 822 02b1 03       		.uleb128 0x3
 823 02b2 91       		.byte	0x91
 824 02b3 BC7F     		.sleb128 -68
 825 02b5 0E       		.uleb128 0xe
 826 02b6 4E000000 		.4byte	.LVL5
 827 02ba DB050000 		.4byte	0x5db
 828 02be D8020000 		.4byte	0x2d8
 829 02c2 0F       		.uleb128 0xf
 830 02c3 01       		.uleb128 0x1
 831 02c4 52       		.byte	0x52
 832 02c5 01       		.uleb128 0x1
 833 02c6 30       		.byte	0x30
 834 02c7 0F       		.uleb128 0xf
 835 02c8 01       		.uleb128 0x1
 836 02c9 51       		.byte	0x51
 837 02ca 05       		.uleb128 0x5
 838 02cb 03       		.byte	0x3
 839 02cc 18000000 		.4byte	.LC8
 840 02d0 0F       		.uleb128 0xf
 841 02d1 01       		.uleb128 0x1
 842 02d2 50       		.byte	0x50
 843 02d3 03       		.uleb128 0x3
 844 02d4 91       		.byte	0x91
 845 02d5 BC7F     		.sleb128 -68
 846 02d7 00       		.byte	0
 847 02d8 0E       		.uleb128 0xe
 848 02d9 5A000000 		.4byte	.LVL6
 849 02dd F6050000 		.4byte	0x5f6
 850 02e1 F4020000 		.4byte	0x2f4
 851 02e5 0F       		.uleb128 0xf
 852 02e6 01       		.uleb128 0x1
 853 02e7 51       		.byte	0x51
 854 02e8 03       		.uleb128 0x3
 855 02e9 91       		.byte	0x91
 856 02ea BC7F     		.sleb128 -68
 857 02ec 0F       		.uleb128 0xf
 858 02ed 01       		.uleb128 0x1
 859 02ee 50       		.byte	0x50
 860 02ef 03       		.uleb128 0x3
 861 02f0 91       		.byte	0x91
 862 02f1 887F     		.sleb128 -120
 863 02f3 00       		.byte	0
 864 02f4 0E       		.uleb128 0xe
 865 02f5 60000000 		.4byte	.LVL7
 866 02f9 1B060000 		.4byte	0x61b
 867 02fd 09030000 		.4byte	0x309
 868 0301 0F       		.uleb128 0xf
 869 0302 01       		.uleb128 0x1
ARM GAS  C:\Users\Petro\AppData\Local\Temp\ccaooTre.s 			page 20


 870 0303 50       		.byte	0x50
 871 0304 03       		.uleb128 0x3
 872 0305 91       		.byte	0x91
 873 0306 887F     		.sleb128 -120
 874 0308 00       		.byte	0
 875 0309 0E       		.uleb128 0xe
 876 030a 74000000 		.4byte	.LVL8
 877 030e B7050000 		.4byte	0x5b7
 878 0312 20030000 		.4byte	0x320
 879 0316 0F       		.uleb128 0xf
 880 0317 01       		.uleb128 0x1
 881 0318 50       		.byte	0x50
 882 0319 05       		.uleb128 0x5
 883 031a 03       		.byte	0x3
 884 031b 30000000 		.4byte	.LC10
 885 031f 00       		.byte	0
 886 0320 0E       		.uleb128 0xe
 887 0321 7A000000 		.4byte	.LVL9
 888 0325 B7050000 		.4byte	0x5b7
 889 0329 35030000 		.4byte	0x335
 890 032d 0F       		.uleb128 0xf
 891 032e 01       		.uleb128 0x1
 892 032f 50       		.byte	0x50
 893 0330 03       		.uleb128 0x3
 894 0331 91       		.byte	0x91
 895 0332 887F     		.sleb128 -120
 896 0334 00       		.byte	0
 897 0335 0E       		.uleb128 0xe
 898 0336 80000000 		.4byte	.LVL10
 899 033a B7050000 		.4byte	0x5b7
 900 033e 4C030000 		.4byte	0x34c
 901 0342 0F       		.uleb128 0xf
 902 0343 01       		.uleb128 0x1
 903 0344 50       		.byte	0x50
 904 0345 05       		.uleb128 0x5
 905 0346 03       		.byte	0x3
 906 0347 3C000000 		.4byte	.LC12
 907 034b 00       		.byte	0
 908 034c 12       		.uleb128 0x12
 909 034d 88000000 		.4byte	.LVL11
 910 0351 2D060000 		.4byte	0x62d
 911 0355 0F       		.uleb128 0xf
 912 0356 01       		.uleb128 0x1
 913 0357 51       		.byte	0x51
 914 0358 03       		.uleb128 0x3
 915 0359 91       		.byte	0x91
 916 035a 887F     		.sleb128 -120
 917 035c 0F       		.uleb128 0xf
 918 035d 01       		.uleb128 0x1
 919 035e 50       		.byte	0x50
 920 035f 05       		.uleb128 0x5
 921 0360 03       		.byte	0x3
 922 0361 00000000 		.4byte	previousData
 923 0365 00       		.byte	0
 924 0366 00       		.byte	0
 925 0367 12       		.uleb128 0x12
 926 0368 26000000 		.4byte	.LVL4
ARM GAS  C:\Users\Petro\AppData\Local\Temp\ccaooTre.s 			page 21


 927 036c 1B060000 		.4byte	0x61b
 928 0370 0F       		.uleb128 0xf
 929 0371 01       		.uleb128 0x1
 930 0372 50       		.byte	0x50
 931 0373 05       		.uleb128 0x5
 932 0374 03       		.byte	0x3
 933 0375 00000000 		.4byte	previousData
 934 0379 00       		.byte	0
 935 037a 00       		.byte	0
 936 037b 13       		.uleb128 0x13
 937 037c F5000000 		.4byte	0xf5
 938 0380 8B030000 		.4byte	0x38b
 939 0384 14       		.uleb128 0x14
 940 0385 FC000000 		.4byte	0xfc
 941 0389 31       		.byte	0x31
 942 038a 00       		.byte	0
 943 038b 15       		.uleb128 0x15
 944 038c BA030000 		.4byte	.LASF54
 945 0390 01       		.byte	0x1
 946 0391 45       		.byte	0x45
 947 0392 AD000000 		.4byte	0xad
 948 0396 00000000 		.4byte	.LFB65
 949 039a AC000000 		.4byte	.LFE65-.LFB65
 950 039e 01       		.uleb128 0x1
 951 039f 9C       		.byte	0x9c
 952 03a0 3A040000 		.4byte	0x43a
 953 03a4 16       		.uleb128 0x16
 954 03a5 18000000 		.4byte	.LBB3
 955 03a9 7A000000 		.4byte	.LBE3-.LBB3
 956 03ad 17       		.uleb128 0x17
 957 03ae A6030000 		.4byte	.LASF47
 958 03b2 01       		.byte	0x1
 959 03b3 49       		.byte	0x49
 960 03b4 AD000000 		.4byte	0xad
 961 03b8 00000000 		.4byte	.LLST0
 962 03bc 11       		.uleb128 0x11
 963 03bd 59000000 		.4byte	.LASF48
 964 03c1 01       		.byte	0x1
 965 03c2 4A       		.byte	0x4a
 966 03c3 14010000 		.4byte	0x114
 967 03c7 02       		.uleb128 0x2
 968 03c8 91       		.byte	0x91
 969 03c9 58       		.sleb128 -40
 970 03ca 0E       		.uleb128 0xe
 971 03cb 22000000 		.4byte	.LVL14
 972 03cf 47060000 		.4byte	0x647
 973 03d3 E4030000 		.4byte	0x3e4
 974 03d7 0F       		.uleb128 0xf
 975 03d8 01       		.uleb128 0x1
 976 03d9 51       		.byte	0x51
 977 03da 02       		.uleb128 0x2
 978 03db 74       		.byte	0x74
 979 03dc 00       		.sleb128 0
 980 03dd 0F       		.uleb128 0xf
 981 03de 01       		.uleb128 0x1
 982 03df 50       		.byte	0x50
 983 03e0 02       		.uleb128 0x2
ARM GAS  C:\Users\Petro\AppData\Local\Temp\ccaooTre.s 			page 22


 984 03e1 7D       		.byte	0x7d
 985 03e2 00       		.sleb128 0
 986 03e3 00       		.byte	0
 987 03e4 0E       		.uleb128 0xe
 988 03e5 28000000 		.4byte	.LVL15
 989 03e9 67060000 		.4byte	0x667
 990 03ed F8030000 		.4byte	0x3f8
 991 03f1 0F       		.uleb128 0xf
 992 03f2 01       		.uleb128 0x1
 993 03f3 50       		.byte	0x50
 994 03f4 02       		.uleb128 0x2
 995 03f5 74       		.byte	0x74
 996 03f6 00       		.sleb128 0
 997 03f7 00       		.byte	0
 998 03f8 0E       		.uleb128 0xe
 999 03f9 5E000000 		.4byte	.LVL16
 1000 03fd B7050000 		.4byte	0x5b7
 1001 0401 0F040000 		.4byte	0x40f
 1002 0405 0F       		.uleb128 0xf
 1003 0406 01       		.uleb128 0x1
 1004 0407 50       		.byte	0x50
 1005 0408 05       		.uleb128 0x5
 1006 0409 03       		.byte	0x3
 1007 040a 40000000 		.4byte	.LC17
 1008 040e 00       		.byte	0
 1009 040f 0E       		.uleb128 0xe
 1010 0410 64000000 		.4byte	.LVL17
 1011 0414 B7050000 		.4byte	0x5b7
 1012 0418 26040000 		.4byte	0x426
 1013 041c 0F       		.uleb128 0xf
 1014 041d 01       		.uleb128 0x1
 1015 041e 50       		.byte	0x50
 1016 041f 05       		.uleb128 0x5
 1017 0420 03       		.byte	0x3
 1018 0421 3C000000 		.4byte	.LC12
 1019 0425 00       		.byte	0
 1020 0426 0D       		.uleb128 0xd
 1021 0427 6C000000 		.4byte	.LVL18
 1022 042b 78060000 		.4byte	0x678
 1023 042f 0D       		.uleb128 0xd
 1024 0430 74000000 		.4byte	.LVL19
 1025 0434 84060000 		.4byte	0x684
 1026 0438 00       		.byte	0
 1027 0439 00       		.byte	0
 1028 043a 18       		.uleb128 0x18
 1029 043b C7000000 		.4byte	.LASF52
 1030 043f 01       		.byte	0x1
 1031 0440 7F       		.byte	0x7f
 1032 0441 AD000000 		.4byte	0xad
 1033 0445 00000000 		.4byte	.LFB66
 1034 0449 0C000000 		.4byte	.LFE66-.LFB66
 1035 044d 01       		.uleb128 0x1
 1036 044e 9C       		.byte	0x9c
 1037 044f 0C       		.uleb128 0xc
 1038 0450 85000000 		.4byte	.LASF49
 1039 0454 01       		.byte	0x1
 1040 0455 85       		.byte	0x85
ARM GAS  C:\Users\Petro\AppData\Local\Temp\ccaooTre.s 			page 23


 1041 0456 00000000 		.4byte	.LFB67
 1042 045a 14000000 		.4byte	.LFE67-.LFB67
 1043 045e 01       		.uleb128 0x1
 1044 045f 9C       		.byte	0x9c
 1045 0460 86040000 		.4byte	0x486
 1046 0464 19       		.uleb128 0x19
 1047 0465 0D020000 		.4byte	.LASF50
 1048 0469 01       		.byte	0x1
 1049 046a 85       		.byte	0x85
 1050 046b B8000000 		.4byte	0xb8
 1051 046f 06       		.uleb128 0x6
 1052 0470 50       		.byte	0x50
 1053 0471 93       		.byte	0x93
 1054 0472 04       		.uleb128 0x4
 1055 0473 51       		.byte	0x51
 1056 0474 93       		.byte	0x93
 1057 0475 04       		.uleb128 0x4
 1058 0476 1A       		.uleb128 0x1a
 1059 0477 85040000 		.4byte	.LASF51
 1060 047b 01       		.byte	0x1
 1061 047c 85       		.byte	0x85
 1062 047d AD000000 		.4byte	0xad
 1063 0481 1E000000 		.4byte	.LLST1
 1064 0485 00       		.byte	0
 1065 0486 18       		.uleb128 0x18
 1066 0487 9E020000 		.4byte	.LASF53
 1067 048b 01       		.byte	0x1
 1068 048c 8D       		.byte	0x8d
 1069 048d AD000000 		.4byte	0xad
 1070 0491 00000000 		.4byte	.LFB68
 1071 0495 0C000000 		.4byte	.LFE68-.LFB68
 1072 0499 01       		.uleb128 0x1
 1073 049a 9C       		.byte	0x9c
 1074 049b 15       		.uleb128 0x15
 1075 049c 3C030000 		.4byte	.LASF55
 1076 04a0 01       		.byte	0x1
 1077 04a1 A7       		.byte	0xa7
 1078 04a2 AD000000 		.4byte	0xad
 1079 04a6 00000000 		.4byte	.LFB69
 1080 04aa 14000000 		.4byte	.LFE69-.LFB69
 1081 04ae 01       		.uleb128 0x1
 1082 04af 9C       		.byte	0x9c
 1083 04b0 C2040000 		.4byte	0x4c2
 1084 04b4 11       		.uleb128 0x11
 1085 04b5 00000000 		.4byte	.LASF56
 1086 04b9 01       		.byte	0x1
 1087 04ba A9       		.byte	0xa9
 1088 04bb AD000000 		.4byte	0xad
 1089 04bf 01       		.uleb128 0x1
 1090 04c0 50       		.byte	0x50
 1091 04c1 00       		.byte	0
 1092 04c2 11       		.uleb128 0x11
 1093 04c3 3A010000 		.4byte	.LASF57
 1094 04c7 06       		.byte	0x6
 1095 04c8 54       		.byte	0x54
 1096 04c9 AD000000 		.4byte	0xad
 1097 04cd 05       		.uleb128 0x5
ARM GAS  C:\Users\Petro\AppData\Local\Temp\ccaooTre.s 			page 24


 1098 04ce 03       		.byte	0x3
 1099 04cf 00000000 		.4byte	networkStatus
 1100 04d3 11       		.uleb128 0x11
 1101 04d4 3F000000 		.4byte	.LASF58
 1102 04d8 06       		.byte	0x6
 1103 04d9 55       		.byte	0x55
 1104 04da 89000000 		.4byte	0x89
 1105 04de 05       		.uleb128 0x5
 1106 04df 03       		.byte	0x3
 1107 04e0 04000000 		.4byte	noConnect
 1108 04e4 1B       		.uleb128 0x1b
 1109 04e5 A9000000 		.4byte	.LASF85
 1110 04e9 06       		.byte	0x6
 1111 04ea 56       		.byte	0x56
 1112 04eb 89000000 		.4byte	0x89
 1113 04ef 1C       		.uleb128 0x1c
 1114 04f0 FF000000 		.4byte	.LASF59
 1115 04f4 05       		.byte	0x5
 1116 04f5 4C       		.byte	0x4c
 1117 04f6 97000000 		.4byte	0x97
 1118 04fa 05       		.uleb128 0x5
 1119 04fb 03       		.byte	0x3
 1120 04fc 00000000 		.4byte	PROTO_STATE
 1121 0500 1C       		.uleb128 0x1c
 1122 0501 A6010000 		.4byte	.LASF60
 1123 0505 05       		.byte	0x5
 1124 0506 4C       		.byte	0x4c
 1125 0507 97000000 		.4byte	0x97
 1126 050b 05       		.uleb128 0x5
 1127 050c 03       		.byte	0x3
 1128 050d 00000000 		.4byte	LenD1
 1129 0511 1C       		.uleb128 0x1c
 1130 0512 62000000 		.4byte	.LASF61
 1131 0516 05       		.byte	0x5
 1132 0517 4C       		.byte	0x4c
 1133 0518 97000000 		.4byte	0x97
 1134 051c 05       		.uleb128 0x5
 1135 051d 03       		.byte	0x3
 1136 051e 00000000 		.4byte	LenD2
 1137 0522 1C       		.uleb128 0x1c
 1138 0523 B9010000 		.4byte	.LASF62
 1139 0527 05       		.byte	0x5
 1140 0528 4C       		.byte	0x4c
 1141 0529 97000000 		.4byte	0x97
 1142 052d 05       		.uleb128 0x5
 1143 052e 03       		.byte	0x3
 1144 052f 00000000 		.4byte	LenD3
 1145 0533 1C       		.uleb128 0x1c
 1146 0534 07000000 		.4byte	.LASF63
 1147 0538 05       		.byte	0x5
 1148 0539 4C       		.byte	0x4c
 1149 053a 97000000 		.4byte	0x97
 1150 053e 05       		.uleb128 0x5
 1151 053f 03       		.byte	0x3
 1152 0540 00000000 		.4byte	LenSeq
 1153 0544 1C       		.uleb128 0x1c
 1154 0545 47020000 		.4byte	.LASF64
ARM GAS  C:\Users\Petro\AppData\Local\Temp\ccaooTre.s 			page 25


 1155 0549 05       		.byte	0x5
 1156 054a 4C       		.byte	0x4c
 1157 054b 97000000 		.4byte	0x97
 1158 054f 05       		.uleb128 0x5
 1159 0550 03       		.byte	0x3
 1160 0551 00000000 		.4byte	LenChS
 1161 0555 1C       		.uleb128 0x1c
 1162 0556 D0030000 		.4byte	.LASF65
 1163 055a 05       		.byte	0x5
 1164 055b 4C       		.byte	0x4c
 1165 055c 97000000 		.4byte	0x97
 1166 0560 05       		.uleb128 0x5
 1167 0561 03       		.byte	0x3
 1168 0562 00000000 		.4byte	LenC
 1169 0566 1C       		.uleb128 0x1c
 1170 0567 5E010000 		.4byte	.LASF66
 1171 056b 06       		.byte	0x6
 1172 056c 4F       		.byte	0x4f
 1173 056d D2010000 		.4byte	0x1d2
 1174 0571 05       		.uleb128 0x5
 1175 0572 03       		.byte	0x3
 1176 0573 00000000 		.4byte	inData
 1177 0577 1C       		.uleb128 0x1c
 1178 0578 2D010000 		.4byte	.LASF67
 1179 057c 06       		.byte	0x6
 1180 057d 50       		.byte	0x50
 1181 057e 22020000 		.4byte	0x222
 1182 0582 05       		.uleb128 0x5
 1183 0583 03       		.byte	0x3
 1184 0584 00000000 		.4byte	outData
 1185 0588 13       		.uleb128 0x13
 1186 0589 F5000000 		.4byte	0xf5
 1187 058d 98050000 		.4byte	0x598
 1188 0591 14       		.uleb128 0x14
 1189 0592 FC000000 		.4byte	0xfc
 1190 0596 63       		.byte	0x63
 1191 0597 00       		.byte	0
 1192 0598 1C       		.uleb128 0x1c
 1193 0599 AC010000 		.4byte	.LASF68
 1194 059d 06       		.byte	0x6
 1195 059e 52       		.byte	0x52
 1196 059f 88050000 		.4byte	0x588
 1197 05a3 05       		.uleb128 0x5
 1198 05a4 03       		.byte	0x3
 1199 05a5 00000000 		.4byte	previousData
 1200 05a9 1D       		.uleb128 0x1d
 1201 05aa EB010000 		.4byte	.LASF69
 1202 05ae 07       		.byte	0x7
 1203 05af 6E       		.byte	0x6e
 1204 05b0 1D       		.uleb128 0x1d
 1205 05b1 D5020000 		.4byte	.LASF70
 1206 05b5 08       		.byte	0x8
 1207 05b6 1F       		.byte	0x1f
 1208 05b7 1E       		.uleb128 0x1e
 1209 05b8 78010000 		.4byte	.LASF74
 1210 05bc 08       		.byte	0x8
 1211 05bd 26       		.byte	0x26
ARM GAS  C:\Users\Petro\AppData\Local\Temp\ccaooTre.s 			page 26


 1212 05be C8050000 		.4byte	0x5c8
 1213 05c2 1F       		.uleb128 0x1f
 1214 05c3 C8050000 		.4byte	0x5c8
 1215 05c7 00       		.byte	0
 1216 05c8 06       		.uleb128 0x6
 1217 05c9 04       		.byte	0x4
 1218 05ca CE050000 		.4byte	0x5ce
 1219 05ce 07       		.uleb128 0x7
 1220 05cf E9000000 		.4byte	0xe9
 1221 05d3 20       		.uleb128 0x20
 1222 05d4 00030000 		.4byte	.LASF71
 1223 05d8 09       		.byte	0x9
 1224 05d9 3503     		.2byte	0x335
 1225 05db 21       		.uleb128 0x21
 1226 05dc 90010000 		.4byte	.LASF72
 1227 05e0 0A       		.byte	0xa
 1228 05e1 DE       		.byte	0xde
 1229 05e2 89000000 		.4byte	0x89
 1230 05e6 F6050000 		.4byte	0x5f6
 1231 05ea 1F       		.uleb128 0x1f
 1232 05eb 03010000 		.4byte	0x103
 1233 05ef 1F       		.uleb128 0x1f
 1234 05f0 09010000 		.4byte	0x109
 1235 05f4 22       		.uleb128 0x22
 1236 05f5 00       		.byte	0
 1237 05f6 21       		.uleb128 0x21
 1238 05f7 B1030000 		.4byte	.LASF73
 1239 05fb 05       		.byte	0x5
 1240 05fc 54       		.byte	0x54
 1241 05fd 97000000 		.4byte	0x97
 1242 0601 15060000 		.4byte	0x615
 1243 0605 1F       		.uleb128 0x1f
 1244 0606 03010000 		.4byte	0x103
 1245 060a 1F       		.uleb128 0x1f
 1246 060b 15060000 		.4byte	0x615
 1247 060f 1F       		.uleb128 0x1f
 1248 0610 AD000000 		.4byte	0xad
 1249 0614 00       		.byte	0
 1250 0615 06       		.uleb128 0x6
 1251 0616 04       		.byte	0x4
 1252 0617 97000000 		.4byte	0x97
 1253 061b 23       		.uleb128 0x23
 1254 061c 63040000 		.4byte	.LASF75
 1255 0620 09       		.byte	0x9
 1256 0621 2103     		.2byte	0x321
 1257 0623 2D060000 		.4byte	0x62d
 1258 0627 1F       		.uleb128 0x1f
 1259 0628 C8050000 		.4byte	0x5c8
 1260 062c 00       		.byte	0
 1261 062d 21       		.uleb128 0x21
 1262 062e CE020000 		.4byte	.LASF76
 1263 0632 0B       		.byte	0xb
 1264 0633 1E       		.byte	0x1e
 1265 0634 03010000 		.4byte	0x103
 1266 0638 47060000 		.4byte	0x647
 1267 063c 1F       		.uleb128 0x1f
 1268 063d 03010000 		.4byte	0x103
ARM GAS  C:\Users\Petro\AppData\Local\Temp\ccaooTre.s 			page 27


 1269 0641 1F       		.uleb128 0x1f
 1270 0642 09010000 		.4byte	0x109
 1271 0646 00       		.byte	0
 1272 0647 21       		.uleb128 0x21
 1273 0648 02020000 		.4byte	.LASF77
 1274 064c 05       		.byte	0x5
 1275 064d 50       		.byte	0x50
 1276 064e 97000000 		.4byte	0x97
 1277 0652 61060000 		.4byte	0x661
 1278 0656 1F       		.uleb128 0x1f
 1279 0657 61060000 		.4byte	0x661
 1280 065b 1F       		.uleb128 0x1f
 1281 065c 97000000 		.4byte	0x97
 1282 0660 00       		.byte	0
 1283 0661 06       		.uleb128 0x6
 1284 0662 04       		.byte	0x4
 1285 0663 14010000 		.4byte	0x114
 1286 0667 1E       		.uleb128 0x1e
 1287 0668 29000000 		.4byte	.LASF78
 1288 066c 08       		.byte	0x8
 1289 066d 25       		.byte	0x25
 1290 066e 78060000 		.4byte	0x678
 1291 0672 1F       		.uleb128 0x1f
 1292 0673 C3000000 		.4byte	0xc3
 1293 0677 00       		.byte	0
 1294 0678 24       		.uleb128 0x24
 1295 0679 28020000 		.4byte	.LASF79
 1296 067d 09       		.byte	0x9
 1297 067e 3403     		.2byte	0x334
 1298 0680 CF000000 		.4byte	0xcf
 1299 0684 24       		.uleb128 0x24
 1300 0685 E5000000 		.4byte	.LASF80
 1301 0689 09       		.byte	0x9
 1302 068a 0603     		.2byte	0x306
 1303 068c CF000000 		.4byte	0xcf
 1304 0690 00       		.byte	0
 1305              		.section	.debug_abbrev,"",%progbits
 1306              	.Ldebug_abbrev0:
 1307 0000 01       		.uleb128 0x1
 1308 0001 11       		.uleb128 0x11
 1309 0002 01       		.byte	0x1
 1310 0003 25       		.uleb128 0x25
 1311 0004 0E       		.uleb128 0xe
 1312 0005 13       		.uleb128 0x13
 1313 0006 0B       		.uleb128 0xb
 1314 0007 03       		.uleb128 0x3
 1315 0008 0E       		.uleb128 0xe
 1316 0009 1B       		.uleb128 0x1b
 1317 000a 0E       		.uleb128 0xe
 1318 000b 55       		.uleb128 0x55
 1319 000c 17       		.uleb128 0x17
 1320 000d 11       		.uleb128 0x11
 1321 000e 01       		.uleb128 0x1
 1322 000f 10       		.uleb128 0x10
 1323 0010 17       		.uleb128 0x17
 1324 0011 00       		.byte	0
 1325 0012 00       		.byte	0
ARM GAS  C:\Users\Petro\AppData\Local\Temp\ccaooTre.s 			page 28


 1326 0013 02       		.uleb128 0x2
 1327 0014 24       		.uleb128 0x24
 1328 0015 00       		.byte	0
 1329 0016 0B       		.uleb128 0xb
 1330 0017 0B       		.uleb128 0xb
 1331 0018 3E       		.uleb128 0x3e
 1332 0019 0B       		.uleb128 0xb
 1333 001a 03       		.uleb128 0x3
 1334 001b 0E       		.uleb128 0xe
 1335 001c 00       		.byte	0
 1336 001d 00       		.byte	0
 1337 001e 03       		.uleb128 0x3
 1338 001f 16       		.uleb128 0x16
 1339 0020 00       		.byte	0
 1340 0021 03       		.uleb128 0x3
 1341 0022 0E       		.uleb128 0xe
 1342 0023 3A       		.uleb128 0x3a
 1343 0024 0B       		.uleb128 0xb
 1344 0025 3B       		.uleb128 0x3b
 1345 0026 0B       		.uleb128 0xb
 1346 0027 49       		.uleb128 0x49
 1347 0028 13       		.uleb128 0x13
 1348 0029 00       		.byte	0
 1349 002a 00       		.byte	0
 1350 002b 04       		.uleb128 0x4
 1351 002c 24       		.uleb128 0x24
 1352 002d 00       		.byte	0
 1353 002e 0B       		.uleb128 0xb
 1354 002f 0B       		.uleb128 0xb
 1355 0030 3E       		.uleb128 0x3e
 1356 0031 0B       		.uleb128 0xb
 1357 0032 03       		.uleb128 0x3
 1358 0033 08       		.uleb128 0x8
 1359 0034 00       		.byte	0
 1360 0035 00       		.byte	0
 1361 0036 05       		.uleb128 0x5
 1362 0037 16       		.uleb128 0x16
 1363 0038 00       		.byte	0
 1364 0039 03       		.uleb128 0x3
 1365 003a 0E       		.uleb128 0xe
 1366 003b 3A       		.uleb128 0x3a
 1367 003c 0B       		.uleb128 0xb
 1368 003d 3B       		.uleb128 0x3b
 1369 003e 05       		.uleb128 0x5
 1370 003f 49       		.uleb128 0x49
 1371 0040 13       		.uleb128 0x13
 1372 0041 00       		.byte	0
 1373 0042 00       		.byte	0
 1374 0043 06       		.uleb128 0x6
 1375 0044 0F       		.uleb128 0xf
 1376 0045 00       		.byte	0
 1377 0046 0B       		.uleb128 0xb
 1378 0047 0B       		.uleb128 0xb
 1379 0048 49       		.uleb128 0x49
 1380 0049 13       		.uleb128 0x13
 1381 004a 00       		.byte	0
 1382 004b 00       		.byte	0
ARM GAS  C:\Users\Petro\AppData\Local\Temp\ccaooTre.s 			page 29


 1383 004c 07       		.uleb128 0x7
 1384 004d 26       		.uleb128 0x26
 1385 004e 00       		.byte	0
 1386 004f 49       		.uleb128 0x49
 1387 0050 13       		.uleb128 0x13
 1388 0051 00       		.byte	0
 1389 0052 00       		.byte	0
 1390 0053 08       		.uleb128 0x8
 1391 0054 13       		.uleb128 0x13
 1392 0055 01       		.byte	0x1
 1393 0056 03       		.uleb128 0x3
 1394 0057 0E       		.uleb128 0xe
 1395 0058 0B       		.uleb128 0xb
 1396 0059 0B       		.uleb128 0xb
 1397 005a 3A       		.uleb128 0x3a
 1398 005b 0B       		.uleb128 0xb
 1399 005c 3B       		.uleb128 0x3b
 1400 005d 0B       		.uleb128 0xb
 1401 005e 01       		.uleb128 0x1
 1402 005f 13       		.uleb128 0x13
 1403 0060 00       		.byte	0
 1404 0061 00       		.byte	0
 1405 0062 09       		.uleb128 0x9
 1406 0063 0D       		.uleb128 0xd
 1407 0064 00       		.byte	0
 1408 0065 03       		.uleb128 0x3
 1409 0066 08       		.uleb128 0x8
 1410 0067 3A       		.uleb128 0x3a
 1411 0068 0B       		.uleb128 0xb
 1412 0069 3B       		.uleb128 0x3b
 1413 006a 0B       		.uleb128 0xb
 1414 006b 49       		.uleb128 0x49
 1415 006c 13       		.uleb128 0x13
 1416 006d 38       		.uleb128 0x38
 1417 006e 0B       		.uleb128 0xb
 1418 006f 00       		.byte	0
 1419 0070 00       		.byte	0
 1420 0071 0A       		.uleb128 0xa
 1421 0072 0D       		.uleb128 0xd
 1422 0073 00       		.byte	0
 1423 0074 03       		.uleb128 0x3
 1424 0075 0E       		.uleb128 0xe
 1425 0076 3A       		.uleb128 0x3a
 1426 0077 0B       		.uleb128 0xb
 1427 0078 3B       		.uleb128 0x3b
 1428 0079 0B       		.uleb128 0xb
 1429 007a 49       		.uleb128 0x49
 1430 007b 13       		.uleb128 0x13
 1431 007c 38       		.uleb128 0x38
 1432 007d 0B       		.uleb128 0xb
 1433 007e 00       		.byte	0
 1434 007f 00       		.byte	0
 1435 0080 0B       		.uleb128 0xb
 1436 0081 13       		.uleb128 0x13
 1437 0082 01       		.byte	0x1
 1438 0083 0B       		.uleb128 0xb
 1439 0084 0B       		.uleb128 0xb
ARM GAS  C:\Users\Petro\AppData\Local\Temp\ccaooTre.s 			page 30


 1440 0085 3A       		.uleb128 0x3a
 1441 0086 0B       		.uleb128 0xb
 1442 0087 3B       		.uleb128 0x3b
 1443 0088 0B       		.uleb128 0xb
 1444 0089 01       		.uleb128 0x1
 1445 008a 13       		.uleb128 0x13
 1446 008b 00       		.byte	0
 1447 008c 00       		.byte	0
 1448 008d 0C       		.uleb128 0xc
 1449 008e 2E       		.uleb128 0x2e
 1450 008f 01       		.byte	0x1
 1451 0090 3F       		.uleb128 0x3f
 1452 0091 19       		.uleb128 0x19
 1453 0092 03       		.uleb128 0x3
 1454 0093 0E       		.uleb128 0xe
 1455 0094 3A       		.uleb128 0x3a
 1456 0095 0B       		.uleb128 0xb
 1457 0096 3B       		.uleb128 0x3b
 1458 0097 0B       		.uleb128 0xb
 1459 0098 27       		.uleb128 0x27
 1460 0099 19       		.uleb128 0x19
 1461 009a 11       		.uleb128 0x11
 1462 009b 01       		.uleb128 0x1
 1463 009c 12       		.uleb128 0x12
 1464 009d 06       		.uleb128 0x6
 1465 009e 40       		.uleb128 0x40
 1466 009f 18       		.uleb128 0x18
 1467 00a0 9742     		.uleb128 0x2117
 1468 00a2 19       		.uleb128 0x19
 1469 00a3 01       		.uleb128 0x1
 1470 00a4 13       		.uleb128 0x13
 1471 00a5 00       		.byte	0
 1472 00a6 00       		.byte	0
 1473 00a7 0D       		.uleb128 0xd
 1474 00a8 898201   		.uleb128 0x4109
 1475 00ab 00       		.byte	0
 1476 00ac 11       		.uleb128 0x11
 1477 00ad 01       		.uleb128 0x1
 1478 00ae 31       		.uleb128 0x31
 1479 00af 13       		.uleb128 0x13
 1480 00b0 00       		.byte	0
 1481 00b1 00       		.byte	0
 1482 00b2 0E       		.uleb128 0xe
 1483 00b3 898201   		.uleb128 0x4109
 1484 00b6 01       		.byte	0x1
 1485 00b7 11       		.uleb128 0x11
 1486 00b8 01       		.uleb128 0x1
 1487 00b9 31       		.uleb128 0x31
 1488 00ba 13       		.uleb128 0x13
 1489 00bb 01       		.uleb128 0x1
 1490 00bc 13       		.uleb128 0x13
 1491 00bd 00       		.byte	0
 1492 00be 00       		.byte	0
 1493 00bf 0F       		.uleb128 0xf
 1494 00c0 8A8201   		.uleb128 0x410a
 1495 00c3 00       		.byte	0
 1496 00c4 02       		.uleb128 0x2
ARM GAS  C:\Users\Petro\AppData\Local\Temp\ccaooTre.s 			page 31


 1497 00c5 18       		.uleb128 0x18
 1498 00c6 9142     		.uleb128 0x2111
 1499 00c8 18       		.uleb128 0x18
 1500 00c9 00       		.byte	0
 1501 00ca 00       		.byte	0
 1502 00cb 10       		.uleb128 0x10
 1503 00cc 0B       		.uleb128 0xb
 1504 00cd 01       		.byte	0x1
 1505 00ce 11       		.uleb128 0x11
 1506 00cf 01       		.uleb128 0x1
 1507 00d0 12       		.uleb128 0x12
 1508 00d1 06       		.uleb128 0x6
 1509 00d2 01       		.uleb128 0x1
 1510 00d3 13       		.uleb128 0x13
 1511 00d4 00       		.byte	0
 1512 00d5 00       		.byte	0
 1513 00d6 11       		.uleb128 0x11
 1514 00d7 34       		.uleb128 0x34
 1515 00d8 00       		.byte	0
 1516 00d9 03       		.uleb128 0x3
 1517 00da 0E       		.uleb128 0xe
 1518 00db 3A       		.uleb128 0x3a
 1519 00dc 0B       		.uleb128 0xb
 1520 00dd 3B       		.uleb128 0x3b
 1521 00de 0B       		.uleb128 0xb
 1522 00df 49       		.uleb128 0x49
 1523 00e0 13       		.uleb128 0x13
 1524 00e1 02       		.uleb128 0x2
 1525 00e2 18       		.uleb128 0x18
 1526 00e3 00       		.byte	0
 1527 00e4 00       		.byte	0
 1528 00e5 12       		.uleb128 0x12
 1529 00e6 898201   		.uleb128 0x4109
 1530 00e9 01       		.byte	0x1
 1531 00ea 11       		.uleb128 0x11
 1532 00eb 01       		.uleb128 0x1
 1533 00ec 31       		.uleb128 0x31
 1534 00ed 13       		.uleb128 0x13
 1535 00ee 00       		.byte	0
 1536 00ef 00       		.byte	0
 1537 00f0 13       		.uleb128 0x13
 1538 00f1 01       		.uleb128 0x1
 1539 00f2 01       		.byte	0x1
 1540 00f3 49       		.uleb128 0x49
 1541 00f4 13       		.uleb128 0x13
 1542 00f5 01       		.uleb128 0x1
 1543 00f6 13       		.uleb128 0x13
 1544 00f7 00       		.byte	0
 1545 00f8 00       		.byte	0
 1546 00f9 14       		.uleb128 0x14
 1547 00fa 21       		.uleb128 0x21
 1548 00fb 00       		.byte	0
 1549 00fc 49       		.uleb128 0x49
 1550 00fd 13       		.uleb128 0x13
 1551 00fe 2F       		.uleb128 0x2f
 1552 00ff 0B       		.uleb128 0xb
 1553 0100 00       		.byte	0
ARM GAS  C:\Users\Petro\AppData\Local\Temp\ccaooTre.s 			page 32


 1554 0101 00       		.byte	0
 1555 0102 15       		.uleb128 0x15
 1556 0103 2E       		.uleb128 0x2e
 1557 0104 01       		.byte	0x1
 1558 0105 3F       		.uleb128 0x3f
 1559 0106 19       		.uleb128 0x19
 1560 0107 03       		.uleb128 0x3
 1561 0108 0E       		.uleb128 0xe
 1562 0109 3A       		.uleb128 0x3a
 1563 010a 0B       		.uleb128 0xb
 1564 010b 3B       		.uleb128 0x3b
 1565 010c 0B       		.uleb128 0xb
 1566 010d 27       		.uleb128 0x27
 1567 010e 19       		.uleb128 0x19
 1568 010f 49       		.uleb128 0x49
 1569 0110 13       		.uleb128 0x13
 1570 0111 11       		.uleb128 0x11
 1571 0112 01       		.uleb128 0x1
 1572 0113 12       		.uleb128 0x12
 1573 0114 06       		.uleb128 0x6
 1574 0115 40       		.uleb128 0x40
 1575 0116 18       		.uleb128 0x18
 1576 0117 9742     		.uleb128 0x2117
 1577 0119 19       		.uleb128 0x19
 1578 011a 01       		.uleb128 0x1
 1579 011b 13       		.uleb128 0x13
 1580 011c 00       		.byte	0
 1581 011d 00       		.byte	0
 1582 011e 16       		.uleb128 0x16
 1583 011f 0B       		.uleb128 0xb
 1584 0120 01       		.byte	0x1
 1585 0121 11       		.uleb128 0x11
 1586 0122 01       		.uleb128 0x1
 1587 0123 12       		.uleb128 0x12
 1588 0124 06       		.uleb128 0x6
 1589 0125 00       		.byte	0
 1590 0126 00       		.byte	0
 1591 0127 17       		.uleb128 0x17
 1592 0128 34       		.uleb128 0x34
 1593 0129 00       		.byte	0
 1594 012a 03       		.uleb128 0x3
 1595 012b 0E       		.uleb128 0xe
 1596 012c 3A       		.uleb128 0x3a
 1597 012d 0B       		.uleb128 0xb
 1598 012e 3B       		.uleb128 0x3b
 1599 012f 0B       		.uleb128 0xb
 1600 0130 49       		.uleb128 0x49
 1601 0131 13       		.uleb128 0x13
 1602 0132 02       		.uleb128 0x2
 1603 0133 17       		.uleb128 0x17
 1604 0134 00       		.byte	0
 1605 0135 00       		.byte	0
 1606 0136 18       		.uleb128 0x18
 1607 0137 2E       		.uleb128 0x2e
 1608 0138 00       		.byte	0
 1609 0139 3F       		.uleb128 0x3f
 1610 013a 19       		.uleb128 0x19
ARM GAS  C:\Users\Petro\AppData\Local\Temp\ccaooTre.s 			page 33


 1611 013b 03       		.uleb128 0x3
 1612 013c 0E       		.uleb128 0xe
 1613 013d 3A       		.uleb128 0x3a
 1614 013e 0B       		.uleb128 0xb
 1615 013f 3B       		.uleb128 0x3b
 1616 0140 0B       		.uleb128 0xb
 1617 0141 27       		.uleb128 0x27
 1618 0142 19       		.uleb128 0x19
 1619 0143 49       		.uleb128 0x49
 1620 0144 13       		.uleb128 0x13
 1621 0145 11       		.uleb128 0x11
 1622 0146 01       		.uleb128 0x1
 1623 0147 12       		.uleb128 0x12
 1624 0148 06       		.uleb128 0x6
 1625 0149 40       		.uleb128 0x40
 1626 014a 18       		.uleb128 0x18
 1627 014b 9742     		.uleb128 0x2117
 1628 014d 19       		.uleb128 0x19
 1629 014e 00       		.byte	0
 1630 014f 00       		.byte	0
 1631 0150 19       		.uleb128 0x19
 1632 0151 05       		.uleb128 0x5
 1633 0152 00       		.byte	0
 1634 0153 03       		.uleb128 0x3
 1635 0154 0E       		.uleb128 0xe
 1636 0155 3A       		.uleb128 0x3a
 1637 0156 0B       		.uleb128 0xb
 1638 0157 3B       		.uleb128 0x3b
 1639 0158 0B       		.uleb128 0xb
 1640 0159 49       		.uleb128 0x49
 1641 015a 13       		.uleb128 0x13
 1642 015b 02       		.uleb128 0x2
 1643 015c 18       		.uleb128 0x18
 1644 015d 00       		.byte	0
 1645 015e 00       		.byte	0
 1646 015f 1A       		.uleb128 0x1a
 1647 0160 05       		.uleb128 0x5
 1648 0161 00       		.byte	0
 1649 0162 03       		.uleb128 0x3
 1650 0163 0E       		.uleb128 0xe
 1651 0164 3A       		.uleb128 0x3a
 1652 0165 0B       		.uleb128 0xb
 1653 0166 3B       		.uleb128 0x3b
 1654 0167 0B       		.uleb128 0xb
 1655 0168 49       		.uleb128 0x49
 1656 0169 13       		.uleb128 0x13
 1657 016a 02       		.uleb128 0x2
 1658 016b 17       		.uleb128 0x17
 1659 016c 00       		.byte	0
 1660 016d 00       		.byte	0
 1661 016e 1B       		.uleb128 0x1b
 1662 016f 34       		.uleb128 0x34
 1663 0170 00       		.byte	0
 1664 0171 03       		.uleb128 0x3
 1665 0172 0E       		.uleb128 0xe
 1666 0173 3A       		.uleb128 0x3a
 1667 0174 0B       		.uleb128 0xb
ARM GAS  C:\Users\Petro\AppData\Local\Temp\ccaooTre.s 			page 34


 1668 0175 3B       		.uleb128 0x3b
 1669 0176 0B       		.uleb128 0xb
 1670 0177 49       		.uleb128 0x49
 1671 0178 13       		.uleb128 0x13
 1672 0179 00       		.byte	0
 1673 017a 00       		.byte	0
 1674 017b 1C       		.uleb128 0x1c
 1675 017c 34       		.uleb128 0x34
 1676 017d 00       		.byte	0
 1677 017e 03       		.uleb128 0x3
 1678 017f 0E       		.uleb128 0xe
 1679 0180 3A       		.uleb128 0x3a
 1680 0181 0B       		.uleb128 0xb
 1681 0182 3B       		.uleb128 0x3b
 1682 0183 0B       		.uleb128 0xb
 1683 0184 49       		.uleb128 0x49
 1684 0185 13       		.uleb128 0x13
 1685 0186 3F       		.uleb128 0x3f
 1686 0187 19       		.uleb128 0x19
 1687 0188 02       		.uleb128 0x2
 1688 0189 18       		.uleb128 0x18
 1689 018a 00       		.byte	0
 1690 018b 00       		.byte	0
 1691 018c 1D       		.uleb128 0x1d
 1692 018d 2E       		.uleb128 0x2e
 1693 018e 00       		.byte	0
 1694 018f 3F       		.uleb128 0x3f
 1695 0190 19       		.uleb128 0x19
 1696 0191 03       		.uleb128 0x3
 1697 0192 0E       		.uleb128 0xe
 1698 0193 3A       		.uleb128 0x3a
 1699 0194 0B       		.uleb128 0xb
 1700 0195 3B       		.uleb128 0x3b
 1701 0196 0B       		.uleb128 0xb
 1702 0197 27       		.uleb128 0x27
 1703 0198 19       		.uleb128 0x19
 1704 0199 3C       		.uleb128 0x3c
 1705 019a 19       		.uleb128 0x19
 1706 019b 00       		.byte	0
 1707 019c 00       		.byte	0
 1708 019d 1E       		.uleb128 0x1e
 1709 019e 2E       		.uleb128 0x2e
 1710 019f 01       		.byte	0x1
 1711 01a0 3F       		.uleb128 0x3f
 1712 01a1 19       		.uleb128 0x19
 1713 01a2 03       		.uleb128 0x3
 1714 01a3 0E       		.uleb128 0xe
 1715 01a4 3A       		.uleb128 0x3a
 1716 01a5 0B       		.uleb128 0xb
 1717 01a6 3B       		.uleb128 0x3b
 1718 01a7 0B       		.uleb128 0xb
 1719 01a8 27       		.uleb128 0x27
 1720 01a9 19       		.uleb128 0x19
 1721 01aa 3C       		.uleb128 0x3c
 1722 01ab 19       		.uleb128 0x19
 1723 01ac 01       		.uleb128 0x1
 1724 01ad 13       		.uleb128 0x13
ARM GAS  C:\Users\Petro\AppData\Local\Temp\ccaooTre.s 			page 35


 1725 01ae 00       		.byte	0
 1726 01af 00       		.byte	0
 1727 01b0 1F       		.uleb128 0x1f
 1728 01b1 05       		.uleb128 0x5
 1729 01b2 00       		.byte	0
 1730 01b3 49       		.uleb128 0x49
 1731 01b4 13       		.uleb128 0x13
 1732 01b5 00       		.byte	0
 1733 01b6 00       		.byte	0
 1734 01b7 20       		.uleb128 0x20
 1735 01b8 2E       		.uleb128 0x2e
 1736 01b9 00       		.byte	0
 1737 01ba 3F       		.uleb128 0x3f
 1738 01bb 19       		.uleb128 0x19
 1739 01bc 03       		.uleb128 0x3
 1740 01bd 0E       		.uleb128 0xe
 1741 01be 3A       		.uleb128 0x3a
 1742 01bf 0B       		.uleb128 0xb
 1743 01c0 3B       		.uleb128 0x3b
 1744 01c1 05       		.uleb128 0x5
 1745 01c2 27       		.uleb128 0x27
 1746 01c3 19       		.uleb128 0x19
 1747 01c4 3C       		.uleb128 0x3c
 1748 01c5 19       		.uleb128 0x19
 1749 01c6 00       		.byte	0
 1750 01c7 00       		.byte	0
 1751 01c8 21       		.uleb128 0x21
 1752 01c9 2E       		.uleb128 0x2e
 1753 01ca 01       		.byte	0x1
 1754 01cb 3F       		.uleb128 0x3f
 1755 01cc 19       		.uleb128 0x19
 1756 01cd 03       		.uleb128 0x3
 1757 01ce 0E       		.uleb128 0xe
 1758 01cf 3A       		.uleb128 0x3a
 1759 01d0 0B       		.uleb128 0xb
 1760 01d1 3B       		.uleb128 0x3b
 1761 01d2 0B       		.uleb128 0xb
 1762 01d3 27       		.uleb128 0x27
 1763 01d4 19       		.uleb128 0x19
 1764 01d5 49       		.uleb128 0x49
 1765 01d6 13       		.uleb128 0x13
 1766 01d7 3C       		.uleb128 0x3c
 1767 01d8 19       		.uleb128 0x19
 1768 01d9 01       		.uleb128 0x1
 1769 01da 13       		.uleb128 0x13
 1770 01db 00       		.byte	0
 1771 01dc 00       		.byte	0
 1772 01dd 22       		.uleb128 0x22
 1773 01de 18       		.uleb128 0x18
 1774 01df 00       		.byte	0
 1775 01e0 00       		.byte	0
 1776 01e1 00       		.byte	0
 1777 01e2 23       		.uleb128 0x23
 1778 01e3 2E       		.uleb128 0x2e
 1779 01e4 01       		.byte	0x1
 1780 01e5 3F       		.uleb128 0x3f
 1781 01e6 19       		.uleb128 0x19
ARM GAS  C:\Users\Petro\AppData\Local\Temp\ccaooTre.s 			page 36


 1782 01e7 03       		.uleb128 0x3
 1783 01e8 0E       		.uleb128 0xe
 1784 01e9 3A       		.uleb128 0x3a
 1785 01ea 0B       		.uleb128 0xb
 1786 01eb 3B       		.uleb128 0x3b
 1787 01ec 05       		.uleb128 0x5
 1788 01ed 27       		.uleb128 0x27
 1789 01ee 19       		.uleb128 0x19
 1790 01ef 3C       		.uleb128 0x3c
 1791 01f0 19       		.uleb128 0x19
 1792 01f1 01       		.uleb128 0x1
 1793 01f2 13       		.uleb128 0x13
 1794 01f3 00       		.byte	0
 1795 01f4 00       		.byte	0
 1796 01f5 24       		.uleb128 0x24
 1797 01f6 2E       		.uleb128 0x2e
 1798 01f7 00       		.byte	0
 1799 01f8 3F       		.uleb128 0x3f
 1800 01f9 19       		.uleb128 0x19
 1801 01fa 03       		.uleb128 0x3
 1802 01fb 0E       		.uleb128 0xe
 1803 01fc 3A       		.uleb128 0x3a
 1804 01fd 0B       		.uleb128 0xb
 1805 01fe 3B       		.uleb128 0x3b
 1806 01ff 05       		.uleb128 0x5
 1807 0200 27       		.uleb128 0x27
 1808 0201 19       		.uleb128 0x19
 1809 0202 49       		.uleb128 0x49
 1810 0203 13       		.uleb128 0x13
 1811 0204 3C       		.uleb128 0x3c
 1812 0205 19       		.uleb128 0x19
 1813 0206 00       		.byte	0
 1814 0207 00       		.byte	0
 1815 0208 00       		.byte	0
 1816              		.section	.debug_loc,"",%progbits
 1817              	.Ldebug_loc0:
 1818              	.LLST0:
 1819 0000 18000000 		.4byte	.LVL12
 1820 0004 1C000000 		.4byte	.LVL13
 1821 0008 0100     		.2byte	0x1
 1822 000a 50       		.byte	0x50
 1823 000b 74000000 		.4byte	.LVL19
 1824 000f 78000000 		.4byte	.LVL20
 1825 0013 0100     		.2byte	0x1
 1826 0015 50       		.byte	0x50
 1827 0016 00000000 		.4byte	0
 1828 001a 00000000 		.4byte	0
 1829              	.LLST1:
 1830 001e 00000000 		.4byte	.LVL21
 1831 0022 0A000000 		.4byte	.LVL22
 1832 0026 0100     		.2byte	0x1
 1833 0028 52       		.byte	0x52
 1834 0029 0A000000 		.4byte	.LVL22
 1835 002d 14000000 		.4byte	.LFE67
 1836 0031 0400     		.2byte	0x4
 1837 0033 F3       		.byte	0xf3
 1838 0034 01       		.uleb128 0x1
ARM GAS  C:\Users\Petro\AppData\Local\Temp\ccaooTre.s 			page 37


 1839 0035 52       		.byte	0x52
 1840 0036 9F       		.byte	0x9f
 1841 0037 00000000 		.4byte	0
 1842 003b 00000000 		.4byte	0
 1843              		.section	.debug_aranges,"",%progbits
 1844 0000 4C000000 		.4byte	0x4c
 1845 0004 0200     		.2byte	0x2
 1846 0006 00000000 		.4byte	.Ldebug_info0
 1847 000a 04       		.byte	0x4
 1848 000b 00       		.byte	0
 1849 000c 0000     		.2byte	0
 1850 000e 0000     		.2byte	0
 1851 0010 00000000 		.4byte	.LFB63
 1852 0014 3C000000 		.4byte	.LFE63-.LFB63
 1853 0018 00000000 		.4byte	.LFB64
 1854 001c A4000000 		.4byte	.LFE64-.LFB64
 1855 0020 00000000 		.4byte	.LFB65
 1856 0024 AC000000 		.4byte	.LFE65-.LFB65
 1857 0028 00000000 		.4byte	.LFB66
 1858 002c 0C000000 		.4byte	.LFE66-.LFB66
 1859 0030 00000000 		.4byte	.LFB67
 1860 0034 14000000 		.4byte	.LFE67-.LFB67
 1861 0038 00000000 		.4byte	.LFB68
 1862 003c 0C000000 		.4byte	.LFE68-.LFB68
 1863 0040 00000000 		.4byte	.LFB69
 1864 0044 14000000 		.4byte	.LFE69-.LFB69
 1865 0048 00000000 		.4byte	0
 1866 004c 00000000 		.4byte	0
 1867              		.section	.debug_ranges,"",%progbits
 1868              	.Ldebug_ranges0:
 1869 0000 00000000 		.4byte	.LFB63
 1870 0004 3C000000 		.4byte	.LFE63
 1871 0008 00000000 		.4byte	.LFB64
 1872 000c A4000000 		.4byte	.LFE64
 1873 0010 00000000 		.4byte	.LFB65
 1874 0014 AC000000 		.4byte	.LFE65
 1875 0018 00000000 		.4byte	.LFB66
 1876 001c 0C000000 		.4byte	.LFE66
 1877 0020 00000000 		.4byte	.LFB67
 1878 0024 14000000 		.4byte	.LFE67
 1879 0028 00000000 		.4byte	.LFB68
 1880 002c 0C000000 		.4byte	.LFE68
 1881 0030 00000000 		.4byte	.LFB69
 1882 0034 14000000 		.4byte	.LFE69
 1883 0038 00000000 		.4byte	0
 1884 003c 00000000 		.4byte	0
 1885              		.section	.debug_line,"",%progbits
 1886              	.Ldebug_line0:
 1887 0000 83020000 		.section	.debug_str,"MS",%progbits,1
 1887      0200AD01 
 1887      00000201 
 1887      FB0E0D00 
 1887      01010101 
 1888              	.LASF56:
 1889 0000 72657375 		.ascii	"result\000"
 1889      6C7400
 1890              	.LASF63:
ARM GAS  C:\Users\Petro\AppData\Local\Temp\ccaooTre.s 			page 38


 1891 0007 4C656E53 		.ascii	"LenSeq\000"
 1891      657100
 1892              	.LASF40:
 1893 000e 6E657753 		.ascii	"newSkier\000"
 1893      6B696572 
 1893      00
 1894              	.LASF44:
 1895 0017 53656E64 		.ascii	"SendData\000"
 1895      44617461 
 1895      00
 1896              	.LASF46:
 1897 0020 73656E64 		.ascii	"sendData\000"
 1897      44617461 
 1897      00
 1898              	.LASF78:
 1899 0029 53575F55 		.ascii	"SW_UART_DEBUG_PutChar\000"
 1899      4152545F 
 1899      44454255 
 1899      475F5075 
 1899      74436861 
 1900              	.LASF58:
 1901 003f 6E6F436F 		.ascii	"noConnect\000"
 1901      6E6E6563 
 1901      7400
 1902              	.LASF32:
 1903 0049 7265626F 		.ascii	"reboot\000"
 1903      6F7400
 1904              	.LASF23:
 1905 0050 73697A65 		.ascii	"sizetype\000"
 1905      74797065 
 1905      00
 1906              	.LASF48:
 1907 0059 72656376 		.ascii	"recvData\000"
 1907      44617461 
 1907      00
 1908              	.LASF61:
 1909 0062 4C656E44 		.ascii	"LenD2\000"
 1909      3200
 1910              	.LASF21:
 1911 0068 63686172 		.ascii	"char8\000"
 1911      3800
 1912              	.LASF39:
 1913 006e 73746172 		.ascii	"startMsTime\000"
 1913      744D7354 
 1913      696D6500 
 1914              	.LASF7:
 1915 007a 5F5F7569 		.ascii	"__uint32_t\000"
 1915      6E743332 
 1915      5F7400
 1916              	.LASF49:
 1917 0085 53656E64 		.ascii	"SendSkierStart\000"
 1917      536B6965 
 1917      72537461 
 1917      727400
 1918              	.LASF4:
 1919 0094 5F5F7569 		.ascii	"__uint16_t\000"
 1919      6E743136 
ARM GAS  C:\Users\Petro\AppData\Local\Temp\ccaooTre.s 			page 39


 1919      5F7400
 1920              	.LASF2:
 1921 009f 73686F72 		.ascii	"short int\000"
 1921      7420696E 
 1921      7400
 1922              	.LASF85:
 1923 00a9 66696E4E 		.ascii	"finNoReady\000"
 1923      6F526561 
 1923      647900
 1924              	.LASF45:
 1925 00b4 73656E64 		.ascii	"sendBuffer\000"
 1925      42756666 
 1925      657200
 1926              	.LASF13:
 1927 00bf 75696E74 		.ascii	"uint8_t\000"
 1927      385F7400 
 1928              	.LASF52:
 1929 00c7 4E657477 		.ascii	"NetworkStatus\000"
 1929      6F726B53 
 1929      74617475 
 1929      7300
 1930              	.LASF42:
 1931 00d5 53746172 		.ascii	"StartData\000"
 1931      74446174 
 1931      6100
 1932              	.LASF17:
 1933 00df 75696E74 		.ascii	"uint8\000"
 1933      3800
 1934              	.LASF80:
 1935 00e5 55415254 		.ascii	"UART_XB_UartGetChar\000"
 1935      5F58425F 
 1935      55617274 
 1935      47657443 
 1935      68617200 
 1936              	.LASF19:
 1937 00f9 666C6F61 		.ascii	"float\000"
 1937      7400
 1938              	.LASF59:
 1939 00ff 50524F54 		.ascii	"PROTO_STATE\000"
 1939      4F5F5354 
 1939      41544500 
 1940              	.LASF9:
 1941 010b 6C6F6E67 		.ascii	"long long int\000"
 1941      206C6F6E 
 1941      6720696E 
 1941      7400
 1942              	.LASF37:
 1943 0119 46696E69 		.ascii	"FinishData\000"
 1943      73684461 
 1943      746100
 1944              	.LASF6:
 1945 0124 6C6F6E67 		.ascii	"long int\000"
 1945      20696E74 
 1945      00
 1946              	.LASF67:
 1947 012d 6F757444 		.ascii	"outData\000"
 1947      61746100 
ARM GAS  C:\Users\Petro\AppData\Local\Temp\ccaooTre.s 			page 40


 1948              	.LASF84:
 1949 0135 52657370 		.ascii	"Resp\000"
 1949      00
 1950              	.LASF57:
 1951 013a 6E657477 		.ascii	"networkStatus\000"
 1951      6F726B53 
 1951      74617475 
 1951      7300
 1952              	.LASF41:
 1953 0148 77726974 		.ascii	"writeStatus\000"
 1953      65537461 
 1953      74757300 
 1954              	.LASF3:
 1955 0154 5F5F7569 		.ascii	"__uint8_t\000"
 1955      6E74385F 
 1955      7400
 1956              	.LASF66:
 1957 015e 696E4461 		.ascii	"inData\000"
 1957      746100
 1958              	.LASF35:
 1959 0165 746D704D 		.ascii	"tmpMsTime\000"
 1959      7354696D 
 1959      6500
 1960              	.LASF28:
 1961 016f 43686563 		.ascii	"CheckSum\000"
 1961      6B53756D 
 1961      00
 1962              	.LASF74:
 1963 0178 53575F55 		.ascii	"SW_UART_DEBUG_PutString\000"
 1963      4152545F 
 1963      44454255 
 1963      475F5075 
 1963      74537472 
 1964              	.LASF72:
 1965 0190 73707269 		.ascii	"sprintf\000"
 1965      6E746600 
 1966              	.LASF1:
 1967 0198 756E7369 		.ascii	"unsigned char\000"
 1967      676E6564 
 1967      20636861 
 1967      7200
 1968              	.LASF60:
 1969 01a6 4C656E44 		.ascii	"LenD1\000"
 1969      3100
 1970              	.LASF68:
 1971 01ac 70726576 		.ascii	"previousData\000"
 1971      696F7573 
 1971      44617461 
 1971      00
 1972              	.LASF62:
 1973 01b9 4C656E44 		.ascii	"LenD3\000"
 1973      3300
 1974              	.LASF0:
 1975 01bf 7369676E 		.ascii	"signed char\000"
 1975      65642063 
 1975      68617200 
 1976              	.LASF16:
ARM GAS  C:\Users\Petro\AppData\Local\Temp\ccaooTre.s 			page 41


 1977 01cb 75696E74 		.ascii	"uint64_t\000"
 1977      36345F74 
 1977      00
 1978              	.LASF11:
 1979 01d4 6C6F6E67 		.ascii	"long long unsigned int\000"
 1979      206C6F6E 
 1979      6720756E 
 1979      7369676E 
 1979      65642069 
 1980              	.LASF69:
 1981 01eb 55415254 		.ascii	"UART_XB_Start\000"
 1981      5F58425F 
 1981      53746172 
 1981      7400
 1982              	.LASF15:
 1983 01f9 75696E74 		.ascii	"uint32_t\000"
 1983      33325F74 
 1983      00
 1984              	.LASF77:
 1985 0202 556E7061 		.ascii	"UnpackData\000"
 1985      636B4461 
 1985      746100
 1986              	.LASF50:
 1987 020d 756E6978 		.ascii	"unixTimeStart\000"
 1987      54696D65 
 1987      53746172 
 1987      7400
 1988              	.LASF12:
 1989 021b 756E7369 		.ascii	"unsigned int\000"
 1989      676E6564 
 1989      20696E74 
 1989      00
 1990              	.LASF79:
 1991 0228 55415254 		.ascii	"UART_XB_SpiUartGetRxBufferSize\000"
 1991      5F58425F 
 1991      53706955 
 1991      61727447 
 1991      65745278 
 1992              	.LASF64:
 1993 0247 4C656E43 		.ascii	"LenChS\000"
 1993      685300
 1994              	.LASF8:
 1995 024e 6C6F6E67 		.ascii	"long unsigned int\000"
 1995      20756E73 
 1995      69676E65 
 1995      6420696E 
 1995      7400
 1996              	.LASF43:
 1997 0260 496E6974 		.ascii	"InitNetwork\000"
 1997      4E657477 
 1997      6F726B00 
 1998              	.LASF34:
 1999 026c 746D7054 		.ascii	"tmpTime\000"
 1999      696D6500 
 2000              	.LASF30:
 2001 0274 49447061 		.ascii	"IDpacket\000"
 2001      636B6574 
ARM GAS  C:\Users\Petro\AppData\Local\Temp\ccaooTre.s 			page 42


 2001      00
 2002              	.LASF24:
 2003 027d 436F6D6D 		.ascii	"Command\000"
 2003      616E6400 
 2004              	.LASF36:
 2005 0285 72656164 		.ascii	"readStatus\000"
 2005      53746174 
 2005      757300
 2006              	.LASF22:
 2007 0290 63686172 		.ascii	"char\000"
 2007      00
 2008              	.LASF14:
 2009 0295 75696E74 		.ascii	"uint16_t\000"
 2009      31365F74 
 2009      00
 2010              	.LASF53:
 2011 029e 46696E52 		.ascii	"FinReady\000"
 2011      65616479 
 2011      00
 2012              	.LASF31:
 2013 02a7 72656164 		.ascii	"ready\000"
 2013      7900
 2014              	.LASF38:
 2015 02ad 756E6978 		.ascii	"unixStartTime\000"
 2015      53746172 
 2015      7454696D 
 2015      6500
 2016              	.LASF5:
 2017 02bb 73686F72 		.ascii	"short unsigned int\000"
 2017      7420756E 
 2017      7369676E 
 2017      65642069 
 2017      6E7400
 2018              	.LASF76:
 2019 02ce 73747263 		.ascii	"strcpy\000"
 2019      707900
 2020              	.LASF70:
 2021 02d5 53575F55 		.ascii	"SW_UART_DEBUG_Start\000"
 2021      4152545F 
 2021      44454255 
 2021      475F5374 
 2021      61727400 
 2022              	.LASF25:
 2023 02e9 44617461 		.ascii	"Data1\000"
 2023      3100
 2024              	.LASF26:
 2025 02ef 44617461 		.ascii	"Data2\000"
 2025      3200
 2026              	.LASF10:
 2027 02f5 5F5F7569 		.ascii	"__uint64_t\000"
 2027      6E743634 
 2027      5F7400
 2028              	.LASF71:
 2029 0300 55415254 		.ascii	"UART_XB_SpiUartClearRxBuffer\000"
 2029      5F58425F 
 2029      53706955 
 2029      61727443 
ARM GAS  C:\Users\Petro\AppData\Local\Temp\ccaooTre.s 			page 43


 2029      6C656172 
 2030              	.LASF82:
 2031 031d 2E5C6C69 		.ascii	".\\lib_Network\\network.c\000"
 2031      625F4E65 
 2031      74776F72 
 2031      6B5C6E65 
 2031      74776F72 
 2032              	.LASF18:
 2033 0335 75696E74 		.ascii	"uint32\000"
 2033      333200
 2034              	.LASF55:
 2035 033c 46696E57 		.ascii	"FinWriteInDB\000"
 2035      72697465 
 2035      496E4442 
 2035      00
 2036              	.LASF20:
 2037 0349 646F7562 		.ascii	"double\000"
 2037      6C6500
 2038              	.LASF83:
 2039 0350 443A5C43 		.ascii	"D:\\Cypress\\system-start-finish\\vesion 2\\fw\\fin"
 2039      79707265 
 2039      73735C73 
 2039      79737465 
 2039      6D2D7374 
 2040 037e 6973685C 		.ascii	"ish\\sandbox\\v2\\ntp\\NTP\\ntp_master.cydsn\000"
 2040      73616E64 
 2040      626F785C 
 2040      76325C6E 
 2040      74705C4E 
 2041              	.LASF47:
 2042 03a6 62797465 		.ascii	"byte\000"
 2042      00
 2043              	.LASF27:
 2044 03ab 44617461 		.ascii	"Data3\000"
 2044      3300
 2045              	.LASF73:
 2046 03b1 5061636B 		.ascii	"PackData\000"
 2046      44617461 
 2046      00
 2047              	.LASF54:
 2048 03ba 52656365 		.ascii	"ReceiveData\000"
 2048      69766544 
 2048      61746100 
 2049              	.LASF29:
 2050 03c6 456E6450 		.ascii	"EndPacket\000"
 2050      61636B65 
 2050      7400
 2051              	.LASF65:
 2052 03d0 4C656E43 		.ascii	"LenC\000"
 2052      00
 2053              	.LASF81:
 2054 03d5 474E5520 		.ascii	"GNU C 4.9.3 20150303 (release) [ARM/embedded-4_9-br"
 2054      4320342E 
 2054      392E3320 
 2054      32303135 
 2054      30333033 
 2055 0408 616E6368 		.ascii	"anch revision 221220] -mcpu=cortex-m0 -mthumb -g -O"
ARM GAS  C:\Users\Petro\AppData\Local\Temp\ccaooTre.s 			page 44


 2055      20726576 
 2055      6973696F 
 2055      6E203232 
 2055      31323230 
 2056 043b 67202D66 		.ascii	"g -ffunction-sections -ffat-lto-objects\000"
 2056      66756E63 
 2056      74696F6E 
 2056      2D736563 
 2056      74696F6E 
 2057              	.LASF75:
 2058 0463 55415254 		.ascii	"UART_XB_UartPutString\000"
 2058      5F58425F 
 2058      55617274 
 2058      50757453 
 2058      7472696E 
 2059              	.LASF33:
 2060 0479 636F756E 		.ascii	"countSkiers\000"
 2060      74536B69 
 2060      65727300 
 2061              	.LASF51:
 2062 0485 72656365 		.ascii	"recentMs\000"
 2062      6E744D73 
 2062      00
 2063              		.ident	"GCC: (GNU Tools for ARM Embedded Processors) 4.9.3 20150303 (release) [ARM/embedded-4_9-br
