ARM GAS  C:\Users\Petro\AppData\Local\Temp\cc5lwMOa.s 			page 1


   1              		.cpu cortex-m0
   2              		.fpu softvfp
   3              		.eabi_attribute 20, 1
   4              		.eabi_attribute 21, 1
   5              		.eabi_attribute 23, 3
   6              		.eabi_attribute 24, 1
   7              		.eabi_attribute 25, 1
   8              		.eabi_attribute 26, 1
   9              		.eabi_attribute 30, 4
  10              		.eabi_attribute 34, 0
  11              		.eabi_attribute 18, 4
  12              		.code	16
  13              		.file	"ble_custom.c"
  14              		.text
  15              	.Ltext0:
  16              		.cfi_sections	.debug_frame
  17              		.section	.text.CyBle_CustomInit,"ax",%progbits
  18              		.align	1
  19              		.global	CyBle_CustomInit
  20              		.code	16
  21              		.thumb_func
  22              		.type	CyBle_CustomInit, %function
  23              	CyBle_CustomInit:
  24              	.LFB2:
  25              		.file 1 "Generated_Source\\PSoC4\\ble_custom.c"
   1:Generated_Source\PSoC4/ble_custom.c **** /***************************************************************************//**
   2:Generated_Source\PSoC4/ble_custom.c **** * \file CYBLE_custom.c
   3:Generated_Source\PSoC4/ble_custom.c **** * \version 2.30
   4:Generated_Source\PSoC4/ble_custom.c **** * 
   5:Generated_Source\PSoC4/ble_custom.c **** * \brief
   6:Generated_Source\PSoC4/ble_custom.c **** *  Contains the source code for the Custom Service.
   7:Generated_Source\PSoC4/ble_custom.c **** * 
   8:Generated_Source\PSoC4/ble_custom.c **** ********************************************************************************
   9:Generated_Source\PSoC4/ble_custom.c **** * \copyright
  10:Generated_Source\PSoC4/ble_custom.c **** * Copyright 2014-2015, Cypress Semiconductor Corporation.  All rights reserved.
  11:Generated_Source\PSoC4/ble_custom.c **** * You may use this file only in accordance with the license, terms, conditions,
  12:Generated_Source\PSoC4/ble_custom.c **** * disclaimers, and limitations in the end user license agreement accompanying
  13:Generated_Source\PSoC4/ble_custom.c **** * the software package with which this file was provided.
  14:Generated_Source\PSoC4/ble_custom.c **** *******************************************************************************/
  15:Generated_Source\PSoC4/ble_custom.c **** 
  16:Generated_Source\PSoC4/ble_custom.c **** 
  17:Generated_Source\PSoC4/ble_custom.c **** #include "ble_eventHandler.h"
  18:Generated_Source\PSoC4/ble_custom.c **** 
  19:Generated_Source\PSoC4/ble_custom.c **** #ifdef CYBLE_CUSTOM_SERVER
  20:Generated_Source\PSoC4/ble_custom.c **** 
  21:Generated_Source\PSoC4/ble_custom.c **** /* If any custom service with custom characterisctis is defined in the
  22:Generated_Source\PSoC4/ble_custom.c **** * customizer's GUI their handles will be present in this array.
  23:Generated_Source\PSoC4/ble_custom.c **** */
  24:Generated_Source\PSoC4/ble_custom.c **** /* This array contains attribute handles for the defined Custom Services and their characteristics 
  25:Generated_Source\PSoC4/ble_custom.c ****    The array index definitions are located in the CYBLE_custom.h file. */
  26:Generated_Source\PSoC4/ble_custom.c **** const CYBLE_CUSTOMS_T cyBle_customs[0x01u] = {
  27:Generated_Source\PSoC4/ble_custom.c **** 
  28:Generated_Source\PSoC4/ble_custom.c ****     /* SFsystemService service */
  29:Generated_Source\PSoC4/ble_custom.c ****     {
  30:Generated_Source\PSoC4/ble_custom.c ****         0x000Cu, /* Handle of the SFsystemService service */ 
  31:Generated_Source\PSoC4/ble_custom.c ****         {
  32:Generated_Source\PSoC4/ble_custom.c **** 
ARM GAS  C:\Users\Petro\AppData\Local\Temp\cc5lwMOa.s 			page 2


  33:Generated_Source\PSoC4/ble_custom.c ****             /* ID characteristic */
  34:Generated_Source\PSoC4/ble_custom.c ****             {
  35:Generated_Source\PSoC4/ble_custom.c ****                 0x000Eu, /* Handle of the ID characteristic */ 
  36:Generated_Source\PSoC4/ble_custom.c ****                 
  37:Generated_Source\PSoC4/ble_custom.c ****                 /* Array of Descriptors handles */
  38:Generated_Source\PSoC4/ble_custom.c ****                 {
  39:Generated_Source\PSoC4/ble_custom.c ****                     0x000Fu, /* Handle of the Characteristic User Description descriptor */ 
  40:Generated_Source\PSoC4/ble_custom.c ****                     0x0010u, /* Handle of the ID_CCCD descriptor */ 
  41:Generated_Source\PSoC4/ble_custom.c ****                 }, 
  42:Generated_Source\PSoC4/ble_custom.c ****             },
  43:Generated_Source\PSoC4/ble_custom.c **** 
  44:Generated_Source\PSoC4/ble_custom.c ****             /* time_start characteristic */
  45:Generated_Source\PSoC4/ble_custom.c ****             {
  46:Generated_Source\PSoC4/ble_custom.c ****                 0x0012u, /* Handle of the time_start characteristic */ 
  47:Generated_Source\PSoC4/ble_custom.c ****                 
  48:Generated_Source\PSoC4/ble_custom.c ****                 /* Array of Descriptors handles */
  49:Generated_Source\PSoC4/ble_custom.c ****                 {
  50:Generated_Source\PSoC4/ble_custom.c ****                     0x0013u, /* Handle of the Characteristic User Description descriptor */ 
  51:Generated_Source\PSoC4/ble_custom.c ****                     0x0014u, /* Handle of the timeStartCCCD descriptor */ 
  52:Generated_Source\PSoC4/ble_custom.c ****                 }, 
  53:Generated_Source\PSoC4/ble_custom.c ****             },
  54:Generated_Source\PSoC4/ble_custom.c **** 
  55:Generated_Source\PSoC4/ble_custom.c ****             /* time_finish characteristic */
  56:Generated_Source\PSoC4/ble_custom.c ****             {
  57:Generated_Source\PSoC4/ble_custom.c ****                 0x0016u, /* Handle of the time_finish characteristic */ 
  58:Generated_Source\PSoC4/ble_custom.c ****                 
  59:Generated_Source\PSoC4/ble_custom.c ****                 /* Array of Descriptors handles */
  60:Generated_Source\PSoC4/ble_custom.c ****                 {
  61:Generated_Source\PSoC4/ble_custom.c ****                     0x0017u, /* Handle of the Characteristic User Description descriptor */ 
  62:Generated_Source\PSoC4/ble_custom.c ****                     0x0018u, /* Handle of the timeFinishCCCD descriptor */ 
  63:Generated_Source\PSoC4/ble_custom.c ****                 }, 
  64:Generated_Source\PSoC4/ble_custom.c ****             },
  65:Generated_Source\PSoC4/ble_custom.c **** 
  66:Generated_Source\PSoC4/ble_custom.c ****             /* time_result characteristic */
  67:Generated_Source\PSoC4/ble_custom.c ****             {
  68:Generated_Source\PSoC4/ble_custom.c ****                 0x001Au, /* Handle of the time_result characteristic */ 
  69:Generated_Source\PSoC4/ble_custom.c ****                 
  70:Generated_Source\PSoC4/ble_custom.c ****                 /* Array of Descriptors handles */
  71:Generated_Source\PSoC4/ble_custom.c ****                 {
  72:Generated_Source\PSoC4/ble_custom.c ****                     0x001Bu, /* Handle of the Characteristic User Description descriptor */ 
  73:Generated_Source\PSoC4/ble_custom.c ****                     0x001Cu, /* Handle of the timeResultCCCD descriptor */ 
  74:Generated_Source\PSoC4/ble_custom.c ****                 }, 
  75:Generated_Source\PSoC4/ble_custom.c ****             },
  76:Generated_Source\PSoC4/ble_custom.c **** 
  77:Generated_Source\PSoC4/ble_custom.c ****             /* system_status characteristic */
  78:Generated_Source\PSoC4/ble_custom.c ****             {
  79:Generated_Source\PSoC4/ble_custom.c ****                 0x001Eu, /* Handle of the system_status characteristic */ 
  80:Generated_Source\PSoC4/ble_custom.c ****                 
  81:Generated_Source\PSoC4/ble_custom.c ****                 /* Array of Descriptors handles */
  82:Generated_Source\PSoC4/ble_custom.c ****                 {
  83:Generated_Source\PSoC4/ble_custom.c ****                     0x001Fu, /* Handle of the Characteristic User Description descriptor */ 
  84:Generated_Source\PSoC4/ble_custom.c ****                     0x0020u, /* Handle of the statusCCCd descriptor */ 
  85:Generated_Source\PSoC4/ble_custom.c ****                 }, 
  86:Generated_Source\PSoC4/ble_custom.c ****             },
  87:Generated_Source\PSoC4/ble_custom.c **** 
  88:Generated_Source\PSoC4/ble_custom.c ****             /* unixTime characteristic */
  89:Generated_Source\PSoC4/ble_custom.c ****             {
ARM GAS  C:\Users\Petro\AppData\Local\Temp\cc5lwMOa.s 			page 3


  90:Generated_Source\PSoC4/ble_custom.c ****                 0x0022u, /* Handle of the unixTime characteristic */ 
  91:Generated_Source\PSoC4/ble_custom.c ****                 
  92:Generated_Source\PSoC4/ble_custom.c ****                 /* Array of Descriptors handles */
  93:Generated_Source\PSoC4/ble_custom.c ****                 {
  94:Generated_Source\PSoC4/ble_custom.c ****                     0x0023u, /* Handle of the Characteristic User Description descriptor */ 
  95:Generated_Source\PSoC4/ble_custom.c ****                     CYBLE_GATT_INVALID_ATTR_HANDLE_VALUE, 
  96:Generated_Source\PSoC4/ble_custom.c ****                 }, 
  97:Generated_Source\PSoC4/ble_custom.c ****             },
  98:Generated_Source\PSoC4/ble_custom.c **** 
  99:Generated_Source\PSoC4/ble_custom.c ****             /* adminOnly characteristic */
 100:Generated_Source\PSoC4/ble_custom.c ****             {
 101:Generated_Source\PSoC4/ble_custom.c ****                 0x0025u, /* Handle of the adminOnly characteristic */ 
 102:Generated_Source\PSoC4/ble_custom.c ****                 
 103:Generated_Source\PSoC4/ble_custom.c ****                 /* Array of Descriptors handles */
 104:Generated_Source\PSoC4/ble_custom.c ****                 {
 105:Generated_Source\PSoC4/ble_custom.c ****                     0x0026u, /* Handle of the Characteristic User Description descriptor */ 
 106:Generated_Source\PSoC4/ble_custom.c ****                     CYBLE_GATT_INVALID_ATTR_HANDLE_VALUE, 
 107:Generated_Source\PSoC4/ble_custom.c ****                 }, 
 108:Generated_Source\PSoC4/ble_custom.c ****             },
 109:Generated_Source\PSoC4/ble_custom.c ****         }, 
 110:Generated_Source\PSoC4/ble_custom.c ****     },
 111:Generated_Source\PSoC4/ble_custom.c **** };
 112:Generated_Source\PSoC4/ble_custom.c **** 
 113:Generated_Source\PSoC4/ble_custom.c **** 
 114:Generated_Source\PSoC4/ble_custom.c **** #endif /* (CYBLE_CUSTOM_SERVER) */
 115:Generated_Source\PSoC4/ble_custom.c **** 
 116:Generated_Source\PSoC4/ble_custom.c **** #ifdef CYBLE_CUSTOM_CLIENT
 117:Generated_Source\PSoC4/ble_custom.c ****     
 118:Generated_Source\PSoC4/ble_custom.c **** 
 119:Generated_Source\PSoC4/ble_custom.c **** static uint16 cyBle_customDisServIndex;
 120:Generated_Source\PSoC4/ble_custom.c **** static uint16 cyBle_customDisCharIndex;
 121:Generated_Source\PSoC4/ble_custom.c **** 
 122:Generated_Source\PSoC4/ble_custom.c **** #endif /* (CYBLE_CUSTOM_CLIENT) */
 123:Generated_Source\PSoC4/ble_custom.c **** 
 124:Generated_Source\PSoC4/ble_custom.c **** 
 125:Generated_Source\PSoC4/ble_custom.c **** /****************************************************************************** 
 126:Generated_Source\PSoC4/ble_custom.c **** * Function Name: CyBle_CustomInit
 127:Generated_Source\PSoC4/ble_custom.c **** ***************************************************************************//**
 128:Generated_Source\PSoC4/ble_custom.c **** * 
 129:Generated_Source\PSoC4/ble_custom.c **** *  This function initializes Custom Service.
 130:Generated_Source\PSoC4/ble_custom.c **** * 
 131:Generated_Source\PSoC4/ble_custom.c **** * \return
 132:Generated_Source\PSoC4/ble_custom.c **** *  None
 133:Generated_Source\PSoC4/ble_custom.c **** * 
 134:Generated_Source\PSoC4/ble_custom.c **** ******************************************************************************/
 135:Generated_Source\PSoC4/ble_custom.c **** void CyBle_CustomInit(void)
 136:Generated_Source\PSoC4/ble_custom.c **** {
  26              		.loc 1 136 0
  27              		.cfi_startproc
 137:Generated_Source\PSoC4/ble_custom.c ****     
 138:Generated_Source\PSoC4/ble_custom.c **** #ifdef CYBLE_CUSTOM_CLIENT
 139:Generated_Source\PSoC4/ble_custom.c **** 
 140:Generated_Source\PSoC4/ble_custom.c ****     uint16 locServIndex;
 141:Generated_Source\PSoC4/ble_custom.c ****     uint16 locCharIndex;
 142:Generated_Source\PSoC4/ble_custom.c ****     uint16 locDescIndex;
 143:Generated_Source\PSoC4/ble_custom.c ****     
 144:Generated_Source\PSoC4/ble_custom.c ****     for(locServIndex = 0u; locServIndex < CYBLE_CUSTOMC_SERVICE_COUNT; locServIndex++)
ARM GAS  C:\Users\Petro\AppData\Local\Temp\cc5lwMOa.s 			page 4


 145:Generated_Source\PSoC4/ble_custom.c ****     {
 146:Generated_Source\PSoC4/ble_custom.c ****         for(locCharIndex = 0u; locCharIndex < cyBle_customCServ[locServIndex].charCount; locCharInd
 147:Generated_Source\PSoC4/ble_custom.c ****         {
 148:Generated_Source\PSoC4/ble_custom.c ****             cyBle_customCServ[locServIndex].customServChar[locCharIndex].
 149:Generated_Source\PSoC4/ble_custom.c ****                 customServCharHandle = 0u;
 150:Generated_Source\PSoC4/ble_custom.c ****             
 151:Generated_Source\PSoC4/ble_custom.c ****             for(locDescIndex = 0u; locDescIndex < 
 152:Generated_Source\PSoC4/ble_custom.c ****                 cyBle_customCServ[locServIndex].customServChar[locCharIndex].descCount; 
 153:Generated_Source\PSoC4/ble_custom.c ****                     locDescIndex++)
 154:Generated_Source\PSoC4/ble_custom.c ****             {
 155:Generated_Source\PSoC4/ble_custom.c ****                 cyBle_customCServ[locServIndex].customServChar[locCharIndex].
 156:Generated_Source\PSoC4/ble_custom.c ****                     customServCharDesc[locDescIndex].descHandle = 0u;
 157:Generated_Source\PSoC4/ble_custom.c ****             }
 158:Generated_Source\PSoC4/ble_custom.c ****         }
 159:Generated_Source\PSoC4/ble_custom.c ****     }
 160:Generated_Source\PSoC4/ble_custom.c **** 
 161:Generated_Source\PSoC4/ble_custom.c **** #endif /* (CYBLE_CUSTOM_CLIENT) */
 162:Generated_Source\PSoC4/ble_custom.c **** }
  28              		.loc 1 162 0
  29              		@ sp needed
  30 0000 7047     		bx	lr
  31              		.cfi_endproc
  32              	.LFE2:
  33              		.size	CyBle_CustomInit, .-CyBle_CustomInit
  34              		.global	cyBle_customs
  35              		.section	.rodata
  36              		.align	1
  37              		.type	cyBle_customs, %object
  38              		.size	cyBle_customs, 44
  39              	cyBle_customs:
  40 0000 0C00     		.short	12
  41 0002 0E00     		.short	14
  42 0004 0F00     		.short	15
  43 0006 1000     		.short	16
  44 0008 1200     		.short	18
  45 000a 1300     		.short	19
  46 000c 1400     		.short	20
  47 000e 1600     		.short	22
  48 0010 1700     		.short	23
  49 0012 1800     		.short	24
  50 0014 1A00     		.short	26
  51 0016 1B00     		.short	27
  52 0018 1C00     		.short	28
  53 001a 1E00     		.short	30
  54 001c 1F00     		.short	31
  55 001e 2000     		.short	32
  56 0020 2200     		.short	34
  57 0022 2300     		.short	35
  58 0024 0000     		.short	0
  59 0026 2500     		.short	37
  60 0028 2600     		.short	38
  61 002a 0000     		.short	0
  62              		.text
  63              	.Letext0:
  64              		.file 2 "Generated_Source\\PSoC4\\cytypes.h"
  65              		.file 3 "Generated_Source\\PSoC4\\ble_StackGatt.h"
  66              		.file 4 "Generated_Source\\PSoC4\\ble_custom.h"
ARM GAS  C:\Users\Petro\AppData\Local\Temp\cc5lwMOa.s 			page 5


  67              		.file 5 "Generated_Source\\PSoC4\\ble_Stack.h"
  68              		.section	.debug_info,"",%progbits
  69              	.Ldebug_info0:
  70 0000 D0020000 		.4byte	0x2d0
  71 0004 0400     		.2byte	0x4
  72 0006 00000000 		.4byte	.Ldebug_abbrev0
  73 000a 04       		.byte	0x4
  74 000b 01       		.uleb128 0x1
  75 000c FA010000 		.4byte	.LASF78
  76 0010 01       		.byte	0x1
  77 0011 23060000 		.4byte	.LASF79
  78 0015 00000000 		.4byte	.LASF80
  79 0019 00000000 		.4byte	.Ldebug_ranges0+0
  80 001d 00000000 		.4byte	0
  81 0021 00000000 		.4byte	.Ldebug_line0
  82 0025 02       		.uleb128 0x2
  83 0026 01       		.byte	0x1
  84 0027 06       		.byte	0x6
  85 0028 AA040000 		.4byte	.LASF0
  86 002c 02       		.uleb128 0x2
  87 002d 01       		.byte	0x1
  88 002e 08       		.byte	0x8
  89 002f 31040000 		.4byte	.LASF1
  90 0033 02       		.uleb128 0x2
  91 0034 02       		.byte	0x2
  92 0035 05       		.byte	0x5
  93 0036 9B000000 		.4byte	.LASF2
  94 003a 02       		.uleb128 0x2
  95 003b 02       		.byte	0x2
  96 003c 07       		.byte	0x7
  97 003d 10060000 		.4byte	.LASF3
  98 0041 02       		.uleb128 0x2
  99 0042 04       		.byte	0x4
 100 0043 05       		.byte	0x5
 101 0044 FB020000 		.4byte	.LASF4
 102 0048 02       		.uleb128 0x2
 103 0049 04       		.byte	0x4
 104 004a 07       		.byte	0x7
 105 004b 3B050000 		.4byte	.LASF5
 106 004f 02       		.uleb128 0x2
 107 0050 08       		.byte	0x8
 108 0051 05       		.byte	0x5
 109 0052 C1020000 		.4byte	.LASF6
 110 0056 02       		.uleb128 0x2
 111 0057 08       		.byte	0x8
 112 0058 07       		.byte	0x7
 113 0059 CF020000 		.4byte	.LASF7
 114 005d 03       		.uleb128 0x3
 115 005e 04       		.byte	0x4
 116 005f 05       		.byte	0x5
 117 0060 696E7400 		.ascii	"int\000"
 118 0064 02       		.uleb128 0x2
 119 0065 04       		.byte	0x4
 120 0066 07       		.byte	0x7
 121 0067 13050000 		.4byte	.LASF8
 122 006b 04       		.uleb128 0x4
 123 006c 4A010000 		.4byte	.LASF70
ARM GAS  C:\Users\Petro\AppData\Local\Temp\cc5lwMOa.s 			page 6


 124 0070 02       		.byte	0x2
 125 0071 9901     		.2byte	0x199
 126 0073 3A000000 		.4byte	0x3a
 127 0077 02       		.uleb128 0x2
 128 0078 04       		.byte	0x4
 129 0079 04       		.byte	0x4
 130 007a 88020000 		.4byte	.LASF9
 131 007e 02       		.uleb128 0x2
 132 007f 08       		.byte	0x8
 133 0080 04       		.byte	0x4
 134 0081 E4060000 		.4byte	.LASF10
 135 0085 02       		.uleb128 0x2
 136 0086 01       		.byte	0x1
 137 0087 08       		.byte	0x8
 138 0088 EF050000 		.4byte	.LASF11
 139 008c 02       		.uleb128 0x2
 140 008d 04       		.byte	0x4
 141 008e 07       		.byte	0x7
 142 008f BF000000 		.4byte	.LASF12
 143 0093 05       		.uleb128 0x5
 144 0094 01       		.byte	0x1
 145 0095 05       		.byte	0x5
 146 0096 A4       		.byte	0xa4
 147 0097 18020000 		.4byte	0x218
 148 009b 06       		.uleb128 0x6
 149 009c A4010000 		.4byte	.LASF13
 150 00a0 00       		.sleb128 0
 151 00a1 06       		.uleb128 0x6
 152 00a2 19010000 		.4byte	.LASF14
 153 00a6 01       		.sleb128 1
 154 00a7 06       		.uleb128 0x6
 155 00a8 4D080000 		.4byte	.LASF15
 156 00ac 02       		.sleb128 2
 157 00ad 06       		.uleb128 0x6
 158 00ae 23070000 		.4byte	.LASF16
 159 00b2 03       		.sleb128 3
 160 00b3 06       		.uleb128 0x6
 161 00b4 F3000000 		.4byte	.LASF17
 162 00b8 04       		.sleb128 4
 163 00b9 06       		.uleb128 0x6
 164 00ba 8D030000 		.4byte	.LASF18
 165 00be 05       		.sleb128 5
 166 00bf 06       		.uleb128 0x6
 167 00c0 81070000 		.4byte	.LASF19
 168 00c4 20       		.sleb128 32
 169 00c5 06       		.uleb128 0x6
 170 00c6 4D050000 		.4byte	.LASF20
 171 00ca 21       		.sleb128 33
 172 00cb 06       		.uleb128 0x6
 173 00cc 55000000 		.4byte	.LASF21
 174 00d0 22       		.sleb128 34
 175 00d1 06       		.uleb128 0x6
 176 00d2 A9030000 		.4byte	.LASF22
 177 00d6 23       		.sleb128 35
 178 00d7 06       		.uleb128 0x6
 179 00d8 F7040000 		.4byte	.LASF23
 180 00dc 24       		.sleb128 36
ARM GAS  C:\Users\Petro\AppData\Local\Temp\cc5lwMOa.s 			page 7


 181 00dd 06       		.uleb128 0x6
 182 00de A5000000 		.4byte	.LASF24
 183 00e2 25       		.sleb128 37
 184 00e3 06       		.uleb128 0x6
 185 00e4 44030000 		.4byte	.LASF25
 186 00e8 26       		.sleb128 38
 187 00e9 06       		.uleb128 0x6
 188 00ea 25030000 		.4byte	.LASF26
 189 00ee 27       		.sleb128 39
 190 00ef 06       		.uleb128 0x6
 191 00f0 79000000 		.4byte	.LASF27
 192 00f4 28       		.sleb128 40
 193 00f5 06       		.uleb128 0x6
 194 00f6 85050000 		.4byte	.LASF28
 195 00fa 29       		.sleb128 41
 196 00fb 06       		.uleb128 0x6
 197 00fc C6050000 		.4byte	.LASF29
 198 0100 2A       		.sleb128 42
 199 0101 06       		.uleb128 0x6
 200 0102 84060000 		.4byte	.LASF30
 201 0106 2B       		.sleb128 43
 202 0107 06       		.uleb128 0x6
 203 0108 A2050000 		.4byte	.LASF31
 204 010c 2C       		.sleb128 44
 205 010d 06       		.uleb128 0x6
 206 010e C8000000 		.4byte	.LASF32
 207 0112 C000     		.sleb128 64
 208 0114 06       		.uleb128 0x6
 209 0115 20050000 		.4byte	.LASF33
 210 0119 C100     		.sleb128 65
 211 011b 06       		.uleb128 0x6
 212 011c 17090000 		.4byte	.LASF34
 213 0120 C200     		.sleb128 66
 214 0122 06       		.uleb128 0x6
 215 0123 2C010000 		.4byte	.LASF35
 216 0127 C300     		.sleb128 67
 217 0129 06       		.uleb128 0x6
 218 012a 0B080000 		.4byte	.LASF36
 219 012e C400     		.sleb128 68
 220 0130 06       		.uleb128 0x6
 221 0131 A5070000 		.4byte	.LASF37
 222 0135 C500     		.sleb128 69
 223 0137 06       		.uleb128 0x6
 224 0138 EA070000 		.4byte	.LASF38
 225 013c C600     		.sleb128 70
 226 013e 06       		.uleb128 0x6
 227 013f 8C040000 		.4byte	.LASF39
 228 0143 C700     		.sleb128 71
 229 0145 06       		.uleb128 0x6
 230 0146 D0040000 		.4byte	.LASF40
 231 014a C800     		.sleb128 72
 232 014c 06       		.uleb128 0x6
 233 014d 8E020000 		.4byte	.LASF41
 234 0151 C900     		.sleb128 73
 235 0153 06       		.uleb128 0x6
 236 0154 47060000 		.4byte	.LASF42
 237 0158 CA00     		.sleb128 74
ARM GAS  C:\Users\Petro\AppData\Local\Temp\cc5lwMOa.s 			page 8


 238 015a 06       		.uleb128 0x6
 239 015b 64010000 		.4byte	.LASF43
 240 015f CB00     		.sleb128 75
 241 0161 06       		.uleb128 0x6
 242 0162 B6040000 		.4byte	.LASF44
 243 0166 CC00     		.sleb128 76
 244 0168 06       		.uleb128 0x6
 245 0169 A7020000 		.4byte	.LASF45
 246 016d CD00     		.sleb128 77
 247 016f 06       		.uleb128 0x6
 248 0170 CC070000 		.4byte	.LASF46
 249 0174 CE00     		.sleb128 78
 250 0176 06       		.uleb128 0x6
 251 0177 4E040000 		.4byte	.LASF47
 252 017b CF00     		.sleb128 79
 253 017d 06       		.uleb128 0x6
 254 017e AA080000 		.4byte	.LASF48
 255 0182 D000     		.sleb128 80
 256 0184 06       		.uleb128 0x6
 257 0185 65060000 		.4byte	.LASF49
 258 0189 D100     		.sleb128 81
 259 018b 06       		.uleb128 0x6
 260 018c 6C030000 		.4byte	.LASF50
 261 0190 D200     		.sleb128 82
 262 0192 06       		.uleb128 0x6
 263 0193 04030000 		.4byte	.LASF51
 264 0197 D300     		.sleb128 83
 265 0199 06       		.uleb128 0x6
 266 019a 83010000 		.4byte	.LASF52
 267 019e D400     		.sleb128 84
 268 01a0 06       		.uleb128 0x6
 269 01a1 F3080000 		.4byte	.LASF53
 270 01a5 D500     		.sleb128 85
 271 01a7 06       		.uleb128 0x6
 272 01a8 88080000 		.4byte	.LASF54
 273 01ac D600     		.sleb128 86
 274 01ae 06       		.uleb128 0x6
 275 01af 5F080000 		.4byte	.LASF55
 276 01b3 D700     		.sleb128 87
 277 01b5 06       		.uleb128 0x6
 278 01b6 0B040000 		.4byte	.LASF56
 279 01ba F000     		.sleb128 112
 280 01bc 06       		.uleb128 0x6
 281 01bd 5B070000 		.4byte	.LASF57
 282 01c1 F100     		.sleb128 113
 283 01c3 06       		.uleb128 0x6
 284 01c4 F4050000 		.4byte	.LASF58
 285 01c8 F200     		.sleb128 114
 286 01ca 06       		.uleb128 0x6
 287 01cb BB010000 		.4byte	.LASF59
 288 01cf F300     		.sleb128 115
 289 01d1 06       		.uleb128 0x6
 290 01d2 DF030000 		.4byte	.LASF60
 291 01d6 F400     		.sleb128 116
 292 01d8 06       		.uleb128 0x6
 293 01d9 64050000 		.4byte	.LASF61
 294 01dd F500     		.sleb128 117
ARM GAS  C:\Users\Petro\AppData\Local\Temp\cc5lwMOa.s 			page 9


 295 01df 06       		.uleb128 0x6
 296 01e0 D9010000 		.4byte	.LASF62
 297 01e4 F600     		.sleb128 118
 298 01e6 06       		.uleb128 0x6
 299 01e7 3C070000 		.4byte	.LASF63
 300 01eb F700     		.sleb128 119
 301 01ed 06       		.uleb128 0x6
 302 01ee C1060000 		.4byte	.LASF64
 303 01f2 F800     		.sleb128 120
 304 01f4 06       		.uleb128 0x6
 305 01f5 EB060000 		.4byte	.LASF65
 306 01f9 F900     		.sleb128 121
 307 01fb 06       		.uleb128 0x6
 308 01fc 29080000 		.4byte	.LASF66
 309 0200 FA00     		.sleb128 122
 310 0202 06       		.uleb128 0x6
 311 0203 A3060000 		.4byte	.LASF67
 312 0207 FA01     		.sleb128 250
 313 0209 06       		.uleb128 0x6
 314 020a 6D040000 		.4byte	.LASF68
 315 020e FB01     		.sleb128 251
 316 0210 06       		.uleb128 0x6
 317 0211 FD030000 		.4byte	.LASF69
 318 0215 FF01     		.sleb128 255
 319 0217 00       		.byte	0
 320 0218 04       		.uleb128 0x4
 321 0219 C9080000 		.4byte	.LASF71
 322 021d 03       		.byte	0x3
 323 021e 8801     		.2byte	0x188
 324 0220 6B000000 		.4byte	0x6b
 325 0224 07       		.uleb128 0x7
 326 0225 06       		.byte	0x6
 327 0226 04       		.byte	0x4
 328 0227 62       		.byte	0x62
 329 0228 45020000 		.4byte	0x245
 330 022c 08       		.uleb128 0x8
 331 022d 0E070000 		.4byte	.LASF72
 332 0231 04       		.byte	0x4
 333 0232 65       		.byte	0x65
 334 0233 18020000 		.4byte	0x218
 335 0237 00       		.byte	0
 336 0238 08       		.uleb128 0x8
 337 0239 51010000 		.4byte	.LASF73
 338 023d 04       		.byte	0x4
 339 023e 67       		.byte	0x67
 340 023f 45020000 		.4byte	0x245
 341 0243 02       		.byte	0x2
 342 0244 00       		.byte	0
 343 0245 09       		.uleb128 0x9
 344 0246 18020000 		.4byte	0x218
 345 024a 55020000 		.4byte	0x255
 346 024e 0A       		.uleb128 0xa
 347 024f 8C000000 		.4byte	0x8c
 348 0253 01       		.byte	0x1
 349 0254 00       		.byte	0
 350 0255 0B       		.uleb128 0xb
 351 0256 E6020000 		.4byte	.LASF74
ARM GAS  C:\Users\Petro\AppData\Local\Temp\cc5lwMOa.s 			page 10


 352 025a 04       		.byte	0x4
 353 025b 69       		.byte	0x69
 354 025c 24020000 		.4byte	0x224
 355 0260 07       		.uleb128 0x7
 356 0261 2C       		.byte	0x2c
 357 0262 04       		.byte	0x4
 358 0263 6C       		.byte	0x6c
 359 0264 81020000 		.4byte	0x281
 360 0268 08       		.uleb128 0x8
 361 0269 E2000000 		.4byte	.LASF75
 362 026d 04       		.byte	0x4
 363 026e 6F       		.byte	0x6f
 364 026f 18020000 		.4byte	0x218
 365 0273 00       		.byte	0
 366 0274 08       		.uleb128 0x8
 367 0275 3F040000 		.4byte	.LASF76
 368 0279 04       		.byte	0x4
 369 027a 72       		.byte	0x72
 370 027b 81020000 		.4byte	0x281
 371 027f 02       		.byte	0x2
 372 0280 00       		.byte	0
 373 0281 09       		.uleb128 0x9
 374 0282 55020000 		.4byte	0x255
 375 0286 91020000 		.4byte	0x291
 376 028a 0A       		.uleb128 0xa
 377 028b 8C000000 		.4byte	0x8c
 378 028f 06       		.byte	0x6
 379 0290 00       		.byte	0
 380 0291 0B       		.uleb128 0xb
 381 0292 CF030000 		.4byte	.LASF77
 382 0296 04       		.byte	0x4
 383 0297 74       		.byte	0x74
 384 0298 60020000 		.4byte	0x260
 385 029c 0C       		.uleb128 0xc
 386 029d 08010000 		.4byte	.LASF81
 387 02a1 01       		.byte	0x1
 388 02a2 87       		.byte	0x87
 389 02a3 00000000 		.4byte	.LFB2
 390 02a7 02000000 		.4byte	.LFE2-.LFB2
 391 02ab 01       		.uleb128 0x1
 392 02ac 9C       		.byte	0x9c
 393 02ad 09       		.uleb128 0x9
 394 02ae 91020000 		.4byte	0x291
 395 02b2 BD020000 		.4byte	0x2bd
 396 02b6 0A       		.uleb128 0xa
 397 02b7 8C000000 		.4byte	0x8c
 398 02bb 00       		.byte	0
 399 02bc 00       		.byte	0
 400 02bd 0D       		.uleb128 0xd
 401 02be E5080000 		.4byte	.LASF82
 402 02c2 01       		.byte	0x1
 403 02c3 1A       		.byte	0x1a
 404 02c4 CE020000 		.4byte	0x2ce
 405 02c8 05       		.uleb128 0x5
 406 02c9 03       		.byte	0x3
 407 02ca 00000000 		.4byte	cyBle_customs
 408 02ce 0E       		.uleb128 0xe
ARM GAS  C:\Users\Petro\AppData\Local\Temp\cc5lwMOa.s 			page 11


 409 02cf AD020000 		.4byte	0x2ad
 410 02d3 00       		.byte	0
 411              		.section	.debug_abbrev,"",%progbits
 412              	.Ldebug_abbrev0:
 413 0000 01       		.uleb128 0x1
 414 0001 11       		.uleb128 0x11
 415 0002 01       		.byte	0x1
 416 0003 25       		.uleb128 0x25
 417 0004 0E       		.uleb128 0xe
 418 0005 13       		.uleb128 0x13
 419 0006 0B       		.uleb128 0xb
 420 0007 03       		.uleb128 0x3
 421 0008 0E       		.uleb128 0xe
 422 0009 1B       		.uleb128 0x1b
 423 000a 0E       		.uleb128 0xe
 424 000b 55       		.uleb128 0x55
 425 000c 17       		.uleb128 0x17
 426 000d 11       		.uleb128 0x11
 427 000e 01       		.uleb128 0x1
 428 000f 10       		.uleb128 0x10
 429 0010 17       		.uleb128 0x17
 430 0011 00       		.byte	0
 431 0012 00       		.byte	0
 432 0013 02       		.uleb128 0x2
 433 0014 24       		.uleb128 0x24
 434 0015 00       		.byte	0
 435 0016 0B       		.uleb128 0xb
 436 0017 0B       		.uleb128 0xb
 437 0018 3E       		.uleb128 0x3e
 438 0019 0B       		.uleb128 0xb
 439 001a 03       		.uleb128 0x3
 440 001b 0E       		.uleb128 0xe
 441 001c 00       		.byte	0
 442 001d 00       		.byte	0
 443 001e 03       		.uleb128 0x3
 444 001f 24       		.uleb128 0x24
 445 0020 00       		.byte	0
 446 0021 0B       		.uleb128 0xb
 447 0022 0B       		.uleb128 0xb
 448 0023 3E       		.uleb128 0x3e
 449 0024 0B       		.uleb128 0xb
 450 0025 03       		.uleb128 0x3
 451 0026 08       		.uleb128 0x8
 452 0027 00       		.byte	0
 453 0028 00       		.byte	0
 454 0029 04       		.uleb128 0x4
 455 002a 16       		.uleb128 0x16
 456 002b 00       		.byte	0
 457 002c 03       		.uleb128 0x3
 458 002d 0E       		.uleb128 0xe
 459 002e 3A       		.uleb128 0x3a
 460 002f 0B       		.uleb128 0xb
 461 0030 3B       		.uleb128 0x3b
 462 0031 05       		.uleb128 0x5
 463 0032 49       		.uleb128 0x49
 464 0033 13       		.uleb128 0x13
 465 0034 00       		.byte	0
ARM GAS  C:\Users\Petro\AppData\Local\Temp\cc5lwMOa.s 			page 12


 466 0035 00       		.byte	0
 467 0036 05       		.uleb128 0x5
 468 0037 04       		.uleb128 0x4
 469 0038 01       		.byte	0x1
 470 0039 0B       		.uleb128 0xb
 471 003a 0B       		.uleb128 0xb
 472 003b 3A       		.uleb128 0x3a
 473 003c 0B       		.uleb128 0xb
 474 003d 3B       		.uleb128 0x3b
 475 003e 0B       		.uleb128 0xb
 476 003f 01       		.uleb128 0x1
 477 0040 13       		.uleb128 0x13
 478 0041 00       		.byte	0
 479 0042 00       		.byte	0
 480 0043 06       		.uleb128 0x6
 481 0044 28       		.uleb128 0x28
 482 0045 00       		.byte	0
 483 0046 03       		.uleb128 0x3
 484 0047 0E       		.uleb128 0xe
 485 0048 1C       		.uleb128 0x1c
 486 0049 0D       		.uleb128 0xd
 487 004a 00       		.byte	0
 488 004b 00       		.byte	0
 489 004c 07       		.uleb128 0x7
 490 004d 13       		.uleb128 0x13
 491 004e 01       		.byte	0x1
 492 004f 0B       		.uleb128 0xb
 493 0050 0B       		.uleb128 0xb
 494 0051 3A       		.uleb128 0x3a
 495 0052 0B       		.uleb128 0xb
 496 0053 3B       		.uleb128 0x3b
 497 0054 0B       		.uleb128 0xb
 498 0055 01       		.uleb128 0x1
 499 0056 13       		.uleb128 0x13
 500 0057 00       		.byte	0
 501 0058 00       		.byte	0
 502 0059 08       		.uleb128 0x8
 503 005a 0D       		.uleb128 0xd
 504 005b 00       		.byte	0
 505 005c 03       		.uleb128 0x3
 506 005d 0E       		.uleb128 0xe
 507 005e 3A       		.uleb128 0x3a
 508 005f 0B       		.uleb128 0xb
 509 0060 3B       		.uleb128 0x3b
 510 0061 0B       		.uleb128 0xb
 511 0062 49       		.uleb128 0x49
 512 0063 13       		.uleb128 0x13
 513 0064 38       		.uleb128 0x38
 514 0065 0B       		.uleb128 0xb
 515 0066 00       		.byte	0
 516 0067 00       		.byte	0
 517 0068 09       		.uleb128 0x9
 518 0069 01       		.uleb128 0x1
 519 006a 01       		.byte	0x1
 520 006b 49       		.uleb128 0x49
 521 006c 13       		.uleb128 0x13
 522 006d 01       		.uleb128 0x1
ARM GAS  C:\Users\Petro\AppData\Local\Temp\cc5lwMOa.s 			page 13


 523 006e 13       		.uleb128 0x13
 524 006f 00       		.byte	0
 525 0070 00       		.byte	0
 526 0071 0A       		.uleb128 0xa
 527 0072 21       		.uleb128 0x21
 528 0073 00       		.byte	0
 529 0074 49       		.uleb128 0x49
 530 0075 13       		.uleb128 0x13
 531 0076 2F       		.uleb128 0x2f
 532 0077 0B       		.uleb128 0xb
 533 0078 00       		.byte	0
 534 0079 00       		.byte	0
 535 007a 0B       		.uleb128 0xb
 536 007b 16       		.uleb128 0x16
 537 007c 00       		.byte	0
 538 007d 03       		.uleb128 0x3
 539 007e 0E       		.uleb128 0xe
 540 007f 3A       		.uleb128 0x3a
 541 0080 0B       		.uleb128 0xb
 542 0081 3B       		.uleb128 0x3b
 543 0082 0B       		.uleb128 0xb
 544 0083 49       		.uleb128 0x49
 545 0084 13       		.uleb128 0x13
 546 0085 00       		.byte	0
 547 0086 00       		.byte	0
 548 0087 0C       		.uleb128 0xc
 549 0088 2E       		.uleb128 0x2e
 550 0089 00       		.byte	0
 551 008a 3F       		.uleb128 0x3f
 552 008b 19       		.uleb128 0x19
 553 008c 03       		.uleb128 0x3
 554 008d 0E       		.uleb128 0xe
 555 008e 3A       		.uleb128 0x3a
 556 008f 0B       		.uleb128 0xb
 557 0090 3B       		.uleb128 0x3b
 558 0091 0B       		.uleb128 0xb
 559 0092 27       		.uleb128 0x27
 560 0093 19       		.uleb128 0x19
 561 0094 11       		.uleb128 0x11
 562 0095 01       		.uleb128 0x1
 563 0096 12       		.uleb128 0x12
 564 0097 06       		.uleb128 0x6
 565 0098 40       		.uleb128 0x40
 566 0099 18       		.uleb128 0x18
 567 009a 9742     		.uleb128 0x2117
 568 009c 19       		.uleb128 0x19
 569 009d 00       		.byte	0
 570 009e 00       		.byte	0
 571 009f 0D       		.uleb128 0xd
 572 00a0 34       		.uleb128 0x34
 573 00a1 00       		.byte	0
 574 00a2 03       		.uleb128 0x3
 575 00a3 0E       		.uleb128 0xe
 576 00a4 3A       		.uleb128 0x3a
 577 00a5 0B       		.uleb128 0xb
 578 00a6 3B       		.uleb128 0x3b
 579 00a7 0B       		.uleb128 0xb
ARM GAS  C:\Users\Petro\AppData\Local\Temp\cc5lwMOa.s 			page 14


 580 00a8 49       		.uleb128 0x49
 581 00a9 13       		.uleb128 0x13
 582 00aa 3F       		.uleb128 0x3f
 583 00ab 19       		.uleb128 0x19
 584 00ac 02       		.uleb128 0x2
 585 00ad 18       		.uleb128 0x18
 586 00ae 00       		.byte	0
 587 00af 00       		.byte	0
 588 00b0 0E       		.uleb128 0xe
 589 00b1 26       		.uleb128 0x26
 590 00b2 00       		.byte	0
 591 00b3 49       		.uleb128 0x49
 592 00b4 13       		.uleb128 0x13
 593 00b5 00       		.byte	0
 594 00b6 00       		.byte	0
 595 00b7 00       		.byte	0
 596              		.section	.debug_aranges,"",%progbits
 597 0000 1C000000 		.4byte	0x1c
 598 0004 0200     		.2byte	0x2
 599 0006 00000000 		.4byte	.Ldebug_info0
 600 000a 04       		.byte	0x4
 601 000b 00       		.byte	0
 602 000c 0000     		.2byte	0
 603 000e 0000     		.2byte	0
 604 0010 00000000 		.4byte	.LFB2
 605 0014 02000000 		.4byte	.LFE2-.LFB2
 606 0018 00000000 		.4byte	0
 607 001c 00000000 		.4byte	0
 608              		.section	.debug_ranges,"",%progbits
 609              	.Ldebug_ranges0:
 610 0000 00000000 		.4byte	.LFB2
 611 0004 02000000 		.4byte	.LFE2
 612 0008 00000000 		.4byte	0
 613 000c 00000000 		.4byte	0
 614              		.section	.debug_line,"",%progbits
 615              	.Ldebug_line0:
 616 0000 92000000 		.section	.debug_str,"MS",%progbits,1
 616      02007900 
 616      00000201 
 616      FB0E0D00 
 616      01010101 
 617              	.LASF80:
 618 0000 443A5C43 		.ascii	"D:\\Cypress\\system-start-finish\\vesion 2\\fw\\fin"
 618      79707265 
 618      73735C73 
 618      79737465 
 618      6D2D7374 
 619 002e 6973685C 		.ascii	"ish\\sandbox\\v8_new_dispay\\fin_v0.cydsn\000"
 619      73616E64 
 619      626F785C 
 619      76385F6E 
 619      65775F64 
 620              	.LASF21:
 621 0055 4359424C 		.ascii	"CYBLE_EVT_GAP_PASSKEY_ENTRY_REQUEST\000"
 621      455F4556 
 621      545F4741 
 621      505F5041 
ARM GAS  C:\Users\Petro\AppData\Local\Temp\cc5lwMOa.s 			page 15


 621      53534B45 
 622              	.LASF27:
 623 0079 4359424C 		.ascii	"CYBLE_EVT_GAP_DEVICE_DISCONNECTED\000"
 623      455F4556 
 623      545F4741 
 623      505F4445 
 623      56494345 
 624              	.LASF2:
 625 009b 73686F72 		.ascii	"short int\000"
 625      7420696E 
 625      7400
 626              	.LASF24:
 627 00a5 4359424C 		.ascii	"CYBLE_EVT_GAP_AUTH_FAILED\000"
 627      455F4556 
 627      545F4741 
 627      505F4155 
 627      54485F46 
 628              	.LASF12:
 629 00bf 73697A65 		.ascii	"sizetype\000"
 629      74797065 
 629      00
 630              	.LASF32:
 631 00c8 4359424C 		.ascii	"CYBLE_EVT_GATTC_ERROR_RSP\000"
 631      455F4556 
 631      545F4741 
 631      5454435F 
 631      4552524F 
 632              	.LASF75:
 633 00e2 63757374 		.ascii	"customServHandle\000"
 633      6F6D5365 
 633      72764861 
 633      6E646C65 
 633      00
 634              	.LASF17:
 635 00f3 4359424C 		.ascii	"CYBLE_EVT_HCI_STATUS\000"
 635      455F4556 
 635      545F4843 
 635      495F5354 
 635      41545553 
 636              	.LASF81:
 637 0108 4379426C 		.ascii	"CyBle_CustomInit\000"
 637      655F4375 
 637      73746F6D 
 637      496E6974 
 637      00
 638              	.LASF14:
 639 0119 4359424C 		.ascii	"CYBLE_EVT_STACK_ON\000"
 639      455F4556 
 639      545F5354 
 639      41434B5F 
 639      4F4E00
 640              	.LASF35:
 641 012c 4359424C 		.ascii	"CYBLE_EVT_GATTS_XCNHG_MTU_REQ\000"
 641      455F4556 
 641      545F4741 
 641      5454535F 
 641      58434E48 
ARM GAS  C:\Users\Petro\AppData\Local\Temp\cc5lwMOa.s 			page 16


 642              	.LASF70:
 643 014a 75696E74 		.ascii	"uint16\000"
 643      313600
 644              	.LASF73:
 645 0151 63757374 		.ascii	"customServCharDesc\000"
 645      6F6D5365 
 645      72764368 
 645      61724465 
 645      736300
 646              	.LASF43:
 647 0164 4359424C 		.ascii	"CYBLE_EVT_GATTC_READ_MULTI_RSP\000"
 647      455F4556 
 647      545F4741 
 647      5454435F 
 647      52454144 
 648              	.LASF52:
 649 0183 4359424C 		.ascii	"CYBLE_EVT_GATTS_HANDLE_VALUE_CNF\000"
 649      455F4556 
 649      545F4741 
 649      5454535F 
 649      48414E44 
 650              	.LASF13:
 651 01a4 4359424C 		.ascii	"CYBLE_EVT_HOST_INVALID\000"
 651      455F4556 
 651      545F484F 
 651      53545F49 
 651      4E56414C 
 652              	.LASF59:
 653 01bb 4359424C 		.ascii	"CYBLE_EVT_L2CAP_CBFC_CONN_IND\000"
 653      455F4556 
 653      545F4C32 
 653      4341505F 
 653      43424643 
 654              	.LASF62:
 655 01d9 4359424C 		.ascii	"CYBLE_EVT_L2CAP_CBFC_DISCONN_CNF\000"
 655      455F4556 
 655      545F4C32 
 655      4341505F 
 655      43424643 
 656              	.LASF78:
 657 01fa 474E5520 		.ascii	"GNU C 4.9.3 20150303 (release) [ARM/embedded-4_9-br"
 657      4320342E 
 657      392E3320 
 657      32303135 
 657      30333033 
 658 022d 616E6368 		.ascii	"anch revision 221220] -mcpu=cortex-m0 -mthumb -g -O"
 658      20726576 
 658      6973696F 
 658      6E203232 
 658      31323230 
 659 0260 73202D66 		.ascii	"s -ffunction-sections -ffat-lto-objects\000"
 659      66756E63 
 659      74696F6E 
 659      2D736563 
 659      74696F6E 
 660              	.LASF9:
 661 0288 666C6F61 		.ascii	"float\000"
ARM GAS  C:\Users\Petro\AppData\Local\Temp\cc5lwMOa.s 			page 17


 661      7400
 662              	.LASF41:
 663 028e 4359424C 		.ascii	"CYBLE_EVT_GATTC_READ_RSP\000"
 663      455F4556 
 663      545F4741 
 663      5454435F 
 663      52454144 
 664              	.LASF45:
 665 02a7 4359424C 		.ascii	"CYBLE_EVT_GATTC_WRITE_RSP\000"
 665      455F4556 
 665      545F4741 
 665      5454435F 
 665      57524954 
 666              	.LASF6:
 667 02c1 6C6F6E67 		.ascii	"long long int\000"
 667      206C6F6E 
 667      6720696E 
 667      7400
 668              	.LASF7:
 669 02cf 6C6F6E67 		.ascii	"long long unsigned int\000"
 669      206C6F6E 
 669      6720756E 
 669      7369676E 
 669      65642069 
 670              	.LASF74:
 671 02e6 4359424C 		.ascii	"CYBLE_CUSTOMS_INFO_T\000"
 671      455F4355 
 671      53544F4D 
 671      535F494E 
 671      464F5F54 
 672              	.LASF4:
 673 02fb 6C6F6E67 		.ascii	"long int\000"
 673      20696E74 
 673      00
 674              	.LASF51:
 675 0304 4359424C 		.ascii	"CYBLE_EVT_GATTC_HANDLE_VALUE_IND\000"
 675      455F4556 
 675      545F4741 
 675      5454435F 
 675      48414E44 
 676              	.LASF26:
 677 0325 4359424C 		.ascii	"CYBLE_EVT_GAP_DEVICE_CONNECTED\000"
 677      455F4556 
 677      545F4741 
 677      505F4445 
 677      56494345 
 678              	.LASF25:
 679 0344 4359424C 		.ascii	"CYBLE_EVT_GAPP_ADVERTISEMENT_START_STOP\000"
 679      455F4556 
 679      545F4741 
 679      50505F41 
 679      44564552 
 680              	.LASF50:
 681 036c 4359424C 		.ascii	"CYBLE_EVT_GATTC_HANDLE_VALUE_NTF\000"
 681      455F4556 
 681      545F4741 
 681      5454435F 
ARM GAS  C:\Users\Petro\AppData\Local\Temp\cc5lwMOa.s 			page 18


 681      48414E44 
 682              	.LASF18:
 683 038d 4359424C 		.ascii	"CYBLE_EVT_STACK_BUSY_STATUS\000"
 683      455F4556 
 683      545F5354 
 683      41434B5F 
 683      42555359 
 684              	.LASF22:
 685 03a9 4359424C 		.ascii	"CYBLE_EVT_GAP_PASSKEY_DISPLAY_REQUEST\000"
 685      455F4556 
 685      545F4741 
 685      505F5041 
 685      53534B45 
 686              	.LASF77:
 687 03cf 4359424C 		.ascii	"CYBLE_CUSTOMS_T\000"
 687      455F4355 
 687      53544F4D 
 687      535F5400 
 688              	.LASF60:
 689 03df 4359424C 		.ascii	"CYBLE_EVT_L2CAP_CBFC_CONN_CNF\000"
 689      455F4556 
 689      545F4C32 
 689      4341505F 
 689      43424643 
 690              	.LASF69:
 691 03fd 4359424C 		.ascii	"CYBLE_EVT_MAX\000"
 691      455F4556 
 691      545F4D41 
 691      5800
 692              	.LASF56:
 693 040b 4359424C 		.ascii	"CYBLE_EVT_L2CAP_CONN_PARAM_UPDATE_REQ\000"
 693      455F4556 
 693      545F4C32 
 693      4341505F 
 693      434F4E4E 
 694              	.LASF1:
 695 0431 756E7369 		.ascii	"unsigned char\000"
 695      676E6564 
 695      20636861 
 695      7200
 696              	.LASF76:
 697 043f 63757374 		.ascii	"customServInfo\000"
 697      6F6D5365 
 697      7276496E 
 697      666F00
 698              	.LASF47:
 699 044e 4359424C 		.ascii	"CYBLE_EVT_GATTS_PREP_WRITE_REQ\000"
 699      455F4556 
 699      545F4741 
 699      5454535F 
 699      50524550 
 700              	.LASF68:
 701 046d 4359424C 		.ascii	"CYBLE_EVT_LE_PING_AUTH_TIMEOUT\000"
 701      455F4556 
 701      545F4C45 
 701      5F50494E 
 701      475F4155 
ARM GAS  C:\Users\Petro\AppData\Local\Temp\cc5lwMOa.s 			page 19


 702              	.LASF39:
 703 048c 4359424C 		.ascii	"CYBLE_EVT_GATTC_FIND_INFO_RSP\000"
 703      455F4556 
 703      545F4741 
 703      5454435F 
 703      46494E44 
 704              	.LASF0:
 705 04aa 7369676E 		.ascii	"signed char\000"
 705      65642063 
 705      68617200 
 706              	.LASF44:
 707 04b6 4359424C 		.ascii	"CYBLE_EVT_GATTS_WRITE_REQ\000"
 707      455F4556 
 707      545F4741 
 707      5454535F 
 707      57524954 
 708              	.LASF40:
 709 04d0 4359424C 		.ascii	"CYBLE_EVT_GATTC_FIND_BY_TYPE_VALUE_RSP\000"
 709      455F4556 
 709      545F4741 
 709      5454435F 
 709      46494E44 
 710              	.LASF23:
 711 04f7 4359424C 		.ascii	"CYBLE_EVT_GAP_AUTH_COMPLETE\000"
 711      455F4556 
 711      545F4741 
 711      505F4155 
 711      54485F43 
 712              	.LASF8:
 713 0513 756E7369 		.ascii	"unsigned int\000"
 713      676E6564 
 713      20696E74 
 713      00
 714              	.LASF33:
 715 0520 4359424C 		.ascii	"CYBLE_EVT_GATT_CONNECT_IND\000"
 715      455F4556 
 715      545F4741 
 715      54545F43 
 715      4F4E4E45 
 716              	.LASF5:
 717 053b 6C6F6E67 		.ascii	"long unsigned int\000"
 717      20756E73 
 717      69676E65 
 717      6420696E 
 717      7400
 718              	.LASF20:
 719 054d 4359424C 		.ascii	"CYBLE_EVT_GAP_AUTH_REQ\000"
 719      455F4556 
 719      545F4741 
 719      505F4155 
 719      54485F52 
 720              	.LASF61:
 721 0564 4359424C 		.ascii	"CYBLE_EVT_L2CAP_CBFC_DISCONN_IND\000"
 721      455F4556 
 721      545F4C32 
 721      4341505F 
 721      43424643 
ARM GAS  C:\Users\Petro\AppData\Local\Temp\cc5lwMOa.s 			page 20


 722              	.LASF28:
 723 0585 4359424C 		.ascii	"CYBLE_EVT_GAP_ENCRYPT_CHANGE\000"
 723      455F4556 
 723      545F4741 
 723      505F454E 
 723      43525950 
 724              	.LASF31:
 725 05a2 4359424C 		.ascii	"CYBLE_EVT_GAP_KEYINFO_EXCHNGE_CMPLT\000"
 725      455F4556 
 725      545F4741 
 725      505F4B45 
 725      59494E46 
 726              	.LASF29:
 727 05c6 4359424C 		.ascii	"CYBLE_EVT_GAP_CONNECTION_UPDATE_COMPLETE\000"
 727      455F4556 
 727      545F4741 
 727      505F434F 
 727      4E4E4543 
 728              	.LASF11:
 729 05ef 63686172 		.ascii	"char\000"
 729      00
 730              	.LASF58:
 731 05f4 4359424C 		.ascii	"CYBLE_EVT_L2CAP_COMMAND_REJ\000"
 731      455F4556 
 731      545F4C32 
 731      4341505F 
 731      434F4D4D 
 732              	.LASF3:
 733 0610 73686F72 		.ascii	"short unsigned int\000"
 733      7420756E 
 733      7369676E 
 733      65642069 
 733      6E7400
 734              	.LASF79:
 735 0623 47656E65 		.ascii	"Generated_Source\\PSoC4\\ble_custom.c\000"
 735      72617465 
 735      645F536F 
 735      75726365 
 735      5C50536F 
 736              	.LASF42:
 737 0647 4359424C 		.ascii	"CYBLE_EVT_GATTC_READ_BLOB_RSP\000"
 737      455F4556 
 737      545F4741 
 737      5454435F 
 737      52454144 
 738              	.LASF49:
 739 0665 4359424C 		.ascii	"CYBLE_EVT_GATTC_EXEC_WRITE_RSP\000"
 739      455F4556 
 739      545F4741 
 739      5454435F 
 739      45584543 
 740              	.LASF30:
 741 0684 4359424C 		.ascii	"CYBLE_EVT_GAPC_SCAN_START_STOP\000"
 741      455F4556 
 741      545F4741 
 741      50435F53 
 741      43414E5F 
ARM GAS  C:\Users\Petro\AppData\Local\Temp\cc5lwMOa.s 			page 21


 742              	.LASF67:
 743 06a3 4359424C 		.ascii	"CYBLE_EVT_PENDING_FLASH_WRITE\000"
 743      455F4556 
 743      545F5045 
 743      4E44494E 
 743      475F464C 
 744              	.LASF64:
 745 06c1 4359424C 		.ascii	"CYBLE_EVT_L2CAP_CBFC_RX_CREDIT_IND\000"
 745      455F4556 
 745      545F4C32 
 745      4341505F 
 745      43424643 
 746              	.LASF10:
 747 06e4 646F7562 		.ascii	"double\000"
 747      6C6500
 748              	.LASF65:
 749 06eb 4359424C 		.ascii	"CYBLE_EVT_L2CAP_CBFC_TX_CREDIT_IND\000"
 749      455F4556 
 749      545F4C32 
 749      4341505F 
 749      43424643 
 750              	.LASF72:
 751 070e 63757374 		.ascii	"customServCharHandle\000"
 751      6F6D5365 
 751      72764368 
 751      61724861 
 751      6E646C65 
 752              	.LASF16:
 753 0723 4359424C 		.ascii	"CYBLE_EVT_HARDWARE_ERROR\000"
 753      455F4556 
 753      545F4841 
 753      52445741 
 753      52455F45 
 754              	.LASF63:
 755 073c 4359424C 		.ascii	"CYBLE_EVT_L2CAP_CBFC_DATA_READ\000"
 755      455F4556 
 755      545F4C32 
 755      4341505F 
 755      43424643 
 756              	.LASF57:
 757 075b 4359424C 		.ascii	"CYBLE_EVT_L2CAP_CONN_PARAM_UPDATE_RSP\000"
 757      455F4556 
 757      545F4C32 
 757      4341505F 
 757      434F4E4E 
 758              	.LASF19:
 759 0781 4359424C 		.ascii	"CYBLE_EVT_GAPC_SCAN_PROGRESS_RESULT\000"
 759      455F4556 
 759      545F4741 
 759      50435F53 
 759      43414E5F 
 760              	.LASF37:
 761 07a5 4359424C 		.ascii	"CYBLE_EVT_GATTC_READ_BY_GROUP_TYPE_RSP\000"
 761      455F4556 
 761      545F4741 
 761      5454435F 
 761      52454144 
ARM GAS  C:\Users\Petro\AppData\Local\Temp\cc5lwMOa.s 			page 22


 762              	.LASF46:
 763 07cc 4359424C 		.ascii	"CYBLE_EVT_GATTS_WRITE_CMD_REQ\000"
 763      455F4556 
 763      545F4741 
 763      5454535F 
 763      57524954 
 764              	.LASF38:
 765 07ea 4359424C 		.ascii	"CYBLE_EVT_GATTC_READ_BY_TYPE_RSP\000"
 765      455F4556 
 765      545F4741 
 765      5454435F 
 765      52454144 
 766              	.LASF36:
 767 080b 4359424C 		.ascii	"CYBLE_EVT_GATTC_XCHNG_MTU_RSP\000"
 767      455F4556 
 767      545F4741 
 767      5454435F 
 767      5843484E 
 768              	.LASF66:
 769 0829 4359424C 		.ascii	"CYBLE_EVT_L2CAP_CBFC_DATA_WRITE_IND\000"
 769      455F4556 
 769      545F4C32 
 769      4341505F 
 769      43424643 
 770              	.LASF15:
 771 084d 4359424C 		.ascii	"CYBLE_EVT_TIMEOUT\000"
 771      455F4556 
 771      545F5449 
 771      4D454F55 
 771      5400
 772              	.LASF55:
 773 085f 4359424C 		.ascii	"CYBLE_EVT_GATTS_READ_CHAR_VAL_ACCESS_REQ\000"
 773      455F4556 
 773      545F4741 
 773      5454535F 
 773      52454144 
 774              	.LASF54:
 775 0888 4359424C 		.ascii	"CYBLE_EVT_GATTC_STOP_CMD_COMPLETE\000"
 775      455F4556 
 775      545F4741 
 775      5454435F 
 775      53544F50 
 776              	.LASF48:
 777 08aa 4359424C 		.ascii	"CYBLE_EVT_GATTS_EXEC_WRITE_REQ\000"
 777      455F4556 
 777      545F4741 
 777      5454535F 
 777      45584543 
 778              	.LASF71:
 779 08c9 4359424C 		.ascii	"CYBLE_GATT_DB_ATTR_HANDLE_T\000"
 779      455F4741 
 779      54545F44 
 779      425F4154 
 779      54525F48 
 780              	.LASF82:
 781 08e5 6379426C 		.ascii	"cyBle_customs\000"
 781      655F6375 
ARM GAS  C:\Users\Petro\AppData\Local\Temp\cc5lwMOa.s 			page 23


 781      73746F6D 
 781      7300
 782              	.LASF53:
 783 08f3 4359424C 		.ascii	"CYBLE_EVT_GATTS_DATA_SIGNED_CMD_REQ\000"
 783      455F4556 
 783      545F4741 
 783      5454535F 
 783      44415441 
 784              	.LASF34:
 785 0917 4359424C 		.ascii	"CYBLE_EVT_GATT_DISCONNECT_IND\000"
 785      455F4556 
 785      545F4741 
 785      54545F44 
 785      4953434F 
 786              		.ident	"GCC: (GNU Tools for ARM Embedded Processors) 4.9.3 20150303 (release) [ARM/embedded-4_9-br
