ARM GAS  C:\Users\Petro\AppData\Local\Temp\ccQHQuCh.s 			page 1


   1              		.cpu cortex-m0
   2              		.fpu softvfp
   3              		.eabi_attribute 20, 1
   4              		.eabi_attribute 21, 1
   5              		.eabi_attribute 23, 3
   6              		.eabi_attribute 24, 1
   7              		.eabi_attribute 25, 1
   8              		.eabi_attribute 26, 1
   9              		.eabi_attribute 30, 4
  10              		.eabi_attribute 34, 0
  11              		.eabi_attribute 18, 4
  12              		.code	16
  13              		.file	"SPIM_INT.c"
  14              		.text
  15              	.Ltext0:
  16              		.cfi_sections	.debug_frame
  17              		.section	.text.SPIM_TX_ISR,"ax",%progbits
  18              		.align	1
  19              		.global	SPIM_TX_ISR
  20              		.code	16
  21              		.thumb_func
  22              		.type	SPIM_TX_ISR, %function
  23              	SPIM_TX_ISR:
  24              	.LFB2:
  25              		.file 1 "Generated_Source\\PSoC4\\SPIM_INT.c"
   1:Generated_Source\PSoC4/SPIM_INT.c **** /*******************************************************************************
   2:Generated_Source\PSoC4/SPIM_INT.c **** * File Name: SPIM_INT.c
   3:Generated_Source\PSoC4/SPIM_INT.c **** * Version 2.50
   4:Generated_Source\PSoC4/SPIM_INT.c **** *
   5:Generated_Source\PSoC4/SPIM_INT.c **** * Description:
   6:Generated_Source\PSoC4/SPIM_INT.c **** *  This file provides all Interrupt Service Routine (ISR) for the SPI Master
   7:Generated_Source\PSoC4/SPIM_INT.c **** *  component.
   8:Generated_Source\PSoC4/SPIM_INT.c **** *
   9:Generated_Source\PSoC4/SPIM_INT.c **** * Note:
  10:Generated_Source\PSoC4/SPIM_INT.c **** *  None.
  11:Generated_Source\PSoC4/SPIM_INT.c **** *
  12:Generated_Source\PSoC4/SPIM_INT.c **** ********************************************************************************
  13:Generated_Source\PSoC4/SPIM_INT.c **** * Copyright 2008-2015, Cypress Semiconductor Corporation.  All rights reserved.
  14:Generated_Source\PSoC4/SPIM_INT.c **** * You may use this file only in accordance with the license, terms, conditions,
  15:Generated_Source\PSoC4/SPIM_INT.c **** * disclaimers, and limitations in the end user license agreement accompanying
  16:Generated_Source\PSoC4/SPIM_INT.c **** * the software package with which this file was provided.
  17:Generated_Source\PSoC4/SPIM_INT.c **** *******************************************************************************/
  18:Generated_Source\PSoC4/SPIM_INT.c **** 
  19:Generated_Source\PSoC4/SPIM_INT.c **** #include "SPIM_PVT.h"
  20:Generated_Source\PSoC4/SPIM_INT.c **** #include "cyapicallbacks.h"
  21:Generated_Source\PSoC4/SPIM_INT.c **** 
  22:Generated_Source\PSoC4/SPIM_INT.c **** /* User code required at start of ISR */
  23:Generated_Source\PSoC4/SPIM_INT.c **** /* `#START SPIM_ISR_START_DEF` */
  24:Generated_Source\PSoC4/SPIM_INT.c **** 
  25:Generated_Source\PSoC4/SPIM_INT.c **** /* `#END` */
  26:Generated_Source\PSoC4/SPIM_INT.c **** 
  27:Generated_Source\PSoC4/SPIM_INT.c **** 
  28:Generated_Source\PSoC4/SPIM_INT.c **** /*******************************************************************************
  29:Generated_Source\PSoC4/SPIM_INT.c **** * Function Name: SPIM_TX_ISR
  30:Generated_Source\PSoC4/SPIM_INT.c **** ********************************************************************************
  31:Generated_Source\PSoC4/SPIM_INT.c **** *
  32:Generated_Source\PSoC4/SPIM_INT.c **** * Summary:
ARM GAS  C:\Users\Petro\AppData\Local\Temp\ccQHQuCh.s 			page 2


  33:Generated_Source\PSoC4/SPIM_INT.c **** *  Interrupt Service Routine for TX portion of the SPI Master.
  34:Generated_Source\PSoC4/SPIM_INT.c **** *
  35:Generated_Source\PSoC4/SPIM_INT.c **** * Parameters:
  36:Generated_Source\PSoC4/SPIM_INT.c **** *  None.
  37:Generated_Source\PSoC4/SPIM_INT.c **** *
  38:Generated_Source\PSoC4/SPIM_INT.c **** * Return:
  39:Generated_Source\PSoC4/SPIM_INT.c **** *  None.
  40:Generated_Source\PSoC4/SPIM_INT.c **** *
  41:Generated_Source\PSoC4/SPIM_INT.c **** * Global variables:
  42:Generated_Source\PSoC4/SPIM_INT.c **** *  SPIM_txBufferWrite - used for the account of the bytes which
  43:Generated_Source\PSoC4/SPIM_INT.c **** *  have been written down in the TX software buffer.
  44:Generated_Source\PSoC4/SPIM_INT.c **** *  SPIM_txBufferRead - used for the account of the bytes which
  45:Generated_Source\PSoC4/SPIM_INT.c **** *  have been read from the TX software buffer, modified when exist data to
  46:Generated_Source\PSoC4/SPIM_INT.c **** *  sending and FIFO Not Full.
  47:Generated_Source\PSoC4/SPIM_INT.c **** *  SPIM_txBuffer[SPIM_TX_BUFFER_SIZE] - used to store
  48:Generated_Source\PSoC4/SPIM_INT.c **** *  data to sending.
  49:Generated_Source\PSoC4/SPIM_INT.c **** *  All described above Global variables are used when Software Buffer is used.
  50:Generated_Source\PSoC4/SPIM_INT.c **** *
  51:Generated_Source\PSoC4/SPIM_INT.c **** *******************************************************************************/
  52:Generated_Source\PSoC4/SPIM_INT.c **** CY_ISR(SPIM_TX_ISR)
  53:Generated_Source\PSoC4/SPIM_INT.c **** {
  26              		.loc 1 53 0
  27              		.cfi_startproc
  54:Generated_Source\PSoC4/SPIM_INT.c ****     #if(SPIM_TX_SOFTWARE_BUF_ENABLED)
  55:Generated_Source\PSoC4/SPIM_INT.c ****         uint8 tmpStatus;
  56:Generated_Source\PSoC4/SPIM_INT.c ****     #endif /* (SPIM_TX_SOFTWARE_BUF_ENABLED) */
  57:Generated_Source\PSoC4/SPIM_INT.c **** 
  58:Generated_Source\PSoC4/SPIM_INT.c ****     #ifdef SPIM_TX_ISR_ENTRY_CALLBACK
  59:Generated_Source\PSoC4/SPIM_INT.c ****         SPIM_TX_ISR_EntryCallback();
  60:Generated_Source\PSoC4/SPIM_INT.c ****     #endif /* SPIM_TX_ISR_ENTRY_CALLBACK */
  61:Generated_Source\PSoC4/SPIM_INT.c **** 
  62:Generated_Source\PSoC4/SPIM_INT.c ****     /* User code required at start of ISR */
  63:Generated_Source\PSoC4/SPIM_INT.c ****     /* `#START SPIM_TX_ISR_START` */
  64:Generated_Source\PSoC4/SPIM_INT.c **** 
  65:Generated_Source\PSoC4/SPIM_INT.c ****     /* `#END` */
  66:Generated_Source\PSoC4/SPIM_INT.c ****     
  67:Generated_Source\PSoC4/SPIM_INT.c ****     #if(SPIM_TX_SOFTWARE_BUF_ENABLED)
  68:Generated_Source\PSoC4/SPIM_INT.c ****         /* Check if TX data buffer is not empty and there is space in TX FIFO */
  69:Generated_Source\PSoC4/SPIM_INT.c ****         while(SPIM_txBufferRead != SPIM_txBufferWrite)
  70:Generated_Source\PSoC4/SPIM_INT.c ****         {
  71:Generated_Source\PSoC4/SPIM_INT.c ****             tmpStatus = SPIM_GET_STATUS_TX(SPIM_swStatusTx);
  72:Generated_Source\PSoC4/SPIM_INT.c ****             SPIM_swStatusTx = tmpStatus;
  73:Generated_Source\PSoC4/SPIM_INT.c **** 
  74:Generated_Source\PSoC4/SPIM_INT.c ****             if(0u != (SPIM_swStatusTx & SPIM_STS_TX_FIFO_NOT_FULL))
  75:Generated_Source\PSoC4/SPIM_INT.c ****             {
  76:Generated_Source\PSoC4/SPIM_INT.c ****                 if(0u == SPIM_txBufferFull)
  77:Generated_Source\PSoC4/SPIM_INT.c ****                 {
  78:Generated_Source\PSoC4/SPIM_INT.c ****                    SPIM_txBufferRead++;
  79:Generated_Source\PSoC4/SPIM_INT.c **** 
  80:Generated_Source\PSoC4/SPIM_INT.c ****                     if(SPIM_txBufferRead >= SPIM_TX_BUFFER_SIZE)
  81:Generated_Source\PSoC4/SPIM_INT.c ****                     {
  82:Generated_Source\PSoC4/SPIM_INT.c ****                         SPIM_txBufferRead = 0u;
  83:Generated_Source\PSoC4/SPIM_INT.c ****                     }
  84:Generated_Source\PSoC4/SPIM_INT.c ****                 }
  85:Generated_Source\PSoC4/SPIM_INT.c ****                 else
  86:Generated_Source\PSoC4/SPIM_INT.c ****                 {
  87:Generated_Source\PSoC4/SPIM_INT.c ****                     SPIM_txBufferFull = 0u;
ARM GAS  C:\Users\Petro\AppData\Local\Temp\ccQHQuCh.s 			page 3


  88:Generated_Source\PSoC4/SPIM_INT.c ****                 }
  89:Generated_Source\PSoC4/SPIM_INT.c **** 
  90:Generated_Source\PSoC4/SPIM_INT.c ****                 /* Put data element into the TX FIFO */
  91:Generated_Source\PSoC4/SPIM_INT.c ****                 CY_SET_REG8(SPIM_TXDATA_PTR, 
  92:Generated_Source\PSoC4/SPIM_INT.c ****                                              SPIM_txBuffer[SPIM_txBufferRead]);
  93:Generated_Source\PSoC4/SPIM_INT.c ****             }
  94:Generated_Source\PSoC4/SPIM_INT.c ****             else
  95:Generated_Source\PSoC4/SPIM_INT.c ****             {
  96:Generated_Source\PSoC4/SPIM_INT.c ****                 break;
  97:Generated_Source\PSoC4/SPIM_INT.c ****             }
  98:Generated_Source\PSoC4/SPIM_INT.c ****         }
  99:Generated_Source\PSoC4/SPIM_INT.c **** 
 100:Generated_Source\PSoC4/SPIM_INT.c ****         if(SPIM_txBufferRead == SPIM_txBufferWrite)
 101:Generated_Source\PSoC4/SPIM_INT.c ****         {
 102:Generated_Source\PSoC4/SPIM_INT.c ****             /* TX Buffer is EMPTY: disable interrupt on TX NOT FULL */
 103:Generated_Source\PSoC4/SPIM_INT.c ****             SPIM_TX_STATUS_MASK_REG &= ((uint8) ~SPIM_STS_TX_FIFO_NOT_FULL);
 104:Generated_Source\PSoC4/SPIM_INT.c ****         }
 105:Generated_Source\PSoC4/SPIM_INT.c **** 
 106:Generated_Source\PSoC4/SPIM_INT.c ****     #endif /* (SPIM_TX_SOFTWARE_BUF_ENABLED) */
 107:Generated_Source\PSoC4/SPIM_INT.c **** 
 108:Generated_Source\PSoC4/SPIM_INT.c ****     /* User code required at end of ISR (Optional) */
 109:Generated_Source\PSoC4/SPIM_INT.c ****     /* `#START SPIM_TX_ISR_END` */
 110:Generated_Source\PSoC4/SPIM_INT.c **** 
 111:Generated_Source\PSoC4/SPIM_INT.c ****     /* `#END` */
 112:Generated_Source\PSoC4/SPIM_INT.c ****     
 113:Generated_Source\PSoC4/SPIM_INT.c ****     #ifdef SPIM_TX_ISR_EXIT_CALLBACK
 114:Generated_Source\PSoC4/SPIM_INT.c ****         SPIM_TX_ISR_ExitCallback();
 115:Generated_Source\PSoC4/SPIM_INT.c ****     #endif /* SPIM_TX_ISR_EXIT_CALLBACK */
 116:Generated_Source\PSoC4/SPIM_INT.c **** }
  28              		.loc 1 116 0
  29              		@ sp needed
  30 0000 7047     		bx	lr
  31              		.cfi_endproc
  32              	.LFE2:
  33              		.size	SPIM_TX_ISR, .-SPIM_TX_ISR
  34              		.section	.text.SPIM_RX_ISR,"ax",%progbits
  35              		.align	1
  36              		.global	SPIM_RX_ISR
  37              		.code	16
  38              		.thumb_func
  39              		.type	SPIM_RX_ISR, %function
  40              	SPIM_RX_ISR:
  41              	.LFB3:
 117:Generated_Source\PSoC4/SPIM_INT.c **** 
 118:Generated_Source\PSoC4/SPIM_INT.c **** 
 119:Generated_Source\PSoC4/SPIM_INT.c **** /*******************************************************************************
 120:Generated_Source\PSoC4/SPIM_INT.c **** * Function Name: SPIM_RX_ISR
 121:Generated_Source\PSoC4/SPIM_INT.c **** ********************************************************************************
 122:Generated_Source\PSoC4/SPIM_INT.c **** *
 123:Generated_Source\PSoC4/SPIM_INT.c **** * Summary:
 124:Generated_Source\PSoC4/SPIM_INT.c **** *  Interrupt Service Routine for RX portion of the SPI Master.
 125:Generated_Source\PSoC4/SPIM_INT.c **** *
 126:Generated_Source\PSoC4/SPIM_INT.c **** * Parameters:
 127:Generated_Source\PSoC4/SPIM_INT.c **** *  None.
 128:Generated_Source\PSoC4/SPIM_INT.c **** *
 129:Generated_Source\PSoC4/SPIM_INT.c **** * Return:
 130:Generated_Source\PSoC4/SPIM_INT.c **** *  None.
ARM GAS  C:\Users\Petro\AppData\Local\Temp\ccQHQuCh.s 			page 4


 131:Generated_Source\PSoC4/SPIM_INT.c **** *
 132:Generated_Source\PSoC4/SPIM_INT.c **** * Global variables:
 133:Generated_Source\PSoC4/SPIM_INT.c **** *  SPIM_rxBufferWrite - used for the account of the bytes which
 134:Generated_Source\PSoC4/SPIM_INT.c **** *  have been written down in the RX software buffer modified when FIFO contains
 135:Generated_Source\PSoC4/SPIM_INT.c **** *  new data.
 136:Generated_Source\PSoC4/SPIM_INT.c **** *  SPIM_rxBufferRead - used for the account of the bytes which
 137:Generated_Source\PSoC4/SPIM_INT.c **** *  have been read from the RX software buffer, modified when overflow occurred.
 138:Generated_Source\PSoC4/SPIM_INT.c **** *  SPIM_rxBuffer[SPIM_RX_BUFFER_SIZE] - used to store
 139:Generated_Source\PSoC4/SPIM_INT.c **** *  received data, modified when FIFO contains new data.
 140:Generated_Source\PSoC4/SPIM_INT.c **** *  All described above Global variables are used when Software Buffer is used.
 141:Generated_Source\PSoC4/SPIM_INT.c **** *
 142:Generated_Source\PSoC4/SPIM_INT.c **** *******************************************************************************/
 143:Generated_Source\PSoC4/SPIM_INT.c **** CY_ISR(SPIM_RX_ISR)
 144:Generated_Source\PSoC4/SPIM_INT.c **** {
  42              		.loc 1 144 0
  43              		.cfi_startproc
 145:Generated_Source\PSoC4/SPIM_INT.c ****     #if(SPIM_RX_SOFTWARE_BUF_ENABLED)
 146:Generated_Source\PSoC4/SPIM_INT.c ****         uint8 tmpStatus;
 147:Generated_Source\PSoC4/SPIM_INT.c ****         uint8 rxData;
 148:Generated_Source\PSoC4/SPIM_INT.c ****     #endif /* (SPIM_RX_SOFTWARE_BUF_ENABLED) */
 149:Generated_Source\PSoC4/SPIM_INT.c **** 
 150:Generated_Source\PSoC4/SPIM_INT.c ****     #ifdef SPIM_RX_ISR_ENTRY_CALLBACK
 151:Generated_Source\PSoC4/SPIM_INT.c ****         SPIM_RX_ISR_EntryCallback();
 152:Generated_Source\PSoC4/SPIM_INT.c ****     #endif /* SPIM_RX_ISR_ENTRY_CALLBACK */
 153:Generated_Source\PSoC4/SPIM_INT.c **** 
 154:Generated_Source\PSoC4/SPIM_INT.c ****     /* User code required at start of ISR */
 155:Generated_Source\PSoC4/SPIM_INT.c ****     /* `#START SPIM_RX_ISR_START` */
 156:Generated_Source\PSoC4/SPIM_INT.c **** 
 157:Generated_Source\PSoC4/SPIM_INT.c ****     /* `#END` */
 158:Generated_Source\PSoC4/SPIM_INT.c ****     
 159:Generated_Source\PSoC4/SPIM_INT.c ****     #if(SPIM_RX_SOFTWARE_BUF_ENABLED)
 160:Generated_Source\PSoC4/SPIM_INT.c **** 
 161:Generated_Source\PSoC4/SPIM_INT.c ****         tmpStatus = SPIM_GET_STATUS_RX(SPIM_swStatusRx);
 162:Generated_Source\PSoC4/SPIM_INT.c ****         SPIM_swStatusRx = tmpStatus;
 163:Generated_Source\PSoC4/SPIM_INT.c **** 
 164:Generated_Source\PSoC4/SPIM_INT.c ****         /* Check if RX data FIFO has some data to be moved into the RX Buffer */
 165:Generated_Source\PSoC4/SPIM_INT.c ****         while(0u != (SPIM_swStatusRx & SPIM_STS_RX_FIFO_NOT_EMPTY))
 166:Generated_Source\PSoC4/SPIM_INT.c ****         {
 167:Generated_Source\PSoC4/SPIM_INT.c ****             rxData = CY_GET_REG8(SPIM_RXDATA_PTR);
 168:Generated_Source\PSoC4/SPIM_INT.c **** 
 169:Generated_Source\PSoC4/SPIM_INT.c ****             /* Set next pointer. */
 170:Generated_Source\PSoC4/SPIM_INT.c ****             SPIM_rxBufferWrite++;
 171:Generated_Source\PSoC4/SPIM_INT.c ****             if(SPIM_rxBufferWrite >= SPIM_RX_BUFFER_SIZE)
 172:Generated_Source\PSoC4/SPIM_INT.c ****             {
 173:Generated_Source\PSoC4/SPIM_INT.c ****                 SPIM_rxBufferWrite = 0u;
 174:Generated_Source\PSoC4/SPIM_INT.c ****             }
 175:Generated_Source\PSoC4/SPIM_INT.c **** 
 176:Generated_Source\PSoC4/SPIM_INT.c ****             if(SPIM_rxBufferWrite == SPIM_rxBufferRead)
 177:Generated_Source\PSoC4/SPIM_INT.c ****             {
 178:Generated_Source\PSoC4/SPIM_INT.c ****                 SPIM_rxBufferRead++;
 179:Generated_Source\PSoC4/SPIM_INT.c ****                 if(SPIM_rxBufferRead >= SPIM_RX_BUFFER_SIZE)
 180:Generated_Source\PSoC4/SPIM_INT.c ****                 {
 181:Generated_Source\PSoC4/SPIM_INT.c ****                     SPIM_rxBufferRead = 0u;
 182:Generated_Source\PSoC4/SPIM_INT.c ****                 }
 183:Generated_Source\PSoC4/SPIM_INT.c **** 
 184:Generated_Source\PSoC4/SPIM_INT.c ****                 SPIM_rxBufferFull = 1u;
 185:Generated_Source\PSoC4/SPIM_INT.c ****             }
ARM GAS  C:\Users\Petro\AppData\Local\Temp\ccQHQuCh.s 			page 5


 186:Generated_Source\PSoC4/SPIM_INT.c **** 
 187:Generated_Source\PSoC4/SPIM_INT.c ****             /* Move data from the FIFO to the Buffer */
 188:Generated_Source\PSoC4/SPIM_INT.c ****             SPIM_rxBuffer[SPIM_rxBufferWrite] = rxData;
 189:Generated_Source\PSoC4/SPIM_INT.c **** 
 190:Generated_Source\PSoC4/SPIM_INT.c ****             tmpStatus = SPIM_GET_STATUS_RX(SPIM_swStatusRx);
 191:Generated_Source\PSoC4/SPIM_INT.c ****             SPIM_swStatusRx = tmpStatus;
 192:Generated_Source\PSoC4/SPIM_INT.c ****         }
 193:Generated_Source\PSoC4/SPIM_INT.c **** 
 194:Generated_Source\PSoC4/SPIM_INT.c ****     #endif /* (SPIM_RX_SOFTWARE_BUF_ENABLED) */
 195:Generated_Source\PSoC4/SPIM_INT.c **** 
 196:Generated_Source\PSoC4/SPIM_INT.c ****     /* User code required at end of ISR (Optional) */
 197:Generated_Source\PSoC4/SPIM_INT.c ****     /* `#START SPIM_RX_ISR_END` */
 198:Generated_Source\PSoC4/SPIM_INT.c **** 
 199:Generated_Source\PSoC4/SPIM_INT.c ****     /* `#END` */
 200:Generated_Source\PSoC4/SPIM_INT.c ****     
 201:Generated_Source\PSoC4/SPIM_INT.c ****     #ifdef SPIM_RX_ISR_EXIT_CALLBACK
 202:Generated_Source\PSoC4/SPIM_INT.c ****         SPIM_RX_ISR_ExitCallback();
 203:Generated_Source\PSoC4/SPIM_INT.c ****     #endif /* SPIM_RX_ISR_EXIT_CALLBACK */
 204:Generated_Source\PSoC4/SPIM_INT.c **** }
  44              		.loc 1 204 0
  45              		@ sp needed
  46 0000 7047     		bx	lr
  47              		.cfi_endproc
  48              	.LFE3:
  49              		.size	SPIM_RX_ISR, .-SPIM_RX_ISR
  50              		.text
  51              	.Letext0:
  52              		.section	.debug_info,"",%progbits
  53              	.Ldebug_info0:
  54 0000 A6000000 		.4byte	0xa6
  55 0004 0400     		.2byte	0x4
  56 0006 00000000 		.4byte	.Ldebug_abbrev0
  57 000a 04       		.byte	0x4
  58 000b 01       		.uleb128 0x1
  59 000c 33000000 		.4byte	.LASF15
  60 0010 01       		.byte	0x1
  61 0011 EA000000 		.4byte	.LASF16
  62 0015 1F010000 		.4byte	.LASF17
  63 0019 00000000 		.4byte	.Ldebug_ranges0+0
  64 001d 00000000 		.4byte	0
  65 0021 00000000 		.4byte	.Ldebug_line0
  66 0025 02       		.uleb128 0x2
  67 0026 01       		.byte	0x1
  68 0027 06       		.byte	0x6
  69 0028 97010000 		.4byte	.LASF0
  70 002c 02       		.uleb128 0x2
  71 002d 01       		.byte	0x1
  72 002e 08       		.byte	0x8
  73 002f 0C010000 		.4byte	.LASF1
  74 0033 02       		.uleb128 0x2
  75 0034 02       		.byte	0x2
  76 0035 05       		.byte	0x5
  77 0036 A9010000 		.4byte	.LASF2
  78 003a 02       		.uleb128 0x2
  79 003b 02       		.byte	0x2
  80 003c 07       		.byte	0x7
  81 003d 84010000 		.4byte	.LASF3
ARM GAS  C:\Users\Petro\AppData\Local\Temp\ccQHQuCh.s 			page 6


  82 0041 02       		.uleb128 0x2
  83 0042 04       		.byte	0x4
  84 0043 05       		.byte	0x5
  85 0044 74010000 		.4byte	.LASF4
  86 0048 02       		.uleb128 0x2
  87 0049 04       		.byte	0x4
  88 004a 07       		.byte	0x7
  89 004b C1000000 		.4byte	.LASF5
  90 004f 02       		.uleb128 0x2
  91 0050 08       		.byte	0x8
  92 0051 05       		.byte	0x5
  93 0052 00000000 		.4byte	.LASF6
  94 0056 02       		.uleb128 0x2
  95 0057 08       		.byte	0x8
  96 0058 07       		.byte	0x7
  97 0059 D3000000 		.4byte	.LASF7
  98 005d 03       		.uleb128 0x3
  99 005e 04       		.byte	0x4
 100 005f 05       		.byte	0x5
 101 0060 696E7400 		.ascii	"int\000"
 102 0064 02       		.uleb128 0x2
 103 0065 04       		.byte	0x4
 104 0066 07       		.byte	0x7
 105 0067 0E000000 		.4byte	.LASF8
 106 006b 02       		.uleb128 0x2
 107 006c 04       		.byte	0x4
 108 006d 04       		.byte	0x4
 109 006e A3010000 		.4byte	.LASF9
 110 0072 02       		.uleb128 0x2
 111 0073 08       		.byte	0x8
 112 0074 04       		.byte	0x4
 113 0075 7D010000 		.4byte	.LASF10
 114 0079 02       		.uleb128 0x2
 115 007a 01       		.byte	0x1
 116 007b 08       		.byte	0x8
 117 007c 1A010000 		.4byte	.LASF11
 118 0080 02       		.uleb128 0x2
 119 0081 04       		.byte	0x4
 120 0082 07       		.byte	0x7
 121 0083 B3010000 		.4byte	.LASF12
 122 0087 04       		.uleb128 0x4
 123 0088 1B000000 		.4byte	.LASF13
 124 008c 01       		.byte	0x1
 125 008d 34       		.byte	0x34
 126 008e 00000000 		.4byte	.LFB2
 127 0092 02000000 		.4byte	.LFE2-.LFB2
 128 0096 01       		.uleb128 0x1
 129 0097 9C       		.byte	0x9c
 130 0098 04       		.uleb128 0x4
 131 0099 27000000 		.4byte	.LASF14
 132 009d 01       		.byte	0x1
 133 009e 8F       		.byte	0x8f
 134 009f 00000000 		.4byte	.LFB3
 135 00a3 02000000 		.4byte	.LFE3-.LFB3
 136 00a7 01       		.uleb128 0x1
 137 00a8 9C       		.byte	0x9c
 138 00a9 00       		.byte	0
ARM GAS  C:\Users\Petro\AppData\Local\Temp\ccQHQuCh.s 			page 7


 139              		.section	.debug_abbrev,"",%progbits
 140              	.Ldebug_abbrev0:
 141 0000 01       		.uleb128 0x1
 142 0001 11       		.uleb128 0x11
 143 0002 01       		.byte	0x1
 144 0003 25       		.uleb128 0x25
 145 0004 0E       		.uleb128 0xe
 146 0005 13       		.uleb128 0x13
 147 0006 0B       		.uleb128 0xb
 148 0007 03       		.uleb128 0x3
 149 0008 0E       		.uleb128 0xe
 150 0009 1B       		.uleb128 0x1b
 151 000a 0E       		.uleb128 0xe
 152 000b 55       		.uleb128 0x55
 153 000c 17       		.uleb128 0x17
 154 000d 11       		.uleb128 0x11
 155 000e 01       		.uleb128 0x1
 156 000f 10       		.uleb128 0x10
 157 0010 17       		.uleb128 0x17
 158 0011 00       		.byte	0
 159 0012 00       		.byte	0
 160 0013 02       		.uleb128 0x2
 161 0014 24       		.uleb128 0x24
 162 0015 00       		.byte	0
 163 0016 0B       		.uleb128 0xb
 164 0017 0B       		.uleb128 0xb
 165 0018 3E       		.uleb128 0x3e
 166 0019 0B       		.uleb128 0xb
 167 001a 03       		.uleb128 0x3
 168 001b 0E       		.uleb128 0xe
 169 001c 00       		.byte	0
 170 001d 00       		.byte	0
 171 001e 03       		.uleb128 0x3
 172 001f 24       		.uleb128 0x24
 173 0020 00       		.byte	0
 174 0021 0B       		.uleb128 0xb
 175 0022 0B       		.uleb128 0xb
 176 0023 3E       		.uleb128 0x3e
 177 0024 0B       		.uleb128 0xb
 178 0025 03       		.uleb128 0x3
 179 0026 08       		.uleb128 0x8
 180 0027 00       		.byte	0
 181 0028 00       		.byte	0
 182 0029 04       		.uleb128 0x4
 183 002a 2E       		.uleb128 0x2e
 184 002b 00       		.byte	0
 185 002c 3F       		.uleb128 0x3f
 186 002d 19       		.uleb128 0x19
 187 002e 03       		.uleb128 0x3
 188 002f 0E       		.uleb128 0xe
 189 0030 3A       		.uleb128 0x3a
 190 0031 0B       		.uleb128 0xb
 191 0032 3B       		.uleb128 0x3b
 192 0033 0B       		.uleb128 0xb
 193 0034 27       		.uleb128 0x27
 194 0035 19       		.uleb128 0x19
 195 0036 11       		.uleb128 0x11
ARM GAS  C:\Users\Petro\AppData\Local\Temp\ccQHQuCh.s 			page 8


 196 0037 01       		.uleb128 0x1
 197 0038 12       		.uleb128 0x12
 198 0039 06       		.uleb128 0x6
 199 003a 40       		.uleb128 0x40
 200 003b 18       		.uleb128 0x18
 201 003c 9742     		.uleb128 0x2117
 202 003e 19       		.uleb128 0x19
 203 003f 00       		.byte	0
 204 0040 00       		.byte	0
 205 0041 00       		.byte	0
 206              		.section	.debug_aranges,"",%progbits
 207 0000 24000000 		.4byte	0x24
 208 0004 0200     		.2byte	0x2
 209 0006 00000000 		.4byte	.Ldebug_info0
 210 000a 04       		.byte	0x4
 211 000b 00       		.byte	0
 212 000c 0000     		.2byte	0
 213 000e 0000     		.2byte	0
 214 0010 00000000 		.4byte	.LFB2
 215 0014 02000000 		.4byte	.LFE2-.LFB2
 216 0018 00000000 		.4byte	.LFB3
 217 001c 02000000 		.4byte	.LFE3-.LFB3
 218 0020 00000000 		.4byte	0
 219 0024 00000000 		.4byte	0
 220              		.section	.debug_ranges,"",%progbits
 221              	.Ldebug_ranges0:
 222 0000 00000000 		.4byte	.LFB2
 223 0004 02000000 		.4byte	.LFE2
 224 0008 00000000 		.4byte	.LFB3
 225 000c 02000000 		.4byte	.LFE3
 226 0010 00000000 		.4byte	0
 227 0014 00000000 		.4byte	0
 228              		.section	.debug_line,"",%progbits
 229              	.Ldebug_line0:
 230 0000 63000000 		.section	.debug_str,"MS",%progbits,1
 230      02003800 
 230      00000201 
 230      FB0E0D00 
 230      01010101 
 231              	.LASF6:
 232 0000 6C6F6E67 		.ascii	"long long int\000"
 232      206C6F6E 
 232      6720696E 
 232      7400
 233              	.LASF8:
 234 000e 756E7369 		.ascii	"unsigned int\000"
 234      676E6564 
 234      20696E74 
 234      00
 235              	.LASF13:
 236 001b 5350494D 		.ascii	"SPIM_TX_ISR\000"
 236      5F54585F 
 236      49535200 
 237              	.LASF14:
 238 0027 5350494D 		.ascii	"SPIM_RX_ISR\000"
 238      5F52585F 
 238      49535200 
ARM GAS  C:\Users\Petro\AppData\Local\Temp\ccQHQuCh.s 			page 9


 239              	.LASF15:
 240 0033 474E5520 		.ascii	"GNU C 4.9.3 20150303 (release) [ARM/embedded-4_9-br"
 240      4320342E 
 240      392E3320 
 240      32303135 
 240      30333033 
 241 0066 616E6368 		.ascii	"anch revision 221220] -mcpu=cortex-m0 -mthumb -g -O"
 241      20726576 
 241      6973696F 
 241      6E203232 
 241      31323230 
 242 0099 73202D66 		.ascii	"s -ffunction-sections -ffat-lto-objects\000"
 242      66756E63 
 242      74696F6E 
 242      2D736563 
 242      74696F6E 
 243              	.LASF5:
 244 00c1 6C6F6E67 		.ascii	"long unsigned int\000"
 244      20756E73 
 244      69676E65 
 244      6420696E 
 244      7400
 245              	.LASF7:
 246 00d3 6C6F6E67 		.ascii	"long long unsigned int\000"
 246      206C6F6E 
 246      6720756E 
 246      7369676E 
 246      65642069 
 247              	.LASF16:
 248 00ea 47656E65 		.ascii	"Generated_Source\\PSoC4\\SPIM_INT.c\000"
 248      72617465 
 248      645F536F 
 248      75726365 
 248      5C50536F 
 249              	.LASF1:
 250 010c 756E7369 		.ascii	"unsigned char\000"
 250      676E6564 
 250      20636861 
 250      7200
 251              	.LASF11:
 252 011a 63686172 		.ascii	"char\000"
 252      00
 253              	.LASF17:
 254 011f 443A5C43 		.ascii	"D:\\Cypress\\system-start-finish\\vesion 2\\fw\\fin"
 254      79707265 
 254      73735C73 
 254      79737465 
 254      6D2D7374 
 255 014d 6973685C 		.ascii	"ish\\sandbox\\v8_new_dispay\\fin_v0.cydsn\000"
 255      73616E64 
 255      626F785C 
 255      76385F6E 
 255      65775F64 
 256              	.LASF4:
 257 0174 6C6F6E67 		.ascii	"long int\000"
 257      20696E74 
 257      00
ARM GAS  C:\Users\Petro\AppData\Local\Temp\ccQHQuCh.s 			page 10


 258              	.LASF10:
 259 017d 646F7562 		.ascii	"double\000"
 259      6C6500
 260              	.LASF3:
 261 0184 73686F72 		.ascii	"short unsigned int\000"
 261      7420756E 
 261      7369676E 
 261      65642069 
 261      6E7400
 262              	.LASF0:
 263 0197 7369676E 		.ascii	"signed char\000"
 263      65642063 
 263      68617200 
 264              	.LASF9:
 265 01a3 666C6F61 		.ascii	"float\000"
 265      7400
 266              	.LASF2:
 267 01a9 73686F72 		.ascii	"short int\000"
 267      7420696E 
 267      7400
 268              	.LASF12:
 269 01b3 73697A65 		.ascii	"sizetype\000"
 269      74797065 
 269      00
 270              		.ident	"GCC: (GNU Tools for ARM Embedded Processors) 4.9.3 20150303 (release) [ARM/embedded-4_9-br
